

        **********************************************************
        ** PROGRAM FullProf.2k (Version 7.30 - Mar2020-ILL JRC) **
        **********************************************************
                       M U L T I -- P A T T E R N                 
            Rietveld, Profile Matching & Integrated Intensity     
                 Refinement of X-ray and/or Neutron Data


    Date: 07/02/2023  Time: 11:53:29.318                              

 => PCR file code: NaTaO2F2
 => DAT file code: NaTaO2F2.dat         -> Relative contribution: 1.0000                                                            

 ==> CONDITIONS OF THIS RUN FOR PATTERN No.:  1

 => Global Refinement of X-ray powder diffraction data                                                                              
 => Global Refinement of X-ray powder diffraction data                                                                              
    Bragg-Brentano(X-rays) or Debye-Scherrer geometry(Neutrons)
 => Title:  #(C) 2021 by FIZ Karlsruhe - Leibniz Institute for Information Infrastructure.  All rights reserved.

 => Number of phases:    1
 => Number of excluded regions:    0
 => Number of scattering factors supplied:    0
 => Conventional weights: w=1.0/Variance(yobs)
 => Asymmetry correction as in J.Appl.Cryst. 26,128(1993)
 => Background linearly interpolated between the   23 points given
 => The    5th default profile function was selected
 => Pseudo-Voigt function (ETA variable)
                 X-parameter correspond to: ETA=ETA0+X*2theta
                       pV(x)= ETA*L(x)+(1-ETA)*G(x)

 ==> INPUT/OUTPUT OPTIONS:

 => Generate file *.PRF for plot
 => Output Integrated Intensities
 => Generate new input file *.PCR

 => X-Y type of data: 2theta/TOF/E(Kev) Intens sigma for pattern:  1
 => Plot pattern at each cycle
 => Wavelengths:  1.54056 1.54439
 => Alpha2/Alpha1 ratio:   0.5000
 => Cos(Monochromator angle)=   0.9100
 => Asymmetry correction for angles lower than   90.000 degrees
 => Absorption correction (AC), muR-eff =   0.0000  0.0000
 => Base of peaks: 2.0*HW*    8.00

 => Number of cycles:   33
 => Relaxation factors ==>    for coordinates:  1.00
 => for anisotropic temperature factors:  1.00
 => for halfwidth/strain/size parameters:  1.00
 => for lattice constants and propagation vectors:  1.00
 => EPS-value for convergence:    0.1
 => Background ==> 
    Position   Intensity
       10.31     6278.29        0.00
       12.52     5612.21        0.00
       13.74     5240.39        0.00
       15.61     4892.42        0.00
       18.41     4297.93        0.00
       21.50     3858.85        0.00
       25.74     3570.16        0.00
       30.54     3230.99        0.00
       35.61     2970.06        0.00
       38.51     2748.41        0.00
       42.49     2664.59        0.00
       45.19     2720.68        0.00
       54.08     2786.28        0.00
       62.72     2554.09        0.00
       66.29     2404.98        0.00
       75.18     2446.46        0.00
       77.89     2335.49        0.00
       81.60     2422.88        0.00
       86.05     2322.89        0.00
       88.83     2354.41        0.00

       93.43     2324.87        0.00
       95.89     2311.04        0.00
       98.19     2333.93        0.00

 
 => Number of Least-Squares parameters varied:    31

 =>--------------------------->
 =>------->  PATTERN number:  1
 =>--------------------------->
 => Global parameters and codes ==>
 => Zero-point:    -0.0187   11.0000
 => Displacement peak-shift parameter and code:     0.00    0.00
 => Transparency peak-shift parameter and code:     0.00    0.00

 => Reading Intensity data  =>>

 -> No recognizable heading in input data file X,Y,sigma
    First 6 lines are considered as COMMENTS (except for TSAMP keyword)
 -> COMMENT: 10.0116	6807.0000                                                                                                                   
 -> COMMENT: 10.0247	6674.0000                                                                                                                   
 -> COMMENT: 10.0379	6712.0000                                                                                                                   
 -> COMMENT: 10.0510	6554.0000                                                                                                                   
 -> COMMENT: 10.0641	6531.0000                                                                                                                   
 -> COMMENT: 10.0772	6576.0000                                                                                                                   
 ==> Angular range, step and number of points:
     2Thmin:      10.090400  2Thmax:      99.993401  Step:       0.013132  No. of points:   6848
 --------------------------------------------------------------------------------
 => Phase  No. 1
       #(C) 2021 by FIZ Karlsruhe - Leibniz Institute for Information Infras
 --------------------------------------------------------------------------------
 =>-------> Pattern#  1
 => Crystal Structure Refinement
 => Preferred orientation vector:   0.0000  0.0000  1.0000

 =>-------> Data for PHASE: 1
 => Number of atoms:    6
 => Number of distance  constraints:    0
 => Number of angle     constraints:    0

 => Symmetry information on space group: P 1 21/c 1          
 -> The multiplicity of the general position is:   4
 -> The space group is Centric (-1 at origin)   
 -> Lattice type  P: { 000 }                                       
 -> Reduced set of symmetry operators:

  No.  IT   Symmetry symbol    Rotation part     Associated Translation
   1: ( 1)   1            -->     ( x, y, z) + {  0.0000  0.0000  0.0000}
   2: ( 3)   2 ( 0, y, 0) -->     (-x, y,-z) + {  0.0000  0.5000  0.5000}


        Information on Space Group: 
        --------------------------- 

 =>   Number of Space group:  14
 =>  Hermann-Mauguin Symbol: P 1 21/c 1
 =>             Hall Symbol: -P 2ybc
 =>    Table Setting Choice: b1
 =>            Setting Type: IT (Generated from Hermann-Mauguin symbol)
 =>          Crystal System: Monoclinic
 =>              Laue Class: 2/m
 =>             Point Group: 2/m
 =>         Bravais Lattice: P
 =>          Lattice Symbol: mP
 =>  Reduced Number of S.O.:   2
 =>    General multiplicity:   4
 =>          Centrosymmetry: Centric (-1 at origin)
 =>  Generators (exc. -1&L):   1
 =>         Asymmetric unit:  0.000 <= x <=  1.000
                              0.000 <= y <=  0.250
                              0.000 <= z <=  1.000

 => List of S.O. without inversion and lattice centring translations
 => SYMM(  1): x,y,z                               => SYMM(  2): -x,y+1/2,-z+1/2


 => Initial parameters ==>
 Atom    Ntyp                  X         Y         Z         B         occ.         in  fin  Spc  Mult
                             B11       B22       B33       B12       B13       B23
 Na1    Na                 0.38088   0.78690   0.10483   1.11627   1.00000           0    0    0    4
                 Codes:  141.00000 151.00000 161.00000   0.00000   0.00000
 Ta1    Ta                 0.15943   0.25776   0.29666   0.47176   1.00000           0    0    0    4
                 Codes:  171.00000 181.00000 191.00000   0.00000   0.00000
 O1     O                  0.21589   0.15621   0.04912   0.58064   1.00000           0    0    0    4
                 Codes:  201.00000 211.00000 221.00000   0.00000   0.00000
 O2     O                  0.05915   0.54710   0.22296   0.58064   1.00000           0    0    0    4
                 Codes:  231.00000 241.00000 251.00000   0.00000   0.00000
 F1     F                  0.37930   0.47402   0.30757   1.12063   1.00000           0    0    0    4
                 Codes:  261.00000 271.00000 281.00000   0.00000   0.00000
 F2     F                  0.34416   0.99165   0.37966   1.12063   1.00000           0    0    0    4
                 Codes:  291.00000 301.00000 311.00000   0.00000   0.00000

 => IT IS ASSUMED THAT THE FIRST GIVEN SITE IS FULLY OCCUPIED 
    OR THE FIRST AND SECOND ATOMS ARE IN THE SAME SITE WITH TOTAL FULL OCCUPATION
  (If this is not the case, change the order of atoms to obtain correct values for the content of the unit cell)
    The given occupation factors have been obtained mutiplying m/M by   1.0000
      -> Atom: Na  ,  Chemical element: NA  Atomic Mass:    22.9898
      -> Atom: Ta  ,  Chemical element: TA  Atomic Mass:   180.9479
      -> Atom: O   ,  Chemical element: O   Atomic Mass:    15.9994
      -> Atom: O   ,  Chemical element: O   Atomic Mass:    15.9994
      -> Atom: F   ,  Chemical element: F   Atomic Mass:    18.9984
      -> Atom: F   ,  Chemical element: F   Atomic Mass:    18.9984
 => The given value of ATZ is       1095.73 the program has calculated:        1095.73
    The value of ATZ given in the input PCR file will be used for quantitative analysis
 => The chemical content of the unit cell is: 
       4.0000 Na   +   4.0000 Ta   +   4.0000 O    +   4.0000 O    +   4.0000 F    +   4.0000 F      
 => The normalized site occupation numbers in % are: 
     100.0000 Na1    :      100.0000 Ta1    :      100.0000 O1     :      100.0000 O2     :      100.0000 F1     :      100.0000 F2       
 => The density (volumic mass) of the compound is:    5.573 g/cm3

 =>-------> PROFILE PARAMETERS FOR PATTERN:  1

 => Overall scale factor:   0.203190E-02
 => ETA (p-Voigt) OR M (Pearson VII):   0.4124
 => Overall temperature factor:      0.00000
 => Halfwidth U,V,W:      0.05574    -0.03129     0.01090
 => X and Y parameters:       0.0015      0.0000
 => Direct cell parameters:    8.1292   5.4698   7.5170  90.0000 102.3645  90.0000
 => Preferred orientation parameters:   0.0000  0.0000
 => Asymmetry parameters     :      0.02986     0.00499     0.00000     0.00000
 => Strain parameters        :      0.00000     0.00000     0.00000
 => Size   parameters        :      0.00000     0.00000

 ==> CODEWORDS FOR PROFILE PARAMETERS of PATTERN#  1

 => Overall scale factor:   21.000
 => ETA (p-Voigt) OR M (Pearson VII):  101.000
 => Overall temperature factor:    0.000
 => Halfwidth U,V,W:   71.000  81.000  91.000
 => X and Y parameters:  111.000   0.000
 => Direct cell parameters:   31.000  41.000  51.000   0.000  61.000   0.000
 => Preferred orientation parameters:    0.000   0.000
 => Asymmetry parameters     :  121.000 131.000   0.000   0.000
 => Strain parameters        :    0.000   0.000   0.000
 => Size   parameters        :    0.000   0.000

 => Cell constraints according to Laue symmetry: 2/m  

        Metric information:
        -------------------

 => Direct cell parameters:

         a =       8.1292      b =       5.4698      c =       7.5170
     alpha =       90.000   beta =      102.365  gamma =       90.000
                        Direct Cell Volume =     326.4942

 => Reciprocal cell parameters:

         a*=     0.125935      b*=     0.182821      c*=     0.136190
     alpha*=       90.000   beta*=       77.635  gamma*=       90.000
                    Reciprocal Cell Volume =   0.00306284

 => Direct and Reciprocal Metric Tensors:

                   GD                                       GR
     66.0833      0.0000    -13.0849          0.015860    0.000000    0.003673
      0.0000     29.9191      0.0000          0.000000    0.033423    0.000000
    -13.0849      0.0000     56.5060          0.003673    0.000000    0.018548

 =>  Cartesian frame: z // c; y is in the bc-plane; x is y ^ z = a*  

     Crystal_to_Orthonormal_Matrix              Orthonormal_to_Crystal Matrix
              Cr_Orth_cel                               Orth_Cr_cel  
      8.1292      0.0000     -1.6096          0.123014   -0.000000    0.026967
      0.0000      5.4698      0.0000          0.000000    0.182821   -0.000000
      0.0000      0.0000      7.3427          0.000000    0.000000    0.136190

     Busing-Levy B-matrix: Hc=B.H            Inverse of the Busing-Levy B-matrix
                BL_M                                      BL_Minv  
    0.125935    0.000000    0.029162            7.9406     -0.0000     -1.7407
    0.000000    0.182821   -0.000000            0.0000      5.4698      0.0000
    0.000000    0.000000    0.133031            0.0000      0.0000      7.5170

 => Laue symmetry 2/m   will be used to generate HKL for pattern#   1
 => Reflections generated between S(1/d)min:  0.1139 A-1 and S(1/d)max:  1.0103 A-1
 =>                                    dmax:  8.7808 A   and      dmin:  0.9898 A
 => The number of reflections generated is:    357
 => The max. scatt. variable (gen.ref.) is:       102.1962
 => Scattering coefficients from internal table


 => X-ray scattering coeff. (A1, B1, A2,...C, f(0), Z, Dfp,Dfpp)

 NA      4.7626   3.2850   3.1736   8.8422   1.2674   0.3136   1.1128 129.4240   0.6760  10.9924  11.0000   0.1290   0.1240
 TA     29.2024   1.7733  15.2293   9.3705  14.5135   0.2960   4.7649  63.3644   9.2435  72.9537  73.0000  -6.3510   5.2710
 O       3.0485  13.2771   2.2868   5.7011   1.5463   0.3239   0.8670  32.9089   0.2508   7.9994   8.0000   0.0470   0.0320
 F       3.5392  10.2825   2.6412   4.2944   1.5170   0.2615   1.0243  26.1476   0.2776   8.9993   9.0000   0.0690   0.0530

     --------------------------------------------------------------
      SYMBOLIC NAMES AND INITIAL VALUES OF PARAMETERS TO BE VARIED:
     --------------------------------------------------------------

      ->  Parameter number    1   -> Symbolic Name:                                          Zero_pat1   -0.18689999E-01
      ->  Parameter number    2   -> Symbolic Name:                                     Scale_ph1_pat1    0.20319000E-02
      ->  Parameter number    3   -> Symbolic Name:                                    Cell_A_ph1_pat1     8.1291647    
      ->  Parameter number    4   -> Symbolic Name:                                    Cell_B_ph1_pat1     5.4698362    
      ->  Parameter number    5   -> Symbolic Name:                                    Cell_C_ph1_pat1     7.5170479    
      ->  Parameter number    6   -> Symbolic Name:                                    Cell_E_ph1_pat1     102.36452    
      ->  Parameter number    7   -> Symbolic Name:                                    U-Cagl_ph1_pat1    0.55739999E-01
      ->  Parameter number    8   -> Symbolic Name:                                    V-Cagl_ph1_pat1   -0.31293999E-01
      ->  Parameter number    9   -> Symbolic Name:                                    W-Cagl_ph1_pat1    0.10897000E-01
      ->  Parameter number   10   -> Symbolic Name:                                     EtaPV_ph1_pat1    0.41238001    
      ->  Parameter number   11   -> Symbolic Name:                                     X-tan_ph1_pat1    0.15020000E-02
      ->  Parameter number   12   -> Symbolic Name:                                     Asym1_ph1_pat1    0.29859999E-01
      ->  Parameter number   13   -> Symbolic Name:                                     Asym2_ph1_pat1    0.49899998E-02
      ->  Parameter number   14   -> Symbolic Name:                                          X_Na1_ph1    0.38088000    
      ->  Parameter number   15   -> Symbolic Name:                                          Y_Na1_ph1    0.78689998    
      ->  Parameter number   16   -> Symbolic Name:                                          Z_Na1_ph1    0.10483000    
      ->  Parameter number   17   -> Symbolic Name:                                          X_Ta1_ph1    0.15943000    
      ->  Parameter number   18   -> Symbolic Name:                                          Y_Ta1_ph1    0.25775999    
      ->  Parameter number   19   -> Symbolic Name:                                          Z_Ta1_ph1    0.29666001    
      ->  Parameter number   20   -> Symbolic Name:                                           X_O1_ph1    0.21589001    
      ->  Parameter number   21   -> Symbolic Name:                                           Y_O1_ph1    0.15621001    
      ->  Parameter number   22   -> Symbolic Name:                                           Z_O1_ph1    0.49120001E-01
      ->  Parameter number   23   -> Symbolic Name:                                           X_O2_ph1    0.59149999E-01
      ->  Parameter number   24   -> Symbolic Name:                                           Y_O2_ph1    0.54710001    
      ->  Parameter number   25   -> Symbolic Name:                                           Z_O2_ph1    0.22296000    
      ->  Parameter number   26   -> Symbolic Name:                                           X_F1_ph1    0.37930000    
      ->  Parameter number   27   -> Symbolic Name:                                           Y_F1_ph1    0.47402000    
      ->  Parameter number   28   -> Symbolic Name:                                           Z_F1_ph1    0.30757001    
      ->  Parameter number   29   -> Symbolic Name:                                           X_F2_ph1    0.34415999    
      ->  Parameter number   30   -> Symbolic Name:                                           Y_F2_ph1    0.99164999    
      ->  Parameter number   31   -> Symbolic Name:                                           Z_F2_ph1    0.37966001    
  
 
 => No optimization for routine tasks
 ++++++++++++++++++++++++++++++++++++++++++++++++++++++++++++++++++++++++++++++++++++++++++++++++++++++++++++++++++++++++

 => CYCLE No.:    1
 ---------------------------------------------------------------------------------------
 => Phase  1 Name:  #(C) 2021 by FIZ Karlsruhe - Leibniz Institute for Information Infras
 ---------------------------------------------------------------------------------------
 => New parameters, shifts, and standard deviations

 Atom        x       dx      sx       y       dy      sy       z       dz      sz       B       dB      sB      occ.    docc.   socc.

 Na1      0.38088-0.00000 0.00058  0.78690 0.00000 0.00139  0.10483-0.00000 0.00071  1.11627 0.00000 0.00000  1.00000 0.00000 0.00000
 Ta1      0.15943 0.00000 0.00009  0.25776-0.00000 0.00037  0.29666-0.00000 0.00012  0.47176 0.00000 0.00000  1.00000 0.00000 0.00000
 O1       0.21589-0.00000 0.00101  0.15622 0.00001 0.00128  0.04910-0.00002 0.00139  0.58064 0.00000 0.00000  1.00000 0.00000 0.00000
 O2       0.05914-0.00001 0.00117  0.54704-0.00006 0.00174  0.22296 0.00000 0.00152  0.58064 0.00000 0.00000  1.00000 0.00000 0.00000
 F1       0.37931 0.00001 0.00116  0.47396-0.00006 0.00164  0.30758 0.00001 0.00140  1.12063 0.00000 0.00000  1.00000 0.00000 0.00000
 F2       0.34415-0.00001 0.00105  0.99161-0.00004 0.00154  0.37966-0.00001 0.00127  1.12063 0.00000 0.00000  1.00000 0.00000 0.00000

 ==> PROFILE PARAMETERS FOR PATTERN#  1

 => Overall scale factor:      0.002031814    -0.000000086     0.000003388
 => Eta(p-Voigt) or m(Pearson VII):   0.412355 -0.000025  0.011130
 => Overall tem. factor:     0.000000    0.000000    0.000000
 => Halfwidth parameters: 
         0.055738   -0.000002    0.001438
        -0.031291    0.000003    0.001020
         0.010897   -0.000000    0.000178
 => Cell parameters: 
        8.129165    0.000000    0.000084
        5.469835   -0.000001    0.000059
        7.517047   -0.000000    0.000076
       90.000000    0.000000    0.000000
      102.364532    0.000015    0.000613
       90.000000    0.000000    0.000000
 => Preferred orientation: 
         0.000000    0.000000    0.000000
         0.000000    0.000000    0.000000
 => Asymmetry parameters: 
         0.029830   -0.000030    0.002772
         0.004988   -0.000002    0.000679
         0.000000    0.000000    0.000000
         0.000000    0.000000    0.000000
 => X and Y parameters: 
         0.001497   -0.000005    0.000326
         0.000000    0.000000    0.000000
 => Strain parameters: 
         0.000000    0.000000    0.000000
         0.000000    0.000000    0.000000
         0.000000    0.000000    0.000000
 => Size   parameters (G,L): 
         0.000000    0.000000    0.000000
         0.000000    0.000000    0.000000

 ==> GLOBAL PARAMETERS FOR PATTERN#  1


 => Zero-point:    -0.0187   -0.0000    0.0005

 => Cos( theta)-shift parameter :   0.0000  0.0000  0.0000
 => Sin(2theta)-shift parameter :   0.0000  0.0000  0.0000

 ==> RELIABILITY FACTORS WITH ALL NON-EXCLUDED POINTS FOR PATTERN:  1

 => R-Factors:   3.59      5.03     Chi2:  11.3     DW-Stat.:  0.3390   Patt#:  1
 => Expected :            1.49                                1.9341
 => Deviance : 0.799E+05     Dev*:   11.72    
 => GoF-index:  3.4         Sqrt(Residual/N)
 => N-P+C:  6817

 =>    SumYdif       SumYobs      SumYcal      SumwYobsSQ     Residual    Condition
     0.1097E+07    0.3058E+08    0.3051E+08    0.3058E+08    0.7731E+05    0.7672E+10


 => Conventional Rietveld Rp,Rwp,Re and Chi2:   10.7      10.7      3.17      11.34    
 => (Values obtained using Ynet, but true sigma(y))
 =>  SumYnet, Sum(w Ynet**2):     0.1028E+08    0.6784E+07


 ==> RELIABILITY FACTORS FOR POINTS WITH BRAGG CONTRIBUTIONS FOR PATTERN:  1

 => R-Factors:   3.86      5.31     Chi2:  12.7     DW-Stat.:  0.3496   Patt#:
 => Expected :            1.49                                1.9299
 => Deviance : 0.775E+05     Dev*:   13.13    
 => GoF-index:  3.6         Sqrt(Residual/N)
 => N-P+C:  5903

 =>    SumYdif       SumYobs      SumYcal      SumwYobsSQ     Residual    Condition
     0.1025E+07    0.2656E+08    0.2651E+08    0.2656E+08    0.7496E+05    0.7672E+10


 => Conventional Rietveld Rp,Rwp,Re and Chi2:  10.00      10.5      2.95      12.70    
 => (Values obtained using Ynet, but true sigma(y))
 =>  SumYnet, Sum(w Ynet**2):     0.1025E+08    0.6781E+07


 => Global user-weigthed Chi2 (Bragg contrib.):   12.7    

 => ---------> Pattern#  1
 => Phase:  1
 =>    Bragg R-factor:  5.70    
 =>    RF-factor     :  4.62    


   Standard deviations have to be multiplied by: 3.3556
   (correlated residuals) See references:
  -J.F.Berar & P.Lelann, J. Appl. Cryst. 24, 1-5 (1991) 
  -J.F.Berar, Acc. in Pow. Diff. II,NIST Sp.Pub. 846, 63(1992) 

 ++++++++++++++++++++++++++++++++++++++++++++++++++++++++++++++++++++++++++++++++++++++++++++++++++++++++++++++++++++++++

 => CYCLE No.:    1
 =>  Convergence reached at this CYCLE !!!!
 =>  Parameter shifts set to zero
 ---------------------------------------------------------------------------------------
 => Phase  1 Name:  #(C) 2021 by FIZ Karlsruhe - Leibniz Institute for Information Infras
 ---------------------------------------------------------------------------------------
 => New parameters, shifts, and standard deviations

 Atom        x       dx      sx       y       dy      sy       z       dz      sz       B       dB      sB      occ.    docc.   socc.

 Na1      0.38088 0.00000 0.00058  0.78690 0.00000 0.00139  0.10483 0.00000 0.00071  1.11627 0.00000 0.00000  1.00000 0.00000 0.00000
 Ta1      0.15943 0.00000 0.00009  0.25776 0.00000 0.00037  0.29666 0.00000 0.00012  0.47176 0.00000 0.00000  1.00000 0.00000 0.00000
 O1       0.21589 0.00000 0.00101  0.15622 0.00000 0.00128  0.04910 0.00000 0.00139  0.58064 0.00000 0.00000  1.00000 0.00000 0.00000
 O2       0.05914 0.00000 0.00117  0.54704 0.00000 0.00174  0.22296 0.00000 0.00152  0.58064 0.00000 0.00000  1.00000 0.00000 0.00000
 F1       0.37931 0.00000 0.00116  0.47396 0.00000 0.00164  0.30758 0.00000 0.00140  1.12063 0.00000 0.00000  1.00000 0.00000 0.00000
 F2       0.34415 0.00000 0.00105  0.99161 0.00000 0.00154  0.37966 0.00000 0.00127  1.12063 0.00000 0.00000  1.00000 0.00000 0.00000

 ==> PROFILE PARAMETERS FOR PATTERN#  1

 => Overall scale factor:      0.002031814     0.000000000     0.000003388
 => Eta(p-Voigt) or m(Pearson VII):   0.412355  0.000000  0.011130
 => Overall tem. factor:     0.000000    0.000000    0.000000
 => Halfwidth parameters: 
         0.055738    0.000000    0.001438
        -0.031291    0.000000    0.001020
         0.010897    0.000000    0.000178
 => Cell parameters: 
        8.129165    0.000000    0.000084
        5.469835    0.000000    0.000059
        7.517047    0.000000    0.000076
       90.000000    0.000000    0.000000
      102.364532    0.000000    0.000613
       90.000000    0.000000    0.000000
 => Preferred orientation: 
         0.000000    0.000000    0.000000
         0.000000    0.000000    0.000000
 => Asymmetry parameters: 
         0.029830    0.000000    0.002772
         0.004988    0.000000    0.000679
         0.000000    0.000000    0.000000
         0.000000    0.000000    0.000000
 => X and Y parameters: 
         0.001497    0.000000    0.000326
         0.000000    0.000000    0.000000
 => Strain parameters: 
         0.000000    0.000000    0.000000
         0.000000    0.000000    0.000000
         0.000000    0.000000    0.000000
 => Size   parameters (G,L): 
         0.000000    0.000000    0.000000
         0.000000    0.000000    0.000000

 ==> GLOBAL PARAMETERS FOR PATTERN#  1


 => Zero-point:    -0.0187    0.0000    0.0005

 => Cos( theta)-shift parameter :   0.0000  0.0000  0.0000
 => Sin(2theta)-shift parameter :   0.0000  0.0000  0.0000

 ==> RELIABILITY FACTORS WITH ALL NON-EXCLUDED POINTS FOR PATTERN:  1

 => R-Factors:   3.59      5.03     Chi2:  11.3     DW-Stat.:  0.3390   Patt#:  1
 => Expected :            1.49                                1.9341
 => Deviance : 0.799E+05     Dev*:   11.72    
 => GoF-index:  3.4         Sqrt(Residual/N)
 => N-P+C:  6817

 =>    SumYdif       SumYobs      SumYcal      SumwYobsSQ     Residual    Condition
     0.1097E+07    0.3058E+08    0.3051E+08    0.3058E+08    0.7731E+05    0.7672E+10


 => Conventional Rietveld Rp,Rwp,Re and Chi2:   10.7      10.7      3.17      11.34    
 => (Values obtained using Ynet, but true sigma(y))
 =>  SumYnet, Sum(w Ynet**2):     0.1028E+08    0.6784E+07

 => N-sigma of the GoF:      603.689

 ==> RELIABILITY FACTORS FOR POINTS WITH BRAGG CONTRIBUTIONS FOR PATTERN:  1

 => R-Factors:   3.86      5.31     Chi2:  12.7     DW-Stat.:  0.3496   Patt#:
 => Expected :            1.49                                1.9299
 => Deviance : 0.775E+05     Dev*:   13.13    
 => GoF-index:  3.6         Sqrt(Residual/N)
 => N-P+C:  5903

 =>    SumYdif       SumYobs      SumYcal      SumwYobsSQ     Residual    Condition
     0.1025E+07    0.2656E+08    0.2651E+08    0.2656E+08    0.7496E+05    0.7672E+10


 => Conventional Rietveld Rp,Rwp,Re and Chi2:  10.00      10.5      2.95      12.70    
 => (Values obtained using Ynet, but true sigma(y))
 =>  SumYnet, Sum(w Ynet**2):     0.1025E+08    0.6781E+07

 => N-sigma of the GoF:      635.576

 => Global user-weigthed Chi2 (Bragg contrib.):   13.1    

 => ---------> Pattern#  1
 => Phase:  1
 =>    Bragg R-factor:  5.70    
 =>    RF-factor     :  4.62    

 --------------------------------------------------------------------------------------------------------------
 Pattern#  1 Phase No.:   1 Phase name:  #(C) 2021 by FIZ Karlsruhe - 
 --------------------------------------------------------------------------------------------------------------

   No.  Code     H   K   L  Mult      Hw      ETA/M    2theta/TOF     Icalc       Iobs      Sigma     StrFactor^2    d-hkl       CORR

      1   1      1   0   0     2  0.091523  0.429026      11.133     3977.2     3567.1      9.071       9942.1611  7.940610      1.000000
      2   1      1   1   0     4  0.084526  0.441842      19.692    10415.7    10245.7     11.330      41604.9648  4.504548      1.000000
      3   1      0   1   1     4  0.084193  0.442644      20.227       17.3       51.5      3.056         73.2456  4.386508      1.000000
      4   1     -1   1   1     4  0.083272  0.445059      21.840       30.6       51.5      4.434        151.5929  4.066061      1.000000
      5   1      2   0   0     2  0.082995  0.445858      22.374     1236.1     1314.6      5.922      12861.6045  3.970305      1.000000
      6   1      0   0   2     2  0.082149  0.448626      24.222     3726.1     3633.2      7.121      45744.5898  3.671345      1.000000
      7   1      1   1   1     4  0.082083  0.448869      24.385       27.9       28.0      0.055        173.7085  3.647210      1.000000
      8   1     -1   0   2     2  0.082071  0.448915      24.415     4037.3     3974.8      6.677      50394.3164  3.642750      1.000000
      9   1      2   1   0     4  0.081045  0.453895      27.741     7355.4     7421.3      9.968      60040.6875  3.213095      1.000000
     10   1     -2   1   1     4  0.080934  0.454731      28.300       92.3       66.2      2.108        786.1224  3.150966      1.000000
     11   1      1   0   2     2  0.080839  0.455587      28.871        3.8        4.9      0.345         68.3274  3.089886      1.000000
     12   1      0   1   2     4  0.080784  0.456189      29.273     2510.3     2678.9      6.409      22968.5625  3.048353      1.000000
     13   1     -2   0   2     2  0.080773  0.456321      29.361      126.5      136.0      0.336       2329.2993  3.039407      1.000000
     14   1     -1   1   2     4  0.080764  0.456432      29.435     1245.9     1346.3      3.838      11532.4316  3.031925      1.000000
     15   1      2   1   1     4  0.080677  0.460665      32.262       14.4        0.0      3.622        162.3027  2.772437      1.000000
     16   1      0   2   0     2  0.080708  0.461346      32.717     1540.5     1557.6      5.553      35757.2227  2.734918      1.000000
     17   1      1   1   2     4  0.080765  0.462182      33.275     2932.8     2958.3      6.187      35300.3711  2.690311      1.000000
     18   1     -2   1   2     4  0.080822  0.462829      33.707     2679.9     2716.2      5.734      33161.6016  2.656794      1.000000
     19   1      3   0   0     2  0.080842  0.463024      33.838     1014.3     1096.4      2.768      25311.6816  2.646870      1.000000
     20   1      1   2   0     4  0.080990  0.464257      34.661      983.5     1015.1      4.675      12926.8936  2.585841      1.000000
     21   1      0   2   1     4  0.081060  0.464736      34.981       31.4       37.4      2.093        420.8508  2.562911      1.000000
     22   1     -1   2   1     4  0.081318  0.466230      35.979        2.5        2.3      3.072         36.2512  2.494115      1.000000
     23   1      2   0   2     2  0.081543  0.467304      36.696      591.4      597.7      4.790      17599.1055  2.446973      1.000000
     24   1     -3   1   1     4  0.081772  0.468262      37.336      184.7      174.9      1.109       2854.1982  2.406516      1.000000
     25   1     -3   0   2     2  0.081780  0.468293      37.356      624.9      591.0      3.113      19335.9902  2.405234      1.000000
     26   1      1   2   1     4  0.081893  0.468726      37.646       76.2       61.8      2.175       1198.4210  2.387415      1.000000
     27   1      3   1   0     4  0.081924  0.468845      37.725        9.6        7.9      0.471        152.0820  2.382575      1.000000
     28   1     -1   1   3     4  0.082841  0.471778      39.684      227.7      235.3      4.196       4021.3149  2.269349      1.000000
     29   1      2   2   0     4  0.083011  0.472248      39.998      533.5      504.3      3.241       9586.8467  2.252274      1.000000
     30   1      0   1   3     4  0.083202  0.472756      40.337        0.0        0.0      0.000          0.6160  2.234100      1.000000
     31   1      2   1   2     4  0.083207  0.472769      40.346      583.5      672.2      3.458      10687.1455  2.233651      1.000000
     32   1     -2   2   1     4  0.083241  0.472856      40.404        5.1        5.8      0.035         93.6555  2.230556      1.000000
     33   1     -3   1   2     4  0.083570  0.473683      40.956      857.2      873.5      3.779      16226.6338  2.201768      1.000000
     34   1      0   2   2     4  0.083673  0.473932      41.122      875.2      873.9      2.934      16717.7871  2.193254      1.000000
     35   1     -1   2   2     4  0.083749  0.474112      41.243     1034.6      960.2      3.230      19890.4766  2.187111      1.000000
     36   1      3   1   1     4  0.084268  0.475291      42.030        7.4        4.1      1.852        148.0659  2.147967      1.000000
     37   1     -2   1   3     4  0.084478  0.475742      42.331       12.2        6.8      2.460        249.0265  2.133364      1.000000
     38   1      2   2   1     4  0.085265  0.477336      43.396       42.9       70.5      3.943        923.4709  2.083468      1.000000
     39   1      1   1   3     4  0.085884  0.478495      44.170       44.0       39.8      1.181        984.4144  2.048735      1.000000
     40   1      1   2   2     4  0.085899  0.478522      44.188       89.4       85.1      2.041       2003.5979  2.047932      1.000000
     41   1     -2   2   2     4  0.086185  0.479033      44.529      318.4      306.9      3.352       7255.5234  2.033031      1.000000
     42   1      4   0   0     2  0.087188  0.480731      45.663      694.3      785.5      4.944      33465.8125  1.985152      1.000000
     43   1      3   0   2     2  0.087834  0.481756      46.347      489.6      416.1      3.623      24396.0098  1.957409      1.000000
     44   1     -4   0   2     2  0.088591  0.482901      47.112      689.0      653.3      4.107      35606.6250  1.927418      1.000000
     45   1     -3   2   1     4  0.088947  0.483422      47.460       24.3       24.1      0.839        637.5393  1.914099      1.000000
     46   1     -4   1   1     4  0.089275  0.483891      47.773        0.2        0.2      0.001          5.6063  1.902281      1.000000
     47   1      3   2   0     4  0.089283  0.483902      47.781     1882.2     1943.9      5.406      50196.6523  1.901986      1.000000
     48   1     -3   1   3     4  0.089337  0.483978      47.831       34.5       35.7      0.113        922.9248  1.900087      1.000000
     49   1     -1   0   4     2  0.089954  0.484834      48.403     1323.7     1502.6      4.775      72670.0391  1.878976      1.000000
     50   1      4   1   0     4  0.090349  0.485369      48.760      951.5     1063.8      4.118      26553.8750  1.866058      1.000000
     51   1      3   1   2     4  0.091092  0.486345      49.412       89.6       75.1      1.987       2576.0127  1.842958      1.000000
     52   1     -1   2   3     4  0.091095  0.486348      49.414        7.7        6.5      0.169        221.5495  1.842877      1.000000
     53   1      0   0   4     2  0.091336  0.486658      49.621       49.1       51.8      1.225       2852.4497  1.835673      1.000000
     54   1      0   2   3     4  0.091743  0.487173      49.965        1.5        1.5      0.004         44.6613  1.823849      1.000000
     55   1      2   2   2     4  0.091752  0.487183      49.972     1766.6     1725.9      4.998      52091.5586  1.823605      1.000000
     56   1     -2   0   4     2  0.091830  0.487281      50.037      206.5      200.5      0.650      12213.3477  1.821375      1.000000
     57   1     -4   1   2     4  0.091955  0.487436      50.140       12.3       12.4      0.060        364.2670  1.817861      1.000000
     58   1     -3   2   2     4  0.092379  0.487958      50.489     1122.1     1046.5      4.295      33860.3125  1.806131      1.000000
     59   1      2   1   3     4  0.092521  0.488131      50.604        2.5        2.3      0.013         75.1703  1.802279      1.000000
     60   1     -1   1   4     4  0.093491  0.489284      51.375       20.9       19.2      0.126        655.5341  1.777050      1.000000

   No.  Code     H   K   L  Mult      Hw      ETA/M    2theta/TOF     Icalc       Iobs      Sigma     StrFactor^2    d-hkl       CORR

     61   1      1   3   0     4  0.093491  0.489285      51.375      664.8      610.5      3.987      20855.9766  1.777035      1.000000
     62   1      3   2   1     4  0.093530  0.489330      51.405        1.2        1.1      0.007         37.3328  1.776075      1.000000
     63   1      0   3   1     4  0.093793  0.489635      51.609       69.6       63.1      1.225       2204.8245  1.769541      1.000000
     64   1     -2   2   3     4  0.093864  0.489717      51.663        4.6        3.9      0.139        147.1270  1.767793      1.000000
     65   1     -1   3   1     4  0.094763  0.490735      52.344        3.6        3.3      0.206        116.6461  1.746413      1.000000
     66   1      0   1   4     4  0.095031  0.491032      52.542     1008.9      992.8      4.875      33281.8281  1.740285      1.000000
     67   1     -2   1   4     4  0.095577  0.491630      52.942      476.8      436.3      3.182      15996.8271  1.728088      1.000000
     68   1      4   1   1     4  0.095606  0.491661      52.962        0.2        0.2      0.001          6.4889  1.727465      1.000000
     69   1      1   2   3     4  0.096009  0.492096      53.252        0.1        0.0      0.009          3.1161  1.718736      1.000000
     70   1      1   0   4     2  0.096424  0.492538      53.547      145.7      143.0      2.997      10027.6426  1.709957      1.000000
     71   1      1   3   1     4  0.096491  0.492609      53.595        0.4        0.4      0.011         14.7718  1.708557      1.000000
     72   1     -3   0   4     2  0.097558  0.493716      54.334       78.2       21.3      3.076       5558.3604  1.687039      1.000000
     73   1      2   3   0     4  0.099162  0.495321      55.406     1072.3      957.9      5.406      39825.3711  1.656916      1.000000
     74   1     -4   1   3     4  0.099379  0.495533      55.547       23.7       22.3      0.132        886.7737  1.653029      1.000000
     75   1     -2   3   1     4  0.099651  0.495797      55.724       61.4       58.8      1.240       2310.9773  1.648212      1.000000
     76   1      0   3   2     4  0.100536  0.496644      56.289      342.5      355.5      1.600      13172.7080  1.632989      1.000000
     77   1      1   1   4     4  0.100591  0.496695      56.324      859.9      896.9      3.141      33122.9062  1.632066      1.000000
     78   1     -1   3   2     4  0.100688  0.496787      56.385      225.6      232.5      0.886       8714.3682  1.630449      1.000000
     79   1     -4   2   1     4  0.100745  0.496841      56.421       38.1       39.5      0.161       1474.1533  1.629489      1.000000
     80   1     -3   2   3     4  0.100828  0.496919      56.473        5.3        5.5      0.025        204.8323  1.628109      1.000000
     81   1     -3   1   4     4  0.101814  0.497835      57.085      997.6     1101.7      4.430      39592.2266  1.612104      1.000000
     82   1      4   0   2     2  0.102068  0.498068      57.241       33.0       39.3      0.160       2633.7100  1.608088      1.000000
     83   1      4   2   0     4  0.102167  0.498158      57.301      292.4      391.6      1.879      11699.4111  1.606548      1.000000
     84   1      3   2   2     4  0.103135  0.499032      57.884      583.5      719.6      3.783      23876.8965  1.591736      1.000000
     85   1      5   0   0     2  0.103377  0.499248      58.028      104.8      120.4      0.694       8622.9277  1.588122      1.000000
     86   1     -5   0   2     2  0.103477  0.499336      58.088       79.4       88.1      0.685       6545.1704  1.586643      1.000000
     87   1      2   3   1     4  0.103512  0.499367      58.108        2.1        2.3      0.022         85.5812  1.586128      1.000000
     88   1     -4   2   2     4  0.104246  0.500012      58.539      627.5      770.7      3.688      26325.7285  1.575483      1.000000
     89   1      1   3   2     4  0.104612  0.500331      58.752      688.0      761.4      2.924      29094.4395  1.570279      1.000000
     90   1      2   2   3     4  0.104968  0.500638      58.957       20.8       21.1      0.102        884.9490  1.565307      1.000000
     91   1     -2   3   2     4  0.105096  0.500748      59.030      853.3      836.8      3.377      36464.8281  1.563532      1.000000
     92   1      3   1   3     4  0.105115  0.500764      59.041        3.8        3.7      0.015        161.8014  1.563273      1.000000
     93   1     -5   1   1     4  0.105467  0.501065      59.242        2.8        2.8      0.032        120.9494  1.558443      1.000000
     94   1     -1   2   4     4  0.106193  0.501680      59.653      736.1      774.6      3.682      32189.8789  1.548693      1.000000
     95   1      2   0   4     2  0.106478  0.501919      59.812      235.8      243.6      0.969      20746.1855  1.544943      1.000000
     96   1      4   1   2     4  0.106642  0.502056      59.904      937.0      953.4      3.217      41350.0508  1.542797      1.000000
     97   1      5   1   0     4  0.108035  0.503203      60.670      542.0      616.1      2.444      24592.1406  1.525139      1.000000
     98   1      0   2   4     4  0.108113  0.503267      60.712       73.4       77.7      0.250       3337.7803  1.524177      1.000000
     99   1     -5   1   2     4  0.108141  0.503290      60.728      852.9      881.7      2.850      38784.6836  1.523829      1.000000
    100   1     -4   0   4     2  0.108478  0.503563      60.910      278.7      273.6      1.188      25506.0254  1.519703      1.000000
    101   1     -2   2   4     4  0.108787  0.503812      61.076      283.6      285.8      1.912      13055.9111  1.515963      1.000000
    102   1      4   2   1     4  0.108822  0.503840      61.095        5.6        5.8      0.042        259.2810  1.515542      1.000000
    103   1     -3   3   1     4  0.109503  0.504384      61.458        6.5        1.2      0.567        303.4881  1.507454      1.000000
    104   1      3   3   0     4  0.110014  0.504787      61.728        5.8        0.0      1.185        274.5009  1.501516      1.000000
    105   1      2   1   4     4  0.111321  0.505806      62.408       26.5        0.0      3.191       1280.4333  1.486776      1.000000
    106   1     -1   3   3     4  0.112698  0.506857      63.110        0.3        0.0      0.240         14.9773  1.471919      1.000000
    107   1     -4   2   3     4  0.113406  0.507389      63.466        1.0        0.9      0.064         52.4063  1.464528      1.000000
    108   1     -4   1   4     4  0.113434  0.507410      63.479       17.6       16.3      0.900        881.5983  1.464240      1.000000
    109   1      0   3   3     4  0.113635  0.507561      63.580        7.3        6.8      0.137        365.5690  1.462169      1.000000
    110   1      2   3   2     4  0.113647  0.507570      63.586      181.4      168.2      3.326       9105.4248  1.462044      1.000000
    111   1     -3   3   2     4  0.114543  0.508233      64.029      249.2      225.6      2.681      12695.6699  1.452992      1.000000
    112   1      1   2   4     4  0.114856  0.508463      64.182      216.9      184.8      1.798      11109.1660  1.449890      1.000000
    113   1     -1   1   5     4  0.114941  0.508525      64.224        8.6        7.2      0.084        440.9460  1.449048      1.000000
    114   1      3   3   1     4  0.116166  0.509414      64.818        4.1        1.9      0.345        212.9058  1.437205      1.000000
    115   1     -3   2   4     4  0.116310  0.509518      64.887       42.1       26.9      1.744       2207.0542  1.435840      1.000000
    116   1      5   1   1     4  0.116331  0.509533      64.897       10.9        7.2      0.441        573.8055  1.435640      1.000000
    117   1     -5   1   3     4  0.116563  0.509699      65.008       11.2        9.1      0.529        588.8362  1.433457      1.000000
    118   1     -2   1   5     4  0.116632  0.509748      65.041        3.0        2.4      0.146        158.9782  1.432814      1.000000
    119   1     -2   3   3     4  0.116633  0.509749      65.041        7.7        6.2      0.375        407.4372  1.432806      1.000000
    120   1      0   1   5     4  0.118215  0.510869      65.789        8.2        0.0      2.422        442.7780  1.418311      1.000000

   No.  Code     H   K   L  Mult      Hw      ETA/M    2theta/TOF     Icalc       Iobs      Sigma     StrFactor^2    d-hkl       CORR

    121   1      1   3   3     4  0.119580  0.511818      66.423       13.3       12.1      2.616        734.5989  1.406311      1.000000
    122   1      3   2   3     4  0.120199  0.512243      66.707       22.3       15.8      2.088       1237.9432  1.401014      1.000000
    123   1     -5   2   1     4  0.120612  0.512524      66.895        4.5        0.9      0.653        249.6073  1.397534      1.000000
    124   1      4   2   2     4  0.121985  0.513451      67.514        1.1        0.0      0.906         64.4122  1.386218      1.000000
    125   1      3   0   4     2  0.123183  0.514248      68.046      105.4      135.9      3.127      12188.3965  1.376673      1.000000
    126   1     -3   1   5     4  0.123521  0.514471      68.195        0.9        0.9      0.020         50.5121  1.374027      1.000000
    127   1      5   2   0     4  0.123606  0.514527      68.232       68.2       76.1      1.328       3964.9226  1.373367      1.000000
    128   1     -5   2   2     4  0.123729  0.514608      68.286       14.2       15.9      0.326        827.4861  1.372411      1.000000
    129   1      0   4   0     2  0.124374  0.515029      68.568      334.3      337.0      3.064      39272.4414  1.367459      1.000000
    130   1      4   1   3     4  0.125634  0.515845      69.112        0.7        0.7      0.045         41.7071  1.358004      1.000000
    131   1     -4   3   1     4  0.125886  0.516007      69.220        0.2        0.2      0.003         10.6662  1.356150      1.000000
    132   1      5   0   2     2  0.125954  0.516050      69.250      155.9      166.4      2.403      18681.5859  1.355651      1.000000
    133   1     -3   3   3     4  0.125995  0.516076      69.267        0.1        0.1      0.002          7.6386  1.355354      1.000000
    134   1     -5   0   4     2  0.126331  0.516292      69.411      192.2      201.6      1.906      23131.3438  1.352896      1.000000
    135   1      1   1   5     4  0.126904  0.516656      69.654        3.5        3.9      0.051        214.7515  1.348767      1.000000
    136   1      1   4   0     4  0.127064  0.516757      69.722       70.0       79.9      0.917       4251.3892  1.347622      1.000000
    137   1      2   2   4     4  0.127411  0.516977      69.868      576.1      600.7      3.022      35124.1914  1.345156      1.000000
    138   1      0   4   1     4  0.127525  0.517049      69.916       25.1       25.9      0.132       1530.4978  1.344345      1.000000
    139   1      4   3   0     4  0.127739  0.517183      70.006      193.4      197.0      1.125      11839.8223  1.342839      1.000000
    140   1     -6   0   2     2  0.128158  0.517447      70.182       62.9       64.9      0.630       7740.7363  1.339906      1.000000
    141   1      3   1   4     4  0.128864  0.517887      70.476      325.1      327.2      2.477      20159.9336  1.335038      1.000000
    142   1      3   3   2     4  0.128993  0.517967      70.529       55.5       54.5      0.478       3448.1985  1.334153      1.000000
    143   1     -1   4   1     4  0.128998  0.517970      70.531       12.8       12.6      0.112        797.9707  1.334119      1.000000
    144   1     -4   2   4     4  0.129844  0.518493      70.881      329.9      355.8      2.777      20689.4355  1.328397      1.000000
    145   1     -4   3   2     4  0.130424  0.518849      71.119       10.9       14.1      0.108        687.9886  1.324539      1.000000
    146   1      6   0   0     2  0.130592  0.518952      71.187      185.4      274.3      2.176      23449.7676  1.323435      1.000000
    147   1      2   3   3     4  0.131351  0.519414      71.496        3.4        4.1      0.105        215.9852  1.318475      1.000000
    148   1     -1   2   5     4  0.131577  0.519551      71.587        6.3        7.3      0.137        404.6819  1.317022      1.000000
    149   1      1   4   1     4  0.131578  0.519551      71.587        8.3        9.5      0.179        530.2194  1.317013      1.000000
    150   1      5   1   2     4  0.131760  0.519662      71.661      165.1      198.8      2.154      10569.9424  1.315840      1.000000
    151   1     -6   1   1     4  0.131990  0.519800      71.754        6.3        6.7      0.068        404.2040  1.314373      1.000000
    152   1     -5   1   4     4  0.132155  0.519899      71.820      213.2      219.0      1.957      13708.8398  1.313320      1.000000
    153   1     -1   3   4     4  0.132919  0.520358      72.126        8.3        7.7      0.390        536.5948  1.308500      1.000000
    154   1      5   2   1     4  0.133170  0.520508      72.226        0.8        0.7      0.072         52.6791  1.306930      1.000000
    155   1     -5   2   3     4  0.133436  0.520666      72.332        0.5        0.5      0.042         32.4322  1.305283      1.000000
    156   1     -2   2   5     4  0.133514  0.520713      72.363        2.2        2.2      0.174        143.7274  1.304797      1.000000
    157   1     -6   1   2     4  0.134063  0.521038      72.580      227.7      261.6      3.139      14941.1123  1.301428      1.000000
    158   1      0   2   5     4  0.135326  0.521780      73.076        4.1        4.3      0.047        275.1133  1.293816      1.000000
    159   1      0   3   4     4  0.135361  0.521800      73.089      237.3      245.2      2.529      15769.4102  1.293612      1.000000
    160   1      2   4   0     4  0.135477  0.521868      73.135       52.6       53.8      0.574       3501.8823  1.292920      1.000000
    161   1     -2   4   1     4  0.136182  0.522278      73.409        9.9       10.1      0.094        665.8206  1.288772      1.000000
    162   1     -2   3   4     4  0.136215  0.522297      73.421      195.9      198.8      1.882      13131.5488  1.288579      1.000000
    163   1      4   3   1     4  0.136260  0.522323      73.439        7.7        7.8      0.077        514.0012  1.288321      1.000000
    164   1     -4   1   5     4  0.136530  0.522480      73.543       22.5       23.8      0.300       1515.7859  1.286748      1.000000
    165   1      6   1   0     4  0.136604  0.522522      73.572       42.1       44.7      0.560       2833.2666  1.286320      1.000000
    166   1      0   4   2     4  0.137451  0.523010      73.897      313.5      290.6      2.200      21262.1250  1.281455      1.000000
    167   1     -1   4   2     4  0.137668  0.523134      73.980      365.8      324.6      2.439      24858.8945  1.280227      1.000000
    168   1     -3   2   5     4  0.141382  0.525225      75.376        3.7        0.0      0.943        257.6673  1.259936      1.000000
    169   1      2   4   1     4  0.141668  0.525383      75.482       11.2        4.3      1.499        787.9011  1.258433      1.000000
    170   1     -4   3   3     4  0.142030  0.525583      75.616        3.5        2.0      0.436        249.0327  1.256543      1.000000
    171   1      2   1   5     4  0.142155  0.525652      75.662        3.0        2.2      0.364        215.1040  1.255896      1.000000
    172   1     -6   1   3     4  0.143128  0.526185      76.018        8.2        7.2      0.240        586.3748  1.250894      1.000000
    173   1     -1   0   6     2  0.143208  0.526229      76.047       80.7       74.4      1.939      11509.2539  1.250483      1.000000
    174   1      1   4   2     4  0.143210  0.526231      76.048        2.1        1.9      0.050        149.1719  1.250473      1.000000
    175   1      4   2   3     4  0.143788  0.526545      76.258        0.4        0.4      0.004         31.5443  1.247548      1.000000
    176   1      1   3   4     4  0.143845  0.526576      76.279      274.0      277.0      2.248      19649.7734  1.247261      1.000000
    177   1     -2   0   6     2  0.143884  0.526597      76.293      119.0      120.6      0.967      17074.3359  1.247068      1.000000
    178   1     -2   4   2     4  0.143886  0.526598      76.294        3.1        3.1      0.025        219.1378  1.247057      1.000000
    179   1      1   2   5     4  0.145233  0.527326      76.779        8.7        9.4      0.271        631.4036  1.240375      1.000000
    180   1     -3   3   4     4  0.145662  0.527555      76.933      416.6      398.8      3.408      30310.7324  1.238283      1.000000

   No.  Code     H   K   L  Mult      Hw      ETA/M    2theta/TOF     Icalc       Iobs      Sigma     StrFactor^2    d-hkl       CORR

    181   1      3   2   4     4  0.147463  0.528512      77.572       87.1      117.1      2.493       6425.7822  1.229672      1.000000
    182   1      6   1   1     4  0.148584  0.529101      77.965        0.0        0.0      0.001          2.7427  1.224450      1.000000
    183   1      0   0   6     2  0.148729  0.529177      78.016        1.1        1.2      0.030        164.8055  1.223782      1.000000
    184   1      4   0   4     2  0.148793  0.529210      78.038       87.0       89.6      2.195      12967.7959  1.223487      1.000000
    185   1     -1   1   6     4  0.149771  0.529719      78.378      197.8      208.6      2.296      14839.7031  1.219033      1.000000
    186   1     -3   4   1     4  0.149991  0.529833      78.454       22.2       24.3      0.313       1667.1656  1.218042      1.000000
    187   1     -2   1   6     4  0.150477  0.530084      78.621       23.2       22.8      0.217       1751.5028  1.215868      1.000000
    188   1      3   3   3     4  0.150506  0.530099      78.631        3.0        3.0      0.027        229.8057  1.215737      1.000000
    189   1      3   4   0     4  0.150693  0.530195      78.696      187.6      183.5      1.328      14165.7295  1.214903      1.000000
    190   1      5   2   2     4  0.150757  0.530228      78.717       86.4       84.2      0.604       6527.2363  1.214621      1.000000
    191   1     -3   0   6     2  0.150841  0.530271      78.746       33.0       32.0      0.235       4995.2974  1.214250      1.000000
    192   1     -6   2   1     4  0.151018  0.530362      78.807        6.2        5.9      0.045        465.5012  1.213467      1.000000
    193   1     -5   3   1     4  0.151019  0.530362      78.807       20.8       19.9      0.154       1575.7667  1.213461      1.000000
    194   1     -5   2   4     4  0.151205  0.530458      78.871      194.1      190.0      1.436      14707.5049  1.212639      1.000000
    195   1      4   3   2     4  0.152725  0.531233      79.388      312.0      289.8      2.885      23881.2656  1.206031      1.000000
    196   1     -6   2   2     4  0.153375  0.531561      79.608       86.1       75.2      0.881       6620.6523  1.203258      1.000000
    197   1     -6   0   4     2  0.153526  0.531637      79.659        5.6        4.9      0.067        856.5499  1.202617      1.000000
    198   1     -1   4   3     4  0.154372  0.532062      79.942       14.8       14.6      0.232       1144.6685  1.199064      1.000000
    199   1      5   3   0     4  0.154738  0.532245      80.065      212.7      198.9      1.506      16495.4727  1.197539      1.000000
    200   1     -5   3   2     4  0.154891  0.532322      80.116      271.1      251.9      1.669      21039.4531  1.196905      1.000000
    201   1      0   1   6     4  0.155535  0.532642      80.329      228.9      227.4      1.006      17838.1445  1.194257      1.000000
    202   1      4   1   4     4  0.155602  0.532675      80.352      218.0      216.0      0.936      16991.5195  1.193982      1.000000
    203   1      0   4   3     4  0.155652  0.532700      80.368        4.5        4.4      0.020        351.4065  1.193776      1.000000
    204   1      2   4   2     4  0.155669  0.532708      80.374      195.8      192.6      0.861      15268.9395  1.193708      1.000000
    205   1     -4   2   5     4  0.156181  0.532961      80.543        2.6        2.5      0.014        205.2223  1.191628      1.000000
    206   1      6   2   0     4  0.156265  0.533003      80.571      241.3      234.9      1.290      18889.3984  1.191287      1.000000
    207   1      5   1   3     4  0.156763  0.533249      80.735        0.1        0.1      0.001          7.2257  1.189281      1.000000
    208   1     -3   4   2     4  0.156891  0.533312      80.777      173.6      157.0      1.351      13639.4863  1.188766      1.000000
    209   1     -5   1   5     4  0.157384  0.533554      80.938        1.6        1.5      0.019        126.0179  1.186801      1.000000
    210   1     -3   1   6     4  0.157740  0.533727      81.054      214.3      203.3      2.091      16924.3398  1.185393      1.000000
    211   1      3   4   1     4  0.159102  0.534390      81.497        0.6        0.7      0.049         46.7320  1.180074      1.000000
    212   1      2   3   4     4  0.159459  0.534563      81.612        2.1        2.8      0.200        171.0969  1.178697      1.000000
    213   1     -2   4   3     4  0.159736  0.534696      81.701        4.9        6.7      0.398        392.1960  1.177635      1.000000
    214   1     -6   1   4     4  0.160545  0.535085      81.961      216.2      264.5      3.048      17336.6816  1.174563      1.000000
    215   1      1   0   6     2  0.161147  0.535372      82.153      107.9      121.3      1.373      17359.0840  1.172302      1.000000
    216   1      6   0   2     2  0.162364  0.535951      82.539      139.2      159.6      2.241      22538.3125  1.167793      1.000000
    217   1     -4   3   4     4  0.162479  0.536005      82.575       18.2       20.2      0.330       1477.2085  1.167373      1.000000
    218   1      2   2   5     4  0.162581  0.536053      82.608        0.0        0.0      0.001          2.6331  1.166999      1.000000
    219   1     -6   2   3     4  0.163689  0.536575      82.956        0.3        0.2      0.019         21.3732  1.162982      1.000000
    220   1      1   4   3     4  0.163742  0.536600      82.973        8.0        7.1      0.641        653.2272  1.162791      1.000000
    221   1     -1   3   5     4  0.164628  0.537014      83.249       28.3       24.0      1.084       2320.5542  1.159630      1.000000
    222   1     -4   0   6     2  0.164970  0.537173      83.355       72.8       60.1      1.728      11947.6406  1.158423      1.000000
    223   1     -7   0   2     2  0.165698  0.537510      83.580      150.9      144.6      2.271      24841.2227  1.155873      1.000000
    224   1      3   1   5     4  0.166041  0.537669      83.686        2.1        1.9      0.051        176.5287  1.154678      1.000000
    225   1      5   3   1     4  0.166607  0.537929      83.861        2.0        2.0      0.078        167.1812  1.152724      1.000000
    226   1     -5   3   3     4  0.166937  0.538081      83.962        0.2        0.1      0.016         13.2791  1.151593      1.000000
    227   1     -2   3   5     4  0.167034  0.538126      83.992        0.0        0.0      0.004          2.6579  1.151259      1.000000
    228   1      1   1   6     4  0.168510  0.538799      84.441       37.4       39.7      2.486       3121.4631  1.146272      1.000000
    229   1      0   3   5     4  0.169286  0.539150      84.676        0.2        0.2      0.013         13.0748  1.143695      1.000000
    230   1      6   1   2     4  0.169784  0.539375      84.826       17.9       18.1      1.267       1497.5249  1.142055      1.000000
    231   1      6   2   1     4  0.169911  0.539432      84.864        1.9        1.9      0.152        160.9743  1.141640      1.000000
    232   1     -1   2   6     4  0.171266  0.540039      85.269      120.9      144.6      2.424      10198.8262  1.137246      1.000000
    233   1     -2   2   6     4  0.172072  0.540397      85.509      200.8      234.1      1.899      16993.8262  1.134675      1.000000
    234   1      7   0   0     2  0.172167  0.540439      85.537       27.1       31.3      0.238       4596.1562  1.134373      1.000000
    235   1     -7   1   1     4  0.172295  0.540496      85.575        0.0        0.1      0.000          3.7566  1.133968      1.000000
    236   1     -4   4   1     4  0.172300  0.540498      85.576       11.3       12.7      0.097        954.9526  1.133953      1.000000
    237   1     -3   4   3     4  0.172447  0.540563      85.620       12.1       13.2      0.110       1023.7608  1.133488      1.000000
    238   1     -4   1   6     4  0.172511  0.540591      85.638      136.9      148.1      1.296      11602.7178  1.133287      1.000000
    239   1     -7   1   2     4  0.173272  0.540928      85.863        4.4        4.6      0.073        373.8408  1.130898      1.000000
    240   1      4   4   0     4  0.174816  0.541604      86.314      175.2      146.9      2.859      14980.0537  1.126137      1.000000

   No.  Code     H   K   L  Mult      Hw      ETA/M    2theta/TOF     Icalc       Iobs      Sigma     StrFactor^2    d-hkl       CORR

    241   1      3   4   2     4  0.176520  0.542343      86.808      175.3      161.3      2.421      15080.0488  1.120999      1.000000
    242   1     -3   3   5     4  0.176825  0.542474      86.896       24.0       20.9      0.411       2068.6670  1.120092      1.000000
    243   1      0   2   6     4  0.177858  0.542917      87.192        3.1        2.9      0.050        270.2379  1.117050      1.000000
    244   1      4   2   4     4  0.177935  0.542950      87.214       53.2       49.2      0.827       4596.3086  1.116825      1.000000
    245   1     -4   4   2     4  0.178467  0.543177      87.365      200.9      179.2      2.343      17396.7793  1.115278      1.000000
    246   1      5   2   3     4  0.179265  0.543517      87.592        3.5        3.2      0.057        304.5835  1.112975      1.000000
    247   1      2   4   3     4  0.179728  0.543713      87.723       14.3       14.4      0.187       1243.9307  1.111651      1.000000
    248   1      4   3   3     4  0.179830  0.543756      87.751       20.2       21.0      0.258       1760.2308  1.111361      1.000000
    249   1     -5   2   5     4  0.179978  0.543818      87.793        5.6        6.0      0.071        490.3428  1.110941      1.000000
    250   1      7   1   0     4  0.180049  0.543848      87.813      127.4      135.5      1.622      11090.1562  1.110738      1.000000
    251   1     -3   2   6     4  0.180385  0.543990      87.908       46.6       46.3      0.723       4061.4390  1.109787      1.000000
    252   1      1   3   5     4  0.181637  0.544515      88.258        5.9        5.7      0.067        515.6785  1.106281      1.000000
    253   1     -1   4   4     4  0.181863  0.544609      88.322      265.8      259.7      2.559      23257.5059  1.105653      1.000000
    254   1      2   0   6     2  0.182176  0.544740      88.409       52.6       49.7      0.615       9212.5918  1.104789      1.000000
    255   1     -7   1   3     4  0.183139  0.545140      88.676        0.5        0.5      0.010         42.5671  1.102150      1.000000
    256   1     -6   2   4     4  0.183606  0.545333      88.805       16.4       14.3      0.534       1443.2330  1.100884      1.000000
    257   1      3   3   4     4  0.184429  0.545672      89.031      153.8      164.4      2.642      13558.9199  1.098668      1.000000
    258   1      0   4   4     4  0.185196  0.545986      89.241       16.0       17.2      0.383       1414.9652  1.096627      1.000000
    259   1     -2   4   4     4  0.186364  0.546463      89.559       82.8       81.7      1.890       7334.7090  1.093556      1.000000
    260   1      4   4   1     4  0.186425  0.546487      89.576        0.5        0.5      0.012         44.5757  1.093398      1.000000
    261   1      5   0   4     2  0.187355  0.546864      89.827      116.9      142.5      1.890      20755.4492  1.090989      1.000000
    262   1     -5   0   6     2  0.188289  0.547240      90.078      125.2      138.6      1.488      22276.5352  1.088596      1.000000
    263   1      5   3   2     4  0.188566  0.547351      90.153       59.9       68.0      0.693       5333.0630  1.087893      1.000000
    264   1     -6   3   1     4  0.188894  0.547482      90.240       11.6       12.5      0.149       1036.9196  1.087063      1.000000
    265   1     -5   3   4     4  0.189130  0.547577      90.303       71.1       72.3      0.933       6343.2900  1.086468      1.000000
    266   1     -6   1   5     4  0.189269  0.547633      90.340        3.3        3.3      0.044        296.4630  1.086118      1.000000
    267   1      3   2   5     4  0.189932  0.547896      90.517        1.7        1.8      0.023        149.8460  1.084461      1.000000
    268   1      1   5   0     4  0.190225  0.548013      90.595      116.4      124.5      1.521      10401.1172  1.083731      1.000000
    269   1      2   1   6     4  0.190552  0.548143      90.681       45.0       46.4      0.712       4025.4604  1.082921      1.000000
    270   1      0   5   1     4  0.190916  0.548287      90.777        3.5        3.6      0.071        313.4673  1.082024      1.000000
    271   1     -6   3   2     4  0.191864  0.548661      91.027      111.5      113.9      1.570      10001.2324  1.079706      1.000000
    272   1      1   2   6     4  0.192782  0.549021      91.268      254.8      255.1      2.419      22894.3770  1.077488      1.000000
    273   1     -1   5   1     4  0.193122  0.549154      91.356        4.7        4.6      0.052        422.5203  1.076671      1.000000
    274   1      6   2   2     4  0.194254  0.549594      91.651      293.9      270.3      2.190      26481.1367  1.073983      1.000000
    275   1     -4   4   3     4  0.194344  0.549629      91.674        1.5        1.4      0.011        133.9885  1.073770      1.000000
    276   1     -7   0   4     2  0.194582  0.549721      91.735       70.7       63.3      0.663      12754.6973  1.073211      1.000000
    277   1     -4   3   5     4  0.195408  0.550041      91.949        2.3        2.2      0.029        206.9933  1.071279      1.000000
    278   1      6   3   0     4  0.195515  0.550082      91.976       26.1       25.7      0.345       2358.1963  1.071032      1.000000
    279   1      5   1   4     4  0.195997  0.550267      92.100        5.1        5.2      0.119        464.5197  1.069914      1.000000
    280   1      1   4   4     4  0.196848  0.550593      92.318       48.1       53.1      1.027       4350.1040  1.067960      1.000000
    281   1     -5   1   6     4  0.196981  0.550644      92.352        0.4        0.4      0.008         35.9604  1.067657      1.000000
    282   1      1   5   1     4  0.196997  0.550650      92.356        4.4        4.8      0.086        396.1230  1.067619      1.000000
    283   1     -7   2   1     4  0.197159  0.550712      92.397        3.8        4.1      0.069        346.1674  1.067250      1.000000
    284   1     -4   2   6     4  0.197409  0.550807      92.461       78.9       81.3      1.277       7146.3862  1.066682      1.000000
    285   1      7   1   1     4  0.197845  0.550973      92.571        0.0        0.0      0.000          0.4830  1.065696      1.000000
    286   1     -7   2   2     4  0.198292  0.551143      92.685      292.8      275.7      2.704      26565.2266  1.064690      1.000000
    287   1     -3   4   4     4  0.199360  0.551547      92.954       13.1       11.9      0.213       1186.5751  1.062308      1.000000
    288   1      4   1   5     4  0.202537  0.552734      93.747        0.1        0.1      0.005         11.5089  1.055400      1.000000
    289   1      2   5   0     4  0.202883  0.552861      93.832      139.7      154.0      2.954      12755.4346  1.054664      1.000000
    290   1      2   3   5     4  0.203538  0.553103      93.994        0.4        0.4      0.008         36.3802  1.053278      1.000000
    291   1     -7   1   4     4  0.203607  0.553129      94.011       46.3       52.0      0.878       4227.8262  1.053132      1.000000
    292   1     -2   1   7     4  0.203947  0.553254      94.094       11.3       12.8      0.212       1033.3226  1.052418      1.000000
    293   1     -2   5   1     4  0.203951  0.553255      94.095       16.8       19.0      0.315       1532.8694  1.052409      1.000000
    294   1      6   1   3     4  0.204126  0.553319      94.138        4.3        4.8      0.085        389.6456  1.052043      1.000000
    295   1     -6   3   3     4  0.204952  0.553622      94.340        4.3        4.6      0.123        393.0464  1.050322      1.000000
    296   1     -1   1   7     4  0.205016  0.553645      94.356        0.0        0.0      0.001          1.8385  1.050189      1.000000
    297   1      0   5   2     4  0.205877  0.553959      94.565       86.8       91.7      1.205       7952.6636  1.048413      1.000000
    298   1      3   4   3     4  0.206094  0.554038      94.618        3.5        3.7      0.044        322.8836  1.047970      1.000000
    299   1      7   2   0     4  0.206169  0.554065      94.636      135.0      142.3      1.705      12370.0342  1.047816      1.000000
    300   1     -1   5   2     4  0.206206  0.554079      94.645       45.4       47.6      0.580       4159.5854  1.047740      1.000000

   No.  Code     H   K   L  Mult      Hw      ETA/M    2theta/TOF     Icalc       Iobs      Sigma     StrFactor^2    d-hkl       CORR

    301   1     -5   4   1     4  0.206810  0.554297      94.791        0.6        0.6      0.011         52.5803  1.046511      1.000000
    302   1      4   4   2     4  0.209197  0.555155      95.364        3.9        4.5      0.625        355.9333  1.041734      1.000000
    303   1     -7   2   3     4  0.209776  0.555361      95.502        2.4        3.3      0.458        224.1586  1.040597      1.000000
    304   1     -3   1   7     4  0.211873  0.556103      95.997        0.8        0.9      0.055         78.1747  1.036535      1.000000
    305   1      5   4   0     4  0.212023  0.556156      96.033       20.9       23.2      1.142       1922.9027  1.036247      1.000000
    306   1     -5   4   2     4  0.212238  0.556232      96.083       16.1       17.9      0.770       1482.1205  1.035836      1.000000
    307   1      2   5   1     4  0.212314  0.556258      96.101       12.8       14.1      0.606       1175.4738  1.035693      1.000000
    308   1      6   3   1     4  0.212931  0.556475      96.245        2.3        2.3      0.125        213.1257  1.034521      1.000000
    309   1     -1   3   6     4  0.214678  0.557083      96.652      104.9       99.1      1.102       9674.2910  1.031248      1.000000
    310   1      1   5   2     4  0.214682  0.557085      96.653      204.0      192.7      2.139      18817.6211  1.031242      1.000000
    311   1      0   1   7     4  0.215254  0.557283      96.785        1.5        1.3      0.014        134.3690  1.030184      1.000000
    312   1      3   0   6     2  0.215374  0.557324      96.813        0.0        0.0      0.000          0.7845  1.029962      1.000000
    313   1     -2   3   6     4  0.215719  0.557443      96.892       21.9       20.4      0.203       2020.6515  1.029329      1.000000
    314   1     -2   5   2     4  0.215722  0.557444      96.893      158.5      147.6      1.467      14623.7988  1.029324      1.000000
    315   1     -6   2   5     4  0.216958  0.557869      97.177        1.9        1.7      0.034        179.6397  1.027072      1.000000
    316   1      2   2   6     4  0.218466  0.558384      97.520      115.7      121.9      1.512      10683.8066  1.024368      1.000000
    317   1      2   4   4     4  0.218692  0.558461      97.572      133.7      142.2      1.719      12350.6973  1.023966      1.000000
    318   1      7   0   2     2  0.218815  0.558502      97.599        2.6        2.7      0.035        481.0620  1.023748      1.000000
    319   1     -4   4   4     4  0.222991  0.559903      98.535      138.1      140.0      1.493      12792.2012  1.016515      1.000000
    320   1      0   3   6     4  0.223226  0.559981      98.587      138.0      143.7      1.259      12790.3613  1.016118      1.000000
    321   1      4   3   4     4  0.223326  0.560015      98.609      122.5      128.2      1.098      11358.5078  1.015949      1.000000
    322   1     -8   0   2     2  0.224209  0.560306      98.804       10.6       10.7      0.102       1969.1913  1.014466      1.000000
    323   1      5   2   4     4  0.224887  0.560530      98.953      145.7      154.4      1.012      13573.0889  1.013337      1.000000
    324   1     -6   0   6     2  0.225009  0.560570      98.980       20.7       22.0      0.139       3857.5493  1.013136      1.000000
    325   1      5   3   3     4  0.225062  0.560587      98.992        1.9        2.0      0.012        173.1912  1.013047      1.000000
    326   1     -3   5   1     4  0.225196  0.560631      99.021        1.4        1.4      0.009        127.4828  1.012825      1.000000
    327   1      3   1   6     4  0.225590  0.560760      99.108      218.1      225.7      1.337      20387.2129  1.012174      1.000000
    328   1     -5   3   5     4  0.225993  0.560892      99.195        0.0        0.0      0.000          3.0467  1.011513      1.000000
    329   1     -5   2   6     4  0.226050  0.560911      99.208      163.3      161.8      0.947      15313.1777  1.011419      1.000000
    330   1     -1   4   5     4  0.226067  0.560916      99.212        9.0        8.9      0.052        846.0429  1.011391      1.000000
    331   1      3   5   0     4  0.226295  0.560991      99.261        3.0        3.0      0.018        285.5471  1.011018      1.000000
    332   1     -3   3   6     4  0.226526  0.561066      99.312      195.8      193.7      1.235      18422.3125  1.010642      1.000000
    333   1      7   2   1     4  0.227073  0.561244      99.431        0.3        0.3      0.003         30.2498  1.009752      1.000000
    334   1      5   4   1     4  0.228912  0.561839      99.828        0.1        0.1      0.002         13.8298  1.006799      1.000000
    335   1      7   1   2     4  0.229242  0.561945      99.899      128.2      132.8      1.692      14391.9961  1.006275      1.000000
    336   1     -5   4   3     4  0.229387  0.561992      99.930        3.7        3.8      0.047        446.0123  1.006046      1.000000
    337   1     -2   4   5     4  0.229528  0.562037      99.960        3.0        3.0      0.037        399.9829  1.005823      1.000000

     -----------------------------------------------------
     BRAGG R-Factors and weight fractions for Pattern #  1
     -----------------------------------------------------

 => Phase:  1      #(C) 2021 by FIZ Karlsruhe - Leibniz Institute for Information Infrastructure.  All rights reserved.
 => Bragg R-factor:   5.70       Vol:  326.494( 0.006)  Fract(%):  100.00( 0.24)
 => Rf-factor=  4.63             ATZ:        1095.733   Brindley:  1.0000

     -----------------------------------------------------------------
      SYMBOLIC NAMES AND FINAL VALUES AND SIGMA OF REFINED PARAMETERS:
     -----------------------------------------------------------------

      ->  Parameter number    1 :                                          Zero_pat1   -0.18695349E-01( +/-    0.50815806E-03 )
      ->  Parameter number    2 :                                     Scale_ph1_pat1    0.20318138E-02( +/-    0.33875158E-05 )
      ->  Parameter number    3 :                                    Cell_A_ph1_pat1     8.1291647    ( +/-    0.84064377E-04 )
      ->  Parameter number    4 :                                    Cell_B_ph1_pat1     5.4698353    ( +/-    0.58854257E-04 )
      ->  Parameter number    5 :                                    Cell_C_ph1_pat1     7.5170474    ( +/-    0.75643868E-04 )
      ->  Parameter number    6 :                                    Cell_E_ph1_pat1     102.36453    ( +/-    0.61267626E-03 )
      ->  Parameter number    7 :                                    U-Cagl_ph1_pat1    0.55738173E-01( +/-    0.14375071E-02 )
      ->  Parameter number    8 :                                    V-Cagl_ph1_pat1   -0.31291325E-01( +/-    0.10203577E-02 )
      ->  Parameter number    9 :                                    W-Cagl_ph1_pat1    0.10896681E-01( +/-    0.17781796E-03 )
      ->  Parameter number   10 :                                     EtaPV_ph1_pat1    0.41235462    ( +/-    0.11130117E-01 )
      ->  Parameter number   11 :                                     X-tan_ph1_pat1    0.14974229E-02( +/-    0.32597451E-03 )
      ->  Parameter number   12 :                                     Asym1_ph1_pat1    0.29829640E-01( +/-    0.27720905E-02 )
      ->  Parameter number   13 :                                     Asym2_ph1_pat1    0.49880100E-02( +/-    0.67891052E-03 )
      ->  Parameter number   14 :                                          X_Na1_ph1    0.38087726    ( +/-    0.58285968E-03 )
      ->  Parameter number   15 :                                          Y_Na1_ph1    0.78690118    ( +/-    0.13892618E-02 )
      ->  Parameter number   16 :                                          Z_Na1_ph1    0.10482999    ( +/-    0.70949038E-03 )
      ->  Parameter number   17 :                                          X_Ta1_ph1    0.15943007    ( +/-    0.94118492E-04 )
      ->  Parameter number   18 :                                          Y_Ta1_ph1    0.25775886    ( +/-    0.37459238E-03 )
      ->  Parameter number   19 :                                          Z_Ta1_ph1    0.29665852    ( +/-    0.11884073E-03 )
      ->  Parameter number   20 :                                           X_O1_ph1    0.21588755    ( +/-    0.10084942E-02 )
      ->  Parameter number   21 :                                           Y_O1_ph1    0.15621546    ( +/-    0.12766659E-02 )
      ->  Parameter number   22 :                                           Z_O1_ph1    0.49104840E-01( +/-    0.13917483E-02 )
      ->  Parameter number   23 :                                           X_O2_ph1    0.59137031E-01( +/-    0.11744701E-02 )
      ->  Parameter number   24 :                                           Y_O2_ph1    0.54704237    ( +/-    0.17359181E-02 )
      ->  Parameter number   25 :                                           Z_O2_ph1    0.22296181    ( +/-    0.15156926E-02 )
      ->  Parameter number   26 :                                           X_F1_ph1    0.37930834    ( +/-    0.11605532E-02 )
      ->  Parameter number   27 :                                           Y_F1_ph1    0.47395521    ( +/-    0.16404311E-02 )
      ->  Parameter number   28 :                                           Z_F1_ph1    0.30758059    ( +/-    0.14044626E-02 )
      ->  Parameter number   29 :                                           X_F2_ph1    0.34414601    ( +/-    0.10534264E-02 )
      ->  Parameter number   30 :                                           Y_F2_ph1    0.99161196    ( +/-    0.15380484E-02 )
      ->  Parameter number   31 :                                           Z_F2_ph1    0.37965500    ( +/-    0.12729263E-02 )

 ------------------------------------------------------------------
 => Number of bytes for floating point variables: 4
 => Dimensions of dynamic allocated arrays in this run of FullProf:
 ------------------------------------------------------------------

 => Total approximate array memory (dynamic + static): 128536585 bytes

    MaxPOINT=    60000 Max.num. of points(+int. Inten.)/diffraction pattern       
    MaxREFLT=    20000 Max.num. of reflections/diffraction pattern               
    MaxPARAM=      300 Max.num. of refinable parameters                          
    MaxOVERL=    18096 Max.num. of overlapping reflections                       

 ----------------------------------------------------------
 => Number of bytes for floating point arrays: 4
 => Dimensions of fixed arrays in this release of FullProf:
 ----------------------------------------------------------

    NPATT   =       80 Max.num. of powder diffraction patterns                    
    NATS    =      830 Max.num. of atoms (all kind) in asymmetric unit            
    MPAR    =     1800 Max.num. of non atomic parameters/phase                    
    IEXCL   =       30 Max.num. of excluded regions                               
    IBACP   =      377 Max.num. of background points for interpolation            
    NPHT    =       16 Max.num. of phases                                         
    NMAGM   =        8 Max.num. of rotation-matrices sets for magnetic structure  
    NBASIS  =       12 Max.num. of basis functions associated to a single atom    
    NIREPS  =        9 Max.num. of irreducible representations to be combined     
    N_EQ    =      384 Max.num. of user-supplied symmetry operators/propagation vectors
    NGL     =      400 Max.num. of global parameters/diffraction pattern          
    N_LINC  =       50 Max.num. of global linear restraints                        
    NAT_P   =       80 Max.num. of atomic parameters per atom                     
    NCONST  =      500 Max.num. of slack constraints per phase                    
    N_SPE   =       30 Max.num. of different chemical species                     
    N_FORM  =       60 Max.num. of scattering factor values in a table            
    NPR     =      150 Max.num. of points defining a numerical profile            
    INPR    =       25 Max.num. of different numerical peak shapes                
    NPRC    =      150 Max.num. of terms in the table for correcting intensities  
    NSOL    =       10 Max.num. of solutions to be stored in Montecarlo searchs   

 
              CPU Time:     1.078 seconds
                            0.018 minutes

 => Run finished at:     Date: 07/02/2023  Time: 11:53:30.429                              
