

        **********************************************************
        ** PROGRAM FullProf.2k (Version 7.30 - Mar2020-ILL JRC) **
        **********************************************************
                       M U L T I -- P A T T E R N                 
            Rietveld, Profile Matching & Integrated Intensity     
                 Refinement of X-ray and/or Neutron Data


    Date: 03/02/2023  Time: 16:49:24.144                              

 => PCR file code: NaNbO2F2
 => DAT file code: NaNbO2F2.dat         -> Relative contribution: 1.0000                                                            

 ==> CONDITIONS OF THIS RUN FOR PATTERN No.:  1

 => Global Refinement of X-ray powder diffraction data                                                                              
 => Global Refinement of X-ray powder diffraction data                                                                              
    Bragg-Brentano(X-rays) or Debye-Scherrer geometry(Neutrons)
 => Title: #(C) 2021 by FIZ Karlsruhe - Leibniz Institute for Information Infrastructure.

 => Number of phases:    1
 => Number of excluded regions:    1
 => Number of scattering factors supplied:    0
 => Conventional weights: w=1.0/Variance(yobs)
 => Asymmetry correction as in J.Appl.Cryst. 26,128(1993)
 => Background linearly interpolated between the   23 points given
 => The    5th default profile function was selected
 => Pseudo-Voigt function (ETA variable)
                 X-parameter correspond to: ETA=ETA0+X*2theta
                       pV(x)= ETA*L(x)+(1-ETA)*G(x)

 ==> INPUT/OUTPUT OPTIONS:

 => Generate file *.PRF for plot
 => Output Integrated Intensities
 => Generate new input file *.PCR

 => X-Y type of data: 2theta/TOF/E(Kev) Intens sigma for pattern:  1
 => Plot pattern at each cycle
 => Wavelengths:  1.54056 1.54439
 => Alpha2/Alpha1 ratio:   0.5000
 => Cos(Monochromator angle)=   0.9100
 => Asymmetry correction for angles lower than   90.000 degrees
 => Absorption correction (AC), muR-eff =   0.0000  0.0000
 => Base of peaks: 2.0*HW*    8.00

 => Number of cycles:   33
 => Relaxation factors ==>    for coordinates:  1.00
 => for anisotropic temperature factors:  1.00
 => for halfwidth/strain/size parameters:  1.00
 => for lattice constants and propagation vectors:  1.00
 => EPS-value for convergence:    0.1
 => Background ==> 
    Position   Intensity
       10.26     7773.93        0.00
       12.16     8128.34        0.00
       13.74     8077.77        0.00
       15.63     7872.73        0.00
       18.45     7249.57        0.00
       21.02     7459.37        0.00
       25.11     7349.34        0.00
       30.23     7114.11        0.00
       35.53     6498.35        0.00
       38.61     6417.43        0.00
       41.78     6357.22        0.00
       45.33     6475.52        0.00
       54.03     6380.39        0.00
       62.32     6077.17        0.00
       67.14     5923.89        0.00
       75.43     5963.82        0.00
       78.71     5781.18        0.00
       82.16     5836.59        0.00
       86.29     5795.16        0.00
       90.81     5753.07        0.00

       94.67     5778.83        0.00
       96.74     5728.37        0.00
       99.89     5651.70        0.00

 

 => Excluded regions for Pattern#  1
    From     to
     14.0000     18.0000

 => Number of Least-Squares parameters varied:    32

 =>--------------------------->
 =>------->  PATTERN number:  1
 =>--------------------------->
 => Global parameters and codes ==>
 => Zero-point:    -0.0061   11.0000
 => Displacement peak-shift parameter and code:     0.00    0.00
 => Transparency peak-shift parameter and code:     0.00    0.00

 => Reading Intensity data  =>>

 -> No recognizable heading in input data file X,Y,sigma
    First 6 lines are considered as COMMENTS (except for TSAMP keyword)
 -> COMMENT: 10.0116	7846.00000                                                                                                                  
 -> COMMENT: 10.0247	7889.00000                                                                                                                  
 -> COMMENT: 10.0379	7957.00000                                                                                                                  
 -> COMMENT: 10.0510	7801.00000                                                                                                                  
 -> COMMENT: 10.0641	7842.00000                                                                                                                  
 -> COMMENT: 10.0772	7955.00000                                                                                                                  
 ==> Angular range, step and number of points:
     2Thmin:      10.090400  2Thmax:      99.993401  Step:       0.013132  No. of points:   6848
 --------------------------------------------------------------------------------
 => Phase  No. 1
       #(C) 2021 by FIZ Karlsruhe - Leibniz Institute for Information Infras
 --------------------------------------------------------------------------------
 =>-------> Pattern#  1
 => Crystal Structure Refinement
 => Preferred orientation vector:   1.0000  0.0000  0.0000

 =>-------> Data for PHASE: 1
 => Number of atoms:    6
 => Number of distance  constraints:    0
 => Number of angle     constraints:    0

 => Symmetry information on space group: P 1 21/c 1          
 -> The multiplicity of the general position is:   4
 -> The space group is Centric (-1 at origin)   
 -> Lattice type  P: { 000 }                                       
 -> Reduced set of symmetry operators:

  No.  IT   Symmetry symbol    Rotation part     Associated Translation
   1: ( 1)   1            -->     ( x, y, z) + {  0.0000  0.0000  0.0000}
   2: ( 3)   2 ( 0, y, 0) -->     (-x, y,-z) + {  0.0000  0.5000  0.5000}


        Information on Space Group: 
        --------------------------- 

 =>   Number of Space group:  14
 =>  Hermann-Mauguin Symbol: P 1 21/c 1
 =>             Hall Symbol: -P 2ybc
 =>    Table Setting Choice: b1
 =>            Setting Type: IT (Generated from Hermann-Mauguin symbol)
 =>          Crystal System: Monoclinic
 =>              Laue Class: 2/m
 =>             Point Group: 2/m
 =>         Bravais Lattice: P
 =>          Lattice Symbol: mP
 =>  Reduced Number of S.O.:   2
 =>    General multiplicity:   4
 =>          Centrosymmetry: Centric (-1 at origin)
 =>  Generators (exc. -1&L):   1
 =>         Asymmetric unit:  0.000 <= x <=  1.000
                              0.000 <= y <=  0.250
                              0.000 <= z <=  1.000

 => List of S.O. without inversion and lattice centring translations
 => SYMM(  1): x,y,z                               => SYMM(  2): -x,y+1/2,-z+1/2


 => Initial parameters ==>
 Atom    Ntyp                  X         Y         Z         B         occ.         in  fin  Spc  Mult
                             B11       B22       B33       B12       B13       B23
 Na1    Na                 0.36814   0.78531   0.11818   1.12908   1.00000           0    0    0    4
                 Codes:  151.00000 161.00000 171.00000   0.00000   0.00000
 Nb1    Nb                 0.15531   0.25564   0.31749   1.31779   1.00000           0    0    0    4
                 Codes:  181.00000 191.00000 201.00000   0.00000   0.00000
 O1     O                  0.18176   0.15972   0.05924   1.45281   1.00000           0    0    0    4
                 Codes:  211.00000 221.00000 231.00000   0.00000   0.00000
 O2     O                  0.07170   0.58908   0.23387   1.45281   1.00000           0    0    0    4
                 Codes:  241.00000 251.00000 261.00000   0.00000   0.00000
 F1     F                  0.36562   0.42675   0.30357   1.79232   1.00000           0    0    0    4
                 Codes:  271.00000 281.00000 291.00000   0.00000   0.00000
 F2     F                  0.31820   0.97937   0.38365   1.79232   1.00000           0    0    0    4
                 Codes:  301.00000 311.00000 321.00000   0.00000   0.00000

 => IT IS ASSUMED THAT THE FIRST GIVEN SITE IS FULLY OCCUPIED 
    OR THE FIRST AND SECOND ATOMS ARE IN THE SAME SITE WITH TOTAL FULL OCCUPATION
  (If this is not the case, change the order of atoms to obtain correct values for the content of the unit cell)
    The given occupation factors have been obtained mutiplying m/M by   1.0000
      -> Atom: Na  ,  Chemical element: NA  Atomic Mass:    22.9898
      -> Atom: Nb  ,  Chemical element: NB  Atomic Mass:    92.9064
      -> Atom: O   ,  Chemical element: O   Atomic Mass:    15.9994
      -> Atom: O   ,  Chemical element: O   Atomic Mass:    15.9994
      -> Atom: F   ,  Chemical element: F   Atomic Mass:    18.9984
      -> Atom: F   ,  Chemical element: F   Atomic Mass:    18.9984
 => The given value of ATZ is        743.57 the program has calculated:         743.57
    The value of ATZ given in the input PCR file will be used for quantitative analysis
 => The chemical content of the unit cell is: 
       4.0000 Na   +   4.0000 Nb   +   4.0000 O    +   4.0000 O    +   4.0000 F    +   4.0000 F      
 => The normalized site occupation numbers in % are: 
     100.0000 Na1    :      100.0000 Nb1    :      100.0000 O1     :      100.0000 O2     :      100.0000 F1     :      100.0000 F2       
 => The density (volumic mass) of the compound is:    3.797 g/cm3

 =>-------> PROFILE PARAMETERS FOR PATTERN:  1

 => Overall scale factor:   0.652190E-02
 => ETA (p-Voigt) OR M (Pearson VII):   0.4633
 => Overall temperature factor:      0.00000
 => Halfwidth U,V,W:      0.02950    -0.00908     0.00608
 => X and Y parameters:       0.0027      0.0000
 => Direct cell parameters:    8.0294   5.4258   7.6327  90.0000 102.0869  90.0000
 => Preferred orientation parameters:  -0.4009  0.0000
 => Asymmetry parameters     :      0.02842     0.01235     0.00000     0.00000
 => Strain parameters        :      0.00000     0.00000     0.00000
 => Size   parameters        :      0.00000     0.00000

 ==> CODEWORDS FOR PROFILE PARAMETERS of PATTERN#  1

 => Overall scale factor:   21.000
 => ETA (p-Voigt) OR M (Pearson VII):   91.000
 => Overall temperature factor:    0.000
 => Halfwidth U,V,W:   71.000 111.000  81.000
 => X and Y parameters:  101.000   0.000
 => Direct cell parameters:   31.000  41.000  51.000   0.000  61.000   0.000
 => Preferred orientation parameters:  141.000   0.000
 => Asymmetry parameters     :  121.000 131.000   0.000   0.000
 => Strain parameters        :    0.000   0.000   0.000
 => Size   parameters        :    0.000   0.000

 => Cell constraints according to Laue symmetry: 2/m  

        Metric information:
        -------------------

 => Direct cell parameters:

         a =       8.0294      b =       5.4258      c =       7.6327
     alpha =       90.000   beta =      102.087  gamma =       90.000
                        Direct Cell Volume =     325.1558

 => Reciprocal cell parameters:

         a*=     0.127365      b*=     0.184304      c*=     0.133985
     alpha*=       90.000   beta*=       77.913  gamma*=       90.000
                    Reciprocal Cell Volume =   0.00307545

 => Direct and Reciprocal Metric Tensors:

                   GD                                       GR
     64.4718      0.0000    -12.8330          0.016222    0.000000    0.003573
      0.0000     29.4394      0.0000          0.000000    0.033968    0.000000
    -12.8330      0.0000     58.2582          0.003573    0.000000    0.017952

 =>  Cartesian frame: z // c; y is in the bc-plane; x is y ^ z = a*  

     Crystal_to_Orthonormal_Matrix              Orthonormal_to_Crystal Matrix
              Cr_Orth_cel                               Orth_Cr_cel  
      8.0294      0.0000     -1.5982          0.124542   -0.000000    0.026670
      0.0000      5.4258      0.0000          0.000000    0.184304   -0.000000
      0.0000      0.0000      7.4635          0.000000    0.000000    0.133985

     Busing-Levy B-matrix: Hc=B.H            Inverse of the Busing-Levy B-matrix
                BL_M                                      BL_Minv  
    0.127365    0.000000    0.028056            7.8514     -0.0000     -1.6813
    0.000000    0.184304   -0.000000            0.0000      5.4258      0.0000
    0.000000    0.000000    0.131015            0.0000      0.0000      7.6327

 => Laue symmetry 2/m   will be used to generate HKL for pattern#   1
 => Reflections generated between S(1/d)min:  0.1139 A-1 and S(1/d)max:  1.0102 A-1
 =>                                    dmax:  8.7808 A   and      dmin:  0.9899 A
 => The number of reflections generated is:    354
 => The max. scatt. variable (gen.ref.) is:       102.1743
 => Scattering coefficients from internal table


 => X-ray scattering coeff. (A1, B1, A2,...C, f(0), Z, Dfp,Dfpp)

 NA      4.7626   3.2850   3.1736   8.8422   1.2674   0.3136   1.1128 129.4240   0.6760  10.9924  11.0000   0.1290   0.1240
 NB     17.6142   1.1887  12.0144  11.7660   4.0418   0.2048   3.5335  69.7957   3.7559  40.9598  41.0000  -0.2480   2.4820
 O       3.0485  13.2771   2.2868   5.7011   1.5463   0.3239   0.8670  32.9089   0.2508   7.9994   8.0000   0.0470   0.0320
 F       3.5392  10.2825   2.6412   4.2944   1.5170   0.2615   1.0243  26.1476   0.2776   8.9993   9.0000   0.0690   0.0530

     --------------------------------------------------------------
      SYMBOLIC NAMES AND INITIAL VALUES OF PARAMETERS TO BE VARIED:
     --------------------------------------------------------------

      ->  Parameter number    1   -> Symbolic Name:                                          Zero_pat1   -0.60899998E-02
      ->  Parameter number    2   -> Symbolic Name:                                     Scale_ph1_pat1    0.65219002E-02
      ->  Parameter number    3   -> Symbolic Name:                                    Cell_A_ph1_pat1     8.0294352    
      ->  Parameter number    4   -> Symbolic Name:                                    Cell_B_ph1_pat1     5.4258060    
      ->  Parameter number    5   -> Symbolic Name:                                    Cell_C_ph1_pat1     7.6327038    
      ->  Parameter number    6   -> Symbolic Name:                                    Cell_E_ph1_pat1     102.08690    
      ->  Parameter number    7   -> Symbolic Name:                                    U-Cagl_ph1_pat1    0.29505000E-01
      ->  Parameter number    8   -> Symbolic Name:                                    W-Cagl_ph1_pat1    0.60760002E-02
      ->  Parameter number    9   -> Symbolic Name:                                     EtaPV_ph1_pat1    0.46325999    
      ->  Parameter number   10   -> Symbolic Name:                                     X-tan_ph1_pat1    0.27150000E-02
      ->  Parameter number   11   -> Symbolic Name:                                    V-Cagl_ph1_pat1   -0.90790000E-02
      ->  Parameter number   12   -> Symbolic Name:                                     Asym1_ph1_pat1    0.28419999E-01
      ->  Parameter number   13   -> Symbolic Name:                                     Asym2_ph1_pat1    0.12350000E-01
      ->  Parameter number   14   -> Symbolic Name:                                       Or1_ph1_pat1   -0.40088001    
      ->  Parameter number   15   -> Symbolic Name:                                          X_Na1_ph1    0.36814001    
      ->  Parameter number   16   -> Symbolic Name:                                          Y_Na1_ph1    0.78530997    
      ->  Parameter number   17   -> Symbolic Name:                                          Z_Na1_ph1    0.11818000    
      ->  Parameter number   18   -> Symbolic Name:                                          X_Nb1_ph1    0.15531000    
      ->  Parameter number   19   -> Symbolic Name:                                          Y_Nb1_ph1    0.25564000    
      ->  Parameter number   20   -> Symbolic Name:                                          Z_Nb1_ph1    0.31749001    
      ->  Parameter number   21   -> Symbolic Name:                                           X_O1_ph1    0.18176000    
      ->  Parameter number   22   -> Symbolic Name:                                           Y_O1_ph1    0.15972000    
      ->  Parameter number   23   -> Symbolic Name:                                           Z_O1_ph1    0.59239998E-01
      ->  Parameter number   24   -> Symbolic Name:                                           X_O2_ph1    0.71699999E-01
      ->  Parameter number   25   -> Symbolic Name:                                           Y_O2_ph1    0.58907998    
      ->  Parameter number   26   -> Symbolic Name:                                           Z_O2_ph1    0.23387000    
      ->  Parameter number   27   -> Symbolic Name:                                           X_F1_ph1    0.36561999    
      ->  Parameter number   28   -> Symbolic Name:                                           Y_F1_ph1    0.42675000    
      ->  Parameter number   29   -> Symbolic Name:                                           Z_F1_ph1    0.30357000    
      ->  Parameter number   30   -> Symbolic Name:                                           X_F2_ph1    0.31819999    
      ->  Parameter number   31   -> Symbolic Name:                                           Y_F2_ph1    0.97937000    
      ->  Parameter number   32   -> Symbolic Name:                                           Z_F2_ph1    0.38365000    
  
 
 => No optimization for routine tasks
 ++++++++++++++++++++++++++++++++++++++++++++++++++++++++++++++++++++++++++++++++++++++++++++++++++++++++++++++++++++++++

 => CYCLE No.:    1
 ---------------------------------------------------------------------------------------
 => Phase  1 Name:  #(C) 2021 by FIZ Karlsruhe - Leibniz Institute for Information Infras
 ---------------------------------------------------------------------------------------
 => New parameters, shifts, and standard deviations

 Atom        x       dx      sx       y       dy      sy       z       dz      sz       B       dB      sB      occ.    docc.   socc.

 Na1      0.36814-0.00000 0.00044  0.78530-0.00001 0.00131  0.11818-0.00000 0.00062  1.12908 0.00000 0.00000  1.00000 0.00000 0.00000
 Nb1      0.15531-0.00000 0.00013  0.25563-0.00001 0.00058  0.31749-0.00000 0.00019  1.31779 0.00000 0.00000  1.00000 0.00000 0.00000
 O1       0.18176-0.00000 0.00085  0.15971-0.00001 0.00132  0.05923-0.00001 0.00137  1.45281 0.00000 0.00000  1.00000 0.00000 0.00000
 O2       0.07169-0.00001 0.00075  0.58906-0.00002 0.00162  0.23387-0.00000 0.00109  1.45281 0.00000 0.00000  1.00000 0.00000 0.00000
 F1       0.36561-0.00001 0.00073  0.42674-0.00001 0.00118  0.30358 0.00001 0.00097  1.79232 0.00000 0.00000  1.00000 0.00000 0.00000
 F2       0.31820 0.00000 0.00070  0.97936-0.00001 0.00108  0.38364-0.00001 0.00100  1.79232 0.00000 0.00000  1.00000 0.00000 0.00000

 ==> PROFILE PARAMETERS FOR PATTERN#  1

 => Overall scale factor:      0.006521088    -0.000000812     0.000027318
 => Eta(p-Voigt) or m(Pearson VII):   0.463171 -0.000089  0.013655
 => Overall tem. factor:     0.000000    0.000000    0.000000
 => Halfwidth parameters: 
         0.029501   -0.000004    0.001669
        -0.009088   -0.000009    0.001019
         0.006076    0.000000    0.000149
 => Cell parameters: 
        8.029436    0.000001    0.000099
        5.425807    0.000000    0.000085
        7.632705    0.000001    0.000105
       90.000000    0.000000    0.000000
      102.086891   -0.000008    0.000904
       90.000000    0.000000    0.000000
 => Preferred orientation: 
        -0.400917   -0.000037    0.003677
         0.000000    0.000000    0.000000
 => Asymmetry parameters: 
         0.028415   -0.000005    0.003096
         0.012350   -0.000000    0.000623
         0.000000    0.000000    0.000000
         0.000000    0.000000    0.000000
 => X and Y parameters: 
         0.002713   -0.000002    0.000460
         0.000000    0.000000    0.000000
 => Strain parameters: 
         0.000000    0.000000    0.000000
         0.000000    0.000000    0.000000
         0.000000    0.000000    0.000000
 => Size   parameters (G,L): 
         0.000000    0.000000    0.000000
         0.000000    0.000000    0.000000

 ==> GLOBAL PARAMETERS FOR PATTERN#  1


 => Zero-point:    -0.0061    0.0000    0.0006

 => Cos( theta)-shift parameter :   0.0000  0.0000  0.0000
 => Sin(2theta)-shift parameter :   0.0000  0.0000  0.0000

 ==> RELIABILITY FACTORS WITH ALL NON-EXCLUDED POINTS FOR PATTERN:  1

 => R-Factors:   2.27      3.26     Chi2:  7.95     DW-Stat.:  0.3920   Patt#:  1
 => Expected :            1.16                                1.9331
 => Deviance : 0.525E+05     Dev*:   8.067    
 => GoF-index:  2.8         Sqrt(Residual/N)
 => N-P+C:  6510

 =>    SumYdif       SumYobs      SumYcal      SumwYobsSQ     Residual    Condition
     0.1107E+07    0.4877E+08    0.4871E+08    0.4877E+08    0.5175E+05    0.9343E+10


 => Conventional Rietveld Rp,Rwp,Re and Chi2:   15.7      12.0      4.26      7.950    
 => (Values obtained using Ynet, but true sigma(y))
 =>  SumYnet, Sum(w Ynet**2):     0.7060E+07    0.3593E+07


 ==> RELIABILITY FACTORS FOR POINTS WITH BRAGG CONTRIBUTIONS FOR PATTERN:  1

 => R-Factors:   2.35      3.37     Chi2:  8.52     DW-Stat.:  0.4061   Patt#:
 => Expected :            1.16                                1.9301
 => Deviance : 0.507E+05     Dev*:   8.650    
 => GoF-index:  2.9         Sqrt(Residual/N)
 => N-P+C:  5862

 =>    SumYdif       SumYobs      SumYcal      SumwYobsSQ     Residual    Condition
     0.1032E+07    0.4390E+08    0.4387E+08    0.4390E+08    0.4995E+05    0.9343E+10


 => Conventional Rietveld Rp,Rwp,Re and Chi2:   14.6      11.8      4.04      8.522    
 => (Values obtained using Ynet, but true sigma(y))
 =>  SumYnet, Sum(w Ynet**2):     0.7049E+07    0.3591E+07


 => Global user-weigthed Chi2 (Bragg contrib.):   8.52    

 => ---------> Pattern#  1
 => Phase:  1
 =>    Bragg R-factor:  8.14    
 =>    RF-factor     :  8.57    


   Standard deviations have to be multiplied by: 3.3844
   (correlated residuals) See references:
  -J.F.Berar & P.Lelann, J. Appl. Cryst. 24, 1-5 (1991) 
  -J.F.Berar, Acc. in Pow. Diff. II,NIST Sp.Pub. 846, 63(1992) 

 ++++++++++++++++++++++++++++++++++++++++++++++++++++++++++++++++++++++++++++++++++++++++++++++++++++++++++++++++++++++++

 => CYCLE No.:    1
 =>  Convergence reached at this CYCLE !!!!
 =>  Parameter shifts set to zero
 ---------------------------------------------------------------------------------------
 => Phase  1 Name:  #(C) 2021 by FIZ Karlsruhe - Leibniz Institute for Information Infras
 ---------------------------------------------------------------------------------------
 => New parameters, shifts, and standard deviations

 Atom        x       dx      sx       y       dy      sy       z       dz      sz       B       dB      sB      occ.    docc.   socc.

 Na1      0.36814 0.00000 0.00044  0.78530 0.00000 0.00131  0.11818 0.00000 0.00062  1.12908 0.00000 0.00000  1.00000 0.00000 0.00000
 Nb1      0.15531 0.00000 0.00013  0.25563 0.00000 0.00058  0.31749 0.00000 0.00019  1.31779 0.00000 0.00000  1.00000 0.00000 0.00000
 O1       0.18176 0.00000 0.00085  0.15971 0.00000 0.00132  0.05923 0.00000 0.00137  1.45281 0.00000 0.00000  1.00000 0.00000 0.00000
 O2       0.07169 0.00000 0.00075  0.58906 0.00000 0.00162  0.23387 0.00000 0.00109  1.45281 0.00000 0.00000  1.00000 0.00000 0.00000
 F1       0.36561 0.00000 0.00073  0.42674 0.00000 0.00118  0.30358 0.00000 0.00097  1.79232 0.00000 0.00000  1.00000 0.00000 0.00000
 F2       0.31820 0.00000 0.00070  0.97936 0.00000 0.00108  0.38364 0.00000 0.00100  1.79232 0.00000 0.00000  1.00000 0.00000 0.00000

 ==> PROFILE PARAMETERS FOR PATTERN#  1

 => Overall scale factor:      0.006521088     0.000000000     0.000027318
 => Eta(p-Voigt) or m(Pearson VII):   0.463171  0.000000  0.013655
 => Overall tem. factor:     0.000000    0.000000    0.000000
 => Halfwidth parameters: 
         0.029501    0.000000    0.001669
        -0.009088    0.000000    0.001019
         0.006076    0.000000    0.000149
 => Cell parameters: 
        8.029436    0.000000    0.000099
        5.425807    0.000000    0.000085
        7.632705    0.000000    0.000105
       90.000000    0.000000    0.000000
      102.086891    0.000000    0.000904
       90.000000    0.000000    0.000000
 => Preferred orientation: 
        -0.400917    0.000000    0.003677
         0.000000    0.000000    0.000000
 => Asymmetry parameters: 
         0.028415    0.000000    0.003096
         0.012350    0.000000    0.000623
         0.000000    0.000000    0.000000
         0.000000    0.000000    0.000000
 => X and Y parameters: 
         0.002713    0.000000    0.000460
         0.000000    0.000000    0.000000
 => Strain parameters: 
         0.000000    0.000000    0.000000
         0.000000    0.000000    0.000000
         0.000000    0.000000    0.000000
 => Size   parameters (G,L): 
         0.000000    0.000000    0.000000
         0.000000    0.000000    0.000000

 ==> GLOBAL PARAMETERS FOR PATTERN#  1


 => Zero-point:    -0.0061    0.0000    0.0006

 => Cos( theta)-shift parameter :   0.0000  0.0000  0.0000
 => Sin(2theta)-shift parameter :   0.0000  0.0000  0.0000

 ==> RELIABILITY FACTORS WITH ALL NON-EXCLUDED POINTS FOR PATTERN:  1

 => R-Factors:   2.27      3.26     Chi2:  7.95     DW-Stat.:  0.3920   Patt#:  1
 => Expected :            1.16                                1.9331
 => Deviance : 0.525E+05     Dev*:   8.067    
 => GoF-index:  2.8         Sqrt(Residual/N)
 => N-P+C:  6510

 =>    SumYdif       SumYobs      SumYcal      SumwYobsSQ     Residual    Condition
     0.1107E+07    0.4877E+08    0.4871E+08    0.4877E+08    0.5175E+05    0.9343E+10


 => Conventional Rietveld Rp,Rwp,Re and Chi2:   15.7      12.0      4.26      7.950    
 => (Values obtained using Ynet, but true sigma(y))
 =>  SumYnet, Sum(w Ynet**2):     0.7060E+07    0.3593E+07

 => N-sigma of the GoF:      396.519

 ==> RELIABILITY FACTORS FOR POINTS WITH BRAGG CONTRIBUTIONS FOR PATTERN:  1

 => R-Factors:   2.35      3.37     Chi2:  8.52     DW-Stat.:  0.4061   Patt#:
 => Expected :            1.16                                1.9301
 => Deviance : 0.507E+05     Dev*:   8.650    
 => GoF-index:  2.9         Sqrt(Residual/N)
 => N-P+C:  5862

 =>    SumYdif       SumYobs      SumYcal      SumwYobsSQ     Residual    Condition
     0.1032E+07    0.4390E+08    0.4387E+08    0.4390E+08    0.4995E+05    0.9343E+10


 => Conventional Rietveld Rp,Rwp,Re and Chi2:   14.6      11.8      4.04      8.522    
 => (Values obtained using Ynet, but true sigma(y))
 =>  SumYnet, Sum(w Ynet**2):     0.7049E+07    0.3591E+07

 => N-sigma of the GoF:      407.205

 => Global user-weigthed Chi2 (Bragg contrib.):   8.83    

 => ---------> Pattern#  1
 => Phase:  1
 =>    Bragg R-factor:  8.14    
 =>    RF-factor     :  8.57    

 --------------------------------------------------------------------------------------------------------------
 Pattern#  1 Phase No.:   1 Phase name:  #(C) 2021 by FIZ Karlsruhe - 
 --------------------------------------------------------------------------------------------------------------

   No.  Code     H   K   L  Mult      Hw      ETA/M    2theta/TOF     Icalc       Iobs      Sigma     StrFactor^2    d-hkl       CORR

      1   1      1   0   0     2  0.073944  0.493717      11.260     4838.7     4705.4      9.820       3865.8079  7.851431      1.000000
      2   1      1   1   0     4  0.073424  0.517083      19.874     7059.1     6855.6     10.765      13054.5586  4.463662      0.687868
      3   1      0   1   1     4  0.073452  0.518014      20.217       10.6       31.4      3.219         32.3003  4.388658      0.431806
      4   1     -1   1   1     4  0.073652  0.522669      21.933        1.1       31.5      4.735          2.9302  4.049033      0.584722
      5   1      2   0   0     2  0.073761  0.524563      22.631     1940.0     2052.6      8.531       6461.1216  3.925716      1.000000
      6   1      0   0   2     2  0.073985  0.527799      23.824     1723.9     1753.0      7.094      13412.8105  3.731748      0.476497
      7   1     -1   0   2     2  0.074054  0.528674      24.147     2471.8     2371.4      6.637      18653.5801  3.682624      0.505094
      8   1      1   1   1     4  0.074111  0.529370      24.404       31.4       32.6      2.792         89.2725  3.644473      0.686517
      9   1      2   1   0     4  0.075154  0.539211      28.031     7677.3     7557.8     11.063      23444.1855  3.180526      0.854476
     10   1      1   0   2     2  0.075332  0.540561      28.529       90.7       88.7      1.685        710.6930  3.126164      0.691152
     11   1     -2   1   1     4  0.075342  0.540635      28.556       27.4       27.5      0.502         95.3087  3.123254      0.781515
     12   1      0   1   2     4  0.075514  0.541884      29.017     2558.5     2726.4      7.049      15712.8936  3.074718      0.457120
     13   1     -1   1   2     4  0.075618  0.542614      29.286      233.8      310.4      2.035       1393.1421  3.047066      0.480608
     14   1     -2   0   2     2  0.075640  0.542767      29.342      517.6      662.5      3.740       4185.2964  3.041364      0.711111
     15   1      2   1   1     4  0.076993  0.551033      32.389       43.3        0.0      6.369        184.3516  2.761827      0.833276
     16   1      0   2   0     2  0.077296  0.552663      32.990      651.8      654.1      3.398      12952.2354  2.712903      0.371899
     17   1      1   1   2     4  0.077323  0.552805      33.042     1242.7     1210.3      4.447       7171.9478  2.708726      0.642406
     18   1     -2   1   2     4  0.077702  0.554743      33.757      872.2      844.1      5.151       5120.4102  2.653001      0.661231
     19   1      3   0   0     2  0.077963  0.556036      34.234      537.5      676.7      4.750       4302.2480  2.617144      1.000000
     20   1      1   2   0     4  0.078379  0.558017      34.964      541.9      559.7      5.601       4197.6636  2.564150      0.540903
     21   1      0   2   1     4  0.078499  0.558572      35.168       19.9       45.2      1.513        207.4998  2.549689      0.406155
     22   1     -1   2   1     4  0.079140  0.561441      36.226       22.9       35.3      3.105        208.6158  2.477649      0.496182
     23   1      2   0   2     2  0.079312  0.562182      36.499      502.9      361.0      6.066       5631.3516  2.459722      0.821474
     24   1     -3   0   2     2  0.080021  0.565134      37.588      178.3      113.1      3.490       2101.1028  2.390966      0.832128
     25   1     -3   1   1     4  0.080137  0.565603      37.760      473.7      460.1      3.652       2671.5022  2.380430      0.878524
     26   1      1   2   1     4  0.080190  0.565818      37.840      361.1      331.5      2.733       3178.5059  2.375618      0.565416
     27   1      3   1   0     4  0.080399  0.566649      38.146        1.3        2.6      0.257          6.9511  2.357249      0.922219
     28   1     -1   1   3     4  0.081195  0.569702      39.271      281.0      317.3      7.132       3614.1335  2.292234      0.419721
     29   1      0   1   3     4  0.081604  0.571214      39.829        0.6        2.7      0.510          7.0967  2.261442      0.466430
     30   1      2   1   2     4  0.081899  0.572279      40.221       45.1       96.9      3.091        331.6306  2.240267      0.773473
     31   1      2   2   0     4  0.082019  0.572709      40.380      189.2      328.6      3.922       1579.1167  2.231831      0.687868
     32   1     -2   2   1     4  0.082313  0.573747      40.762        0.6        0.8      0.181          5.9038  2.211768      0.645130
     33   1      0   2   2     4  0.082578  0.574665      41.101      187.4      157.9      3.027       2590.9021  2.194329      0.431806
     34   1     -3   1   2     4  0.082676  0.575005      41.226      520.9      469.4      3.557       3986.1553  2.187950      0.785189
     35   1     -1   2   2     4  0.082735  0.575205      41.300      274.7      260.1      2.101       3696.8479  2.184211      0.448379
     36   1     -2   1   3     4  0.083388  0.577405      42.111       18.2        6.2      3.343        203.3657  2.144005      0.563362
     37   1      3   1   1     4  0.083539  0.577903      42.294       20.5        1.9      3.653        144.3669  2.135127      0.903235
     38   1      2   2   1     4  0.084693  0.581596      43.656       95.3       75.6      3.941        930.5807  2.071652      0.699136
     39   1      1   1   3     4  0.084710  0.581647      43.675       83.9       66.8      3.008        945.0576  2.070792      0.606220
     40   1      1   2   2     4  0.085141  0.582976      44.165       29.3       15.3      2.870        360.7109  2.048956      0.569330
     41   1     -2   2   2     4  0.085644  0.584500      44.726      738.2      748.0      6.622       9092.1123  2.024516      0.584722
     42   1      4   0   0     2  0.087025  0.588528      46.211     1198.3     1323.8      7.948      18563.9453  1.962858      1.000000
     43   1      3   0   2     2  0.087127  0.588818      46.318      123.4      128.6      0.842       2159.6570  1.958580      0.890094
     44   1     -4   0   2     2  0.088355  0.592225      47.574      489.8      375.7      4.287       9038.2051  1.909755      0.895741
     45   1     -1   0   4     2  0.088418  0.592396      47.637      490.8      448.8      3.194      21109.1172  1.907380      0.385548
     46   1     -3   1   3     4  0.088635  0.592981      47.853       10.7       10.1      0.359        130.6062  1.899294      0.686145
     47   1     -3   2   1     4  0.088743  0.593271      47.960       13.4       13.0      0.641        148.7269  1.895307      0.756048
     48   1      3   2   0     4  0.089066  0.594135      48.278     1334.1     1498.3      5.989      14429.1172  1.883544      0.789701
     49   1     -4   1   1     4  0.089161  0.594385      48.370       23.5       27.3      0.136        217.7071  1.880164      0.925608
     50   1      0   0   4     2  0.089567  0.595455      48.765       41.0      119.9      2.221       1502.2097  1.865874      0.476497
     51   1     -1   2   3     4  0.090037  0.596675      49.214        1.5        2.1      0.045         32.8313  1.849876      0.410266
     52   1      4   1   0     4  0.090160  0.596990      49.331     1047.5     1145.8      5.580       9855.2939  1.845789      0.952846
     53   1      3   1   2     4  0.090267  0.597266      49.432       84.5       87.8      0.395        893.3713  1.842230      0.852356
     54   1     -2   0   4     2  0.090295  0.597337      49.459      343.1      351.0      1.583      12251.7715  1.841312      0.505094
     55   1      0   2   3     4  0.090532  0.597942      49.681        0.7        0.6      0.023         13.3075  1.833578      0.447707
     56   1      2   2   2     4  0.090886  0.598838      50.012     1493.7     1447.6      6.005      20112.7734  1.822236      0.686517
     57   1      2   1   3     4  0.091092  0.599354      50.202        1.6        1.7      0.023         21.1316  1.815768      0.718581
     58   1     -4   1   2     4  0.091559  0.600515      50.630      162.8      144.7      2.635       1800.7744  1.801425      0.859240
     59   1     -1   1   4     4  0.091625  0.600678      50.690      115.9      125.8      1.617       2870.0535  1.799432      0.384770
     60   1     -3   2   2     4  0.091815  0.601145      50.862      306.1      344.5      3.261       4207.8013  1.793746      0.698416

   No.  Code     H   K   L  Mult      Hw      ETA/M    2theta/TOF     Icalc       Iobs      Sigma     StrFactor^2    d-hkl       CORR

     61   1     -2   2   3     4  0.092659  0.603191      51.617       16.6       12.2      0.747        312.8090  1.769291      0.526908
     62   1      0   1   4     4  0.092831  0.603603      51.768      693.5      707.5      4.854      14724.9521  1.764457      0.470470
     63   1      3   2   1     4  0.092837  0.603617      51.774       35.4       36.1      0.240        446.2914  1.764292      0.792457
     64   1      1   3   0     4  0.092903  0.603775      51.832      211.3      206.8      1.415       4367.3213  1.762447      0.484544
     65   1      0   3   1     4  0.093073  0.604180      51.981       69.8       75.7      0.975       1779.6720  1.757730      0.395353
     66   1     -2   1   4     4  0.093593  0.605406      52.433        0.2        0.0      0.056          4.3248  1.743643      0.497500
     67   1      1   0   4     2  0.093904  0.606132      52.701      176.9      132.3      4.640       6205.7324  1.735415      0.592856
     68   1     -1   3   1     4  0.093973  0.606294      52.760        2.7        1.8      0.089         62.7218  1.733593      0.456930
     69   1      1   2   3     4  0.094209  0.606841      52.962        7.0        0.0      1.226        131.4305  1.727470      0.563205
     70   1      4   1   1     4  0.094707  0.607982      53.383        2.4        0.0      2.409         26.8709  1.714840      0.938410
     71   1      1   3   1     4  0.095412  0.609579      53.971        0.1        0.0      0.353          1.1775  1.697517      0.505878
     72   1     -3   0   4     2  0.095456  0.609679      54.008        0.9        0.0      3.915         31.6784  1.696449      0.618237
     73   1      1   1   4     4  0.097361  0.613865      55.551      232.2      186.5      6.368       4672.3633  1.652925      0.581124
     74   1     -4   1   3     4  0.097706  0.614605      55.824       83.6       80.6      1.208       1274.6796  1.645486      0.775858
     75   1      2   3   0     4  0.097839  0.614889      55.929      854.2      805.0      4.621      17058.8027  1.642657      0.594438
     76   1     -2   3   1     4  0.098221  0.615702      56.229       42.9       54.4      1.385        911.3541  1.634608      0.566174
     77   1      0   3   2     4  0.098564  0.616425      56.495      252.0      336.4      3.556       7356.6719  1.627531      0.415900
     78   1     -3   2   3     4  0.098732  0.616778      56.625        6.6        8.4      0.117        127.1276  1.624099      0.634250
     79   1     -1   3   2     4  0.098767  0.616851      56.652       15.7       19.9      0.260        448.8988  1.623389      0.428050
     80   1     -3   1   4     4  0.098977  0.617290      56.814      552.2      540.5      4.082      11210.2285  1.619152      0.605570
     81   1     -4   2   1     4  0.099332  0.618027      57.086       60.5       70.0      1.871        905.6888  1.612089      0.829716
     82   1      4   0   2     2  0.099730  0.618848      57.388       31.9       22.5      2.240        865.8515  1.604302      0.927318
     83   1      4   2   0     4  0.100467  0.620352      57.943      400.5      516.0      4.377       6018.5596  1.590263      0.854476
     84   1      3   2   2     4  0.100589  0.620599      58.034      288.7      372.1      2.492       4812.2651  1.587985      0.773126
     85   1      2   3   1     4  0.101268  0.621962      58.536        2.1        2.1      0.264         45.9361  1.575543      0.610761
     86   1      2   2   3     4  0.101524  0.622473      58.725        6.4        7.1      0.193        127.4835  1.570943      0.664692
     87   1      5   0   0     2  0.101561  0.622546      58.751       24.4       25.9      0.522        645.4690  1.570286      1.000000
     88   1      3   1   3     4  0.101594  0.622612      58.776       13.9       14.3      0.242        229.9944  1.569693      0.798263
     89   1     -5   0   2     2  0.101598  0.622620      58.779      143.8      147.7      2.479       4097.2798  1.569625      0.930509
     90   1      1   3   2     4  0.101831  0.623082      58.949      235.8      254.0      2.236       6063.4404  1.565490      0.518794
     91   1      2   0   4     2  0.101969  0.623353      59.049       70.2       70.5      0.528       2718.7292  1.563082      0.691152
     92   1     -4   2   2     4  0.102052  0.623517      59.109      554.0      536.7      2.823       9514.9180  1.561627      0.781515
     93   1     -1   2   4     4  0.102126  0.623664      59.164      181.3      181.4      1.091       6362.7490  1.560328      0.383047
     94   1     -2   3   2     4  0.102464  0.624325      59.407      488.1      465.3      3.422      12480.4785  1.554508      0.530825
     95   1     -5   1   1     4  0.103335  0.626015      60.030       18.9       15.7      0.230        276.3882  1.539857      0.950557
     96   1      4   1   2     4  0.103419  0.626178      60.090      852.7      747.5      5.233      13198.6953  1.538460      0.898997
     97   1      0   2   4     4  0.103486  0.626307      60.138       19.8       17.5      0.137        603.5383  1.537359      0.457120
     98   1     -2   2   4     4  0.104344  0.627942      60.741      252.4      329.5      3.950       7482.2031  1.523533      0.480608
     99   1     -4   0   4     2  0.104525  0.628284      60.867       69.0       80.1      1.145       2775.7625  1.520682      0.711111
    100   1      5   1   0     4  0.105319  0.629775      61.416      500.5      610.0      3.280       7540.9028  1.508386      0.968686
    101   1     -5   1   2     4  0.105358  0.629846      61.443      465.8      557.1      2.735       7533.2305  1.507801      0.903141
    102   1      4   2   1     4  0.105595  0.630288      61.605        6.3        6.6      0.045        108.4001  1.504207      0.853276
    103   1      2   1   4     4  0.105742  0.630561      61.706      288.1      239.8      2.867       6278.6851  1.501998      0.676682
    104   1     -3   3   1     4  0.106305  0.631598      62.088        2.9        0.2      0.445         64.3380  1.493665      0.662424
    105   1      3   3   0     4  0.106703  0.632325      62.356        5.2        2.9      1.729        114.2434  1.487887      0.687868
    106   1     -1   3   3     4  0.107891  0.634473      63.148        5.7        6.2      1.124        218.2605  1.471123      0.402257
    107   1     -1   1   5     4  0.108029  0.634720      63.239        9.2        9.4      1.099        374.0275  1.469224      0.380839
    108   1     -4   1   4     4  0.108394  0.635369      63.478      252.8      217.0      4.417       5687.9019  1.464260      0.696410
    109   1      0   3   3     4  0.108495  0.635549      63.545        8.3        7.7      0.115        300.3652  1.462886      0.431806
    110   1      1   2   4     4  0.108569  0.635680      63.593      218.5      199.8      2.688       6198.8242  1.461896      0.554439
    111   1      2   3   2     4  0.108927  0.636314      63.827       73.5       50.3      1.747       1893.9868  1.457107      0.615252
    112   1     -4   2   3     4  0.108955  0.636362      63.845        3.6        2.4      0.103         78.4968  1.456742      0.721360
    113   1     -2   1   5     4  0.109534  0.637380      64.220        1.2        0.2      0.294         42.1564  1.449136      0.453657
    114   1     -3   3   2     4  0.110057  0.638289      64.555      200.2      179.5      4.699       5194.0991  1.442417      0.625822
    115   1      0   1   5     4  0.110308  0.638724      64.715        8.3        7.1      0.246        288.4357  1.439228      0.472521
    116   1     -3   2   4     4  0.110376  0.638841      64.758       14.9       13.1      0.552        423.7371  1.438375      0.576502
    117   1     -2   3   3     4  0.111080  0.640051      65.205        7.6        6.8      2.119        253.0357  1.429608      0.494980
    118   1      3   3   1     4  0.111296  0.640420      65.340        0.4        0.6      0.116          8.6597  1.426967      0.698769
    119   1      5   1   1     4  0.111546  0.640845      65.497       27.5       20.0      2.200        480.1983  1.423927      0.957832
    120   1     -5   1   3     4  0.111627  0.640984      65.548       32.2       19.3      2.382        645.4586  1.422942      0.837173

   No.  Code     H   K   L  Mult      Hw      ETA/M    2theta/TOF     Icalc       Iobs      Sigma     StrFactor^2    d-hkl       CORR

    121   1      1   3   3     4  0.112955  0.643217      66.372        0.7        2.8      0.946         22.1579  1.407273      0.524619
    122   1      3   2   3     4  0.113296  0.643784      66.580       23.8       42.9      4.573        553.8452  1.403367      0.744709
    123   1      3   0   4     2  0.114665  0.646034      67.410       28.0       22.6      4.545       1299.3424  1.388097      0.766432
    124   1     -3   1   5     4  0.114982  0.646549      67.600        1.9        1.8      0.326         60.9888  1.384665      0.545601
    125   1     -5   2   1     4  0.115237  0.646962      67.752        1.0        0.7      0.166         21.0417  1.381923      0.877414
    126   1      4   2   2     4  0.115331  0.647114      67.808       30.5       22.8      3.519        657.9951  1.380914      0.833276
    127   1      1   1   5     4  0.116611  0.649165      68.564        2.8        5.5      1.524         92.3563  1.367522      0.563549
    128   1      4   1   3     4  0.117377  0.650376      69.011        0.4        0.4      0.023          9.0570  1.359760      0.852293
    129   1      5   2   0     4  0.117449  0.650489      69.052       68.6       65.0      2.513       1429.2310  1.359041      0.895506
    130   1     -5   2   2     4  0.117491  0.650556      69.077       35.7       36.6      1.138        795.4367  1.358613      0.839030
    131   1      0   4   0     2  0.117709  0.650897      69.203       80.0      106.7      1.711       8060.2925  1.356452      0.371899
    132   1      2   2   4     4  0.117920  0.651228      69.325      273.1      306.5      3.324       7995.3101  1.354363      0.642406
    133   1      5   0   2     2  0.118382  0.651948      69.590       81.2       84.3      0.962       3241.6509  1.349844      0.948954
    134   1     -3   3   3     4  0.118399  0.651975      69.600        0.0        0.0      0.000          0.7551  1.349678      0.584722
    135   1     -5   0   4     2  0.118512  0.652150      69.665      245.3      242.4      2.716      11928.4590  1.348586      0.781174
    136   1      3   1   4     4  0.118907  0.652761      69.890      262.0      226.5      2.699       6662.1870  1.344787      0.751780
    137   1     -4   3   1     4  0.119119  0.653089      70.011       14.0       10.2      0.301        362.6945  1.342761      0.739353
    138   1      1   4   0     4  0.119768  0.654086      70.378       15.9       18.4      1.769        675.9364  1.336650      0.455932
    139   1      0   4   1     4  0.119990  0.654424      70.503        2.3        3.9      0.370        115.3578  1.334589      0.389642
    140   1     -1   2   5     4  0.120469  0.655152      70.771        0.6        0.7      0.023         29.4404  1.330188      0.379988
    141   1      4   3   0     4  0.120482  0.655171      70.778       80.7       92.2      3.034       2077.8784  1.330070      0.760565
    142   1      3   3   2     4  0.120628  0.655393      70.860       40.5       47.1      1.482       1142.3971  1.328736      0.696804
    143   1     -4   2   4     4  0.120875  0.655766      70.998       33.0       40.7      1.238        983.4738  1.326500      0.661231
    144   1     -6   0   2     2  0.121098  0.656103      71.122        4.8        7.4      0.381        199.5782  1.324489      0.950888
    145   1     -1   4   1     4  0.121161  0.656196      71.156        1.8        2.9      0.168         82.7569  1.323932      0.436033
    146   1      2   3   3     4  0.121749  0.657079      71.482        0.4        1.1      0.184         14.6248  1.318704      0.611589
    147   1     -2   2   5     4  0.122147  0.657671      71.700        0.6        1.0      0.135         28.2969  1.315225      0.445755
    148   1     -4   3   2     4  0.122383  0.658021      71.829       16.3       17.9      1.047        466.3333  1.313179      0.705356
    149   1     -1   3   4     4  0.122472  0.658154      71.878       47.1       52.6      2.100       2495.7808  1.312406      0.381265
    150   1      5   1   2     4  0.122762  0.658582      72.036       77.1       86.9      1.532       1684.8885  1.309916      0.927579
    151   1     -5   1   4     4  0.122897  0.658781      72.109       38.8       47.7      0.517       1027.9021  1.308766      0.766720
    152   1      6   0   0     2  0.122919  0.658814      72.121      211.6      261.5      2.808       8594.2832  1.308572      1.000000
    153   1      0   2   5     4  0.123010  0.658947      72.170       17.1       21.2      0.271        752.5130  1.307804      0.462821
    154   1      1   4   1     4  0.123027  0.658974      72.180        8.6       10.7      0.144        371.3469  1.307653      0.473231
    155   1      0   3   4     4  0.124103  0.660547      72.760       73.9       72.7      3.298       3440.5933  1.298650      0.443301
    156   1     -6   1   1     4  0.124114  0.660563      72.766        6.9        6.8      0.305        147.7935  1.298560      0.965019
    157   1      5   2   1     4  0.124390  0.660964      72.914        9.1        7.0      0.556        212.5027  1.296292      0.892807
    158   1     -5   2   3     4  0.124481  0.661096      72.962        3.0        2.3      0.174         79.4870  1.295549      0.787116
    159   1     -4   1   5     4  0.124962  0.661790      73.218       24.6       23.2      1.960        814.7490  1.291654      0.629917
    160   1     -2   3   4     4  0.125132  0.662035      73.309        6.9        6.6      0.596        311.2448  1.290284      0.463039
    161   1     -6   1   2     4  0.125581  0.662678      73.546      250.0      235.2      4.306       5661.4492  1.286707      0.930191
    162   1      2   4   0     4  0.126170  0.663519      73.855       33.6       25.6      1.501       1320.4207  1.282075      0.540903
    163   1      4   3   1     4  0.126634  0.664176      74.098        2.4        2.1      0.146         65.9641  1.278481      0.767149
    164   1     -2   4   1     4  0.126666  0.664221      74.114       26.5       23.9      1.669       1089.1503  1.278237      0.520191
    165   1      0   4   2     4  0.127109  0.664846      74.345       39.6       63.3      1.649       2096.0161  1.274844      0.406155
    166   1     -1   4   2     4  0.127372  0.665215      74.481      124.1      171.2      2.450       6435.3857  1.272851      0.415589
    167   1      6   1   0     4  0.127471  0.665355      74.532       82.5      108.6      1.629       1821.9531  1.272099      0.977798
    168   1      2   1   5     4  0.127631  0.665578      74.615        6.6        8.2      0.194        222.7296  1.270898      0.645546
    169   1     -1   0   6     2  0.127698  0.665673      74.650        1.0        1.2      0.031        108.1349  1.270393      0.396674
    170   1     -3   2   5     4  0.128227  0.666409      74.921        9.5        4.2      1.218        391.0873  1.266460      0.529418
    171   1     -2   0   6     2  0.128493  0.666778      75.057       10.8        0.4      1.745       1113.8584  1.264503      0.424827
    172   1      1   2   5     4  0.130049  0.668917      75.846       10.5        0.0      1.371        427.5751  1.253304      0.545947
    173   1      1   3   4     4  0.130206  0.669131      75.925       56.8       18.2      3.907       2410.0366  1.252198      0.525921
    174   1      2   4   1     4  0.130607  0.669676      76.125       10.6        6.0      0.796        425.8293  1.249392      0.556201
    175   1     -4   3   3     4  0.130670  0.669762      76.157        0.9        0.5      0.073         29.8112  1.248954      0.663918
    176   1      4   2   3     4  0.130906  0.670081      76.275        0.6        0.2      0.096         15.3819  1.247321      0.804300
    177   1      1   4   2     4  0.131337  0.670662      76.489       11.4       11.1      1.024        530.6674  1.244361      0.486603
    178   1      0   0   6     2  0.131402  0.670749      76.521       23.0       24.4      1.933       2181.7080  1.243916      0.476497
    179   1     -6   1   3     4  0.132054  0.671623      76.843        2.4        2.5      0.112         62.9024  1.239503      0.878617
    180   1     -2   4   2     4  0.132155  0.671758      76.893       33.0       32.0      1.013       1515.5764  1.238824      0.496182

   No.  Code     H   K   L  Mult      Hw      ETA/M    2theta/TOF     Icalc       Iobs      Sigma     StrFactor^2    d-hkl       CORR

    181   1     -3   3   4     4  0.132380  0.672058      77.004      240.0      241.4      2.943      10057.6816  1.237321      0.545079
    182   1     -1   1   6     4  0.132437  0.672134      77.032      132.9      134.7      1.591       7672.7686  1.236940      0.396012
    183   1      3   2   4     4  0.132619  0.672376      77.121        2.9        2.8      0.053         93.6341  1.235733      0.715589
    184   1     -2   1   6     4  0.133263  0.673229      77.435       31.1       29.7      1.112       1692.0233  1.231501      0.423400
    185   1      4   0   4     2  0.133515  0.673561      77.557      131.9      127.4      2.992       7424.8252  1.229861      0.821474
    186   1     -3   0   6     2  0.133875  0.674033      77.732       80.9       75.9      2.014       7436.0317  1.227541      0.505094
    187   1      3   3   3     4  0.135902  0.676665      78.702        4.3        9.0      1.092        147.3694  1.214824      0.686517
    188   1      6   1   1     4  0.136076  0.676889      78.784        5.9       11.0      0.970        143.9968  1.213759      0.969487
    189   1      0   1   6     4  0.136289  0.677162      78.885       15.4       25.0      1.739        774.7327  1.212461      0.473688
    190   1      5   2   2     4  0.136945  0.677998      79.193       44.6       47.8      1.133       1219.7982  1.208512      0.874555
    191   1     -5   2   4     4  0.137096  0.678191      79.264      240.5      231.8      3.924       7879.0317  1.207609      0.730686
    192   1     -3   4   1     4  0.137137  0.678243      79.283        8.3        8.0      0.137        331.2042  1.207364      0.599843
    193   1      3   4   0     4  0.137654  0.678898      79.525       71.2       67.5      1.365       2762.7000  1.204306      0.619664
    194   1     -5   3   1     4  0.138248  0.679646      79.801        1.1        1.1      0.022         32.8059  1.200834      0.797659
    195   1      4   3   2     4  0.138362  0.679790      79.854      182.0      187.0      2.706       5786.8599  1.200172      0.761364
    196   1     -6   2   1     4  0.138465  0.679918      79.901        7.9        8.1      0.124        211.0438  1.199578      0.908781
    197   1      4   1   4     4  0.138490  0.679950      79.913       85.4       87.3      1.407       2561.5300  1.199434      0.807999
    198   1     -3   1   6     4  0.138864  0.680418      80.085        9.1        9.3      0.204        442.8415  1.197282      0.501558
    199   1     -6   0   4     2  0.139180  0.680811      80.230       28.8       31.4      1.187       1686.7108  1.195483      0.832128
    200   1     -1   4   3     4  0.139200  0.680837      80.240        1.2        1.4      0.055         76.4380  1.195365      0.396475
    201   1     -4   2   5     4  0.139419  0.681109      80.340        4.6        5.7      0.348        185.1695  1.194127      0.607918
    202   1      0   4   3     4  0.139987  0.681813      80.600        0.3        0.3      0.014         16.1370  1.190933      0.420328
    203   1      1   0   6     2  0.140036  0.681873      80.622       45.0       47.4      2.181       3981.1567  1.190664      0.555491
    204   1     -6   2   2     4  0.140116  0.681972      80.658        1.8        1.7      0.083         49.1482  1.190215      0.878524
    205   1      5   1   3     4  0.140476  0.682416      80.822        0.0        0.0      0.001          1.3289  1.188217      0.888920
    206   1      2   4   2     4  0.140550  0.682507      80.855      159.9      150.9      3.112       6977.0239  1.187809      0.565416
    207   1     -5   1   5     4  0.140684  0.682672      80.916        2.2        2.1      0.042         77.4566  1.187073      0.701493
    208   1      5   3   0     4  0.140929  0.682972      81.027       71.0       67.1      1.217       2157.1724  1.185729      0.814704
    209   1     -5   3   2     4  0.140981  0.683036      81.050       69.0       65.8      1.157       2222.1116  1.185445      0.767975
    210   1      2   3   4     4  0.141502  0.683672      81.285       33.0       35.3      0.922       1357.2611  1.182618      0.603761
    211   1     -3   4   2     4  0.142025  0.684307      81.519       67.3       69.4      1.633       2922.3428  1.179810      0.574400
    212   1      6   2   0     4  0.142247  0.684577      81.618      162.8      169.3      3.028       4413.3301  1.178625      0.922219
    213   1      2   2   5     4  0.142427  0.684795      81.699        2.6        2.7      0.070        104.6779  1.177669      0.622744
    214   1     -2   4   3     4  0.143362  0.685919      82.113        8.9       11.3      1.374        473.5722  1.172770      0.471536
    215   1      3   4   1     4  0.143645  0.686257      82.238        0.0        0.1      0.008          1.3684  1.171311      0.632116
    216   1     -6   1   4     4  0.144394  0.687148      82.566       89.3      100.5      3.737       2768.0789  1.167480      0.819025
    217   1     -4   0   6     2  0.144493  0.687266      82.610        1.1        1.3      0.045         96.0604  1.166975      0.582342
    218   1     -1   3   5     4  0.144603  0.687396      82.658        8.0        9.5      0.378        537.3343  1.166420      0.378988
    219   1      3   1   5     4  0.144754  0.687576      82.724        9.3        9.5      0.451        331.3318  1.165656      0.714307
    220   1     -4   3   4     4  0.145098  0.687981      82.873       63.0       63.6      1.921       2590.4810  1.163932      0.621008
    221   1      1   1   6     4  0.145287  0.688203      82.955       10.1       10.0      0.374        468.2839  1.162990      0.550786
    222   1      6   0   2     2  0.145637  0.688614      83.107      102.9      103.6      2.728       5476.5220  1.161255      0.962402
    223   1      1   4   3     4  0.145821  0.688830      83.186       16.1       15.1      0.591        831.1861  1.160345      0.495855
    224   1     -2   3   5     4  0.146651  0.689799      83.543        4.7        3.4      0.962        278.3470  1.156292      0.436470
    225   1     -6   2   3     4  0.147428  0.690699      83.875        3.5        0.0      1.188        108.7842  1.152559      0.835269
    226   1      0   3   5     4  0.147706  0.691020      83.993        3.9        0.0      1.357        223.6690  1.151240      0.451402
    227   1     -1   2   6     4  0.147863  0.691200      84.060        1.1        0.4      0.436         74.2249  1.150497      0.394302
    228   1     -2   2   6     4  0.148800  0.692273      84.455       26.5       29.9      3.444       1652.6077  1.146117      0.419721
    229   1      5   3   1     4  0.149398  0.692953      84.706        0.7        0.9      0.067         23.4997  1.143364      0.818341
    230   1     -5   3   3     4  0.149509  0.693079      84.753        0.4        0.5      0.028         15.8951  1.142854      0.729409
    231   1     -7   0   2     2  0.149673  0.693264      84.821       74.8       77.9      3.006       4078.8481  1.142109      0.963648
    232   1     -4   1   6     4  0.149942  0.693569      84.933       51.3       50.3      2.093       2341.8145  1.140885      0.577095
    233   1      6   1   2     4  0.151137  0.694911      85.428       27.4       24.9      3.043        767.2050  1.135538      0.945945
    234   1      6   2   1     4  0.151996  0.695867      85.780        6.7        5.0      0.591        195.3329  1.131774      0.919124
    235   1      0   2   6     4  0.152239  0.696136      85.880       53.7       47.0      3.415       3068.2124  1.130721      0.466430
    236   1     -3   4   3     4  0.153008  0.696984      86.192       10.4        3.9      1.076        508.9332  1.127419      0.546204
    237   1     -4   4   1     4  0.153965  0.698032      86.578       12.0       14.0      1.182        483.1223  1.123379      0.670048
    238   1     -3   3   5     4  0.154118  0.698200      86.640       12.9       17.9      1.021        682.5419  1.122736      0.510090
    239   1      7   0   0     2  0.154384  0.698488      86.747       15.3       19.8      0.844        825.1516  1.121633      1.000000
    240   1     -7   1   1     4  0.154706  0.698838      86.875        0.5        0.4      0.011         12.7333  1.120300      0.974046

   No.  Code     H   K   L  Mult      Hw      ETA/M    2theta/TOF     Icalc       Iobs      Sigma     StrFactor^2    d-hkl       CORR

    241   1      2   0   6     2  0.154733  0.698867      86.886        1.1        1.0      0.027         96.5819  1.120190      0.628104
    242   1      4   2   4     4  0.154746  0.698882      86.892      137.7      127.3      3.197       4806.4946  1.120133      0.773473
    243   1     -3   2   6     4  0.155174  0.699344      87.062       87.9       96.9      1.945       4831.8433  1.118380      0.492397
    244   1     -7   1   2     4  0.155360  0.699545      87.136        3.9        4.2      0.086        111.7911  1.117617      0.947671
    245   1      4   4   0     4  0.155780  0.699997      87.303       80.3       87.8      1.609       3169.0046  1.115915      0.687868
    246   1      3   4   2     4  0.155975  0.700206      87.380       67.6       74.6      1.633       2881.7324  1.115127      0.637222
    247   1      1   3   5     4  0.156371  0.700630      87.536        0.1        0.1      0.005          6.1991  1.113539      0.524814
    248   1      5   2   3     4  0.157015  0.701316      87.789        6.6        6.2      0.601        211.8558  1.110981      0.847781
    249   1     -5   2   5     4  0.157253  0.701568      87.882        4.9        5.7      0.433        198.5756  1.110046      0.676698
    250   1      4   3   3     4  0.157433  0.701760      87.953       14.6       21.1      1.162        532.9351  1.109337      0.747553
    251   1      2   4   3     4  0.157474  0.701803      87.968       12.1       17.9      0.968        579.5272  1.109177      0.569308
    252   1     -4   4   2     4  0.158322  0.702698      88.298       87.0      112.8      2.816       3701.7781  1.105884      0.645130
    253   1     -1   4   4     4  0.158442  0.702824      88.345       36.1       48.0      1.248       2607.8354  1.105422      0.379780
    254   1      3   3   4     4  0.159562  0.703995      88.776       95.5       95.2      3.127       3916.0513  1.101161      0.672300
    255   1      7   1   0     4  0.160298  0.704758      89.058       76.4       71.9      1.905       2148.7173  1.098409      0.983479
    256   1      0   4   4     4  0.160634  0.705105      89.186       15.1       13.4      0.380        968.7718  1.097165      0.431806
    257   1      2   1   6     4  0.160664  0.705136      89.197       68.3       60.3      1.757       3038.3560  1.097053      0.622091
    258   1     -6   2   4     4  0.161505  0.706000      89.516       26.5       26.0      0.520        938.8237  1.093975      0.785189
    259   1      5   0   4     2  0.161530  0.706026      89.525       90.6       88.6      1.751       5842.7134  1.093883      0.861223
    260   1     -5   0   6     2  0.161838  0.706341      89.641       48.2       44.4      0.950       4110.0776  1.092767      0.651774
    261   1      3   2   5     4  0.161919  0.706424      89.672        2.4        2.2      0.047         95.5794  1.092474      0.689272
    262   1     -2   4   4     4  0.162021  0.706528      89.710       74.1       69.4      1.447       4596.1973  1.092106      0.448379
    263   1     -7   1   3     4  0.162364  0.706877      89.839        5.6        5.5      0.103        170.9603  1.090875      0.907044
    264   1      1   2   6     4  0.162531  0.707047      89.901      121.0      120.5      2.325       6259.8818  1.090278      0.538527
    265   1      4   4   1     4  0.164053  0.708583      90.468        1.3        0.5      0.358         51.5867  1.084921      0.697391
    266   1     -6   1   5     4  0.164565  0.709096      90.657        4.4        3.8      1.105        162.1177  1.083150      0.759313
    267   1      5   3   2     4  0.164967  0.709497      90.805       13.9       18.3      2.592        479.7622  1.081769      0.810788
    268   1     -5   3   4     4  0.165157  0.709686      90.874        0.0        0.0      0.001          0.2306  1.081122      0.686990
    269   1     -6   3   1     4  0.166878  0.711386      91.501       25.8       40.8      2.135        864.5581  1.075347      0.840940
    270   1      1   5   0     4  0.167001  0.711506      91.545       27.0       43.2      1.972       1738.8351  1.074943      0.438794
    271   1      0   5   1     4  0.167327  0.711825      91.663        1.5        2.5      0.138        109.2204  1.073870      0.386143
    272   1      5   1   4     4  0.167805  0.712292      91.835        1.5        1.9      0.075         50.7146  1.072307      0.849386
    273   1     -4   2   6     4  0.167899  0.712383      91.869        9.9       11.7      0.411        495.1667  1.072003      0.563362
    274   1     -4   3   5     4  0.168080  0.712559      91.934        0.0        0.0      0.001          1.2016  1.071415      0.580843
    275   1     -5   1   6     4  0.168129  0.712607      91.951       82.9       92.4      2.737       3638.7834  1.071256      0.645456
    276   1      1   4   4     4  0.168918  0.713371      92.233       39.3       35.7      0.628       2221.2708  1.068720      0.501624
    277   1     -6   3   2     4  0.168960  0.713411      92.248      141.3      127.6      2.107       4914.6479  1.068587      0.815802
    278   1     -1   5   1     4  0.169052  0.713500      92.280        1.8        1.6      0.024        117.5875  1.068294      0.423248
    279   1      6   2   2     4  0.169282  0.713721      92.362      166.5      149.6      2.416       5234.7090  1.067563      0.903235
    280   1     -2   1   7     4  0.169479  0.713911      92.432        8.8        8.0      0.160        625.6181  1.066940      0.401621
    281   1     -4   4   3     4  0.169554  0.713983      92.459        0.1        0.1      0.002          3.8889  1.066701      0.615697
    282   1     -1   1   7     4  0.169740  0.714162      92.524        0.4        0.3      0.008         27.5700  1.066115      0.407162
    283   1     -7   0   4     2  0.170161  0.714565      92.673       15.0       12.8      0.465        979.6697  1.064794      0.868931
    284   1      4   1   5     4  0.170792  0.715166      92.895        1.7        0.9      0.177         61.3799  1.062835      0.769465
    285   1      6   3   0     4  0.171658  0.715988      93.197       60.8       44.0      3.578       2032.5741  1.060175      0.854476
    286   1      1   5   1     4  0.171819  0.716139      93.253        1.2        1.1      0.087         78.6523  1.059686      0.453058
    287   1      2   3   5     4  0.171887  0.716203      93.277        0.8        0.7      0.059         36.1234  1.059480      0.594480
    288   1     -3   4   4     4  0.171904  0.716220      93.283        1.7        1.6      0.142         95.7457  1.059426      0.518060
    289   1      7   1   1     4  0.173057  0.717303      93.682        4.8        2.5      0.752        140.6781  1.055959      0.976965
    290   1     -7   2   1     4  0.173424  0.717645      93.808        3.9        3.2      0.595        121.2657  1.054871      0.930030
    291   1     -7   2   2     4  0.174186  0.718353      94.069      142.7      136.8      4.855       4516.5654  1.052631      0.906025
    292   1      6   1   3     4  0.175321  0.719401      94.456        1.8        1.5      0.139         55.7108  1.049342      0.914227
    293   1     -3   1   7     4  0.175598  0.719655      94.549        0.0        0.0      0.002          0.7958  1.048551      0.468734
    294   1      0   1   7     4  0.176424  0.720410      94.828        0.7        0.6      0.040         45.1584  1.046205      0.474412
    295   1      2   5   0     4  0.176520  0.720497      94.860       54.9       49.5      2.396       3115.5549  1.045937      0.507306
    296   1      3   4   3     4  0.176781  0.720735      94.947        1.1        1.1      0.032         49.0452  1.045202      0.636404
    297   1     -7   1   4     4  0.176902  0.720845      94.988      108.1      113.2      3.078       3630.2808  1.044864      0.857495
    298   1     -2   5   1     4  0.177266  0.721174      95.109        7.4        8.9      0.270        433.9712  1.043850      0.491073
    299   1      3   0   6     2  0.177915  0.721760      95.325       11.8       15.7      0.366        980.9472  1.042055      0.691152
    300   1      0   5   2     4  0.177935  0.721779      95.332       46.0       62.0      1.455       3318.5007  1.041999      0.399786

   No.  Code     H   K   L  Mult      Hw      ETA/M    2theta/TOF     Icalc       Iobs      Sigma     StrFactor^2    d-hkl       CORR

    301   1     -6   3   3     4  0.178268  0.722078      95.443        0.5        0.6      0.022         17.1331  1.041085      0.781515
    302   1     -1   5   2     4  0.178332  0.722136      95.464        4.8        6.6      0.233        338.1359  1.040910      0.407446
    303   1     -1   3   6     4  0.178826  0.722579      95.627       66.8       98.5      2.562       4919.0640  1.039565      0.392113
    304   1      7   2   0     4  0.179953  0.723583      95.997       78.3       92.5      2.870       2406.3071  1.036536      0.940246
    305   1     -2   3   6     4  0.180030  0.723651      96.023       16.0       18.7      0.637       1111.7725  1.036330      0.415014
    306   1     -5   4   1     4  0.180060  0.723677      96.032        0.2        0.3      0.009          8.4992  1.036252      0.728894
    307   1      4   4   2     4  0.180220  0.723819      96.085        0.2        0.2      0.009          6.6788  1.035826      0.699136
    308   1      2   2   6     4  0.180382  0.723963      96.137        0.1        0.1      0.005          3.1204  1.035396      0.606220
    309   1     -7   2   3     4  0.182378  0.725715      96.783        1.7        0.0      0.658         56.8698  1.030197      0.870366
    310   1      2   5   1     4  0.183255  0.726477      97.064        7.4        3.1      1.354        410.1867  1.027963      0.520719
    311   1      5   4   0     4  0.183836  0.726979      97.249        1.4        1.2      0.111         53.1754  1.026498      0.744278
    312   1     -5   4   2     4  0.183909  0.727043      97.273       22.8       19.7      1.621        934.8924  1.026314      0.705794
    313   1      6   3   1     4  0.184159  0.727257      97.352        0.0        0.0      0.001          0.7469  1.025690      0.856251
    314   1      1   5   2     4  0.184374  0.727442      97.420       68.4       62.7      2.343       4261.2061  1.025155      0.465249
    315   1      0   3   6     4  0.184474  0.727528      97.452        2.2        2.0      0.069        139.8246  1.024906      0.457120
    316   1      2   4   4     4  0.184646  0.727676      97.506       51.3       43.4      1.462       2608.7134  1.024478      0.569330
    317   1     -6   2   5     4  0.184968  0.727951      97.608        1.0        0.8      0.027         39.3703  1.023684      0.734156
    318   1      3   1   6     4  0.185102  0.728066      97.650       69.5       58.0      1.845       2944.4502  1.023352      0.684485
    319   1     -2   5   2     4  0.185633  0.728519      97.817       44.1       33.1      1.347       2702.1958  1.022053      0.473105
    320   1      7   0   2     2  0.187712  0.730274      98.464        1.0        1.1      0.105         59.4081  1.017059      0.971249
    321   1      4   3   4     4  0.187736  0.730295      98.472       15.2       17.5      1.564        605.6479  1.017002      0.729841
    322   1     -3   3   6     4  0.188294  0.730761      98.644       36.1       40.7      2.003       2180.6177  1.015689      0.480608
    323   1      5   2   4     4  0.188796  0.731180      98.798       63.0       67.7      2.118       2242.9062  1.014516      0.818141
    324   1     -1   4   5     4  0.189064  0.731402      98.880        1.3        1.3      0.040         97.1606  1.013894      0.378057
    325   1     -6   0   6     2  0.189109  0.731440      98.894       21.8       22.3      0.703       1786.6190  1.013788      0.711111
    326   1     -4   1   7     4  0.189128  0.731455      98.899        0.0        0.0      0.001          1.0291  1.013746      0.535685
    327   1     -5   2   6     4  0.189180  0.731498      98.915       39.4       40.0      1.321       1828.1454  1.013626      0.628696
    328   1     -4   4   4     4  0.189773  0.731990      99.096        9.3        9.8      0.457        467.9160  1.012258      0.584722
    329   1      1   1   7     4  0.190668  0.732727      99.368        4.4        5.1      0.551        241.5132  1.010219      0.541177
    330   1      5   3   3     4  0.190705  0.732756      99.379        2.2        2.5      0.286         80.8838  1.010137      0.795739
    331   1     -2   2   7     4  0.190780  0.732818      99.402        0.1        0.1      0.019          9.4439  1.009967      0.400005
    332   1     -5   3   5     4  0.191016  0.733012      99.473        0.5        0.5      0.116         25.0709  1.009434      0.645054
    333   1     -1   2   7     4  0.191090  0.733073      99.496        0.3        0.3      0.082         25.3551  1.009267      0.405241
    334   1     -2   4   5     4  0.192006  0.733819      99.771        0.6        1.4      0.252         45.0457  1.007221      0.427852
    335   1      4   2   5     4  0.192340  0.734090      99.871        0.5        1.5      0.281         25.0414  1.006483      0.744448

     -----------------------------------------------------
     BRAGG R-Factors and weight fractions for Pattern #  1
     -----------------------------------------------------

 => Phase:  1      #(C) 2021 by FIZ Karlsruhe - Leibniz Institute for Information Infrastructure.  All rights reserved.
 => Bragg R-factor:   8.14       Vol:  325.156( 0.008)  Fract(%):  100.00( 0.59)
 => Rf-factor=  8.51             ATZ:         743.567   Brindley:  1.0000

     -----------------------------------------------------------------
      SYMBOLIC NAMES AND FINAL VALUES AND SIGMA OF REFINED PARAMETERS:
     -----------------------------------------------------------------

      ->  Parameter number    1 :                                          Zero_pat1   -0.60881716E-02( +/-    0.61263703E-03 )
      ->  Parameter number    2 :                                     Scale_ph1_pat1    0.65210881E-02( +/-    0.27317674E-04 )
      ->  Parameter number    3 :                                    Cell_A_ph1_pat1     8.0294361    ( +/-    0.98790399E-04 )
      ->  Parameter number    4 :                                    Cell_B_ph1_pat1     5.4258065    ( +/-    0.85317435E-04 )
      ->  Parameter number    5 :                                    Cell_C_ph1_pat1     7.6327047    ( +/-    0.10499163E-03 )
      ->  Parameter number    6 :                                    Cell_E_ph1_pat1     102.08689    ( +/-    0.90393593E-03 )
      ->  Parameter number    7 :                                    U-Cagl_ph1_pat1    0.29501388E-01( +/-    0.16685422E-02 )
      ->  Parameter number    8 :                                    W-Cagl_ph1_pat1    0.60761818E-02( +/-    0.14933087E-03 )
      ->  Parameter number    9 :                                     EtaPV_ph1_pat1    0.46317065    ( +/-    0.13654612E-01 )
      ->  Parameter number   10 :                                     X-tan_ph1_pat1    0.27127028E-02( +/-    0.46023616E-03 )
      ->  Parameter number   11 :                                    V-Cagl_ph1_pat1   -0.90875551E-02( +/-    0.10188173E-02 )
      ->  Parameter number   12 :                                     Asym1_ph1_pat1    0.28415162E-01( +/-    0.30957977E-02 )
      ->  Parameter number   13 :                                     Asym2_ph1_pat1    0.12349983E-01( +/-    0.62271318E-03 )
      ->  Parameter number   14 :                                       Or1_ph1_pat1   -0.40091652    ( +/-    0.36765148E-02 )
      ->  Parameter number   15 :                                          X_Na1_ph1    0.36813909    ( +/-    0.44482673E-03 )
      ->  Parameter number   16 :                                          Y_Na1_ph1    0.78529680    ( +/-    0.13135964E-02 )
      ->  Parameter number   17 :                                          Z_Na1_ph1    0.11817536    ( +/-    0.62048930E-03 )
      ->  Parameter number   18 :                                          X_Nb1_ph1    0.15530771    ( +/-    0.13011438E-03 )
      ->  Parameter number   19 :                                          Y_Nb1_ph1    0.25563359    ( +/-    0.57536759E-03 )
      ->  Parameter number   20 :                                          Z_Nb1_ph1    0.31748790    ( +/-    0.19361438E-03 )
      ->  Parameter number   21 :                                           X_O1_ph1    0.18175861    ( +/-    0.85035025E-03 )
      ->  Parameter number   22 :                                           Y_O1_ph1    0.15971467    ( +/-    0.13229336E-02 )
      ->  Parameter number   23 :                                           Z_O1_ph1    0.59226118E-01( +/-    0.13723368E-02 )
      ->  Parameter number   24 :                                           X_O2_ph1    0.71693182E-01( +/-    0.74867526E-03 )
      ->  Parameter number   25 :                                           Y_O2_ph1    0.58905977    ( +/-    0.16195605E-02 )
      ->  Parameter number   26 :                                           Z_O2_ph1    0.23386589    ( +/-    0.10850298E-02 )
      ->  Parameter number   27 :                                           X_F1_ph1    0.36561319    ( +/-    0.72755833E-03 )
      ->  Parameter number   28 :                                           Y_F1_ph1    0.42673850    ( +/-    0.11829329E-02 )
      ->  Parameter number   29 :                                           Z_F1_ph1    0.30358350    ( +/-    0.97244343E-03 )
      ->  Parameter number   30 :                                           X_F2_ph1    0.31820226    ( +/-    0.69884135E-03 )
      ->  Parameter number   31 :                                           Y_F2_ph1    0.97936440    ( +/-    0.10752337E-02 )
      ->  Parameter number   32 :                                           Z_F2_ph1    0.38364160    ( +/-    0.99996873E-03 )

 ------------------------------------------------------------------
 => Number of bytes for floating point variables: 4
 => Dimensions of dynamic allocated arrays in this run of FullProf:
 ------------------------------------------------------------------

 => Total approximate array memory (dynamic + static): 128536585 bytes

    MaxPOINT=    60000 Max.num. of points(+int. Inten.)/diffraction pattern       
    MaxREFLT=    20000 Max.num. of reflections/diffraction pattern               
    MaxPARAM=      300 Max.num. of refinable parameters                          
    MaxOVERL=    18096 Max.num. of overlapping reflections                       

 ----------------------------------------------------------
 => Number of bytes for floating point arrays: 4
 => Dimensions of fixed arrays in this release of FullProf:
 ----------------------------------------------------------

    NPATT   =       80 Max.num. of powder diffraction patterns                    
    NATS    =      830 Max.num. of atoms (all kind) in asymmetric unit            
    MPAR    =     1800 Max.num. of non atomic parameters/phase                    
    IEXCL   =       30 Max.num. of excluded regions                               
    IBACP   =      377 Max.num. of background points for interpolation            
    NPHT    =       16 Max.num. of phases                                         
    NMAGM   =        8 Max.num. of rotation-matrices sets for magnetic structure  
    NBASIS  =       12 Max.num. of basis functions associated to a single atom    
    NIREPS  =        9 Max.num. of irreducible representations to be combined     
    N_EQ    =      384 Max.num. of user-supplied symmetry operators/propagation vectors
    NGL     =      400 Max.num. of global parameters/diffraction pattern          
    N_LINC  =       50 Max.num. of global linear restraints                        
    NAT_P   =       80 Max.num. of atomic parameters per atom                     
    NCONST  =      500 Max.num. of slack constraints per phase                    
    N_SPE   =       30 Max.num. of different chemical species                     
    N_FORM  =       60 Max.num. of scattering factor values in a table            
    NPR     =      150 Max.num. of points defining a numerical profile            
    INPR    =       25 Max.num. of different numerical peak shapes                
    NPRC    =      150 Max.num. of terms in the table for correcting intensities  
    NSOL    =       10 Max.num. of solutions to be stored in Montecarlo searchs   

 
              CPU Time:     1.156 seconds
                            0.019 minutes

 => Run finished at:     Date: 03/02/2023  Time: 16:49:25.324                              
