

        **********************************************************
        ** PROGRAM FullProf.2k (Version 7.30 - Mar2020-ILL JRC) **
        **********************************************************
                       M U L T I -- P A T T E R N                 
            Rietveld, Profile Matching & Integrated Intensity     
                 Refinement of X-ray and/or Neutron Data


    Date: 07/02/2023  Time: 10:55:08.361                              

 => PCR file code: NaTaO2F2
 => DAT file code: NaTaO2F2.dat         -> Relative contribution: 1.0000                                                            

 ==> CONDITIONS OF THIS RUN FOR PATTERN No.:  1

 => Global Refinement of X-ray powder diffraction data                                                                              
 => Global Refinement of X-ray powder diffraction data                                                                              
    Bragg-Brentano(X-rays) or Debye-Scherrer geometry(Neutrons)
 => Title:  #(C) 2021 by FIZ Karlsruhe - Leibniz Institute for Information Infrastructure.  All rights reserved.

 => Number of phases:    1
 => Number of excluded regions:    0
 => Number of scattering factors supplied:    0
 => Conventional weights: w=1.0/Variance(yobs)
 => Asymmetry correction as in J.Appl.Cryst. 26,128(1993)
 => Background linearly interpolated between the   23 points given
 => The    5th default profile function was selected
 => Pseudo-Voigt function (ETA variable)
                 X-parameter correspond to: ETA=ETA0+X*2theta
                       pV(x)= ETA*L(x)+(1-ETA)*G(x)

 ==> INPUT/OUTPUT OPTIONS:

 => Generate file *.PRF for plot
 => Output Integrated Intensities
 => Generate new input file *.PCR

 => X-Y type of data: 2theta/TOF/E(Kev) Intens sigma for pattern:  1
 => Plot pattern at each cycle
 => Wavelengths:  1.54056 1.54439
 => Alpha2/Alpha1 ratio:   0.5000
 => Cos(Monochromator angle)=   0.9100
 => Asymmetry correction for angles lower than   90.000 degrees
 => Absorption correction (AC), muR-eff =   0.0000  0.0000
 => Base of peaks: 2.0*HW*    8.00

 => Number of cycles:   33
 => Relaxation factors ==>    for coordinates:  1.00
 => for anisotropic temperature factors:  1.00
 => for halfwidth/strain/size parameters:  1.00
 => for lattice constants and propagation vectors:  1.00
 => EPS-value for convergence:    0.1
 => Background ==> 
    Position   Intensity
       10.21     6918.60        0.00
       12.12     6232.74        0.00
       13.60     5751.11        0.00
       15.42     5310.33        0.00
       18.41     4545.65        0.00
       21.56     4033.84        0.00
       25.52     3665.35        0.00
       30.71     3244.02        0.00
       35.74     2956.59        0.00
       38.64     2733.18        0.00
       42.57     2627.65        0.00
       45.29     2664.00        0.00
       54.18     2705.19        0.00
       62.79     2503.45        0.00
       66.37     2344.48        0.00
       75.39     2408.48        0.00
       78.40     2324.35        0.00
       81.92     2346.18        0.00
       86.53     2261.53        0.00
       90.24     2356.37        0.00

       94.01     2246.94        0.00
       96.18     2259.21        0.00
       98.57     2302.37        0.00

 
 => Number of Least-Squares parameters varied:    31

 =>--------------------------->
 =>------->  PATTERN number:  1
 =>--------------------------->
 => Global parameters and codes ==>
 => Zero-point:    -0.0443   11.0000
 => Displacement peak-shift parameter and code:     0.00    0.00
 => Transparency peak-shift parameter and code:     0.00    0.00

 => Reading Intensity data  =>>

 -> No recognizable heading in input data file X,Y,sigma
    First 6 lines are considered as COMMENTS (except for TSAMP keyword)
 -> COMMENT: 10.0116	7304.0000                                                                                                                   
 -> COMMENT: 10.0247	7347.0000                                                                                                                   
 -> COMMENT: 10.0379	7366.0000                                                                                                                   
 -> COMMENT: 10.0510	7335.0000                                                                                                                   
 -> COMMENT: 10.0641	7343.0000                                                                                                                   
 -> COMMENT: 10.0772	7269.0000                                                                                                                   
 ==> Angular range, step and number of points:
     2Thmin:      10.090400  2Thmax:      99.993401  Step:       0.013132  No. of points:   6848
 --------------------------------------------------------------------------------
 => Phase  No. 1
       #(C) 2021 by FIZ Karlsruhe - Leibniz Institute for Information Infras
 --------------------------------------------------------------------------------
 =>-------> Pattern#  1
 => Crystal Structure Refinement
 => Preferred orientation vector:   0.0000  0.0000  1.0000

 =>-------> Data for PHASE: 1
 => Number of atoms:    6
 => Number of distance  constraints:    0
 => Number of angle     constraints:    0

 => Symmetry information on space group: P 1 21/c 1          
 -> The multiplicity of the general position is:   4
 -> The space group is Centric (-1 at origin)   
 -> Lattice type  P: { 000 }                                       
 -> Reduced set of symmetry operators:

  No.  IT   Symmetry symbol    Rotation part     Associated Translation
   1: ( 1)   1            -->     ( x, y, z) + {  0.0000  0.0000  0.0000}
   2: ( 3)   2 ( 0, y, 0) -->     (-x, y,-z) + {  0.0000  0.5000  0.5000}


        Information on Space Group: 
        --------------------------- 

 =>   Number of Space group:  14
 =>  Hermann-Mauguin Symbol: P 1 21/c 1
 =>             Hall Symbol: -P 2ybc
 =>    Table Setting Choice: b1
 =>            Setting Type: IT (Generated from Hermann-Mauguin symbol)
 =>          Crystal System: Monoclinic
 =>              Laue Class: 2/m
 =>             Point Group: 2/m
 =>         Bravais Lattice: P
 =>          Lattice Symbol: mP
 =>  Reduced Number of S.O.:   2
 =>    General multiplicity:   4
 =>          Centrosymmetry: Centric (-1 at origin)
 =>  Generators (exc. -1&L):   1
 =>         Asymmetric unit:  0.000 <= x <=  1.000
                              0.000 <= y <=  0.250
                              0.000 <= z <=  1.000

 => List of S.O. without inversion and lattice centring translations
 => SYMM(  1): x,y,z                               => SYMM(  2): -x,y+1/2,-z+1/2


 => Initial parameters ==>
 Atom    Ntyp                  X         Y         Z         B         occ.         in  fin  Spc  Mult
                             B11       B22       B33       B12       B13       B23
 Na1    Na                 0.38018   0.78536   0.10562   1.11329   1.00000           0    0    0    4
                 Codes:  151.00000 161.00000 171.00000   0.00000   0.00000
 Ta1    Ta                 0.15913   0.25871   0.29768   0.47137   1.00000           0    0    0    4
                 Codes:  181.00000 191.00000 201.00000   0.00000   0.00000
 O1     O                  0.21484   0.14704   0.05323   0.58428   1.00000           0    0    0    4
                 Codes:  211.00000 221.00000 231.00000   0.00000   0.00000
 O2     O                  0.06793   0.56190   0.21906   0.58428   1.00000           0    0    0    4
                 Codes:  241.00000 251.00000 261.00000   0.00000   0.00000
 F1     F                  0.37882   0.47694   0.30497   1.12119   1.00000           0    0    0    4
                 Codes:  271.00000 281.00000 291.00000   0.00000   0.00000
 F2     F                  0.34324   0.99367   0.37983   1.12119   1.00000           0    0    0    4
                 Codes:  301.00000 311.00000 141.00000   0.00000   0.00000

 => IT IS ASSUMED THAT THE FIRST GIVEN SITE IS FULLY OCCUPIED 
    OR THE FIRST AND SECOND ATOMS ARE IN THE SAME SITE WITH TOTAL FULL OCCUPATION
  (If this is not the case, change the order of atoms to obtain correct values for the content of the unit cell)
    The given occupation factors have been obtained mutiplying m/M by   1.0000
      -> Atom: Na  ,  Chemical element: NA  Atomic Mass:    22.9898
      -> Atom: Ta  ,  Chemical element: TA  Atomic Mass:   180.9479
      -> Atom: O   ,  Chemical element: O   Atomic Mass:    15.9994
      -> Atom: O   ,  Chemical element: O   Atomic Mass:    15.9994
      -> Atom: F   ,  Chemical element: F   Atomic Mass:    18.9984
      -> Atom: F   ,  Chemical element: F   Atomic Mass:    18.9984
 => The given value of ATZ is       1095.73 the program has calculated:        1095.73
    The value of ATZ given in the input PCR file will be used for quantitative analysis
 => The chemical content of the unit cell is: 
       4.0000 Na   +   4.0000 Ta   +   4.0000 O    +   4.0000 O    +   4.0000 F    +   4.0000 F      
 => The normalized site occupation numbers in % are: 
     100.0000 Na1    :      100.0000 Ta1    :      100.0000 O1     :      100.0000 O2     :      100.0000 F1     :      100.0000 F2       
 => The density (volumic mass) of the compound is:    5.629 g/cm3

 =>-------> PROFILE PARAMETERS FOR PATTERN:  1

 => Overall scale factor:   0.203410E-02
 => ETA (p-Voigt) OR M (Pearson VII):   0.4892
 => Overall temperature factor:      0.00000
 => Halfwidth U,V,W:      0.05177    -0.02872     0.01040
 => X and Y parameters:      -0.0001      0.0000
 => Direct cell parameters:    8.1019   5.4429   7.4984  90.0000 102.1777  90.0000
 => Preferred orientation parameters:   0.0000  0.0000
 => Asymmetry parameters     :      0.01130     0.00478     0.00000     0.00000
 => Strain parameters        :      0.00000     0.00000     0.00000
 => Size   parameters        :      0.00000     0.00000

 ==> CODEWORDS FOR PROFILE PARAMETERS of PATTERN#  1

 => Overall scale factor:   21.000
 => ETA (p-Voigt) OR M (Pearson VII):  101.000
 => Overall temperature factor:    0.000
 => Halfwidth U,V,W:   71.000  91.000  81.000
 => X and Y parameters:  111.000   0.000
 => Direct cell parameters:   31.000  41.000  51.000   0.000  61.000   0.000
 => Preferred orientation parameters:    0.000   0.000
 => Asymmetry parameters     :  121.000 131.000   0.000   0.000
 => Strain parameters        :    0.000   0.000   0.000
 => Size   parameters        :    0.000   0.000

 => Cell constraints according to Laue symmetry: 2/m  

        Metric information:
        -------------------

 => Direct cell parameters:

         a =       8.1019      b =       5.4429      c =       7.4984
     alpha =       90.000   beta =      102.178  gamma =       90.000
                        Direct Cell Volume =     323.2234

 => Reciprocal cell parameters:

         a*=     0.126269      b*=     0.183725      c*=     0.136432
     alpha*=       90.000   beta*=       77.822  gamma*=       90.000
                    Reciprocal Cell Volume =   0.00309383

 => Direct and Reciprocal Metric Tensors:

                   GD                                       GR
     65.6404      0.0000    -12.8151          0.015944    0.000000    0.003634
      0.0000     29.6254      0.0000          0.000000    0.033755    0.000000
    -12.8151      0.0000     56.2260          0.003634    0.000000    0.018614

 =>  Cartesian frame: z // c; y is in the bc-plane; x is y ^ z = a*  

     Crystal_to_Orthonormal_Matrix              Orthonormal_to_Crystal Matrix
              Cr_Orth_cel                               Orth_Cr_cel  
      8.1019      0.0000     -1.5817          0.123428   -0.000000    0.026636
      0.0000      5.4429      0.0000          0.000000    0.183725   -0.000000
      0.0000      0.0000      7.3297          0.000000    0.000000    0.136432

     Busing-Levy B-matrix: Hc=B.H            Inverse of the Busing-Levy B-matrix
                BL_M                                      BL_Minv  
    0.126269    0.000000    0.028779            7.9196     -0.0000     -1.7090
    0.000000    0.183725   -0.000000            0.0000      5.4429      0.0000
    0.000000    0.000000    0.133362            0.0000      0.0000      7.4984

 => Laue symmetry 2/m   will be used to generate HKL for pattern#   1
 => Reflections generated between S(1/d)min:  0.1139 A-1 and S(1/d)max:  1.0102 A-1
 =>                                    dmax:  8.7808 A   and      dmin:  0.9899 A
 => The number of reflections generated is:    354
 => The max. scatt. variable (gen.ref.) is:       102.1752
 => Scattering coefficients from internal table


 => X-ray scattering coeff. (A1, B1, A2,...C, f(0), Z, Dfp,Dfpp)

 NA      4.7626   3.2850   3.1736   8.8422   1.2674   0.3136   1.1128 129.4240   0.6760  10.9924  11.0000   0.1290   0.1240
 TA     29.2024   1.7733  15.2293   9.3705  14.5135   0.2960   4.7649  63.3644   9.2435  72.9537  73.0000  -6.3510   5.2710
 O       3.0485  13.2771   2.2868   5.7011   1.5463   0.3239   0.8670  32.9089   0.2508   7.9994   8.0000   0.0470   0.0320
 F       3.5392  10.2825   2.6412   4.2944   1.5170   0.2615   1.0243  26.1476   0.2776   8.9993   9.0000   0.0690   0.0530

     --------------------------------------------------------------
      SYMBOLIC NAMES AND INITIAL VALUES OF PARAMETERS TO BE VARIED:
     --------------------------------------------------------------

      ->  Parameter number    1   -> Symbolic Name:                                          Zero_pat1   -0.44340000E-01
      ->  Parameter number    2   -> Symbolic Name:                                     Scale_ph1_pat1    0.20341000E-02
      ->  Parameter number    3   -> Symbolic Name:                                    Cell_A_ph1_pat1     8.1018791    
      ->  Parameter number    4   -> Symbolic Name:                                    Cell_B_ph1_pat1     5.4429259    
      ->  Parameter number    5   -> Symbolic Name:                                    Cell_C_ph1_pat1     7.4984021    
      ->  Parameter number    6   -> Symbolic Name:                                    Cell_E_ph1_pat1     102.17767    
      ->  Parameter number    7   -> Symbolic Name:                                    U-Cagl_ph1_pat1    0.51773001E-01
      ->  Parameter number    8   -> Symbolic Name:                                    W-Cagl_ph1_pat1    0.10399000E-01
      ->  Parameter number    9   -> Symbolic Name:                                    V-Cagl_ph1_pat1   -0.28718000E-01
      ->  Parameter number   10   -> Symbolic Name:                                     EtaPV_ph1_pat1    0.48920000    
      ->  Parameter number   11   -> Symbolic Name:                                     X-tan_ph1_pat1   -0.87000000E-04
      ->  Parameter number   12   -> Symbolic Name:                                     Asym1_ph1_pat1    0.11300000E-01
      ->  Parameter number   13   -> Symbolic Name:                                     Asym2_ph1_pat1    0.47800001E-02
      ->  Parameter number   14   -> Symbolic Name:                                           Z_F2_ph1    0.37983000    
      ->  Parameter number   15   -> Symbolic Name:                                          X_Na1_ph1    0.38018000    
      ->  Parameter number   16   -> Symbolic Name:                                          Y_Na1_ph1    0.78535998    
      ->  Parameter number   17   -> Symbolic Name:                                          Z_Na1_ph1    0.10562000    
      ->  Parameter number   18   -> Symbolic Name:                                          X_Ta1_ph1    0.15913001    
      ->  Parameter number   19   -> Symbolic Name:                                          Y_Ta1_ph1    0.25871000    
      ->  Parameter number   20   -> Symbolic Name:                                          Z_Ta1_ph1    0.29767999    
      ->  Parameter number   21   -> Symbolic Name:                                           X_O1_ph1    0.21483999    
      ->  Parameter number   22   -> Symbolic Name:                                           Y_O1_ph1    0.14703999    
      ->  Parameter number   23   -> Symbolic Name:                                           Z_O1_ph1    0.53229999E-01
      ->  Parameter number   24   -> Symbolic Name:                                           X_O2_ph1    0.67929998E-01
      ->  Parameter number   25   -> Symbolic Name:                                           Y_O2_ph1    0.56190002    
      ->  Parameter number   26   -> Symbolic Name:                                           Z_O2_ph1    0.21906000    
      ->  Parameter number   27   -> Symbolic Name:                                           X_F1_ph1    0.37882000    
      ->  Parameter number   28   -> Symbolic Name:                                           Y_F1_ph1    0.47694001    
      ->  Parameter number   29   -> Symbolic Name:                                           Z_F1_ph1    0.30497000    
      ->  Parameter number   30   -> Symbolic Name:                                           X_F2_ph1    0.34323999    
      ->  Parameter number   31   -> Symbolic Name:                                           Y_F2_ph1    0.99366999    
  
 
 => No optimization for routine tasks
 ++++++++++++++++++++++++++++++++++++++++++++++++++++++++++++++++++++++++++++++++++++++++++++++++++++++++++++++++++++++++

 => CYCLE No.:    1
 ---------------------------------------------------------------------------------------
 => Phase  1 Name:  #(C) 2021 by FIZ Karlsruhe - Leibniz Institute for Information Infras
 ---------------------------------------------------------------------------------------
 => New parameters, shifts, and standard deviations

 Atom        x       dx      sx       y       dy      sy       z       dz      sz       B       dB      sB      occ.    docc.   socc.

 Na1      0.38018-0.00000 0.00064  0.78537 0.00001 0.00150  0.10562-0.00000 0.00073  1.11329 0.00000 0.00000  1.00000 0.00000 0.00000
 Ta1      0.15913-0.00000 0.00010  0.25871-0.00000 0.00038  0.29768-0.00000 0.00012  0.47137 0.00000 0.00000  1.00000 0.00000 0.00000
 O1       0.21484-0.00000 0.00114  0.14704-0.00000 0.00135  0.05322-0.00001 0.00153  0.58428 0.00000 0.00000  1.00000 0.00000 0.00000
 O2       0.06793-0.00000 0.00124  0.56189-0.00001 0.00172  0.21906 0.00000 0.00149  0.58428 0.00000 0.00000  1.00000 0.00000 0.00000
 F1       0.37882 0.00000 0.00120  0.47692-0.00002 0.00172  0.30497-0.00000 0.00144  1.12119 0.00000 0.00000  1.00000 0.00000 0.00000
 F2       0.34324-0.00000 0.00110  0.99365-0.00002 0.00160  0.37982-0.00001 0.00128  1.12119 0.00000 0.00000  1.00000 0.00000 0.00000

 ==> PROFILE PARAMETERS FOR PATTERN#  1

 => Overall scale factor:      0.002034067    -0.000000033     0.000003569
 => Eta(p-Voigt) or m(Pearson VII):   0.489194 -0.000006  0.012167
 => Overall tem. factor:     0.000000    0.000000    0.000000
 => Halfwidth parameters: 
         0.051771   -0.000002    0.001499
        -0.028717    0.000001    0.001085
         0.010399   -0.000000    0.000191
 => Cell parameters: 
        8.101879    0.000000    0.000088
        5.442926    0.000000    0.000062
        7.498402    0.000000    0.000080
       90.000000    0.000000    0.000000
      102.177666    0.000000    0.000646
       90.000000    0.000000    0.000000
 => Preferred orientation: 
         0.000000    0.000000    0.000000
         0.000000    0.000000    0.000000
 => Asymmetry parameters: 
         0.011299   -0.000001    0.003017
         0.004778   -0.000002    0.000712
         0.000000    0.000000    0.000000
         0.000000    0.000000    0.000000
 => X and Y parameters: 
        -0.000088   -0.000001    0.000351
         0.000000    0.000000    0.000000
 => Strain parameters: 
         0.000000    0.000000    0.000000
         0.000000    0.000000    0.000000
         0.000000    0.000000    0.000000
 => Size   parameters (G,L): 
         0.000000    0.000000    0.000000
         0.000000    0.000000    0.000000

 ==> GLOBAL PARAMETERS FOR PATTERN#  1


 => Zero-point:    -0.0443   -0.0000    0.0006

 => Cos( theta)-shift parameter :   0.0000  0.0000  0.0000
 => Sin(2theta)-shift parameter :   0.0000  0.0000  0.0000

 ==> RELIABILITY FACTORS WITH ALL NON-EXCLUDED POINTS FOR PATTERN:  1

 => R-Factors:   3.84      5.33     Chi2:  12.8     DW-Stat.:  0.3209   Patt#:  1
 => Expected :            1.49                                1.9341
 => Deviance : 0.897E+05     Dev*:   13.16    
 => GoF-index:  3.6         Sqrt(Residual/N)
 => N-P+C:  6817

 =>    SumYdif       SumYobs      SumYcal      SumwYobsSQ     Residual    Condition
     0.1175E+07    0.3060E+08    0.3052E+08    0.3060E+08    0.8692E+05    0.8086E+10


 => Conventional Rietveld Rp,Rwp,Re and Chi2:   11.6      11.4      3.20      12.75    
 => (Values obtained using Ynet, but true sigma(y))
 =>  SumYnet, Sum(w Ynet**2):     0.1015E+08    0.6662E+07


 ==> RELIABILITY FACTORS FOR POINTS WITH BRAGG CONTRIBUTIONS FOR PATTERN:  1

 => R-Factors:   4.16      5.66     Chi2:  14.3     DW-Stat.:  0.3309   Patt#:
 => Expected :            1.50                                1.9299
 => Deviance : 0.870E+05     Dev*:   14.76    
 => GoF-index:  3.8         Sqrt(Residual/N)
 => N-P+C:  5894

 =>    SumYdif       SumYobs      SumYcal      SumwYobsSQ     Residual    Condition
     0.1095E+07    0.2630E+08    0.2624E+08    0.2630E+08    0.8428E+05    0.8086E+10


 => Conventional Rietveld Rp,Rwp,Re and Chi2:   10.8      11.3      2.98      14.30    
 => (Values obtained using Ynet, but true sigma(y))
 =>  SumYnet, Sum(w Ynet**2):     0.1012E+08    0.6659E+07


 => Global user-weigthed Chi2 (Bragg contrib.):   14.3    

 => ---------> Pattern#  1
 => Phase:  1
 =>    Bragg R-factor:  6.13    
 =>    RF-factor     :  5.19    


   Standard deviations have to be multiplied by: 3.4136
   (correlated residuals) See references:
  -J.F.Berar & P.Lelann, J. Appl. Cryst. 24, 1-5 (1991) 
  -J.F.Berar, Acc. in Pow. Diff. II,NIST Sp.Pub. 846, 63(1992) 

 ++++++++++++++++++++++++++++++++++++++++++++++++++++++++++++++++++++++++++++++++++++++++++++++++++++++++++++++++++++++++

 => CYCLE No.:    1
 =>  Convergence reached at this CYCLE !!!!
 =>  Parameter shifts set to zero
 ---------------------------------------------------------------------------------------
 => Phase  1 Name:  #(C) 2021 by FIZ Karlsruhe - Leibniz Institute for Information Infras
 ---------------------------------------------------------------------------------------
 => New parameters, shifts, and standard deviations

 Atom        x       dx      sx       y       dy      sy       z       dz      sz       B       dB      sB      occ.    docc.   socc.

 Na1      0.38018 0.00000 0.00064  0.78537 0.00000 0.00150  0.10562 0.00000 0.00073  1.11329 0.00000 0.00000  1.00000 0.00000 0.00000
 Ta1      0.15913 0.00000 0.00010  0.25871 0.00000 0.00038  0.29768 0.00000 0.00012  0.47137 0.00000 0.00000  1.00000 0.00000 0.00000
 O1       0.21484 0.00000 0.00114  0.14704 0.00000 0.00135  0.05322 0.00000 0.00153  0.58428 0.00000 0.00000  1.00000 0.00000 0.00000
 O2       0.06793 0.00000 0.00124  0.56189 0.00000 0.00172  0.21906 0.00000 0.00149  0.58428 0.00000 0.00000  1.00000 0.00000 0.00000
 F1       0.37882 0.00000 0.00120  0.47692 0.00000 0.00172  0.30497 0.00000 0.00144  1.12119 0.00000 0.00000  1.00000 0.00000 0.00000
 F2       0.34324 0.00000 0.00110  0.99365 0.00000 0.00160  0.37982 0.00000 0.00128  1.12119 0.00000 0.00000  1.00000 0.00000 0.00000

 ==> PROFILE PARAMETERS FOR PATTERN#  1

 => Overall scale factor:      0.002034067     0.000000000     0.000003569
 => Eta(p-Voigt) or m(Pearson VII):   0.489194  0.000000  0.012167
 => Overall tem. factor:     0.000000    0.000000    0.000000
 => Halfwidth parameters: 
         0.051771    0.000000    0.001499
        -0.028717    0.000000    0.001085
         0.010399    0.000000    0.000191
 => Cell parameters: 
        8.101879    0.000000    0.000088
        5.442926    0.000000    0.000062
        7.498402    0.000000    0.000080
       90.000000    0.000000    0.000000
      102.177666    0.000000    0.000646
       90.000000    0.000000    0.000000
 => Preferred orientation: 
         0.000000    0.000000    0.000000
         0.000000    0.000000    0.000000
 => Asymmetry parameters: 
         0.011299    0.000000    0.003017
         0.004778    0.000000    0.000712
         0.000000    0.000000    0.000000
         0.000000    0.000000    0.000000
 => X and Y parameters: 
        -0.000088    0.000000    0.000351
         0.000000    0.000000    0.000000
 => Strain parameters: 
         0.000000    0.000000    0.000000
         0.000000    0.000000    0.000000
         0.000000    0.000000    0.000000
 => Size   parameters (G,L): 
         0.000000    0.000000    0.000000
         0.000000    0.000000    0.000000

 ==> GLOBAL PARAMETERS FOR PATTERN#  1


 => Zero-point:    -0.0443    0.0000    0.0006

 => Cos( theta)-shift parameter :   0.0000  0.0000  0.0000
 => Sin(2theta)-shift parameter :   0.0000  0.0000  0.0000

 ==> RELIABILITY FACTORS WITH ALL NON-EXCLUDED POINTS FOR PATTERN:  1

 => R-Factors:   3.84      5.33     Chi2:  12.8     DW-Stat.:  0.3209   Patt#:  1
 => Expected :            1.49                                1.9341
 => Deviance : 0.897E+05     Dev*:   13.16    
 => GoF-index:  3.6         Sqrt(Residual/N)
 => N-P+C:  6817

 =>    SumYdif       SumYobs      SumYcal      SumwYobsSQ     Residual    Condition
     0.1175E+07    0.3060E+08    0.3052E+08    0.3060E+08    0.8692E+05    0.8086E+10


 => Conventional Rietveld Rp,Rwp,Re and Chi2:   11.6      11.4      3.20      12.75    
 => (Values obtained using Ynet, but true sigma(y))
 =>  SumYnet, Sum(w Ynet**2):     0.1015E+08    0.6662E+07

 => N-sigma of the GoF:      686.043

 ==> RELIABILITY FACTORS FOR POINTS WITH BRAGG CONTRIBUTIONS FOR PATTERN:  1

 => R-Factors:   4.16      5.66     Chi2:  14.3     DW-Stat.:  0.3309   Patt#:
 => Expected :            1.50                                1.9299
 => Deviance : 0.870E+05     Dev*:   14.76    
 => GoF-index:  3.8         Sqrt(Residual/N)
 => N-P+C:  5894

 =>    SumYdif       SumYobs      SumYcal      SumwYobsSQ     Residual    Condition
     0.1095E+07    0.2630E+08    0.2624E+08    0.2630E+08    0.8428E+05    0.8086E+10


 => Conventional Rietveld Rp,Rwp,Re and Chi2:   10.8      11.3      2.98      14.30    
 => (Values obtained using Ynet, but true sigma(y))
 =>  SumYnet, Sum(w Ynet**2):     0.1012E+08    0.6659E+07

 => N-sigma of the GoF:      721.978

 => Global user-weigthed Chi2 (Bragg contrib.):   14.7    

 => ---------> Pattern#  1
 => Phase:  1
 =>    Bragg R-factor:  6.13    
 =>    RF-factor     :  5.19    

 --------------------------------------------------------------------------------------------------------------
 Pattern#  1 Phase No.:   1 Phase name:  #(C) 2021 by FIZ Karlsruhe - 
 --------------------------------------------------------------------------------------------------------------

   No.  Code     H   K   L  Mult      Hw      ETA/M    2theta/TOF     Icalc       Iobs      Sigma     StrFactor^2    d-hkl       CORR

      1   1      1   0   0     2  0.089927  0.488215      11.163     3975.5     3563.7      9.279      10002.8447  7.919572      1.000000
      2   1      1   1   0     4  0.083464  0.487459      19.776    10010.8     9623.4     11.099      40364.8203  4.485670      1.000000
      3   1      0   1   1     4  0.083166  0.487412      20.305       18.6       58.6      3.161         79.0820  4.369839      1.000000
      4   1     -1   1   1     4  0.082325  0.487269      21.942       34.3       67.4      4.345        171.4576  4.047408      1.000000
      5   1      2   0   0     2  0.082097  0.487226      22.434     1271.6     1340.8      5.970      13313.1162  3.959786      1.000000
      6   1      0   0   2     2  0.081351  0.487065      24.266     3693.6     3669.1      7.245      45538.1211  3.664837      1.000000
      7   1      1   1   1     4  0.081284  0.487049      24.452       38.2       38.9      0.099        239.1550  3.637439      1.000000
      8   1     -1   0   2     2  0.081268  0.487045      24.498     3904.2     3880.0      6.746      49097.3398  3.630665      1.000000
      9   1      2   1   0     4  0.080385  0.486751      27.839     7183.0     7173.5      9.845      59088.7812  3.202060      1.000000
     10   1     -2   1   1     4  0.080290  0.486700      28.427      107.2       72.4      2.113        921.6429  3.137149      1.000000
     11   1      1   0   2     2  0.080229  0.486658      28.898        2.5        3.9      0.301         44.5058  3.087034      1.000000
     12   1      0   1   2     4  0.080180  0.486618      29.356     2600.9     2788.0      6.541      23943.8555  3.039960      1.000000
     13   1     -2   0   2     2  0.080169  0.486607      29.487      123.7      133.8      0.435       2298.8340  3.026711      1.000000
     14   1     -1   1   2     4  0.080163  0.486601      29.551     1136.6     1242.4      3.879      10609.7393  3.020372      1.000000
     15   1      2   1   1     4  0.080155  0.486357      32.336       15.7        0.0      4.052        177.1145  2.766274      1.000000
     16   1      0   2   0     2  0.080206  0.486309      32.883     1518.9     1564.6      5.384      35636.5977  2.721463      1.000000
     17   1      1   1   2     4  0.080261  0.486269      33.340     2935.4     2977.3      6.127      35470.5742  2.685214      1.000000
     18   1     -2   1   2     4  0.080340  0.486223      33.859     2595.3     2610.2      5.494      32423.5391  2.645230      1.000000
     19   1      3   0   0     2  0.080352  0.486217      33.930     1046.8     1096.1      2.202      26275.3770  2.639858      1.000000
     20   1      1   2   0     4  0.080529  0.486138      34.829     1013.6     1007.9      4.763      13460.0674  2.573740      1.000000
     21   1      0   2   1     4  0.080603  0.486110      35.146       22.7       44.2      1.907        306.8679  2.551280      1.000000
     22   1     -1   2   1     4  0.080879  0.486021      36.158        3.5        0.0      2.801         51.0306  2.482156      1.000000
     23   1      2   0   2     2  0.081062  0.485971      36.729      613.3      618.8      4.594      18281.8926  2.444834      1.000000
     24   1     -3   1   1     4  0.081337  0.485905      37.491      201.3      191.9      1.342       3137.0852  2.396901      1.000000
     25   1     -3   0   2     2  0.081349  0.485902      37.523      634.2      593.1      3.148      19804.1523  2.394959      1.000000
     26   1      1   2   1     4  0.081459  0.485877      37.801       82.4       66.4      2.128       1308.2826  2.377958      1.000000
     27   1      3   1   0     4  0.081477  0.485873      37.846       10.0        7.9      0.370        158.7026  2.375233      1.000000
     28   1     -1   1   3     4  0.082395  0.485701      39.816      243.1      259.4      4.334       4321.6909  2.262134      1.000000
     29   1      2   2   0     4  0.082587  0.485669      40.173      464.5      478.2      3.148       8422.1064  2.242835      1.000000
     30   1      2   1   2     4  0.082719  0.485648      40.411      557.3      634.9      3.167      10236.4082  2.230184      1.000000
     31   1      0   1   3     4  0.082732  0.485646      40.434        0.0        0.0      0.000          0.7932  2.228962      1.000000
     32   1     -2   2   1     4  0.082827  0.485632      40.601        6.2        6.9      0.219        115.6003  2.220180      1.000000
     33   1     -3   1   2     4  0.083148  0.485584      41.144      831.4      848.8      3.716      15886.0801  2.192132      1.000000
     34   1      0   2   2     4  0.083235  0.485572      41.286      897.8      903.5      2.903      17287.6035  2.184919      1.000000
     35   1     -1   2   2     4  0.083324  0.485559      41.431     1100.8     1014.6      3.407      21361.4746  2.177613      1.000000
     36   1      3   1   1     4  0.083772  0.485498      42.123        8.0        2.7      1.528        160.4079  2.143398      1.000000
     37   1     -2   1   3     4  0.084031  0.485465      42.505       10.1       12.0      2.571        206.7372  2.125037      1.000000
     38   1      2   2   1     4  0.084787  0.485373      43.551       52.9       83.9      4.006       1147.0573  2.076386      1.000000
     39   1      1   1   3     4  0.085326  0.485312      44.245       52.5       30.0      1.987       1177.5453  2.045400      1.000000
     40   1      1   2   2     4  0.085398  0.485304      44.336       87.9       80.0      1.805       1983.2214  2.041440      1.000000
     41   1     -2   2   2     4  0.085732  0.485268      44.745      351.2      337.0      3.438       8082.6426  2.023704      1.000000
     42   1      4   0   0     2  0.086630  0.485176      45.791      729.8      804.7      4.781      35364.5078  1.979893      1.000000
     43   1      3   0   2     2  0.087184  0.485123      46.400      491.0      414.0      3.558      24499.2773  1.955313      1.000000
     44   1     -4   0   2     2  0.088062  0.485042      47.318      715.4      691.8      4.339      37300.2109  1.919479      1.000000
     45   1     -3   2   1     4  0.088420  0.485011      47.679       25.8       26.4      0.840        683.6999  1.905800      1.000000
     46   1     -4   1   1     4  0.088706  0.484986      47.961        0.7        0.8      0.002         19.5683  1.895244      1.000000
     47   1      3   2   0     4  0.088717  0.484985      47.972     1788.9     1868.9      5.262      48085.8594  1.894854      1.000000
     48   1     -3   1   3     4  0.088796  0.484978      48.049       32.6       34.3      0.120        879.8900  1.891980      1.000000
     49   1     -1   0   4     2  0.089302  0.484936      48.534     1267.6     1398.0      4.577      69952.3047  1.874191      1.000000
     50   1      4   1   0     4  0.089704  0.484902      48.912      949.0     1059.2      4.109      26638.8633  1.860619      1.000000
     51   1      3   1   2     4  0.090339  0.484852      49.491      101.6       73.1      2.121       2929.2273  1.840175      1.000000
     52   1     -1   2   3     4  0.090476  0.484841      49.614        9.5        9.0      0.233        275.1187  1.835923      1.000000
     53   1      0   0   4     2  0.090590  0.484832      49.715       37.9       40.3      1.104       2207.0684  1.832419      1.000000
     54   1      2   2   2     4  0.091045  0.484797      50.115     1756.1     1760.6      5.181      52047.2695  1.818720      1.000000
     55   1      0   2   3     4  0.091068  0.484795      50.135        2.3        2.3      0.006         66.9791  1.818057      1.000000
     56   1     -2   0   4     2  0.091161  0.484788      50.215      218.9      222.0      0.736      13028.7256  1.815333      1.000000
     57   1     -4   1   2     4  0.091337  0.484775      50.367        8.9       10.0      0.111        266.7586  1.810212      1.000000
     58   1      2   1   3     4  0.091698  0.484748      50.675        2.3        2.4      0.022         69.5291  1.799945      1.000000
     59   1     -3   2   2     4  0.091771  0.484742      50.736     1059.1      989.8      4.303      32264.0801  1.797905      1.000000
     60   1     -1   1   4     4  0.092731  0.484673      51.529       36.1       33.9      0.868       1138.6721  1.772078      1.000000

   No.  Code     H   K   L  Mult      Hw      ETA/M    2theta/TOF     Icalc       Iobs      Sigma     StrFactor^2    d-hkl       CORR

     61   1      3   2   1     4  0.092783  0.484669      51.572        0.5        0.4      0.006         15.3164  1.770724      1.000000
     62   1      1   3   0     4  0.092870  0.484663      51.641      637.1      607.9      3.693      20191.1953  1.768494      1.000000
     63   1      0   3   1     4  0.093158  0.484643      51.873       66.7       68.9      1.219       2134.7673  1.761157      1.000000
     64   1     -2   2   3     4  0.093191  0.484640      51.899        2.6        2.7      0.064         84.4312  1.760329      1.000000
     65   1     -1   3   1     4  0.094109  0.484577      52.619        5.8        5.6      0.044        191.4820  1.737928      1.000000
     66   1      0   1   4     4  0.094164  0.484573      52.661     1036.5      992.3      4.776      34317.6055  1.736644      1.000000
     67   1      4   1   1     4  0.094720  0.484536      53.085        0.2        0.2      0.003          5.4152  1.723770      1.000000
     68   1     -2   1   4     4  0.094794  0.484531      53.141      425.4      386.5      3.136      14371.5742  1.722079      1.000000
     69   1      1   2   3     4  0.095143  0.484508      53.402        0.1        0.0      0.006          3.1329  1.714257      1.000000
     70   1      1   0   4     2  0.095434  0.484490      53.618      160.4      156.4      2.928      11056.9355  1.707884      1.000000
     71   1      1   3   1     4  0.095753  0.484469      53.852        1.5        0.9      0.202         53.7294  1.700989      1.000000
     72   1     -3   0   4     2  0.096741  0.484407      54.563       72.7        0.0      3.200       5207.9165  1.680498      1.000000
     73   1      2   3   0     4  0.098350  0.484309      55.680     1073.0     1007.7      5.485      40227.1328  1.649418      1.000000
     74   1     -4   1   3     4  0.098544  0.484297      55.811       18.4       18.1      0.103        695.2637  1.645846      1.000000
     75   1     -2   3   1     4  0.098847  0.484279      56.015       74.6       78.8      1.430       2833.4290  1.640344      1.000000
     76   1      1   1   4     4  0.099455  0.484244      56.419      827.3      945.7      3.968      31939.5352  1.629546      1.000000
     77   1      0   3   2     4  0.099660  0.484232      56.554      353.2      371.0      1.515      13705.4551  1.625968      1.000000
     78   1     -1   3   2     4  0.099835  0.484222      56.669      232.4      217.8      1.252       9060.0371  1.622950      1.000000
     79   1     -4   2   1     4  0.099836  0.484222      56.670       36.4       34.1      0.197       1420.3660  1.622931      1.000000
     80   1     -3   2   3     4  0.099956  0.484215      56.748        4.9        4.5      0.043        192.4405  1.620880      1.000000
     81   1      4   0   2     2  0.100845  0.484165      57.321       35.8       41.0      0.170       2860.7988  1.606021      1.000000
     82   1     -3   1   4     4  0.100864  0.484163      57.333     1005.3     1141.7      4.393      40212.4766  1.605707      1.000000
     83   1      4   2   0     4  0.101152  0.484147      57.517      288.9      363.3      1.543      11637.4844  1.601030      1.000000
     84   1      3   2   2     4  0.101978  0.484102      58.035      565.7      663.0      3.653      23242.8281  1.587948      1.000000
     85   1      5   0   0     2  0.102239  0.484088      58.197       90.7      102.7      0.679       7498.0981  1.583914      1.000000
     86   1     -5   0   2     2  0.102469  0.484075      58.339       90.0       95.0      1.237       7485.5161  1.580399      1.000000
     87   1      2   3   1     4  0.102514  0.484073      58.367        4.5        4.8      0.073        188.6931  1.579721      1.000000
     88   1     -4   2   2     4  0.103260  0.484033      58.822      608.4      729.0      3.612      25754.9004  1.568574      1.000000
     89   1      1   3   2     4  0.103561  0.484017      59.004      692.6      766.4      2.794      29516.9375  1.564167      1.000000
     90   1      2   2   3     4  0.103719  0.484009      59.099       29.9       31.4      0.193       1277.7120  1.561880      1.000000
     91   1      3   1   3     4  0.103754  0.484007      59.119        3.3        3.5      0.021        141.2966  1.561387      1.000000
     92   1     -2   3   2     4  0.104120  0.483988      59.338      870.3      843.2      3.558      37549.0469  1.556146      1.000000
     93   1     -5   1   1     4  0.104343  0.483976      59.471        5.7        5.5      0.035        247.9703  1.552997      1.000000
     94   1     -1   2   4     4  0.105023  0.483941      59.871      733.5      777.2      2.935      32271.7422  1.543568      1.000000
     95   1      2   0   4     2  0.105027  0.483941      59.873      232.7      246.4      0.921      20477.3926  1.543517      1.000000
     96   1      4   1   2     4  0.105258  0.483929      60.008      950.1      954.2      2.929      42014.0625  1.540366      1.000000
     97   1      5   1   0     4  0.106742  0.483854      60.860      545.9      714.8      3.262      24892.3555  1.520828      1.000000
     98   1      0   2   4     4  0.106808  0.483851      60.898       61.7       76.5      0.317       2815.8933  1.519980      1.000000
     99   1     -5   1   2     4  0.106986  0.483842      60.998      817.7      851.8      2.927      37474.5078  1.517716      1.000000
    100   1     -4   0   4     2  0.107332  0.483825      61.193      287.6      277.0      1.362      26539.3691  1.513355      1.000000
    101   1      4   2   1     4  0.107495  0.483817      61.284        4.2        4.3      0.029        195.9242  1.511326      1.000000
    102   1     -2   2   4     4  0.107587  0.483812      61.335      312.6      309.8      1.963      14497.7051  1.510186      1.000000
    103   1     -3   3   1     4  0.108372  0.483774      61.770        3.6        0.0      0.460        171.1669  1.500584      1.000000
    104   1      3   3   0     4  0.108820  0.483753      62.016       10.3        0.0      1.518        487.0851  1.495223      1.000000
    105   1      2   1   4     4  0.109698  0.483711      62.493       33.3        0.0      2.832       1609.7545  1.484962      1.000000
    106   1     -1   3   3     4  0.111416  0.483631      63.406        0.4        0.0      0.298         20.1702  1.465753      1.000000
    107   1     -4   1   4     4  0.112134  0.483598      63.781       26.5       24.5      0.808       1336.1703  1.458046      1.000000
    108   1     -4   2   3     4  0.112140  0.483598      63.784        1.2        1.1      0.035         60.0648  1.457983      1.000000
    109   1      2   3   2     4  0.112238  0.483593      63.834      175.7      162.8      3.385       8878.6943  1.456954      1.000000
    110   1      0   3   3     4  0.112270  0.483592      63.851        9.4        8.6      0.175        473.7221  1.456613      1.000000
    111   1      1   2   4     4  0.113231  0.483548      64.345      213.2      194.5      1.751      10956.6631  1.446615      1.000000
    112   1     -3   3   2     4  0.113273  0.483546      64.366      261.6      236.9      1.968      13449.4004  1.446187      1.000000
    113   1     -1   1   5     4  0.113356  0.483543      64.409        8.7        7.8      0.078        450.3605  1.445335      1.000000
    114   1      5   1   1     4  0.114638  0.483486      65.056        9.1        2.5      1.022        480.4665  1.432513      1.000000
    115   1      3   3   1     4  0.114697  0.483483      65.086        3.1        1.1      0.290        163.2908  1.431927      1.000000
    116   1     -3   2   4     4  0.114909  0.483474      65.192       29.3       16.6      1.527       1546.7637  1.429860      1.000000
    117   1     -2   1   5     4  0.115071  0.483467      65.272        1.8        1.3      0.092         94.5315  1.428292      1.000000
    118   1     -5   1   3     4  0.115171  0.483463      65.322       15.6       12.1      0.744        827.2335  1.427323      1.000000
    119   1     -2   3   3     4  0.115265  0.483458      65.369       14.7       11.8      0.761        781.6041  1.426413      1.000000
    120   1      0   1   5     4  0.116419  0.483409      65.937        8.2        0.0      2.236        441.0235  1.415495      1.000000

   No.  Code     H   K   L  Mult      Hw      ETA/M    2theta/TOF     Icalc       Iobs      Sigma     StrFactor^2    d-hkl       CORR

    121   1      1   3   3     4  0.117950  0.483344      66.677       14.9        9.7      2.451        824.8549  1.401568      1.000000
    122   1      3   2   3     4  0.118319  0.483328      66.854       24.3       16.9      1.903       1353.9163  1.398296      1.000000
    123   1     -5   2   1     4  0.119011  0.483299      67.182        5.5        0.0      1.522        309.0656  1.392260      1.000000
    124   1      4   2   2     4  0.120081  0.483255      67.684        0.2        0.0      0.206         10.0883  1.383137      1.000000
    125   1      3   0   4     2  0.121001  0.483218      68.111       97.5      119.2      3.570      11270.4180  1.375516      1.000000
    126   1     -3   1   5     4  0.121805  0.483185      68.480        0.6        0.6      0.020         37.6718  1.369000      1.000000
    127   1      5   2   0     4  0.121812  0.483185      68.483       66.3       62.0      2.008       3875.9041  1.368941      1.000000
    128   1     -5   2   2     4  0.122096  0.483174      68.613       14.8       15.2      0.589        865.7964  1.366669      1.000000
    129   1      0   4   0     2  0.122850  0.483144      68.954      310.4      335.6      3.162      36777.1055  1.360731      1.000000
    130   1      4   1   3     4  0.123419  0.483121      69.211        0.8        0.8      0.016         48.8901  1.356319      1.000000
    131   1      5   0   2     2  0.123766  0.483108      69.366      150.1      162.4      2.377      17996.5898  1.353661      1.000000
    132   1     -4   3   1     4  0.124207  0.483090      69.562        0.0        0.1      0.001          2.7367  1.350318      1.000000
    133   1     -3   3   3     4  0.124364  0.483084      69.632        0.4        0.5      0.009         25.1563  1.349136      1.000000
    134   1     -5   0   4     2  0.124635  0.483074      69.752      203.6      215.3      2.375      24687.2129  1.347104      1.000000
    135   1      1   1   5     4  0.124688  0.483072      69.775        3.7        3.9      0.044        222.7256  1.346713      1.000000
    136   1      2   2   4     4  0.125242  0.483050      70.020      557.3      598.7      3.008      34035.6523  1.342607      1.000000
    137   1      1   4   0     4  0.125451  0.483042      70.111       57.9       62.7      0.447       3547.7314  1.341080      1.000000
    138   1      0   4   1     4  0.125892  0.483025      70.304       32.8       35.4      0.249       2019.1449  1.337872      1.000000
    139   1      4   3   0     4  0.125926  0.483024      70.319      178.7      192.6      1.447      11004.7881  1.337625      1.000000
    140   1     -6   0   2     2  0.126311  0.483009      70.487       53.1       55.4      0.466       6573.4116  1.334850      1.000000
    141   1      3   1   4     4  0.126488  0.483003      70.564      331.7      337.1      2.249      20566.3770  1.333590      1.000000
    142   1      3   3   2     4  0.126999  0.482983      70.785       55.6       56.1      0.646       3466.0576  1.329968      1.000000
    143   1     -1   4   1     4  0.127336  0.482971      70.930       14.2       16.8      0.423        888.0915  1.327603      1.000000
    144   1     -4   2   4     4  0.128055  0.482943      71.238      303.9      339.6      2.828      19194.7402  1.322615      1.000000
    145   1      6   0   0     2  0.128448  0.482929      71.405      180.0      255.9      1.649      22835.2793  1.319929      1.000000
    146   1     -4   3   2     4  0.128655  0.482921      71.493        8.9       11.3      0.113        563.5057  1.318523      1.000000
    147   1      2   3   3     4  0.129247  0.482899      71.743        3.9        4.5      0.065        247.1450  1.314540      1.000000
    148   1      5   1   2     4  0.129381  0.482894      71.799      166.1      198.2      2.355      10647.9209  1.313645      1.000000
    149   1     -1   2   5     4  0.129462  0.482891      71.834        6.4        7.3      0.100        407.7533  1.313105      1.000000
    150   1      1   4   1     4  0.129792  0.482879      71.972        9.8       11.8      0.202        632.8633  1.310917      1.000000
    151   1     -6   1   1     4  0.129936  0.482874      72.032        3.9        4.7      0.072        249.3790  1.309969      1.000000
    152   1     -5   1   4     4  0.130290  0.482861      72.180      195.1      188.3      2.483      12635.6055  1.307649      1.000000
    153   1     -1   3   4     4  0.130920  0.482838      72.442        8.7        7.4      0.297        564.3779  1.303566      1.000000
    154   1      5   2   1     4  0.130935  0.482837      72.448        1.3        1.1      0.049         86.8613  1.303468      1.000000
    155   1     -2   2   5     4  0.131433  0.482819      72.654        3.9        3.3      0.332        255.3526  1.300286      1.000000
    156   1     -5   2   3     4  0.131548  0.482815      72.701        0.1        0.1      0.007          5.8764  1.299554      1.000000
    157   1     -6   1   2     4  0.132042  0.482797      72.905      231.7      249.4      3.117      15291.2402  1.296432      1.000000
    158   1      0   2   5     4  0.132980  0.482764      73.287        4.4        4.5      0.102        292.7776  1.290608      1.000000
    159   1      0   3   4     4  0.133198  0.482756      73.376      228.8      250.6      2.708      15274.2109  1.289265      1.000000
    160   1      2   4   0     4  0.133591  0.482742      73.535       53.8       55.6      0.745       3608.4202  1.286870      1.000000
    161   1      4   3   1     4  0.134071  0.482725      73.728        7.8        8.1      0.092        523.0945  1.283971      1.000000
    162   1     -2   3   4     4  0.134188  0.482721      73.775      179.1      195.0      1.835      12076.2061  1.283272      1.000000
    163   1      6   1   0     4  0.134275  0.482718      73.810       45.1       49.6      0.497       3042.7429  1.282750      1.000000
    164   1     -2   4   1     4  0.134309  0.482717      73.824        7.2        7.9      0.084        486.0659  1.282547      1.000000
    165   1     -4   1   5     4  0.134470  0.482711      73.888       21.0       21.8      0.325       1419.0402  1.281588      1.000000
    166   1      0   4   2     4  0.135479  0.482676      74.291      292.2      280.8      2.405      19955.3594  1.275640      1.000000
    167   1     -1   4   2     4  0.135730  0.482667      74.390      351.4      319.6      2.480      24051.6484  1.274181      1.000000
    168   1     -3   2   5     4  0.139142  0.482550      75.720        5.9        0.0      1.123        418.4532  1.255073      1.000000
    169   1      2   1   5     4  0.139272  0.482546      75.770        3.6        0.0      0.511        253.3303  1.254368      1.000000
    170   1      2   4   1     4  0.139538  0.482537      75.872       11.9        5.1      1.275        841.0221  1.252938      1.000000
    171   1     -4   3   3     4  0.139942  0.482523      76.026        2.3        1.1      0.262        165.4346  1.250778      1.000000
    172   1     -1   0   6     2  0.140535  0.482504      76.252       72.4       59.9      2.134      10341.7334  1.247637      1.000000
    173   1     -6   1   3     4  0.140907  0.482491      76.392        5.4        5.1      0.145        389.8060  1.245689      1.000000
    174   1      4   2   3     4  0.140985  0.482489      76.422        0.6        0.5      0.013         41.5314  1.245281      1.000000
    175   1      1   4   2     4  0.141013  0.482488      76.433        5.0        4.7      0.101        360.8178  1.245135      1.000000
    176   1      1   3   4     4  0.141313  0.482478      76.546      256.4      254.6      2.208      18446.4473  1.243579      1.000000
    177   1     -2   0   6     2  0.141317  0.482478      76.547      111.7      111.0      0.961      16069.6592  1.243555      1.000000
    178   1     -2   4   2     4  0.141797  0.482462      76.728        3.3        3.4      0.046        241.1598  1.241078      1.000000
    179   1      1   2   5     4  0.142433  0.482441      76.966        9.9        9.4      0.568        721.0704  1.237833      1.000000
    180   1     -3   3   4     4  0.143418  0.482409      77.332      411.8      401.4      3.558      30134.9238  1.232886      1.000000

   No.  Code     H   K   L  Mult      Hw      ETA/M    2theta/TOF     Icalc       Iobs      Sigma     StrFactor^2    d-hkl       CORR

    181   1      3   2   4     4  0.144487  0.482374      77.726       80.3       88.4      1.820       5926.5796  1.227620      1.000000
    182   1      4   0   4     2  0.145564  0.482340      78.119       87.1       87.5      2.162      12960.4395  1.222417      1.000000
    183   1      6   1   1     4  0.145708  0.482335      78.171        0.0        0.0      0.000          0.0217  1.221732      1.000000
    184   1      0   0   6     2  0.145733  0.482334      78.180        2.1        2.1      0.070        316.0566  1.221612      1.000000
    185   1     -1   1   6     4  0.146903  0.482297      78.603      211.2      245.1      2.888      15871.9111  1.216098      1.000000
    186   1      3   3   3     4  0.147684  0.482273      78.883        3.9        4.1      0.045        295.2156  1.212480      1.000000
    187   1     -3   4   1     4  0.147715  0.482272      78.894       24.1       25.1      0.275       1819.2449  1.212338      1.000000
    188   1     -2   1   6     4  0.147719  0.482272      78.896       16.5       17.2      0.189       1250.0111  1.212317      1.000000
    189   1      5   2   2     4  0.147787  0.482269      78.920       90.8       93.2      1.056       6861.9756  1.212008      1.000000
    190   1     -3   0   6     2  0.148177  0.482257      79.059       36.3       34.3      0.376       5499.4126  1.210222      1.000000
    191   1      3   4   0     4  0.148334  0.482252      79.115      182.0      176.6      1.550      13814.3516  1.209506      1.000000
    192   1     -6   2   1     4  0.148419  0.482250      79.146        8.7        8.6      0.072        664.5059  1.209120      1.000000
    193   1     -5   3   1     4  0.148548  0.482246      79.191       18.9       18.9      0.158       1438.7234  1.208539      1.000000
    194   1     -5   2   4     4  0.148823  0.482237      79.289      208.5      211.5      1.694      15882.5176  1.207295      1.000000
    195   1      4   3   2     4  0.149885  0.482204      79.663      304.5      294.3      2.649      23356.4746  1.202557      1.000000
    196   1     -6   2   2     4  0.150821  0.482175      79.991       79.8       74.1      1.212       6159.4604  1.198450      1.000000
    197   1     -6   0   4     2  0.151045  0.482169      80.069        3.5        3.6      0.086        544.6263  1.197480      1.000000
    198   1     -1   4   3     4  0.151913  0.482142      80.371       19.1       20.0      0.170       1488.6371  1.193747      1.000000
    199   1      5   3   0     4  0.152044  0.482138      80.416      210.3      221.5      1.328      16363.3369  1.193191      1.000000
    200   1      4   1   4     4  0.152157  0.482135      80.455      214.9      221.0      1.086      16732.3301  1.192707      1.000000
    201   1      0   1   6     4  0.152334  0.482129      80.516      228.2      219.6      1.008      17783.0605  1.191960      1.000000
    202   1     -5   3   2     4  0.152398  0.482127      80.538      271.5      257.5      1.226      21170.6680  1.191687      1.000000
    203   1      2   4   2     4  0.153042  0.482108      80.759      211.0      202.6      1.003      16514.8145  1.188979      1.000000
    204   1      0   4   3     4  0.153086  0.482107      80.775        4.9        4.6      0.023        381.6258  1.188794      1.000000
    205   1      5   1   3     4  0.153347  0.482099      80.864        0.1        0.1      0.000          4.4207  1.187706      1.000000
    206   1      6   2   0     4  0.153368  0.482098      80.871      242.2      221.4      1.516      18998.7188  1.187617      1.000000
    207   1     -4   2   5     4  0.153590  0.482092      80.947        1.8        1.7      0.015        141.4006  1.186694      1.000000
    208   1     -3   4   2     4  0.154462  0.482065      81.244      170.8      154.7      1.640      13490.9873  1.183106      1.000000
    209   1     -5   1   5     4  0.154782  0.482056      81.353        2.8        2.4      0.025        219.8125  1.181802      1.000000
    210   1     -3   1   6     4  0.154888  0.482053      81.388      207.5      181.8      1.887      16427.0273  1.181371      1.000000
    211   1      2   3   4     4  0.156321  0.482011      81.870        2.9        3.0      0.266        227.6267  1.175633      1.000000
    212   1      3   4   1     4  0.156415  0.482008      81.902        2.0        2.2      0.198        159.0791  1.175260      1.000000
    213   1     -2   4   3     4  0.157193  0.481985      82.161        5.6        7.4      0.286        451.4143  1.172206      1.000000
    214   1      1   0   6     2  0.157580  0.481974      82.290      114.2      141.3      1.807      18363.4160  1.170699      1.000000
    215   1     -6   1   4     4  0.157887  0.481965      82.392      213.5      259.2      2.301      17187.4219  1.169510      1.000000
    216   1      6   0   2     2  0.158828  0.481938      82.702      135.6      166.8      1.863      21940.7793  1.165906      1.000000
    217   1      2   2   5     4  0.159071  0.481931      82.782        0.2        0.2      0.004         13.2608  1.164987      1.000000
    218   1     -4   3   4     4  0.159828  0.481909      83.029       24.2       25.1      0.955       1964.8190  1.162141      1.000000
    219   1      1   4   3     4  0.160864  0.481879      83.366        5.9        4.5      0.583        482.3495  1.158300      1.000000
    220   1     -6   2   3     4  0.160939  0.481877      83.390        0.5        0.4      0.056         44.2581  1.158023      1.000000
    221   1     -1   3   5     4  0.161582  0.481859      83.598       27.3       24.6      1.317       2241.0583  1.155674      1.000000
    222   1     -4   0   6     2  0.162012  0.481847      83.737       67.1       55.0      1.698      11043.7852  1.154113      1.000000
    223   1      3   1   5     4  0.162193  0.481842      83.795        2.5        2.1      0.059        206.4114  1.153463      1.000000
    224   1     -7   0   2     2  0.162694  0.481828      83.955      150.1      139.5      2.252      24776.1055  1.151666      1.000000
    225   1      5   3   1     4  0.163420  0.481807      84.187        2.1        2.0      0.061        170.3053  1.149087      1.000000
    226   1     -2   3   5     4  0.164041  0.481790      84.384        0.2        0.1      0.019         12.8516  1.146905      1.000000
    227   1     -5   3   3     4  0.164185  0.481786      84.429        0.1        0.1      0.017         10.6847  1.146403      1.000000
    228   1      1   1   6     4  0.164725  0.481771      84.600       34.2       31.1      2.280       2852.4741  1.144524      1.000000
    229   1      0   3   5     4  0.165973  0.481737      84.992        0.2        0.2      0.014         15.0656  1.140248      1.000000
    230   1      6   1   2     4  0.166033  0.481735      85.010       18.2       18.3      1.500       1528.7590  1.140045      1.000000
    231   1      6   2   1     4  0.166430  0.481724      85.134        3.3        2.7      0.376        272.9713  1.138702      1.000000
    232   1     -1   2   6     4  0.167798  0.481687      85.559      118.5      132.2      2.635      10002.2295  1.134136      1.000000
    233   1      7   0   0     2  0.168642  0.481664      85.819       26.8       32.0      0.300       4539.9375  1.131367      1.000000
    234   1     -2   2   6     4  0.168734  0.481662      85.847      209.5      247.1      2.131      17746.9863  1.131067      1.000000
    235   1     -7   1   1     4  0.168973  0.481655      85.920        0.3        0.4      0.003         27.3179  1.130288      1.000000
    236   1     -4   1   6     4  0.169368  0.481645      86.041      142.2      148.9      1.430      12077.3486  1.129012      1.000000
    237   1     -4   4   1     4  0.169413  0.481643      86.055       14.8       15.5      0.149       1257.4888  1.128865      1.000000
    238   1     -3   4   3     4  0.169628  0.481638      86.120       14.7       15.9      0.176       1245.8274  1.128174      1.000000
    239   1     -7   1   2     4  0.170082  0.481625      86.259        3.5        3.5      0.070        297.8419  1.126720      1.000000
    240   1      4   4   0     4  0.171764  0.481581      86.767      179.9      152.5      2.942      15417.9258  1.121418      1.000000

   No.  Code     H   K   L  Mult      Hw      ETA/M    2theta/TOF     Icalc       Iobs      Sigma     StrFactor^2    d-hkl       CORR

    241   1      3   4   2     4  0.173233  0.481542      87.207      175.3      163.5      2.181      15096.0264  1.116894      1.000000
    242   1     -3   3   5     4  0.173685  0.481531      87.341       28.0       26.9      0.401       2417.7239  1.115520      1.000000
    243   1      4   2   4     4  0.173826  0.481527      87.383       59.0       57.5      0.862       5090.2085  1.115092      1.000000
    244   1      0   2   6     4  0.174029  0.481522      87.443        5.3        5.1      0.081        453.7509  1.114481      1.000000
    245   1      5   2   3     4  0.175193  0.481491      87.787        4.8        4.4      0.089        412.5635  1.111002      1.000000
    246   1     -4   4   2     4  0.175501  0.481483      87.878      199.1      185.3      2.490      17280.3672  1.110090      1.000000
    247   1      4   3   3     4  0.175999  0.481471      88.023       20.3       20.4      0.261       1767.9633  1.108627      1.000000
    248   1      2   4   3     4  0.176313  0.481463      88.115       15.0       15.9      0.161       1303.5869  1.107710      1.000000
    249   1      7   1   0     4  0.176319  0.481462      88.117      126.4      134.3      1.355      10998.9707  1.107691      1.000000
    250   1     -5   2   5     4  0.176845  0.481449      88.270        6.0        6.1      0.084        519.7924  1.106164      1.000000
    251   1     -3   2   6     4  0.176967  0.481446      88.306       53.6       56.4      0.798       4676.1797  1.105812      1.000000
    252   1      2   0   6     2  0.177740  0.481426      88.530       50.1       50.5      0.922       8751.4131  1.103588      1.000000
    253   1      1   3   5     4  0.177819  0.481424      88.553        5.9        5.9      0.109        515.6158  1.103362      1.000000
    254   1     -1   4   4     4  0.178609  0.481404      88.781      248.9      254.0      2.741      21801.9121  1.101120      1.000000
    255   1     -7   1   3     4  0.179828  0.481374      89.130        1.2        1.1      0.021        101.7405  1.097705      1.000000
    256   1      3   3   4     4  0.180405  0.481359      89.294      149.3      149.5      2.443      13140.7002  1.096111      1.000000
    257   1     -6   2   4     4  0.180421  0.481359      89.299       10.7       10.7      0.177        942.2927  1.096066      1.000000
    258   1      0   4   4     4  0.181742  0.481326      89.673       11.4       10.2      0.409       1008.8961  1.092460      1.000000
    259   1      5   0   4     2  0.182680  0.481303      89.937      115.2      140.5      2.150      20398.3359  1.089938      1.000000
    260   1      4   4   1     4  0.182945  0.481296      90.011        1.4        1.6      0.022        123.0756  1.089233      1.000000
    261   1     -2   4   4     4  0.183105  0.481292      90.056       83.7       91.4      1.429       7423.8320  1.088806      1.000000
    262   1      5   3   2     4  0.184570  0.481257      90.464       54.1       58.3      0.864       4814.1245  1.084955      1.000000
    263   1     -5   0   6     2  0.184846  0.481250      90.541      123.7      125.2      1.813      22028.4375  1.084237      1.000000
    264   1     -6   3   1     4  0.185370  0.481237      90.686       11.8       12.9      0.206       1050.9449  1.082882      1.000000
    265   1      3   2   5     4  0.185393  0.481237      90.692        2.0        2.2      0.034        175.5647  1.082823      1.000000
    266   1      2   1   6     4  0.185877  0.481225      90.825       51.2       50.4      0.671       4570.3936  1.081580      1.000000
    267   1     -5   3   4     4  0.185881  0.481225      90.826       67.0       66.0      0.880       5981.6157  1.081570      1.000000
    268   1     -6   1   5     4  0.185928  0.481224      90.839        5.3        5.2      0.071        475.7024  1.081451      1.000000
    269   1      1   5   0     4  0.187113  0.481195      91.164      111.4      119.3      1.697       9968.6182  1.078445      1.000000
    270   1      0   5   1     4  0.187779  0.481179      91.345        3.2        3.1      0.054        290.2369  1.076774      1.000000
    271   1      1   2   6     4  0.188325  0.481166      91.493      256.5      263.2      2.100      22997.4824  1.075418      1.000000
    272   1     -6   3   2     4  0.188414  0.481164      91.517      115.9      118.8      0.956      10395.7793  1.075197      1.000000
    273   1      6   2   2     4  0.189841  0.481130      91.902      293.0      253.5      2.351      26345.9023  1.071699      1.000000
    274   1     -1   5   1     4  0.189964  0.481127      91.935        5.4        4.6      0.049        487.2205  1.071399      1.000000
    275   1     -4   4   3     4  0.191065  0.481102      92.230        4.0        3.7      0.050        361.4604  1.068747      1.000000
    276   1      5   1   4     4  0.191076  0.481101      92.233        4.8        4.4      0.059        429.4300  1.068721      1.000000
    277   1     -7   0   4     2  0.191086  0.481101      92.235       71.2       65.1      0.894      12835.7285  1.068697      1.000000
    278   1      6   3   0     4  0.191650  0.481088      92.386       30.3       28.9      0.722       2731.7390  1.067353      1.000000
    279   1     -4   3   5     4  0.191933  0.481081      92.461        0.9        0.9      0.026         84.2221  1.066684      1.000000
    280   1      1   4   4     4  0.192971  0.481057      92.735       54.2       58.6      1.306       4901.4683  1.064246      1.000000
    281   1     -7   2   1     4  0.193256  0.481051      92.810        5.6        5.9      0.127        505.7711  1.063582      1.000000
    282   1     -5   1   6     4  0.193358  0.481048      92.837        2.0        2.1      0.044        180.0042  1.063345      1.000000
    283   1      7   1   1     4  0.193382  0.481048      92.843        0.1        0.1      0.002          9.0375  1.063289      1.000000
    284   1      1   5   1     4  0.193692  0.481041      92.925        6.2        6.2      0.114        561.5884  1.062571      1.000000
    285   1     -4   2   6     4  0.193714  0.481040      92.931       68.2       67.7      1.235       6168.1909  1.062518      1.000000
    286   1     -7   2   2     4  0.194545  0.481021      93.148      283.8      264.4      2.742      25715.5273  1.060607      1.000000
    287   1     -3   4   4     4  0.195906  0.480990      93.502        8.9        8.4      0.235        806.6907  1.057521      1.000000
    288   1      4   1   5     4  0.197328  0.480958      93.869        0.2        0.2      0.024         13.7609  1.054352      1.000000
    289   1      2   3   5     4  0.198935  0.480922      94.280        0.4        0.4      0.022         34.2145  1.050835      1.000000
    290   1      6   1   3     4  0.199068  0.480919      94.314        4.4        4.3      0.192        401.7763  1.050548      1.000000
    291   1      2   5   0     4  0.199487  0.480909      94.420      137.8      150.8      2.652      12562.1953  1.049644      1.000000
    292   1     -2   1   7     4  0.199541  0.480908      94.434       10.1       11.1      0.184        918.4443  1.049527      1.000000
    293   1     -7   1   4     4  0.199939  0.480899      94.535       50.8       57.8      0.941       4632.1904  1.048674      1.000000
    294   1     -1   1   7     4  0.200361  0.480890      94.641        0.1        0.1      0.001          4.8679  1.047772      1.000000
    295   1     -2   5   1     4  0.200586  0.480885      94.698       15.0       18.7      0.310       1372.1427  1.047294      1.000000
    296   1     -6   3   3     4  0.201333  0.480869      94.886        4.5        5.1      0.085        408.1863  1.045716      1.000000
    297   1      7   2   0     4  0.201822  0.480858      95.009      138.4      156.1      1.964      12646.7500  1.044690      1.000000
    298   1      3   4   3     4  0.201885  0.480856      95.025        4.0        4.5      0.056        368.4328  1.044558      1.000000
    299   1      0   5   2     4  0.202382  0.480845      95.149       90.2       97.2      1.268       8252.7637  1.043523      1.000000
    300   1     -1   5   2     4  0.202767  0.480837      95.245       41.5       43.7      0.657       3799.4194  1.042724      1.000000

   No.  Code     H   K   L  Mult      Hw      ETA/M    2theta/TOF     Icalc       Iobs      Sigma     StrFactor^2    d-hkl       CORR

    301   1     -5   4   1     4  0.203102  0.480830      95.328        0.1        0.1      0.002         11.8843  1.042034      1.000000
    302   1      4   4   2     4  0.204988  0.480789      95.794        3.8        2.9      0.632        350.0236  1.038193      1.000000
    303   1     -7   2   3     4  0.205933  0.480768      96.026        2.9        2.3      0.620        265.8332  1.036300      1.000000
    304   1     -3   1   7     4  0.207484  0.480735      96.404        1.0        0.8      0.139         89.8722  1.033241      1.000000
    305   1      5   4   0     4  0.208044  0.480723      96.540       19.4       16.5      1.321       1778.6390  1.032149      1.000000
    306   1      6   3   1     4  0.208419  0.480716      96.630        1.5        1.4      0.078        141.2327  1.031423      1.000000
    307   1     -5   4   2     4  0.208548  0.480713      96.661       15.3       14.5      0.748       1402.5551  1.031174      1.000000
    308   1      2   5   1     4  0.208645  0.480711      96.685       14.4       13.7      0.705       1324.6899  1.030986      1.000000
    309   1      3   0   6     2  0.209675  0.480689      96.932        0.1        0.1      0.003         14.6510  1.029011      1.000000
    310   1      0   1   7     4  0.210080  0.480680      97.029        2.0        2.0      0.038        184.4274  1.028242      1.000000
    311   1     -1   3   6     4  0.210194  0.480678      97.056      112.7      109.7      1.854      10356.7959  1.028026      1.000000
    312   1      1   5   2     4  0.210936  0.480663      97.233      198.2      196.4      2.164      18219.1094  1.026625      1.000000
    313   1     -2   3   6     4  0.211410  0.480653      97.346       18.4       16.8      0.200       1691.6760  1.025739      1.000000
    314   1     -2   5   2     4  0.212158  0.480637      97.523      156.4      150.4      1.505      14390.0645  1.024347      1.000000
    315   1      2   2   6     4  0.213052  0.480619      97.734      108.9      109.2      1.281      10021.8984  1.022700      1.000000
    316   1     -6   2   5     4  0.213111  0.480617      97.748        1.5        1.5      0.017        135.4453  1.022591      1.000000
    317   1      7   0   2     2  0.213449  0.480610      97.827        2.1        2.1      0.025        381.3924  1.021974      1.000000
    318   1      2   4   4     4  0.214139  0.480596      97.989      137.0      140.4      1.760      12606.2002  1.020720      1.000000
    319   1      4   3   4     4  0.218057  0.480517      98.895      117.9      122.8      1.589      10906.9570  1.013779      1.000000
    320   1      0   3   6     4  0.218323  0.480511      98.956      133.5      138.2      1.380      12364.5156  1.013320      1.000000
    321   1     -4   4   4     4  0.219177  0.480494      99.150      125.0      131.5      0.823      11617.5488  1.011852      1.000000
    322   1      5   2   4     4  0.219202  0.480494      99.156      147.3      155.3      0.959      13684.0977  1.011809      1.000000
    323   1      3   1   6     4  0.219617  0.480486      99.250      220.7      235.0      1.409      20560.0859  1.011101      1.000000
    324   1     -8   0   2     2  0.219744  0.480483      99.279       13.6       14.3      0.092       2542.0439  1.010884      1.000000
    325   1      5   3   3     4  0.219851  0.480481      99.303        1.4        1.4      0.010        128.4401  1.010703      1.000000
    326   1     -6   0   6     2  0.220916  0.480460      99.544       22.4       23.7      0.202       4220.3926  1.008904      1.000000
    327   1     -3   5   1     4  0.221451  0.480449      99.665        0.7        0.7      0.006         69.3499  1.008008      1.000000
    328   1     -1   4   5     4  0.221711  0.480444      99.723        9.5        9.4      0.076        915.7611  1.007575      1.000000
    329   1     -5   2   6     4  0.221911  0.480440      99.768      160.0      154.3      1.234      15510.0576  1.007243      1.000000
    330   1      7   2   1     4  0.221939  0.480440      99.774        0.8        0.8      0.006         75.9649  1.007195      1.000000
    331   1     -5   3   5     4  0.222023  0.480438      99.793        0.2        0.2      0.002         22.1873  1.007057      1.000000
    332   1     -3   3   6     4  0.222184  0.480435      99.829      179.5      173.5      1.466      17773.7754  1.006791      1.000000
    333   1      3   5   0     4  0.222433  0.480430      99.885        2.7        2.6      0.025        277.7694  1.006378      1.000000

     -----------------------------------------------------
     BRAGG R-Factors and weight fractions for Pattern #  1
     -----------------------------------------------------

 => Phase:  1      #(C) 2021 by FIZ Karlsruhe - Leibniz Institute for Information Infrastructure.  All rights reserved.
 => Bragg R-factor:   6.13       Vol:  323.224( 0.006)  Fract(%):  100.00( 0.25)
 => Rf-factor=  5.21             ATZ:        1095.733   Brindley:  1.0000

     -----------------------------------------------------------------
      SYMBOLIC NAMES AND FINAL VALUES AND SIGMA OF REFINED PARAMETERS:
     -----------------------------------------------------------------

      ->  Parameter number    1 :                                          Zero_pat1   -0.44342674E-01( +/-    0.55055658E-03 )
      ->  Parameter number    2 :                                     Scale_ph1_pat1    0.20340669E-02( +/-    0.35693458E-05 )
      ->  Parameter number    3 :                                    Cell_A_ph1_pat1     8.1018791    ( +/-    0.87789682E-04 )
      ->  Parameter number    4 :                                    Cell_B_ph1_pat1     5.4429264    ( +/-    0.61863655E-04 )
      ->  Parameter number    5 :                                    Cell_C_ph1_pat1     7.4984021    ( +/-    0.79820580E-04 )
      ->  Parameter number    6 :                                    Cell_E_ph1_pat1     102.17767    ( +/-    0.64641534E-03 )
      ->  Parameter number    7 :                                    U-Cagl_ph1_pat1    0.51771350E-01( +/-    0.14990797E-02 )
      ->  Parameter number    8 :                                    W-Cagl_ph1_pat1    0.10398634E-01( +/-    0.19135651E-03 )
      ->  Parameter number    9 :                                    V-Cagl_ph1_pat1   -0.28717253E-01( +/-    0.10848012E-02 )
      ->  Parameter number   10 :                                     EtaPV_ph1_pat1    0.48919407    ( +/-    0.12166592E-01 )
      ->  Parameter number   11 :                                     X-tan_ph1_pat1   -0.87742454E-04( +/-    0.35079799E-03 )
      ->  Parameter number   12 :                                     Asym1_ph1_pat1    0.11298694E-01( +/-    0.30169252E-02 )
      ->  Parameter number   13 :                                     Asym2_ph1_pat1    0.47776988E-02( +/-    0.71194931E-03 )
      ->  Parameter number   14 :                                           Z_F2_ph1    0.37982440    ( +/-    0.12785526E-02 )
      ->  Parameter number   15 :                                          X_Na1_ph1    0.38017651    ( +/-    0.63637597E-03 )
      ->  Parameter number   16 :                                          Y_Na1_ph1    0.78536612    ( +/-    0.14989775E-02 )
      ->  Parameter number   17 :                                          Z_Na1_ph1    0.10561922    ( +/-    0.73168939E-03 )
      ->  Parameter number   18 :                                          X_Ta1_ph1    0.15912819    ( +/-    0.99443314E-04 )
      ->  Parameter number   19 :                                          Y_Ta1_ph1    0.25870812    ( +/-    0.37648799E-03 )
      ->  Parameter number   20 :                                          Z_Ta1_ph1    0.29767939    ( +/-    0.12478292E-03 )
      ->  Parameter number   21 :                                           X_O1_ph1    0.21483700    ( +/-    0.11351788E-02 )
      ->  Parameter number   22 :                                           Y_O1_ph1    0.14703947    ( +/-    0.13509486E-02 )
      ->  Parameter number   23 :                                           Z_O1_ph1    0.53218964E-01( +/-    0.15280363E-02 )
      ->  Parameter number   24 :                                           X_O2_ph1    0.67926191E-01( +/-    0.12400402E-02 )
      ->  Parameter number   25 :                                           Y_O2_ph1    0.56189030    ( +/-    0.17234042E-02 )
      ->  Parameter number   26 :                                           Z_O2_ph1    0.21906327    ( +/-    0.14900200E-02 )
      ->  Parameter number   27 :                                           X_F1_ph1    0.37882495    ( +/-    0.12022674E-02 )
      ->  Parameter number   28 :                                           Y_F1_ph1    0.47691581    ( +/-    0.17198994E-02 )
      ->  Parameter number   29 :                                           Z_F1_ph1    0.30496585    ( +/-    0.14357651E-02 )
      ->  Parameter number   30 :                                           X_F2_ph1    0.34323770    ( +/-    0.11030807E-02 )
      ->  Parameter number   31 :                                           Y_F2_ph1    0.99365240    ( +/-    0.15977887E-02 )

 ------------------------------------------------------------------
 => Number of bytes for floating point variables: 4
 => Dimensions of dynamic allocated arrays in this run of FullProf:
 ------------------------------------------------------------------

 => Total approximate array memory (dynamic + static): 128536585 bytes

    MaxPOINT=    60000 Max.num. of points(+int. Inten.)/diffraction pattern       
    MaxREFLT=    20000 Max.num. of reflections/diffraction pattern               
    MaxPARAM=      300 Max.num. of refinable parameters                          
    MaxOVERL=    18096 Max.num. of overlapping reflections                       

 ----------------------------------------------------------
 => Number of bytes for floating point arrays: 4
 => Dimensions of fixed arrays in this release of FullProf:
 ----------------------------------------------------------

    NPATT   =       80 Max.num. of powder diffraction patterns                    
    NATS    =      830 Max.num. of atoms (all kind) in asymmetric unit            
    MPAR    =     1800 Max.num. of non atomic parameters/phase                    
    IEXCL   =       30 Max.num. of excluded regions                               
    IBACP   =      377 Max.num. of background points for interpolation            
    NPHT    =       16 Max.num. of phases                                         
    NMAGM   =        8 Max.num. of rotation-matrices sets for magnetic structure  
    NBASIS  =       12 Max.num. of basis functions associated to a single atom    
    NIREPS  =        9 Max.num. of irreducible representations to be combined     
    N_EQ    =      384 Max.num. of user-supplied symmetry operators/propagation vectors
    NGL     =      400 Max.num. of global parameters/diffraction pattern          
    N_LINC  =       50 Max.num. of global linear restraints                        
    NAT_P   =       80 Max.num. of atomic parameters per atom                     
    NCONST  =      500 Max.num. of slack constraints per phase                    
    N_SPE   =       30 Max.num. of different chemical species                     
    N_FORM  =       60 Max.num. of scattering factor values in a table            
    NPR     =      150 Max.num. of points defining a numerical profile            
    INPR    =       25 Max.num. of different numerical peak shapes                
    NPRC    =      150 Max.num. of terms in the table for correcting intensities  
    NSOL    =       10 Max.num. of solutions to be stored in Montecarlo searchs   

 
              CPU Time:     1.016 seconds
                            0.017 minutes

 => Run finished at:     Date: 07/02/2023  Time: 10:55:09.409                              
