

        **********************************************************
        ** PROGRAM FullProf.2k (Version 7.30 - Mar2020-ILL JRC) **
        **********************************************************
                       M U L T I -- P A T T E R N                 
            Rietveld, Profile Matching & Integrated Intensity     
                 Refinement of X-ray and/or Neutron Data


    Date: 07/02/2023  Time: 13:21:02.945                              

 => PCR file code: NaTaO2F2
 => DAT file code: NaTaO2F2.dat         -> Relative contribution: 1.0000                                                            

 ==> CONDITIONS OF THIS RUN FOR PATTERN No.:  1

 => Global Refinement of X-ray powder diffraction data                                                                              
 => Global Refinement of X-ray powder diffraction data                                                                              
    Bragg-Brentano(X-rays) or Debye-Scherrer geometry(Neutrons)
 => Title: #(C) 2021 by FIZ Karlsruhe - Leibniz Institute for Information Infrastructure.

 => Number of phases:    1
 => Number of excluded regions:    0
 => Number of scattering factors supplied:    0
 => Conventional weights: w=1.0/Variance(yobs)
 => Asymmetry correction as in J.Appl.Cryst. 26,128(1993)
 => Background linearly interpolated between the   23 points given
 => The    5th default profile function was selected
 => Pseudo-Voigt function (ETA variable)
                 X-parameter correspond to: ETA=ETA0+X*2theta
                       pV(x)= ETA*L(x)+(1-ETA)*G(x)

 ==> INPUT/OUTPUT OPTIONS:

 => Generate file *.PRF for plot
 => Output Integrated Intensities
 => Generate new input file *.PCR

 => X-Y type of data: 2theta/TOF/E(Kev) Intens sigma for pattern:  1
 => Plot pattern at each cycle
 => Wavelengths:  1.54056 1.54439
 => Alpha2/Alpha1 ratio:   0.5000
 => Cos(Monochromator angle)=   0.9100
 => Asymmetry correction for angles lower than   90.000 degrees
 => Absorption correction (AC), muR-eff =   0.0000  0.0000
 => Base of peaks: 2.0*HW*    8.00

 => Number of cycles:   33
 => Relaxation factors ==>    for coordinates:  1.00
 => for anisotropic temperature factors:  1.00
 => for halfwidth/strain/size parameters:  1.00
 => for lattice constants and propagation vectors:  1.00
 => EPS-value for convergence:    0.1
 => Background ==> 
    Position   Intensity
       10.33     6146.61        0.00
       12.68     5483.79        0.00
       13.63     5197.80        0.00
       15.60     4808.81        0.00
       18.38     4253.57        0.00
       21.57     3821.88        0.00
       25.78     3553.17        0.00
       30.65     3224.26        0.00
       35.64     2983.42        0.00
       38.62     2749.12        0.00
       42.51     2664.49        0.00
       45.16     2726.10        0.00
       54.03     2795.76        0.00
       62.66     2574.72        0.00
       66.04     2412.30        0.00
       75.12     2451.46        0.00
       78.08     2348.69        0.00
       81.50     2428.12        0.00
       86.02     2335.39        0.00
       88.78     2357.17        0.00

       93.33     2326.45        0.00
       95.72     2328.36        0.00
       98.08     2338.82        0.00

 
 => Number of Least-Squares parameters varied:    31

 =>--------------------------->
 =>------->  PATTERN number:  1
 =>--------------------------->
 => Global parameters and codes ==>
 => Zero-point:    -0.0110   11.0000
 => Displacement peak-shift parameter and code:     0.00    0.00
 => Transparency peak-shift parameter and code:     0.00    0.00

 => Reading Intensity data  =>>

 -> No recognizable heading in input data file X,Y,sigma
    First 6 lines are considered as COMMENTS (except for TSAMP keyword)
 -> COMMENT: 10.0116	6462.0000                                                                                                                   
 -> COMMENT: 10.0247	6605.0000                                                                                                                   
 -> COMMENT: 10.0379	6564.0000                                                                                                                   
 -> COMMENT: 10.0510	6462.0000                                                                                                                   
 -> COMMENT: 10.0641	6549.0000                                                                                                                   
 -> COMMENT: 10.0772	6376.0000                                                                                                                   
 ==> Angular range, step and number of points:
     2Thmin:      10.090400  2Thmax:      99.993401  Step:       0.013132  No. of points:   6848
 --------------------------------------------------------------------------------
 => Phase  No. 1
       #(C) 2021 by FIZ Karlsruhe - Leibniz Institute for Information Infras
 --------------------------------------------------------------------------------
 =>-------> Pattern#  1
 => Crystal Structure Refinement
 => Preferred orientation vector:   0.0000  0.0000  1.0000

 =>-------> Data for PHASE: 1
 => Number of atoms:    6
 => Number of distance  constraints:    0
 => Number of angle     constraints:    0

 => Symmetry information on space group: P 1 21/c 1          
 -> The multiplicity of the general position is:   4
 -> The space group is Centric (-1 at origin)   
 -> Lattice type  P: { 000 }                                       
 -> Reduced set of symmetry operators:

  No.  IT   Symmetry symbol    Rotation part     Associated Translation
   1: ( 1)   1            -->     ( x, y, z) + {  0.0000  0.0000  0.0000}
   2: ( 3)   2 ( 0, y, 0) -->     (-x, y,-z) + {  0.0000  0.5000  0.5000}


        Information on Space Group: 
        --------------------------- 

 =>   Number of Space group:  14
 =>  Hermann-Mauguin Symbol: P 1 21/c 1
 =>             Hall Symbol: -P 2ybc
 =>    Table Setting Choice: b1
 =>            Setting Type: IT (Generated from Hermann-Mauguin symbol)
 =>          Crystal System: Monoclinic
 =>              Laue Class: 2/m
 =>             Point Group: 2/m
 =>         Bravais Lattice: P
 =>          Lattice Symbol: mP
 =>  Reduced Number of S.O.:   2
 =>    General multiplicity:   4
 =>          Centrosymmetry: Centric (-1 at origin)
 =>  Generators (exc. -1&L):   1
 =>         Asymmetric unit:  0.000 <= x <=  1.000
                              0.000 <= y <=  0.250
                              0.000 <= z <=  1.000

 => List of S.O. without inversion and lattice centring translations
 => SYMM(  1): x,y,z                               => SYMM(  2): -x,y+1/2,-z+1/2


 => Initial parameters ==>
 Atom    Ntyp                  X         Y         Z         B         occ.         in  fin  Spc  Mult
                             B11       B22       B33       B12       B13       B23
 Na1    Na                 0.38078   0.78960   0.10390   1.11627   1.00000           0    0    0    4
                 Codes:  141.00000 151.00000 161.00000   0.00000   0.00000
 Ta1    Ta                 0.15941   0.25718   0.29645   0.47176   1.00000           0    0    0    4
                 Codes:  171.00000 181.00000 191.00000   0.00000   0.00000
 O1     O                  0.21615   0.15620   0.04800   0.58064   1.00000           0    0    0    4
                 Codes:  201.00000 211.00000 221.00000   0.00000   0.00000
 O2     O                  0.05874   0.54321   0.22259   0.58064   1.00000           0    0    0    4
                 Codes:  231.00000 241.00000 251.00000   0.00000   0.00000
 F1     F                  0.37993   0.47323   0.30967   1.12063   1.00000           0    0    0    4
                 Codes:  261.00000 271.00000 281.00000   0.00000   0.00000
 F2     F                  0.34220   0.98868   0.37731   1.12063   1.00000           0    0    0    4
                 Codes:  291.00000 301.00000 311.00000   0.00000   0.00000

 => IT IS ASSUMED THAT THE FIRST GIVEN SITE IS FULLY OCCUPIED 
    OR THE FIRST AND SECOND ATOMS ARE IN THE SAME SITE WITH TOTAL FULL OCCUPATION
  (If this is not the case, change the order of atoms to obtain correct values for the content of the unit cell)
    The given occupation factors have been obtained mutiplying m/M by   1.0000
      -> Atom: Na  ,  Chemical element: NA  Atomic Mass:    22.9898
      -> Atom: Ta  ,  Chemical element: TA  Atomic Mass:   180.9479
      -> Atom: O   ,  Chemical element: O   Atomic Mass:    15.9994
      -> Atom: O   ,  Chemical element: O   Atomic Mass:    15.9994
      -> Atom: F   ,  Chemical element: F   Atomic Mass:    18.9984
      -> Atom: F   ,  Chemical element: F   Atomic Mass:    18.9984
 => The given value of ATZ is       1095.73 the program has calculated:        1095.73
    The value of ATZ given in the input PCR file will be used for quantitative analysis
 => The chemical content of the unit cell is: 
       4.0000 Na   +   4.0000 Ta   +   4.0000 O    +   4.0000 O    +   4.0000 F    +   4.0000 F      
 => The normalized site occupation numbers in % are: 
     100.0000 Na1    :      100.0000 Ta1    :      100.0000 O1     :      100.0000 O2     :      100.0000 F1     :      100.0000 F2       
 => The density (volumic mass) of the compound is:    5.560 g/cm3

 =>-------> PROFILE PARAMETERS FOR PATTERN:  1

 => Overall scale factor:   0.202780E-02
 => ETA (p-Voigt) OR M (Pearson VII):   0.3914
 => Overall temperature factor:      0.00000
 => Halfwidth U,V,W:      0.05901    -0.03396     0.01156
 => X and Y parameters:       0.0020      0.0000
 => Direct cell parameters:    8.1356   5.4760   7.5216  90.0000 102.4075  90.0000
 => Preferred orientation parameters:   0.0000  0.0000
 => Asymmetry parameters     :      0.04060     0.00449     0.00000     0.00000
 => Strain parameters        :      0.00000     0.00000     0.00000
 => Size   parameters        :      0.00000     0.00000

 ==> CODEWORDS FOR PROFILE PARAMETERS of PATTERN#  1

 => Overall scale factor:   21.000
 => ETA (p-Voigt) OR M (Pearson VII):  101.000
 => Overall temperature factor:    0.000
 => Halfwidth U,V,W:   71.000  91.000  81.000
 => X and Y parameters:  111.000   0.000
 => Direct cell parameters:   31.000  41.000  51.000   0.000  61.000   0.000
 => Preferred orientation parameters:    0.000   0.000
 => Asymmetry parameters     :  121.000 131.000   0.000   0.000
 => Strain parameters        :    0.000   0.000   0.000
 => Size   parameters        :    0.000   0.000

 => Cell constraints according to Laue symmetry: 2/m  

        Metric information:
        -------------------

 => Direct cell parameters:

         a =       8.1356      b =       5.4760      c =       7.5216
     alpha =       90.000   beta =      102.407  gamma =       90.000
                        Direct Cell Volume =     327.2691

 => Reciprocal cell parameters:

         a*=     0.125855      b*=     0.182614      c*=     0.136130
     alpha*=       90.000   beta*=       77.593  gamma*=       90.000
                    Reciprocal Cell Volume =   0.00305559

 => Direct and Reciprocal Metric Tensors:

                   GD                                       GR
     66.1886      0.0000    -13.1481          0.015840    0.000000    0.003681
      0.0000     29.9871      0.0000          0.000000    0.033348    0.000000
    -13.1481      0.0000     56.5744          0.003681    0.000000    0.018531

 =>  Cartesian frame: z // c; y is in the bc-plane; x is y ^ z = a*  

     Crystal_to_Orthonormal_Matrix              Orthonormal_to_Crystal Matrix
              Cr_Orth_cel                               Orth_Cr_cel  
      8.1356      0.0000     -1.6161          0.122916   -0.000000    0.027042
      0.0000      5.4760      0.0000          0.000000    0.182614   -0.000000
      0.0000      0.0000      7.3459          0.000000    0.000000    0.136130

     Busing-Levy B-matrix: Hc=B.H            Inverse of the Busing-Levy B-matrix
                BL_M                                      BL_Minv  
    0.125855    0.000000    0.029249            7.9456     -0.0000     -1.7480
    0.000000    0.182614   -0.000000            0.0000      5.4760      0.0000
    0.000000    0.000000    0.132951            0.0000      0.0000      7.5216

 => Laue symmetry 2/m   will be used to generate HKL for pattern#   1
 => Reflections generated between S(1/d)min:  0.1139 A-1 and S(1/d)max:  1.0104 A-1
 =>                                    dmax:  8.7808 A   and      dmin:  0.9897 A
 => The number of reflections generated is:    358
 => The max. scatt. variable (gen.ref.) is:       102.2133
 => Scattering coefficients from internal table


 => X-ray scattering coeff. (A1, B1, A2,...C, f(0), Z, Dfp,Dfpp)

 NA      4.7626   3.2850   3.1736   8.8422   1.2674   0.3136   1.1128 129.4240   0.6760  10.9924  11.0000   0.1290   0.1240
 TA     29.2024   1.7733  15.2293   9.3705  14.5135   0.2960   4.7649  63.3644   9.2435  72.9537  73.0000  -6.3510   5.2710
 O       3.0485  13.2771   2.2868   5.7011   1.5463   0.3239   0.8670  32.9089   0.2508   7.9994   8.0000   0.0470   0.0320
 F       3.5392  10.2825   2.6412   4.2944   1.5170   0.2615   1.0243  26.1476   0.2776   8.9993   9.0000   0.0690   0.0530

     --------------------------------------------------------------
      SYMBOLIC NAMES AND INITIAL VALUES OF PARAMETERS TO BE VARIED:
     --------------------------------------------------------------

      ->  Parameter number    1   -> Symbolic Name:                                          Zero_pat1   -0.11010000E-01
      ->  Parameter number    2   -> Symbolic Name:                                     Scale_ph1_pat1    0.20278001E-02
      ->  Parameter number    3   -> Symbolic Name:                                    Cell_A_ph1_pat1     8.1356373    
      ->  Parameter number    4   -> Symbolic Name:                                    Cell_B_ph1_pat1     5.4760461    
      ->  Parameter number    5   -> Symbolic Name:                                    Cell_C_ph1_pat1     7.5215950    
      ->  Parameter number    6   -> Symbolic Name:                                    Cell_E_ph1_pat1     102.40746    
      ->  Parameter number    7   -> Symbolic Name:                                    U-Cagl_ph1_pat1    0.59007999E-01
      ->  Parameter number    8   -> Symbolic Name:                                    W-Cagl_ph1_pat1    0.11561000E-01
      ->  Parameter number    9   -> Symbolic Name:                                    V-Cagl_ph1_pat1   -0.33960000E-01
      ->  Parameter number   10   -> Symbolic Name:                                     EtaPV_ph1_pat1    0.39144000    
      ->  Parameter number   11   -> Symbolic Name:                                     X-tan_ph1_pat1    0.19630000E-02
      ->  Parameter number   12   -> Symbolic Name:                                     Asym1_ph1_pat1    0.40600002E-01
      ->  Parameter number   13   -> Symbolic Name:                                     Asym2_ph1_pat1    0.44900002E-02
      ->  Parameter number   14   -> Symbolic Name:                                          X_Na1_ph1    0.38078001    
      ->  Parameter number   15   -> Symbolic Name:                                          Y_Na1_ph1    0.78960001    
      ->  Parameter number   16   -> Symbolic Name:                                          Z_Na1_ph1    0.10390000    
      ->  Parameter number   17   -> Symbolic Name:                                          X_Ta1_ph1    0.15941000    
      ->  Parameter number   18   -> Symbolic Name:                                          Y_Ta1_ph1    0.25718001    
      ->  Parameter number   19   -> Symbolic Name:                                          Z_Ta1_ph1    0.29644999    
      ->  Parameter number   20   -> Symbolic Name:                                           X_O1_ph1    0.21615000    
      ->  Parameter number   21   -> Symbolic Name:                                           Y_O1_ph1    0.15620001    
      ->  Parameter number   22   -> Symbolic Name:                                           Z_O1_ph1    0.48000000E-01
      ->  Parameter number   23   -> Symbolic Name:                                           X_O2_ph1    0.58740001E-01
      ->  Parameter number   24   -> Symbolic Name:                                           Y_O2_ph1    0.54321003    
      ->  Parameter number   25   -> Symbolic Name:                                           Z_O2_ph1    0.22259000    
      ->  Parameter number   26   -> Symbolic Name:                                           X_F1_ph1    0.37992999    
      ->  Parameter number   27   -> Symbolic Name:                                           Y_F1_ph1    0.47323000    
      ->  Parameter number   28   -> Symbolic Name:                                           Z_F1_ph1    0.30967000    
      ->  Parameter number   29   -> Symbolic Name:                                           X_F2_ph1    0.34220001    
      ->  Parameter number   30   -> Symbolic Name:                                           Y_F2_ph1    0.98868001    
      ->  Parameter number   31   -> Symbolic Name:                                           Z_F2_ph1    0.37731001    
  
 
 => No optimization for routine tasks
 ++++++++++++++++++++++++++++++++++++++++++++++++++++++++++++++++++++++++++++++++++++++++++++++++++++++++++++++++++++++++

 => CYCLE No.:    1
 ---------------------------------------------------------------------------------------
 => Phase  1 Name:  #(C) 2021 by FIZ Karlsruhe - Leibniz Institute for Information Infras
 ---------------------------------------------------------------------------------------
 => New parameters, shifts, and standard deviations

 Atom        x       dx      sx       y       dy      sy       z       dz      sz       B       dB      sB      occ.    docc.   socc.

 Na1      0.38079 0.00001 0.00058  0.78961 0.00001 0.00131  0.10390-0.00000 0.00072  1.11627 0.00000 0.00000  1.00000 0.00000 0.00000
 Ta1      0.15941-0.00000 0.00009  0.25718-0.00000 0.00038  0.29645-0.00000 0.00012  0.47176 0.00000 0.00000  1.00000 0.00000 0.00000
 O1       0.21615-0.00000 0.00100  0.15620-0.00000 0.00127  0.04799-0.00001 0.00139  0.58064 0.00000 0.00000  1.00000 0.00000 0.00000
 O2       0.05874 0.00000 0.00117  0.54318-0.00003 0.00177  0.22259 0.00000 0.00154  0.58064 0.00000 0.00000  1.00000 0.00000 0.00000
 F1       0.37993 0.00000 0.00117  0.47320-0.00003 0.00165  0.30966-0.00001 0.00143  1.12063 0.00000 0.00000  1.00000 0.00000 0.00000
 F2       0.34219-0.00001 0.00105  0.98867-0.00001 0.00154  0.37730-0.00001 0.00130  1.12063 0.00000 0.00000  1.00000 0.00000 0.00000

 ==> PROFILE PARAMETERS FOR PATTERN#  1

 => Overall scale factor:      0.002027714    -0.000000086     0.000003415
 => Eta(p-Voigt) or m(Pearson VII):   0.391369 -0.000071  0.011049
 => Overall tem. factor:     0.000000    0.000000    0.000000
 => Halfwidth parameters: 
         0.059000   -0.000008    0.001512
        -0.033951    0.000009    0.001063
         0.011560   -0.000001    0.000184
 => Cell parameters: 
        8.135637    0.000000    0.000084
        5.476046   -0.000000    0.000059
        7.521595    0.000000    0.000076
       90.000000    0.000000    0.000000
      102.407471    0.000008    0.000619
       90.000000    0.000000    0.000000
 => Preferred orientation: 
         0.000000    0.000000    0.000000
         0.000000    0.000000    0.000000
 => Asymmetry parameters: 
         0.040585   -0.000015    0.002649
         0.004486   -0.000004    0.000675
         0.000000    0.000000    0.000000
         0.000000    0.000000    0.000000
 => X and Y parameters: 
         0.001961   -0.000002    0.000322
         0.000000    0.000000    0.000000
 => Strain parameters: 
         0.000000    0.000000    0.000000
         0.000000    0.000000    0.000000
         0.000000    0.000000    0.000000
 => Size   parameters (G,L): 
         0.000000    0.000000    0.000000
         0.000000    0.000000    0.000000

 ==> GLOBAL PARAMETERS FOR PATTERN#  1


 => Zero-point:    -0.0110   -0.0000    0.0005

 => Cos( theta)-shift parameter :   0.0000  0.0000  0.0000
 => Sin(2theta)-shift parameter :   0.0000  0.0000  0.0000

 ==> RELIABILITY FACTORS WITH ALL NON-EXCLUDED POINTS FOR PATTERN:  1

 => R-Factors:   3.58      5.01     Chi2:  11.3     DW-Stat.:  0.3473   Patt#:  1
 => Expected :            1.49                                1.9341
 => Deviance : 0.791E+05     Dev*:   11.60    
 => GoF-index:  3.3         Sqrt(Residual/N)
 => N-P+C:  6817

 =>    SumYdif       SumYobs      SumYcal      SumwYobsSQ     Residual    Condition
     0.1095E+07    0.3056E+08    0.3049E+08    0.3056E+08    0.7672E+05    0.7669E+10


 => Conventional Rietveld Rp,Rwp,Re and Chi2:   10.6      10.6      3.17      11.25    
 => (Values obtained using Ynet, but true sigma(y))
 =>  SumYnet, Sum(w Ynet**2):     0.1029E+08    0.6789E+07


 ==> RELIABILITY FACTORS FOR POINTS WITH BRAGG CONTRIBUTIONS FOR PATTERN:  1

 => R-Factors:   3.84      5.28     Chi2:  12.6     DW-Stat.:  0.3581   Patt#:
 => Expected :            1.49                                1.9300
 => Deviance : 0.767E+05     Dev*:   12.96    
 => GoF-index:  3.5         Sqrt(Residual/N)
 => N-P+C:  5919

 =>    SumYdif       SumYobs      SumYcal      SumwYobsSQ     Residual    Condition
     0.1024E+07    0.2666E+08    0.2660E+08    0.2666E+08    0.7440E+05    0.7669E+10


 => Conventional Rietveld Rp,Rwp,Re and Chi2:   9.97      10.5      2.95      12.57    
 => (Values obtained using Ynet, but true sigma(y))
 =>  SumYnet, Sum(w Ynet**2):     0.1027E+08    0.6786E+07


 => Global user-weigthed Chi2 (Bragg contrib.):   12.6    

 => ---------> Pattern#  1
 => Phase:  1
 =>    Bragg R-factor:  5.60    
 =>    RF-factor     :  4.46    


   Standard deviations have to be multiplied by: 3.3221
   (correlated residuals) See references:
  -J.F.Berar & P.Lelann, J. Appl. Cryst. 24, 1-5 (1991) 
  -J.F.Berar, Acc. in Pow. Diff. II,NIST Sp.Pub. 846, 63(1992) 

 ++++++++++++++++++++++++++++++++++++++++++++++++++++++++++++++++++++++++++++++++++++++++++++++++++++++++++++++++++++++++

 => CYCLE No.:    1
 =>  Convergence reached at this CYCLE !!!!
 =>  Parameter shifts set to zero
 ---------------------------------------------------------------------------------------
 => Phase  1 Name:  #(C) 2021 by FIZ Karlsruhe - Leibniz Institute for Information Infras
 ---------------------------------------------------------------------------------------
 => New parameters, shifts, and standard deviations

 Atom        x       dx      sx       y       dy      sy       z       dz      sz       B       dB      sB      occ.    docc.   socc.

 Na1      0.38079 0.00000 0.00058  0.78961 0.00000 0.00131  0.10390 0.00000 0.00072  1.11627 0.00000 0.00000  1.00000 0.00000 0.00000
 Ta1      0.15941 0.00000 0.00009  0.25718 0.00000 0.00038  0.29645 0.00000 0.00012  0.47176 0.00000 0.00000  1.00000 0.00000 0.00000
 O1       0.21615 0.00000 0.00100  0.15620 0.00000 0.00127  0.04799 0.00000 0.00139  0.58064 0.00000 0.00000  1.00000 0.00000 0.00000
 O2       0.05874 0.00000 0.00117  0.54318 0.00000 0.00177  0.22259 0.00000 0.00154  0.58064 0.00000 0.00000  1.00000 0.00000 0.00000
 F1       0.37993 0.00000 0.00117  0.47320 0.00000 0.00165  0.30966 0.00000 0.00143  1.12063 0.00000 0.00000  1.00000 0.00000 0.00000
 F2       0.34219 0.00000 0.00105  0.98867 0.00000 0.00154  0.37730 0.00000 0.00130  1.12063 0.00000 0.00000  1.00000 0.00000 0.00000

 ==> PROFILE PARAMETERS FOR PATTERN#  1

 => Overall scale factor:      0.002027714     0.000000000     0.000003415
 => Eta(p-Voigt) or m(Pearson VII):   0.391369  0.000000  0.011049
 => Overall tem. factor:     0.000000    0.000000    0.000000
 => Halfwidth parameters: 
         0.059000    0.000000    0.001512
        -0.033951    0.000000    0.001063
         0.011560    0.000000    0.000184
 => Cell parameters: 
        8.135637    0.000000    0.000084
        5.476046    0.000000    0.000059
        7.521595    0.000000    0.000076
       90.000000    0.000000    0.000000
      102.407471    0.000000    0.000619
       90.000000    0.000000    0.000000
 => Preferred orientation: 
         0.000000    0.000000    0.000000
         0.000000    0.000000    0.000000
 => Asymmetry parameters: 
         0.040585    0.000000    0.002649
         0.004486    0.000000    0.000675
         0.000000    0.000000    0.000000
         0.000000    0.000000    0.000000
 => X and Y parameters: 
         0.001961    0.000000    0.000322
         0.000000    0.000000    0.000000
 => Strain parameters: 
         0.000000    0.000000    0.000000
         0.000000    0.000000    0.000000
         0.000000    0.000000    0.000000
 => Size   parameters (G,L): 
         0.000000    0.000000    0.000000
         0.000000    0.000000    0.000000

 ==> GLOBAL PARAMETERS FOR PATTERN#  1


 => Zero-point:    -0.0110    0.0000    0.0005

 => Cos( theta)-shift parameter :   0.0000  0.0000  0.0000
 => Sin(2theta)-shift parameter :   0.0000  0.0000  0.0000

 ==> RELIABILITY FACTORS WITH ALL NON-EXCLUDED POINTS FOR PATTERN:  1

 => R-Factors:   3.58      5.01     Chi2:  11.3     DW-Stat.:  0.3473   Patt#:  1
 => Expected :            1.49                                1.9341
 => Deviance : 0.791E+05     Dev*:   11.60    
 => GoF-index:  3.3         Sqrt(Residual/N)
 => N-P+C:  6817

 =>    SumYdif       SumYobs      SumYcal      SumwYobsSQ     Residual    Condition
     0.1095E+07    0.3056E+08    0.3049E+08    0.3056E+08    0.7672E+05    0.7669E+10


 => Conventional Rietveld Rp,Rwp,Re and Chi2:   10.6      10.6      3.17      11.25    
 => (Values obtained using Ynet, but true sigma(y))
 =>  SumYnet, Sum(w Ynet**2):     0.1029E+08    0.6789E+07

 => N-sigma of the GoF:      598.658

 ==> RELIABILITY FACTORS FOR POINTS WITH BRAGG CONTRIBUTIONS FOR PATTERN:  1

 => R-Factors:   3.84      5.28     Chi2:  12.6     DW-Stat.:  0.3581   Patt#:
 => Expected :            1.49                                1.9300
 => Deviance : 0.767E+05     Dev*:   12.96    
 => GoF-index:  3.5         Sqrt(Residual/N)
 => N-P+C:  5919

 =>    SumYdif       SumYobs      SumYcal      SumwYobsSQ     Residual    Condition
     0.1024E+07    0.2666E+08    0.2660E+08    0.2666E+08    0.7440E+05    0.7669E+10


 => Conventional Rietveld Rp,Rwp,Re and Chi2:   9.97      10.5      2.95      12.57    
 => (Values obtained using Ynet, but true sigma(y))
 =>  SumYnet, Sum(w Ynet**2):     0.1027E+08    0.6786E+07

 => N-sigma of the GoF:      629.394

 => Global user-weigthed Chi2 (Bragg contrib.):   13.0    

 => ---------> Pattern#  1
 => Phase:  1
 =>    Bragg R-factor:  5.60    
 =>    RF-factor     :  4.46    

 --------------------------------------------------------------------------------------------------------------
 Pattern#  1 Phase No.:   1 Phase name:  #(C) 2021 by FIZ Karlsruhe - 
 --------------------------------------------------------------------------------------------------------------

   No.  Code     H   K   L  Mult      Hw      ETA/M    2theta/TOF     Icalc       Iobs      Sigma     StrFactor^2    d-hkl       CORR

      1   1      1   0   0     2  0.093878  0.413188      11.126     4000.7     3581.8      9.130      10000.0801  7.945623      1.000000
      2   1      1   1   0     4  0.086295  0.429947      19.673    10418.1    10232.3     11.323      41596.2109  4.508931      1.000000
      3   1      0   1   1     4  0.085924  0.430999      20.209       21.4       55.6      3.119         90.1643  4.390399      1.000000
      4   1     -1   1   1     4  0.084899  0.434151      21.817       30.2       53.1      4.464        149.4364  4.070415      1.000000
      5   1      2   0   0     2  0.084582  0.435216      22.360     1244.7     1334.4      5.970      12954.8604  3.972812      1.000000
      6   1      0   0   2     2  0.083616  0.438847      24.211     3725.7     3656.7      7.109      45769.4102  3.672961      1.000000
      7   1      1   1   1     4  0.083542  0.439157      24.369       17.5       17.6      0.033        109.1255  3.649514      1.000000
      8   1     -1   0   2     2  0.083530  0.439208      24.396     4066.8     4028.3      6.669      50757.7695  3.645647      1.000000
      9   1      2   1   0     4  0.082306  0.445725      27.719     7395.4     7534.0     10.025      60371.6680  3.215683      1.000000
     10   1     -2   1   1     4  0.082165  0.446806      28.270       88.7       61.9      2.041        755.2224  3.154202      1.000000
     11   1      1   0   2     2  0.082033  0.447971      28.864        3.7        3.8      0.314         65.9268  3.090637      1.000000
     12   1      0   1   2     4  0.081958  0.448735      29.254     2477.8     2650.6      6.403      22675.0859  3.050353      1.000000
     13   1     -2   0   2     2  0.081945  0.448888      29.332      122.7      131.0      0.312       2258.3005  3.042418      1.000000
     14   1     -1   1   2     4  0.081931  0.449038      29.408     1259.9     1357.3      3.792      11660.1318  3.034653      1.000000
     15   1      2   1   1     4  0.081701  0.454600      32.245       15.2        0.0      3.564        170.9101  2.773905      1.000000
     16   1      0   2   0     2  0.081710  0.455452      32.679     1529.9     1533.2      5.559      35480.3711  2.738023      1.000000
     17   1      1   1   2     4  0.081743  0.456590      33.259     2948.2     2986.2      6.218      35507.9570  2.691545      1.000000
     18   1     -2   1   2     4  0.081779  0.457399      33.672     2688.7     2717.6      5.721      33260.9609  2.659517      1.000000
     19   1      3   0   0     2  0.081795  0.457681      33.816     1010.8     1095.6      2.937      25239.1445  2.648541      1.000000
     20   1      1   2   0     4  0.081906  0.459263      34.622      977.5     1020.9      4.659      12839.4902  2.588639      1.000000
     21   1      0   2   1     4  0.081963  0.459892      34.943       34.4       40.7      2.168        461.3424  2.565603      1.000000
     22   1     -1   2   1     4  0.082181  0.461841      35.937        1.7        0.0      2.997         24.0573  2.496886      1.000000
     23   1      2   0   2     2  0.082390  0.463312      36.687      584.7      595.3      4.898      17424.9844  2.447533      1.000000
     24   1     -3   1   1     4  0.082589  0.464512      37.299      182.2      171.1      1.054       2814.0249  2.408776      1.000000
     25   1     -3   0   2     2  0.082595  0.464547      37.317      631.3      591.7      3.127      19523.8320  2.407663      1.000000
     26   1      1   2   1     4  0.082699  0.465121      37.610       78.7       64.0      2.215       1237.8978  2.389610      1.000000
     27   1      3   1   0     4  0.082731  0.465291      37.696        8.5        7.1      0.444        135.0612  2.384307      1.000000
     28   1     -1   1   3     4  0.083591  0.469127      39.653      223.5      234.2      4.159       3948.3398  2.271071      1.000000
     29   1      2   2   0     4  0.083749  0.469724      39.957      536.5      515.0      3.268       9638.0254  2.254465      1.000000
     30   1      0   1   3     4  0.083941  0.470423      40.314        0.1        0.2      0.001          2.6779  2.235342      1.000000
     31   1      2   1   2     4  0.083950  0.470454      40.330      588.5      681.0      3.497      10789.7471  2.234499      1.000000
     32   1     -2   2   1     4  0.083966  0.470511      40.358        5.5        6.3      0.033        101.6031  2.232967      1.000000
     33   1     -3   1   2     4  0.084284  0.471596      40.912      873.6      877.8      3.778      16533.1875  2.204037      1.000000
     34   1      0   2   2     4  0.084387  0.471934      41.084      868.5      875.9      2.944      16586.5820  2.195199      1.000000
     35   1     -1   2   2     4  0.084457  0.472159      41.199     1034.1      962.5      3.187      19873.3203  2.189326      1.000000
     36   1      3   1   1     4  0.084975  0.473744      42.007        8.7        5.5      1.922        174.1611  2.149060      1.000000
     37   1     -2   1   3     4  0.085167  0.474299      42.290       13.0        8.4      2.399        264.8195  2.135338      1.000000
     38   1      2   2   1     4  0.085942  0.476396      43.359       39.3       61.4      3.897        846.3820  2.085121      1.000000
     39   1      1   1   3     4  0.086566  0.477948      44.151       38.9       38.1      0.963        871.8009  2.049557      1.000000
     40   1      1   2   2     4  0.086568  0.477953      44.153       90.1       88.3      2.189       2019.7212  2.049454      1.000000
     41   1     -2   2   2     4  0.086838  0.478591      44.479      312.3      300.6      3.325       7112.2744  2.035208      1.000000
     42   1      4   0   0     2  0.087850  0.480853      45.632      686.7      760.7      4.937      33118.2812  1.986406      1.000000
     43   1      3   0   2     2  0.088511  0.482229      46.334      487.0      412.2      3.622      24299.6875  1.957941      1.000000
     44   1     -4   0   2     2  0.089232  0.483659      47.063      686.1      661.1      4.077      35448.5625  1.929294      1.000000
     45   1     -3   2   1     4  0.089586  0.484336      47.409       20.9       20.4      0.765        548.7289  1.916034      1.000000
     46   1     -4   1   1     4  0.089922  0.484964      47.729        0.1        0.1      0.000          2.5040  1.903940      1.000000
     47   1      3   2   0     4  0.089930  0.484979      47.736     1891.9     1961.0      5.449      50450.0039  1.903650      1.000000
     48   1     -3   1   3     4  0.089976  0.485065      47.780       33.1       34.2      0.104        883.9020  1.902003      1.000000
     49   1     -1   0   4     2  0.090616  0.486224      48.371     1341.3     1530.0      4.814      73692.6016  1.880138      1.000000
     50   1      4   1   0     4  0.091009  0.486915      48.724      951.0     1069.1      4.116      26555.6660  1.867345      1.000000
     51   1     -1   2   3     4  0.091746  0.488177      49.367        8.0        7.2      0.228        230.6222  1.844511      1.000000
     52   1      3   1   2     4  0.091775  0.488226      49.392       87.2       76.8      1.939       2509.1240  1.843640      1.000000
     53   1      0   0   4     2  0.092017  0.488629      49.598       49.9       54.7      1.215       2901.2544  1.836481      1.000000
     54   1      0   2   3     4  0.092408  0.489270      49.925        0.8        0.8      0.002         23.2211  1.825216      1.000000
     55   1      2   2   2     4  0.092424  0.489296      49.938     1763.2     1713.4      4.950      52013.4570  1.824757      1.000000
     56   1     -2   0   4     2  0.092492  0.489407      49.995      197.1      191.6      0.605      11656.6211  1.822824      1.000000
     57   1     -4   1   2     4  0.092605  0.489589      50.087       12.8       12.8      0.051        379.3411  1.819663      1.000000
     58   1     -3   2   2     4  0.093027  0.490264      50.431     1124.7     1027.8      4.238      33915.3242  1.808054      1.000000
     59   1      2   1   3     4  0.093220  0.490568      50.587        1.7        1.6      0.013         52.2887  1.802863      1.000000
     60   1      1   3   0     4  0.094146  0.491994      51.314      677.7      615.0      4.017      21248.6992  1.779008      1.000000

   No.  Code     H   K   L  Mult      Hw      ETA/M    2theta/TOF     Icalc       Iobs      Sigma     StrFactor^2    d-hkl       CORR

     61   1     -1   1   4     4  0.094176  0.492041      51.338       18.7       16.8      0.107        586.8882  1.778246      1.000000
     62   1      3   2   1     4  0.094213  0.492096      51.366        2.5        2.2      0.016         79.6497  1.777331      1.000000
     63   1      0   3   1     4  0.094451  0.492453      51.548       69.6       62.3      1.203       2203.6665  1.771478      1.000000
     64   1     -2   2   3     4  0.094531  0.492572      51.609        5.3        4.4      0.161        167.8863  1.769545      1.000000
     65   1     -1   3   1     4  0.095429  0.493889      52.280        2.6        2.2      0.195         85.8791  1.748375      1.000000
     66   1      0   1   4     4  0.095747  0.494346      52.513      996.4      990.5      4.893      32899.8945  1.741174      1.000000
     67   1     -2   1   4     4  0.096276  0.495093      52.894      486.6      454.1      3.185      16329.7959  1.729522      1.000000
     68   1      4   1   1     4  0.096330  0.495169      52.933        0.1        0.1      0.000          1.7819  1.728351      1.000000
     69   1      1   2   3     4  0.096730  0.495726      53.217        0.3        0.0      0.035         11.7815  1.719799      1.000000
     70   1      1   0   4     2  0.097177  0.496339      53.529      145.3      139.2      2.993      10016.3086  1.710487      1.000000
     71   1      1   3   1     4  0.097186  0.496351      53.535        0.2        0.2      0.003          5.6608  1.710308      1.000000
     72   1     -3   0   4     2  0.098276  0.497810      54.280       80.2       20.8      3.027       5702.3965  1.688597      1.000000
     73   1      2   3   0     4  0.099893  0.499895      55.343     1055.1      969.2      5.400      39169.0352  1.658652      1.000000
     74   1     -4   1   3     4  0.100116  0.500175      55.486       24.8       23.4      0.140        927.4302  1.654724      1.000000
     75   1     -2   3   1     4  0.100385  0.500511      55.657       56.5       53.7      1.169       2126.0151  1.650034      1.000000
     76   1      0   3   2     4  0.101295  0.501631      56.228      341.2      333.4      1.953      13123.5732  1.634618      1.000000
     77   1      1   1   4     4  0.101411  0.501773      56.300      868.8      892.7      3.033      33508.9258  1.632692      1.000000
     78   1     -1   3   2     4  0.101442  0.501810      56.319      224.9      231.9      0.789       8683.7607  1.632189      1.000000
     79   1     -4   2   1     4  0.101513  0.501896      56.363       36.8       37.7      0.149       1423.5981  1.631024      1.000000
     80   1     -3   2   3     4  0.101587  0.501986      56.409        5.2        5.3      0.024        201.0504  1.629806      1.000000
     81   1     -3   1   4     4  0.102600  0.503196      57.026      995.1     1105.0      4.424      39488.0742  1.613622      1.000000
     82   1      4   0   2     2  0.102924  0.503577      57.221       33.5       42.5      0.179       2681.2402  1.608603      1.000000
     83   1      4   2   0     4  0.102974  0.503635      57.250      296.1      399.5      1.955      11855.1289  1.607841      1.000000
     84   1      3   2   2     4  0.103986  0.504808      57.848      595.8      729.2      3.799      24406.4238  1.592634      1.000000
     85   1      5   0   0     2  0.104226  0.505082      57.988      102.8      116.0      0.659       8469.1211  1.589125      1.000000
     86   1     -5   0   2     2  0.104296  0.505161      58.028       79.0       87.7      0.572       6514.0728  1.588118      1.000000
     87   1      2   3   1     4  0.104330  0.505201      58.049        1.4        1.5      0.012         58.1900  1.587614      1.000000
     88   1     -4   2   2     4  0.105068  0.506033      58.473      631.2      764.7      3.669      26476.1191  1.577101      1.000000
     89   1      1   3   2     4  0.105455  0.506465      58.693      693.5      764.3      2.960      29331.6562  1.571700      1.000000
     90   1      2   2   3     4  0.105862  0.506915      58.923       17.0       16.8      0.069        725.8494  1.566126      1.000000
     91   1     -2   3   2     4  0.105926  0.506986      58.959      856.9      847.1      3.345      36606.8203  1.565247      1.000000
     92   1      3   1   3     4  0.106037  0.507108      59.021        3.4        3.3      0.019        144.0738  1.563746      1.000000
     93   1     -5   1   1     4  0.106336  0.507436      59.189        2.8        2.9      0.041        119.3729  1.559728      1.000000
     94   1     -1   2   4     4  0.107082  0.508246      59.601      725.4      754.3      3.723      31730.9785  1.549908      1.000000
     95   1      2   0   4     2  0.107438  0.508628      59.796      230.2      235.7      0.928      20282.3711  1.545318      1.000000
     96   1      4   1   2     4  0.107589  0.508789      59.879      930.4      934.0      3.269      41117.1914  1.543391      1.000000
     97   1      5   1   0     4  0.108977  0.510253      60.625      537.7      590.8      2.195      24416.1094  1.526162      1.000000
     98   1     -5   1   2     4  0.109051  0.510330      60.664      856.7      898.5      2.859      38952.8711  1.525270      1.000000
     99   1      0   2   4     4  0.109059  0.510338      60.668       79.2       82.7      0.264       3602.9973  1.525176      1.000000
    100   1     -4   0   4     2  0.109390  0.510681      60.843      276.9      279.2      1.134      25338.5098  1.521209      1.000000
    101   1     -2   2   4     4  0.109717  0.511019      61.016      282.2      285.3      1.911      12992.5020  1.517326      1.000000
    102   1      4   2   1     4  0.109784  0.511088      61.051        6.0        6.4      0.052        278.2070  1.516536      1.000000
    103   1     -3   3   1     4  0.110428  0.511746      61.386        8.6        2.3      0.656        401.9315  1.509050      1.000000
    104   1      3   3   0     4  0.110961  0.512285      61.661        5.8        0.0      1.121        272.4538  1.502977      1.000000
    105   1      2   1   4     4  0.112387  0.513708      62.387       24.4        0.0      3.236       1178.9025  1.487235      1.000000
    106   1     -1   3   3     4  0.113703  0.514991      63.041        0.4        0.0      0.297         19.8364  1.473357      1.000000
    107   1     -4   2   3     4  0.114416  0.515678      63.391        1.8        1.7      0.125         91.4270  1.466064      1.000000
    108   1     -4   1   4     4  0.114452  0.515711      63.409       16.8       15.7      0.935        841.2290  1.465706      1.000000
    109   1      0   3   3     4  0.114674  0.515924      63.517        6.6        6.1      0.124        330.0562  1.463466      1.000000
    110   1      2   3   2     4  0.114698  0.515946      63.528      180.2      167.7      3.241       9054.1377  1.463230      1.000000
    111   1     -3   3   2     4  0.115573  0.516775      63.951      244.5      225.8      2.740      12457.0820  1.454575      1.000000
    112   1      1   2   4     4  0.115975  0.517152      64.143      215.8      185.6      1.891      11064.0771  1.450675      1.000000
    113   1     -1   1   5     4  0.116051  0.517223      64.180        8.2        6.9      0.090        421.0554  1.449946      1.000000
    114   1      3   3   1     4  0.117269  0.518353      64.756        4.5        2.9      0.344        233.5862  1.438434      1.000000
    115   1     -3   2   4     4  0.117397  0.518470      64.815       42.3       28.5      1.775       2214.6721  1.437249      1.000000
    116   1      5   1   1     4  0.117490  0.518556      64.859       13.0        9.4      0.526        680.5513  1.436389      1.000000
    117   1     -5   1   3     4  0.117651  0.518703      64.934       10.8        9.2      0.515        570.9226  1.434904      1.000000
    118   1     -2   3   3     4  0.117718  0.518764      64.965        4.9        4.3      0.242        256.6258  1.434297      1.000000
    119   1     -2   1   5     4  0.117761  0.518804      64.986        3.2        2.8      0.169        167.7222  1.433898      1.000000
    120   1      0   1   5     4  0.119427  0.520309      65.753        6.8        1.2      2.397        366.7446  1.419001      1.000000

   No.  Code     H   K   L  Mult      Hw      ETA/M    2theta/TOF     Icalc       Iobs      Sigma     StrFactor^2    d-hkl       CORR

    121   1      1   3   3     4  0.120776  0.521507      66.364       12.9       10.6      2.627        711.8362  1.407421      1.000000
    122   1      3   2   3     4  0.121465  0.522110      66.672       22.1       13.4      2.117       1229.5168  1.401668      1.000000
    123   1     -5   2   1     4  0.121816  0.522416      66.828        4.5        1.3      0.615        252.5204  1.398772      1.000000
    124   1      4   2   2     4  0.123286  0.523682      67.473        1.2        1.7      0.875         68.7409  1.386953      1.000000
    125   1      3   0   4     2  0.124569  0.524771      68.028      109.5      143.2      2.983      12688.1895  1.376979      1.000000
    126   1     -3   1   5     4  0.124800  0.524964      68.127        0.8        0.9      0.017         47.0622  1.375225      1.000000
    127   1      5   2   0     4  0.124907  0.525055      68.173       68.9       74.4      1.283       4007.3591  1.374409      1.000000
    128   1     -5   2   2     4  0.124993  0.525127      68.210       14.2       15.9      0.262        824.5175  1.373758      1.000000
    129   1      0   4   0     2  0.125625  0.525655      68.479      334.8      335.3      3.029      39321.0039  1.369012      1.000000
    130   1      4   1   3     4  0.127071  0.526849      69.088        0.6        0.6      0.039         38.6430  1.358425      1.000000
    131   1     -4   3   1     4  0.127199  0.526953      69.141        0.1        0.1      0.004          6.5415  1.357507      1.000000
    132   1     -3   3   3     4  0.127297  0.527033      69.182        0.2        0.2      0.004         12.7177  1.356805      1.000000
    133   1      5   0   2     2  0.127390  0.527109      69.221      154.2      166.9      2.177      18505.8691  1.356141      1.000000
    134   1     -5   0   4     2  0.127653  0.527324      69.330      191.4      200.2      1.857      23041.1680  1.354267      1.000000
    135   1      1   1   5     4  0.128362  0.527899      69.624        3.3        3.8      0.048        200.5561  1.349280      1.000000
    136   1      1   4   0     4  0.128383  0.527916      69.632       75.6       86.0      1.105       4587.3472  1.349133      1.000000
    137   1      0   4   1     4  0.128857  0.528298      69.827       21.2       21.8      0.109       1292.2437  1.345840      1.000000
    138   1      2   2   4     4  0.128867  0.528306      69.831      584.1      603.2      2.974      35664.6836  1.345772      1.000000
    139   1      4   3   0     4  0.129117  0.528507      69.934      193.9      194.5      1.096      11874.7959  1.344054      1.000000
    140   1     -6   0   2     2  0.129549  0.528853      70.110       63.1       65.4      0.557       7765.2480  1.341101      1.000000
    141   1     -1   4   1     4  0.130362  0.529500      70.440       10.2       10.6      0.081        630.7531  1.335625      1.000000
    142   1      3   1   4     4  0.130395  0.529526      70.453      324.9      339.8      2.512      20185.0469  1.335408      1.000000
    143   1      3   3   2     4  0.130436  0.529559      70.470       55.4       57.7      0.431       3446.4500  1.335132      1.000000
    144   1     -4   2   4     4  0.131251  0.530201      70.797      335.2      357.2      2.615      21022.2969  1.329759      1.000000
    145   1     -4   3   2     4  0.131838  0.530661      71.032       12.0       14.4      0.128        758.4562  1.325941      1.000000
    146   1      6   0   0     2  0.132098  0.530863      71.135      185.7      276.2      2.307      23506.6133  1.324271      1.000000
    147   1      2   3   3     4  0.132863  0.531457      71.438        2.3        2.9      0.070        146.8812  1.319399      1.000000
    148   1      1   4   1     4  0.133018  0.531577      71.499        8.6        9.8      0.248        546.9346  1.318421      1.000000
    149   1     -1   2   5     4  0.133092  0.531634      71.528        6.4        7.3      0.159        409.1320  1.317956      1.000000
    150   1      5   1   2     4  0.133344  0.531829      71.628      165.4      192.5      1.938      10609.0322  1.316375      1.000000
    151   1     -6   1   1     4  0.133498  0.531947      71.688        7.1        7.5      0.064        455.4788  1.315413      1.000000
    152   1     -5   1   4     4  0.133619  0.532040      71.735      213.6      216.0      1.871      13740.6895  1.314661      1.000000
    153   1     -1   3   4     4  0.134432  0.532661      72.052        8.8        8.2      0.428        574.0870  1.309658      1.000000
    154   1      5   2   1     4  0.134745  0.532900      72.174        0.7        0.6      0.061         45.0474  1.307750      1.000000
    155   1     -5   2   3     4  0.134930  0.533040      72.245        0.6        0.6      0.053         41.1670  1.306629      1.000000
    156   1     -2   2   5     4  0.135056  0.533136      72.294        1.8        1.9      0.137        118.8565  1.305869      1.000000
    157   1     -6   1   2     4  0.135601  0.533547      72.504      225.6      254.3      3.117      14806.6279  1.302607      1.000000
    158   1      0   3   4     4  0.136957  0.534564      73.022      237.7      238.4      2.480      15811.4033  1.294634      1.000000
    159   1      0   2   5     4  0.136966  0.534570      73.025        4.2        4.2      0.044        281.5468  1.294587      1.000000
    160   1      2   4   0     4  0.137012  0.534604      73.043       51.9       51.9      0.529       3457.1338  1.294319      1.000000
    161   1     -2   4   1     4  0.137727  0.535134      73.313       11.3       10.8      0.101        755.9280  1.290212      1.000000
    162   1     -2   3   4     4  0.137795  0.535185      73.339      200.6      191.7      1.860      13453.5459  1.289823      1.000000
    163   1      4   3   1     4  0.137880  0.535248      73.371        6.7        6.4      0.069        447.7675  1.289337      1.000000
    164   1     -4   1   5     4  0.138121  0.535425      73.462       21.5       21.4      0.285       1449.4878  1.287973      1.000000
    165   1      6   1   0     4  0.138263  0.535530      73.515       41.9       42.5      0.536       2823.8201  1.287168      1.000000
    166   1      0   4   2     4  0.139043  0.536102      73.807      321.9      293.8      2.168      21837.4746  1.282802      1.000000
    167   1     -1   4   2     4  0.139254  0.536257      73.886      373.1      332.2      2.423      25359.8164  1.281626      1.000000
    168   1     -3   2   5     4  0.143106  0.539022      75.296        3.4        0.4      0.860        239.8809  1.261087      1.000000
    169   1      2   4   1     4  0.143376  0.539212      75.393       11.2        7.9      1.529        786.6111  1.259704      1.000000
    170   1     -4   3   3     4  0.143732  0.539463      75.521        3.8        3.7      0.506        265.8436  1.257890      1.000000
    171   1      2   1   5     4  0.144049  0.539685      75.634        2.9        2.5      0.365        208.5422  1.256284      1.000000
    172   1     -6   1   3     4  0.144880  0.540266      75.930        8.6        7.1      0.329        610.1180  1.252122      1.000000
    173   1      1   4   2     4  0.144963  0.540323      75.959        1.9        1.6      0.055        132.5420  1.251710      1.000000
    174   1     -1   0   6     2  0.145070  0.540398      75.997       81.3       73.1      1.866      11613.8105  1.251179      1.000000
    175   1     -2   4   2     4  0.145625  0.540783      76.194        2.7        2.7      0.024        195.3757  1.248443      1.000000
    176   1      1   3   4     4  0.145689  0.540827      76.216      273.6      273.7      2.224      19647.7129  1.248129      1.000000
    177   1      4   2   3     4  0.145696  0.540832      76.219        0.5        0.5      0.004         36.0835  1.248096      1.000000
    178   1     -2   0   6     2  0.145733  0.540857      76.232      121.5      121.9      0.976      17449.5566  1.247916      1.000000
    179   1      1   2   5     4  0.147166  0.541843      76.734        7.9        8.2      0.159        574.1175  1.240991      1.000000
    180   1     -3   3   4     4  0.147469  0.542050      76.840      413.1      399.2      3.392      30080.1445  1.239547      1.000000

   No.  Code     H   K   L  Mult      Hw      ETA/M    2theta/TOF     Icalc       Iobs      Sigma     StrFactor^2    d-hkl       CORR

    181   1      3   2   4     4  0.149481  0.543411      77.534       87.7      124.2      2.561       6480.3784  1.230172      1.000000
    182   1      6   1   1     4  0.150600  0.544159      77.916        0.0        0.0      0.002          3.0813  1.225102      1.000000
    183   1      0   0   6     2  0.150774  0.544275      77.975        1.2        1.3      0.037        184.3275  1.224321      1.000000
    184   1      4   0   4     2  0.150898  0.544357      78.017       85.7       85.9      2.139      12800.2236  1.223767      1.000000
    185   1     -1   1   6     4  0.151805  0.544958      78.323      194.9      199.8      2.162      14645.5947  1.219746      1.000000
    186   1     -3   4   1     4  0.151892  0.545016      78.352       21.4       22.3      0.245       1608.2218  1.219364      1.000000
    187   1     -2   1   6     4  0.152496  0.545413      78.555       25.2       25.2      0.215       1899.5823  1.216723      1.000000
    188   1      3   3   3     4  0.152547  0.545446      78.572        2.0        2.0      0.016        153.3120  1.216505      1.000000
    189   1      3   4   0     4  0.152628  0.545499      78.599      190.6      189.9      1.359      14400.8311  1.216153      1.000000
    190   1      5   2   2     4  0.152837  0.545637      78.669       86.2       86.0      0.593       6523.1133  1.215246      1.000000
    191   1     -3   0   6     2  0.152844  0.545641      78.671       31.0       30.9      0.213       4688.5005  1.215216      1.000000
    192   1     -5   3   1     4  0.152985  0.545733      78.718       19.5       19.3      0.136       1474.9231  1.214610      1.000000
    193   1     -6   2   1     4  0.153013  0.545751      78.728        5.4        5.3      0.038        405.5629  1.214489      1.000000
    194   1     -5   2   4     4  0.153150  0.545841      78.773      190.4      189.1      1.376      14433.3711  1.213897      1.000000
    195   1      4   3   2     4  0.154813  0.546921      79.324      312.6      283.8      2.871      23959.4668  1.206847      1.000000
    196   1     -6   2   2     4  0.155404  0.547302      79.518       89.1       76.5      0.882       6853.1816  1.204388      1.000000
    197   1     -6   0   4     2  0.155539  0.547388      79.562        5.9        5.1      0.061        903.5938  1.203832      1.000000
    198   1     -1   4   3     4  0.156400  0.547939      79.843       12.1       11.8      0.193        933.7255  1.200300      1.000000
    199   1      5   3   0     4  0.156830  0.548213      79.983      218.2      203.7      1.483      16936.6328  1.198556      1.000000
    200   1     -5   3   2     4  0.156936  0.548281      80.018      270.2      249.8      1.694      20991.2402  1.198124      1.000000
    201   1      0   4   3     4  0.157732  0.548785      80.275        3.7        3.7      0.016        287.5791  1.194934      1.000000
    202   1      0   1   6     4  0.157760  0.548803      80.284      230.8      232.7      1.020      18014.4727  1.194822      1.000000
    203   1      2   4   2     4  0.157764  0.548806      80.285      191.4      193.1      0.845      14942.4912  1.194805      1.000000
    204   1      4   1   4     4  0.157889  0.548885      80.325      217.0      218.9      1.002      16957.6211  1.194307      1.000000
    205   1     -4   2   5     4  0.158271  0.549125      80.448        2.5        2.4      0.014        198.4668  1.192793      1.000000
    206   1      6   2   0     4  0.158433  0.549227      80.500      241.9      234.6      1.260      18963.1621  1.192153      1.000000
    207   1     -3   4   2     4  0.158961  0.549559      80.669      173.1      160.7      1.211      13606.7002  1.190079      1.000000
    208   1      5   1   3     4  0.159066  0.549625      80.703        0.2        0.2      0.002         18.4981  1.189672      1.000000
    209   1     -5   1   5     4  0.159500  0.549896      80.841        1.4        1.4      0.016        113.2613  1.187985      1.000000
    210   1     -3   1   6     4  0.159922  0.550159      80.975      214.3      204.7      2.141      16943.0000  1.186355      1.000000
    211   1      3   4   1     4  0.161278  0.550999      81.404        0.3        0.4      0.023         23.9790  1.181190      1.000000
    212   1      2   3   4     4  0.161749  0.551289      81.551        1.7        1.7      0.139        133.6292  1.179422      1.000000
    213   1     -2   4   3     4  0.161889  0.551375      81.595        4.7        4.9      0.362        371.8195  1.178897      1.000000
    214   1     -6   1   4     4  0.162736  0.551894      81.860      215.9      253.3      3.147      17334.7754  1.175756      1.000000
    215   1      1   0   6     2  0.163569  0.552401      82.118      104.3      117.2      1.427      16829.7070  1.172709      1.000000
    216   1     -4   3   4     4  0.164709  0.553090      82.470       16.8       19.1      0.265       1366.5345  1.168598      1.000000
    217   1      6   0   2     2  0.164805  0.553148      82.500      140.9      161.0      2.283      22867.2500  1.168254      1.000000
    218   1      2   2   5     4  0.165019  0.553277      82.565        0.0        0.0      0.001          3.4412  1.167491      1.000000
    219   1     -6   2   3     4  0.165966  0.553844      82.854        0.2        0.2      0.008         12.7318  1.164148      1.000000
    220   1      1   4   3     4  0.166055  0.553897      82.882        8.8        8.5      0.537        722.0733  1.163836      1.000000
    221   1     -1   3   5     4  0.166995  0.554457      83.167       28.3       27.3      1.010       2320.6013  1.160564      1.000000
    222   1     -4   0   6     2  0.167318  0.554649      83.265       73.6       63.4      1.713      12083.9219  1.159452      1.000000
    223   1     -7   0   2     2  0.168074  0.555095      83.492      152.1      147.7      2.289      25085.7402  1.156868      1.000000
    224   1      3   1   5     4  0.168628  0.555421      83.659        1.7        1.6      0.048        141.8477  1.154991      1.000000
    225   1      5   3   1     4  0.169049  0.555668      83.785        1.8        1.7      0.076        150.1060  1.153577      1.000000
    226   1     -5   3   3     4  0.169279  0.555803      83.853        0.1        0.1      0.010         10.3319  1.152807      1.000000
    227   1     -2   3   5     4  0.169436  0.555894      83.900        0.0        0.0      0.002          1.5791  1.152285      1.000000
    228   1      1   1   6     4  0.171130  0.556878      84.402       37.3       45.6      2.493       3116.6660  1.146709      1.000000
    229   1      0   3   5     4  0.171809  0.557270      84.601        0.2        0.2      0.016         16.0395  1.144511      1.000000
    230   1      6   1   2     4  0.172423  0.557622      84.781       17.6       19.0      1.197       1474.9961  1.142543      1.000000
    231   1      6   2   1     4  0.172487  0.557659      84.800        1.7        1.8      0.119        140.2654  1.142338      1.000000
    232   1     -1   2   6     4  0.173863  0.558444      85.200      120.4      136.4      2.328      10173.4717  1.137992      1.000000
    233   1     -2   2   6     4  0.174653  0.558891      85.428      200.3      224.9      1.835      16978.2070  1.135536      1.000000
    234   1     -4   4   1     4  0.174783  0.558965      85.466       10.1       11.2      0.084        854.7289  1.135134      1.000000
    235   1      7   0   0     2  0.174798  0.558973      85.470       27.8       30.9      0.232       4722.8110  1.135089      1.000000
    236   1     -7   1   1     4  0.174879  0.559019      85.493        0.0        0.0      0.000          3.8232  1.134839      1.000000
    237   1     -3   4   3     4  0.174916  0.559040      85.504       11.3       12.3      0.095        955.6254  1.134723      1.000000
    238   1     -4   1   6     4  0.175052  0.559116      85.543      137.9      148.4      1.260      11708.1543  1.134305      1.000000
    239   1     -7   1   2     4  0.175843  0.559561      85.770        4.5        4.8      0.071        380.7610  1.131885      1.000000
    240   1      4   4   0     4  0.177389  0.560424      86.210      171.5      147.9      2.823      14688.2744  1.127233      1.000000

   No.  Code     H   K   L  Mult      Hw      ETA/M    2theta/TOF     Icalc       Iobs      Sigma     StrFactor^2    d-hkl       CORR

    241   1      3   4   2     4  0.179184  0.561416      86.716      175.8      163.2      2.450      15146.9424  1.121954      1.000000
    242   1     -3   3   5     4  0.179455  0.561565      86.792       22.3       20.0      0.366       1919.3527  1.121168      1.000000
    243   1      0   2   6     4  0.180673  0.562230      87.131        2.2        2.0      0.032        190.7461  1.117671      1.000000
    244   1      4   2   4     4  0.180821  0.562311      87.172       51.2       46.6      0.650       4433.8438  1.117250      1.000000
    245   1     -4   4   2     4  0.181091  0.562458      87.247      202.4      183.4      2.299      17550.5879  1.116484      1.000000
    246   1      5   2   3     4  0.182170  0.563042      87.545        3.1        2.8      0.047        269.1477  1.113452      1.000000
    247   1      2   4   3     4  0.182487  0.563212      87.632       13.8       13.5      0.203       1199.6045  1.112570      1.000000
    248   1     -5   2   5     4  0.182667  0.563309      87.681        5.2        5.4      0.072        455.7514  1.112069      1.000000
    249   1      4   3   3     4  0.182689  0.563321      87.687       19.1       19.8      0.262       1665.5554  1.112009      1.000000
    250   1      7   1   0     4  0.182886  0.563427      87.741      126.3      133.4      1.656      11016.4248  1.111463      1.000000
    251   1     -3   2   6     4  0.183151  0.563569      87.814       46.9       47.2      0.691       4096.9775  1.110732      1.000000
    252   1      1   3   5     4  0.184527  0.564305      88.189        5.5        5.5      0.055        480.9725  1.106975      1.000000
    253   1     -1   4   4     4  0.184625  0.564357      88.215      268.2      269.9      2.618      23506.7637  1.106710      1.000000
    254   1      2   0   6     2  0.185223  0.564674      88.377       53.6       51.4      0.705       9410.2305  1.105100      1.000000
    255   1     -7   1   3     4  0.185935  0.565051      88.569        0.4        0.4      0.008         37.1472  1.103199      1.000000
    256   1     -6   2   4     4  0.186381  0.565286      88.689       17.1       15.2      0.501       1506.9684  1.102018      1.000000
    257   1      3   3   4     4  0.187426  0.565834      88.969      154.6      159.8      2.601      13656.0957  1.099276      1.000000
    258   1      0   4   4     4  0.188072  0.566172      89.141       17.6       18.4      0.404       1555.6910  1.097600      1.000000
    259   1     -2   4   4     4  0.189217  0.566766      89.444       82.9       87.7      1.849       7352.9688  1.094663      1.000000
    260   1      4   4   1     4  0.189333  0.566827      89.475        0.3        0.4      0.008         29.8839  1.094366      1.000000
    261   1      5   0   4     2  0.190565  0.567461      89.799      118.8      144.0      1.773      21147.9941  1.091259      1.000000
    262   1     -5   0   6     2  0.191217  0.567796      89.969      125.0      131.4      1.442      22294.2539  1.089632      1.000000
    263   1      5   3   2     4  0.191640  0.568012      90.079       63.0       72.8      0.688       5619.8140  1.088586      1.000000
    264   1     -6   3   1     4  0.191860  0.568125      90.137       11.7       13.1      0.130       1045.6598  1.088042      1.000000
    265   1     -5   3   4     4  0.192033  0.568213      90.182       71.3       75.6      0.824       6366.0723  1.087616      1.000000
    266   1     -6   1   5     4  0.192194  0.568295      90.223        3.3        3.3      0.040        294.4523  1.087222      1.000000
    267   1      1   5   0     4  0.193125  0.568767      90.465      118.0      129.9      1.553      10564.9229  1.084951      1.000000
    268   1      3   2   5     4  0.193160  0.568785      90.474        1.7        1.9      0.023        151.9042  1.084865      1.000000
    269   1      2   1   6     4  0.193824  0.569121      90.645       43.1       44.7      0.775       3869.7471  1.083262      1.000000
    270   1      0   5   1     4  0.193835  0.569126      90.648        3.4        3.5      0.062        306.9938  1.083236      1.000000
    271   1     -6   3   2     4  0.194872  0.569647      90.913      113.6      119.0      1.689      10211.4551  1.080761      1.000000
    272   1      1   2   6     4  0.196046  0.570234      91.213      257.7      255.0      2.454      23210.8887  1.077994      1.000000
    273   1     -1   5   1     4  0.196091  0.570257      91.224        4.4        4.3      0.042        393.7505  1.077888      1.000000
    274   1     -4   4   3     4  0.197362  0.570887      91.546        1.0        0.9      0.008         90.9480  1.074939      1.000000
    275   1      6   2   2     4  0.197540  0.570975      91.591      290.6      262.1      2.134      26252.9238  1.074530      1.000000
    276   1     -7   0   4     2  0.197650  0.571029      91.618       70.2       62.4      0.544      12681.2451  1.074278      1.000000
    277   1     -4   3   5     4  0.198491  0.571443      91.829        2.9        2.6      0.035        266.3379  1.072359      1.000000
    278   1      6   3   0     4  0.198696  0.571544      91.881       26.1       23.5      0.317       2361.5415  1.071894      1.000000
    279   1      5   1   4     4  0.199440  0.571909      92.066        5.5        5.5      0.129        497.8521  1.070216      1.000000
    280   1      1   4   4     4  0.200060  0.572211      92.221       47.5       52.2      0.941       4310.5645  1.068829      1.000000
    281   1      1   5   1     4  0.200080  0.572221      92.226        3.2        3.5      0.062        286.7630  1.068785      1.000000
    282   1     -5   1   6     4  0.200126  0.572243      92.237        0.3        0.3      0.005         25.5719  1.068681      1.000000
    283   1     -7   2   1     4  0.200381  0.572367      92.300        3.3        3.5      0.056        300.7611  1.068114      1.000000
    284   1     -4   2   6     4  0.200582  0.572465      92.350       81.8       84.1      1.269       7424.5688  1.067669      1.000000
    285   1      7   1   1     4  0.201215  0.572772      92.507        0.0        0.0      0.000          2.1289  1.066273      1.000000
    286   1     -7   2   2     4  0.201498  0.572909      92.577      291.5      273.6      2.665      26503.1152  1.065650      1.000000
    287   1     -3   4   4     4  0.202520  0.573401      92.828       13.5       12.5      0.211       1233.0154  1.063425      1.000000
    288   1      2   5   0     4  0.206106  0.575108      93.698      140.1      155.2      2.965      12817.5635  1.055824      1.000000
    289   1      4   1   5     4  0.206180  0.575143      93.716        0.0        0.0      0.000          1.9313  1.055670      1.000000
    290   1     -7   1   4     4  0.206900  0.575481      93.888       45.4       51.4      0.876       4156.9326  1.054184      1.000000
    291   1      2   3   5     4  0.207057  0.575555      93.926        0.3        0.4      0.006         31.0479  1.053861      1.000000
    292   1     -2   5   1     4  0.207188  0.575617      93.957       15.6       18.1      0.297       1429.7369  1.053591      1.000000
    293   1     -2   1   7     4  0.207420  0.575725      94.013       11.6       13.5      0.236       1064.5505  1.053116      1.000000
    294   1      6   1   3     4  0.207765  0.575886      94.095        3.6        4.0      0.089        327.2258  1.052411      1.000000
    295   1     -6   3   3     4  0.208263  0.576119      94.213        3.5        3.8      0.102        323.3163  1.051401      1.000000
    296   1     -1   1   7     4  0.208571  0.576262      94.287        0.0        0.0      0.000          0.7142  1.050778      1.000000
    297   1      0   5   2     4  0.209185  0.576547      94.432       83.3       90.3      1.291       7648.0654  1.049544      1.000000
    298   1     -1   5   2     4  0.209507  0.576696      94.508       44.6       48.2      0.578       4097.1978  1.048900      1.000000
    299   1      3   4   3     4  0.209573  0.576727      94.524        2.9        3.2      0.038        268.9883  1.048767      1.000000
    300   1      7   2   0     4  0.209680  0.576776      94.549      133.9      142.7      1.778      12299.6826  1.048555      1.000000

   No.  Code     H   K   L  Mult      Hw      ETA/M    2theta/TOF     Icalc       Iobs      Sigma     StrFactor^2    d-hkl       CORR

    301   1     -5   4   1     4  0.210184  0.577009      94.667        0.8        0.8      0.015         75.0642  1.047553      1.000000
    302   1      4   4   2     4  0.212740  0.578180      95.265        3.9        6.9      0.612        363.0180  1.042560      1.000000
    303   1     -7   2   3     4  0.213236  0.578405      95.379        2.2        3.6      0.397        207.0902  1.041608      1.000000
    304   1     -3   1   7     4  0.215501  0.579427      95.901        1.1        1.1      0.062        101.0175  1.037325      1.000000
    305   1      5   4   0     4  0.215568  0.579457      95.916       19.7       19.6      1.039       1814.3778  1.037201      1.000000
    306   1     -5   4   2     4  0.215718  0.579524      95.950       16.4       16.3      0.795       1516.9240  1.036921      1.000000
    307   1      2   5   1     4  0.215793  0.579558      95.967       12.1       12.0      0.576       1118.3994  1.036781      1.000000
    308   1      6   3   1     4  0.216619  0.579927      96.156        2.7        2.2      0.135        247.0375  1.035250      1.000000
    309   1      1   5   2     4  0.218227  0.580641      96.520      208.4      192.8      2.234      19271.6543  1.032310      1.000000
    310   1     -1   3   6     4  0.218392  0.580714      96.557      103.2       95.1      0.998       9543.6367  1.032012      1.000000
    311   1      0   1   7     4  0.219141  0.581044      96.725        1.3        1.2      0.012        123.2272  1.030663      1.000000
    312   1     -2   5   2     4  0.219245  0.581090      96.749      159.9      147.4      1.451      14798.5938  1.030475      1.000000
    313   1      3   0   6     2  0.219392  0.581154      96.781        0.0        0.0      0.000          4.1802  1.030212      1.000000
    314   1     -2   3   6     4  0.219411  0.581163      96.786       21.9       20.3      0.202       2029.5518  1.030179      1.000000
    315   1     -6   2   5     4  0.220564  0.581668      97.043        2.1        1.9      0.036        191.0378  1.028129      1.000000
    316   1      2   2   6     4  0.222479  0.582501      97.468      117.7      124.1      1.528      10902.4141  1.024778      1.000000
    317   1      2   4   4     4  0.222509  0.582514      97.474      131.4      138.8      1.698      12171.1426  1.024727      1.000000
    318   1      7   0   2     2  0.222825  0.582650      97.544        2.7        2.8      0.039        497.7745  1.024180      1.000000
    319   1     -4   4   4     4  0.226717  0.584315      98.393      141.9      140.7      1.770      13175.0850  1.017604      1.000000
    320   1      0   3   6     4  0.227213  0.584524      98.500      139.9      148.6      1.253      13004.9512  1.016784      1.000000
    321   1      4   3   4     4  0.227406  0.584606      98.541      124.9      134.5      1.115      11611.6055  1.016467      1.000000
    322   1     -8   0   2     2  0.228110  0.584903      98.693       10.4       10.9      0.100       1936.7299  1.015314      1.000000
    323   1     -6   0   6     2  0.228833  0.585206      98.847       20.6       21.5      0.155       3844.8904  1.014139      1.000000
    324   1     -3   5   1     4  0.228956  0.585258      98.874        1.2        1.3      0.009        115.9360  1.013940      1.000000
    325   1      5   2   4     4  0.229097  0.585316      98.904      144.4      150.7      0.990      13496.2422  1.013712      1.000000
    326   1      5   3   3     4  0.229164  0.585344      98.918        2.3        2.4      0.016        216.6944  1.013604      1.000000
    327   1     -5   3   5     4  0.229813  0.585615      99.056        0.0        0.0      0.000          3.7175  1.012561      1.000000
    328   1      3   1   6     4  0.229881  0.585644      99.071      216.6      217.1      1.191      20318.8496  1.012451      1.000000
    329   1     -5   2   6     4  0.229908  0.585655      99.077      162.2      162.4      0.889      15218.1533  1.012408      1.000000
    330   1     -1   4   5     4  0.229985  0.585687      99.093        8.1        8.0      0.044        755.8628  1.012285      1.000000
    331   1      3   5   0     4  0.230106  0.585737      99.119        3.5        3.5      0.019        330.9250  1.012092      1.000000
    332   1     -3   3   6     4  0.230444  0.585878      99.190      197.5      195.1      1.182      18585.2500  1.011551      1.000000
    333   1      7   2   1     4  0.231195  0.586190      99.349        0.2        0.2      0.001         16.6384  1.010359      1.000000
    334   1      5   4   1     4  0.232932  0.586906      99.715        0.1        0.1      0.001          6.1315  1.007639      1.000000
    335   1     -5   4   3     4  0.233263  0.587042      99.784        3.9        4.0      0.056        396.9437  1.007125      1.000000
    336   1     -2   4   5     4  0.233489  0.587134      99.831        2.9        2.9      0.038        298.9417  1.006777      1.000000
    337   1      7   1   2     4  0.233523  0.587148      99.838      136.8      138.0      1.798      14396.1748  1.006724      1.000000
    338   1     -4   1   7     4  0.234181  0.587417      99.975        0.6        0.5      0.006         89.8714  1.005713      1.000000

     -----------------------------------------------------
     BRAGG R-Factors and weight fractions for Pattern #  1
     -----------------------------------------------------

 => Phase:  1      #(C) 2021 by FIZ Karlsruhe - Leibniz Institute for Information Infrastructure.  All rights reserved.
 => Bragg R-factor:   5.59       Vol:  327.269( 0.006)  Fract(%):  100.00( 0.24)
 => Rf-factor=  4.46             ATZ:        1095.733   Brindley:  1.0000

     -----------------------------------------------------------------
      SYMBOLIC NAMES AND FINAL VALUES AND SIGMA OF REFINED PARAMETERS:
     -----------------------------------------------------------------

      ->  Parameter number    1 :                                          Zero_pat1   -0.11015938E-01( +/-    0.49944088E-03 )
      ->  Parameter number    2 :                                     Scale_ph1_pat1    0.20277137E-02( +/-    0.34152856E-05 )
      ->  Parameter number    3 :                                    Cell_A_ph1_pat1     8.1356373    ( +/-    0.83553932E-04 )
      ->  Parameter number    4 :                                    Cell_B_ph1_pat1     5.4760456    ( +/-    0.59158043E-04 )
      ->  Parameter number    5 :                                    Cell_C_ph1_pat1     7.5215950    ( +/-    0.75624121E-04 )
      ->  Parameter number    6 :                                    Cell_E_ph1_pat1     102.40747    ( +/-    0.61932293E-03 )
      ->  Parameter number    7 :                                    U-Cagl_ph1_pat1    0.59000138E-01( +/-    0.15118206E-02 )
      ->  Parameter number    8 :                                    W-Cagl_ph1_pat1    0.11560500E-01( +/-    0.18428045E-03 )
      ->  Parameter number    9 :                                    V-Cagl_ph1_pat1   -0.33951495E-01( +/-    0.10634928E-02 )
      ->  Parameter number   10 :                                     EtaPV_ph1_pat1    0.39136946    ( +/-    0.11048757E-01 )
      ->  Parameter number   11 :                                     X-tan_ph1_pat1    0.19609651E-02( +/-    0.32227757E-03 )
      ->  Parameter number   12 :                                     Asym1_ph1_pat1    0.40584560E-01( +/-    0.26487953E-02 )
      ->  Parameter number   13 :                                     Asym2_ph1_pat1    0.44860733E-02( +/-    0.67532598E-03 )
      ->  Parameter number   14 :                                          X_Na1_ph1    0.38078791    ( +/-    0.58259408E-03 )
      ->  Parameter number   15 :                                          Y_Na1_ph1    0.78961450    ( +/-    0.13133546E-02 )
      ->  Parameter number   16 :                                          Z_Na1_ph1    0.10389756    ( +/-    0.71551814E-03 )
      ->  Parameter number   17 :                                          X_Ta1_ph1    0.15940778    ( +/-    0.93892224E-04 )
      ->  Parameter number   18 :                                          Y_Ta1_ph1    0.25717714    ( +/-    0.38440930E-03 )
      ->  Parameter number   19 :                                          Z_Ta1_ph1    0.29644874    ( +/-    0.11747577E-03 )
      ->  Parameter number   20 :                                           X_O1_ph1    0.21614531    ( +/-    0.99951017E-03 )
      ->  Parameter number   21 :                                           Y_O1_ph1    0.15619612    ( +/-    0.12661925E-02 )
      ->  Parameter number   22 :                                           Z_O1_ph1    0.47989443E-01( +/-    0.13851563E-02 )
      ->  Parameter number   23 :                                           X_O2_ph1    0.58741175E-01( +/-    0.11713223E-02 )
      ->  Parameter number   24 :                                           Y_O2_ph1    0.54317707    ( +/-    0.17671277E-02 )
      ->  Parameter number   25 :                                           Z_O2_ph1    0.22259317    ( +/-    0.15408015E-02 )
      ->  Parameter number   26 :                                           X_F1_ph1    0.37993377    ( +/-    0.11695155E-02 )
      ->  Parameter number   27 :                                           Y_F1_ph1    0.47319669    ( +/-    0.16458401E-02 )
      ->  Parameter number   28 :                                           Z_F1_ph1    0.30966413    ( +/-    0.14328809E-02 )
      ->  Parameter number   29 :                                           X_F2_ph1    0.34219068    ( +/-    0.10515637E-02 )
      ->  Parameter number   30 :                                           Y_F2_ph1    0.98866731    ( +/-    0.15379407E-02 )
      ->  Parameter number   31 :                                           Z_F2_ph1    0.37730023    ( +/-    0.13004818E-02 )

 ------------------------------------------------------------------
 => Number of bytes for floating point variables: 4
 => Dimensions of dynamic allocated arrays in this run of FullProf:
 ------------------------------------------------------------------

 => Total approximate array memory (dynamic + static): 128536585 bytes

    MaxPOINT=    60000 Max.num. of points(+int. Inten.)/diffraction pattern       
    MaxREFLT=    20000 Max.num. of reflections/diffraction pattern               
    MaxPARAM=      300 Max.num. of refinable parameters                          
    MaxOVERL=    18096 Max.num. of overlapping reflections                       

 ----------------------------------------------------------
 => Number of bytes for floating point arrays: 4
 => Dimensions of fixed arrays in this release of FullProf:
 ----------------------------------------------------------

    NPATT   =       80 Max.num. of powder diffraction patterns                    
    NATS    =      830 Max.num. of atoms (all kind) in asymmetric unit            
    MPAR    =     1800 Max.num. of non atomic parameters/phase                    
    IEXCL   =       30 Max.num. of excluded regions                               
    IBACP   =      377 Max.num. of background points for interpolation            
    NPHT    =       16 Max.num. of phases                                         
    NMAGM   =        8 Max.num. of rotation-matrices sets for magnetic structure  
    NBASIS  =       12 Max.num. of basis functions associated to a single atom    
    NIREPS  =        9 Max.num. of irreducible representations to be combined     
    N_EQ    =      384 Max.num. of user-supplied symmetry operators/propagation vectors
    NGL     =      400 Max.num. of global parameters/diffraction pattern          
    N_LINC  =       50 Max.num. of global linear restraints                        
    NAT_P   =       80 Max.num. of atomic parameters per atom                     
    NCONST  =      500 Max.num. of slack constraints per phase                    
    N_SPE   =       30 Max.num. of different chemical species                     
    N_FORM  =       60 Max.num. of scattering factor values in a table            
    NPR     =      150 Max.num. of points defining a numerical profile            
    INPR    =       25 Max.num. of different numerical peak shapes                
    NPRC    =      150 Max.num. of terms in the table for correcting intensities  
    NSOL    =       10 Max.num. of solutions to be stored in Montecarlo searchs   

 
              CPU Time:     1.133 seconds
                            0.019 minutes

 => Run finished at:     Date: 07/02/2023  Time: 13:21:04.107                              
