

        **********************************************************
        ** PROGRAM FullProf.2k (Version 7.30 - Mar2020-ILL JRC) **
        **********************************************************
                       M U L T I -- P A T T E R N                 
            Rietveld, Profile Matching & Integrated Intensity     
                 Refinement of X-ray and/or Neutron Data


    Date: 03/02/2023  Time: 16:39:43.414                              

 => PCR file code: NaNbO2F2
 => DAT file code: NaNbO2F2.dat         -> Relative contribution: 1.0000                                                            

 ==> CONDITIONS OF THIS RUN FOR PATTERN No.:  1

 => Global Refinement of X-ray powder diffraction data                                                                              
 => Global Refinement of X-ray powder diffraction data                                                                              
    Bragg-Brentano(X-rays) or Debye-Scherrer geometry(Neutrons)
 => Title:  #(C) 2021 by FIZ Karlsruhe - Leibniz Institute for Information Infrastructure.  All rights reserved.

 => Number of phases:    1
 => Number of excluded regions:    1
 => Number of scattering factors supplied:    0
 => Conventional weights: w=1.0/Variance(yobs)
 => Asymmetry correction as in J.Appl.Cryst. 26,128(1993)
 => Background linearly interpolated between the   23 points given
 => The    5th default profile function was selected
 => Pseudo-Voigt function (ETA variable)
                 X-parameter correspond to: ETA=ETA0+X*2theta
                       pV(x)= ETA*L(x)+(1-ETA)*G(x)

 ==> INPUT/OUTPUT OPTIONS:

 => Generate file *.PRF for plot
 => Output Integrated Intensities
 => Generate new input file *.PCR

 => X-Y type of data: 2theta/TOF/E(Kev) Intens sigma for pattern:  1
 => Plot pattern at each cycle
 => Wavelengths:  1.54056 1.54439
 => Alpha2/Alpha1 ratio:   0.5000
 => Cos(Monochromator angle)=   0.9100
 => Asymmetry correction for angles lower than   90.000 degrees
 => Absorption correction (AC), muR-eff =   0.0000  0.0000
 => Base of peaks: 2.0*HW*    8.00

 => Number of cycles:   33
 => Relaxation factors ==>    for coordinates:  1.00
 => for anisotropic temperature factors:  1.00
 => for halfwidth/strain/size parameters:  1.00
 => for lattice constants and propagation vectors:  1.00
 => EPS-value for convergence:    0.1
 => Background ==> 
    Position   Intensity
       10.23     7840.32        0.00
       12.07     8206.21        0.00
       15.70     7907.70        0.00
       17.33     7529.13        0.00
       18.78     7318.82        0.00
       20.61     7446.99        0.00
       25.18     7353.69        0.00
       30.09     7132.84        0.00
       35.75     6474.09        0.00
       38.46     6430.76        0.00
       41.95     6345.43        0.00
       45.46     6478.45        0.00
       53.83     6377.40        0.00
       62.62     6060.25        0.00
       67.19     5913.87        0.00
       75.28     5986.14        0.00
       78.28     5783.30        0.00
       82.22     5825.45        0.00
       86.40     5802.90        0.00
       90.69     5742.91        0.00

       94.66     5753.27        0.00
       96.80     5700.43        0.00
       99.90     5661.71        0.00

 

 => Excluded regions for Pattern#  1
    From     to
     14.0000     18.0000

 => Number of Least-Squares parameters varied:    32

 =>--------------------------->
 =>------->  PATTERN number:  1
 =>--------------------------->
 => Global parameters and codes ==>
 => Zero-point:    -0.0092   11.0000
 => Displacement peak-shift parameter and code:     0.00    0.00
 => Transparency peak-shift parameter and code:     0.00    0.00

 => Reading Intensity data  =>>

 -> No recognizable heading in input data file X,Y,sigma
    First 6 lines are considered as COMMENTS (except for TSAMP keyword)
 -> COMMENT: 10.0116	7994.00000                                                                                                                  
 -> COMMENT: 10.0247	7843.00000                                                                                                                  
 -> COMMENT: 10.0379	7955.00000                                                                                                                  
 -> COMMENT: 10.0510	7877.00000                                                                                                                  
 -> COMMENT: 10.0641	7955.00000                                                                                                                  
 -> COMMENT: 10.0772	7961.00000                                                                                                                  
 ==> Angular range, step and number of points:
     2Thmin:      10.090400  2Thmax:      99.993401  Step:       0.013132  No. of points:   6848
 --------------------------------------------------------------------------------
 => Phase  No. 1
       #(C) 2021 by FIZ Karlsruhe - Leibniz Institute for Information Infras
 --------------------------------------------------------------------------------
 =>-------> Pattern#  1
 => Crystal Structure Refinement
 => Preferred orientation vector:   1.0000  0.0000  0.0000

 =>-------> Data for PHASE: 1
 => Number of atoms:    6
 => Number of distance  constraints:    0
 => Number of angle     constraints:    0

 => Symmetry information on space group: P 1 21/c 1          
 -> The multiplicity of the general position is:   4
 -> The space group is Centric (-1 at origin)   
 -> Lattice type  P: { 000 }                                       
 -> Reduced set of symmetry operators:

  No.  IT   Symmetry symbol    Rotation part     Associated Translation
   1: ( 1)   1            -->     ( x, y, z) + {  0.0000  0.0000  0.0000}
   2: ( 3)   2 ( 0, y, 0) -->     (-x, y,-z) + {  0.0000  0.5000  0.5000}


        Information on Space Group: 
        --------------------------- 

 =>   Number of Space group:  14
 =>  Hermann-Mauguin Symbol: P 1 21/c 1
 =>             Hall Symbol: -P 2ybc
 =>    Table Setting Choice: b1
 =>            Setting Type: IT (Generated from Hermann-Mauguin symbol)
 =>          Crystal System: Monoclinic
 =>              Laue Class: 2/m
 =>             Point Group: 2/m
 =>         Bravais Lattice: P
 =>          Lattice Symbol: mP
 =>  Reduced Number of S.O.:   2
 =>    General multiplicity:   4
 =>          Centrosymmetry: Centric (-1 at origin)
 =>  Generators (exc. -1&L):   1
 =>         Asymmetric unit:  0.000 <= x <=  1.000
                              0.000 <= y <=  0.250
                              0.000 <= z <=  1.000

 => List of S.O. without inversion and lattice centring translations
 => SYMM(  1): x,y,z                               => SYMM(  2): -x,y+1/2,-z+1/2


 => Initial parameters ==>
 Atom    Ntyp                  X         Y         Z         B         occ.         in  fin  Spc  Mult
                             B11       B22       B33       B12       B13       B23
 Na1    Na                 0.36719   0.78626   0.11826   1.12908   1.00000           0    0    0    4
                 Codes:  151.00000 161.00000 171.00000   0.00000   0.00000
 Nb1    Nb                 0.15528   0.25592   0.31786   1.31779   1.00000           0    0    0    4
                 Codes:  181.00000 191.00000 201.00000   0.00000   0.00000
 O1     O                  0.18241   0.15862   0.06199   1.45281   1.00000           0    0    0    4
                 Codes:  211.00000 221.00000 231.00000   0.00000   0.00000
 O2     O                  0.07300   0.58921   0.23318   1.45281   1.00000           0    0    0    4
                 Codes:  241.00000 251.00000 261.00000   0.00000   0.00000
 F1     F                  0.36685   0.42650   0.30345   1.79232   1.00000           0    0    0    4
                 Codes:  271.00000 281.00000 291.00000   0.00000   0.00000
 F2     F                  0.31755   0.97976   0.38300   1.79232   1.00000           0    0    0    4
                 Codes:  301.00000 311.00000 321.00000   0.00000   0.00000

 => IT IS ASSUMED THAT THE FIRST GIVEN SITE IS FULLY OCCUPIED 
    OR THE FIRST AND SECOND ATOMS ARE IN THE SAME SITE WITH TOTAL FULL OCCUPATION
  (If this is not the case, change the order of atoms to obtain correct values for the content of the unit cell)
    The given occupation factors have been obtained mutiplying m/M by   1.0000
      -> Atom: Na  ,  Chemical element: NA  Atomic Mass:    22.9898
      -> Atom: Nb  ,  Chemical element: NB  Atomic Mass:    92.9064
      -> Atom: O   ,  Chemical element: O   Atomic Mass:    15.9994
      -> Atom: O   ,  Chemical element: O   Atomic Mass:    15.9994
      -> Atom: F   ,  Chemical element: F   Atomic Mass:    18.9984
      -> Atom: F   ,  Chemical element: F   Atomic Mass:    18.9984
 => The given value of ATZ is        743.57 the program has calculated:         743.57
    The value of ATZ given in the input PCR file will be used for quantitative analysis
 => The chemical content of the unit cell is: 
       4.0000 Na   +   4.0000 Nb   +   4.0000 O    +   4.0000 O    +   4.0000 F    +   4.0000 F      
 => The normalized site occupation numbers in % are: 
     100.0000 Na1    :      100.0000 Nb1    :      100.0000 O1     :      100.0000 O2     :      100.0000 F1     :      100.0000 F2       
 => The density (volumic mass) of the compound is:    3.803 g/cm3

 =>-------> PROFILE PARAMETERS FOR PATTERN:  1

 => Overall scale factor:   0.652520E-02
 => ETA (p-Voigt) OR M (Pearson VII):   0.4527
 => Overall temperature factor:      0.00000
 => Halfwidth U,V,W:      0.02825    -0.00850     0.00609
 => X and Y parameters:       0.0032      0.0000
 => Direct cell parameters:    8.0245   5.4222   7.6308  90.0000 102.0555  90.0000
 => Preferred orientation parameters:  -0.4005  0.0000
 => Asymmetry parameters     :      0.03181     0.01276     0.00000     0.00000
 => Strain parameters        :      0.00000     0.00000     0.00000
 => Size   parameters        :      0.00000     0.00000

 ==> CODEWORDS FOR PROFILE PARAMETERS of PATTERN#  1

 => Overall scale factor:   21.000
 => ETA (p-Voigt) OR M (Pearson VII):   91.000
 => Overall temperature factor:    0.000
 => Halfwidth U,V,W:   71.000 111.000  81.000
 => X and Y parameters:  101.000   0.000
 => Direct cell parameters:   31.000  41.000  51.000   0.000  61.000   0.000
 => Preferred orientation parameters:  141.000   0.000
 => Asymmetry parameters     :  121.000 131.000   0.000   0.000
 => Strain parameters        :    0.000   0.000   0.000
 => Size   parameters        :    0.000   0.000

 => Cell constraints according to Laue symmetry: 2/m  

        Metric information:
        -------------------

 => Direct cell parameters:

         a =       8.0245      b =       5.4222      c =       7.6308
     alpha =       90.000   beta =      102.055  gamma =       90.000
                        Direct Cell Volume =     324.6945

 => Reciprocal cell parameters:

         a*=     0.127429      b*=     0.184428      c*=     0.134003
     alpha*=       90.000   beta*=       77.945  gamma*=       90.000
                    Reciprocal Cell Volume =   0.00307982

 => Direct and Reciprocal Metric Tensors:

                   GD                                       GR
     64.3922      0.0000    -12.7891          0.016238    0.000000    0.003566
      0.0000     29.3999      0.0000          0.000000    0.034014    0.000000
    -12.7891      0.0000     58.2293          0.003566    0.000000    0.017957

 =>  Cartesian frame: z // c; y is in the bc-plane; x is y ^ z = a*  

     Crystal_to_Orthonormal_Matrix              Orthonormal_to_Crystal Matrix
              Cr_Orth_cel                               Orth_Cr_cel  
      8.0245      0.0000     -1.5938          0.124619   -0.000000    0.026615
      0.0000      5.4222      0.0000          0.000000    0.184428   -0.000000
      0.0000      0.0000      7.4625          0.000000    0.000000    0.134003

     Busing-Levy B-matrix: Hc=B.H            Inverse of the Busing-Levy B-matrix
                BL_M                                      BL_Minv  
    0.127429    0.000000    0.027988            7.8475     -0.0000     -1.6760
    0.000000    0.184428   -0.000000            0.0000      5.4222      0.0000
    0.000000    0.000000    0.131048            0.0000      0.0000      7.6308

 => Laue symmetry 2/m   will be used to generate HKL for pattern#   1
 => Reflections generated between S(1/d)min:  0.1139 A-1 and S(1/d)max:  1.0102 A-1
 =>                                    dmax:  8.7808 A   and      dmin:  0.9899 A
 => The number of reflections generated is:    354
 => The max. scatt. variable (gen.ref.) is:       102.1748
 => Scattering coefficients from internal table


 => X-ray scattering coeff. (A1, B1, A2,...C, f(0), Z, Dfp,Dfpp)

 NA      4.7626   3.2850   3.1736   8.8422   1.2674   0.3136   1.1128 129.4240   0.6760  10.9924  11.0000   0.1290   0.1240
 NB     17.6142   1.1887  12.0144  11.7660   4.0418   0.2048   3.5335  69.7957   3.7559  40.9598  41.0000  -0.2480   2.4820
 O       3.0485  13.2771   2.2868   5.7011   1.5463   0.3239   0.8670  32.9089   0.2508   7.9994   8.0000   0.0470   0.0320
 F       3.5392  10.2825   2.6412   4.2944   1.5170   0.2615   1.0243  26.1476   0.2776   8.9993   9.0000   0.0690   0.0530

     --------------------------------------------------------------
      SYMBOLIC NAMES AND INITIAL VALUES OF PARAMETERS TO BE VARIED:
     --------------------------------------------------------------

      ->  Parameter number    1   -> Symbolic Name:                                          Zero_pat1   -0.91899997E-02
      ->  Parameter number    2   -> Symbolic Name:                                     Scale_ph1_pat1    0.65251999E-02
      ->  Parameter number    3   -> Symbolic Name:                                    Cell_A_ph1_pat1     8.0244751    
      ->  Parameter number    4   -> Symbolic Name:                                    Cell_B_ph1_pat1     5.4221668    
      ->  Parameter number    5   -> Symbolic Name:                                    Cell_C_ph1_pat1     7.6308098    
      ->  Parameter number    6   -> Symbolic Name:                                    Cell_E_ph1_pat1     102.05547    
      ->  Parameter number    7   -> Symbolic Name:                                    U-Cagl_ph1_pat1    0.28247001E-01
      ->  Parameter number    8   -> Symbolic Name:                                    W-Cagl_ph1_pat1    0.60850000E-02
      ->  Parameter number    9   -> Symbolic Name:                                     EtaPV_ph1_pat1    0.45265001    
      ->  Parameter number   10   -> Symbolic Name:                                     X-tan_ph1_pat1    0.31719999E-02
      ->  Parameter number   11   -> Symbolic Name:                                    V-Cagl_ph1_pat1   -0.85030003E-02
      ->  Parameter number   12   -> Symbolic Name:                                     Asym1_ph1_pat1    0.31810001E-01
      ->  Parameter number   13   -> Symbolic Name:                                     Asym2_ph1_pat1    0.12760000E-01
      ->  Parameter number   14   -> Symbolic Name:                                       Or1_ph1_pat1   -0.40053999    
      ->  Parameter number   15   -> Symbolic Name:                                          X_Na1_ph1    0.36719000    
      ->  Parameter number   16   -> Symbolic Name:                                          Y_Na1_ph1    0.78626001    
      ->  Parameter number   17   -> Symbolic Name:                                          Z_Na1_ph1    0.11826000    
      ->  Parameter number   18   -> Symbolic Name:                                          X_Nb1_ph1    0.15527999    
      ->  Parameter number   19   -> Symbolic Name:                                          Y_Nb1_ph1    0.25591999    
      ->  Parameter number   20   -> Symbolic Name:                                          Z_Nb1_ph1    0.31786001    
      ->  Parameter number   21   -> Symbolic Name:                                           X_O1_ph1    0.18241000    
      ->  Parameter number   22   -> Symbolic Name:                                           Y_O1_ph1    0.15862000    
      ->  Parameter number   23   -> Symbolic Name:                                           Z_O1_ph1    0.61990000E-01
      ->  Parameter number   24   -> Symbolic Name:                                           X_O2_ph1    0.72999999E-01
      ->  Parameter number   25   -> Symbolic Name:                                           Y_O2_ph1    0.58920997    
      ->  Parameter number   26   -> Symbolic Name:                                           Z_O2_ph1    0.23318000    
      ->  Parameter number   27   -> Symbolic Name:                                           X_F1_ph1    0.36684999    
      ->  Parameter number   28   -> Symbolic Name:                                           Y_F1_ph1    0.42649999    
      ->  Parameter number   29   -> Symbolic Name:                                           Z_F1_ph1    0.30344999    
      ->  Parameter number   30   -> Symbolic Name:                                           X_F2_ph1    0.31755000    
      ->  Parameter number   31   -> Symbolic Name:                                           Y_F2_ph1    0.97975999    
      ->  Parameter number   32   -> Symbolic Name:                                           Z_F2_ph1    0.38299999    
  
 
 => No optimization for routine tasks
 ++++++++++++++++++++++++++++++++++++++++++++++++++++++++++++++++++++++++++++++++++++++++++++++++++++++++++++++++++++++++

 => CYCLE No.:    1
 ---------------------------------------------------------------------------------------
 => Phase  1 Name:  #(C) 2021 by FIZ Karlsruhe - Leibniz Institute for Information Infras
 ---------------------------------------------------------------------------------------
 => New parameters, shifts, and standard deviations

 Atom        x       dx      sx       y       dy      sy       z       dz      sz       B       dB      sB      occ.    docc.   socc.

 Na1      0.36719-0.00000 0.00044  0.78626 0.00000 0.00130  0.11826-0.00000 0.00062  1.12908 0.00000 0.00000  1.00000 0.00000 0.00000
 Nb1      0.15528 0.00000 0.00013  0.25592 0.00000 0.00056  0.31786 0.00000 0.00019  1.31779 0.00000 0.00000  1.00000 0.00000 0.00000
 O1       0.18241 0.00000 0.00084  0.15862 0.00000 0.00133  0.06198-0.00001 0.00136  1.45281 0.00000 0.00000  1.00000 0.00000 0.00000
 O2       0.07299-0.00001 0.00074  0.58919-0.00002 0.00161  0.23317-0.00001 0.00108  1.45281 0.00000 0.00000  1.00000 0.00000 0.00000
 F1       0.36684-0.00001 0.00072  0.42648-0.00002 0.00118  0.30345 0.00000 0.00097  1.79232 0.00000 0.00000  1.00000 0.00000 0.00000
 F2       0.31755-0.00000 0.00069  0.97975-0.00001 0.00107  0.38300-0.00000 0.00100  1.79232 0.00000 0.00000  1.00000 0.00000 0.00000

 ==> PROFILE PARAMETERS FOR PATTERN#  1

 => Overall scale factor:      0.006524874    -0.000000325     0.000027301
 => Eta(p-Voigt) or m(Pearson VII):   0.452619 -0.000031  0.013585
 => Overall tem. factor:     0.000000    0.000000    0.000000
 => Halfwidth parameters: 
         0.028245   -0.000002    0.001642
        -0.008506   -0.000003    0.001003
         0.006085   -0.000000    0.000148
 => Cell parameters: 
        8.024474   -0.000001    0.000098
        5.422166   -0.000000    0.000084
        7.630809   -0.000000    0.000103
       90.000000    0.000000    0.000000
      102.055466    0.000000    0.000896
       90.000000    0.000000    0.000000
 => Preferred orientation: 
        -0.400536    0.000004    0.003672
         0.000000    0.000000    0.000000
 => Asymmetry parameters: 
         0.031790   -0.000020    0.003048
         0.012756   -0.000004    0.000618
         0.000000    0.000000    0.000000
         0.000000    0.000000    0.000000
 => X and Y parameters: 
         0.003167   -0.000005    0.000457
         0.000000    0.000000    0.000000
 => Strain parameters: 
         0.000000    0.000000    0.000000
         0.000000    0.000000    0.000000
         0.000000    0.000000    0.000000
 => Size   parameters (G,L): 
         0.000000    0.000000    0.000000
         0.000000    0.000000    0.000000

 ==> GLOBAL PARAMETERS FOR PATTERN#  1


 => Zero-point:    -0.0092   -0.0000    0.0006

 => Cos( theta)-shift parameter :   0.0000  0.0000  0.0000
 => Sin(2theta)-shift parameter :   0.0000  0.0000  0.0000

 ==> RELIABILITY FACTORS WITH ALL NON-EXCLUDED POINTS FOR PATTERN:  1

 => R-Factors:   2.26      3.22     Chi2:  7.78     DW-Stat.:  0.3945   Patt#:  1
 => Expected :            1.16                                1.9331
 => Deviance : 0.515E+05     Dev*:   7.912    
 => GoF-index:  2.8         Sqrt(Residual/N)
 => N-P+C:  6510

 =>    SumYdif       SumYobs      SumYcal      SumwYobsSQ     Residual    Condition
     0.1100E+07    0.4876E+08    0.4871E+08    0.4876E+08    0.5064E+05    0.9341E+10


 => Conventional Rietveld Rp,Rwp,Re and Chi2:   15.6      11.9      4.26      7.778    
 => (Values obtained using Ynet, but true sigma(y))
 =>  SumYnet, Sum(w Ynet**2):     0.7045E+07    0.3579E+07


 ==> RELIABILITY FACTORS FOR POINTS WITH BRAGG CONTRIBUTIONS FOR PATTERN:  1

 => R-Factors:   2.34      3.33     Chi2:  8.33     DW-Stat.:  0.4092   Patt#:
 => Expected :            1.16                                1.9301
 => Deviance : 0.497E+05     Dev*:   8.471    
 => GoF-index:  2.9         Sqrt(Residual/N)
 => N-P+C:  5864

 =>    SumYdif       SumYobs      SumYcal      SumwYobsSQ     Residual    Condition
     0.1026E+07    0.4389E+08    0.4386E+08    0.4389E+08    0.4882E+05    0.9341E+10


 => Conventional Rietveld Rp,Rwp,Re and Chi2:   14.6      11.7      4.05      8.326    
 => (Values obtained using Ynet, but true sigma(y))
 =>  SumYnet, Sum(w Ynet**2):     0.7033E+07    0.3577E+07


 => Global user-weigthed Chi2 (Bragg contrib.):   8.33    

 => ---------> Pattern#  1
 => Phase:  1
 =>    Bragg R-factor:  7.99    
 =>    RF-factor     :  8.50    


   Standard deviations have to be multiplied by: 3.3758
   (correlated residuals) See references:
  -J.F.Berar & P.Lelann, J. Appl. Cryst. 24, 1-5 (1991) 
  -J.F.Berar, Acc. in Pow. Diff. II,NIST Sp.Pub. 846, 63(1992) 

 ++++++++++++++++++++++++++++++++++++++++++++++++++++++++++++++++++++++++++++++++++++++++++++++++++++++++++++++++++++++++

 => CYCLE No.:    1
 =>  Convergence reached at this CYCLE !!!!
 =>  Parameter shifts set to zero
 ---------------------------------------------------------------------------------------
 => Phase  1 Name:  #(C) 2021 by FIZ Karlsruhe - Leibniz Institute for Information Infras
 ---------------------------------------------------------------------------------------
 => New parameters, shifts, and standard deviations

 Atom        x       dx      sx       y       dy      sy       z       dz      sz       B       dB      sB      occ.    docc.   socc.

 Na1      0.36719 0.00000 0.00044  0.78626 0.00000 0.00130  0.11826 0.00000 0.00062  1.12908 0.00000 0.00000  1.00000 0.00000 0.00000
 Nb1      0.15528 0.00000 0.00013  0.25592 0.00000 0.00056  0.31786 0.00000 0.00019  1.31779 0.00000 0.00000  1.00000 0.00000 0.00000
 O1       0.18241 0.00000 0.00084  0.15862 0.00000 0.00133  0.06198 0.00000 0.00136  1.45281 0.00000 0.00000  1.00000 0.00000 0.00000
 O2       0.07299 0.00000 0.00074  0.58919 0.00000 0.00161  0.23317 0.00000 0.00108  1.45281 0.00000 0.00000  1.00000 0.00000 0.00000
 F1       0.36684 0.00000 0.00072  0.42648 0.00000 0.00118  0.30345 0.00000 0.00097  1.79232 0.00000 0.00000  1.00000 0.00000 0.00000
 F2       0.31755 0.00000 0.00069  0.97975 0.00000 0.00107  0.38300 0.00000 0.00100  1.79232 0.00000 0.00000  1.00000 0.00000 0.00000

 ==> PROFILE PARAMETERS FOR PATTERN#  1

 => Overall scale factor:      0.006524874     0.000000000     0.000027301
 => Eta(p-Voigt) or m(Pearson VII):   0.452619  0.000000  0.013585
 => Overall tem. factor:     0.000000    0.000000    0.000000
 => Halfwidth parameters: 
         0.028245    0.000000    0.001642
        -0.008506    0.000000    0.001003
         0.006085    0.000000    0.000148
 => Cell parameters: 
        8.024474    0.000000    0.000098
        5.422166    0.000000    0.000084
        7.630809    0.000000    0.000103
       90.000000    0.000000    0.000000
      102.055466    0.000000    0.000896
       90.000000    0.000000    0.000000
 => Preferred orientation: 
        -0.400536    0.000000    0.003672
         0.000000    0.000000    0.000000
 => Asymmetry parameters: 
         0.031790    0.000000    0.003048
         0.012756    0.000000    0.000618
         0.000000    0.000000    0.000000
         0.000000    0.000000    0.000000
 => X and Y parameters: 
         0.003167    0.000000    0.000457
         0.000000    0.000000    0.000000
 => Strain parameters: 
         0.000000    0.000000    0.000000
         0.000000    0.000000    0.000000
         0.000000    0.000000    0.000000
 => Size   parameters (G,L): 
         0.000000    0.000000    0.000000
         0.000000    0.000000    0.000000

 ==> GLOBAL PARAMETERS FOR PATTERN#  1


 => Zero-point:    -0.0092    0.0000    0.0006

 => Cos( theta)-shift parameter :   0.0000  0.0000  0.0000
 => Sin(2theta)-shift parameter :   0.0000  0.0000  0.0000

 ==> RELIABILITY FACTORS WITH ALL NON-EXCLUDED POINTS FOR PATTERN:  1

 => R-Factors:   2.26      3.22     Chi2:  7.78     DW-Stat.:  0.3945   Patt#:  1
 => Expected :            1.16                                1.9331
 => Deviance : 0.515E+05     Dev*:   7.912    
 => GoF-index:  2.8         Sqrt(Residual/N)
 => N-P+C:  6510

 =>    SumYdif       SumYobs      SumYcal      SumwYobsSQ     Residual    Condition
     0.1100E+07    0.4876E+08    0.4871E+08    0.4876E+08    0.5064E+05    0.9341E+10


 => Conventional Rietveld Rp,Rwp,Re and Chi2:   15.6      11.9      4.26      7.778    
 => (Values obtained using Ynet, but true sigma(y))
 =>  SumYnet, Sum(w Ynet**2):     0.7045E+07    0.3579E+07

 => N-sigma of the GoF:      386.725

 ==> RELIABILITY FACTORS FOR POINTS WITH BRAGG CONTRIBUTIONS FOR PATTERN:  1

 => R-Factors:   2.34      3.33     Chi2:  8.33     DW-Stat.:  0.4092   Patt#:
 => Expected :            1.16                                1.9301
 => Deviance : 0.497E+05     Dev*:   8.471    
 => GoF-index:  2.9         Sqrt(Residual/N)
 => N-P+C:  5864

 =>    SumYdif       SumYobs      SumYcal      SumwYobsSQ     Residual    Condition
     0.1026E+07    0.4389E+08    0.4386E+08    0.4389E+08    0.4882E+05    0.9341E+10


 => Conventional Rietveld Rp,Rwp,Re and Chi2:   14.6      11.7      4.05      8.326    
 => (Values obtained using Ynet, but true sigma(y))
 =>  SumYnet, Sum(w Ynet**2):     0.7033E+07    0.3577E+07

 => N-sigma of the GoF:      396.661

 => Global user-weigthed Chi2 (Bragg contrib.):   8.64    

 => ---------> Pattern#  1
 => Phase:  1
 =>    Bragg R-factor:  7.99    
 =>    RF-factor     :  8.50    

 --------------------------------------------------------------------------------------------------------------
 Pattern#  1 Phase No.:   1 Phase name:  #(C) 2021 by FIZ Karlsruhe - 
 --------------------------------------------------------------------------------------------------------------

   No.  Code     H   K   L  Mult      Hw      ETA/M    2theta/TOF     Icalc       Iobs      Sigma     StrFactor^2    d-hkl       CORR

      1   1      1   0   0     2  0.074304  0.488299      11.266     4824.5     4677.6      9.871       3854.7874  7.847502      1.000000
      2   1      1   1   0     4  0.073908  0.515601      19.887     7018.4     6812.4     10.745      12986.4854  4.460913      0.688044
      3   1      0   1   1     4  0.073939  0.516680      20.227       11.6       29.5      3.226         35.5622  4.386533      0.431933
      4   1     -1   1   1     4  0.074151  0.522130      21.948        1.0       43.1      4.667          2.7101  4.046367      0.585148
      5   1      2   0   0     2  0.074262  0.524330      22.643     1968.3     2060.9      8.492       6559.2969  3.923751      1.000000
      6   1      0   0   2     2  0.074488  0.528083      23.828     1736.4     1772.4      7.040      13506.9023  3.731259      0.476512
      7   1     -1   0   2     2  0.074558  0.529127      24.157     2437.3     2346.4      6.664      18379.2461  3.681060      0.505730
      8   1      1   1   1     4  0.074615  0.529934      24.412       27.6       29.8      2.770         78.3041  3.643196      0.686598
      9   1      2   1   0     4  0.075653  0.541447      28.047     7617.2     7522.5     11.090      23273.2422  3.178748      0.854555
     10   1      1   0   2     2  0.075823  0.542975      28.530       89.2       90.1      1.692        698.8716  3.126050      0.691208
     11   1     -2   1   1     4  0.075839  0.543122      28.576       29.3       30.1      0.568        101.6583  3.121079      0.781761
     12   1      0   1   2     4  0.076004  0.544545      29.026     2561.3     2713.4      7.035      15733.5010  3.073782      0.457178
     13   1     -1   1   2     4  0.076109  0.545417      29.301      229.5      321.0      2.096       1366.2990  3.045536      0.481174
     14   1     -2   0   2     2  0.076132  0.545608      29.361      513.3      658.1      3.812       4151.1528  3.039410      0.711590
     15   1      2   1   1     4  0.077453  0.555234      32.401       44.7        0.3      6.315        190.7321  2.760904      0.833335
     16   1      0   2   0     2  0.077754  0.557173      33.013      646.6      634.7      3.059      12851.2266  2.711083      0.372212
     17   1      1   1   2     4  0.077773  0.557287      33.049     1248.5     1213.2      4.532       7203.7319  2.708199      0.642464
     18   1     -2   1   2     4  0.078150  0.559601      33.780      870.9      843.1      5.157       5114.2627  2.651278      0.661690
     19   1      3   0   0     2  0.078402  0.561095      34.251      545.5      670.3      4.739       4369.1152  2.615834      1.000000
     20   1      1   2   0     4  0.078810  0.563426      34.987      543.5      573.7      5.626       4211.8789  2.562476      0.541157
     21   1      0   2   1     4  0.078926  0.564070      35.191       20.5       45.1      1.502        214.6161  2.548139      0.406359
     22   1     -1   2   1     4  0.079551  0.567428      36.251       23.4       28.4      2.866        213.7253  2.475998      0.496565
     23   1      2   0   2     2  0.079705  0.568225      36.502      504.0      370.8      6.130       5642.1294  2.459509      0.821549
     24   1     -3   0   2     2  0.080408  0.571749      37.615      177.7      119.4      3.468       2096.9758  2.389273      0.832425
     25   1     -3   1   1     4  0.080520  0.572292      37.787      485.9      478.1      3.704       2742.6282  2.378827      0.878657
     26   1      1   2   1     4  0.080569  0.572526      37.861      359.9      340.3      2.711       3170.1902  2.374347      0.565569
     27   1      3   1   0     4  0.080772  0.573496      38.167        0.9        1.8      0.187          5.1298  2.355994      0.922260
     28   1     -1   1   3     4  0.081540  0.577044      39.287      284.2      304.3      7.088       3653.5298  2.291358      0.420317
     29   1      0   1   3     4  0.081933  0.578789      39.838        0.7        1.9      0.591          8.7809  2.260933      0.466466
     30   1      2   1   2     4  0.082217  0.580027      40.229       44.6       96.7      3.180        328.2671  2.239850      0.773538
     31   1      2   2   0     4  0.082347  0.580587      40.406      189.8      316.3      3.905       1585.2529  2.230456      0.688044
     32   1     -2   2   1     4  0.082635  0.581809      40.792        1.3        1.1      0.321         11.4612  2.210256      0.645426
     33   1      0   2   2     4  0.082884  0.582854      41.122      186.4      164.1      3.085       2578.2812  2.193266      0.431933
     34   1     -3   1   2     4  0.082987  0.583281      41.256      517.3      467.8      3.506       3962.8538  2.186414      0.785501
     35   1     -1   2   2     4  0.083040  0.583499      41.325      278.0      267.4      2.103       3740.9458  2.182935      0.448862
     36   1     -2   1   3     4  0.083673  0.586063      42.135       17.4       13.9      3.248        194.4456  2.142844      0.563935
     37   1      3   1   1     4  0.083812  0.586618      42.310       23.5        4.3      3.687        165.2364  2.134372      0.903277
     38   1      2   2   1     4  0.084936  0.590950      43.678       95.2       71.9      3.628        929.4373  2.070654      0.699245
     39   1      1   1   3     4  0.084938  0.590960      43.681       86.3       65.1      3.227        972.0043  2.070514      0.606266
     40   1      1   2   2     4  0.085365  0.592550      44.183       28.8        9.8      2.872        354.0816  2.048140      0.569428
     41   1     -2   2   2     4  0.085864  0.594369      44.757      739.4      753.8      6.654       9113.5547  2.023184      0.585148
     42   1      4   0   0     2  0.087195  0.599051      46.236     1196.4     1307.4      7.877      18552.9336  1.961875      1.000000
     43   1      3   0   2     2  0.087278  0.599336      46.326      129.4      134.2      0.856       2263.5156  1.958271      0.890161
     44   1     -4   0   2     2  0.088494  0.603404      47.610      505.1      412.0      4.087       9334.3027  1.908401      0.895925
     45   1     -1   0   4     2  0.088534  0.603532      47.651      481.3      425.9      3.171      20673.3438  1.906871      0.386163
     46   1     -3   1   3     4  0.088762  0.604276      47.885       11.9       10.8      0.443        145.5182  1.898068      0.686614
     47   1     -3   2   1     4  0.088868  0.604619      47.994       14.1       12.9      0.665        156.7514  1.894032      0.756254
     48   1      3   2   0     4  0.089177  0.605614      48.308     1312.8     1493.0      5.945      14215.1973  1.882447      0.789818
     49   1     -4   1   1     4  0.089272  0.605917      48.404       21.7       25.6      0.127        201.7832  1.878950      0.925686
     50   1      0   0   4     2  0.089639  0.607082      48.772       45.8      121.7      2.243       1680.8812  1.865629      0.476512
     51   1     -1   2   3     4  0.090113  0.608565      49.240        2.1        2.9      0.061         45.0664  1.848982      0.410801
     52   1      4   1   0     4  0.090233  0.608940      49.358     1060.0     1148.8      5.541       9984.1787  1.844828      0.952871
     53   1      3   1   2     4  0.090321  0.609211      49.444       83.4       86.5      0.394        881.3884  1.841830      0.852418
     54   1     -2   0   4     2  0.090359  0.609329      49.481      347.6      353.4      1.573      12407.3652  1.840530      0.505730
     55   1      0   2   3     4  0.090586  0.610027      49.701        0.5        0.5      0.017         10.2715  1.832885      0.447790
     56   1      2   2   2     4  0.090928  0.611069      50.030     1492.3     1474.5      6.021      20107.2051  1.821598      0.686598
     57   1      2   1   3     4  0.091114  0.611633      50.208        1.4        1.4      0.016         18.1902  1.815558      0.718642
     58   1     -4   1   2     4  0.091600  0.613089      50.668      164.3      150.6      2.463       1819.1058  1.800156      0.859446
     59   1     -1   1   4     4  0.091641  0.613212      50.707      122.5      123.0      1.611       3030.6897  1.798872      0.385366
     60   1     -3   2   2     4  0.091847  0.613823      50.900      296.1      324.3      3.258       4074.3311  1.792505      0.698748

   No.  Code     H   K   L  Mult      Hw      ETA/M    2theta/TOF     Icalc       Iobs      Sigma     StrFactor^2    d-hkl       CORR

     61   1     -2   2   3     4  0.092658  0.616194      51.649       14.3        8.2      0.547        270.3012  1.768260      0.527425
     62   1      0   1   4     4  0.092801  0.616606      51.779      693.3      693.5      4.990      14725.8271  1.764125      0.470498
     63   1      3   2   1     4  0.092823  0.616670      51.799       36.2       35.8      0.239        456.8703  1.763490      0.792535
     64   1      1   3   0     4  0.092900  0.616891      51.869      210.1      206.1      1.438       4347.1802  1.761279      0.484822
     65   1      0   3   1     4  0.093064  0.617361      52.017       70.9       78.1      1.085       1809.6077  1.756603      0.395592
     66   1     -2   1   4     4  0.093555  0.618759      52.458        0.5        0.0      0.123         10.7861  1.742858      0.498113
     67   1      1   0   4     2  0.093831  0.619536      52.704      182.6      145.8      4.584       6404.9829  1.735320      0.592889
     68   1     -1   3   1     4  0.093938  0.619835      52.798        2.9        2.1      0.100         66.0784  1.732434      0.457292
     69   1      1   2   3     4  0.094142  0.620407      52.979        7.7        0.0      1.318        143.7353  1.726956      0.563275
     70   1      4   1   1     4  0.094629  0.621754      53.404        3.3        0.0      2.698         37.2804  1.714197      0.938441
     71   1      1   3   1     4  0.095328  0.623662      54.007        0.1        0.0      0.248          1.1204  1.696496      0.506080
     72   1     -3   0   4     2  0.095368  0.623770      54.041        1.2        0.0      4.155         43.2199  1.695505      0.618814
     73   1      1   1   4     4  0.097181  0.628575      55.558      221.6      177.5      6.549       4460.3643  1.652740      0.581161
     74   1     -4   1   3     4  0.097558  0.629552      55.866       82.1       80.6      1.241       1253.0154  1.644343      0.776212
     75   1      2   3   0     4  0.097683  0.629873      55.968      849.0      804.4      4.610      16977.8047  1.641604      0.594665
     76   1     -2   3   1     4  0.098057  0.630831      56.270       45.2       56.4      1.419        960.3524  1.633500      0.566487
     77   1      0   3   2     4  0.098381  0.631654      56.530      251.6      333.4      3.521       7352.4424  1.626606      0.416074
     78   1     -3   2   3     4  0.098551  0.632083      56.665        6.5        8.0      0.113        125.2991  1.623039      0.634697
     79   1     -1   3   2     4  0.098582  0.632162      56.691       14.9       18.2      0.244        425.7875  1.622378      0.428485
     80   1     -3   1   4     4  0.098781  0.632664      56.849      548.3      543.1      4.075      11139.2314  1.618234      0.606131
     81   1     -4   2   1     4  0.099132  0.633542      57.126       62.6       73.3      1.931        939.5588  1.611037      0.829858
     82   1      4   0   2     2  0.099483  0.634415      57.402       31.6       20.1      2.087        858.0325  1.603955      0.927372
     83   1      4   2   0     4  0.100226  0.636240      57.978      396.9      523.1      4.266       5973.8262  1.589374      0.854555
     84   1      3   2   2     4  0.100325  0.636483      58.055      292.1      376.7      2.513       4873.2539  1.587456      0.773194
     85   1      2   3   1     4  0.101002  0.638122      58.572        2.0        1.9      0.251         43.7198  1.574659      0.610922
     86   1      2   2   3     4  0.101225  0.638656      58.741        7.6        9.0      0.297        151.2009  1.570542      0.664759
     87   1      5   0   0     2  0.101281  0.638791      58.784       23.2       25.9      0.539        614.8649  1.569500      1.000000
     88   1      3   1   3     4  0.101282  0.638794      58.785       12.6       14.0      0.290        209.0554  1.569481      0.798331
     89   1     -5   0   2     2  0.101334  0.638917      58.823      140.6      145.1      2.392       4012.4004  1.568538      0.930629
     90   1      1   3   2     4  0.101545  0.639420      58.982      238.5      255.1      2.227       6140.2568  1.564689      0.518938
     91   1      2   0   4     2  0.101636  0.639639      59.051       65.7       67.8      0.590       2545.6951  1.563025      0.691208
     92   1     -4   2   2     4  0.101774  0.639966      59.155      554.0      531.2      2.818       9527.6260  1.560539      0.781761
     93   1     -1   2   4     4  0.101821  0.640077      59.190      176.5      172.5      0.987       6192.3511  1.559703      0.383604
     94   1     -2   3   2     4  0.102171  0.640903      59.451      491.6      458.2      3.444      12579.5234  1.553477      0.531226
     95   1     -5   1   1     4  0.103012  0.642870      60.071       20.1       17.2      0.170        294.2021  1.538898      0.950608
     96   1      4   1   2     4  0.103061  0.642982      60.107      858.3      764.8      5.219      13292.4756  1.538071      0.899050
     97   1      0   2   4     4  0.103131  0.643144      60.158       21.4       19.4      0.151        653.8005  1.536891      0.457178
     98   1     -2   2   4     4  0.103980  0.645096      60.775      256.8      332.6      4.005       7614.6401  1.522768      0.481174
     99   1     -4   0   4     2  0.104169  0.645525      60.910       69.4       80.1      1.136       2797.3889  1.519705      0.711590
    100   1      5   1   0     4  0.104928  0.647240      61.451      490.7      612.6      3.400       7403.6997  1.507612      0.968702
    101   1     -5   1   2     4  0.104982  0.647362      61.490      452.7      544.2      2.696       7333.6860  1.506758      0.903280
    102   1      4   2   1     4  0.105189  0.647824      61.636        5.8        6.2      0.040        100.6441  1.503540      0.853334
    103   1      2   1   4     4  0.105297  0.648065      61.712      296.1      269.0      2.552       6453.6182  1.501870      0.676736
    104   1     -3   3   1     4  0.105900  0.649404      62.135        2.9        1.3      0.501         66.3277  1.492661      0.662675
    105   1      3   3   0     4  0.106280  0.650241      62.399        5.5        4.0      1.803        120.1105  1.486971      0.688044
    106   1     -1   3   3     4  0.107427  0.652737      63.187        5.9        5.8      1.037        225.7590  1.470311      0.402743
    107   1     -1   1   5     4  0.107532  0.652962      63.258        9.7        8.9      1.159        398.0503  1.468830      0.380867
    108   1     -4   1   4     4  0.107925  0.653805      63.524      264.4      215.8      4.220       5956.4102  1.463316      0.696883
    109   1      0   3   3     4  0.108006  0.653980      63.579        9.7        8.7      0.122        352.5476  1.462178      0.431933
    110   1      1   2   4     4  0.108051  0.654076      63.610      220.1      200.5      2.682       6246.7666  1.461555      0.554494
    111   1      2   3   2     4  0.108424  0.654868      63.860       71.3       49.7      1.831       1839.6122  1.456428      0.615369
    112   1     -4   2   3     4  0.108474  0.654976      63.894        3.1        2.0      0.111         67.6465  1.455738      0.721720
    113   1     -2   1   5     4  0.109004  0.656095      64.247        0.9        0.5      0.230         32.0919  1.448579      0.454280
    114   1     -3   3   2     4  0.109544  0.657226      64.605      199.9      186.2      4.723       5193.3232  1.441429      0.626163
    115   1      0   1   5     4  0.109731  0.657616      64.728        7.5        6.8      0.236        259.3633  1.438985      0.472544
    116   1     -3   2   4     4  0.109843  0.657849      64.801       16.5       14.2      0.565        467.1190  1.437528      0.577029
    117   1     -2   3   3     4  0.110530  0.659269      65.250        8.2        8.6      2.134        274.7345  1.428731      0.495452
    118   1      3   3   1     4  0.110730  0.659680      65.379        0.3        0.3      0.085          6.9211  1.426212      0.698894
    119   1      5   1   1     4  0.110957  0.660145      65.526       27.8       17.5      2.277        487.2322  1.423368      0.957855
    120   1     -5   1   3     4  0.111072  0.660381      65.601       34.7       20.4      2.485        697.0651  1.421933      0.837434

   No.  Code     H   K   L  Mult      Hw      ETA/M    2theta/TOF     Icalc       Iobs      Sigma     StrFactor^2    d-hkl       CORR

    121   1      1   3   3     4  0.112329  0.662923      66.403        1.0        4.8      1.070         31.2707  1.406677      0.524725
    122   1      3   2   3     4  0.112638  0.663542      66.599       24.8       44.0      4.450        577.3537  1.403026      0.744775
    123   1      3   0   4     2  0.113943  0.666125      67.414       26.2       28.8      4.478       1214.5283  1.388023      0.766502
    124   1     -3   1   5     4  0.114305  0.666832      67.638        2.0        1.8      0.401         63.9581  1.383980      0.546208
    125   1     -5   2   1     4  0.114570  0.667348      67.801        1.4        0.8      0.193         29.6836  1.381050      0.877513
    126   1      4   2   2     4  0.114624  0.667454      67.834       32.1       17.7      3.579        692.7491  1.380452      0.833335
    127   1      1   1   5     4  0.115837  0.669792      68.572        2.7        6.7      1.564         89.6444  1.367381      0.563582
    128   1      4   1   3     4  0.116589  0.671222      69.024        0.2        0.2      0.019          5.0997  1.359531      0.852359
    129   1      5   2   0     4  0.116708  0.671448      69.095       66.1       67.7      2.486       1379.5808  1.358303      0.895562
    130   1     -5   2   2     4  0.116769  0.671563      69.131       36.5       40.0      1.127        812.6830  1.357679      0.839210
    131   1      0   4   0     2  0.116978  0.671957      69.256       78.5      104.0      1.461       7918.0649  1.355542      0.372212
    132   1      2   2   4     4  0.117120  0.672224      69.340      269.2      311.8      3.296       7887.1997  1.354099      0.642464
    133   1      5   0   2     2  0.117577  0.673082      69.611       79.9       85.5      1.138       3194.5295  1.349492      0.948998
    134   1     -3   3   3     4  0.117647  0.673214      69.653        0.0        0.0      0.000          0.6773  1.348789      0.585148
    135   1     -5   0   4     2  0.117761  0.673426      69.719      244.2      232.4      2.732      11890.1445  1.347658      0.781553
    136   1      3   1   4     4  0.118063  0.673989      69.897      263.4      233.3      2.555       6699.3496  1.344663      0.751846
    137   1     -4   3   1     4  0.118347  0.674516      70.064       13.7       10.3      0.276        355.8426  1.341877      0.739548
    138   1      1   4   0     4  0.118980  0.675682      70.432       16.2       18.9      1.850        690.8331  1.335760      0.456222
    139   1      0   4   1     4  0.119194  0.676075      70.556        2.6        4.9      0.416        130.9801  1.333717      0.389898
    140   1     -1   2   5     4  0.119615  0.676844      70.799        0.6        0.7      0.026         28.5881  1.329734      0.380043
    141   1      4   3   0     4  0.119663  0.676932      70.827       79.8       99.2      2.938       2059.8223  1.329282      0.760699
    142   1      3   3   2     4  0.119783  0.677150      70.896       42.0       53.1      1.511       1184.8503  1.328159      0.696900
    143   1     -4   2   4     4  0.120053  0.677642      71.051       30.6       36.1      1.181        912.0328  1.325639      0.661690
    144   1     -6   0   2     2  0.120274  0.678042      71.177        5.4        7.8      0.468        224.8695  1.323596      0.950971
    145   1     -1   4   1     4  0.120334  0.678150      71.211        1.8        2.8      0.181         83.5635  1.323046      0.436384
    146   1      2   3   3     4  0.120864  0.679105      71.513        0.3        0.5      0.104          8.6921  1.318205      0.611680
    147   1     -2   2   5     4  0.121259  0.679812      71.736        0.7        1.1      0.151         31.0257  1.314653      0.446344
    148   1     -4   3   2     4  0.121526  0.680287      71.886       16.4       17.6      0.908        468.5126  1.312274      0.705633
    149   1     -1   3   4     4  0.121582  0.680387      71.918       47.6       50.4      2.065       2516.9861  1.311777      0.381782
    150   1      5   1   2     4  0.121835  0.680837      72.060       78.7       84.2      1.701       1720.8596  1.309542      0.927623
    151   1      6   0   0     2  0.122020  0.681165      72.163      209.2      262.4      2.802       8509.5576  1.307917      1.000000
    152   1     -5   1   4     4  0.122025  0.681175      72.166       36.8       46.2      0.494        975.3798  1.307867      0.767101
    153   1      0   2   5     4  0.122071  0.681256      72.192       17.1       21.6      0.245        753.4888  1.307469      0.462866
    154   1      1   4   1     4  0.122144  0.681385      72.233        8.8       11.0      0.155        379.7622  1.306829      0.473461
    155   1      0   3   4     4  0.123157  0.683165      72.795       72.8       62.7      3.295       3396.5464  1.298118      0.443395
    156   1     -6   1   1     4  0.123197  0.683236      72.817        6.4        5.4      0.290        137.1338  1.297774      0.965054
    157   1      5   2   1     4  0.123441  0.683660      72.951        9.1        6.5      0.563        212.5253  1.295721      0.892852
    158   1     -5   2   3     4  0.123570  0.683885      73.022        3.5        2.5      0.220         91.1509  1.294638      0.787398
    159   1     -4   1   5     4  0.124018  0.684663      73.268       24.2       18.0      1.967        804.5262  1.290901      0.630467
    160   1     -2   3   4     4  0.124179  0.684941      73.355        6.6        4.4      0.583        298.3822  1.289574      0.463559
    161   1     -6   1   2     4  0.124635  0.685727      73.604      250.8      238.5      4.348       5690.6548  1.285839      0.930289
    162   1      2   4   0     4  0.125205  0.686703      73.912       33.5       28.1      1.472       1315.1382  1.281238      0.541157
    163   1      4   3   1     4  0.125633  0.687431      74.142        2.5        2.3      0.155         68.6674  1.277834      0.767246
    164   1     -2   4   1     4  0.125691  0.687529      74.173       25.7       25.5      1.627       1056.4205  1.277374      0.520509
    165   1      0   4   2     4  0.126111  0.688242      74.398       39.0       59.6      1.627       2068.0127  1.274069      0.406359
    166   1     -1   4   2     4  0.126373  0.688682      74.537      125.5      170.0      2.426       6512.8276  1.272035      0.415995
    167   1      6   1   0     4  0.126448  0.688809      74.577       80.0      107.8      1.552       1767.5935  1.271450      0.977810
    168   1      2   1   5     4  0.126531  0.688950      74.621        6.4        8.5      0.159        215.7440  1.270805      0.645593
    169   1     -1   0   6     2  0.126620  0.689099      74.668        0.9        1.2      0.028        100.3446  1.270118      0.396690
    170   1     -3   2   5     4  0.127185  0.690045      74.967       10.2        1.3      1.242        419.8391  1.265797      0.529992
    171   1     -2   0   6     2  0.127410  0.690419      75.085       10.2        1.9      1.605       1044.5197  1.264099      0.425457
    172   1      1   2   5     4  0.128901  0.692883      75.863       10.1        0.0      1.485        411.4315  1.253060      0.545992
    173   1      1   3   4     4  0.129081  0.693177      75.956       54.9       11.6      3.852       2328.2812  1.251759      0.526002
    174   1      2   4   1     4  0.129515  0.693885      76.180       11.2        6.8      0.895        451.7279  1.248640      0.556398
    175   1     -4   3   3     4  0.129591  0.694008      76.218        0.7        0.4      0.070         23.6511  1.248099      0.664282
    176   1      4   2   3     4  0.129743  0.694257      76.297        0.3        0.1      0.047          7.5314  1.247011      0.804363
    177   1      0   0   6     2  0.130205  0.695004      76.533       23.2       23.5      1.894       2206.4392  1.243753      0.476512
    178   1      1   4   2     4  0.130219  0.695027      76.540       12.3       12.4      1.001        572.4854  1.243651      0.486782
    179   1     -6   1   3     4  0.130942  0.696190      76.907        2.2        2.3      0.095         56.9342  1.238627      0.878811
    180   1     -2   4   2     4  0.131033  0.696337      76.954       33.3       34.3      0.939       1531.5524  1.237999      0.496565

   No.  Code     H   K   L  Mult      Hw      ETA/M    2theta/TOF     Icalc       Iobs      Sigma     StrFactor^2    d-hkl       CORR

    181   1     -1   1   6     4  0.131231  0.696653      77.053      131.5      135.2      1.621       7595.9214  1.236643      0.396034
    182   1     -3   3   4     4  0.131242  0.696671      77.059      233.8      239.9      2.849       9805.5107  1.236566      0.545570
    183   1      3   2   4     4  0.131397  0.696918      77.137        2.3        2.3      0.039         74.3955  1.235508      0.715652
    184   1     -2   1   6     4  0.132052  0.697959      77.466       31.9       31.8      0.968       1735.4347  1.231086      0.424021
    185   1      4   0   4     2  0.132251  0.698274      77.565      132.5      132.1      2.971       7460.1582  1.229755      0.821549
    186   1     -3   0   6     2  0.132663  0.698925      77.771       79.3       81.7      2.039       7283.1895  1.227020      0.505730
    187   1      3   3   3     4  0.134622  0.701977      78.735        3.9        8.5      1.037        135.1848  1.214399      0.686597
    188   1      6   1   1     4  0.134802  0.702255      78.822        5.8       11.9      0.919        141.9991  1.213265      0.969505
    189   1      0   1   6     4  0.134961  0.702500      78.900       15.2       29.7      1.809        763.3289  1.212269      0.473709
    190   1      5   2   2     4  0.135635  0.703533      79.226       45.7       50.1      1.429       1248.8105  1.208098      0.874605
    191   1     -5   2   4     4  0.135850  0.703860      79.329      238.9      228.0      3.878       7833.8926  1.206782      0.731068
    192   1     -3   4   1     4  0.135887  0.703917      79.347        8.4        8.0      0.137        335.6858  1.206553      0.600119
    193   1      3   4   0     4  0.136383  0.704671      79.585       70.4       64.0      1.315       2735.7329  1.203542      0.619878
    194   1     -5   3   1     4  0.136963  0.705548      79.862        1.0        1.0      0.017         31.8769  1.200064      0.797809
    195   1      4   3   2     4  0.137029  0.705648      79.894      178.8      171.8      2.586       5691.5454  1.199672      0.761444
    196   1      4   1   4     4  0.137093  0.705743      79.924       80.7       77.7      1.221       2422.3689  1.199296      0.808070
    197   1     -6   2   1     4  0.137169  0.705858      79.960        8.0        7.8      0.151        214.6381  1.198840      0.908853
    198   1     -3   1   6     4  0.137522  0.706388      80.127        8.9        8.8      0.202        429.4716  1.196759      0.502183
    199   1     -1   4   3     4  0.137881  0.706925      80.297        1.5        1.4      0.068         90.1936  1.194656      0.396927
    200   1     -6   0   4     2  0.137885  0.706931      80.299       30.9       30.3      1.452       1811.6582  1.194637      0.832425
    201   1     -4   2   5     4  0.138095  0.707244      80.398        5.2        4.9      0.381        210.6445  1.193416      0.608447
    202   1      1   0   6     2  0.138587  0.707976      80.629       44.6       44.9      2.120       3943.6221  1.190577      0.555516
    203   1      0   4   3     4  0.138639  0.708052      80.653        0.2        0.2      0.012         13.9283  1.190281      0.420488
    204   1     -6   2   2     4  0.138790  0.708277      80.724        1.9        1.7      0.106         52.6026  1.189413      0.878657
    205   1      5   1   3     4  0.139043  0.708650      80.842        0.1        0.1      0.003          3.0932  1.187976      0.888980
    206   1      2   4   2     4  0.139185  0.708859      80.908      159.6      147.9      3.167       6969.2759  1.187174      0.565569
    207   1     -5   1   5     4  0.139338  0.709085      80.979        1.9        1.7      0.040         66.8545  1.186309      0.701968
    208   1      5   3   0     4  0.139562  0.709415      81.083       71.4       65.4      1.256       2170.2212  1.185049      0.814806
    209   1     -5   3   2     4  0.139636  0.709523      81.117       68.1       64.3      1.147       2196.2271  1.184634      0.768195
    210   1      2   3   4     4  0.140063  0.710149      81.315       33.6       37.1      0.911       1384.1129  1.182254      0.603836
    211   1     -3   4   2     4  0.140652  0.711008      81.586       65.4       71.5      1.485       2843.5762  1.179008      0.574744
    212   1      6   2   0     4  0.140837  0.711277      81.671      166.3      174.4      3.051       4513.7065  1.177997      0.922260
    213   1      2   2   5     4  0.140931  0.711414      81.714        2.9        3.1      0.065        117.1909  1.177484      0.622795
    214   1     -2   4   3     4  0.141946  0.712877      82.176        9.5       14.3      1.433        506.0311  1.172029      0.471976
    215   1      3   4   1     4  0.142208  0.713254      82.295        0.0        0.1      0.009          1.6915  1.170637      0.632280
    216   1     -6   1   4     4  0.142967  0.714337      82.637       86.7       99.0      3.569       2692.6802  1.166656      0.819326
    217   1     -4   0   6     2  0.143022  0.714415      82.662        1.2        1.4      0.046        102.1607  1.166371      0.582946
    218   1     -1   3   5     4  0.143107  0.714535      82.700        7.9        9.4      0.335        532.0662  1.165934      0.379074
    219   1      3   1   5     4  0.143176  0.714633      82.731        9.1       10.5      0.431        325.9823  1.165575      0.714368
    220   1     -4   3   4     4  0.143643  0.715294      82.939       64.0       63.8      1.826       2633.4641  1.163170      0.621450
    221   1      1   1   6     4  0.143701  0.715376      82.965       10.2       10.3      0.300        473.9102  1.162874      0.550815
    222   1      6   0   2     2  0.144085  0.715919      83.137      102.3      108.0      2.707       5450.4609  1.160912      0.962437
    223   1      1   4   3     4  0.144313  0.716238      83.237       15.5       15.5      0.589        803.2625  1.159762      0.495995
    224   1     -2   3   5     4  0.145118  0.717365      83.593        5.0        3.0      1.041        293.7523  1.155728      0.437019
    225   1     -6   2   3     4  0.145926  0.718487      83.948        3.4        0.0      1.088        105.4829  1.151749      0.835487
    226   1      0   3   5     4  0.146114  0.718746      84.029        4.1        0.0      1.348        238.5864  1.150837      0.451475
    227   1     -1   2   6     4  0.146254  0.718940      84.091        1.0        0.0      0.392         67.0499  1.150154      0.394344
    228   1     -2   2   6     4  0.147187  0.720221      84.495       26.0       23.6      3.466       1620.8391  1.145679      0.420317
    229   1      5   3   1     4  0.147796  0.721052      84.757        0.7        0.7      0.067         21.5935  1.142802      0.818417
    230   1     -5   3   3     4  0.147954  0.721267      84.825        0.6        0.6      0.035         21.0059  1.142059      0.729710
    231   1     -7   0   2     2  0.148104  0.721471      84.890       72.6       72.9      2.947       3968.4539  1.141358      0.963708
    232   1     -4   1   6     4  0.148335  0.721783      84.988       50.6       56.9      2.072       2310.3977  1.140287      0.577689
    233   1      6   1   2     4  0.149447  0.723280      85.461       28.9       17.3      2.939        811.5750  1.135184      0.945981
    234   1      6   2   1     4  0.150316  0.724440      85.827        6.8        5.8      0.525        197.6074  1.131274      0.919160
    235   1      0   2   6     4  0.150498  0.724682      85.904       53.9       36.0      3.355       3083.5715  1.130467      0.466466
    236   1     -3   4   3     4  0.151359  0.725821      86.263       10.9        3.3      1.360        537.0467  1.126673      0.546612
    237   1     -4   4   1     4  0.152293  0.727046      86.650       12.9       13.6      1.110        517.1464  1.122635      0.670279
    238   1     -3   3   5     4  0.152415  0.727205      86.700       12.7       14.0      0.883        670.8100  1.122113      0.510628
    239   1      7   0   0     2  0.152659  0.727523      86.801       15.3       16.8      0.679        825.0568  1.121072      1.000000
    240   1      2   0   6     2  0.152878  0.727808      86.891        1.1        1.1      0.029         97.9686  1.120142      0.628145

   No.  Code     H   K   L  Mult      Hw      ETA/M    2theta/TOF     Icalc       Iobs      Sigma     StrFactor^2    d-hkl       CORR

    241   1      4   2   4     4  0.152930  0.727875      86.912      138.7      132.4      3.284       4846.2534  1.119925      0.773538
    242   1     -7   1   1     4  0.152998  0.727963      86.940        0.6        0.6      0.014         17.3045  1.119637      0.974071
    243   1     -3   2   6     4  0.153420  0.728511      87.113       87.7      100.8      1.944       4820.8311  1.117858      0.492996
    244   1     -7   1   2     4  0.153654  0.728813      87.208        3.9        4.3      0.094        110.6337  1.116882      0.947743
    245   1      4   4   0     4  0.154052  0.729326      87.370       78.3       91.3      1.665       3092.1792  1.115228      0.688044
    246   1      3   4   2     4  0.154213  0.729532      87.435       66.7       76.4      1.631       2843.9451  1.114565      0.637350
    247   1      1   3   5     4  0.154542  0.729954      87.568        0.1        0.1      0.005          5.4131  1.113211      0.524879
    248   1      5   2   3     4  0.155160  0.730745      87.818        7.3        8.6      0.603        235.0862  1.110690      0.847840
    249   1     -5   2   5     4  0.155498  0.731174      87.954        4.8        6.4      0.388        192.4708  1.109327      0.677163
    250   1      4   3   3     4  0.155588  0.731289      87.990       15.0       20.7      1.156        548.8172  1.108963      0.747625
    251   1      2   4   3     4  0.155663  0.731384      88.020       12.9       17.9      1.007        618.9036  1.108663      0.569428
    252   1     -4   4   2     4  0.156552  0.732507      88.374       86.7      117.5      2.807       3692.4170  1.105128      0.645426
    253   1     -1   4   4     4  0.156627  0.732602      88.404       35.2       48.3      1.175       2543.0732  1.104831      0.380264
    254   1      3   3   4     4  0.157648  0.733881      88.808       95.2      101.8      2.981       3906.6155  1.100850      0.672371
    255   1      7   1   0     4  0.158430  0.734853      89.115       74.1       75.3      1.732       2086.0278  1.097852      0.983488
    256   1      2   1   6     4  0.158660  0.735137      89.205       68.1       67.9      1.660       3031.2888  1.096978      0.622133
    257   1      0   4   4     4  0.158751  0.735250      89.240       15.1       14.9      0.420        970.8223  1.096633      0.431933
    258   1      5   0   4     2  0.159519  0.736196      89.539       89.6       82.8      1.833       5784.6909  1.093748      0.861295
    259   1     -6   2   4     4  0.159664  0.736374      89.595       28.8       26.2      0.610       1020.8303  1.093207      0.785501
    260   1      3   2   5     4  0.159904  0.736668      89.688        2.6        2.4      0.056        105.2251  1.092318      0.689330
    261   1     -5   0   6     2  0.159957  0.736732      89.709       47.4       44.5      0.982       4042.0874  1.092122      0.652321
    262   1     -2   4   4     4  0.160134  0.736949      89.777       74.2       72.3      1.358       4605.7944  1.091467      0.448862
    263   1     -7   1   3     4  0.160503  0.737398      89.919        5.1        5.0      0.095        155.7887  1.090113      0.907191
    264   1      1   2   6     4  0.160508  0.737405      89.921      120.7      120.0      2.267       6249.9072  1.090093      0.538565
    265   1      4   4   1     4  0.162107  0.739339      90.532        1.1        0.3      0.337         43.9071  1.084321      0.697527
    266   1     -6   1   5     4  0.162647  0.739986      90.736        4.2        3.2      0.996        155.2457  1.082412      0.759711
    267   1      5   3   2     4  0.162956  0.740355      90.852       14.4       11.6      2.634        500.6945  1.081328      0.810855
    268   1     -5   3   4     4  0.163226  0.740677      90.954        0.0        0.0      0.001          0.1247  1.080384      0.687373
    269   1     -6   3   1     4  0.164889  0.742643      91.575       26.9       43.9      2.196        904.6017  1.074674      0.841056
    270   1      1   5   0     4  0.165022  0.742799      91.624       27.1       42.4      1.913       1744.4534  1.074225      0.439089
    271   1      0   5   1     4  0.165338  0.743169      91.741        1.5        2.3      0.131        112.1171  1.073161      0.386411
    272   1      5   1   4     4  0.165639  0.743521      91.852        1.9        2.7      0.121         64.0176  1.072153      0.849455
    273   1     -4   2   6     4  0.165859  0.743777      91.933       11.1       13.7      0.457        555.7629  1.071422      0.563935
    274   1     -4   3   5     4  0.166058  0.744008      92.006        0.0        0.0      0.001          1.4042  1.070761      0.581345
    275   1     -5   1   6     4  0.166100  0.744058      92.022       82.5       93.0      2.647       3620.1108  1.070620      0.645997
    276   1      1   4   4     4  0.166820  0.744892      92.285       39.5       35.0      0.668       2235.0349  1.068253      0.501735
    277   1     -6   3   2     4  0.166938  0.745028      92.328      145.7      127.3      1.979       5073.2563  1.067868      0.815975
    278   1     -1   5   1     4  0.167027  0.745131      92.360        1.7        1.5      0.022        113.4360  1.067579      0.423592
    279   1      6   2   2     4  0.167147  0.745270      92.404      165.7      147.0      2.274       5213.7124  1.067186      0.903277
    280   1     -2   1   7     4  0.167323  0.745472      92.468        8.6        7.8      0.155        611.2615  1.066616      0.402237
    281   1     -4   4   3     4  0.167521  0.745700      92.540        0.1        0.1      0.003          6.3421  1.065975      0.616061
    282   1     -1   1   7     4  0.167551  0.745734      92.551        0.4        0.4      0.009         30.8101  1.065879      0.407182
    283   1     -7   0   4     2  0.168125  0.746392      92.759       14.5       10.6      0.549        950.4838  1.064035      0.869164
    284   1      4   1   5     4  0.168530  0.746855      92.905        1.8        0.8      0.173         66.9808  1.062746      0.769534
    285   1      6   3   0     4  0.169535  0.747997      93.265       61.7       43.8      3.561       2063.5955  1.059583      0.854555
    286   1      2   3   5     4  0.169655  0.748132      93.308        0.7        0.5      0.043         32.1289  1.059209      0.594544
    287   1      1   5   1     4  0.169721  0.748207      93.331        1.2        1.0      0.086         74.4892  1.059004      0.453305
    288   1     -3   4   4     4  0.169799  0.748294      93.359        1.9        1.6      0.160        105.4790  1.058763      0.518522
    289   1      7   1   1     4  0.170853  0.749479      93.733        5.7        1.5      0.839        165.9301  1.055518      0.976979
    290   1     -7   2   1     4  0.171274  0.749950      93.882        3.9        2.6      0.596        119.6294  1.054238      0.930084
    291   1     -7   2   2     4  0.172039  0.750801      94.151      139.9      143.7      4.838       4431.6841  1.051937      0.906127
    292   1      6   1   3     4  0.172997  0.751858      94.485        1.8        1.7      0.102         56.0858  1.049097      0.914280
    293   1     -3   1   7     4  0.173323  0.752217      94.598        0.0        0.0      0.001          0.7882  1.048141      0.469365
    294   1      0   1   7     4  0.174043  0.753005      94.847        0.8        0.7      0.068         49.0509  1.046047      0.474431
    295   1      2   5   0     4  0.174321  0.753307      94.942       53.7       51.5      2.387       3050.1252  1.045248      0.507575
    296   1      3   4   3     4  0.174494  0.753496      95.002        1.2        1.2      0.039         53.8614  1.044749      0.636508
    297   1     -7   1   4     4  0.174713  0.753734      95.077      107.5      115.3      3.048       3611.5142  1.044121      0.857733
    298   1     -2   5   1     4  0.175055  0.754105      95.194        7.9        9.2      0.272        461.6981  1.043146      0.491394
    299   1      3   0   6     2  0.175454  0.754536      95.330       11.8       14.9      0.365        981.5172  1.042017      0.691208
    300   1      0   5   2     4  0.175693  0.754794      95.411       45.9       62.3      1.412       3314.3889  1.041344      0.400010

   No.  Code     H   K   L  Mult      Hw      ETA/M    2theta/TOF     Icalc       Iobs      Sigma     StrFactor^2    d-hkl       CORR

    301   1     -6   3   3     4  0.176044  0.755171      95.531        0.3        0.5      0.014         12.5022  1.040360      0.781761
    302   1     -1   5   2     4  0.176089  0.755220      95.546        4.3        6.2      0.186        307.0967  1.040233      0.407835
    303   1     -1   3   6     4  0.176466  0.755624      95.674       66.7       92.8      2.476       4912.4028  1.039183      0.392181
    304   1      7   2   0     4  0.177626  0.756861      96.064       76.4       98.0      2.872       2347.8335  1.035991      0.940277
    305   1     -2   3   6     4  0.177667  0.756905      96.078       16.7       21.2      0.658       1164.3616  1.035879      0.415579
    306   1     -5   4   1     4  0.177777  0.757022      96.115        0.2        0.2      0.007          6.1523  1.035579      0.729084
    307   1      4   4   2     4  0.177870  0.757120      96.146        0.3        0.3      0.015         10.6745  1.035327      0.699245
    308   1      2   2   6     4  0.177896  0.757148      96.155        0.0        0.1      0.003          2.1584  1.035257      0.606266
    309   1     -7   2   3     4  0.180062  0.759423      96.873        1.7        0.0      0.623         55.6711  1.029481      0.870537
    310   1      2   5   1     4  0.180892  0.760285      97.145        7.8        5.3      1.357        432.7721  1.027321      0.520941
    311   1      5   4   0     4  0.181449  0.760861      97.327        1.1        1.0      0.089         44.1012  1.025884      0.744421
    312   1     -5   4   2     4  0.181554  0.760970      97.361       23.0       21.3      1.489        944.4885  1.025615      0.706043
    313   1      6   3   1     4  0.181719  0.761139      97.415        0.0        0.0      0.001          0.3955  1.025195      0.856313
    314   1      0   3   6     4  0.181955  0.761381      97.491        2.0        1.8      0.063        124.0989  1.024594      0.457178
    315   1      1   5   2     4  0.181977  0.761404      97.499       68.2       63.3      2.130       4246.9805  1.024537      0.465453
    316   1      2   4   4     4  0.182161  0.761593      97.558       50.5       43.4      1.335       2572.4395  1.024070      0.569428
    317   1      3   1   6     4  0.182469  0.761908      97.658       69.8       53.4      1.854       2957.5359  1.023292      0.684540
    318   1     -6   2   5     4  0.182589  0.762032      97.697        0.9        0.7      0.025         35.4819  1.022988      0.734554
    319   1     -2   5   2     4  0.183235  0.762690      97.905       43.9       35.1      1.393       2689.8523  1.021370      0.473477
    320   1      7   0   2     2  0.185123  0.764597      98.507        0.8        0.9      0.083         46.3506  1.016732      0.971277
    321   1      4   3   4     4  0.185125  0.764600      98.508       14.4       17.0      1.542        572.7193  1.016726      0.729909
    322   1     -3   3   6     4  0.185768  0.765242      98.711       34.7       43.0      1.829       2097.1450  1.015179      0.481174
    323   1      5   2   4     4  0.186129  0.765603      98.824       62.5       72.7      2.280       2228.0237  1.014314      0.818206
    324   1     -1   4   5     4  0.186510  0.765982      98.944        1.2        1.3      0.044         95.1692  1.013408      0.378172
    325   1     -4   1   7     4  0.186570  0.766042      98.963        0.0        0.0      0.000          0.5852  1.013266      0.536303
    326   1     -6   0   6     2  0.186625  0.766096      98.980       21.0       21.2      0.746       1722.4388  1.013137      0.711590
    327   1     -5   2   6     4  0.186676  0.766146      98.996       38.5       38.3      1.387       1791.6403  1.013016      0.629222
    328   1     -4   4   4     4  0.187281  0.766745      99.185        8.8        8.3      0.459        440.2001  1.011592      0.585148
    329   1      1   1   7     4  0.187913  0.767367      99.382        4.7        5.1      0.449        257.5223  1.010119      0.541203
    330   1      5   3   3     4  0.188050  0.767502      99.424        2.3        2.6      0.274         86.1194  1.009801      0.795804
    331   1     -2   2   7     4  0.188128  0.767578      99.448        0.1        0.1      0.010          5.2836  1.009622      0.400603
    332   1     -1   2   7     4  0.188398  0.767843      99.532        0.4        0.4      0.073         27.0008  1.008997      0.405276
    333   1     -5   3   5     4  0.188494  0.767937      99.561        0.6        0.6      0.130         26.8334  1.008776      0.645506
    334   1     -2   4   5     4  0.189410  0.768830      99.843        0.6        1.2      0.238         42.3880  1.006685      0.428366
    335   1      4   2   5     4  0.189563  0.768979      99.890        0.5        0.8      0.223         22.1710  1.006338      0.744512

     -----------------------------------------------------
     BRAGG R-Factors and weight fractions for Pattern #  1
     -----------------------------------------------------

 => Phase:  1      #(C) 2021 by FIZ Karlsruhe - Leibniz Institute for Information Infrastructure.  All rights reserved.
 => Bragg R-factor:   7.99       Vol:  324.694( 0.008)  Fract(%):  100.00( 0.59)
 => Rf-factor=  8.49             ATZ:         743.567   Brindley:  1.0000

     -----------------------------------------------------------------
      SYMBOLIC NAMES AND FINAL VALUES AND SIGMA OF REFINED PARAMETERS:
     -----------------------------------------------------------------

      ->  Parameter number    1 :                                          Zero_pat1   -0.91933347E-02( +/-    0.60571166E-03 )
      ->  Parameter number    2 :                                     Scale_ph1_pat1    0.65248744E-02( +/-    0.27300963E-04 )
      ->  Parameter number    3 :                                    Cell_A_ph1_pat1     8.0244741    ( +/-    0.98074190E-04 )
      ->  Parameter number    4 :                                    Cell_B_ph1_pat1     5.4221663    ( +/-    0.84200292E-04 )
      ->  Parameter number    5 :                                    Cell_C_ph1_pat1     7.6308093    ( +/-    0.10281950E-03 )
      ->  Parameter number    6 :                                    Cell_E_ph1_pat1     102.05547    ( +/-    0.89593400E-03 )
      ->  Parameter number    7 :                                    U-Cagl_ph1_pat1    0.28245302E-01( +/-    0.16421652E-02 )
      ->  Parameter number    8 :                                    W-Cagl_ph1_pat1    0.60848091E-02( +/-    0.14804590E-03 )
      ->  Parameter number    9 :                                     EtaPV_ph1_pat1    0.45261893    ( +/-    0.13584670E-01 )
      ->  Parameter number   10 :                                     X-tan_ph1_pat1    0.31670728E-02( +/-    0.45745750E-03 )
      ->  Parameter number   11 :                                    V-Cagl_ph1_pat1   -0.85061220E-02( +/-    0.10034444E-02 )
      ->  Parameter number   12 :                                     Asym1_ph1_pat1    0.31790148E-01( +/-    0.30484817E-02 )
      ->  Parameter number   13 :                                     Asym2_ph1_pat1    0.12756321E-01( +/-    0.61796518E-03 )
      ->  Parameter number   14 :                                       Or1_ph1_pat1   -0.40053606    ( +/-    0.36717409E-02 )
      ->  Parameter number   15 :                                          X_Na1_ph1    0.36718765    ( +/-    0.44262857E-03 )
      ->  Parameter number   16 :                                          Y_Na1_ph1    0.78626144    ( +/-    0.12980971E-02 )
      ->  Parameter number   17 :                                          Z_Na1_ph1    0.11825895    ( +/-    0.62129577E-03 )
      ->  Parameter number   18 :                                          X_Nb1_ph1    0.15528245    ( +/-    0.12757232E-03 )
      ->  Parameter number   19 :                                          Y_Nb1_ph1    0.25592232    ( +/-    0.56311936E-03 )
      ->  Parameter number   20 :                                          Z_Nb1_ph1    0.31786090    ( +/-    0.19207169E-03 )
      ->  Parameter number   21 :                                           X_O1_ph1    0.18241040    ( +/-    0.84360770E-03 )
      ->  Parameter number   22 :                                           Y_O1_ph1    0.15862462    ( +/-    0.13253381E-02 )
      ->  Parameter number   23 :                                           Z_O1_ph1    0.61982788E-01( +/-    0.13565429E-02 )
      ->  Parameter number   24 :                                           X_O2_ph1    0.72994985E-01( +/-    0.73854928E-03 )
      ->  Parameter number   25 :                                           Y_O2_ph1    0.58919013    ( +/-    0.16096852E-02 )
      ->  Parameter number   26 :                                           Z_O2_ph1    0.23317465    ( +/-    0.10763617E-02 )
      ->  Parameter number   27 :                                           X_F1_ph1    0.36684129    ( +/-    0.72037964E-03 )
      ->  Parameter number   28 :                                           Y_F1_ph1    0.42648032    ( +/-    0.11794129E-02 )
      ->  Parameter number   29 :                                           Z_F1_ph1    0.30345351    ( +/-    0.96767896E-03 )
      ->  Parameter number   30 :                                           X_F2_ph1    0.31754979    ( +/-    0.68733614E-03 )
      ->  Parameter number   31 :                                           Y_F2_ph1    0.97974539    ( +/-    0.10745759E-02 )
      ->  Parameter number   32 :                                           Z_F2_ph1    0.38299629    ( +/-    0.99600654E-03 )

 ------------------------------------------------------------------
 => Number of bytes for floating point variables: 4
 => Dimensions of dynamic allocated arrays in this run of FullProf:
 ------------------------------------------------------------------

 => Total approximate array memory (dynamic + static): 128536585 bytes

    MaxPOINT=    60000 Max.num. of points(+int. Inten.)/diffraction pattern       
    MaxREFLT=    20000 Max.num. of reflections/diffraction pattern               
    MaxPARAM=      300 Max.num. of refinable parameters                          
    MaxOVERL=    18096 Max.num. of overlapping reflections                       

 ----------------------------------------------------------
 => Number of bytes for floating point arrays: 4
 => Dimensions of fixed arrays in this release of FullProf:
 ----------------------------------------------------------

    NPATT   =       80 Max.num. of powder diffraction patterns                    
    NATS    =      830 Max.num. of atoms (all kind) in asymmetric unit            
    MPAR    =     1800 Max.num. of non atomic parameters/phase                    
    IEXCL   =       30 Max.num. of excluded regions                               
    IBACP   =      377 Max.num. of background points for interpolation            
    NPHT    =       16 Max.num. of phases                                         
    NMAGM   =        8 Max.num. of rotation-matrices sets for magnetic structure  
    NBASIS  =       12 Max.num. of basis functions associated to a single atom    
    NIREPS  =        9 Max.num. of irreducible representations to be combined     
    N_EQ    =      384 Max.num. of user-supplied symmetry operators/propagation vectors
    NGL     =      400 Max.num. of global parameters/diffraction pattern          
    N_LINC  =       50 Max.num. of global linear restraints                        
    NAT_P   =       80 Max.num. of atomic parameters per atom                     
    NCONST  =      500 Max.num. of slack constraints per phase                    
    N_SPE   =       30 Max.num. of different chemical species                     
    N_FORM  =       60 Max.num. of scattering factor values in a table            
    NPR     =      150 Max.num. of points defining a numerical profile            
    INPR    =       25 Max.num. of different numerical peak shapes                
    NPRC    =      150 Max.num. of terms in the table for correcting intensities  
    NSOL    =       10 Max.num. of solutions to be stored in Montecarlo searchs   

 
              CPU Time:     1.062 seconds
                            0.018 minutes

 => Run finished at:     Date: 03/02/2023  Time: 16:39:44.512                              
