

        **********************************************************
        ** PROGRAM FullProf.2k (Version 7.30 - Mar2020-ILL JRC) **
        **********************************************************
                       M U L T I -- P A T T E R N                 
            Rietveld, Profile Matching & Integrated Intensity     
                 Refinement of X-ray and/or Neutron Data


    Date: 03/02/2023  Time: 15:41:13.938                              

 => PCR file code: NaNbO2F2
 => DAT file code: NaNbO2F2.dat         -> Relative contribution: 1.0000                                                            

 ==> CONDITIONS OF THIS RUN FOR PATTERN No.:  1

 => Global Refinement of X-ray powder diffraction data                                                                              
 => Global Refinement of X-ray powder diffraction data                                                                              
    Bragg-Brentano(X-rays) or Debye-Scherrer geometry(Neutrons)
 => Title: #(C) 2021 by FIZ Karlsruhe - Leibniz Institute for Information Infrastructure.

 => Number of phases:    1
 => Number of excluded regions:    1
 => Number of scattering factors supplied:    0
 => Conventional weights: w=1.0/Variance(yobs)
 => Asymmetry correction as in J.Appl.Cryst. 26,128(1993)
 => Background linearly interpolated between the   23 points given
 => The    5th default profile function was selected
 => Pseudo-Voigt function (ETA variable)
                 X-parameter correspond to: ETA=ETA0+X*2theta
                       pV(x)= ETA*L(x)+(1-ETA)*G(x)

 ==> INPUT/OUTPUT OPTIONS:

 => Generate file *.PRF for plot
 => Output Integrated Intensities
 => Generate new input file *.PCR

 => X-Y type of data: 2theta/TOF/E(Kev) Intens sigma for pattern:  1
 => Plot pattern at each cycle
 => Wavelengths:  1.54056 1.54439
 => Alpha2/Alpha1 ratio:   0.5000
 => Cos(Monochromator angle)=   0.9100
 => Asymmetry correction for angles lower than   90.000 degrees
 => Absorption correction (AC), muR-eff =   0.0000  0.0000
 => Base of peaks: 2.0*HW*    8.00

 => Number of cycles:   33
 => Relaxation factors ==>    for coordinates:  1.00
 => for anisotropic temperature factors:  1.00
 => for halfwidth/strain/size parameters:  1.00
 => for lattice constants and propagation vectors:  1.00
 => EPS-value for convergence:    0.1
 => Background ==> 
    Position   Intensity
       10.17     8186.90        0.00
       12.27     8412.91        0.00
       13.56     8366.32        0.00
       15.65     8084.57        0.00
       18.43     7490.66        0.00
       21.27     7496.83        0.00
       25.47     7435.09        0.00
       30.63     7101.69        0.00
       35.71     6476.01        0.00
       38.85     6431.92        0.00
       42.89     6318.03        0.00
       45.58     6463.62        0.00
       54.22     6335.51        0.00
       62.77     6029.48        0.00
       67.21     5910.56        0.00
       75.60     5964.63        0.00
       78.51     5777.11        0.00
       82.48     5800.77        0.00
       86.60     5769.36        0.00
       91.32     5735.92        0.00

       95.03     5746.06        0.00
       97.09     5691.12        0.00
       99.89     5641.46        0.00

 

 => Excluded regions for Pattern#  1
    From     to
     14.0000     18.0000

 => Number of Least-Squares parameters varied:    32

 =>--------------------------->
 =>------->  PATTERN number:  1
 =>--------------------------->
 => Global parameters and codes ==>
 => Zero-point:    -0.0210   11.0000
 => Displacement peak-shift parameter and code:     0.00    0.00
 => Transparency peak-shift parameter and code:     0.00    0.00

 => Reading Intensity data  =>>

 -> No recognizable heading in input data file X,Y,sigma
    First 6 lines are considered as COMMENTS (except for TSAMP keyword)
 -> COMMENT: 10.0116	8148.00000                                                                                                                  
 -> COMMENT: 10.0247	8075.00000                                                                                                                  
 -> COMMENT: 10.0379	8502.00000                                                                                                                  
 -> COMMENT: 10.0510	8329.00000                                                                                                                  
 -> COMMENT: 10.0641	8319.00000                                                                                                                  
 -> COMMENT: 10.0772	8326.00000                                                                                                                  
 ==> Angular range, step and number of points:
     2Thmin:      10.090400  2Thmax:      99.993401  Step:       0.013132  No. of points:   6848
 --------------------------------------------------------------------------------
 => Phase  No. 1
       #(C) 2021 by FIZ Karlsruhe - Leibniz Institute for Information Infras
 --------------------------------------------------------------------------------
 =>-------> Pattern#  1
 => Crystal Structure Refinement
 => Preferred orientation vector:   1.0000  0.0000  0.0000

 =>-------> Data for PHASE: 1
 => Number of atoms:    6
 => Number of distance  constraints:    0
 => Number of angle     constraints:    0

 => Symmetry information on space group: P 1 21/c 1          
 -> The multiplicity of the general position is:   4
 -> The space group is Centric (-1 at origin)   
 -> Lattice type  P: { 000 }                                       
 -> Reduced set of symmetry operators:

  No.  IT   Symmetry symbol    Rotation part     Associated Translation
   1: ( 1)   1            -->     ( x, y, z) + {  0.0000  0.0000  0.0000}
   2: ( 3)   2 ( 0, y, 0) -->     (-x, y,-z) + {  0.0000  0.5000  0.5000}


        Information on Space Group: 
        --------------------------- 

 =>   Number of Space group:  14
 =>  Hermann-Mauguin Symbol: P 1 21/c 1
 =>             Hall Symbol: -P 2ybc
 =>    Table Setting Choice: b1
 =>            Setting Type: IT (Generated from Hermann-Mauguin symbol)
 =>          Crystal System: Monoclinic
 =>              Laue Class: 2/m
 =>             Point Group: 2/m
 =>         Bravais Lattice: P
 =>          Lattice Symbol: mP
 =>  Reduced Number of S.O.:   2
 =>    General multiplicity:   4
 =>          Centrosymmetry: Centric (-1 at origin)
 =>  Generators (exc. -1&L):   1
 =>         Asymmetric unit:  0.000 <= x <=  1.000
                              0.000 <= y <=  0.250
                              0.000 <= z <=  1.000

 => List of S.O. without inversion and lattice centring translations
 => SYMM(  1): x,y,z                               => SYMM(  2): -x,y+1/2,-z+1/2


 => Initial parameters ==>
 Atom    Ntyp                  X         Y         Z         B         occ.         in  fin  Spc  Mult
                             B11       B22       B33       B12       B13       B23
 Na1    Na                 0.36570   0.78491   0.11974   1.12908   1.00000           0    0    0    4
                 Codes:  151.00000 161.00000 171.00000   0.00000   0.00000
 Nb1    Nb                 0.15524   0.25716   0.31851   1.31779   1.00000           0    0    0    4
                 Codes:  181.00000 191.00000 201.00000   0.00000   0.00000
 O1     O                  0.18085   0.15275   0.07055   1.45281   1.00000           0    0    0    4
                 Codes:  211.00000 221.00000 231.00000   0.00000   0.00000
 O2     O                  0.07513   0.58855   0.22999   1.45281   1.00000           0    0    0    4
                 Codes:  241.00000 251.00000 261.00000   0.00000   0.00000
 F1     F                  0.36671   0.42830   0.30518   1.79232   1.00000           0    0    0    4
                 Codes:  271.00000 281.00000 291.00000   0.00000   0.00000
 F2     F                  0.31829   0.97634   0.38693   1.79232   1.00000           0    0    0    4
                 Codes:  301.00000 311.00000 321.00000   0.00000   0.00000

 => IT IS ASSUMED THAT THE FIRST GIVEN SITE IS FULLY OCCUPIED 
    OR THE FIRST AND SECOND ATOMS ARE IN THE SAME SITE WITH TOTAL FULL OCCUPATION
  (If this is not the case, change the order of atoms to obtain correct values for the content of the unit cell)
    The given occupation factors have been obtained mutiplying m/M by   1.0000
      -> Atom: Na  ,  Chemical element: NA  Atomic Mass:    22.9898
      -> Atom: Nb  ,  Chemical element: NB  Atomic Mass:    92.9064
      -> Atom: O   ,  Chemical element: O   Atomic Mass:    15.9994
      -> Atom: O   ,  Chemical element: O   Atomic Mass:    15.9994
      -> Atom: F   ,  Chemical element: F   Atomic Mass:    18.9984
      -> Atom: F   ,  Chemical element: F   Atomic Mass:    18.9984
 => The given value of ATZ is        743.57 the program has calculated:         743.57
    The value of ATZ given in the input PCR file will be used for quantitative analysis
 => The chemical content of the unit cell is: 
       4.0000 Na   +   4.0000 Nb   +   4.0000 O    +   4.0000 O    +   4.0000 F    +   4.0000 F      
 => The normalized site occupation numbers in % are: 
     100.0000 Na1    :      100.0000 Nb1    :      100.0000 O1     :      100.0000 O2     :      100.0000 F1     :      100.0000 F2       
 => The density (volumic mass) of the compound is:    3.824 g/cm3

 =>-------> PROFILE PARAMETERS FOR PATTERN:  1

 => Overall scale factor:   0.649990E-02
 => ETA (p-Voigt) OR M (Pearson VII):   0.4623
 => Overall temperature factor:      0.00000
 => Halfwidth U,V,W:      0.02775    -0.00737     0.00606
 => X and Y parameters:       0.0032      0.0000
 => Direct cell parameters:    8.0046   5.4080   7.6233  90.0000 101.9425  90.0000
 => Preferred orientation parameters:  -0.3917  0.0000
 => Asymmetry parameters     :      0.02650     0.01225     0.00000     0.00000
 => Strain parameters        :      0.00000     0.00000     0.00000
 => Size   parameters        :      0.00000     0.00000

 ==> CODEWORDS FOR PROFILE PARAMETERS of PATTERN#  1

 => Overall scale factor:   21.000
 => ETA (p-Voigt) OR M (Pearson VII):  101.000
 => Overall temperature factor:    0.000
 => Halfwidth U,V,W:   71.000  91.000  81.000
 => X and Y parameters:  111.000   0.000
 => Direct cell parameters:   31.000  41.000  51.000   0.000  61.000   0.000
 => Preferred orientation parameters:  141.000   0.000
 => Asymmetry parameters     :  121.000 131.000   0.000   0.000
 => Strain parameters        :    0.000   0.000   0.000
 => Size   parameters        :    0.000   0.000

 => Cell constraints according to Laue symmetry: 2/m  

        Metric information:
        -------------------

 => Direct cell parameters:

         a =       8.0046      b =       5.4080      c =       7.6233
     alpha =       90.000   beta =      101.943  gamma =       90.000
                        Direct Cell Volume =     322.8595

 => Reciprocal cell parameters:

         a*=     0.127692      b*=     0.184912      c*=     0.134079
     alpha*=       90.000   beta*=       78.057  gamma*=       90.000
                    Reciprocal Cell Volume =   0.00309732

 => Direct and Reciprocal Metric Tensors:

                   GD                                       GR
     64.0734      0.0000    -12.6272          0.016305    0.000000    0.003543
      0.0000     29.2462      0.0000          0.000000    0.034193    0.000000
    -12.6272      0.0000     58.1148          0.003543    0.000000    0.017977

 =>  Cartesian frame: z // c; y is in the bc-plane; x is y ^ z = a*  

     Crystal_to_Orthonormal_Matrix              Orthonormal_to_Crystal Matrix
              Cr_Orth_cel                               Orth_Cr_cel  
      8.0046      0.0000     -1.5775          0.124928   -0.000000    0.026423
      0.0000      5.4080      0.0000          0.000000    0.184912   -0.000000
      0.0000      0.0000      7.4583          0.000000    0.000000    0.134079

     Busing-Levy B-matrix: Hc=B.H            Inverse of the Busing-Levy B-matrix
                BL_M                                      BL_Minv  
    0.127692    0.000000    0.027745            7.8313     -0.0000     -1.6564
    0.000000    0.184912   -0.000000            0.0000      5.4080      0.0000
    0.000000    0.000000    0.131177            0.0000      0.0000      7.6233

 => Laue symmetry 2/m   will be used to generate HKL for pattern#   1
 => Reflections generated between S(1/d)min:  0.1139 A-1 and S(1/d)max:  1.0105 A-1
 =>                                    dmax:  8.7808 A   and      dmin:  0.9896 A
 => The number of reflections generated is:    353
 => The max. scatt. variable (gen.ref.) is:       102.2263
 => Scattering coefficients from internal table


 => X-ray scattering coeff. (A1, B1, A2,...C, f(0), Z, Dfp,Dfpp)

 NA      4.7626   3.2850   3.1736   8.8422   1.2674   0.3136   1.1128 129.4240   0.6760  10.9924  11.0000   0.1290   0.1240
 NB     17.6142   1.1887  12.0144  11.7660   4.0418   0.2048   3.5335  69.7957   3.7559  40.9598  41.0000  -0.2480   2.4820
 O       3.0485  13.2771   2.2868   5.7011   1.5463   0.3239   0.8670  32.9089   0.2508   7.9994   8.0000   0.0470   0.0320
 F       3.5392  10.2825   2.6412   4.2944   1.5170   0.2615   1.0243  26.1476   0.2776   8.9993   9.0000   0.0690   0.0530

     --------------------------------------------------------------
      SYMBOLIC NAMES AND INITIAL VALUES OF PARAMETERS TO BE VARIED:
     --------------------------------------------------------------

      ->  Parameter number    1   -> Symbolic Name:                                          Zero_pat1   -0.21029999E-01
      ->  Parameter number    2   -> Symbolic Name:                                     Scale_ph1_pat1    0.64999000E-02
      ->  Parameter number    3   -> Symbolic Name:                                    Cell_A_ph1_pat1     8.0045891    
      ->  Parameter number    4   -> Symbolic Name:                                    Cell_B_ph1_pat1     5.4079719    
      ->  Parameter number    5   -> Symbolic Name:                                    Cell_C_ph1_pat1     7.6233058    
      ->  Parameter number    6   -> Symbolic Name:                                    Cell_E_ph1_pat1     101.94254    
      ->  Parameter number    7   -> Symbolic Name:                                    U-Cagl_ph1_pat1    0.27752001E-01
      ->  Parameter number    8   -> Symbolic Name:                                    W-Cagl_ph1_pat1    0.60589998E-02
      ->  Parameter number    9   -> Symbolic Name:                                    V-Cagl_ph1_pat1   -0.73699998E-02
      ->  Parameter number   10   -> Symbolic Name:                                     EtaPV_ph1_pat1    0.46230999    
      ->  Parameter number   11   -> Symbolic Name:                                     X-tan_ph1_pat1    0.31770000E-02
      ->  Parameter number   12   -> Symbolic Name:                                     Asym1_ph1_pat1    0.26500000E-01
      ->  Parameter number   13   -> Symbolic Name:                                     Asym2_ph1_pat1    0.12250000E-01
      ->  Parameter number   14   -> Symbolic Name:                                       Or1_ph1_pat1   -0.39168000    
      ->  Parameter number   15   -> Symbolic Name:                                          X_Na1_ph1    0.36570001    
      ->  Parameter number   16   -> Symbolic Name:                                          Y_Na1_ph1    0.78491002    
      ->  Parameter number   17   -> Symbolic Name:                                          Z_Na1_ph1    0.11974000    
      ->  Parameter number   18   -> Symbolic Name:                                          X_Nb1_ph1    0.15524000    
      ->  Parameter number   19   -> Symbolic Name:                                          Y_Nb1_ph1    0.25716001    
      ->  Parameter number   20   -> Symbolic Name:                                          Z_Nb1_ph1    0.31851000    
      ->  Parameter number   21   -> Symbolic Name:                                           X_O1_ph1    0.18085000    
      ->  Parameter number   22   -> Symbolic Name:                                           Y_O1_ph1    0.15275000    
      ->  Parameter number   23   -> Symbolic Name:                                           Z_O1_ph1    0.70550002E-01
      ->  Parameter number   24   -> Symbolic Name:                                           X_O2_ph1    0.75130001E-01
      ->  Parameter number   25   -> Symbolic Name:                                           Y_O2_ph1    0.58854997    
      ->  Parameter number   26   -> Symbolic Name:                                           Z_O2_ph1    0.22999001    
      ->  Parameter number   27   -> Symbolic Name:                                           X_F1_ph1    0.36671001    
      ->  Parameter number   28   -> Symbolic Name:                                           Y_F1_ph1    0.42829999    
      ->  Parameter number   29   -> Symbolic Name:                                           Z_F1_ph1    0.30518001    
      ->  Parameter number   30   -> Symbolic Name:                                           X_F2_ph1    0.31829000    
      ->  Parameter number   31   -> Symbolic Name:                                           Y_F2_ph1    0.97634000    
      ->  Parameter number   32   -> Symbolic Name:                                           Z_F2_ph1    0.38692999    
  
 
 => No optimization for routine tasks
 ++++++++++++++++++++++++++++++++++++++++++++++++++++++++++++++++++++++++++++++++++++++++++++++++++++++++++++++++++++++++

 => CYCLE No.:    1
 ---------------------------------------------------------------------------------------
 => Phase  1 Name:  #(C) 2021 by FIZ Karlsruhe - Leibniz Institute for Information Infras
 ---------------------------------------------------------------------------------------
 => New parameters, shifts, and standard deviations

 Atom        x       dx      sx       y       dy      sy       z       dz      sz       B       dB      sB      occ.    docc.   socc.

 Na1      0.36570-0.00000 0.00048  0.78491 0.00000 0.00139  0.11974-0.00000 0.00065  1.12908 0.00000 0.00000  1.00000 0.00000 0.00000
 Nb1      0.15524 0.00000 0.00013  0.25716-0.00000 0.00058  0.31851 0.00000 0.00020  1.31779 0.00000 0.00000  1.00000 0.00000 0.00000
 O1       0.18085 0.00000 0.00090  0.15275 0.00000 0.00137  0.07055 0.00000 0.00143  1.45281 0.00000 0.00000  1.00000 0.00000 0.00000
 O2       0.07513-0.00000 0.00077  0.58855-0.00000 0.00167  0.22999-0.00000 0.00111  1.45281 0.00000 0.00000  1.00000 0.00000 0.00000
 F1       0.36671-0.00000 0.00077  0.42830-0.00000 0.00124  0.30518 0.00000 0.00101  1.79232 0.00000 0.00000  1.00000 0.00000 0.00000
 F2       0.31829-0.00000 0.00071  0.97634-0.00000 0.00114  0.38693-0.00000 0.00106  1.79232 0.00000 0.00000  1.00000 0.00000 0.00000

 ==> PROFILE PARAMETERS FOR PATTERN#  1

 => Overall scale factor:      0.006499808    -0.000000092     0.000028631
 => Eta(p-Voigt) or m(Pearson VII):   0.462300 -0.000010  0.014241
 => Overall tem. factor:     0.000000    0.000000    0.000000
 => Halfwidth parameters: 
         0.027752    0.000000    0.001743
        -0.007371   -0.000001    0.001059
         0.006059    0.000000    0.000156
 => Cell parameters: 
        8.004589    0.000000    0.000107
        5.407972    0.000000    0.000090
        7.623306    0.000000    0.000109
       90.000000    0.000000    0.000000
      101.942535    0.000000    0.000994
       90.000000    0.000000    0.000000
 => Preferred orientation: 
        -0.391680    0.000000    0.003878
         0.000000    0.000000    0.000000
 => Asymmetry parameters: 
         0.026499   -0.000001    0.003258
         0.012252    0.000002    0.000646
         0.000000    0.000000    0.000000
         0.000000    0.000000    0.000000
 => X and Y parameters: 
         0.003177   -0.000000    0.000474
         0.000000    0.000000    0.000000
 => Strain parameters: 
         0.000000    0.000000    0.000000
         0.000000    0.000000    0.000000
         0.000000    0.000000    0.000000
 => Size   parameters (G,L): 
         0.000000    0.000000    0.000000
         0.000000    0.000000    0.000000

 ==> GLOBAL PARAMETERS FOR PATTERN#  1


 => Zero-point:    -0.0210    0.0000    0.0007

 => Cos( theta)-shift parameter :   0.0000  0.0000  0.0000
 => Sin(2theta)-shift parameter :   0.0000  0.0000  0.0000

 ==> RELIABILITY FACTORS WITH ALL NON-EXCLUDED POINTS FOR PATTERN:  1

 => R-Factors:   2.28      3.34     Chi2:  8.34     DW-Stat.:  0.3879   Patt#:  1
 => Expected :            1.16                                1.9331
 => Deviance : 0.555E+05     Dev*:   8.520    
 => GoF-index:  2.9         Sqrt(Residual/N)
 => N-P+C:  6510

 =>    SumYdif       SumYobs      SumYcal      SumwYobsSQ     Residual    Condition
     0.1114E+07    0.4880E+08    0.4875E+08    0.4880E+08    0.5430E+05    0.8594E+10


 => Conventional Rietveld Rp,Rwp,Re and Chi2:   15.9      12.4      4.29      8.341    
 => (Values obtained using Ynet, but true sigma(y))
 =>  SumYnet, Sum(w Ynet**2):     0.7013E+07    0.3537E+07


 ==> RELIABILITY FACTORS FOR POINTS WITH BRAGG CONTRIBUTIONS FOR PATTERN:  1

 => R-Factors:   2.37      3.46     Chi2:  8.97     DW-Stat.:  0.4004   Patt#:
 => Expected :            1.16                                1.9301
 => Deviance : 0.538E+05     Dev*:   9.169    
 => GoF-index:  3.0         Sqrt(Residual/N)
 => N-P+C:  5865

 =>    SumYdif       SumYobs      SumYcal      SumwYobsSQ     Residual    Condition
     0.1041E+07    0.4386E+08    0.4381E+08    0.4386E+08    0.5261E+05    0.8594E+10


 => Conventional Rietveld Rp,Rwp,Re and Chi2:   14.9      12.2      4.07      8.971    
 => (Values obtained using Ynet, but true sigma(y))
 =>  SumYnet, Sum(w Ynet**2):     0.7006E+07    0.3535E+07


 => Global user-weigthed Chi2 (Bragg contrib.):   8.97    

 => ---------> Pattern#  1
 => Phase:  1
 =>    Bragg R-factor:  7.96    
 =>    RF-factor     :  8.78    


   Standard deviations have to be multiplied by: 3.3271
   (correlated residuals) See references:
  -J.F.Berar & P.Lelann, J. Appl. Cryst. 24, 1-5 (1991) 
  -J.F.Berar, Acc. in Pow. Diff. II,NIST Sp.Pub. 846, 63(1992) 

 ++++++++++++++++++++++++++++++++++++++++++++++++++++++++++++++++++++++++++++++++++++++++++++++++++++++++++++++++++++++++

 => CYCLE No.:    1
 =>  Convergence reached at this CYCLE !!!!
 =>  Parameter shifts set to zero
 ---------------------------------------------------------------------------------------
 => Phase  1 Name:  #(C) 2021 by FIZ Karlsruhe - Leibniz Institute for Information Infras
 ---------------------------------------------------------------------------------------
 => New parameters, shifts, and standard deviations

 Atom        x       dx      sx       y       dy      sy       z       dz      sz       B       dB      sB      occ.    docc.   socc.

 Na1      0.36570 0.00000 0.00048  0.78491 0.00000 0.00139  0.11974 0.00000 0.00065  1.12908 0.00000 0.00000  1.00000 0.00000 0.00000
 Nb1      0.15524 0.00000 0.00013  0.25716 0.00000 0.00058  0.31851 0.00000 0.00020  1.31779 0.00000 0.00000  1.00000 0.00000 0.00000
 O1       0.18085 0.00000 0.00090  0.15275 0.00000 0.00137  0.07055 0.00000 0.00143  1.45281 0.00000 0.00000  1.00000 0.00000 0.00000
 O2       0.07513 0.00000 0.00077  0.58855 0.00000 0.00167  0.22999 0.00000 0.00111  1.45281 0.00000 0.00000  1.00000 0.00000 0.00000
 F1       0.36671 0.00000 0.00077  0.42830 0.00000 0.00124  0.30518 0.00000 0.00101  1.79232 0.00000 0.00000  1.00000 0.00000 0.00000
 F2       0.31829 0.00000 0.00071  0.97634 0.00000 0.00114  0.38693 0.00000 0.00106  1.79232 0.00000 0.00000  1.00000 0.00000 0.00000

 ==> PROFILE PARAMETERS FOR PATTERN#  1

 => Overall scale factor:      0.006499808     0.000000000     0.000028631
 => Eta(p-Voigt) or m(Pearson VII):   0.462300  0.000000  0.014241
 => Overall tem. factor:     0.000000    0.000000    0.000000
 => Halfwidth parameters: 
         0.027752    0.000000    0.001743
        -0.007371    0.000000    0.001059
         0.006059    0.000000    0.000156
 => Cell parameters: 
        8.004589    0.000000    0.000107
        5.407972    0.000000    0.000090
        7.623306    0.000000    0.000109
       90.000000    0.000000    0.000000
      101.942535    0.000000    0.000994
       90.000000    0.000000    0.000000
 => Preferred orientation: 
        -0.391680    0.000000    0.003878
         0.000000    0.000000    0.000000
 => Asymmetry parameters: 
         0.026499    0.000000    0.003258
         0.012252    0.000000    0.000646
         0.000000    0.000000    0.000000
         0.000000    0.000000    0.000000
 => X and Y parameters: 
         0.003177    0.000000    0.000474
         0.000000    0.000000    0.000000
 => Strain parameters: 
         0.000000    0.000000    0.000000
         0.000000    0.000000    0.000000
         0.000000    0.000000    0.000000
 => Size   parameters (G,L): 
         0.000000    0.000000    0.000000
         0.000000    0.000000    0.000000

 ==> GLOBAL PARAMETERS FOR PATTERN#  1


 => Zero-point:    -0.0210    0.0000    0.0007

 => Cos( theta)-shift parameter :   0.0000  0.0000  0.0000
 => Sin(2theta)-shift parameter :   0.0000  0.0000  0.0000

 ==> RELIABILITY FACTORS WITH ALL NON-EXCLUDED POINTS FOR PATTERN:  1

 => R-Factors:   2.28      3.34     Chi2:  8.34     DW-Stat.:  0.3879   Patt#:  1
 => Expected :            1.16                                1.9331
 => Deviance : 0.555E+05     Dev*:   8.520    
 => GoF-index:  2.9         Sqrt(Residual/N)
 => N-P+C:  6510

 =>    SumYdif       SumYobs      SumYcal      SumwYobsSQ     Residual    Condition
     0.1114E+07    0.4880E+08    0.4875E+08    0.4880E+08    0.5430E+05    0.8594E+10


 => Conventional Rietveld Rp,Rwp,Re and Chi2:   15.9      12.4      4.29      8.341    
 => (Values obtained using Ynet, but true sigma(y))
 =>  SumYnet, Sum(w Ynet**2):     0.7013E+07    0.3537E+07

 => N-sigma of the GoF:      418.830

 ==> RELIABILITY FACTORS FOR POINTS WITH BRAGG CONTRIBUTIONS FOR PATTERN:  1

 => R-Factors:   2.37      3.46     Chi2:  8.97     DW-Stat.:  0.4004   Patt#:
 => Expected :            1.16                                1.9301
 => Deviance : 0.538E+05     Dev*:   9.169    
 => GoF-index:  3.0         Sqrt(Residual/N)
 => N-P+C:  5865

 =>    SumYdif       SumYobs      SumYcal      SumwYobsSQ     Residual    Condition
     0.1041E+07    0.4386E+08    0.4381E+08    0.4386E+08    0.5261E+05    0.8594E+10


 => Conventional Rietveld Rp,Rwp,Re and Chi2:   14.9      12.2      4.07      8.971    
 => (Values obtained using Ynet, but true sigma(y))
 =>  SumYnet, Sum(w Ynet**2):     0.7006E+07    0.3535E+07

 => N-sigma of the GoF:      431.647

 => Global user-weigthed Chi2 (Bragg contrib.):   9.26    

 => ---------> Pattern#  1
 => Phase:  1
 =>    Bragg R-factor:  7.96    
 =>    RF-factor     :  8.78    

 --------------------------------------------------------------------------------------------------------------
 Pattern#  1 Phase No.:   1 Phase name:  #(C) 2021 by FIZ Karlsruhe - 
 --------------------------------------------------------------------------------------------------------------

   No.  Code     H   K   L  Mult      Hw      ETA/M    2theta/TOF     Icalc       Iobs      Sigma     StrFactor^2    d-hkl       CORR

      1   1      1   0   0     2  0.074844  0.498165      11.289     4826.1     4684.2      9.958       3889.3125  7.831335      1.000000
      2   1      1   1   0     4  0.074973  0.525633      19.936     6765.2     6583.7     10.696      12535.1074  4.450038      0.693621
      3   1      0   1   1     4  0.075022  0.526684      20.266       12.0       23.1      3.238         36.3462  4.378155      0.439377
      4   1     -1   1   1     4  0.075334  0.532207      22.005        1.6       38.9      5.170          4.2931  4.036024      0.592719
      5   1      2   0   0     2  0.075482  0.534384      22.690     1980.2     2074.8      8.462       6656.4424  3.915668      1.000000
      6   1      0   0   2     2  0.075762  0.538041      23.841     1744.4     1772.2      6.977      13448.4141  3.729152      0.483373
      7   1     -1   0   2     2  0.075858  0.539173      24.198     2410.7     2270.3      6.646      17999.9531  3.675019      0.514676
      8   1      1   1   1     4  0.075927  0.539969      24.448       36.4       30.7      2.839        103.1669  3.637914      0.691856
      9   1      2   1   0     4  0.077158  0.551608      28.112     7612.1     7548.0     11.090      23392.7988  3.171589      0.857420
     10   1      1   0   2     2  0.077328  0.552961      28.538       77.3       81.9      1.536        604.3747  3.125229      0.696337
     11   1     -2   1   1     4  0.077376  0.553337      28.656       30.9       30.4      0.843        107.9306  3.112570      0.786346
     12   1      0   1   2     4  0.077545  0.554627      29.062     2566.4     2764.6      7.010      15630.7510  3.070014      0.464283
     13   1     -1   1   2     4  0.077671  0.555571      29.359      230.6      384.8      2.443       1359.3933  3.039598      0.490005
     14   1     -2   0   2     2  0.077704  0.555814      29.436      463.1      595.1      3.855       3747.9993  3.031876      0.717986
     15   1      2   1   1     4  0.079147  0.565383      32.448       41.2        0.0      6.429        176.3602  2.756987      0.836471
     16   1      1   1   2     4  0.079484  0.567385      33.078     1283.0     1211.5      5.152       7383.4146  2.705892      0.648152
     17   1      0   2   0     2  0.079497  0.567461      33.102      632.9      602.4      2.281      12430.1152  2.703986      0.380438
     18   1     -2   1   2     4  0.079923  0.569892      33.867      895.3      851.1      5.218       5256.4570  2.644619      0.668606
     19   1      3   0   0     2  0.080186  0.571344      34.324      545.5      664.9      4.700       4409.0679  2.610445      1.000000
     20   1      1   2   0     4  0.080635  0.573745      35.080      537.8      561.0      5.658       4153.8418  2.555920      0.548466
     21   1      0   2   1     4  0.080755  0.574372      35.277       22.2       48.0      1.453        230.2434  2.542076      0.414151
     22   1     -1   2   1     4  0.081427  0.577775      36.349       15.1       18.0      1.499        137.2547  2.469574      0.504643
     23   1      2   0   2     2  0.081539  0.578322      36.521      488.0      369.0      6.665       5469.4331  2.458315      0.824938
     24   1     -3   0   2     2  0.082341  0.582141      37.723      191.3      128.4      3.566       2269.4404  2.382694      0.836439
     25   1     -3   1   1     4  0.082457  0.582676      37.891      503.8      482.3      3.604       2865.1548  2.372492      0.881324
     26   1      1   2   1     4  0.082494  0.582844      37.944      374.6      366.0      2.684       3289.4619  2.369308      0.572321
     27   1      3   1   0     4  0.082709  0.583825      38.253        0.5        1.0      0.091          2.9556  2.350892      0.923842
     28   1     -1   1   3     4  0.083496  0.587305      39.348      306.8      315.3      7.047       3888.1577  2.287935      0.429505
     29   1      0   1   3     4  0.083889  0.588982      39.876        3.3        4.1      1.482         39.5341  2.258847      0.473451
     30   1      2   1   2     4  0.084183  0.590217      40.265       50.3       79.8      3.448        370.6940  2.237945      0.777604
     31   1      2   2   0     4  0.084370  0.590992      40.509      185.5      295.6      3.873       1551.7699  2.225019      0.693621
     32   1     -2   2   1     4  0.084678  0.592253      40.906        1.4        1.9      0.323         12.5546  2.204349      0.651926
     33   1      0   2   2     4  0.084913  0.593200      41.204      202.8      163.7      3.360       2781.2837  2.189077      0.439377
     34   1     -3   1   2     4  0.085048  0.593742      41.375      484.3      440.0      3.321       3727.4644  2.180442      0.790277
     35   1     -1   2   2     4  0.085088  0.593899      41.424      281.3      273.7      2.104       3748.1272  2.177969      0.457540
     36   1     -2   1   3     4  0.085739  0.596451      42.227        8.7       11.8      2.692         96.8843  2.138365      0.572228
     37   1      3   1   1     4  0.085862  0.596926      42.377       20.5       16.3      3.692        145.3995  2.131164      0.905200
     38   1      1   1   3     4  0.086990  0.601159      43.709       91.1       65.6      4.315       1022.6039  2.069242      0.612280
     39   1      2   2   1     4  0.087041  0.601344      43.767       95.7       91.4      3.057        936.1013  2.066629      0.704444
     40   1      1   2   2     4  0.087471  0.602903      44.258       25.2       13.6      2.882        309.0311  2.044844      0.575953
     41   1     -2   2   2     4  0.088025  0.604873      44.878      745.2      740.6      6.804       9159.9316  2.018012      0.592719
     42   1      4   0   0     2  0.089373  0.609507      46.337     1213.4     1290.2      7.568      18988.4805  1.957834      1.000000
     43   1      3   0   2     2  0.089398  0.609592      46.364      143.4      153.1      0.850       2518.5359  1.956764      0.892407
     44   1     -1   0   4     2  0.090695  0.613850      47.704      446.8      399.0      3.906      18865.0332  1.904860      0.395482
     45   1     -4   0   2     2  0.090741  0.614000      47.751      510.4      412.6      3.344       9509.7393  1.903095      0.898488
     46   1     -3   1   3     4  0.091001  0.614831      48.013       11.2        9.5      0.494        137.3064  1.893330      0.693279
     47   1     -3   2   1     4  0.091118  0.615201      48.129       17.3       14.6      0.796        193.8763  1.889020      0.761059
     48   1      3   2   0     4  0.091418  0.616150      48.428     1261.5     1432.6      5.785      13727.0459  1.878062      0.793818
     49   1     -4   1   1     4  0.091527  0.616495      48.536       22.7       27.4      0.133        212.3348  1.874120      0.927344
     50   1      0   0   4     2  0.091796  0.617335      48.801       61.6      131.4      2.175       2238.5488  1.864576      0.483373
     51   1     -1   2   3     4  0.092350  0.619045      49.339        6.8        9.2      0.202        146.5228  1.845495      0.419789
     52   1      4   1   0     4  0.092486  0.619461      49.470     1062.7     1113.9      5.216      10095.0596  1.840909      0.953842
     53   1      3   1   2     4  0.092513  0.619542      49.496       87.5       91.2      0.386        928.2773  1.840020      0.855266
     54   1     -2   0   4     2  0.092588  0.619771      49.568      371.4      380.9      1.629      13131.0752  1.837510      0.514676
     55   1      0   2   3     4  0.092812  0.620450      49.781        0.2        0.2      0.007          4.9687  1.830127      0.455019
     56   1      2   2   2     4  0.093156  0.621488      50.108     1539.0     1497.6      6.017      20742.4395  1.818957      0.691856
     57   1      2   1   3     4  0.093295  0.621904      50.239        2.5        2.5      0.015         32.6435  1.814522      0.723445
     58   1     -1   1   4     4  0.093869  0.623602      50.774      138.3      129.2      2.223       3366.1084  1.796664      0.394620
     59   1     -4   1   2     4  0.093917  0.623745      50.819      158.6      142.0      2.009       1768.9285  1.795183      0.862693
     60   1     -3   2   2     4  0.094165  0.624471      51.047      285.3      300.8      3.351       3934.0779  1.787675      0.704763

   No.  Code     H   K   L  Mult      Hw      ETA/M    2theta/TOF     Icalc       Iobs      Sigma     StrFactor^2    d-hkl       CORR

     61   1     -2   2   3     4  0.094965  0.626781      51.774        8.2        7.5      0.109        154.2966  1.764266      0.535792
     62   1      0   1   4     4  0.095018  0.626934      51.822      708.8      726.5      5.330      14925.6270  1.762744      0.477432
     63   1      3   2   1     4  0.095107  0.627188      51.902       33.2       31.3      0.262        420.0454  1.760215      0.796359
     64   1      1   3   0     4  0.095231  0.627541      52.013      204.6      202.9      1.834       4210.5088  1.756718      0.492586
     65   1      0   3   1     4  0.095393  0.627998      52.158       69.7       79.9      1.239       1762.5294  1.752204      0.403526
     66   1     -2   1   4     4  0.095844  0.629268      52.557        2.5        0.2      0.343         50.1426  1.739822      0.507024
     67   1      1   0   4     2  0.096030  0.629789      52.721      180.1      139.8      4.276       6284.8657  1.734790      0.598986
     68   1     -1   3   1     4  0.096288  0.630507      52.947        2.4        0.1      0.269         55.0748  1.727919      0.465495
     69   1      1   2   3     4  0.096405  0.630831      53.049       10.7        0.0      1.815        198.5617  1.724840      0.569755
     70   1      4   1   1     4  0.096922  0.632251      53.496        3.1        0.0      2.779         35.8225  1.711474      0.939701
     71   1      1   3   1     4  0.097684  0.634313      54.145        0.0        0.0      0.125          1.0761  1.692484      0.513441
     72   1     -3   0   4     2  0.097709  0.634380      54.166        2.3        0.0      4.840         79.9703  1.691871      0.626623
     73   1      1   1   4     4  0.099424  0.638901      55.589      198.5      159.8      6.918       3975.7263  1.651880      0.587377
     74   1     -4   1   3     4  0.099969  0.640303      56.031       80.6       80.8      1.229       1234.9701  1.639910      0.781277
     75   1      2   3   0     4  0.100082  0.640592      56.122      823.5      797.4      4.705      16452.3828  1.637467      0.601428
     76   1     -2   3   1     4  0.100471  0.641581      56.433       50.2       60.6      1.490       1063.3214  1.629175      0.573810
     77   1      0   3   2     4  0.100766  0.642327      56.668      266.4      340.1      3.476       7717.3047  1.622981      0.423734
     78   1     -3   2   3     4  0.100961  0.642817      56.822        8.0        9.4      0.124        153.5883  1.618935      0.641866
     79   1     -1   3   2     4  0.100985  0.642878      56.841       14.9       17.3      0.227        420.2455  1.618438      0.437060
     80   1     -3   1   4     4  0.101167  0.643334      56.985      531.5      511.1      3.977      10761.9639  1.614697      0.614008
     81   1     -4   2   1     4  0.101554  0.644297      57.288       59.8       76.4      2.031        903.3740  1.606876      0.833342
     82   1      4   0   2     2  0.101781  0.644858      57.465       30.0       27.4      1.413        818.8486  1.602354      0.928922
     83   1      4   2   0     4  0.102632  0.646946      58.122      384.7      542.5      3.789       5826.5156  1.585795      0.857420
     84   1      3   2   2     4  0.102662  0.647018      58.144      284.6      388.4      2.527       4759.3823  1.585226      0.777269
     85   1      2   3   1     4  0.103414  0.648834      58.716        1.0        0.9      0.113         20.9225  1.571150      0.617290
     86   1      2   2   3     4  0.103540  0.649136      58.811       11.2       12.1      0.680        223.5057  1.568834      0.670229
     87   1      3   1   3     4  0.103562  0.649188      58.828       11.0       12.4      0.600        182.3715  1.568437      0.802049
     88   1      5   0   0     2  0.103681  0.649473      58.917       19.4       24.8      0.630        519.5721  1.566267      1.000000
     89   1     -5   0   2     2  0.103792  0.649738      59.001      132.4      140.2      1.991       3813.7605  1.564250      0.932354
     90   1      2   0   4     2  0.103883  0.649953      59.068       62.8       68.2      0.663       2428.6748  1.562615      0.696337
     91   1      1   3   2     4  0.103944  0.650099      59.114      236.5      252.9      2.175       6061.8887  1.561513      0.526011
     92   1     -1   2   4     4  0.104182  0.650664      59.292      171.3      171.7      0.995       5920.7368  1.557250      0.392716
     93   1     -4   2   2     4  0.104237  0.650793      59.333      556.5      541.9      2.985       9618.4004  1.556285      0.786346
     94   1     -2   3   2     4  0.104624  0.651706      59.620      512.6      489.8      3.507      13058.2451  1.549466      0.539141
     95   1      4   1   2     4  0.105390  0.653491      60.182      857.0      774.3      5.061      13336.4248  1.536335      0.901087
     96   1     -5   1   1     4  0.105465  0.653666      60.237       21.9       19.6      0.149        323.2697  1.535062      0.951715
     97   1      0   2   4     4  0.105469  0.653674      60.239       26.6       23.8      0.184        803.6595  1.535007      0.464283
     98   1     -2   2   4     4  0.106391  0.655791      60.906      268.3      344.5      4.204       7881.2656  1.519799      0.490005
     99   1     -4   0   4     2  0.106631  0.656336      61.078       68.5       74.2      1.153       2762.3879  1.515938      0.717986
    100   1      5   1   0     4  0.107359  0.657980      61.595      474.2      573.3      3.715       7215.3618  1.504441      0.969352
    101   1     -5   1   2     4  0.107474  0.658238      61.676      423.7      461.0      2.396       6920.4912  1.502653      0.905551
    102   1      2   1   4     4  0.107568  0.658448      61.742      314.2      327.1      1.851       6830.5679  1.501203      0.682029
    103   1      4   2   1     4  0.107595  0.658507      61.761        5.6        5.7      0.035         96.7846  1.500794      0.856145
    104   1     -3   3   1     4  0.108390  0.660274      62.317        2.0        1.0      0.456         44.8430  1.488727      0.668824
    105   1      3   3   0     4  0.108754  0.661073      62.569        6.0        4.5      2.072        131.5197  1.483346      0.693621
    106   1     -1   1   5     4  0.109870  0.663503      63.333        9.7        8.7      1.340        392.7371  1.467264      0.388053
    107   1     -1   3   3     4  0.109879  0.663522      63.339        3.9        3.5      0.526        149.4977  1.467142      0.411567
    108   1      1   2   4     4  0.110382  0.664602      63.679      224.0      189.6      2.912       6327.0112  1.460124      0.560990
    109   1     -4   1   4     4  0.110414  0.664672      63.701      303.3      257.6      3.557       6838.7007  1.459674      0.703439
    110   1      0   3   3     4  0.110435  0.664716      63.715       12.4       10.6      0.143        448.1787  1.459385      0.439377
    111   1      2   3   2     4  0.110850  0.665601      63.994       66.2       42.7      1.917       1705.1073  1.453702      0.621540
    112   1     -4   2   3     4  0.110988  0.665894      64.086        1.6        0.9      0.091         34.5452  1.451838      0.727551
    113   1     -2   1   5     4  0.111392  0.666748      64.355        1.4        0.0      0.330         48.7833  1.446415      0.463448
    114   1      0   1   5     4  0.112034  0.668096      64.779        6.6        5.7      0.180        226.0303  1.437963      0.479453
    115   1     -3   3   2     4  0.112063  0.668157      64.798      198.7      170.9      4.683       5160.4092  1.437585      0.633032
    116   1     -3   2   4     4  0.112321  0.668694      64.967       18.9       17.5      0.562        533.3262  1.434256      0.585045
    117   1     -2   3   3     4  0.113023  0.670148      65.425       11.5       10.9      2.287        384.3087  1.425326      0.503858
    118   1      3   3   1     4  0.113194  0.670499      65.536        0.3        0.3      0.072          8.0678  1.423188      0.704156
    119   1      5   1   1     4  0.113369  0.670858      65.649       26.0       23.9      2.410        459.0789  1.421008      0.958733
    120   1     -5   1   3     4  0.113613  0.671357      65.806       39.9       21.8      2.748        804.9055  1.417999      0.841239

   No.  Code     H   K   L  Mult      Hw      ETA/M    2theta/TOF     Icalc       Iobs      Sigma     StrFactor^2    d-hkl       CORR

    121   1      1   3   3     4  0.114749  0.673660      66.531        2.0        3.4      1.137         63.7475  1.404294      0.531623
    122   1      3   2   3     4  0.114983  0.674130      66.678       28.9       37.5      4.148        672.5601  1.401542      0.749242
    123   1      3   0   4     2  0.116201  0.676552      67.441       21.6       19.2      4.263       1003.1183  1.387539      0.770692
    124   1     -3   1   5     4  0.116756  0.677644      67.785        3.5        3.6      1.181        115.2728  1.381338      0.554767
    125   1      4   2   2     4  0.117015  0.678149      67.943       34.5       29.4      3.716        748.1733  1.378493      0.836471
    126   1     -5   2   1     4  0.117099  0.678312      67.995        0.6        0.6      0.086         12.8986  1.377574      0.880074
    127   1      1   1   5     4  0.118107  0.680266      68.610        5.1       10.4      2.368        164.0335  1.366720      0.569928
    128   1      4   1   3     4  0.118899  0.681781      69.087        0.1        0.1      0.017          2.0451  1.358442      0.855229
    129   1      5   2   0     4  0.119204  0.682360      69.269       59.7       58.3      2.104       1254.6746  1.355314      0.897660
    130   1     -5   2   2     4  0.119332  0.682603      69.346       33.1       37.4      0.652        741.8175  1.354007      0.842686
    131   1      2   2   4     4  0.119436  0.682800      69.408      255.6      316.8      3.488       7467.9399  1.352946      0.648152
    132   1      0   4   0     2  0.119530  0.682978      69.464       77.5       96.0      1.049       7727.4624  1.351993      0.380438
    133   1      5   0   2     2  0.119936  0.683743      69.704       81.5      102.0      1.505       3275.4111  1.347914      0.950116
    134   1     -3   3   3     4  0.120194  0.684227      69.857        0.5        0.5      0.008         17.0405  1.345341      0.592719
    135   1     -5   0   4     2  0.120323  0.684469      69.933      249.1      231.0      2.122      12172.7119  1.344065      0.786637
    136   1      3   1   4     4  0.120329  0.684480      69.936      256.5      238.0      2.183       6519.7651  1.344007      0.756224
    137   1     -4   3   1     4  0.120902  0.685548      70.273       11.7        7.4      0.692        305.8382  1.338397      0.744538
    138   1      1   4   0     4  0.121538  0.686725      70.643       15.1       11.7      1.951        636.3051  1.332285      0.464163
    139   1      0   4   1     4  0.121746  0.687108      70.764        3.5        4.7      0.543        172.0546  1.330312      0.397907
    140   1     -1   2   5     4  0.121997  0.687569      70.909        0.3        0.5      0.031         16.8697  1.327944      0.387327
    141   1      4   3   0     4  0.122189  0.687921      71.020       75.0       89.8      2.627       1941.4218  1.326142      0.765177
    142   1      3   3   2     4  0.122225  0.687986      71.040       42.5       49.7      1.447       1200.2715  1.325809      0.702086
    143   1     -4   2   4     4  0.122602  0.688675      71.257       24.2       26.0      1.139        721.9332  1.322309      0.668606
    144   1     -6   0   2     2  0.122847  0.689120      71.397        5.4        8.5      0.605        224.9436  1.320058      0.952195
    145   1     -1   4   1     4  0.122898  0.689213      71.426        2.2        3.7      0.263         99.8268  1.319591      0.444626
    146   1      2   3   3     4  0.123274  0.689892      71.640        0.3        0.7      0.090         10.2162  1.316175      0.617795
    147   1     -2   2   5     4  0.123691  0.690643      71.876        0.5        0.2      0.109         20.6336  1.312428      0.455416
    148   1     -1   3   4     4  0.124042  0.691271      72.074       46.1       45.1      1.967       2402.1313  1.309312      0.390748
    149   1     -4   3   2     4  0.124106  0.691387      72.111       15.9       16.2      0.508        456.8488  1.308738      0.711360
    150   1      5   1   2     4  0.124202  0.691557      72.164       78.3       80.4      1.982       1721.2858  1.307900      0.929126
    151   1      0   2   5     4  0.124406  0.691922      72.279       16.9       20.9      0.295        738.2792  1.306104      0.469897
    152   1      6   0   0     2  0.124507  0.692102      72.336      212.3      273.7      2.931       8712.7998  1.305223      1.000000
    153   1     -5   1   4     4  0.124603  0.692273      72.390       29.6       38.8      0.484        788.1907  1.304384      0.772393
    154   1      1   4   1     4  0.124693  0.692432      72.440       11.4       15.1      0.244        485.8299  1.303604      0.481107
    155   1      0   3   4     4  0.125579  0.693998      72.932       67.5       56.2      3.289       3121.6365  1.296008      0.450683
    156   1     -6   1   1     4  0.125744  0.694287      73.023        4.5        3.2      0.291         96.7392  1.294618      0.965839
    157   1      5   2   1     4  0.125893  0.694549      73.106       10.1        6.4      0.633        235.5531  1.293360      0.894958
    158   1     -5   2   3     4  0.126165  0.695024      73.255        3.3        1.0      0.386         86.7475  1.291089      0.792035
    159   1     -4   1   5     4  0.126538  0.695673      73.460       20.8       15.7      2.007        688.3377  1.288001      0.638059
    160   1     -2   3   4     4  0.126682  0.695923      73.538        5.0        3.6      0.532        225.6066  1.286816      0.472308
    161   1     -6   1   2     4  0.127223  0.696860      73.833      245.3      241.1      4.494       5612.0029  1.282406      0.931938
    162   1      2   4   0     4  0.127777  0.697812      74.133       31.5       29.4      1.316       1232.6455  1.277960      0.548466
    163   1      4   3   1     4  0.128123  0.698403      74.319        3.8        3.2      0.279        107.5991  1.275219      0.771503
    164   1     -2   4   1     4  0.128277  0.698666      74.402       24.9       24.3      1.544       1017.4956  1.274007      0.528201
    165   1      0   4   2     4  0.128656  0.699312      74.605       38.9       60.8      1.552       2037.7579  1.271038      0.414151
    166   1      2   1   5     4  0.128750  0.699471      74.655        5.4        8.2      0.164        181.0344  1.270311      0.651213
    167   1     -1   0   6     2  0.128918  0.699755      74.745        1.2        1.6      0.022        125.1792  1.269012      0.403813
    168   1     -1   4   2     4  0.128938  0.699790      74.756      126.6      176.6      2.370       6504.3750  1.268853      0.424502
    169   1      6   1   0     4  0.128946  0.699803      74.760       78.7      109.5      1.475       1755.0476  1.268792      0.978272
    170   1     -3   2   5     4  0.129673  0.701029      75.146       11.1        6.5      1.095        451.7609  1.263234      0.538551
    171   1     -2   0   6     2  0.129768  0.701187      75.195        8.5        3.1      1.077        858.3243  1.262520      0.434758
    172   1      1   2   5     4  0.131183  0.703543      75.937        7.7        0.0      1.691        312.6819  1.252025      0.552521
    173   1      1   3   4     4  0.131464  0.704006      76.083       51.3       10.3      3.813       2165.8735  1.249986      0.532805
    174   1      2   4   1     4  0.132066  0.704993      76.393       12.6        3.4      1.342        505.0508  1.245677      0.563383
    175   1      4   2   3     4  0.132069  0.704998      76.395        0.1        0.0      0.006          1.5359  1.245651      0.807966
    176   1     -4   3   3     4  0.132192  0.705200      76.459        0.6        0.1      0.078         20.0320  1.244775      0.670822
    177   1      0   0   6     2  0.132436  0.705598      76.584       23.5       15.6      2.116       2206.4297  1.243051      0.483373
    178   1      1   4   2     4  0.132749  0.706106      76.744       13.2        6.0      1.232        610.3470  1.240858      0.494175
    179   1     -1   1   6     4  0.133529  0.707369      77.141      131.9      142.2      2.707       7531.9844  1.235453      0.403186
    180   1     -6   1   3     4  0.133567  0.707430      77.161        0.6        0.7      0.011         16.3509  1.235194      0.881699

   No.  Code     H   K   L  Mult      Hw      ETA/M    2theta/TOF     Icalc       Iobs      Sigma     StrFactor^2    d-hkl       CORR

    181   1     -2   4   2     4  0.133627  0.707526      77.191       37.9       38.4      0.580       1731.5847  1.234787      0.504643
    182   1      3   2   4     4  0.133670  0.707595      77.212        1.5        1.5      0.022         49.3109  1.234493      0.720495
    183   1     -3   3   4     4  0.133795  0.707796      77.276      226.8      216.4      2.814       9453.5420  1.233641      0.553713
    184   1     -2   1   6     4  0.134413  0.708786      77.587       31.8       33.6      0.526       1706.9551  1.229461      0.433290
    185   1      4   0   4     2  0.134458  0.708858      77.610      140.5      147.8      2.538       7921.2134  1.229158      0.824938
    186   1     -3   0   6     2  0.135083  0.709852      77.923       72.8       74.1      2.499       6621.4990  1.225006      0.514676
    187   1      3   3   3     4  0.137002  0.712864      78.871        1.5        2.9      0.432         52.7388  1.212638      0.691856
    188   1      0   1   6     4  0.137190  0.713156      78.963       16.0       28.6      2.307        793.9672  1.211460      0.480604
    189   1      6   1   1     4  0.137233  0.713223      78.984        5.3        9.8      0.736        129.9521  1.211188      0.970147
    190   1      5   2   2     4  0.138015  0.714431      79.364       45.2       59.2      2.335       1242.3525  1.206338      0.877042
    191   1     -5   2   4     4  0.138467  0.715124      79.583      230.7      221.0      3.860       7576.2769  1.203577      0.736855
    192   1     -3   4   1     4  0.138499  0.715174      79.598       10.1        9.7      0.166        402.0650  1.203381      0.607006
    193   1      3   4   0     4  0.138971  0.715894      79.825       64.8       61.4      1.084       2513.4062  1.200533      0.626347
    194   1      4   1   4     4  0.139295  0.716388      79.980       72.7       74.5      1.167       2182.5068  1.198588      0.811650
    195   1      4   3   2     4  0.139459  0.716636      80.058      182.3      178.4      2.555       5813.9453  1.197617      0.765722
    196   1     -5   3   1     4  0.139560  0.716790      80.107        1.1        1.1      0.019         33.1304  1.197014      0.801810
    197   1     -6   2   1     4  0.139750  0.717077      80.197        8.6        8.6      0.201        232.2689  1.195892      0.910781
    198   1     -3   1   6     4  0.139946  0.717373      80.290       10.2        9.6      0.254        490.4573  1.194738      0.511112
    199   1     -1   4   3     4  0.140433  0.718107      80.521        2.0        1.8      0.094        118.6638  1.191894      0.405636
    200   1     -6   0   4     2  0.140527  0.718248      80.566       37.0       32.8      1.504       2178.5510  1.191347      0.836439
    201   1     -4   2   5     4  0.140644  0.718423      80.621        7.6        6.5      0.284        303.6645  1.190670      0.616177
    202   1      1   0   6     2  0.140736  0.718560      80.664       46.2       37.7      1.847       4062.8950  1.190143      0.561904
    203   1      0   4   3     4  0.141157  0.719190      80.862        0.5        0.4      0.025         26.9665  1.187724      0.428088
    204   1      5   1   3     4  0.141308  0.719416      80.933        0.0        0.0      0.002          1.1909  1.186863      0.891220
    205   1     -6   2   2     4  0.141416  0.719577      80.984        1.9        1.8      0.090         54.3124  1.186246      0.881324
    206   1      2   4   2     4  0.141698  0.719995      81.116      163.5      155.1      3.518       7113.9189  1.184654      0.572321
    207   1     -5   1   5     4  0.141928  0.720336      81.223        2.4        2.3      0.059         84.5818  1.183360      0.708469
    208   1      5   3   0     4  0.142113  0.720610      81.309       69.4       66.6      1.283       2117.5916  1.182323      0.818379
    209   1     -5   3   2     4  0.142268  0.720839      81.381       67.8       70.7      1.156       2194.8291  1.181455      0.772878
    210   1      2   3   4     4  0.142395  0.721026      81.440       34.3       39.6      0.773       1409.4420  1.180750      0.609970
    211   1      2   2   5     4  0.143139  0.722119      81.784        2.5        2.8      0.072        100.1814  1.176654      0.628665
    212   1     -3   4   2     4  0.143280  0.722325      81.849       62.1       65.1      1.203       2688.7390  1.175883      0.582106
    213   1      6   2   0     4  0.143361  0.722443      81.886      166.3      173.4      3.062       4542.9121  1.175446      0.923842
    214   1     -2   4   3     4  0.144535  0.724148      82.423       11.9       18.7      1.645        628.4351  1.169146      0.480391
    215   1      3   4   1     4  0.144758  0.724471      82.524        0.6        0.9      0.106         22.5936  1.167964      0.638444
    216   1      3   1   5     4  0.145302  0.725253      82.771       10.1       12.0      0.872        361.0231  1.165115      0.719225
    217   1     -4   0   6     2  0.145508  0.725547      82.863        1.3        1.6      0.063        116.1136  1.164046      0.591190
    218   1     -1   3   5     4  0.145513  0.725554      82.866        6.8        8.3      0.313        450.9360  1.164021      0.386473
    219   1     -6   1   4     4  0.145623  0.725712      82.915       85.8      100.6      3.108       2672.3884  1.163451      0.823558
    220   1      1   1   6     4  0.145841  0.726022      83.013        9.3       10.9      0.394        426.9383  1.162329      0.557250
    221   1     -4   3   4     4  0.146252  0.726608      83.197       63.1       69.4      1.448       2585.5566  1.160220      0.628733
    222   1      6   0   2     2  0.146412  0.726835      83.269       98.5      111.6      2.373       5278.7788  1.159405      0.963276
    223   1      1   4   3     4  0.146798  0.727381      83.441       12.2       11.2      0.474        627.4701  1.157454      0.503195
    224   1     -2   3   5     4  0.147583  0.728487      83.789        6.5        4.7      1.365        376.5486  1.153528      0.445982
    225   1      0   3   5     4  0.148458  0.729711      84.174        4.5        0.0      1.251        256.6191  1.149228      0.458655
    226   1     -1   2   6     4  0.148548  0.729837      84.214        1.1        0.0      0.316         73.1002  1.148790      0.401569
    227   1     -6   2   3     4  0.148591  0.729896      84.232        3.8        0.0      1.110        117.4084  1.148581      0.839165
    228   1     -2   2   6     4  0.149552  0.731226      84.651       27.8       19.9      3.591       1705.9059  1.143967      0.429505
    229   1      5   3   1     4  0.150283  0.732230      84.967        0.3        0.2      0.037          8.9991  1.140517      0.821845
    230   1     -5   3   3     4  0.150617  0.732686      85.111        1.2        1.1      0.074         44.2305  1.138959      0.735218
    231   1     -7   0   2     2  0.150743  0.732859      85.165       66.9       65.9      2.733       3683.3884  1.138373      0.964614
    232   1     -4   1   6     4  0.150827  0.732973      85.201       48.0       49.4      1.884       2175.1479  1.137983      0.585948
    233   1      6   1   2     4  0.151773  0.734256      85.605       30.6       19.7      2.440        861.5869  1.133645      0.947126
    234   1      0   2   6     4  0.152711  0.735518      86.002       58.4       32.1      3.200       3308.4431  1.129424      0.473451
    235   1      6   2   1     4  0.152760  0.735585      86.023        8.1        4.2      0.466        234.9967  1.129204      0.920776
    236   1     -3   4   3     4  0.153995  0.737230      86.541       10.4        1.5      1.799        505.5065  1.123772      0.554439
    237   1      2   0   6     2  0.154909  0.738435      86.920        0.9        0.8      0.038         76.2341  1.119838      0.633928
    238   1     -4   4   1     4  0.154938  0.738473      86.932       15.2       13.5      0.590        608.4133  1.119715      0.676264
    239   1     -3   3   5     4  0.154942  0.738478      86.934       11.4       10.2      0.437        595.2770  1.119698      0.519182
    240   1      4   2   4     4  0.155113  0.738702      87.004      134.4      130.2      3.498       4697.1001  1.118972      0.777604

   No.  Code     H   K   L  Mult      Hw      ETA/M    2theta/TOF     Icalc       Iobs      Sigma     StrFactor^2    d-hkl       CORR

    241   1      7   0   0     2  0.155162  0.738767      87.025       15.1       14.8      0.392        821.0513  1.118762      1.000000
    242   1     -7   1   1     4  0.155587  0.739323      87.200        1.1        1.1      0.034         30.9896  1.116967      0.974653
    243   1     -3   2   6     4  0.155856  0.739674      87.310       86.6      105.4      2.114       4705.3730  1.115838      0.501882
    244   1     -7   1   2     4  0.156306  0.740260      87.495        2.8        3.8      0.117         80.7486  1.113961      0.948982
    245   1      4   4   0     4  0.156657  0.740715      87.638       78.1       96.5      1.813       3080.8379  1.112509      0.693621
    246   1      3   4   2     4  0.156705  0.740776      87.657       65.6       80.3      1.591       2790.5850  1.112313      0.643335
    247   1      1   3   5     4  0.156813  0.740915      87.701        0.3        0.3      0.008         13.3541  1.111871      0.531633
    248   1      5   2   3     4  0.157414  0.741691      87.945        9.7       10.9      0.420        314.1035  1.109414      0.850749
    249   1      4   3   3     4  0.157913  0.742330      88.146       16.8       20.6      1.194        613.1173  1.107399      0.752070
    250   1      2   4   3     4  0.158111  0.742583      88.226       16.2       23.2      1.215        774.4014  1.106606      0.576033
    251   1     -5   2   5     4  0.158124  0.742600      88.231        3.6        5.2      0.277        146.5043  1.106552      0.683925
    252   1     -1   4   4     4  0.159141  0.743894      88.639       33.8       43.5      1.122       2406.9331  1.102517      0.389111
    253   1     -4   4   2     4  0.159228  0.744005      88.673       91.4      114.3      2.777       3879.2878  1.102175      0.651926
    254   1      3   3   4     4  0.159905  0.744859      88.942       93.2      104.2      2.308       3816.8586  1.099537      0.677766
    255   1      2   1   6     4  0.160676  0.745826      89.246       69.3       69.3      1.654       3072.7661  1.096575      0.627978
    256   1      7   1   0     4  0.160942  0.746157      89.351       70.5       69.8      1.761       1997.7169  1.095565      0.983833
    257   1      0   4   4     4  0.161213  0.746495      89.457       14.4       14.6      0.422        916.3693  1.094539      0.439377
    258   1      5   0   4     2  0.161606  0.746984      89.611       84.4       87.6      1.979       5458.6636  1.093057      0.864042
    259   1      3   2   5     4  0.161999  0.747470      89.764        3.1        2.9      0.107        124.2731  1.091590      0.694488
    260   1     -6   2   4     4  0.162368  0.747926      89.907       36.0       35.8      0.730       1274.7537  1.090221      0.790277
    261   1     -5   0   6     2  0.162526  0.748120      89.969       48.6       50.2      0.792       4132.2573  1.089638      0.659665
    262   1      1   2   6     4  0.162618  0.748234      90.004      118.8      123.6      1.931       6110.8032  1.089298      0.545127
    263   1     -2   4   4     4  0.162704  0.748338      90.037       73.1       75.3      1.305       4481.5020  1.088985      0.457540
    264   1     -7   1   3     4  0.163214  0.748964      90.234        5.0        4.7      0.147        155.2654  1.087119      0.909425
    265   1      4   4   1     4  0.164659  0.750722      90.788        0.9        0.0      0.343         36.5340  1.081929      0.702843
    266   1     -6   1   5     4  0.165332  0.751533      91.043        4.3        2.8      0.787        158.9685  1.079558      0.765172
    267   1      5   3   2     4  0.165348  0.751552      91.049       14.3        8.9      2.599        494.9700  1.079502      0.814367
    268   1     -5   3   4     4  0.165917  0.752234      91.264        0.0        0.0      0.002          0.3447  1.077522      0.693709
    269   1     -6   3   1     4  0.167535  0.754158      91.869       28.9       43.0      2.327        973.9847  1.071998      0.844269
    270   1      1   5   0     4  0.167706  0.754359      91.933       25.2       35.9      1.676       1605.7240  1.071424      0.447118
    271   1      5   1   4     4  0.167715  0.754370      91.936        2.5        3.5      0.164         82.5806  1.071392      0.852383
    272   1      0   5   1     4  0.168013  0.754720      92.046        1.6        2.1      0.115        113.0751  1.070397      0.394464
    273   1     -4   2   6     4  0.168378  0.755149      92.181       12.4       14.3      0.556        618.5115  1.069182      0.572228
    274   1     -4   3   5     4  0.168665  0.755486      92.287        0.1        0.1      0.004          5.6071  1.068232      0.589230
    275   1     -5   1   6     4  0.168684  0.755507      92.294       79.6       89.2      2.394       3477.9248  1.068172      0.653390
    276   1      1   4   4     4  0.169227  0.756141      92.493       37.3       36.3      0.754       2096.2085  1.066390      0.508798
    277   1      6   2   2     4  0.169475  0.756429      92.584      167.9      151.7      2.170       5301.5669  1.065582      0.905200
    278   1     -2   1   7     4  0.169549  0.756515      92.611        7.5        6.8      0.094        522.2229  1.065342      0.411538
    279   1     -6   3   2     4  0.169644  0.756626      92.646      154.2      140.0      2.051       5377.6318  1.065034      0.819787
    280   1     -1   1   7     4  0.169676  0.756663      92.658        1.1        1.0      0.015         76.9087  1.064929      0.414304
    281   1     -1   5   1     4  0.169719  0.756714      92.674        0.9        0.9      0.014         62.6159  1.064788      0.431847
    282   1     -4   4   3     4  0.170228  0.757302      92.859        1.1        0.9      0.023         50.6681  1.063149      0.623113
    283   1      4   1   5     4  0.170506  0.757623      92.960        1.2        0.9      0.033         43.3386  1.062258      0.773675
    284   1     -7   0   4     2  0.170878  0.758051      93.095       14.7       12.3      0.968        964.1466  1.061074      0.872352
    285   1      2   3   5     4  0.171831  0.759142      93.438        0.8        0.3      0.062         37.4144  1.058075      0.600727
    286   1      6   3   0     4  0.172113  0.759464      93.539       64.0       40.2      3.591       2146.2004  1.057196      0.857420
    287   1      1   5   1     4  0.172391  0.759779      93.639        0.5        0.3      0.039         29.1048  1.056336      0.461106
    288   1     -3   4   4     4  0.172439  0.759834      93.656        2.2        1.4      0.191        117.3917  1.056187      0.526751
    289   1      7   1   1     4  0.173261  0.760763      93.949        5.5        1.7      0.712        163.4611  1.053666      0.977468
    290   1     -7   2   1     4  0.173912  0.761495      94.179        4.4        1.6      0.735        136.6144  1.051696      0.931573
    291   1     -7   2   2     4  0.174751  0.762433      94.474      134.0      138.1      4.837       4260.0508  1.049185      0.908209
    292   1      6   1   3     4  0.175156  0.762884      94.616        2.2        2.6      0.128         70.5899  1.047987      0.916056
    293   1     -3   1   7     4  0.175646  0.763426      94.787        0.0        0.0      0.001          1.0398  1.046550      0.478493
    294   1      0   1   7     4  0.176048  0.763871      94.927        0.4        0.4      0.048         26.0313  1.045376      0.481317
    295   1      3   4   3     4  0.176901  0.764808      95.222        0.9        0.9      0.053         39.8352  1.042916      0.642416
    296   1      2   5   0     4  0.177028  0.764947      95.265       53.7       56.2      2.433       3021.3015  1.042553      0.515170
    297   1      3   0   6     2  0.177312  0.765257      95.363       12.9       13.6      0.384       1072.7502  1.041743      0.696337
    298   1     -7   1   4     4  0.177495  0.765458      95.426      107.4      115.3      2.850       3613.8167  1.041222      0.861129
    299   1     -2   5   1     4  0.177785  0.765773      95.525        9.0       10.9      0.276        522.3716  1.040403      0.499273
    300   1      0   5   2     4  0.178361  0.766398      95.722       47.9       63.8      1.241       3404.5479  1.038784      0.407886

   No.  Code     H   K   L  Mult      Hw      ETA/M    2theta/TOF     Icalc       Iobs      Sigma     StrFactor^2    d-hkl       CORR

    301   1     -1   3   6     4  0.178758  0.766828      95.857       65.6       93.4      2.054       4761.6636  1.037677      0.399501
    302   1     -1   5   2     4  0.178789  0.766862      95.868        3.9        5.6      0.129        274.8675  1.037590      0.416294
    303   1     -6   3   3     4  0.178813  0.766888      95.876        0.0        0.0      0.001          0.7949  1.037523      0.786346
    304   1      2   2   6     4  0.179868  0.768021      96.233        0.0        0.0      0.001          0.9796  1.034621      0.612280
    305   1     -2   3   6     4  0.180052  0.768219      96.295       20.8       25.3      0.772       1424.2314  1.034119      0.424667
    306   1      7   2   0     4  0.180180  0.768355      96.338       76.4       90.3      3.015       2358.7280  1.033772      0.941502
    307   1      4   4   2     4  0.180349  0.768535      96.395        0.6        0.6      0.029         23.7527  1.033315      0.704444
    308   1     -5   4   1     4  0.180492  0.768688      96.443        0.1        0.1      0.007          4.5187  1.032927      0.734194
    309   1     -7   2   3     4  0.182854  0.771182      97.228        2.3        0.0      0.681         78.0246  1.026668      0.873475
    310   1      2   5   1     4  0.183576  0.771935      97.465        9.0        4.2      1.136        497.6107  1.024802      0.528277
    311   1      5   4   0     4  0.184107  0.772486      97.638        1.1        0.9      0.052         43.2736  1.023443      0.749158
    312   1      0   3   6     4  0.184148  0.772529      97.652        1.3        1.1      0.055         80.1370  1.023338      0.464283
    313   1      6   3   1     4  0.184212  0.772595      97.673        0.0        0.0      0.001          1.0776  1.023174      0.859087
    314   1      3   1   6     4  0.184306  0.772692      97.703       70.6       61.8      2.193       2983.5823  1.022937      0.689745
    315   1     -5   4   2     4  0.184328  0.772715      97.711       22.6       19.8      0.677        926.5751  1.022880      0.711663
    316   1      2   4   4     4  0.184509  0.772902      97.769       50.7       44.6      1.283       2565.2568  1.022422      0.575953
    317   1      1   5   2     4  0.184631  0.773028      97.809       67.5       58.6      1.766       4156.9053  1.022113      0.473043
    318   1     -6   2   5     4  0.185355  0.773774      98.044        0.4        0.3      0.013         14.8253  1.020292      0.740353
    319   1     -2   5   2     4  0.185990  0.774424      98.249       42.1       38.6      2.204       2549.0493  1.018712      0.481636
    320   1      4   3   4     4  0.187283  0.775739      98.662       13.8       14.3      1.172        548.2159  1.015545      0.734581
    321   1      7   0   2     2  0.187380  0.775836      98.693        0.7        0.7      0.059         40.5041  1.015311      0.971927
    322   1      5   2   4     4  0.188178  0.776641      98.946       61.6       70.1      2.598       2200.6118  1.013390      0.821605
    323   1     -3   3   6     4  0.188258  0.776721      98.972       33.6       38.6      1.386       2010.3021  1.013199      0.490005
    324   1     -1   4   5     4  0.188972  0.777437      99.197        1.3        1.4      0.067         96.3157  1.011503      0.385680
    325   1     -4   1   7     4  0.189010  0.777474      99.209        0.0        0.0      0.001          1.0101  1.011414      0.544979
    326   1     -5   2   6     4  0.189328  0.777792      99.309       36.2       38.5      1.457       1689.5120  1.010664      0.636737
    327   1     -6   0   6     2  0.189344  0.777808      99.314       18.2       19.4      0.737       1506.7384  1.010625      0.717986
    328   1      1   1   7     4  0.189761  0.778223      99.444        5.8        6.2      0.391        317.2593  1.009650      0.547702
    329   1     -4   4   4     4  0.190037  0.778497      99.531        7.4        7.8      0.598        377.8907  1.009006      0.592719
    330   1      5   3   3     4  0.190306  0.778763      99.614        1.8        1.7      0.153         67.9427  1.008383      0.799538
    331   1     -2   2   7     4  0.190356  0.778813      99.630        0.0        0.0      0.001          0.8102  1.008266      0.409842
    332   1     -1   2   7     4  0.190508  0.778963      99.677        0.4        0.4      0.043         31.1996  1.007916      0.412455
    333   1     -5   3   5     4  0.191241  0.779685      99.905        0.5        0.5      0.131         28.3931  1.006232      0.652576
    334   1      4   2   5     4  0.191497  0.779936      99.984        0.4        0.4      0.098         21.9265  1.005650      0.748981

     -----------------------------------------------------
     BRAGG R-Factors and weight fractions for Pattern #  1
     -----------------------------------------------------

 => Phase:  1      #(C) 2021 by FIZ Karlsruhe - Leibniz Institute for Information Infrastructure.  All rights reserved.
 => Bragg R-factor:   7.96       Vol:  322.860( 0.008)  Fract(%):  100.00( 0.62)
 => Rf-factor=  8.79             ATZ:         743.567   Brindley:  1.0000

     -----------------------------------------------------------------
      SYMBOLIC NAMES AND FINAL VALUES AND SIGMA OF REFINED PARAMETERS:
     -----------------------------------------------------------------

      ->  Parameter number    1 :                                          Zero_pat1   -0.21027332E-01( +/-    0.65330148E-03 )
      ->  Parameter number    2 :                                     Scale_ph1_pat1    0.64998078E-02( +/-    0.28630737E-04 )
      ->  Parameter number    3 :                                    Cell_A_ph1_pat1     8.0045891    ( +/-    0.10683794E-03 )
      ->  Parameter number    4 :                                    Cell_B_ph1_pat1     5.4079723    ( +/-    0.89781213E-04 )
      ->  Parameter number    5 :                                    Cell_C_ph1_pat1     7.6233063    ( +/-    0.10887347E-03 )
      ->  Parameter number    6 :                                    Cell_E_ph1_pat1     101.94254    ( +/-    0.99372503E-03 )
      ->  Parameter number    7 :                                    U-Cagl_ph1_pat1    0.27752280E-01( +/-    0.17427054E-02 )
      ->  Parameter number    8 :                                    W-Cagl_ph1_pat1    0.60593658E-02( +/-    0.15603997E-03 )
      ->  Parameter number    9 :                                    V-Cagl_ph1_pat1   -0.73714135E-02( +/-    0.10591851E-02 )
      ->  Parameter number   10 :                                     EtaPV_ph1_pat1    0.46230009    ( +/-    0.14241323E-01 )
      ->  Parameter number   11 :                                     X-tan_ph1_pat1    0.31768817E-02( +/-    0.47435978E-03 )
      ->  Parameter number   12 :                                     Asym1_ph1_pat1    0.26499409E-01( +/-    0.32578346E-02 )
      ->  Parameter number   13 :                                     Asym2_ph1_pat1    0.12252169E-01( +/-    0.64610632E-03 )
      ->  Parameter number   14 :                                       Or1_ph1_pat1   -0.39167997    ( +/-    0.38777201E-02 )
      ->  Parameter number   15 :                                          X_Na1_ph1    0.36569694    ( +/-    0.47535013E-03 )
      ->  Parameter number   16 :                                          Y_Na1_ph1    0.78491014    ( +/-    0.13924607E-02 )
      ->  Parameter number   17 :                                          Z_Na1_ph1    0.11973717    ( +/-    0.65317168E-03 )
      ->  Parameter number   18 :                                          X_Nb1_ph1    0.15524086    ( +/-    0.13116725E-03 )
      ->  Parameter number   19 :                                          Y_Nb1_ph1    0.25715831    ( +/-    0.57782675E-03 )
      ->  Parameter number   20 :                                          Z_Nb1_ph1    0.31851080    ( +/-    0.20311562E-03 )
      ->  Parameter number   21 :                                           X_O1_ph1    0.18085466    ( +/-    0.89915184E-03 )
      ->  Parameter number   22 :                                           Y_O1_ph1    0.15275112    ( +/-    0.13729715E-02 )
      ->  Parameter number   23 :                                           Z_O1_ph1    0.70554011E-01( +/-    0.14321338E-02 )
      ->  Parameter number   24 :                                           X_O2_ph1    0.75125568E-01( +/-    0.77234709E-03 )
      ->  Parameter number   25 :                                           Y_O2_ph1    0.58854783    ( +/-    0.16703628E-02 )
      ->  Parameter number   26 :                                           Z_O2_ph1    0.22998740    ( +/-    0.11090764E-02 )
      ->  Parameter number   27 :                                           X_F1_ph1    0.36670661    ( +/-    0.76731021E-03 )
      ->  Parameter number   28 :                                           Y_F1_ph1    0.42829677    ( +/-    0.12415191E-02 )
      ->  Parameter number   29 :                                           Z_F1_ph1    0.30518025    ( +/-    0.10101567E-02 )
      ->  Parameter number   30 :                                           X_F2_ph1    0.31828722    ( +/-    0.71375427E-03 )
      ->  Parameter number   31 :                                           Y_F2_ph1    0.97633779    ( +/-    0.11407302E-02 )
      ->  Parameter number   32 :                                           Z_F2_ph1    0.38692826    ( +/-    0.10599074E-02 )

 ------------------------------------------------------------------
 => Number of bytes for floating point variables: 4
 => Dimensions of dynamic allocated arrays in this run of FullProf:
 ------------------------------------------------------------------

 => Total approximate array memory (dynamic + static): 128536585 bytes

    MaxPOINT=    60000 Max.num. of points(+int. Inten.)/diffraction pattern       
    MaxREFLT=    20000 Max.num. of reflections/diffraction pattern               
    MaxPARAM=      300 Max.num. of refinable parameters                          
    MaxOVERL=    18096 Max.num. of overlapping reflections                       

 ----------------------------------------------------------
 => Number of bytes for floating point arrays: 4
 => Dimensions of fixed arrays in this release of FullProf:
 ----------------------------------------------------------

    NPATT   =       80 Max.num. of powder diffraction patterns                    
    NATS    =      830 Max.num. of atoms (all kind) in asymmetric unit            
    MPAR    =     1800 Max.num. of non atomic parameters/phase                    
    IEXCL   =       30 Max.num. of excluded regions                               
    IBACP   =      377 Max.num. of background points for interpolation            
    NPHT    =       16 Max.num. of phases                                         
    NMAGM   =        8 Max.num. of rotation-matrices sets for magnetic structure  
    NBASIS  =       12 Max.num. of basis functions associated to a single atom    
    NIREPS  =        9 Max.num. of irreducible representations to be combined     
    N_EQ    =      384 Max.num. of user-supplied symmetry operators/propagation vectors
    NGL     =      400 Max.num. of global parameters/diffraction pattern          
    N_LINC  =       50 Max.num. of global linear restraints                        
    NAT_P   =       80 Max.num. of atomic parameters per atom                     
    NCONST  =      500 Max.num. of slack constraints per phase                    
    N_SPE   =       30 Max.num. of different chemical species                     
    N_FORM  =       60 Max.num. of scattering factor values in a table            
    NPR     =      150 Max.num. of points defining a numerical profile            
    INPR    =       25 Max.num. of different numerical peak shapes                
    NPRC    =      150 Max.num. of terms in the table for correcting intensities  
    NSOL    =       10 Max.num. of solutions to be stored in Montecarlo searchs   

 
              CPU Time:     1.359 seconds
                            0.023 minutes

 => Run finished at:     Date: 03/02/2023  Time: 15:41:15.332                              
