

        **********************************************************
        ** PROGRAM FullProf.2k (Version 7.30 - Mar2020-ILL JRC) **
        **********************************************************
                       M U L T I -- P A T T E R N                 
            Rietveld, Profile Matching & Integrated Intensity     
                 Refinement of X-ray and/or Neutron Data


    Date: 08/02/2023  Time: 10:56:17.560                              

 => PCR file code: NaTaO2F2
 => DAT file code: NaTaO2F2.dat         -> Relative contribution: 1.0000                                                            

 ==> CONDITIONS OF THIS RUN FOR PATTERN No.:  1

 => Global Refinement of X-ray powder diffraction data                                                                              
 => Global Refinement of X-ray powder diffraction data                                                                              
    Bragg-Brentano(X-rays) or Debye-Scherrer geometry(Neutrons)
 => Title:  #(C) 2021 by FIZ Karlsruhe - Leibniz Institute for Information Infrastructure.  All rights reserved.

 => Number of phases:    1
 => Number of excluded regions:    0
 => Number of scattering factors supplied:    0
 => Conventional weights: w=1.0/Variance(yobs)
 => Asymmetry correction as in J.Appl.Cryst. 26,128(1993)
 => Background linearly interpolated between the   23 points given
 => The    5th default profile function was selected
 => Pseudo-Voigt function (ETA variable)
                 X-parameter correspond to: ETA=ETA0+X*2theta
                       pV(x)= ETA*L(x)+(1-ETA)*G(x)

 ==> INPUT/OUTPUT OPTIONS:

 => Generate file *.PRF for plot
 => Output Integrated Intensities
 => Generate new input file *.PCR

 => X-Y type of data: 2theta/TOF/E(Kev) Intens sigma for pattern:  1
 => Plot pattern at each cycle
 => Wavelengths:  1.54056 1.54439
 => Alpha2/Alpha1 ratio:   0.5000
 => Cos(Monochromator angle)=   0.9100
 => Asymmetry correction for angles lower than   90.000 degrees
 => Absorption correction (AC), muR-eff =   0.0000  0.0000
 => Base of peaks: 2.0*HW*    8.00

 => Number of cycles:   33
 => Relaxation factors ==>    for coordinates:  1.00
 => for anisotropic temperature factors:  1.00
 => for halfwidth/strain/size parameters:  1.00
 => for lattice constants and propagation vectors:  1.00
 => EPS-value for convergence:    0.1
 => Background ==> 
    Position   Intensity
       10.27     5998.41        0.00
       12.42     5404.52        0.00
       13.49     5130.00        0.00
       15.46     4754.51        0.00
       18.38     4175.82        0.00
       21.53     3764.88        0.00
       25.72     3521.73        0.00
       30.58     3236.37        0.00
       35.68     2971.74        0.00
       38.57     2750.34        0.00
       42.51     2669.41        0.00
       44.98     2756.57        0.00
       53.85     2827.67        0.00
       62.28     2615.05        0.00
       66.14     2427.37        0.00
       75.12     2465.38        0.00
       77.86     2360.20        0.00
       81.35     2437.77        0.00
       85.86     2352.79        0.00
       88.65     2378.34        0.00

       93.21     2327.34        0.00
       95.33     2351.38        0.00
       97.94     2341.98        0.00

 
 => Number of Least-Squares parameters varied:    31

 =>--------------------------->
 =>------->  PATTERN number:  1
 =>--------------------------->
 => Global parameters and codes ==>
 => Zero-point:    -0.0004   11.0000
 => Displacement peak-shift parameter and code:     0.00    0.00
 => Transparency peak-shift parameter and code:     0.00    0.00

 => Reading Intensity data  =>>

 -> No recognizable heading in input data file X,Y,sigma
    First 6 lines are considered as COMMENTS (except for TSAMP keyword)
 -> COMMENT: 10.0116	6289.0000                                                                                                                   
 -> COMMENT: 10.0247	6441.0000                                                                                                                   
 -> COMMENT: 10.0379	6385.0000                                                                                                                   
 -> COMMENT: 10.0510	6455.0000                                                                                                                   
 -> COMMENT: 10.0641	6412.0000                                                                                                                   
 -> COMMENT: 10.0772	6347.0000                                                                                                                   
 ==> Angular range, step and number of points:
     2Thmin:      10.090400  2Thmax:      99.993401  Step:       0.013132  No. of points:   6848
 --------------------------------------------------------------------------------
 => Phase  No. 1
       #(C) 2021 by FIZ Karlsruhe - Leibniz Institute for Information Infras
 --------------------------------------------------------------------------------
 =>-------> Pattern#  1
 => Crystal Structure Refinement
 => Preferred orientation vector:   0.0000  0.0000  1.0000

 =>-------> Data for PHASE: 1
 => Number of atoms:    6
 => Number of distance  constraints:    0
 => Number of angle     constraints:    0

 => Symmetry information on space group: P 1 21/c 1          
 -> The multiplicity of the general position is:   4
 -> The space group is Centric (-1 at origin)   
 -> Lattice type  P: { 000 }                                       
 -> Reduced set of symmetry operators:

  No.  IT   Symmetry symbol    Rotation part     Associated Translation
   1: ( 1)   1            -->     ( x, y, z) + {  0.0000  0.0000  0.0000}
   2: ( 3)   2 ( 0, y, 0) -->     (-x, y,-z) + {  0.0000  0.5000  0.5000}


        Information on Space Group: 
        --------------------------- 

 =>   Number of Space group:  14
 =>  Hermann-Mauguin Symbol: P 1 21/c 1
 =>             Hall Symbol: -P 2ybc
 =>    Table Setting Choice: b1
 =>            Setting Type: IT (Generated from Hermann-Mauguin symbol)
 =>          Crystal System: Monoclinic
 =>              Laue Class: 2/m
 =>             Point Group: 2/m
 =>         Bravais Lattice: P
 =>          Lattice Symbol: mP
 =>  Reduced Number of S.O.:   2
 =>    General multiplicity:   4
 =>          Centrosymmetry: Centric (-1 at origin)
 =>  Generators (exc. -1&L):   1
 =>         Asymmetric unit:  0.000 <= x <=  1.000
                              0.000 <= y <=  0.250
                              0.000 <= z <=  1.000

 => List of S.O. without inversion and lattice centring translations
 => SYMM(  1): x,y,z                               => SYMM(  2): -x,y+1/2,-z+1/2


 => Initial parameters ==>
 Atom    Ntyp                  X         Y         Z         B         occ.         in  fin  Spc  Mult
                             B11       B22       B33       B12       B13       B23
 Na1    Na                 0.37987   0.78675   0.10413   1.11627   1.00000           0    0    0    4
                 Codes:  141.00000 151.00000 161.00000   0.00000   0.00000
 Ta1    Ta                 0.15923   0.25622   0.29580   0.47176   1.00000           0    0    0    4
                 Codes:  171.00000 181.00000 191.00000   0.00000   0.00000
 O1     O                  0.21598   0.15583   0.04594   0.58064   1.00000           0    0    0    4
                 Codes:  201.00000 211.00000 221.00000   0.00000   0.00000
 O2     O                  0.05319   0.53995   0.21499   0.58064   1.00000           0    0    0    4
                 Codes:  231.00000 241.00000 251.00000   0.00000   0.00000
 F1     F                  0.38384   0.47412   0.31080   1.12063   1.00000           0    0    0    4
                 Codes:  261.00000 271.00000 281.00000   0.00000   0.00000
 F2     F                  0.34288   0.98933   0.37228   1.12063   1.00000           0    0    0    4
                 Codes:  291.00000 301.00000 311.00000   0.00000   0.00000

 => IT IS ASSUMED THAT THE FIRST GIVEN SITE IS FULLY OCCUPIED 
    OR THE FIRST AND SECOND ATOMS ARE IN THE SAME SITE WITH TOTAL FULL OCCUPATION
  (If this is not the case, change the order of atoms to obtain correct values for the content of the unit cell)
    The given occupation factors have been obtained mutiplying m/M by   1.0000
      -> Atom: Na  ,  Chemical element: NA  Atomic Mass:    22.9898
      -> Atom: Ta  ,  Chemical element: TA  Atomic Mass:   180.9479
      -> Atom: O   ,  Chemical element: O   Atomic Mass:    15.9994
      -> Atom: O   ,  Chemical element: O   Atomic Mass:    15.9994
      -> Atom: F   ,  Chemical element: F   Atomic Mass:    18.9984
      -> Atom: F   ,  Chemical element: F   Atomic Mass:    18.9984
 => The given value of ATZ is       1095.73 the program has calculated:        1095.73
    The value of ATZ given in the input PCR file will be used for quantitative analysis
 => The chemical content of the unit cell is: 
       4.0000 Na   +   4.0000 Ta   +   4.0000 O    +   4.0000 O    +   4.0000 F    +   4.0000 F      
 => The normalized site occupation numbers in % are: 
     100.0000 Na1    :      100.0000 Ta1    :      100.0000 O1     :      100.0000 O2     :      100.0000 F1     :      100.0000 F2       
 => The density (volumic mass) of the compound is:    5.542 g/cm3

 =>-------> PROFILE PARAMETERS FOR PATTERN:  1

 => Overall scale factor:   0.199540E-02
 => ETA (p-Voigt) OR M (Pearson VII):   0.3968
 => Overall temperature factor:      0.00000
 => Halfwidth U,V,W:      0.06635    -0.03976     0.01268
 => X and Y parameters:       0.0017      0.0000
 => Direct cell parameters:    8.1443   5.4845   7.5279  90.0000 102.4658  90.0000
 => Preferred orientation parameters:   0.0000  0.0000
 => Asymmetry parameters     :      0.05876     0.00671     0.00000     0.00000
 => Strain parameters        :      0.00000     0.00000     0.00000
 => Size   parameters        :      0.00000     0.00000

 ==> CODEWORDS FOR PROFILE PARAMETERS of PATTERN#  1

 => Overall scale factor:   21.000
 => ETA (p-Voigt) OR M (Pearson VII):  101.000
 => Overall temperature factor:    0.000
 => Halfwidth U,V,W:   71.000  91.000  81.000
 => X and Y parameters:  111.000   0.000
 => Direct cell parameters:   31.000  41.000  51.000   0.000  61.000   0.000
 => Preferred orientation parameters:    0.000   0.000
 => Asymmetry parameters     :  121.000 131.000   0.000   0.000
 => Strain parameters        :    0.000   0.000   0.000
 => Size   parameters        :    0.000   0.000

 => Cell constraints according to Laue symmetry: 2/m  

        Metric information:
        -------------------

 => Direct cell parameters:

         a =       8.1443      b =       5.4845      c =       7.5279
     alpha =       90.000   beta =      102.466  gamma =       90.000
                        Direct Cell Volume =     328.3248

 => Reciprocal cell parameters:

         a*=     0.125750      b*=     0.182333      c*=     0.136046
     alpha*=       90.000   beta*=       77.534  gamma*=       90.000
                    Reciprocal Cell Volume =   0.00304576

 => Direct and Reciprocal Metric Tensors:

                   GD                                       GR
     66.3299      0.0000    -13.2341          0.015813    0.000000    0.003693
      0.0000     30.0794      0.0000          0.000000    0.033245    0.000000
    -13.2341      0.0000     56.6697          0.003693    0.000000    0.018508

 =>  Cartesian frame: z // c; y is in the bc-plane; x is y ^ z = a*  

     Crystal_to_Orthonormal_Matrix              Orthonormal_to_Crystal Matrix
              Cr_Orth_cel                               Orth_Cr_cel  
      8.1443      0.0000     -1.6250          0.122785   -0.000000    0.027144
      0.0000      5.4845      0.0000          0.000000    0.182333   -0.000000
      0.0000      0.0000      7.3505          0.000000    0.000000    0.136046

     Busing-Levy B-matrix: Hc=B.H            Inverse of the Busing-Levy B-matrix
                BL_M                                      BL_Minv  
    0.125750    0.000000    0.029366            7.9523     -0.0000     -1.7580
    0.000000    0.182333   -0.000000            0.0000      5.4845      0.0000
    0.000000    0.000000    0.132839            0.0000      0.0000      7.5279

 => Laue symmetry 2/m   will be used to generate HKL for pattern#   1
 => Reflections generated between S(1/d)min:  0.1139 A-1 and S(1/d)max:  1.0104 A-1
 =>                                    dmax:  8.7808 A   and      dmin:  0.9897 A
 => The number of reflections generated is:    358
 => The max. scatt. variable (gen.ref.) is:       102.2156
 => Scattering coefficients from internal table


 => X-ray scattering coeff. (A1, B1, A2,...C, f(0), Z, Dfp,Dfpp)

 NA      4.7626   3.2850   3.1736   8.8422   1.2674   0.3136   1.1128 129.4240   0.6760  10.9924  11.0000   0.1290   0.1240
 TA     29.2024   1.7733  15.2293   9.3705  14.5135   0.2960   4.7649  63.3644   9.2435  72.9537  73.0000  -6.3510   5.2710
 O       3.0485  13.2771   2.2868   5.7011   1.5463   0.3239   0.8670  32.9089   0.2508   7.9994   8.0000   0.0470   0.0320
 F       3.5392  10.2825   2.6412   4.2944   1.5170   0.2615   1.0243  26.1476   0.2776   8.9993   9.0000   0.0690   0.0530

     --------------------------------------------------------------
      SYMBOLIC NAMES AND INITIAL VALUES OF PARAMETERS TO BE VARIED:
     --------------------------------------------------------------

      ->  Parameter number    1   -> Symbolic Name:                                          Zero_pat1   -0.39999999E-03
      ->  Parameter number    2   -> Symbolic Name:                                     Scale_ph1_pat1    0.19954001E-02
      ->  Parameter number    3   -> Symbolic Name:                                    Cell_A_ph1_pat1     8.1443148    
      ->  Parameter number    4   -> Symbolic Name:                                    Cell_B_ph1_pat1     5.4844699    
      ->  Parameter number    5   -> Symbolic Name:                                    Cell_C_ph1_pat1     7.5279298    
      ->  Parameter number    6   -> Symbolic Name:                                    Cell_E_ph1_pat1     102.46577    
      ->  Parameter number    7   -> Symbolic Name:                                    U-Cagl_ph1_pat1    0.66350996E-01
      ->  Parameter number    8   -> Symbolic Name:                                    W-Cagl_ph1_pat1    0.12685000E-01
      ->  Parameter number    9   -> Symbolic Name:                                    V-Cagl_ph1_pat1   -0.39756000E-01
      ->  Parameter number   10   -> Symbolic Name:                                     EtaPV_ph1_pat1    0.39680001    
      ->  Parameter number   11   -> Symbolic Name:                                     X-tan_ph1_pat1    0.17359999E-02
      ->  Parameter number   12   -> Symbolic Name:                                     Asym1_ph1_pat1    0.58759999E-01
      ->  Parameter number   13   -> Symbolic Name:                                     Asym2_ph1_pat1    0.67099999E-02
      ->  Parameter number   14   -> Symbolic Name:                                          X_Na1_ph1    0.37987000    
      ->  Parameter number   15   -> Symbolic Name:                                          Y_Na1_ph1    0.78675002    
      ->  Parameter number   16   -> Symbolic Name:                                          Z_Na1_ph1    0.10413000    
      ->  Parameter number   17   -> Symbolic Name:                                          X_Ta1_ph1    0.15922999    
      ->  Parameter number   18   -> Symbolic Name:                                          Y_Ta1_ph1    0.25622001    
      ->  Parameter number   19   -> Symbolic Name:                                          Z_Ta1_ph1    0.29580000    
      ->  Parameter number   20   -> Symbolic Name:                                           X_O1_ph1    0.21597999    
      ->  Parameter number   21   -> Symbolic Name:                                           Y_O1_ph1    0.15583000    
      ->  Parameter number   22   -> Symbolic Name:                                           Z_O1_ph1    0.45940001E-01
      ->  Parameter number   23   -> Symbolic Name:                                           X_O2_ph1    0.53190000E-01
      ->  Parameter number   24   -> Symbolic Name:                                           Y_O2_ph1    0.53995001    
      ->  Parameter number   25   -> Symbolic Name:                                           Z_O2_ph1    0.21499000    
      ->  Parameter number   26   -> Symbolic Name:                                           X_F1_ph1    0.38383999    
      ->  Parameter number   27   -> Symbolic Name:                                           Y_F1_ph1    0.47411999    
      ->  Parameter number   28   -> Symbolic Name:                                           Z_F1_ph1    0.31079999    
      ->  Parameter number   29   -> Symbolic Name:                                           X_F2_ph1    0.34288001    
      ->  Parameter number   30   -> Symbolic Name:                                           Y_F2_ph1    0.98932999    
      ->  Parameter number   31   -> Symbolic Name:                                           Z_F2_ph1    0.37228000    
  
 
 => No optimization for routine tasks
 ++++++++++++++++++++++++++++++++++++++++++++++++++++++++++++++++++++++++++++++++++++++++++++++++++++++++++++++++++++++++

 => CYCLE No.:    1
 ---------------------------------------------------------------------------------------
 => Phase  1 Name:  #(C) 2021 by FIZ Karlsruhe - Leibniz Institute for Information Infras
 ---------------------------------------------------------------------------------------
 => New parameters, shifts, and standard deviations

 Atom        x       dx      sx       y       dy      sy       z       dz      sz       B       dB      sB      occ.    docc.   socc.

 Na1      0.37987 0.00000 0.00059  0.78676 0.00001 0.00143  0.10413-0.00000 0.00074  1.11627 0.00000 0.00000  1.00000 0.00000 0.00000
 Ta1      0.15923-0.00000 0.00010  0.25622-0.00000 0.00043  0.29580-0.00000 0.00012  0.47176 0.00000 0.00000  1.00000 0.00000 0.00000
 O1       0.21597-0.00001 0.00103  0.15583-0.00000 0.00130  0.04593-0.00001 0.00143  0.58064 0.00000 0.00000  1.00000 0.00000 0.00000
 O2       0.05319-0.00000 0.00126  0.53991-0.00004 0.00188  0.21498-0.00001 0.00160  0.58064 0.00000 0.00000  1.00000 0.00000 0.00000
 F1       0.38386 0.00002 0.00122  0.47406-0.00006 0.00176  0.31082 0.00002 0.00156  1.12063 0.00000 0.00000  1.00000 0.00000 0.00000
 F2       0.34286-0.00002 0.00109  0.98931-0.00002 0.00163  0.37226-0.00002 0.00139  1.12063 0.00000 0.00000  1.00000 0.00000 0.00000

 ==> PROFILE PARAMETERS FOR PATTERN#  1

 => Overall scale factor:      0.001995364    -0.000000036     0.000003528
 => Eta(p-Voigt) or m(Pearson VII):   0.396759 -0.000041  0.011383
 => Overall tem. factor:     0.000000    0.000000    0.000000
 => Halfwidth parameters: 
         0.066346   -0.000005    0.001644
        -0.039751    0.000005    0.001161
         0.012684   -0.000001    0.000203
 => Cell parameters: 
        8.144314   -0.000001    0.000084
        5.484470    0.000000    0.000061
        7.527928   -0.000001    0.000077
       90.000000    0.000000    0.000000
      102.465775    0.000000    0.000653
       90.000000    0.000000    0.000000
 => Preferred orientation: 
         0.000000    0.000000    0.000000
         0.000000    0.000000    0.000000
 => Asymmetry parameters: 
         0.058694   -0.000066    0.002464
         0.006708   -0.000002    0.000679
         0.000000    0.000000    0.000000
         0.000000    0.000000    0.000000
 => X and Y parameters: 
         0.001734   -0.000002    0.000330
         0.000000    0.000000    0.000000
 => Strain parameters: 
         0.000000    0.000000    0.000000
         0.000000    0.000000    0.000000
         0.000000    0.000000    0.000000
 => Size   parameters (G,L): 
         0.000000    0.000000    0.000000
         0.000000    0.000000    0.000000

 ==> GLOBAL PARAMETERS FOR PATTERN#  1


 => Zero-point:    -0.0004   -0.0000    0.0005

 => Cos( theta)-shift parameter :   0.0000  0.0000  0.0000
 => Sin(2theta)-shift parameter :   0.0000  0.0000  0.0000

 ==> RELIABILITY FACTORS WITH ALL NON-EXCLUDED POINTS FOR PATTERN:  1

 => R-Factors:   3.69      5.12     Chi2:  11.7     DW-Stat.:  0.3276   Patt#:  1
 => Expected :            1.50                                1.9341
 => Deviance : 0.823E+05     Dev*:   12.07    
 => GoF-index:  3.4         Sqrt(Residual/N)
 => N-P+C:  6817

 =>    SumYdif       SumYobs      SumYcal      SumwYobsSQ     Residual    Condition
     0.1121E+07    0.3042E+08    0.3034E+08    0.3042E+08    0.7980E+05    0.7884E+10


 => Conventional Rietveld Rp,Rwp,Re and Chi2:   11.0      10.9      3.19      11.71    
 => (Values obtained using Ynet, but true sigma(y))
 =>  SumYnet, Sum(w Ynet**2):     0.1017E+08    0.6690E+07


 ==> RELIABILITY FACTORS FOR POINTS WITH BRAGG CONTRIBUTIONS FOR PATTERN:  1

 => R-Factors:   3.96      5.40     Chi2:  13.1     DW-Stat.:  0.3362   Patt#:
 => Expected :            1.49                                1.9301
 => Deviance : 0.802E+05     Dev*:   13.52    
 => GoF-index:  3.6         Sqrt(Residual/N)
 => N-P+C:  5930

 =>    SumYdif       SumYobs      SumYcal      SumwYobsSQ     Residual    Condition
     0.1053E+07    0.2662E+08    0.2656E+08    0.2662E+08    0.7776E+05    0.7884E+10


 => Conventional Rietveld Rp,Rwp,Re and Chi2:   10.4      10.8      2.98      13.11    
 => (Values obtained using Ynet, but true sigma(y))
 =>  SumYnet, Sum(w Ynet**2):     0.1014E+08    0.6688E+07


 => Global user-weigthed Chi2 (Bragg contrib.):   13.1    

 => ---------> Pattern#  1
 => Phase:  1
 =>    Bragg R-factor:  6.39    
 =>    RF-factor     :  4.82    


   Standard deviations have to be multiplied by: 3.4817
   (correlated residuals) See references:
  -J.F.Berar & P.Lelann, J. Appl. Cryst. 24, 1-5 (1991) 
  -J.F.Berar, Acc. in Pow. Diff. II,NIST Sp.Pub. 846, 63(1992) 

 ++++++++++++++++++++++++++++++++++++++++++++++++++++++++++++++++++++++++++++++++++++++++++++++++++++++++++++++++++++++++

 => CYCLE No.:    1
 =>  Convergence reached at this CYCLE !!!!
 =>  Parameter shifts set to zero
 ---------------------------------------------------------------------------------------
 => Phase  1 Name:  #(C) 2021 by FIZ Karlsruhe - Leibniz Institute for Information Infras
 ---------------------------------------------------------------------------------------
 => New parameters, shifts, and standard deviations

 Atom        x       dx      sx       y       dy      sy       z       dz      sz       B       dB      sB      occ.    docc.   socc.

 Na1      0.37987 0.00000 0.00059  0.78676 0.00000 0.00143  0.10413 0.00000 0.00074  1.11627 0.00000 0.00000  1.00000 0.00000 0.00000
 Ta1      0.15923 0.00000 0.00010  0.25622 0.00000 0.00043  0.29580 0.00000 0.00012  0.47176 0.00000 0.00000  1.00000 0.00000 0.00000
 O1       0.21597 0.00000 0.00103  0.15583 0.00000 0.00130  0.04593 0.00000 0.00143  0.58064 0.00000 0.00000  1.00000 0.00000 0.00000
 O2       0.05319 0.00000 0.00126  0.53991 0.00000 0.00188  0.21498 0.00000 0.00160  0.58064 0.00000 0.00000  1.00000 0.00000 0.00000
 F1       0.38386 0.00000 0.00122  0.47406 0.00000 0.00176  0.31082 0.00000 0.00156  1.12063 0.00000 0.00000  1.00000 0.00000 0.00000
 F2       0.34286 0.00000 0.00109  0.98931 0.00000 0.00163  0.37226 0.00000 0.00139  1.12063 0.00000 0.00000  1.00000 0.00000 0.00000

 ==> PROFILE PARAMETERS FOR PATTERN#  1

 => Overall scale factor:      0.001995364     0.000000000     0.000003528
 => Eta(p-Voigt) or m(Pearson VII):   0.396759  0.000000  0.011383
 => Overall tem. factor:     0.000000    0.000000    0.000000
 => Halfwidth parameters: 
         0.066346    0.000000    0.001644
        -0.039751    0.000000    0.001161
         0.012684    0.000000    0.000203
 => Cell parameters: 
        8.144314    0.000000    0.000084
        5.484470    0.000000    0.000061
        7.527928    0.000000    0.000077
       90.000000    0.000000    0.000000
      102.465775    0.000000    0.000653
       90.000000    0.000000    0.000000
 => Preferred orientation: 
         0.000000    0.000000    0.000000
         0.000000    0.000000    0.000000
 => Asymmetry parameters: 
         0.058694    0.000000    0.002464
         0.006708    0.000000    0.000679
         0.000000    0.000000    0.000000
         0.000000    0.000000    0.000000
 => X and Y parameters: 
         0.001734    0.000000    0.000330
         0.000000    0.000000    0.000000
 => Strain parameters: 
         0.000000    0.000000    0.000000
         0.000000    0.000000    0.000000
         0.000000    0.000000    0.000000
 => Size   parameters (G,L): 
         0.000000    0.000000    0.000000
         0.000000    0.000000    0.000000

 ==> GLOBAL PARAMETERS FOR PATTERN#  1


 => Zero-point:    -0.0004    0.0000    0.0005

 => Cos( theta)-shift parameter :   0.0000  0.0000  0.0000
 => Sin(2theta)-shift parameter :   0.0000  0.0000  0.0000

 ==> RELIABILITY FACTORS WITH ALL NON-EXCLUDED POINTS FOR PATTERN:  1

 => R-Factors:   3.69      5.12     Chi2:  11.7     DW-Stat.:  0.3276   Patt#:  1
 => Expected :            1.50                                1.9341
 => Deviance : 0.823E+05     Dev*:   12.07    
 => GoF-index:  3.4         Sqrt(Residual/N)
 => N-P+C:  6817

 =>    SumYdif       SumYobs      SumYcal      SumwYobsSQ     Residual    Condition
     0.1121E+07    0.3042E+08    0.3034E+08    0.3042E+08    0.7980E+05    0.7884E+10


 => Conventional Rietveld Rp,Rwp,Re and Chi2:   11.0      10.9      3.19      11.71    
 => (Values obtained using Ynet, but true sigma(y))
 =>  SumYnet, Sum(w Ynet**2):     0.1017E+08    0.6690E+07

 => N-sigma of the GoF:      625.057

 ==> RELIABILITY FACTORS FOR POINTS WITH BRAGG CONTRIBUTIONS FOR PATTERN:  1

 => R-Factors:   3.96      5.40     Chi2:  13.1     DW-Stat.:  0.3362   Patt#:
 => Expected :            1.49                                1.9301
 => Deviance : 0.802E+05     Dev*:   13.52    
 => GoF-index:  3.6         Sqrt(Residual/N)
 => N-P+C:  5930

 =>    SumYdif       SumYobs      SumYcal      SumwYobsSQ     Residual    Condition
     0.1053E+07    0.2662E+08    0.2656E+08    0.2662E+08    0.7776E+05    0.7884E+10


 => Conventional Rietveld Rp,Rwp,Re and Chi2:   10.4      10.8      2.98      13.11    
 => (Values obtained using Ynet, but true sigma(y))
 =>  SumYnet, Sum(w Ynet**2):     0.1014E+08    0.6688E+07

 => N-sigma of the GoF:      659.561

 => Global user-weigthed Chi2 (Bragg contrib.):   13.5    

 => ---------> Pattern#  1
 => Phase:  1
 =>    Bragg R-factor:  6.39    
 =>    RF-factor     :  4.82    

 --------------------------------------------------------------------------------------------------------------
 Pattern#  1 Phase No.:   1 Phase name:  #(C) 2021 by FIZ Karlsruhe - 
 --------------------------------------------------------------------------------------------------------------

   No.  Code     H   K   L  Mult      Hw      ETA/M    2theta/TOF     Icalc       Iobs      Sigma     StrFactor^2    d-hkl       CORR

      1   1      1   0   0     2  0.097182  0.416039      11.117     3952.0     3512.0      9.143      10022.5098  7.952313      1.000000
      2   1      1   1   0     4  0.088264  0.430832      19.647    10276.9     9999.6     11.249      41581.1133  4.514855      1.000000
      3   1      0   1   1     4  0.087812  0.431765      20.185       15.9       55.2      3.084         67.9642  4.395707      1.000000
      4   1     -1   1   1     4  0.086554  0.434540      21.785       25.0       53.7      4.490        125.0269  4.076334      1.000000
      5   1      2   0   0     2  0.086150  0.435504      22.340     1161.3     1261.5      5.937      12260.1201  3.976156      1.000000
      6   1      0   0   2     2  0.084923  0.438723      24.196     3722.3     3614.9      7.057      46404.0977  3.675230      1.000000
      7   1      1   1   1     4  0.084831  0.438986      24.348        5.9        5.9      0.011         37.4635  3.652643      1.000000
      8   1     -1   0   2     2  0.084819  0.439021      24.369     3905.4     3839.3      6.469      49414.0898  3.649643      1.000000
      9   1      2   1   0     4  0.083170  0.444778      27.688     7370.8     7548.8     10.025      61005.0625  3.219161      1.000000
     10   1     -2   1   1     4  0.082967  0.445718      28.230       81.4       63.1      2.013        701.6426  3.158578      1.000000
     11   1      1   0   2     2  0.082757  0.446800      28.854        4.1        5.3      0.325         74.5224  3.091694      1.000000
     12   1      0   1   2     4  0.082644  0.447447      29.227     2428.5     2622.8      6.333      22541.8750  3.053107      1.000000
     13   1     -2   0   2     2  0.082625  0.447559      29.291      114.8      123.2      0.283       2140.4126  3.046526      1.000000
     14   1     -1   1   2     4  0.082602  0.447698      29.371     1266.5     1380.2      3.729      11879.7656  3.038391      1.000000
     15   1      2   1   1     4  0.082082  0.452640      32.221        9.2        0.0      3.370        105.2569  2.775884      1.000000
     16   1      0   2   0     2  0.082055  0.453344      32.627     1512.7     1478.5      5.617      35528.0195  2.742235      1.000000
     17   1      1   1   2     4  0.082036  0.454403      33.238     2917.0     2986.8      6.230      35651.4180  2.693242      1.000000
     18   1     -2   1   2     4  0.082038  0.455072      33.624     2697.8     2790.2      5.769      33800.9570  2.663225      1.000000
     19   1      3   0   0     2  0.082042  0.455354      33.786      985.3     1094.0      3.152      24948.1387  2.650771      1.000000
     20   1      1   2   0     4  0.082090  0.456714      34.570      965.2     1027.3      4.676      12841.8232  2.592429      1.000000
     21   1      0   2   1     4  0.082122  0.457272      34.892       27.0       25.5      2.065        366.5049  2.569261      1.000000
     22   1     -1   2   1     4  0.082271  0.458988      35.881        1.5        0.0      2.979         20.9568  2.500647      1.000000
     23   1      2   0   2     2  0.082445  0.460365      36.675      550.4      577.1      4.964      16652.8828  2.448303      1.000000
     24   1     -3   1   1     4  0.082600  0.461363      37.251      181.4      168.4      1.019       2838.8901  2.411820      1.000000
     25   1     -3   0   2     2  0.082604  0.461387      37.264      612.3      568.6      3.061      19182.7305  2.410956      1.000000
     26   1      1   2   1     4  0.082695  0.461901      37.561       76.6       59.1      2.256       1220.9272  2.392588      1.000000
     27   1      3   1   0     4  0.082726  0.462070      37.658        6.2        5.4      0.367         99.1188  2.386628      1.000000
     28   1     -1   1   3     4  0.083504  0.465454      39.610      209.5      209.9      4.067       3750.9612  2.273445      1.000000
     29   1      2   2   0     4  0.083646  0.465962      39.902      555.1      513.1      3.287      10099.8799  2.257427      1.000000
     30   1      0   1   3     4  0.083840  0.466619      40.281        2.5        2.9      0.020         47.3204  2.237065      1.000000
     31   1     -2   2   1     4  0.083848  0.466646      40.297        5.7        6.5      0.036        105.2939  2.236233      1.000000
     32   1      2   1   2     4  0.083854  0.466665      40.308      607.3      696.9      3.541      11299.7803  2.235657      1.000000
     33   1     -3   1   2     4  0.084153  0.467609      40.852      857.3      874.7      3.763      16428.0801  2.207112      1.000000
     34   1      0   2   2     4  0.084257  0.467921      41.032      856.7      872.1      2.955      16581.9238  2.197854      1.000000
     35   1     -1   2   2     4  0.084320  0.468108      41.140     1033.9      966.9      3.187      20123.3242  2.192345      1.000000
     36   1      3   1   1     4  0.084844  0.469560      41.977        7.5        0.9      1.946        151.7269  2.150526      1.000000
     37   1     -2   1   3     4  0.085015  0.470005      42.234       13.1        7.9      2.369        270.1444  2.138042      1.000000
     38   1      2   2   1     4  0.085790  0.471873      43.311       33.1       58.8      3.865        722.2330  2.087356      1.000000
     39   1      1   2   2     4  0.086421  0.473253      44.106       99.8      102.9      2.590       2266.2319  2.051527      1.000000
     40   1      1   1   3     4  0.086436  0.473285      44.125       23.9       24.8      0.563        544.5000  2.050698      1.000000
     41   1     -2   2   2     4  0.086675  0.473781      44.411      307.8      288.9      3.327       7098.8618  2.038167      1.000000
     42   1      4   0   0     2  0.087728  0.475829      45.592      664.4      736.1      4.978      32488.5938  1.988078      1.000000
     43   1      3   0   2     2  0.088427  0.477085      46.316      475.8      391.1      3.616      24105.7539  1.958661      1.000000
     44   1     -4   0   2     2  0.089121  0.478267      46.998      694.4      653.3      4.033      36337.0859  1.931826      1.000000
     45   1     -3   2   1     4  0.089484  0.478861      47.340       17.8       18.6      0.713        473.3914  1.918649      1.000000
     46   1     -4   1   1     4  0.089840  0.479432      47.669        0.4        0.4      0.001         10.4982  1.906168      1.000000
     47   1      3   2   0     4  0.089848  0.479445      47.677     1868.0     1973.8      5.484      50464.9141  1.905893      1.000000
     48   1     -3   1   3     4  0.089885  0.479504      47.711       34.9       37.1      0.107        945.3426  1.904614      1.000000
     49   1     -1   0   4     2  0.090576  0.480572      48.327     1325.1     1527.9      4.834      73801.1094  1.881754      1.000000
     50   1      4   1   0     4  0.090981  0.481178      48.676      937.5     1053.2      4.111      26533.5781  1.869069      1.000000
     51   1     -1   2   3     4  0.091730  0.482266      49.303        5.6        5.3      0.297        162.0157  1.846749      1.000000
     52   1      3   1   2     4  0.091806  0.482374      49.366       75.5       70.0      1.891       2206.2344  1.844561      1.000000
     53   1      0   0   4     2  0.092051  0.482719      49.565       50.7       57.4      1.228       2988.5171  1.837615      1.000000
     54   1      0   2   3     4  0.092431  0.483248      49.870        0.9        0.9      0.003         26.7067  1.827089      1.000000
     55   1      2   2   2     4  0.092460  0.483287      49.892     1757.0     1698.2      4.925      52550.5352  1.826321      1.000000
     56   1     -2   0   4     2  0.092515  0.483363      49.936      170.1      163.6      0.502      10198.7949  1.824821      1.000000
     57   1     -4   1   2     4  0.092616  0.483502      50.016       13.2       13.1      0.047        395.6488  1.822096      1.000000
     58   1     -3   2   2     4  0.093050  0.484087      50.354     1144.7     1028.9      4.218      34950.5547  1.810661      1.000000
     59   1      2   1   3     4  0.093322  0.484450      50.563        1.8        1.8      0.032         54.4296  1.803670      1.000000
     60   1      1   3   0     4  0.094215  0.485610      51.231      660.6      617.2      4.060      20966.5684  1.781682      1.000000

   No.  Code     H   K   L  Mult      Hw      ETA/M    2theta/TOF     Icalc       Iobs      Sigma     StrFactor^2    d-hkl       CORR

     61   1     -1   1   4     4  0.094290  0.485705      51.286       13.3       12.0      0.091        423.9496  1.779901      1.000000
     62   1      3   2   1     4  0.094327  0.485752      51.314        2.6        2.3      0.019         82.2231  1.779024      1.000000
     63   1      0   3   1     4  0.094536  0.486017      51.466       63.8       58.6      1.175       2044.5867  1.774108      1.000000
     64   1     -2   2   3     4  0.094629  0.486134      51.534        5.5        4.7      0.185        175.3897  1.771936      1.000000
     65   1     -1   3   1     4  0.095558  0.487281      52.195        1.3        1.1      0.143         44.2548  1.751037      1.000000
     66   1      0   1   4     4  0.095959  0.487763      52.473      968.6      955.9      4.929      32436.7188  1.742411      1.000000
     67   1     -2   1   4     4  0.096480  0.488381      52.829      493.7      463.1      3.182      16787.8828  1.731493      1.000000
     68   1      4   1   1     4  0.096575  0.488493      52.894        0.0        0.0      0.000          1.0071  1.729535      1.000000
     69   1      1   2   3     4  0.096983  0.488969      53.168        0.7        0.0      0.077         24.0348  1.721256      1.000000
     70   1      1   3   1     4  0.097417  0.489467      53.455        0.1        0.1      0.005          4.0302  1.712683      1.000000
     71   1      1   0   4     2  0.097491  0.489551      53.504      141.9      132.5      2.993       9925.4814  1.711237      1.000000
     72   1     -3   0   4     2  0.098577  0.490768      54.206       86.8       17.2      2.995       6252.9453  1.690731      1.000000
     73   1      2   3   0     4  0.100271  0.492593      55.258     1046.7     1004.9      5.442      39340.6250  1.661002      1.000000
     74   1     -4   1   3     4  0.100509  0.492843      55.402       20.7       20.7      0.122        783.0138  1.657025      1.000000
     75   1     -2   3   1     4  0.100783  0.493128      55.567       46.0       47.2      1.064       1749.4258  1.652504      1.000000
     76   1      0   3   2     4  0.101760  0.494132      56.145      331.7      303.8      2.265      12916.7158  1.636834      1.000000
     77   1     -1   3   2     4  0.101906  0.494280      56.231      235.1      229.8      0.889       9185.4561  1.634555      1.000000
     78   1      1   1   4     4  0.101969  0.494344      56.268      886.4      905.2      3.057      34688.8633  1.633567      1.000000
     79   1     -4   2   1     4  0.102000  0.494375      56.285       34.0       35.2      0.122       1332.1936  1.633092      1.000000
     80   1     -3   2   3     4  0.102063  0.494439      56.322        3.4        3.6      0.015        134.5217  1.632115      1.000000
     81   1     -3   1   4     4  0.103150  0.495521      56.946      979.2     1115.9      4.422      39354.5430  1.615700      1.000000
     82   1      4   2   0     4  0.103569  0.495931      57.183      309.5      425.0      2.116      12552.3232  1.609581      1.000000
     83   1      4   0   2     2  0.103589  0.495950      57.194       30.1       41.8      0.224       2445.6719  1.609294      1.000000
     84   1      3   2   2     4  0.104681  0.497002      57.800      604.3      735.8      3.818      25101.0801  1.593849      1.000000
     85   1      5   0   0     2  0.104927  0.497235      57.935      107.6      120.6      0.672       8988.3838  1.590463      1.000000
     86   1     -5   0   2     2  0.104953  0.497260      57.949       71.3       80.0      0.451       5954.5054  1.590105      1.000000
     87   1      2   3   1     4  0.104988  0.497293      57.968        0.6        0.6      0.004         24.2261  1.589627      1.000000
     88   1     -4   2   2     4  0.105757  0.498015      58.384      618.1      761.6      3.661      26249.7441  1.579289      1.000000
     89   1      1   3   2     4  0.106187  0.498414      58.614      681.1      734.4      2.965      29173.6582  1.573630      1.000000
     90   1     -2   3   2     4  0.106656  0.498845      58.863      846.3      822.3      3.264      36595.1094  1.567577      1.000000
     91   1      2   2   3     4  0.106682  0.498869      58.877       12.9       12.6      0.053        559.9068  1.567245      1.000000
     92   1      3   1   3     4  0.106906  0.499073      58.995        1.4        1.3      0.009         60.0859  1.564394      1.000000
     93   1     -5   1   1     4  0.107139  0.499285      59.117        1.1        1.1      0.023         48.0865  1.561453      1.000000
     94   1     -1   2   4     4  0.107936  0.500003      59.531      721.1      755.9      3.813      31961.2695  1.551576      1.000000
     95   1      2   0   4     2  0.108409  0.500425      59.774      223.6      231.5      0.979      20002.7109  1.545847      1.000000
     96   1      4   1   2     4  0.108547  0.500547      59.845      908.0      926.5      3.322      40717.5039  1.544189      1.000000
     97   1      5   1   0     4  0.109977  0.501797      60.565      526.8      563.6      1.920      24246.4238  1.527529      1.000000
     98   1     -5   1   2     4  0.110004  0.501821      60.579      846.4      897.7      2.887      38978.2070  1.527213      1.000000
     99   1      0   2   4     4  0.110062  0.501871      60.608       90.3       93.9      0.311       4164.1475  1.526554      1.000000
    100   1     -4   0   4     2  0.110354  0.502122      60.753      272.4      277.8      1.064      25248.1602  1.523263      1.000000
    101   1     -2   2   4     4  0.110719  0.502434      60.933      286.6      287.9      1.964      13368.3223  1.519195      1.000000
    102   1      4   2   1     4  0.110838  0.502536      60.991        5.2        5.6      0.057        241.0309  1.517873      1.000000
    103   1     -3   3   1     4  0.111447  0.503053      61.289        9.7        3.2      0.690        457.8362  1.511208      1.000000
    104   1      3   3   0     4  0.112031  0.503543      61.572        5.1        0.0      1.038        243.7590  1.504952      1.000000
    105   1      2   1   4     4  0.113680  0.504905      62.357       17.7        0.0      3.256        866.6365  1.487875      1.000000
    106   1     -1   3   3     4  0.114948  0.505930      62.948        0.3        0.0      0.205         12.6278  1.475317      1.000000
    107   1     -4   2   3     4  0.115694  0.506524      63.291        2.2        1.9      0.179        108.9465  1.468149      1.000000
    108   1     -4   1   4     4  0.115741  0.506561      63.312       14.7       13.6      0.975        745.8032  1.467705      1.000000
    109   1      0   3   3     4  0.116002  0.506768      63.431        5.8        5.4      0.119        296.8081  1.465236      1.000000
    110   1      2   3   2     4  0.116044  0.506801      63.450      175.3      161.7      3.228       8919.9033  1.464840      1.000000
    111   1     -3   3   2     4  0.116917  0.507487      63.846      234.1      214.9      2.757      12070.7539  1.456722      1.000000
    112   1      1   2   4     4  0.117462  0.507910      64.090      194.7      164.1      2.012      10119.6133  1.451759      1.000000
    113   1     -1   1   5     4  0.117525  0.507959      64.118        9.6        8.0      0.121        501.4857  1.451193      1.000000
    114   1      3   3   1     4  0.118776  0.508919      64.672        4.1        2.4      0.270        216.7312  1.440094      1.000000
    115   1     -3   2   4     4  0.118882  0.509000      64.718       46.3       29.9      1.989       2455.3665  1.439175      1.000000
    116   1      5   1   1     4  0.119088  0.509156      64.808       15.5       10.4      0.680        826.8115  1.437390      1.000000
    117   1     -5   1   3     4  0.119149  0.509202      64.835        8.8        5.9      0.404        470.3554  1.436863      1.000000
    118   1     -2   3   3     4  0.119211  0.509249      64.862        3.1        2.1      0.152        166.1998  1.436327      1.000000
    119   1     -2   1   5     4  0.119319  0.509332      64.909        1.9        1.4      0.116        102.4797  1.435394      1.000000
    120   1      0   1   5     4  0.121159  0.510708      65.703        4.3        0.0      2.273        236.5530  1.419965      1.000000

   No.  Code     H   K   L  Mult      Hw      ETA/M    2theta/TOF     Icalc       Iobs      Sigma     StrFactor^2    d-hkl       CORR

    121   1      1   3   3     4  0.122530  0.511714      66.283       11.9       11.2      2.678        661.6962  1.408934      1.000000
    122   1      3   2   3     4  0.123345  0.512305      66.624       20.8       13.6      2.160       1172.1346  1.402558      1.000000
    123   1     -5   2   1     4  0.123619  0.512503      66.738        4.0        1.7      0.576        225.5167  1.400437      1.000000
    124   1      4   2   2     4  0.125276  0.513683      67.419        2.9        2.5      1.290        167.2299  1.387942      1.000000
    125   1      3   0   4     2  0.126725  0.514699      68.004      115.3      140.5      2.678      13557.8145  1.377405      1.000000
    126   1     -3   1   5     4  0.126800  0.514751      68.035        1.0        1.2      0.019         57.5366  1.376870      1.000000
    127   1      5   2   0     4  0.126949  0.514855      68.094       59.8       67.1      1.075       3524.5115  1.375807      1.000000
    128   1     -5   2   2     4  0.126982  0.514878      68.107       14.6       16.3      0.264        863.7056  1.375576      1.000000
    129   1      0   4   0     2  0.127614  0.515315      68.359      341.6      342.2      2.965      40599.4531  1.371117      1.000000
    130   1     -4   3   1     4  0.129328  0.516486      69.035        0.0        0.0      0.002          2.0454  1.359342      1.000000
    131   1      4   1   3     4  0.129379  0.516521      69.055        1.0        1.2      0.049         60.0429  1.358996      1.000000
    132   1     -3   3   3     4  0.129412  0.516543      69.068        1.1        1.4      0.050         69.7438  1.358778      1.000000
    133   1      5   0   2     2  0.129707  0.516743      69.183      153.4      165.0      1.736      18675.5391  1.356796      1.000000
    134   1     -5   0   4     2  0.129807  0.516810      69.222      188.0      197.5      1.808      22913.0664  1.356130      1.000000
    135   1      1   4   0     4  0.130555  0.517313      69.511       75.0       84.2      1.156       4611.6021  1.351181      1.000000
    136   1      1   1   5     4  0.130736  0.517434      69.581        4.0        4.4      0.075        247.4951  1.349998      1.000000
    137   1      0   4   1     4  0.131063  0.517652      69.707       16.2       16.3      0.145        999.5458  1.347868      1.000000
    138   1      2   2   4     4  0.131256  0.517780      69.781      586.7      606.3      2.907      36338.1172  1.346621      1.000000
    139   1      4   3   0     4  0.131400  0.517876      69.836      192.6      198.2      0.996      11943.9775  1.345692      1.000000
    140   1     -6   0   2     2  0.131865  0.518184      70.014       62.9       66.5      0.465       7847.5854  1.342708      1.000000
    141   1     -1   4   1     4  0.132663  0.518709      70.317        8.1        8.5      0.134        511.5025  1.337667      1.000000
    142   1      3   3   2     4  0.132856  0.518836      70.390       53.6       57.1      0.488       3375.0256  1.336459      1.000000
    143   1      3   1   4     4  0.132942  0.518893      70.422      312.2      335.4      2.513      19683.2207  1.335918      1.000000
    144   1     -4   2   4     4  0.133638  0.519347      70.684      331.1      363.0      2.327      21027.3066  1.331613      1.000000
    145   1     -4   3   2     4  0.134256  0.519747      70.915       11.7       13.5      0.144        745.0612  1.327839      1.000000
    146   1      6   0   0     2  0.134662  0.520010      71.066      184.5      277.0      2.470      23682.6445  1.325385      1.000000
    147   1      2   3   3     4  0.135454  0.520518      71.360        2.4        3.2      0.070        153.8529  1.320657      1.000000
    148   1      1   4   1     4  0.135509  0.520553      71.380        7.4        9.6      0.231        476.5017  1.320332      1.000000
    149   1     -1   2   5     4  0.135694  0.520671      71.448        6.4        7.6      0.187        414.7179  1.319245      1.000000
    150   1      5   1   2     4  0.136060  0.520905      71.583      167.0      177.9      1.545      10869.4209  1.317091      1.000000
    151   1     -6   1   1     4  0.136109  0.520936      71.600        7.9        8.3      0.067        517.3049  1.316808      1.000000
    152   1     -5   1   4     4  0.136165  0.520971      71.621      216.8      223.2      1.803      14122.8750  1.316482      1.000000
    153   1     -1   3   4     4  0.137071  0.521545      71.952        6.6        7.9      0.348        433.9018  1.311241      1.000000
    154   1      5   2   1     4  0.137490  0.521809      72.104        0.2        0.3      0.022         15.9617  1.308849      1.000000
    155   1     -5   2   3     4  0.137560  0.521853      72.129        0.4        0.4      0.036         26.0961  1.308451      1.000000
    156   1     -2   2   5     4  0.137755  0.521975      72.200        1.8        1.7      0.135        117.4178  1.307341      1.000000
    157   1     -6   1   2     4  0.138315  0.522326      72.402      225.4      254.6      3.143      14993.2852  1.304192      1.000000
    158   1      2   4   0     4  0.139761  0.523222      72.919       48.7       48.0      0.537       3281.9851  1.296214      1.000000
    159   1      0   3   4     4  0.139794  0.523243      72.931      230.3      228.0      2.433      15524.3662  1.296033      1.000000
    160   1      0   2   5     4  0.139865  0.523286      72.956        3.6        3.6      0.038        241.8263  1.295652      1.000000
    161   1     -2   4   1     4  0.140511  0.523683      73.185       10.2        9.7      0.092        695.1089  1.292164      1.000000
    162   1     -2   3   4     4  0.140631  0.523756      73.227      200.7      190.2      1.860      13631.4736  1.291521      1.000000
    163   1      4   3   1     4  0.140783  0.523849      73.281        4.2        3.9      0.049        283.9313  1.290708      1.000000
    164   1     -4   1   5     4  0.140982  0.523971      73.350       20.1       19.0      0.275       1369.9200  1.289649      1.000000
    165   1      6   1   0     4  0.141236  0.524126      73.440       43.9       43.3      0.559       2994.7231  1.288301      1.000000
    166   1      0   4   2     4  0.141934  0.524550      73.684      329.6      295.4      2.166      22644.1641  1.284631      1.000000
    167   1     -1   4   2     4  0.142145  0.524678      73.758      365.8      323.2      2.365      25178.5820  1.283528      1.000000
    168   1     -3   2   5     4  0.146308  0.527153      75.185        3.0        0.0      0.810        213.4986  1.262665      1.000000
    169   1      2   4   1     4  0.146565  0.527303      75.272        8.8        2.5      1.434        629.5328  1.261427      1.000000
    170   1     -4   3   3     4  0.146922  0.527511      75.392        3.0        2.3      0.492        213.1197  1.259717      1.000000
    171   1      2   1   5     4  0.147530  0.527865      75.596        4.1        3.6      0.547        296.9264  1.256827      1.000000
    172   1     -6   1   3     4  0.148179  0.528239      75.812       10.6        8.7      0.554        765.8461  1.253780      1.000000
    173   1      1   4   2     4  0.148262  0.528288      75.840        1.1        0.9      0.045         78.0809  1.253389      1.000000
    174   1     -1   0   6     2  0.148529  0.528441      75.928       81.8       77.0      1.793      11849.2012  1.252149      1.000000
    175   1     -2   4   2     4  0.148923  0.528668      76.059        2.7        2.8      0.033        197.2747  1.250324      1.000000
    176   1      1   3   4     4  0.149141  0.528793      76.131      274.0      281.9      2.249      19947.5098  1.249318      1.000000
    177   1     -2   0   6     2  0.149190  0.528821      76.147      116.6      120.2      0.946      16981.5723  1.249093      1.000000
    178   1      4   2   3     4  0.149246  0.528853      76.165        0.2        0.2      0.002         16.9848  1.248837      1.000000
    179   1      1   2   5     4  0.150790  0.529731      76.672        6.2        6.1      0.065        454.4417  1.241843      1.000000
    180   1     -3   3   4     4  0.150918  0.529804      76.714      404.9      402.8      3.387      29865.7246  1.241271      1.000000

   No.  Code     H   K   L  Mult      Hw      ETA/M    2theta/TOF     Icalc       Iobs      Sigma     StrFactor^2    d-hkl       CORR

    181   1      3   2   4     4  0.153299  0.531138      77.483       93.4      130.7      2.680       7001.0781  1.230858      1.000000
    182   1      6   1   1     4  0.154449  0.531774      77.850        0.1        0.1      0.003          3.8422  1.225971      1.000000
    183   1      0   0   6     2  0.154662  0.531891      77.917        1.7        1.7      0.063        264.7090  1.225077      1.000000
    184   1      4   0   4     2  0.154883  0.532013      77.988       84.2       81.4      2.046      12763.7959  1.224151      1.000000
    185   1     -3   4   1     4  0.155604  0.532408      78.215       16.6       16.4      0.201       1261.5344  1.221154      1.000000
    186   1     -1   1   6     4  0.155705  0.532463      78.247      185.6      184.1      2.006      14142.8359  1.220738      1.000000
    187   1     -2   1   6     4  0.156395  0.532839      78.464       28.3       28.4      0.221       2166.8467  1.217905      1.000000
    188   1      3   4   0     4  0.156410  0.532848      78.469      186.1      186.2      1.429      14245.5771  1.217845      1.000000
    189   1      3   3   3     4  0.156483  0.532887      78.492        0.8        0.8      0.006         63.3851  1.217548      1.000000
    190   1     -3   0   6     2  0.156729  0.533021      78.569       25.4       25.2      0.175       3903.8230  1.216548      1.000000
    191   1     -5   3   1     4  0.156824  0.533073      78.599       17.9       17.8      0.123       1376.0209  1.216160      1.000000
    192   1      5   2   2     4  0.156843  0.533083      78.604       77.0       76.3      0.527       5907.7769  1.216085      1.000000
    193   1     -6   2   1     4  0.156898  0.533112      78.621        4.1        4.1      0.028        314.4203  1.215863      1.000000
    194   1     -5   2   4     4  0.156961  0.533147      78.641      182.5      182.5      1.295      14021.4395  1.215606      1.000000
    195   1      4   3   2     4  0.158883  0.534181      79.237      315.3      271.2      2.857      24507.9141  1.207950      1.000000
    196   1     -6   2   2     4  0.159405  0.534459      79.398       87.4       71.5      0.847       6812.2515  1.205910      1.000000
    197   1     -6   0   4     2  0.159516  0.534518      79.432        6.1        5.1      0.060        957.7779  1.205478      1.000000
    198   1     -1   4   3     4  0.160422  0.534999      79.709        8.3        7.8      0.137        647.7430  1.201980      1.000000
    199   1      5   3   0     4  0.160960  0.535283      79.873      217.9      199.4      1.432      17144.9551  1.199924      1.000000
    200   1     -5   3   2     4  0.161001  0.535305      79.886      272.7      249.2      1.749      21460.7051  1.199771      1.000000
    201   1      0   4   3     4  0.161865  0.535759      80.147        2.5        2.5      0.013        199.8532  1.196510      1.000000
    202   1      2   4   2     4  0.161922  0.535789      80.165      187.7      185.8      0.939      14847.0381  1.196294      1.000000
    203   1      0   1   6     4  0.162104  0.535884      80.220      228.8      231.3      1.097      18121.7109  1.195612      1.000000
    204   1      4   1   4     4  0.162335  0.536005      80.289      216.0      223.4      1.099      17130.7832  1.194752      1.000000
    205   1     -4   2   5     4  0.162433  0.536056      80.319        2.0        2.1      0.011        162.4028  1.194386      1.000000
    206   1      6   2   0     4  0.162722  0.536207      80.406      240.9      238.4      1.190      19143.3008  1.193314      1.000000
    207   1     -3   4   2     4  0.163116  0.536412      80.524      173.4      169.1      1.006      13807.0322  1.191860      1.000000
    208   1      5   1   3     4  0.163569  0.536647      80.660        0.3        0.3      0.003         27.5512  1.190198      1.000000
    209   1     -5   1   5     4  0.163733  0.536732      80.709        2.5        2.4      0.024        201.1078  1.189599      1.000000
    210   1     -3   1   6     4  0.164261  0.537005      80.866      219.9      210.6      2.229      17619.6289  1.187680      1.000000
    211   1      3   4   1     4  0.165651  0.537719      81.278        0.1        0.1      0.006          6.6566  1.182701      1.000000
    212   1     -2   4   3     4  0.166243  0.538021      81.452        3.5        4.2      0.277        285.4899  1.180612      1.000000
    213   1      2   3   4     4  0.166299  0.538050      81.468        1.7        2.1      0.132        140.8922  1.180414      1.000000
    214   1     -6   1   4     4  0.167171  0.538492      81.724      209.5      253.9      3.207      17041.8730  1.177373      1.000000
    215   1      1   0   6     2  0.168360  0.539092      82.070      101.3      110.0      1.757      16572.1934  1.173282      1.000000
    216   1     -4   3   4     4  0.169250  0.539539      82.327       15.3       16.0      0.313       1257.0215  1.170266      1.000000
    217   1      6   0   2     2  0.169666  0.539746      82.447      144.3      165.7      2.354      23770.9492  1.168869      1.000000
    218   1      2   2   5     4  0.169875  0.539850      82.507        0.1        0.1      0.002          9.3268  1.168172      1.000000
    219   1     -6   2   3     4  0.170612  0.540217      82.718        0.0        0.0      0.001          3.5784  1.165724      1.000000
    220   1      1   4   3     4  0.170754  0.540287      82.758        8.7        8.4      0.333        723.8206  1.165258      1.000000
    221   1     -1   3   5     4  0.171796  0.540802      83.055       27.0       24.2      0.889       2244.4519  1.161844      1.000000
    222   1     -4   0   6     2  0.172099  0.540950      83.141       75.4       62.5      1.732      12562.8115  1.160863      1.000000
    223   1     -7   0   2     2  0.172926  0.541356      83.375      150.4      146.0      2.295      25145.1543  1.158203      1.000000
    224   1      3   1   5     4  0.173800  0.541781      83.620        0.6        0.6      0.021         53.3798  1.155426      1.000000
    225   1      5   3   1     4  0.174022  0.541889      83.682        1.8        1.9      0.092        154.1972  1.154725      1.000000
    226   1     -5   3   3     4  0.174109  0.541932      83.707        0.0        0.0      0.003          3.6811  1.154451      1.000000
    227   1     -2   3   5     4  0.174351  0.542049      83.775        0.0        0.0      0.003          2.4691  1.153689      1.000000
    228   1      1   1   6     4  0.176410  0.543041      84.346       41.6       46.6      2.579       3523.9197  1.147322      1.000000
    229   1      0   3   5     4  0.176966  0.543306      84.499        0.1        0.1      0.008          8.3935  1.145632      1.000000
    230   1      6   2   1     4  0.177749  0.543679      84.714        0.8        0.8      0.051         65.9606  1.143272      1.000000
    231   1      6   1   2     4  0.177775  0.543692      84.721       15.6       16.6      1.050       1330.1072  1.143195      1.000000
    232   1     -1   2   6     4  0.179180  0.544356      85.105      127.0      143.2      2.314      10889.3838  1.139024      1.000000
    233   1     -4   4   1     4  0.179964  0.544724      85.317        7.5        8.3      0.066        642.1666  1.136732      1.000000
    234   1     -2   2   6     4  0.179967  0.544726      85.318      198.3      220.1      1.756      17049.6621  1.136722      1.000000
    235   1     -3   4   3     4  0.180077  0.544778      85.348        9.9       11.0      0.082        849.5134  1.136402      1.000000
    236   1      7   0   0     2  0.180200  0.544835      85.381       30.0       33.5      0.249       5167.8706  1.136045      1.000000
    237   1     -7   1   1     4  0.180214  0.544842      85.385        0.1        0.1      0.000          4.5489  1.136005      1.000000
    238   1     -4   1   6     4  0.180319  0.544891      85.413      133.1      149.0      1.179      11454.6270  1.135701      1.000000
    239   1     -7   1   2     4  0.181184  0.545294      85.645        4.5        4.9      0.071        392.8311  1.133211      1.000000
    240   1      4   4   0     4  0.182770  0.546029      86.069      173.1      147.9      2.823      15031.5020  1.128714      1.000000

   No.  Code     H   K   L  Mult      Hw      ETA/M    2theta/TOF     Icalc       Iobs      Sigma     StrFactor^2    d-hkl       CORR

    241   1      3   4   2     4  0.184742  0.546934      86.591      174.0      160.1      2.502      15205.2490  1.123248      1.000000
    242   1     -3   3   5     4  0.184966  0.547036      86.650       18.0       16.3      0.287       1577.5715  1.122637      1.000000
    243   1      0   2   6     4  0.186485  0.547725      87.047        0.4        0.4      0.005         39.4864  1.118533      1.000000
    244   1     -4   4   2     4  0.186640  0.547795      87.088      203.5      182.5      2.326      17887.1035  1.118117      1.000000
    245   1      4   2   4     4  0.186748  0.547844      87.116       43.7       39.5      0.518       3841.0564  1.117828      1.000000
    246   1      5   2   3     4  0.188160  0.548478      87.481        2.1        2.0      0.039        184.5601  1.114096      1.000000
    247   1      2   4   3     4  0.188266  0.548525      87.509       10.7       10.5      0.197        944.7938  1.113818      1.000000
    248   1     -5   2   5     4  0.188347  0.548562      87.530        4.3        4.3      0.076        377.1339  1.113604      1.000000
    249   1      4   3   3     4  0.188623  0.548685      87.601       15.1       16.0      0.227       1331.2159  1.112885      1.000000
    250   1      7   1   0     4  0.188798  0.548763      87.646      121.3      130.5      1.706      10735.9902  1.112430      1.000000
    251   1     -3   2   6     4  0.188952  0.548832      87.685       47.4       49.9      0.684       4197.8550  1.112030      1.000000
    252   1     -1   4   4     4  0.190460  0.549501      88.071      274.3      268.3      2.668      24380.7285  1.108152      1.000000
    253   1      1   3   5     4  0.190548  0.549539      88.093        4.8        4.7      0.049        431.1145  1.107928      1.000000
    254   1      2   0   6     2  0.191491  0.549955      88.333       56.0       55.4      0.748       9984.8408  1.105539      1.000000
    255   1     -7   1   3     4  0.191861  0.550117      88.426        0.7        0.6      0.012         59.7807  1.104613      1.000000
    256   1     -6   2   4     4  0.192283  0.550302      88.533       17.7       16.3      0.491       1585.5475  1.103556      1.000000
    257   1      3   3   4     4  0.193680  0.550911      88.884      152.2      160.4      2.549      13642.6445  1.100105      1.000000
    258   1      0   4   4     4  0.194162  0.551120      89.005       18.0       18.5      0.378       1618.4929  1.098927      1.000000
    259   1     -2   4   4     4  0.195300  0.551611      89.288       76.3       80.3      1.622       6864.9600  1.096172      1.000000
    260   1      4   4   1     4  0.195508  0.551700      89.339        0.1        0.1      0.003          9.3224  1.095675      1.000000
    261   1      5   0   4     2  0.197213  0.552430      89.760      122.0      130.9      1.527      22052.5293  1.091627      1.000000
    262   1     -5   0   6     2  0.197459  0.552535      89.821      124.1      130.8      1.339      22448.6133  1.091050      1.000000
    263   1      5   3   2     4  0.198115  0.552813      89.981       67.2       74.2      0.692       6081.4648  1.089520      1.000000
    264   1     -6   3   1     4  0.198183  0.552843      89.998       11.2       12.3      0.114       1010.6538  1.089360      1.000000
    265   1     -5   3   4     4  0.198263  0.552876      90.017       74.1       81.7      0.756       6717.8643  1.089175      1.000000
    266   1     -6   1   5     4  0.198458  0.552959      90.065        2.0        2.2      0.021        182.6937  1.088723      1.000000
    267   1      1   5   0     4  0.199377  0.553347      90.289      116.7      128.6      1.501      10597.2998  1.086606      1.000000
    268   1      3   2   5     4  0.199895  0.553565      90.414        1.4        1.4      0.026        125.7238  1.085422      1.000000
    269   1      0   5   1     4  0.200134  0.553665      90.472        2.7        2.8      0.056        247.9881  1.084881      1.000000
    270   1      2   1   6     4  0.200637  0.553876      90.594       37.7       42.1      0.669       3431.5039  1.083741      1.000000
    271   1     -6   3   2     4  0.201329  0.554165      90.760      111.9      119.1      1.820      10199.8711  1.082185      1.000000
    272   1     -1   5   1     4  0.202518  0.554659      91.045        3.4        3.4      0.043        310.0167  1.079540      1.000000
    273   1      1   2   6     4  0.202901  0.554817      91.136      250.7      246.8      2.513      22918.9902  1.078696      1.000000
    274   1     -4   4   3     4  0.203893  0.555226      91.372        0.5        0.4      0.005         41.2534  1.076526      1.000000
    275   1     -7   0   4     2  0.204264  0.555379      91.460       70.7       64.7      0.531      12959.9990  1.075721      1.000000
    276   1      6   2   2     4  0.204475  0.555465      91.510      283.3      256.5      2.116      25977.4668  1.075263      1.000000
    277   1     -4   3   5     4  0.205140  0.555737      91.667        3.4        3.1      0.039        316.5635  1.073833      1.000000
    278   1      6   3   0     4  0.205504  0.555886      91.753       26.8       25.6      0.318       2462.4639  1.073054      1.000000
    279   1      5   1   4     4  0.206648  0.556351      92.021        6.7        7.1      0.132        612.5286  1.070626      1.000000
    280   1      1   5   1     4  0.206771  0.556401      92.050        1.8        2.0      0.035        169.9730  1.070367      1.000000
    281   1     -5   1   6     4  0.206906  0.556456      92.081        0.1        0.1      0.002          9.2167  1.070081      1.000000
    282   1      1   4   4     4  0.206939  0.556469      92.089       45.2       48.7      0.806       4164.2690  1.070014      1.000000
    283   1     -7   2   1     4  0.207291  0.556612      92.171        2.5        2.5      0.038        226.4394  1.069274      1.000000
    284   1     -4   2   6     4  0.207412  0.556661      92.199       85.6       85.7      1.273       7882.7178  1.069021      1.000000
    285   1      7   1   1     4  0.208364  0.557044      92.420        0.0        0.0      0.000          0.9793  1.067042      1.000000
    286   1     -7   2   2     4  0.208412  0.557063      92.432      289.1      269.1      2.620      26673.8750  1.066943      1.000000
    287   1     -3   4   4     4  0.209383  0.557453      92.656       15.0       13.5      0.222       1387.6006  1.064945      1.000000
    288   1      2   5   0     4  0.213150  0.558945      93.516      145.2      160.7      3.018      13484.1924  1.057396      1.000000
    289   1      4   1   5     4  0.213841  0.559215      93.672        0.0        0.0      0.001          3.2085  1.056044      1.000000
    290   1     -7   1   4     4  0.214066  0.559303      93.723       44.3       50.4      0.867       4121.7988  1.055607      1.000000
    291   1     -2   5   1     4  0.214279  0.559386      93.771       12.7       14.6      0.248       1183.6135  1.055194      1.000000
    292   1      2   3   5     4  0.214553  0.559493      93.833        0.1        0.1      0.002          9.0490  1.054662      1.000000
    293   1     -2   1   7     4  0.214853  0.559610      93.900       10.0       11.0      0.245        929.3418  1.054084      1.000000
    294   1      6   1   3     4  0.215466  0.559848      94.037        2.4        2.5      0.071        225.8130  1.052906      1.000000
    295   1     -6   3   3     4  0.215490  0.559857      94.043        3.7        3.8      0.107        342.6673  1.052859      1.000000
    296   1     -1   1   7     4  0.216152  0.560113      94.190        0.1        0.1      0.001          5.6698  1.051598      1.000000
    297   1      0   5   2     4  0.216425  0.560219      94.251       84.8       88.5      1.453       7906.5508  1.051080      1.000000
    298   1     -1   5   2     4  0.216744  0.560342      94.322       46.8       49.6      0.673       4361.9009  1.050475      1.000000
    299   1      3   4   3     4  0.217076  0.560470      94.396        2.0        2.1      0.027        182.5756  1.049850      1.000000
    300   1      7   2   0     4  0.217238  0.560532      94.432      127.6      138.1      1.816      11899.8682  1.049545      1.000000

   No.  Code     H   K   L  Mult      Hw      ETA/M    2theta/TOF     Icalc       Iobs      Sigma     StrFactor^2    d-hkl       CORR

    301   1     -5   4   1     4  0.217550  0.560652      94.501        0.8        0.9      0.013         73.5148  1.048960      1.000000
    302   1      4   4   2     4  0.220413  0.561743      95.130        3.9        6.7      0.611        364.6118  1.043678      1.000000
    303   1     -7   2   3     4  0.220802  0.561890      95.215        1.6        2.5      0.286        153.6278  1.042972      1.000000
    304   1      5   4   0     4  0.223312  0.562833      95.758       20.6       22.0      1.078       1933.0675  1.038489      1.000000
    305   1     -3   1   7     4  0.223354  0.562848      95.767        1.9        2.1      0.100        182.6603  1.038415      1.000000
    306   1     -5   4   2     4  0.223369  0.562854      95.770       15.2       15.9      0.768       1420.3862  1.038389      1.000000
    307   1      2   5   1     4  0.223444  0.562882      95.787       10.0       10.3      0.494        937.0344  1.038256      1.000000
    308   1      6   3   1     4  0.224602  0.563313      96.035        2.5        2.1      0.115        235.7030  1.036230      1.000000
    309   1      1   5   2     4  0.226032  0.563841      96.340      208.5      181.8      2.341      19573.6289  1.033760      1.000000
    310   1     -1   3   6     4  0.226439  0.563991      96.426       99.3       88.2      0.896       9319.0400  1.033064      1.000000
    311   1     -2   5   2     4  0.227041  0.564212      96.553      160.4      143.8      1.413      15063.8428  1.032038      1.000000
    312   1     -2   3   6     4  0.227450  0.564362      96.640       24.7       22.1      0.238       2320.0674  1.031345      1.000000
    313   1      0   1   7     4  0.227458  0.564364      96.641        1.2        1.0      0.011        109.7229  1.031333      1.000000
    314   1      3   0   6     2  0.227913  0.564531      96.737        0.3        0.2      0.003         52.3832  1.030565      1.000000
    315   1     -6   2   5     4  0.228509  0.564748      96.863        2.0        1.9      0.036        191.9933  1.029566      1.000000
    316   1      2   4   4     4  0.230809  0.565580      97.343      125.7      137.8      1.803      11827.5098  1.025764      1.000000
    317   1      2   2   6     4  0.231063  0.565672      97.395      117.8      129.3      1.585      11085.8516  1.025349      1.000000
    318   1      7   0   2     2  0.231428  0.565803      97.471        4.4        4.7      0.068        831.2817  1.024756      1.000000
    319   1     -4   4   4     4  0.234983  0.567068      98.200      141.5      138.2      2.074      13328.2939  1.019083      1.000000
    320   1      0   3   6     4  0.235868  0.567380      98.380      139.4      145.3      1.282      13146.8750  1.017702      1.000000
    321   1      4   3   4     4  0.236210  0.567500      98.449      130.3      139.5      1.157      12303.3857  1.017172      1.000000
    322   1     -8   0   2     2  0.236677  0.567663      98.544       10.8       11.4      0.101       2036.0992  1.016451      1.000000
    323   1     -6   0   6     2  0.237289  0.567878      98.667       19.5       19.9      0.178       3688.4775  1.015509      1.000000
    324   1     -3   5   1     4  0.237328  0.567891      98.675        1.1        1.2      0.010        106.8614  1.015450      1.000000
    325   1      5   3   3     4  0.238043  0.568141      98.819        2.6        2.7      0.017        245.2729  1.014357      1.000000
    326   1      5   2   4     4  0.238133  0.568172      98.837      137.5      141.2      0.878      13042.0791  1.014221      1.000000
    327   1     -5   3   5     4  0.238287  0.568225      98.868        0.1        0.1      0.001         13.8305  1.013986      1.000000
    328   1     -5   2   6     4  0.238438  0.568278      98.898      162.5      165.1      0.926      15428.7031  1.013758      1.000000
    329   1      3   5   0     4  0.238578  0.568326      98.926        3.7        3.7      0.020        349.8956  1.013545      1.000000
    330   1     -1   4   5     4  0.238603  0.568335      98.931        5.6        5.7      0.031        532.8415  1.013508      1.000000
    331   1      3   1   6     4  0.239046  0.568489      99.019      210.8      215.9      1.187      20074.6191  1.012839      1.000000
    332   1     -3   3   6     4  0.239074  0.568498      99.025      195.7      200.4      1.109      18636.4863  1.012797      1.000000
    333   1      7   2   1     4  0.240158  0.568873      99.241        0.1        0.1      0.001          9.6410  1.011172      1.000000
    334   1      5   4   1     4  0.241781  0.569430      99.562        0.0        0.0      0.001          4.0584  1.008771      1.000000
    335   1     -5   4   3     4  0.241905  0.569472      99.587        3.2        3.0      0.057        314.1835  1.008589      1.000000
    336   1     -2   4   5     4  0.242253  0.569591      99.655        2.0        1.9      0.031        196.9341  1.008080      1.000000
    337   1      7   1   2     4  0.242772  0.569768      99.757      138.2      130.3      1.624      14121.1934  1.007323      1.000000
    338   1     -4   1   7     4  0.243074  0.569871      99.816        0.9        0.8      0.009         93.0945  1.006885      1.000000
    339   1     -6   3   4     4  0.243421  0.569988      99.884      131.4      111.3      1.300      15387.1455  1.006383      1.000000

     -----------------------------------------------------
     BRAGG R-Factors and weight fractions for Pattern #  1
     -----------------------------------------------------

 => Phase:  1      #(C) 2021 by FIZ Karlsruhe - Leibniz Institute for Information Infrastructure.  All rights reserved.
 => Bragg R-factor:   6.38       Vol:  328.325( 0.006)  Fract(%):  100.00( 0.25)
 => Rf-factor=  4.81             ATZ:        1095.733   Brindley:  1.0000

     -----------------------------------------------------------------
      SYMBOLIC NAMES AND FINAL VALUES AND SIGMA OF REFINED PARAMETERS:
     -----------------------------------------------------------------

      ->  Parameter number    1 :                                          Zero_pat1   -0.41767283E-03( +/-    0.49125589E-03 )
      ->  Parameter number    2 :                                     Scale_ph1_pat1    0.19953635E-02( +/-    0.35284215E-05 )
      ->  Parameter number    3 :                                    Cell_A_ph1_pat1     8.1443138    ( +/-    0.83875668E-04 )
      ->  Parameter number    4 :                                    Cell_B_ph1_pat1     5.4844699    ( +/-    0.60820628E-04 )
      ->  Parameter number    5 :                                    Cell_C_ph1_pat1     7.5279284    ( +/-    0.77328543E-04 )
      ->  Parameter number    6 :                                    Cell_E_ph1_pat1     102.46577    ( +/-    0.65288652E-03 )
      ->  Parameter number    7 :                                    U-Cagl_ph1_pat1    0.66346355E-01( +/-    0.16438689E-02 )
      ->  Parameter number    8 :                                    W-Cagl_ph1_pat1    0.12684162E-01( +/-    0.20278615E-03 )
      ->  Parameter number    9 :                                    V-Cagl_ph1_pat1   -0.39751034E-01( +/-    0.11605758E-02 )
      ->  Parameter number   10 :                                     EtaPV_ph1_pat1    0.39675882    ( +/-    0.11382516E-01 )
      ->  Parameter number   11 :                                     X-tan_ph1_pat1    0.17343040E-02( +/-    0.33014809E-03 )
      ->  Parameter number   12 :                                     Asym1_ph1_pat1    0.58694456E-01( +/-    0.24638078E-02 )
      ->  Parameter number   13 :                                     Asym2_ph1_pat1    0.67075477E-02( +/-    0.67910686E-03 )
      ->  Parameter number   14 :                                          X_Na1_ph1    0.37987018    ( +/-    0.59410511E-03 )
      ->  Parameter number   15 :                                          Y_Na1_ph1    0.78675711    ( +/-    0.14252120E-02 )
      ->  Parameter number   16 :                                          Z_Na1_ph1    0.10412995    ( +/-    0.73665648E-03 )
      ->  Parameter number   17 :                                          X_Ta1_ph1    0.15922673    ( +/-    0.97724696E-04 )
      ->  Parameter number   18 :                                          Y_Ta1_ph1    0.25621882    ( +/-    0.43434981E-03 )
      ->  Parameter number   19 :                                          Z_Ta1_ph1    0.29579914    ( +/-    0.12053501E-03 )
      ->  Parameter number   20 :                                           X_O1_ph1    0.21596941    ( +/-    0.10256415E-02 )
      ->  Parameter number   21 :                                           Y_O1_ph1    0.15582687    ( +/-    0.12961820E-02 )
      ->  Parameter number   22 :                                           Z_O1_ph1    0.45933660E-01( +/-    0.14349711E-02 )
      ->  Parameter number   23 :                                           X_O2_ph1    0.53187050E-01( +/-    0.12649666E-02 )
      ->  Parameter number   24 :                                           Y_O2_ph1    0.53991073    ( +/-    0.18798476E-02 )
      ->  Parameter number   25 :                                           Z_O2_ph1    0.21498415    ( +/-    0.15998334E-02 )
      ->  Parameter number   26 :                                           X_F1_ph1    0.38385525    ( +/-    0.12218612E-02 )
      ->  Parameter number   27 :                                           Y_F1_ph1    0.47406226    ( +/-    0.17605843E-02 )
      ->  Parameter number   28 :                                           Z_F1_ph1    0.31081909    ( +/-    0.15563463E-02 )
      ->  Parameter number   29 :                                           X_F2_ph1    0.34285954    ( +/-    0.10916629E-02 )
      ->  Parameter number   30 :                                           Y_F2_ph1    0.98930544    ( +/-    0.16317635E-02 )
      ->  Parameter number   31 :                                           Z_F2_ph1    0.37225559    ( +/-    0.13903527E-02 )

 ------------------------------------------------------------------
 => Number of bytes for floating point variables: 4
 => Dimensions of dynamic allocated arrays in this run of FullProf:
 ------------------------------------------------------------------

 => Total approximate array memory (dynamic + static): 128536585 bytes

    MaxPOINT=    60000 Max.num. of points(+int. Inten.)/diffraction pattern       
    MaxREFLT=    20000 Max.num. of reflections/diffraction pattern               
    MaxPARAM=      300 Max.num. of refinable parameters                          
    MaxOVERL=    18096 Max.num. of overlapping reflections                       

 ----------------------------------------------------------
 => Number of bytes for floating point arrays: 4
 => Dimensions of fixed arrays in this release of FullProf:
 ----------------------------------------------------------

    NPATT   =       80 Max.num. of powder diffraction patterns                    
    NATS    =      830 Max.num. of atoms (all kind) in asymmetric unit            
    MPAR    =     1800 Max.num. of non atomic parameters/phase                    
    IEXCL   =       30 Max.num. of excluded regions                               
    IBACP   =      377 Max.num. of background points for interpolation            
    NPHT    =       16 Max.num. of phases                                         
    NMAGM   =        8 Max.num. of rotation-matrices sets for magnetic structure  
    NBASIS  =       12 Max.num. of basis functions associated to a single atom    
    NIREPS  =        9 Max.num. of irreducible representations to be combined     
    N_EQ    =      384 Max.num. of user-supplied symmetry operators/propagation vectors
    NGL     =      400 Max.num. of global parameters/diffraction pattern          
    N_LINC  =       50 Max.num. of global linear restraints                        
    NAT_P   =       80 Max.num. of atomic parameters per atom                     
    NCONST  =      500 Max.num. of slack constraints per phase                    
    N_SPE   =       30 Max.num. of different chemical species                     
    N_FORM  =       60 Max.num. of scattering factor values in a table            
    NPR     =      150 Max.num. of points defining a numerical profile            
    INPR    =       25 Max.num. of different numerical peak shapes                
    NPRC    =      150 Max.num. of terms in the table for correcting intensities  
    NSOL    =       10 Max.num. of solutions to be stored in Montecarlo searchs   

 
              CPU Time:     1.172 seconds
                            0.020 minutes

 => Run finished at:     Date: 08/02/2023  Time: 10:56:18.757                              
