

        **********************************************************
        ** PROGRAM FullProf.2k (Version 7.30 - Mar2020-ILL JRC) **
        **********************************************************
                       M U L T I -- P A T T E R N                 
            Rietveld, Profile Matching & Integrated Intensity     
                 Refinement of X-ray and/or Neutron Data


    Date: 03/02/2023  Time: 16:59:14.436                              

 => PCR file code: NaNbO2F2
 => DAT file code: NaNbO2F2.dat         -> Relative contribution: 1.0000                                                            

 ==> CONDITIONS OF THIS RUN FOR PATTERN No.:  1

 => Global Refinement of X-ray powder diffraction data                                                                              
 => Global Refinement of X-ray powder diffraction data                                                                              
    Bragg-Brentano(X-rays) or Debye-Scherrer geometry(Neutrons)
 => Title:  #(C) 2021 by FIZ Karlsruhe - Leibniz Institute for Information Infrastructure.  All rights reserved.

 => Number of phases:    1
 => Number of excluded regions:    1
 => Number of scattering factors supplied:    0
 => Conventional weights: w=1.0/Variance(yobs)
 => Asymmetry correction as in J.Appl.Cryst. 26,128(1993)
 => Background linearly interpolated between the   23 points given
 => The    5th default profile function was selected
 => Pseudo-Voigt function (ETA variable)
                 X-parameter correspond to: ETA=ETA0+X*2theta
                       pV(x)= ETA*L(x)+(1-ETA)*G(x)

 ==> INPUT/OUTPUT OPTIONS:

 => Generate file *.PRF for plot
 => Output Integrated Intensities
 => Generate new input file *.PCR

 => X-Y type of data: 2theta/TOF/E(Kev) Intens sigma for pattern:  1
 => Plot pattern at each cycle
 => Wavelengths:  1.54056 1.54439
 => Alpha2/Alpha1 ratio:   0.5000
 => Cos(Monochromator angle)=   0.9100
 => Asymmetry correction for angles lower than   90.000 degrees
 => Absorption correction (AC), muR-eff =   0.0000  0.0000
 => Base of peaks: 2.0*HW*    8.00

 => Number of cycles:   33
 => Relaxation factors ==>    for coordinates:  1.00
 => for anisotropic temperature factors:  1.00
 => for halfwidth/strain/size parameters:  1.00
 => for lattice constants and propagation vectors:  1.00
 => EPS-value for convergence:    0.1
 => Background ==> 
    Position   Intensity
       10.09     7707.42        0.00
       12.08     8011.58        0.00
       13.65     8084.90        0.00
       15.60     7662.10        0.00
       18.58     7213.43        0.00
       20.76     7427.69        0.00
       25.61     7338.63        0.00
       30.31     7097.40        0.00
       35.67     6485.17        0.00
       38.35     6438.34        0.00
       42.42     6361.24        0.00
       45.49     6498.77        0.00
       54.17     6386.08        0.00
       62.55     6068.49        0.00
       68.02     5933.73        0.00
       75.19     5983.67        0.00
       78.38     5778.43        0.00
       82.21     5840.76        0.00
       86.30     5810.33        0.00
       90.84     5736.31        0.00

       94.54     5764.54        0.00
       96.72     5708.43        0.00
       99.91     5666.75        0.00

 

 => Excluded regions for Pattern#  1
    From     to
     14.0000     18.0000

 => Number of Least-Squares parameters varied:    32

 =>--------------------------->
 =>------->  PATTERN number:  1
 =>--------------------------->
 => Global parameters and codes ==>
 => Zero-point:    -0.0026   11.0000
 => Displacement peak-shift parameter and code:     0.00    0.00
 => Transparency peak-shift parameter and code:     0.00    0.00

 => Reading Intensity data  =>>

 -> No recognizable heading in input data file X,Y,sigma
    First 6 lines are considered as COMMENTS (except for TSAMP keyword)
 -> COMMENT: 10.0116	7751.00000                                                                                                                  
 -> COMMENT: 10.0247	7891.00000                                                                                                                  
 -> COMMENT: 10.0379	7728.00000                                                                                                                  
 -> COMMENT: 10.0510	7803.00000                                                                                                                  
 -> COMMENT: 10.0641	7960.00000                                                                                                                  
 -> COMMENT: 10.0772	7719.00000                                                                                                                  
 ==> Angular range, step and number of points:
     2Thmin:      10.090400  2Thmax:      99.993401  Step:       0.013132  No. of points:   6848
 --------------------------------------------------------------------------------
 => Phase  No. 1
       #(C) 2021 by FIZ Karlsruhe - Leibniz Institute for Information Infras
 --------------------------------------------------------------------------------
 =>-------> Pattern#  1
 => Crystal Structure Refinement
 => Preferred orientation vector:   1.0000  0.0000  0.0000

 =>-------> Data for PHASE: 1
 => Number of atoms:    6
 => Number of distance  constraints:    0
 => Number of angle     constraints:    0

 => Symmetry information on space group: P 1 21/c 1          
 -> The multiplicity of the general position is:   4
 -> The space group is Centric (-1 at origin)   
 -> Lattice type  P: { 000 }                                       
 -> Reduced set of symmetry operators:

  No.  IT   Symmetry symbol    Rotation part     Associated Translation
   1: ( 1)   1            -->     ( x, y, z) + {  0.0000  0.0000  0.0000}
   2: ( 3)   2 ( 0, y, 0) -->     (-x, y,-z) + {  0.0000  0.5000  0.5000}


        Information on Space Group: 
        --------------------------- 

 =>   Number of Space group:  14
 =>  Hermann-Mauguin Symbol: P 1 21/c 1
 =>             Hall Symbol: -P 2ybc
 =>    Table Setting Choice: b1
 =>            Setting Type: IT (Generated from Hermann-Mauguin symbol)
 =>          Crystal System: Monoclinic
 =>              Laue Class: 2/m
 =>             Point Group: 2/m
 =>         Bravais Lattice: P
 =>          Lattice Symbol: mP
 =>  Reduced Number of S.O.:   2
 =>    General multiplicity:   4
 =>          Centrosymmetry: Centric (-1 at origin)
 =>  Generators (exc. -1&L):   1
 =>         Asymmetric unit:  0.000 <= x <=  1.000
                              0.000 <= y <=  0.250
                              0.000 <= z <=  1.000

 => List of S.O. without inversion and lattice centring translations
 => SYMM(  1): x,y,z                               => SYMM(  2): -x,y+1/2,-z+1/2


 => Initial parameters ==>
 Atom    Ntyp                  X         Y         Z         B         occ.         in  fin  Spc  Mult
                             B11       B22       B33       B12       B13       B23
 Na1    Na                 0.36831   0.78695   0.11720   1.12908   1.00000           0    0    0    4
                 Codes:  151.00000 161.00000 171.00000   0.00000   0.00000
 Nb1    Nb                 0.15532   0.25573   0.31742   1.31779   1.00000           0    0    0    4
                 Codes:  181.00000 191.00000 201.00000   0.00000   0.00000
 O1     O                  0.18187   0.16203   0.05852   1.45281   1.00000           0    0    0    4
                 Codes:  211.00000 221.00000 231.00000   0.00000   0.00000
 O2     O                  0.07087   0.58709   0.23464   1.45281   1.00000           0    0    0    4
                 Codes:  241.00000 251.00000 261.00000   0.00000   0.00000
 F1     F                  0.36604   0.42561   0.30479   1.79232   1.00000           0    0    0    4
                 Codes:  271.00000 281.00000 291.00000   0.00000   0.00000
 F2     F                  0.31736   0.97883   0.38147   1.79232   1.00000           0    0    0    4
                 Codes:  301.00000 311.00000 321.00000   0.00000   0.00000

 => IT IS ASSUMED THAT THE FIRST GIVEN SITE IS FULLY OCCUPIED 
    OR THE FIRST AND SECOND ATOMS ARE IN THE SAME SITE WITH TOTAL FULL OCCUPATION
  (If this is not the case, change the order of atoms to obtain correct values for the content of the unit cell)
    The given occupation factors have been obtained mutiplying m/M by   1.0000
      -> Atom: Na  ,  Chemical element: NA  Atomic Mass:    22.9898
      -> Atom: Nb  ,  Chemical element: NB  Atomic Mass:    92.9064
      -> Atom: O   ,  Chemical element: O   Atomic Mass:    15.9994
      -> Atom: O   ,  Chemical element: O   Atomic Mass:    15.9994
      -> Atom: F   ,  Chemical element: F   Atomic Mass:    18.9984
      -> Atom: F   ,  Chemical element: F   Atomic Mass:    18.9984
 => The given value of ATZ is        743.57 the program has calculated:         743.57
    The value of ATZ given in the input PCR file will be used for quantitative analysis
 => The chemical content of the unit cell is: 
       4.0000 Na   +   4.0000 Nb   +   4.0000 O    +   4.0000 O    +   4.0000 F    +   4.0000 F      
 => The normalized site occupation numbers in % are: 
     100.0000 Na1    :      100.0000 Nb1    :      100.0000 O1     :      100.0000 O2     :      100.0000 F1     :      100.0000 F2       
 => The density (volumic mass) of the compound is:    3.792 g/cm3

 =>-------> PROFILE PARAMETERS FOR PATTERN:  1

 => Overall scale factor:   0.650640E-02
 => ETA (p-Voigt) OR M (Pearson VII):   0.4738
 => Overall temperature factor:      0.00000
 => Halfwidth U,V,W:      0.03002    -0.00912     0.00601
 => X and Y parameters:       0.0024      0.0000
 => Direct cell parameters:    8.0346   5.4296   7.6349  90.0000 102.1189  90.0000
 => Preferred orientation parameters:  -0.4002  0.0000
 => Asymmetry parameters     :      0.02745     0.01157     0.00000     0.00000
 => Strain parameters        :      0.00000     0.00000     0.00000
 => Size   parameters        :      0.00000     0.00000

 ==> CODEWORDS FOR PROFILE PARAMETERS of PATTERN#  1

 => Overall scale factor:   21.000
 => ETA (p-Voigt) OR M (Pearson VII):  101.000
 => Overall temperature factor:    0.000
 => Halfwidth U,V,W:   71.000  91.000  81.000
 => X and Y parameters:  111.000   0.000
 => Direct cell parameters:   31.000  41.000  51.000   0.000  61.000   0.000
 => Preferred orientation parameters:  141.000   0.000
 => Asymmetry parameters     :  121.000 131.000   0.000   0.000
 => Strain parameters        :    0.000   0.000   0.000
 => Size   parameters        :    0.000   0.000

 => Cell constraints according to Laue symmetry: 2/m  

        Metric information:
        -------------------

 => Direct cell parameters:

         a =       8.0346      b =       5.4296      c =       7.6349
     alpha =       90.000   beta =      102.119  gamma =       90.000
                        Direct Cell Volume =     325.6431

 => Reciprocal cell parameters:

         a*=     0.127299      b*=     0.184177      c*=     0.133964
     alpha*=       90.000   beta*=       77.881  gamma*=       90.000
                    Reciprocal Cell Volume =   0.00307085

 => Direct and Reciprocal Metric Tensors:

                   GD                                       GR
     64.5549      0.0000    -12.8784          0.016205    0.000000    0.003580
      0.0000     29.4801      0.0000          0.000000    0.033921    0.000000
    -12.8784      0.0000     58.2910          0.003580    0.000000    0.017946

 =>  Cartesian frame: z // c; y is in the bc-plane; x is y ^ z = a*  

     Crystal_to_Orthonormal_Matrix              Orthonormal_to_Crystal Matrix
              Cr_Orth_cel                               Orth_Cr_cel  
      8.0346      0.0000     -1.6029          0.124462   -0.000000    0.026725
      0.0000      5.4296      0.0000          0.000000    0.184177   -0.000000
      0.0000      0.0000      7.4647          0.000000    0.000000    0.133964

     Busing-Levy B-matrix: Hc=B.H            Inverse of the Busing-Levy B-matrix
                BL_M                                      BL_Minv  
    0.127299    0.000000    0.028125            7.8555     -0.0000     -1.6868
    0.000000    0.184177   -0.000000            0.0000      5.4296      0.0000
    0.000000    0.000000    0.130978            0.0000      0.0000      7.6349

 => Laue symmetry 2/m   will be used to generate HKL for pattern#   1
 => Reflections generated between S(1/d)min:  0.1139 A-1 and S(1/d)max:  1.0102 A-1
 =>                                    dmax:  8.7808 A   and      dmin:  0.9899 A
 => The number of reflections generated is:    354
 => The max. scatt. variable (gen.ref.) is:       102.1784
 => Scattering coefficients from internal table


 => X-ray scattering coeff. (A1, B1, A2,...C, f(0), Z, Dfp,Dfpp)

 NA      4.7626   3.2850   3.1736   8.8422   1.2674   0.3136   1.1128 129.4240   0.6760  10.9924  11.0000   0.1290   0.1240
 NB     17.6142   1.1887  12.0144  11.7660   4.0418   0.2048   3.5335  69.7957   3.7559  40.9598  41.0000  -0.2480   2.4820
 O       3.0485  13.2771   2.2868   5.7011   1.5463   0.3239   0.8670  32.9089   0.2508   7.9994   8.0000   0.0470   0.0320
 F       3.5392  10.2825   2.6412   4.2944   1.5170   0.2615   1.0243  26.1476   0.2776   8.9993   9.0000   0.0690   0.0530

     --------------------------------------------------------------
      SYMBOLIC NAMES AND INITIAL VALUES OF PARAMETERS TO BE VARIED:
     --------------------------------------------------------------

      ->  Parameter number    1   -> Symbolic Name:                                          Zero_pat1   -0.26000000E-02
      ->  Parameter number    2   -> Symbolic Name:                                     Scale_ph1_pat1    0.65064002E-02
      ->  Parameter number    3   -> Symbolic Name:                                    Cell_A_ph1_pat1     8.0346050    
      ->  Parameter number    4   -> Symbolic Name:                                    Cell_B_ph1_pat1     5.4295621    
      ->  Parameter number    5   -> Symbolic Name:                                    Cell_C_ph1_pat1     7.6348529    
      ->  Parameter number    6   -> Symbolic Name:                                    Cell_E_ph1_pat1     102.11891    
      ->  Parameter number    7   -> Symbolic Name:                                    U-Cagl_ph1_pat1    0.30025000E-01
      ->  Parameter number    8   -> Symbolic Name:                                    W-Cagl_ph1_pat1    0.60129999E-02
      ->  Parameter number    9   -> Symbolic Name:                                    V-Cagl_ph1_pat1   -0.91190003E-02
      ->  Parameter number   10   -> Symbolic Name:                                     EtaPV_ph1_pat1    0.47380000    
      ->  Parameter number   11   -> Symbolic Name:                                     X-tan_ph1_pat1    0.24280001E-02
      ->  Parameter number   12   -> Symbolic Name:                                     Asym1_ph1_pat1    0.27450001E-01
      ->  Parameter number   13   -> Symbolic Name:                                     Asym2_ph1_pat1    0.11570000E-01
      ->  Parameter number   14   -> Symbolic Name:                                       Or1_ph1_pat1   -0.40018001    
      ->  Parameter number   15   -> Symbolic Name:                                          X_Na1_ph1    0.36831000    
      ->  Parameter number   16   -> Symbolic Name:                                          Y_Na1_ph1    0.78694999    
      ->  Parameter number   17   -> Symbolic Name:                                          Z_Na1_ph1    0.11720000    
      ->  Parameter number   18   -> Symbolic Name:                                          X_Nb1_ph1    0.15532000    
      ->  Parameter number   19   -> Symbolic Name:                                          Y_Nb1_ph1    0.25573000    
      ->  Parameter number   20   -> Symbolic Name:                                          Z_Nb1_ph1    0.31742001    
      ->  Parameter number   21   -> Symbolic Name:                                           X_O1_ph1    0.18187000    
      ->  Parameter number   22   -> Symbolic Name:                                           Y_O1_ph1    0.16203000    
      ->  Parameter number   23   -> Symbolic Name:                                           Z_O1_ph1    0.58520000E-01
      ->  Parameter number   24   -> Symbolic Name:                                           X_O2_ph1    0.70869997E-01
      ->  Parameter number   25   -> Symbolic Name:                                           Y_O2_ph1    0.58709002    
      ->  Parameter number   26   -> Symbolic Name:                                           Z_O2_ph1    0.23464000    
      ->  Parameter number   27   -> Symbolic Name:                                           X_F1_ph1    0.36603999    
      ->  Parameter number   28   -> Symbolic Name:                                           Y_F1_ph1    0.42561001    
      ->  Parameter number   29   -> Symbolic Name:                                           Z_F1_ph1    0.30478999    
      ->  Parameter number   30   -> Symbolic Name:                                           X_F2_ph1    0.31736001    
      ->  Parameter number   31   -> Symbolic Name:                                           Y_F2_ph1    0.97882998    
      ->  Parameter number   32   -> Symbolic Name:                                           Z_F2_ph1    0.38146999    
  
 
 => No optimization for routine tasks
 ++++++++++++++++++++++++++++++++++++++++++++++++++++++++++++++++++++++++++++++++++++++++++++++++++++++++++++++++++++++++

 => CYCLE No.:    1
 ---------------------------------------------------------------------------------------
 => Phase  1 Name:  #(C) 2021 by FIZ Karlsruhe - Leibniz Institute for Information Infras
 ---------------------------------------------------------------------------------------
 => New parameters, shifts, and standard deviations

 Atom        x       dx      sx       y       dy      sy       z       dz      sz       B       dB      sB      occ.    docc.   socc.

 Na1      0.36831 0.00000 0.00045  0.78695-0.00000 0.00128  0.11720-0.00000 0.00062  1.12908 0.00000 0.00000  1.00000 0.00000 0.00000
 Nb1      0.15532-0.00000 0.00013  0.25573 0.00000 0.00057  0.31742-0.00000 0.00019  1.31779 0.00000 0.00000  1.00000 0.00000 0.00000
 O1       0.18186-0.00001 0.00085  0.16204 0.00001 0.00132  0.05851-0.00001 0.00137  1.45281 0.00000 0.00000  1.00000 0.00000 0.00000
 O2       0.07086-0.00001 0.00075  0.58705-0.00004 0.00163  0.23463-0.00001 0.00109  1.45281 0.00000 0.00000  1.00000 0.00000 0.00000
 F1       0.36603-0.00001 0.00073  0.42558-0.00003 0.00118  0.30480 0.00001 0.00098  1.79232 0.00000 0.00000  1.00000 0.00000 0.00000
 F2       0.31735-0.00001 0.00070  0.97880-0.00003 0.00108  0.38147-0.00000 0.00100  1.79232 0.00000 0.00000  1.00000 0.00000 0.00000

 ==> PROFILE PARAMETERS FOR PATTERN#  1

 => Overall scale factor:      0.006505485    -0.000000916     0.000027218
 => Eta(p-Voigt) or m(Pearson VII):   0.473596 -0.000204  0.013653
 => Overall tem. factor:     0.000000    0.000000    0.000000
 => Halfwidth parameters: 
         0.030018   -0.000007    0.001661
        -0.009129   -0.000010    0.001016
         0.006013    0.000000    0.000149
 => Cell parameters: 
        8.034605    0.000000    0.000098
        5.429562   -0.000000    0.000086
        7.634854    0.000001    0.000105
       90.000000    0.000000    0.000000
      102.118912    0.000000    0.000915
       90.000000    0.000000    0.000000
 => Preferred orientation: 
        -0.400090    0.000090    0.003663
         0.000000    0.000000    0.000000
 => Asymmetry parameters: 
         0.027449   -0.000001    0.003095
         0.011567   -0.000003    0.000618
         0.000000    0.000000    0.000000
         0.000000    0.000000    0.000000
 => X and Y parameters: 
         0.002420   -0.000008    0.000460
         0.000000    0.000000    0.000000
 => Strain parameters: 
         0.000000    0.000000    0.000000
         0.000000    0.000000    0.000000
         0.000000    0.000000    0.000000
 => Size   parameters (G,L): 
         0.000000    0.000000    0.000000
         0.000000    0.000000    0.000000

 ==> GLOBAL PARAMETERS FOR PATTERN#  1


 => Zero-point:    -0.0026   -0.0000    0.0006

 => Cos( theta)-shift parameter :   0.0000  0.0000  0.0000
 => Sin(2theta)-shift parameter :   0.0000  0.0000  0.0000

 ==> RELIABILITY FACTORS WITH ALL NON-EXCLUDED POINTS FOR PATTERN:  1

 => R-Factors:   2.28      3.27     Chi2:  8.02     DW-Stat.:  0.3895   Patt#:  1
 => Expected :            1.16                                1.9331
 => Deviance : 0.529E+05     Dev*:   8.128    
 => GoF-index:  2.8         Sqrt(Residual/N)
 => N-P+C:  6510

 =>    SumYdif       SumYobs      SumYcal      SumwYobsSQ     Residual    Condition
     0.1112E+07    0.4877E+08    0.4872E+08    0.4877E+08    0.5219E+05    0.9455E+10


 => Conventional Rietveld Rp,Rwp,Re and Chi2:   15.7      12.0      4.25      8.018    
 => (Values obtained using Ynet, but true sigma(y))
 =>  SumYnet, Sum(w Ynet**2):     0.7074E+07    0.3599E+07


 ==> RELIABILITY FACTORS FOR POINTS WITH BRAGG CONTRIBUTIONS FOR PATTERN:  1

 => R-Factors:   2.35      3.38     Chi2:  8.57     DW-Stat.:  0.4047   Patt#:
 => Expected :            1.16                                1.9301
 => Deviance : 0.509E+05     Dev*:   8.692    
 => GoF-index:  2.9         Sqrt(Residual/N)
 => N-P+C:  5861

 =>    SumYdif       SumYobs      SumYcal      SumwYobsSQ     Residual    Condition
     0.1034E+07    0.4392E+08    0.4388E+08    0.4392E+08    0.5024E+05    0.9455E+10


 => Conventional Rietveld Rp,Rwp,Re and Chi2:   14.6      11.8      4.04      8.572    
 => (Values obtained using Ynet, but true sigma(y))
 =>  SumYnet, Sum(w Ynet**2):     0.7061E+07    0.3597E+07


 => Global user-weigthed Chi2 (Bragg contrib.):   8.57    

 => ---------> Pattern#  1
 => Phase:  1
 =>    Bragg R-factor:  7.98    
 =>    RF-factor     :  8.23    


   Standard deviations have to be multiplied by: 3.4135
   (correlated residuals) See references:
  -J.F.Berar & P.Lelann, J. Appl. Cryst. 24, 1-5 (1991) 
  -J.F.Berar, Acc. in Pow. Diff. II,NIST Sp.Pub. 846, 63(1992) 

 ++++++++++++++++++++++++++++++++++++++++++++++++++++++++++++++++++++++++++++++++++++++++++++++++++++++++++++++++++++++++

 => CYCLE No.:    1
 =>  Convergence reached at this CYCLE !!!!
 =>  Parameter shifts set to zero
 ---------------------------------------------------------------------------------------
 => Phase  1 Name:  #(C) 2021 by FIZ Karlsruhe - Leibniz Institute for Information Infras
 ---------------------------------------------------------------------------------------
 => New parameters, shifts, and standard deviations

 Atom        x       dx      sx       y       dy      sy       z       dz      sz       B       dB      sB      occ.    docc.   socc.

 Na1      0.36831 0.00000 0.00045  0.78695 0.00000 0.00128  0.11720 0.00000 0.00062  1.12908 0.00000 0.00000  1.00000 0.00000 0.00000
 Nb1      0.15532 0.00000 0.00013  0.25573 0.00000 0.00057  0.31742 0.00000 0.00019  1.31779 0.00000 0.00000  1.00000 0.00000 0.00000
 O1       0.18186 0.00000 0.00085  0.16204 0.00000 0.00132  0.05851 0.00000 0.00137  1.45281 0.00000 0.00000  1.00000 0.00000 0.00000
 O2       0.07086 0.00000 0.00075  0.58705 0.00000 0.00163  0.23463 0.00000 0.00109  1.45281 0.00000 0.00000  1.00000 0.00000 0.00000
 F1       0.36603 0.00000 0.00073  0.42558 0.00000 0.00118  0.30480 0.00000 0.00098  1.79232 0.00000 0.00000  1.00000 0.00000 0.00000
 F2       0.31735 0.00000 0.00070  0.97880 0.00000 0.00108  0.38147 0.00000 0.00100  1.79232 0.00000 0.00000  1.00000 0.00000 0.00000

 ==> PROFILE PARAMETERS FOR PATTERN#  1

 => Overall scale factor:      0.006505485     0.000000000     0.000027218
 => Eta(p-Voigt) or m(Pearson VII):   0.473596  0.000000  0.013653
 => Overall tem. factor:     0.000000    0.000000    0.000000
 => Halfwidth parameters: 
         0.030018    0.000000    0.001661
        -0.009129    0.000000    0.001016
         0.006013    0.000000    0.000149
 => Cell parameters: 
        8.034605    0.000000    0.000098
        5.429562    0.000000    0.000086
        7.634854    0.000000    0.000105
       90.000000    0.000000    0.000000
      102.118912    0.000000    0.000915
       90.000000    0.000000    0.000000
 => Preferred orientation: 
        -0.400090    0.000000    0.003663
         0.000000    0.000000    0.000000
 => Asymmetry parameters: 
         0.027449    0.000000    0.003095
         0.011567    0.000000    0.000618
         0.000000    0.000000    0.000000
         0.000000    0.000000    0.000000
 => X and Y parameters: 
         0.002420    0.000000    0.000460
         0.000000    0.000000    0.000000
 => Strain parameters: 
         0.000000    0.000000    0.000000
         0.000000    0.000000    0.000000
         0.000000    0.000000    0.000000
 => Size   parameters (G,L): 
         0.000000    0.000000    0.000000
         0.000000    0.000000    0.000000

 ==> GLOBAL PARAMETERS FOR PATTERN#  1


 => Zero-point:    -0.0026    0.0000    0.0006

 => Cos( theta)-shift parameter :   0.0000  0.0000  0.0000
 => Sin(2theta)-shift parameter :   0.0000  0.0000  0.0000

 ==> RELIABILITY FACTORS WITH ALL NON-EXCLUDED POINTS FOR PATTERN:  1

 => R-Factors:   2.28      3.27     Chi2:  8.02     DW-Stat.:  0.3895   Patt#:  1
 => Expected :            1.16                                1.9331
 => Deviance : 0.529E+05     Dev*:   8.128    
 => GoF-index:  2.8         Sqrt(Residual/N)
 => N-P+C:  6510

 =>    SumYdif       SumYobs      SumYcal      SumwYobsSQ     Residual    Condition
     0.1112E+07    0.4877E+08    0.4872E+08    0.4877E+08    0.5219E+05    0.9455E+10


 => Conventional Rietveld Rp,Rwp,Re and Chi2:   15.7      12.0      4.25      8.018    
 => (Values obtained using Ynet, but true sigma(y))
 =>  SumYnet, Sum(w Ynet**2):     0.7074E+07    0.3599E+07

 => N-sigma of the GoF:      400.373

 ==> RELIABILITY FACTORS FOR POINTS WITH BRAGG CONTRIBUTIONS FOR PATTERN:  1

 => R-Factors:   2.35      3.38     Chi2:  8.57     DW-Stat.:  0.4047   Patt#:
 => Expected :            1.16                                1.9301
 => Deviance : 0.509E+05     Dev*:   8.692    
 => GoF-index:  2.9         Sqrt(Residual/N)
 => N-P+C:  5861

 =>    SumYdif       SumYobs      SumYcal      SumwYobsSQ     Residual    Condition
     0.1034E+07    0.4392E+08    0.4388E+08    0.4392E+08    0.5024E+05    0.9455E+10


 => Conventional Rietveld Rp,Rwp,Re and Chi2:   14.6      11.8      4.04      8.572    
 => (Values obtained using Ynet, but true sigma(y))
 =>  SumYnet, Sum(w Ynet**2):     0.7061E+07    0.3597E+07

 => N-sigma of the GoF:      409.895

 => Global user-weigthed Chi2 (Bragg contrib.):   8.91    

 => ---------> Pattern#  1
 => Phase:  1
 =>    Bragg R-factor:  7.98    
 =>    RF-factor     :  8.23    

 --------------------------------------------------------------------------------------------------------------
 Pattern#  1 Phase No.:   1 Phase name:  #(C) 2021 by FIZ Karlsruhe - 
 --------------------------------------------------------------------------------------------------------------

   No.  Code     H   K   L  Mult      Hw      ETA/M    2theta/TOF     Icalc       Iobs      Sigma     StrFactor^2    d-hkl       CORR

      1   1      1   0   0     2  0.073525  0.500836      11.254     4848.5     4735.4      9.804       3879.5020  7.855546      1.000000
      2   1      1   1   0     4  0.073053  0.521668      19.861     7120.2     6920.3     10.741      13176.1924  4.466509      0.688360
      3   1      0   1   1     4  0.073085  0.522504      20.207       13.0       28.6      3.214         39.8138  4.390891      0.432624
      4   1     -1   1   1     4  0.073301  0.526646      21.918        1.3       36.0      4.881          3.5111  4.051807      0.585109
      5   1      2   0   0     2  0.073418  0.528343      22.619     1929.3     2029.0      8.440       6435.5874  3.927773      1.000000
      6   1      0   0   2     2  0.073657  0.531251      23.821     1725.8     1763.4      7.085      13429.8340  3.732352      0.477405
      7   1     -1   0   2     2  0.073728  0.532014      24.136     2500.2     2400.7      6.662      18890.6641  3.684315      0.505352
      8   1      1   1   1     4  0.073789  0.532640      24.394       25.0       21.3      2.736         70.9075  3.645830      0.687109
      9   1      2   1   0     4  0.074878  0.541402      28.015     7692.3     7564.1     11.071      23509.5918  3.182376      0.854745
     10   1      1   0   2     2  0.075068  0.542642      28.527       93.4       91.2      1.666        733.4754  3.126359      0.691765
     11   1     -2   1   1     4  0.075071  0.542661      28.535       29.9       29.1      0.520        103.7112  3.125514      0.781769
     12   1      0   1   2     4  0.075254  0.543803      29.007     2551.5     2707.1      7.033      15666.6855  3.075739      0.457994
     13   1     -1   1   2     4  0.075360  0.544440      29.270      240.0      297.3      1.970       1430.8165  3.048690      0.480953
     14   1     -2   0   2     2  0.075381  0.544566      29.322      517.7      660.9      3.682       4189.1758  3.043422      0.711261
     15   1      2   1   1     4  0.076787  0.551962      32.378       48.1        0.0      6.301        205.1770  2.762810      0.833612
     16   1      0   2   0     2  0.077094  0.553388      32.967      654.1      666.9      3.683      12985.6729  2.714781      0.372542
     17   1      1   1   2     4  0.077131  0.553553      33.035     1239.5     1210.3      4.396       7159.1831  2.709320      0.643089
     18   1     -2   1   2     4  0.077513  0.555243      33.733      863.9      850.0      5.127       5075.5547  2.654806      0.661481
     19   1      3   0   0     2  0.077786  0.556410      34.215      536.4      674.9      4.751       4298.0732  2.618515      1.000000
     20   1      1   2   0     4  0.078211  0.558163      34.939      536.3      552.4      5.526       4152.6880  2.565879      0.541512
     21   1      0   2   1     4  0.078335  0.558662      35.146       23.4       52.6      1.676        244.1443  2.551296      0.406902
     22   1     -1   2   1     4  0.078994  0.561214      36.200       24.4       35.9      3.328        222.5416  2.479357      0.496700
     23   1      2   0   2     2  0.079185  0.561928      36.495      502.6      343.6      5.953       5637.4243  2.459992      0.821823
     24   1     -3   0   2     2  0.079898  0.564502      37.559      175.1      118.4      3.481       2065.2637  2.392735      0.832229
     25   1     -3   1   1     4  0.080019  0.564924      37.733      465.8      459.8      3.647       2628.3928  2.382097      0.878685
     26   1      1   2   1     4  0.080078  0.565129      37.818      358.6      337.6      2.809       3155.1418  2.376939      0.566101
     27   1      3   1   0     4  0.080293  0.565870      38.124        1.0        1.9      0.221          5.6679  2.358559      0.922371
     28   1     -1   1   3     4  0.081114  0.568607      39.255      271.1      308.8      7.129       3489.2183  2.293183      0.420067
     29   1      0   1   3     4  0.081540  0.569971      39.818        0.5        1.6      0.430          5.8427  2.262016      0.467321
     30   1      2   1   2     4  0.081844  0.570926      40.213       44.6       93.4      2.925        328.7469  2.240735      0.773927
     31   1      2   2   0     4  0.081953  0.571266      40.353      194.8      331.7      3.989       1625.4867  2.233254      0.688360
     32   1     -2   2   1     4  0.082252  0.572184      40.732        0.6        0.6      0.157          5.0553  2.213334      0.645566
     33   1      0   2   2     4  0.082530  0.573023      41.079      177.7      150.4      2.877       2454.3723  2.195445      0.432624
     34   1     -3   1   2     4  0.082624  0.573303      41.195      531.0      475.2      3.643       4065.5801  2.189552      0.785370
     35   1     -1   2   2     4  0.082688  0.573494      41.274      271.2      256.3      2.098       3649.1023  2.185544      0.448827
     36   1     -2   1   3     4  0.083359  0.575459      42.086       18.8       15.3      3.343        209.9243  2.145236      0.563627
     37   1      3   1   1     4  0.083521  0.575924      42.278       24.0        6.0      3.793        169.0147  2.135928      0.903431
     38   1      2   2   1     4  0.084699  0.579204      43.633       97.1       96.8      4.376        947.9393  2.072694      0.699678
     39   1      1   1   3     4  0.084730  0.579288      43.667       80.8       72.2      2.794        910.8909  2.071126      0.606967
     40   1      1   2   2     4  0.085160  0.580444      44.145       28.9       12.3      2.819        355.5791  2.049819      0.570067
     41   1     -2   2   2     4  0.085664  0.581773      44.694      731.4      736.9      6.592       9007.7393  2.025904      0.585109
     42   1      4   0   0     2  0.087083  0.585383      46.186     1184.2     1313.5      7.968      18363.5586  1.963886      1.000000
     43   1      3   0   2     2  0.087204  0.585682      46.309      121.4      126.1      0.887       2127.8640  1.958932      0.890298
     44   1     -4   0   2     2  0.088433  0.588654      47.537      481.0      340.0      4.457       8880.7520  1.911167      0.895814
     45   1     -1   0   4     2  0.088520  0.588859      47.622      507.1      463.5      3.216      21823.1172  1.907952      0.385884
     46   1     -3   1   3     4  0.088721  0.589334      47.818       11.9       11.3      0.321        145.4318  1.900583      0.686346
     47   1     -3   2   1     4  0.088830  0.589591      47.924       12.6       12.8      0.587        140.3801  1.896629      0.756388
     48   1      3   2   0     4  0.089166  0.590372      48.247     1345.7     1498.2      6.002      14559.7383  1.884684      0.790068
     49   1     -4   1   1     4  0.089259  0.590587      48.336       24.4       28.3      0.140        226.5166  1.881426      0.925715
     50   1      0   0   4     2  0.089702  0.591605      48.756       41.1      122.5      2.263       1507.8561  1.866176      0.477405
     51   1     -1   2   3     4  0.090162  0.592649      49.188        1.9        2.7      0.056         41.1911  1.850821      0.410676
     52   1      4   1   0     4  0.090286  0.592926      49.302     1048.0     1141.1      5.592       9868.4961  1.846792      0.952941
     53   1      3   1   2     4  0.090413  0.593211      49.420       81.6       83.7      0.376        863.8755  1.842670      0.852650
     54   1     -2   0   4     2  0.090429  0.593246      49.434      336.2      341.9      1.576      12013.2373  1.842158      0.505352
     55   1      0   2   3     4  0.090674  0.593792      49.660        1.0        0.8      0.036         20.2156  1.834318      0.448562
     56   1      2   2   2     4  0.091038  0.594595      49.992     1476.7     1442.8      5.999      19894.3691  1.822915      0.687109
     57   1      2   1   3     4  0.091262  0.595087      50.195        1.0        1.0      0.017         12.6415  1.816022      0.719140
     58   1     -4   1   2     4  0.091703  0.596044      50.590      164.6      149.0      2.792       1820.7577  1.802748      0.859373
     59   1     -1   1   4     4  0.091794  0.596240      50.671      115.8      126.8      1.626       2869.4441  1.800049      0.385124
     60   1     -3   2   2     4  0.091964  0.596607      50.823      306.2      341.3      3.200       4207.9336  1.795035      0.698733

   No.  Code     H   K   L  Mult      Hw      ETA/M    2theta/TOF     Icalc       Iobs      Sigma     StrFactor^2    d-hkl       CORR

     61   1     -2   2   3     4  0.092831  0.598446      51.583       17.2        9.5      0.876        324.8022  1.770374      0.527265
     62   1      3   2   1     4  0.093021  0.598844      51.747       36.1       36.1      0.263        455.8358  1.765131      0.792857
     63   1      0   1   4     4  0.093032  0.598866      51.756      686.4      688.5      4.658      14571.1719  1.764841      0.471369
     64   1      1   3   0     4  0.093076  0.598957      51.794      218.6      215.0      1.399       4516.5430  1.763652      0.485177
     65   1      0   3   1     4  0.093251  0.599321      51.944       72.2       79.2      0.868       1837.9169  1.758895      0.396069
     66   1     -2   1   4     4  0.093792  0.600438      52.406        0.2        0.1      0.046          3.3470  1.744486      0.497786
     67   1      1   0   4     2  0.094136  0.601141      52.696      181.0      139.2      4.673       6351.6313  1.735558      0.593633
     68   1     -1   3   1     4  0.094166  0.601201      52.721        2.9        2.3      0.076         66.8597  1.734791      0.457495
     69   1      1   2   3     4  0.094432  0.601740      52.944        6.8        1.4      1.066        127.0581  1.728027      0.563978
     70   1      4   1   1     4  0.094934  0.602747      53.360        3.4        0.0      2.631         38.2710  1.715521      0.938534
     71   1      1   3   1     4  0.095636  0.604140      53.935        0.1        0.0      0.390          1.3439  1.698574      0.506572
     72   1     -3   0   4     2  0.095684  0.604233      53.974        0.9        0.0      3.746         31.4693  1.697453      0.618430
     73   1      1   1   4     4  0.097658  0.608031      55.543      234.8      177.2      6.262       4726.9761  1.653156      0.581910
     74   1     -4   1   3     4  0.097964  0.608606      55.780       85.6       78.5      1.150       1304.2928  1.646681      0.776015
     75   1      2   3   0     4  0.098104  0.608868      55.889      854.1      783.3      4.612      17053.5820  1.643746      0.595013
     76   1     -2   3   1     4  0.098491  0.609587      56.186       42.4       52.0      1.367        899.6400  1.635754      0.566696
     77   1      0   3   2     4  0.098848  0.610248      56.459      247.1      333.8      3.559       7203.6846  1.628493      0.416675
     78   1     -3   2   3     4  0.099012  0.610549      56.583        7.4        9.6      0.134        141.5272  1.625207      0.634550
     79   1     -1   3   2     4  0.099051  0.610619      56.612       15.2       19.8      0.256        434.7110  1.624440      0.428556
     80   1     -3   1   4     4  0.099268  0.611017      56.777      556.9      549.5      4.104      11311.4385  1.620124      0.605795
     81   1     -4   2   1     4  0.099623  0.611663      57.043       63.3       69.2      1.860        948.5199  1.613180      0.829975
     82   1      4   0   2     2  0.100065  0.612462      57.373       31.1       26.6      2.312        845.2044  1.604685      0.927446
     83   1      4   2   0     4  0.100786  0.613750      57.906      404.3      508.4      4.447       6080.1045  1.591188      0.854745
     84   1      3   2   2     4  0.100930  0.614005      58.011      294.1      377.0      2.507       4905.3413  1.588549      0.773575
     85   1      2   3   1     4  0.101600  0.615186      58.499        2.3        1.6      0.281         50.3457  1.576462      0.611383
     86   1      2   2   3     4  0.101888  0.615688      58.707        5.7        6.4      0.128        113.8432  1.571380      0.665332
     87   1      5   0   0     2  0.101903  0.615715      58.718       25.1       27.7      0.501        666.4146  1.571109      1.000000
     88   1     -5   0   2     2  0.101923  0.615750      58.732      144.3      157.0      2.580       4112.0513  1.570759      0.930563
     89   1      3   1   3     4  0.101970  0.615831      58.766       13.3       14.4      0.230        220.2980  1.569942      0.798665
     90   1      1   3   2     4  0.102178  0.616192      58.915      238.2      259.5      2.264       6121.4868  1.566326      0.519535
     91   1      2   0   4     2  0.102360  0.616507      59.045       66.5       63.3      0.375       2581.1353  1.563180      0.691765
     92   1     -4   2   2     4  0.102385  0.616550      59.062      549.7      525.8      2.850       9440.9297  1.562757      0.781769
     93   1     -1   2   4     4  0.102487  0.616727      59.136      179.0      184.9      1.163       6283.3809  1.560998      0.383441
     94   1     -2   3   2     4  0.102806  0.617276      59.362      480.9      465.3      3.380      12289.7471  1.555578      0.531295
     95   1     -5   1   1     4  0.103695  0.618788      59.987       18.6       15.8      0.324        271.7696  1.540855      0.950632
     96   1      4   1   2     4  0.103817  0.618994      60.072      851.0      757.5      5.256      13189.0723  1.538883      0.899194
     97   1      0   2   4     4  0.103880  0.619099      60.116       18.6       16.7      0.127        568.1568  1.537870      0.457994
     98   1     -2   2   4     4  0.104732  0.620525      60.705      250.3      319.1      3.872       7418.3555  1.524345      0.480953
     99   1     -4   0   4     2  0.104902  0.620807      60.821       66.2       80.0      1.123       2666.2278  1.521711      0.711261
    100   1      5   1   0     4  0.105723  0.622159      61.380      502.8      612.8      3.156       7580.3228  1.509197      0.968750
    101   1     -5   1   2     4  0.105744  0.622192      61.394      471.8      570.6      2.785       7632.7935  1.508886      0.903241
    102   1      4   2   1     4  0.106011  0.622628      61.574        7.2        7.8      0.056        123.9004  1.504906      0.853569
    103   1      2   1   4     4  0.106197  0.622930      61.698      283.3      229.7      3.140       6178.9478  1.502164      0.677318
    104   1     -3   3   1     4  0.106708  0.623757      62.040        3.4        2.3      0.454         77.0735  1.494704      0.662879
    105   1      3   3   0     4  0.107118  0.624415      62.312        5.0        2.1      1.624        110.0618  1.488836      0.688360
    106   1     -1   3   3     4  0.108332  0.626340      63.107        6.5        7.3      1.292        248.4794  1.471973      0.402719
    107   1     -1   1   5     4  0.108502  0.626608      63.218        9.0        9.0      1.007        364.9545  1.469665      0.381770
    108   1     -4   1   4     4  0.108831  0.627122      63.430      247.4      205.1      4.526       5566.9648  1.465252      0.696590
    109   1      0   3   3     4  0.108953  0.627312      63.509        9.1        8.4      0.141        331.8306  1.463630      0.432624
    110   1      1   2   4     4  0.109055  0.627471      63.575      221.5      203.5      2.687       6283.0435  1.462276      0.555238
    111   1      2   3   2     4  0.109394  0.627997      63.792       72.1       54.3      1.603       1858.0690  1.457818      0.615912
    112   1     -4   2   3     4  0.109396  0.628000      63.793        3.8        2.9      0.086         83.9613  1.457789      0.721609
    113   1     -2   1   5     4  0.110018  0.628960      64.190        1.1        0.6      0.271         39.5792  1.449741      0.453962
    114   1     -3   3   2     4  0.110515  0.629720      64.504      201.5      175.2      4.684       5227.1729  1.443440      0.626240
    115   1      0   1   5     4  0.110829  0.630197      64.701        7.9        7.3      0.268        272.2511  1.439514      0.473422
    116   1     -3   2   4     4  0.110849  0.630228      64.713       15.7       14.7      0.609        445.3213  1.439267      0.576797
    117   1     -2   3   3     4  0.111562  0.631303      65.158        6.4        5.5      1.994        215.7701  1.430523      0.495410
    118   1      3   3   1     4  0.111791  0.631647      65.300        0.5        0.6      0.167         12.0047  1.427753      0.699294
    119   1      5   1   1     4  0.112061  0.632051      65.467       28.3       19.8      2.145        495.1989  1.424518      0.957916
    120   1     -5   1   3     4  0.112105  0.632116      65.494       31.6       20.7      2.300        632.6282  1.423995      0.837298

   No.  Code     H   K   L  Mult      Hw      ETA/M    2theta/TOF     Icalc       Iobs      Sigma     StrFactor^2    d-hkl       CORR

    121   1      1   3   3     4  0.113489  0.634160      66.338        0.8        2.3      1.155         27.1040  1.407902      0.525394
    122   1      3   2   3     4  0.113857  0.634698      66.560       24.4       25.5      4.564        569.2104  1.403739      0.745216
    123   1      3   0   4     2  0.115271  0.636740      67.404       29.5       24.2      4.579       1368.0179  1.388206      0.766896
    124   1     -3   1   5     4  0.115534  0.637115      67.559        1.6        1.1      0.285         51.9944  1.385397      0.545851
    125   1     -5   2   1     4  0.115776  0.637460      67.701        1.1        0.9      0.194         23.3144  1.382831      0.877611
    126   1      4   2   2     4  0.115911  0.637652      67.781       29.9       21.6      3.427        645.5026  1.381405      0.833612
    127   1      1   1   5     4  0.117240  0.639523      68.554        2.2        7.0      1.230         71.0765  1.367702      0.564361
    128   1      4   1   3     4  0.118010  0.640592      68.996        0.3        0.3      0.011          6.2399  1.360020      0.852583
    129   1      5   2   0     4  0.118031  0.640621      69.008       70.3       68.1      2.520       1465.2682  1.359811      0.895706
    130   1     -5   2   2     4  0.118054  0.640653      69.021       36.6       36.7      1.210        814.8389  1.359583      0.839232
    131   1      0   4   0     2  0.118277  0.640961      69.148       79.8      106.2      1.874       8032.3936  1.357391      0.372542
    132   1      2   2   4     4  0.118557  0.641347      69.307      278.1      308.6      3.403       8147.6948  1.354660      0.643089
    133   1     -3   3   3     4  0.118978  0.641923      69.546        0.0        0.0      0.000          1.3901  1.350603      0.585109
    134   1      5   0   2     2  0.119017  0.641977      69.568       80.1       77.9      0.799       3202.9426  1.350227      0.949041
    135   1     -5   0   4     2  0.119087  0.642072      69.607      246.8      239.8      2.588      12005.1113  1.349559      0.781295
    136   1      3   1   4     4  0.119573  0.642734      69.881      265.4      227.7      2.944       6753.8145  1.344942      0.752275
    137   1     -4   3   1     4  0.119708  0.642917      69.956       14.0       11.0      0.270        363.2055  1.343676      0.739736
    138   1      1   4   0     4  0.120365  0.643804      70.323       17.6       19.9      1.735        746.5681  1.337569      0.456573
    139   1      0   4   1     4  0.120592  0.644108      70.448        2.6        3.8      0.379        129.2455  1.335490      0.390340
    140   1      4   3   0     4  0.121098  0.644786      70.728       80.7      102.8      3.090       2079.2151  1.330888      0.760971
    141   1     -1   2   5     4  0.121121  0.644817      70.741        0.8        1.0      0.028         39.8671  1.330681      0.380892
    142   1      3   3   2     4  0.121270  0.645015      70.823       40.2       52.9      1.472       1132.9496  1.329343      0.697362
    143   1     -4   2   4     4  0.121487  0.645303      70.942       35.5       43.2      1.280       1059.4147  1.327403      0.661481
    144   1     -6   0   2     2  0.121710  0.645599      71.064        4.8        7.3      0.338        198.0101  1.325419      0.950930
    145   1     -1   4   1     4  0.121775  0.645684      71.100        1.9        3.0      0.158         85.6968  1.324847      0.436621
    146   1      2   3   3     4  0.122415  0.646529      71.449        0.2        0.4      0.075          5.5966  1.319232      0.612281
    147   1     -2   2   5     4  0.122808  0.647044      71.661        0.7        1.1      0.149         33.1562  1.315838      0.446099
    148   1     -4   3   2     4  0.123009  0.647306      71.770       16.3       18.0      1.181        464.4943  1.314117      0.705717
    149   1     -1   3   4     4  0.123132  0.647466      71.836       48.4       54.5      2.177       2561.9121  1.313071      0.381699
    150   1      5   1   2     4  0.123456  0.647888      72.010       76.6       89.1      1.362       1676.3417  1.310318      0.927717
    151   1     -5   1   4     4  0.123529  0.647982      72.049       39.1       47.3      0.543       1035.9893  1.309708      0.766868
    152   1      6   0   0     2  0.123582  0.648052      72.078      209.8      258.8      2.802       8530.9385  1.309258      1.000000
    153   1      1   4   1     4  0.123672  0.648168      72.126        8.8       10.9      0.141        378.0766  1.308504      0.473921
    154   1      0   2   5     4  0.123711  0.648218      72.147       17.9       21.9      0.317        784.2112  1.308177      0.463706
    155   1     -6   1   1     4  0.124776  0.649589      72.713        7.3        7.4      0.335        156.5317  1.299378      0.965074
    156   1      0   3   4     4  0.124796  0.649615      72.723       75.0       77.1      3.300       3492.4812  1.299215      0.444146
    157   1      5   2   1     4  0.125082  0.649981      72.875        8.9        7.6      0.534        206.5150  1.296891      0.893025
    158   1     -5   2   3     4  0.125131  0.650043      72.900        2.5        2.2      0.142         65.7511  1.296497      0.787322
    159   1     -4   1   5     4  0.125636  0.650685      73.166       25.2       21.7      1.941        835.8688  1.292450      0.630121
    160   1     -2   3   4     4  0.125815  0.650912      73.259        7.5        6.8      0.618        338.4524  1.291030      0.463442
    161   1     -6   1   2     4  0.126250  0.651460      73.486      249.0      228.5      4.264       5642.3218  1.287609      0.930268
    162   1      2   4   0     4  0.126851  0.652214      73.797       33.8       26.4      1.530       1323.7804  1.282939      0.541512
    163   1      4   3   1     4  0.127345  0.652831      74.052        2.7        2.2      0.166         76.1037  1.279156      0.767579
    164   1     -2   4   1     4  0.127348  0.652835      74.054       28.5       23.5      1.735       1167.9524  1.279129      0.520753
    165   1      0   4   2     4  0.127808  0.653407      74.290       39.9       57.5      1.622       2107.0269  1.275648      0.406902
    166   1     -1   4   2     4  0.128069  0.653728      74.423      124.8      175.2      2.519       6467.4336  1.273697      0.416127
    167   1      6   1   0     4  0.128192  0.653881      74.486       81.9      107.7      1.674       1809.0157  1.272777      0.977844
    168   1      2   1   5     4  0.128428  0.654172      74.606        6.4        7.6      0.195        214.3870  1.271024      0.646237
    169   1     -1   0   6     2  0.128471  0.654224      74.628        1.0        1.1      0.030        106.1715  1.270710      0.397616
    170   1     -3   2   5     4  0.128953  0.654816      74.872        9.0        2.6      1.173        371.8655  1.267164      0.529716
    171   1     -2   0   6     2  0.129257  0.655188      75.026       11.9        0.0      1.897       1224.9503  1.264950      0.425136
    172   1      1   2   5     4  0.130858  0.657124      75.826       10.7        0.3      1.239        436.8321  1.253581      0.546764
    173   1      1   3   4     4  0.130989  0.657282      75.891       57.9       19.1      3.934       2453.5225  1.252667      0.526720
    174   1      2   4   1     4  0.131350  0.657714      76.070       11.1        6.6      0.816        446.5241  1.250171      0.556851
    175   1     -4   3   3     4  0.131398  0.657771      76.093        0.8        0.5      0.058         26.6831  1.249843      0.664258
    176   1      4   2   3     4  0.131717  0.658151      76.250        0.5        0.3      0.080         13.2177  1.247658      0.804694
    177   1      1   4   2     4  0.132094  0.658599      76.435       11.0       12.3      1.163        510.8936  1.245098      0.487335
    178   1      0   0   6     2  0.132240  0.658771      76.506       23.6       28.3      2.006       2242.1255  1.244117      0.477405
    179   1     -6   1   3     4  0.132793  0.659424      76.776        2.8        3.3      0.131         71.3044  1.240416      0.878718
    180   1     -2   4   2     4  0.132904  0.659555      76.830       32.2       33.0      1.026       1478.6674  1.239679      0.496700

   No.  Code     H   K   L  Mult      Hw      ETA/M    2theta/TOF     Icalc       Iobs      Sigma     StrFactor^2    d-hkl       CORR

    181   1     -3   3   4     4  0.133142  0.659833      76.945      243.4      238.4      3.073      10198.1865  1.238111      0.545443
    182   1     -1   1   6     4  0.133269  0.659982      77.007      134.0      137.8      1.685       7722.9653  1.237277      0.396946
    183   1      3   2   4     4  0.133465  0.660212      77.102        3.0        2.9      0.053         96.9895  1.235986      0.716151
    184   1     -2   1   6     4  0.134086  0.660936      77.401       29.7       27.4      1.219       1618.3625  1.231958      0.423720
    185   1      4   0   4     2  0.134392  0.661291      77.547      129.9      121.2      2.949       7322.1885  1.229996      0.821823
    186   1     -3   0   6     2  0.134689  0.661634      77.689       80.9       78.7      1.999       7437.1411  1.228105      0.505352
    187   1      3   3   3     4  0.136758  0.664000      78.667        4.7       10.4      1.119        162.9956  1.215277      0.687109
    188   1      6   1   1     4  0.136923  0.664186      78.744        6.4       13.1      1.049        156.5303  1.214280      0.969547
    189   1      0   1   6     4  0.137187  0.664485      78.867       15.5       28.7      1.623        777.9094  1.212689      0.474592
    190   1      5   2   2     4  0.137815  0.665191      79.159       45.5       46.1      0.909       1245.1843  1.208953      0.874810
    191   1     -5   2   4     4  0.137896  0.665282      79.196      241.2      236.7      3.953       7903.0581  1.208474      0.730898
    192   1     -3   4   1     4  0.137942  0.665333      79.218        8.3        8.2      0.138        332.8974  1.208202      0.600362
    193   1      3   4   0     4  0.138472  0.665925      79.462       74.5       67.8      1.441       2892.5823  1.205097      0.620219
    194   1     -5   3   1     4  0.139071  0.666590      79.737        1.3        1.3      0.032         40.1060  1.201634      0.797976
    195   1      4   3   2     4  0.139234  0.666771      79.812      176.6      176.8      2.808       5616.7812  1.200698      0.761824
    196   1     -6   2   1     4  0.139296  0.666839      79.840        7.5        7.5      0.116        200.3690  1.200344      0.908934
    197   1      4   1   4     4  0.139427  0.666983      79.899       84.9       83.5      1.551       2550.5974  1.199600      0.808380
    198   1     -3   1   6     4  0.139736  0.667323      80.040        8.6        8.2      0.190        414.8100  1.197846      0.501828
    199   1     -6   0   4     2  0.139997  0.667611      80.159       27.9       28.3      0.920       1634.6018  1.196367      0.832229
    200   1     -1   4   3     4  0.140045  0.667663      80.180        1.3        1.4      0.051         81.5482  1.196102      0.396974
    201   1     -4   2   5     4  0.140263  0.667903      80.279        4.4        5.5      0.320        177.2201  1.194877      0.608174
    202   1      0   4   3     4  0.140850  0.668544      80.544        0.3        0.4      0.021         18.6683  1.191613      0.421115
    203   1     -6   2   2     4  0.140952  0.668655      80.590        1.9        2.2      0.098         52.4359  1.191048      0.878685
    204   1      1   0   6     2  0.141000  0.668707      80.612       43.9       50.4      2.085       3880.8218  1.190785      0.556319
    205   1      5   1   3     4  0.141420  0.669163      80.800        0.2        0.2      0.003          4.9965  1.188484      0.889133
    206   1      2   4   2     4  0.141423  0.669166      80.801      157.1      147.2      3.030       6847.3823  1.188470      0.566101
    207   1     -5   1   5     4  0.141532  0.669284      80.850        2.3        2.2      0.042         81.2209  1.187877      0.701663
    208   1      5   3   0     4  0.141797  0.669571      80.968       72.1       67.1      1.203       2190.6509  1.186436      0.815034
    209   1     -5   3   2     4  0.141825  0.669601      80.981       66.9       62.7      1.113       2156.3562  1.186285      0.768281
    210   1      2   3   4     4  0.142435  0.670257      81.252       33.0       36.3      0.987       1359.5691  1.183010      0.604481
    211   1     -3   4   2     4  0.142881  0.670735      81.449       66.8       66.7      1.717       2899.7742  1.180641      0.574882
    212   1      6   2   0     4  0.143139  0.671011      81.563      165.4      164.7      3.032       4484.7959  1.179280      0.922371
    213   1      2   2   5     4  0.143405  0.671294      81.680        2.9        3.1      0.086        116.0580  1.177885      0.623463
    214   1     -2   4   3     4  0.144243  0.672183      82.048        9.1       12.3      1.359        486.5556  1.173541      0.472014
    215   1      3   4   1     4  0.144542  0.672498      82.178        0.0        0.0      0.004          0.7775  1.172010      0.632704
    216   1     -6   1   4     4  0.145267  0.673259      82.492       90.5       99.7      3.823       2807.6460  1.168341      0.819148
    217   1     -4   0   6     2  0.145410  0.673409      82.554        1.0        1.3      0.047         91.4593  1.167619      0.582554
    218   1     -1   3   5     4  0.145546  0.673551      82.613        8.8       11.4      0.465        589.2332  1.166939      0.379860
    219   1      3   1   5     4  0.145782  0.673796      82.714        8.1        8.7      0.318        289.3441  1.165766      0.714875
    220   1     -4   3   4     4  0.145991  0.674014      82.804       62.2       63.9      2.023       2558.4001  1.164727      0.621332
    221   1      1   1   6     4  0.146312  0.674348      82.942       10.8       10.8      0.465        500.8148  1.163140      0.551616
    222   1      6   0   2     2  0.146622  0.674668      83.074      103.6       98.8      2.753       5521.7656  1.161623      0.962464
    223   1      1   4   3     4  0.146759  0.674810      83.133       17.2       16.0      0.593        889.0248  1.160955      0.496620
    224   1     -2   3   5     4  0.147600  0.675675      83.490        4.6        5.7      0.874        269.0189  1.156891      0.436857
    225   1     -6   2   3     4  0.148334  0.676425      83.800        3.2        0.0      1.157        100.4908  1.153401      0.835440
    226   1      0   3   5     4  0.148701  0.676798      83.954        3.6        0.0      1.386        208.8351  1.151674      0.452265
    227   1     -1   2   6     4  0.148872  0.676971      84.026        0.9        0.0      0.372         60.3554  1.150876      0.395216
    228   1     -2   2   6     4  0.149798  0.677906      84.412       25.5       29.1      3.367       1589.4727  1.146592      0.420067
    229   1      5   3   1     4  0.150377  0.678487      84.652        0.7        0.9      0.062         23.5562  1.143951      0.818689
    230   1     -5   3   3     4  0.150437  0.678547      84.677        0.6        0.7      0.041         21.6836  1.143680      0.729703
    231   1     -7   0   2     2  0.150612  0.678722      84.749       75.5       80.3      3.076       4121.4272  1.142890      0.963681
    232   1     -4   1   6     4  0.150916  0.679025      84.875       51.7       58.2      2.140       2360.7671  1.141522      0.577321
    233   1      6   1   2     4  0.152182  0.680279      85.393       27.3       17.4      3.156        767.1319  1.135917      0.946046
    234   1      6   2   1     4  0.153016  0.681098      85.731        6.9        4.0      0.677        200.0517  1.132298      0.919290
    235   1      0   2   6     4  0.153317  0.681392      85.852       51.1       37.7      3.374       2922.5632  1.131008      0.467321
    236   1     -3   4   3     4  0.153979  0.682036      86.119       10.6        7.3      0.958        519.7986  1.128194      0.546651
    237   1     -4   4   1     4  0.154946  0.682971      86.505       12.9       12.1      1.325        516.6476  1.124148      0.670513
    238   1     -3   3   5     4  0.155128  0.683146      86.577       13.0       15.8      1.089        686.6813  1.123393      0.510442
    239   1      7   0   0     2  0.155413  0.683419      86.690       15.7       21.4      0.998        849.0320  1.122221      1.000000
    240   1     -7   1   1     4  0.155713  0.683707      86.809        0.3        0.3      0.010          8.7810  1.120990      0.974088

   No.  Code     H   K   L  Mult      Hw      ETA/M    2theta/TOF     Icalc       Iobs      Sigma     StrFactor^2    d-hkl       CORR

    241   1      4   2   4     4  0.155866  0.683852      86.869      138.6      140.1      3.100       4843.7480  1.120368      0.773927
    242   1      2   0   6     2  0.155890  0.683876      86.878        1.1        1.1      0.024         96.4964  1.120269      0.628827
    243   1     -3   2   6     4  0.156218  0.684188      87.008       90.1       97.5      1.917       4952.1318  1.118938      0.492701
    244   1     -7   1   2     4  0.156355  0.684319      87.062        4.2        4.4      0.093        120.3922  1.118382      0.947731
    245   1      4   4   0     4  0.156792  0.684733      87.233       78.4       83.2      1.478       3091.6807  1.116627      0.688360
    246   1      3   4   2     4  0.157020  0.684950      87.322       67.1       76.1      1.622       2861.2925  1.115714      0.637839
    247   1      1   3   5     4  0.157478  0.685382      87.501        0.1        0.1      0.004          4.3470  1.113896      0.525630
    248   1      5   2   3     4  0.158140  0.686004      87.758        6.4        6.1      0.602        204.8292  1.111296      0.848087
    249   1     -5   2   5     4  0.158267  0.686123      87.807        5.4        5.5      0.495        219.3365  1.110799      0.676918
    250   1      4   3   3     4  0.158541  0.686379      87.913       14.9       16.3      1.160        544.8558  1.109735      0.748047
    251   1      2   4   3     4  0.158546  0.686384      87.915       12.4       13.5      0.962        593.1715  1.109717      0.570021
    252   1     -4   4   2     4  0.159338  0.687122      88.220       86.1      108.8      2.794       3664.5347  1.106667      0.645566
    253   1     -1   4   4     4  0.159502  0.687274      88.282       36.7       50.8      1.327       2651.6736  1.106042      0.380248
    254   1      3   3   4     4  0.160708  0.688386      88.742       96.4       96.5      3.250       3953.8271  1.101498      0.672925
    255   1      7   1   0     4  0.161385  0.689005      88.998       76.1       74.0      2.024       2142.1321  1.098992      0.983513
    256   1      0   4   4     4  0.161731  0.689321      89.128       14.3       13.9      0.381        917.3782  1.097723      0.432624
    257   1      2   1   6     4  0.161885  0.689461      89.186       66.8       63.4      1.805       2973.8958  1.097158      0.622821
    258   1     -6   2   4     4  0.162542  0.690057      89.432       24.6       20.3      0.574        870.9319  1.094776      0.785370
    259   1      5   0   4     2  0.162746  0.690241      89.509       92.5       84.2      1.666       5972.0112  1.094042      0.861487
    260   1     -5   0   6     2  0.162911  0.690390      89.570       46.9       44.0      0.832       4005.9351  1.093450      0.651951
    261   1     -2   4   4     4  0.163101  0.690561      89.641       74.2       70.3      1.468       4602.6802  1.092772      0.448827
    262   1      3   2   5     4  0.163133  0.690590      89.653        2.6        2.5      0.054        106.9746  1.092656      0.689883
    263   1     -7   1   3     4  0.163411  0.690840      89.756        5.7        5.5      0.120        173.8544  1.091668      0.907127
    264   1      1   2   6     4  0.163743  0.691138      89.879      123.8      126.1      2.441       6403.6938  1.090493      0.539358
    265   1      4   4   1     4  0.165163  0.692403      90.402        1.3        0.0      0.309         51.7861  1.085543      0.697908
    266   1     -6   1   5     4  0.165635  0.692820      90.574        4.3        2.0      1.099        159.4053  1.083923      0.759457
    267   1      5   3   2     4  0.166132  0.693258      90.755       14.6       14.8      2.625        506.8359  1.082234      0.811163
    268   1     -5   3   4     4  0.166234  0.693347      90.792        0.0        0.0      0.001          0.1428  1.081890      0.687276
    269   1     -6   3   1     4  0.167990  0.694879      91.425       26.3       47.7      2.123        882.3565  1.076046      0.841202
    270   1      1   5   0     4  0.168100  0.694975      91.464       27.3       47.7      1.973       1757.4423  1.075683      0.439437
    271   1      0   5   1     4  0.168432  0.695261      91.583        1.7        2.6      0.161        127.0518  1.074601      0.386831
    272   1     -4   2   6     4  0.169044  0.695789      91.801        9.4       11.0      0.382        472.8736  1.072618      0.563627
    273   1      5   1   4     4  0.169085  0.695824      91.815        1.6        1.8      0.060         52.3403  1.072486      0.849680
    274   1     -4   3   5     4  0.169205  0.695927      91.858        0.0        0.0      0.000          0.4756  1.072101      0.581158
    275   1     -5   1   6     4  0.169259  0.695973      91.877       84.1       91.0      2.772       3692.9189  1.071929      0.645648
    276   1     -6   3   2     4  0.170073  0.696670      92.165      139.1      122.0      2.238       4841.1113  1.069333      0.816059
    277   1      1   4   4     4  0.170111  0.696702      92.178       40.4       35.3      0.618       2283.3752  1.069213      0.502414
    278   1     -1   5   1     4  0.170168  0.696751      92.198        1.8        1.6      0.026        121.6915  1.069033      0.423848
    279   1      6   2   2     4  0.170508  0.697039      92.317      164.5      144.4      2.478       5177.9282  1.067964      0.903431
    280   1     -4   4   3     4  0.170670  0.697177      92.374        0.1        0.1      0.001          2.8479  1.067455      0.616107
    281   1     -2   1   7     4  0.170719  0.697219      92.392        9.3        8.2      0.163        655.4211  1.067300      0.401953
    282   1     -1   1   7     4  0.171012  0.697468      92.494        0.4        0.3      0.008         26.2988  1.066384      0.408096
    283   1     -7   0   4     2  0.171269  0.697685      92.584       14.8       13.0      0.403        973.1536  1.065586      0.869017
    284   1      4   1   5     4  0.172126  0.698406      92.882        2.0        1.0      0.218         74.7620  1.062948      0.769924
    285   1      6   3   0     4  0.172835  0.698999      93.127       59.6       44.8      3.554       1994.0507  1.060792      0.854745
    286   1      1   5   1     4  0.172968  0.699110      93.173        1.3        1.0      0.087         82.2474  1.060391      0.453742
    287   1     -3   4   4     4  0.173058  0.699186      93.204        1.7        1.4      0.133         94.3483  1.060118      0.518479
    288   1      2   3   5     4  0.173172  0.699280      93.243        0.8        0.6      0.075         38.0925  1.059777      0.595223
    289   1      7   1   1     4  0.174297  0.700213      93.629        4.9        2.0      0.760        144.7906  1.056424      0.977010
    290   1     -7   2   1     4  0.174601  0.700463      93.732        3.9        3.0      0.560        120.6349  1.055530      0.930151
    291   1     -7   2   2     4  0.175347  0.701076      93.985      143.8      146.9      4.835       4554.5942  1.053352      0.906156
    292   1      6   1   3     4  0.176651  0.702139      94.424        1.7        1.3      0.183         53.3726  1.049610      0.914387
    293   1     -3   1   7     4  0.176867  0.702314      94.496        0.0        0.0      0.006          2.5455  1.048997      0.469023
    294   1      2   5   0     4  0.177702  0.702988      94.775       53.8       46.7      2.324       3050.6677  1.046648      0.507930
    295   1      0   1   7     4  0.177793  0.703061      94.805        0.9        0.8      0.031         51.6193  1.046395      0.475316
    296   1      3   4   3     4  0.178051  0.703268      94.891        1.2        1.2      0.034         54.3341  1.045678      0.637047
    297   1     -7   1   4     4  0.178065  0.703279      94.895      109.1      107.4      3.094       3666.0100  1.045639      0.857600
    298   1     -2   5   1     4  0.178449  0.703587      95.022        8.1        9.1      0.303        473.7010  1.044576      0.491658
    299   1      0   5   2     4  0.179140  0.704139      95.250       44.5       57.5      1.475       3208.1587  1.042678      0.400514
    300   1      3   0   6     2  0.179345  0.704302      95.318       11.3       15.6      0.480        942.0920  1.042120      0.691765

   No.  Code     H   K   L  Mult      Hw      ETA/M    2theta/TOF     Icalc       Iobs      Sigma     StrFactor^2    d-hkl       CORR

    301   1     -6   3   3     4  0.179448  0.704384      95.352        0.5        0.8      0.026         20.0773  1.041838      0.781769
    302   1     -1   5   2     4  0.179532  0.704450      95.379        4.3        6.0      0.226        304.8814  1.041611      0.408005
    303   1     -1   3   6     4  0.180137  0.704930      95.577       66.4       98.1      2.641       4883.8291  1.039976      0.393002
    304   1      7   2   0     4  0.181215  0.705778      95.928       77.9       92.9      2.831       2394.9414  1.037104      0.940364
    305   1     -5   4   1     4  0.181274  0.705824      95.947        0.2        0.3      0.009          9.6717  1.036949      0.729302
    306   1     -2   3   6     4  0.181326  0.705865      95.963       15.7       19.1      0.644       1093.5439  1.036811      0.415393
    307   1      4   4   2     4  0.181502  0.706003      96.021        0.1        0.2      0.008          5.7042  1.036347      0.699678
    308   1      2   2   6     4  0.181801  0.706236      96.117        0.1        0.1      0.009          5.0394  1.035563      0.606967
    309   1     -7   2   3     4  0.183590  0.707623      96.690        1.9        0.1      0.711         61.6887  1.030942      0.870509
    310   1      2   5   1     4  0.184505  0.708326      96.981        7.5        9.2      1.387        415.7110  1.028626      0.521380
    311   1      5   4   0     4  0.185101  0.708782      97.169        1.2        1.2      0.099         47.9931  1.027135      0.744704
    312   1     -5   4   2     4  0.185141  0.708812      97.181       23.8       23.6      1.786        976.4722  1.027037      0.706182
    313   1      6   3   1     4  0.185475  0.709066      97.286        0.0        0.0      0.000          0.1987  1.026207      0.856534
    314   1      1   5   2     4  0.185642  0.709193      97.339       68.4       60.7      2.493       4262.1445  1.025795      0.465971
    315   1      0   3   6     4  0.185864  0.709362      97.408        2.4        2.0      0.075        149.6067  1.025247      0.457994
    316   1      2   4   4     4  0.186001  0.709466      97.451       50.9       40.6      1.571       2590.1169  1.024910      0.570067
    317   1     -6   2   5     4  0.186204  0.709619      97.515        1.1        0.8      0.033         43.0873  1.024412      0.734346
    318   1      3   1   6     4  0.186603  0.709920      97.639       70.0       59.4      1.782       2966.7539  1.023439      0.685109
    319   1     -2   5   2     4  0.186883  0.710131      97.726       43.4       35.1      1.236       2662.4983  1.022758      0.473652
    320   1      7   0   2     2  0.189128  0.711807      98.419        0.9        1.0      0.094         54.0103  1.017408      0.971295
    321   1      4   3   4     4  0.189174  0.711841      98.433       15.2       16.2      1.487        604.5388  1.017300      0.730372
    322   1     -3   3   6     4  0.189632  0.712180      98.573       35.7       38.2      2.091       2161.5723  1.016230      0.480953
    323   1      5   2   4     4  0.190276  0.712653      98.768       63.5       66.8      1.984       2261.9937  1.014741      0.818505
    324   1     -6   0   6     2  0.190392  0.712738      98.803       22.5       23.5      0.678       1845.4398  1.014474      0.711261
    325   1     -1   4   5     4  0.190421  0.712760      98.812        1.3        1.4      0.041        103.0505  1.014406      0.378899
    326   1     -5   2   6     4  0.190481  0.712804      98.830       39.3       40.8      1.221       1823.2483  1.014269      0.628926
    327   1     -4   1   7     4  0.190484  0.712806      98.831        0.0        0.0      0.000          0.4987  1.014261      0.535932
    328   1     -4   4   4     4  0.191056  0.713225      99.004       10.2        9.9      0.504        509.9013  1.012952      0.585109
    329   1      5   3   3     4  0.192144  0.714016      99.331        2.7        3.7      0.384        101.2904  1.010495      0.796147
    330   1      1   1   7     4  0.192208  0.714063      99.351        4.4        5.9      0.686        241.9542  1.010350      0.542019
    331   1     -2   2   7     4  0.192210  0.714064      99.351        0.1        0.2      0.020          9.4026  1.010345      0.400355
    332   1     -5   3   5     4  0.192310  0.714137      99.381        0.6        0.8      0.114         28.8959  1.010121      0.645335
    333   1     -1   2   7     4  0.192558  0.714316      99.455        0.3        0.3      0.067         18.4583  1.009568      0.406161
    334   1     -2   4   5     4  0.193363  0.714896      99.695        0.6        0.9      0.228         43.0829  1.007784      0.428278
    335   1      4   2   5     4  0.193879  0.715267      99.848        0.7        1.0      0.341         29.7191  1.006651      0.744957

     -----------------------------------------------------
     BRAGG R-Factors and weight fractions for Pattern #  1
     -----------------------------------------------------

 => Phase:  1      #(C) 2021 by FIZ Karlsruhe - Leibniz Institute for Information Infrastructure.  All rights reserved.
 => Bragg R-factor:   7.98       Vol:  325.643( 0.008)  Fract(%):  100.00( 0.59)
 => Rf-factor=  8.20             ATZ:         743.567   Brindley:  1.0000

     -----------------------------------------------------------------
      SYMBOLIC NAMES AND FINAL VALUES AND SIGMA OF REFINED PARAMETERS:
     -----------------------------------------------------------------

      ->  Parameter number    1 :                                          Zero_pat1   -0.26019539E-02( +/-    0.61157969E-03 )
      ->  Parameter number    2 :                                     Scale_ph1_pat1    0.65054847E-02( +/-    0.27218179E-04 )
      ->  Parameter number    3 :                                    Cell_A_ph1_pat1     8.0346050    ( +/-    0.98178374E-04 )
      ->  Parameter number    4 :                                    Cell_B_ph1_pat1     5.4295616    ( +/-    0.85602318E-04 )
      ->  Parameter number    5 :                                    Cell_C_ph1_pat1     7.6348543    ( +/-    0.10488444E-03 )
      ->  Parameter number    6 :                                    Cell_E_ph1_pat1     102.11891    ( +/-    0.91524806E-03 )
      ->  Parameter number    7 :                                    U-Cagl_ph1_pat1    0.30017858E-01( +/-    0.16611171E-02 )
      ->  Parameter number    8 :                                    W-Cagl_ph1_pat1    0.60130008E-02( +/-    0.14897173E-03 )
      ->  Parameter number    9 :                                    V-Cagl_ph1_pat1   -0.91291768E-02( +/-    0.10164817E-02 )
      ->  Parameter number   10 :                                     EtaPV_ph1_pat1    0.47359568    ( +/-    0.13653067E-01 )
      ->  Parameter number   11 :                                     X-tan_ph1_pat1    0.24203898E-02( +/-    0.46021939E-03 )
      ->  Parameter number   12 :                                     Asym1_ph1_pat1    0.27449347E-01( +/-    0.30948371E-02 )
      ->  Parameter number   13 :                                     Asym2_ph1_pat1    0.11566650E-01( +/-    0.61798427E-03 )
      ->  Parameter number   14 :                                       Or1_ph1_pat1   -0.40009043    ( +/-    0.36629059E-02 )
      ->  Parameter number   15 :                                          X_Na1_ph1    0.36831105    ( +/-    0.44602272E-03 )
      ->  Parameter number   16 :                                          Y_Na1_ph1    0.78694654    ( +/-    0.12789808E-02 )
      ->  Parameter number   17 :                                          Z_Na1_ph1    0.11719647    ( +/-    0.61803614E-03 )
      ->  Parameter number   18 :                                          X_Nb1_ph1    0.15531856    ( +/-    0.13165531E-03 )
      ->  Parameter number   19 :                                          Y_Nb1_ph1    0.25573438    ( +/-    0.57475560E-03 )
      ->  Parameter number   20 :                                          Z_Nb1_ph1    0.31741568    ( +/-    0.19481816E-03 )
      ->  Parameter number   21 :                                           X_O1_ph1    0.18186451    ( +/-    0.85073535E-03 )
      ->  Parameter number   22 :                                           Y_O1_ph1    0.16204236    ( +/-    0.13181324E-02 )
      ->  Parameter number   23 :                                           Z_O1_ph1    0.58514990E-01( +/-    0.13693587E-02 )
      ->  Parameter number   24 :                                           X_O2_ph1    0.70857801E-01( +/-    0.75455528E-03 )
      ->  Parameter number   25 :                                           Y_O2_ph1    0.58704704    ( +/-    0.16296989E-02 )
      ->  Parameter number   26 :                                           Z_O2_ph1    0.23463234    ( +/-    0.10902004E-02 )
      ->  Parameter number   27 :                                           X_F1_ph1    0.36603308    ( +/-    0.73099067E-03 )
      ->  Parameter number   28 :                                           Y_F1_ph1    0.42557973    ( +/-    0.11828826E-02 )
      ->  Parameter number   29 :                                           Z_F1_ph1    0.30479994    ( +/-    0.97659219E-03 )
      ->  Parameter number   30 :                                           X_F2_ph1    0.31734526    ( +/-    0.70365175E-03 )
      ->  Parameter number   31 :                                           Y_F2_ph1    0.97880346    ( +/-    0.10753800E-02 )
      ->  Parameter number   32 :                                           Z_F2_ph1    0.38146749    ( +/-    0.99713262E-03 )

 ------------------------------------------------------------------
 => Number of bytes for floating point variables: 4
 => Dimensions of dynamic allocated arrays in this run of FullProf:
 ------------------------------------------------------------------

 => Total approximate array memory (dynamic + static): 128536585 bytes

    MaxPOINT=    60000 Max.num. of points(+int. Inten.)/diffraction pattern       
    MaxREFLT=    20000 Max.num. of reflections/diffraction pattern               
    MaxPARAM=      300 Max.num. of refinable parameters                          
    MaxOVERL=    18096 Max.num. of overlapping reflections                       

 ----------------------------------------------------------
 => Number of bytes for floating point arrays: 4
 => Dimensions of fixed arrays in this release of FullProf:
 ----------------------------------------------------------

    NPATT   =       80 Max.num. of powder diffraction patterns                    
    NATS    =      830 Max.num. of atoms (all kind) in asymmetric unit            
    MPAR    =     1800 Max.num. of non atomic parameters/phase                    
    IEXCL   =       30 Max.num. of excluded regions                               
    IBACP   =      377 Max.num. of background points for interpolation            
    NPHT    =       16 Max.num. of phases                                         
    NMAGM   =        8 Max.num. of rotation-matrices sets for magnetic structure  
    NBASIS  =       12 Max.num. of basis functions associated to a single atom    
    NIREPS  =        9 Max.num. of irreducible representations to be combined     
    N_EQ    =      384 Max.num. of user-supplied symmetry operators/propagation vectors
    NGL     =      400 Max.num. of global parameters/diffraction pattern          
    N_LINC  =       50 Max.num. of global linear restraints                        
    NAT_P   =       80 Max.num. of atomic parameters per atom                     
    NCONST  =      500 Max.num. of slack constraints per phase                    
    N_SPE   =       30 Max.num. of different chemical species                     
    N_FORM  =       60 Max.num. of scattering factor values in a table            
    NPR     =      150 Max.num. of points defining a numerical profile            
    INPR    =       25 Max.num. of different numerical peak shapes                
    NPRC    =      150 Max.num. of terms in the table for correcting intensities  
    NSOL    =       10 Max.num. of solutions to be stored in Montecarlo searchs   

 
              CPU Time:     1.141 seconds
                            0.019 minutes

 => Run finished at:     Date: 03/02/2023  Time: 16:59:15.603                              
