

        **********************************************************
        ** PROGRAM FullProf.2k (Version 7.30 - Mar2020-ILL JRC) **
        **********************************************************
                       M U L T I -- P A T T E R N                 
            Rietveld, Profile Matching & Integrated Intensity     
                 Refinement of X-ray and/or Neutron Data


    Date: 07/02/2023  Time: 10:54:39.953                              

 => PCR file code: NaTaO2F2
 => DAT file code: NaTaO2F2.dat         -> Relative contribution: 1.0000                                                            

 ==> CONDITIONS OF THIS RUN FOR PATTERN No.:  1

 => Global Refinement of X-ray powder diffraction data                                                                              
 => Global Refinement of X-ray powder diffraction data                                                                              
    Bragg-Brentano(X-rays) or Debye-Scherrer geometry(Neutrons)
 => Title:  #(C) 2021 by FIZ Karlsruhe - Leibniz Institute for Information Infrastructure.  All rights reserved.

 => Number of phases:    1
 => Number of excluded regions:    0
 => Number of scattering factors supplied:    0
 => Conventional weights: w=1.0/Variance(yobs)
 => Asymmetry correction as in J.Appl.Cryst. 26,128(1993)
 => Background linearly interpolated between the   23 points given
 => The    5th default profile function was selected
 => Pseudo-Voigt function (ETA variable)
                 X-parameter correspond to: ETA=ETA0+X*2theta
                       pV(x)= ETA*L(x)+(1-ETA)*G(x)

 ==> INPUT/OUTPUT OPTIONS:

 => Generate file *.PRF for plot
 => Output Integrated Intensities
 => Generate new input file *.PCR

 => X-Y type of data: 2theta/TOF/E(Kev) Intens sigma for pattern:  1
 => Plot pattern at each cycle
 => Wavelengths:  1.54056 1.54439
 => Alpha2/Alpha1 ratio:   0.5000
 => Cos(Monochromator angle)=   0.9100
 => Asymmetry correction for angles lower than   90.000 degrees
 => Absorption correction (AC), muR-eff =   0.0000  0.0000
 => Base of peaks: 2.0*HW*    8.00

 => Number of cycles:   33
 => Relaxation factors ==>    for coordinates:  1.00
 => for anisotropic temperature factors:  1.00
 => for halfwidth/strain/size parameters:  1.00
 => for lattice constants and propagation vectors:  1.00
 => EPS-value for convergence:    0.1
 => Background ==> 
    Position   Intensity
       10.18     7017.87        0.00
       12.64     6186.87        0.00
       13.77     5785.25        0.00
       15.53     5363.75        0.00
       18.40     4603.48        0.00
       21.53     4084.68        0.00
       25.54     3685.54        0.00
       30.90     3235.06        0.00
       35.78     2958.94        0.00
       38.72     2733.55        0.00
       42.68     2624.52        0.00
       45.27     2657.51        0.00
       54.25     2702.41        0.00
       62.67     2495.61        0.00
       66.43     2331.28        0.00
       75.39     2395.60        0.00
       78.40     2320.60        0.00
       81.93     2337.04        0.00
       86.52     2248.29        0.00
       90.26     2344.73        0.00

       94.01     2243.91        0.00
       96.29     2261.46        0.00
       98.54     2283.52        0.00

 
 => Number of Least-Squares parameters varied:    31

 =>--------------------------->
 =>------->  PATTERN number:  1
 =>--------------------------->
 => Global parameters and codes ==>
 => Zero-point:    -0.0478   11.0000
 => Displacement peak-shift parameter and code:     0.00    0.00
 => Transparency peak-shift parameter and code:     0.00    0.00

 => Reading Intensity data  =>>

 -> No recognizable heading in input data file X,Y,sigma
    First 6 lines are considered as COMMENTS (except for TSAMP keyword)
 -> COMMENT: 10.0116	7369.0000                                                                                                                   
 -> COMMENT: 10.0247	7552.0000                                                                                                                   
 -> COMMENT: 10.0379	7534.0000                                                                                                                   
 -> COMMENT: 10.0510	7522.0000                                                                                                                   
 -> COMMENT: 10.0641	7508.0000                                                                                                                   
 -> COMMENT: 10.0772	7301.0000                                                                                                                   
 ==> Angular range, step and number of points:
     2Thmin:      10.090400  2Thmax:      99.993401  Step:       0.013132  No. of points:   6848
 --------------------------------------------------------------------------------
 => Phase  No. 1
       #(C) 2021 by FIZ Karlsruhe - Leibniz Institute for Information Infras
 --------------------------------------------------------------------------------
 =>-------> Pattern#  1
 => Crystal Structure Refinement
 => Preferred orientation vector:   0.0000  0.0000  1.0000

 =>-------> Data for PHASE: 1
 => Number of atoms:    6
 => Number of distance  constraints:    0
 => Number of angle     constraints:    0

 => Symmetry information on space group: P 1 21/c 1          
 -> The multiplicity of the general position is:   4
 -> The space group is Centric (-1 at origin)   
 -> Lattice type  P: { 000 }                                       
 -> Reduced set of symmetry operators:

  No.  IT   Symmetry symbol    Rotation part     Associated Translation
   1: ( 1)   1            -->     ( x, y, z) + {  0.0000  0.0000  0.0000}
   2: ( 3)   2 ( 0, y, 0) -->     (-x, y,-z) + {  0.0000  0.5000  0.5000}


        Information on Space Group: 
        --------------------------- 

 =>   Number of Space group:  14
 =>  Hermann-Mauguin Symbol: P 1 21/c 1
 =>             Hall Symbol: -P 2ybc
 =>    Table Setting Choice: b1
 =>            Setting Type: IT (Generated from Hermann-Mauguin symbol)
 =>          Crystal System: Monoclinic
 =>              Laue Class: 2/m
 =>             Point Group: 2/m
 =>         Bravais Lattice: P
 =>          Lattice Symbol: mP
 =>  Reduced Number of S.O.:   2
 =>    General multiplicity:   4
 =>          Centrosymmetry: Centric (-1 at origin)
 =>  Generators (exc. -1&L):   1
 =>         Asymmetric unit:  0.000 <= x <=  1.000
                              0.000 <= y <=  0.250
                              0.000 <= z <=  1.000

 => List of S.O. without inversion and lattice centring translations
 => SYMM(  1): x,y,z                               => SYMM(  2): -x,y+1/2,-z+1/2


 => Initial parameters ==>
 Atom    Ntyp                  X         Y         Z         B         occ.         in  fin  Spc  Mult
                             B11       B22       B33       B12       B13       B23
 Na1    Na                 0.37991   0.78623   0.10653   1.11627   1.00000           0    0    0    4
                 Codes:  141.00000 151.00000 161.00000   0.00000   0.00000
 Ta1    Ta                 0.15907   0.25895   0.29787   0.47176   1.00000           0    0    0    4
                 Codes:  171.00000 181.00000 191.00000   0.00000   0.00000
 O1     O                  0.21340   0.14605   0.05464   0.58064   1.00000           0    0    0    4
                 Codes:  201.00000 211.00000 221.00000   0.00000   0.00000
 O2     O                  0.06758   0.56358   0.21840   0.58064   1.00000           0    0    0    4
                 Codes:  231.00000 241.00000 251.00000   0.00000   0.00000
 F1     F                  0.37959   0.47732   0.30582   1.12063   1.00000           0    0    0    4
                 Codes:  261.00000 271.00000 281.00000   0.00000   0.00000
 F2     F                  0.34212   0.99120   0.38031   1.12063   1.00000           0    0    0    4
                 Codes:  291.00000 301.00000 311.00000   0.00000   0.00000

 => IT IS ASSUMED THAT THE FIRST GIVEN SITE IS FULLY OCCUPIED 
    OR THE FIRST AND SECOND ATOMS ARE IN THE SAME SITE WITH TOTAL FULL OCCUPATION
  (If this is not the case, change the order of atoms to obtain correct values for the content of the unit cell)
    The given occupation factors have been obtained mutiplying m/M by   1.0000
      -> Atom: Na  ,  Chemical element: NA  Atomic Mass:    22.9898
      -> Atom: Ta  ,  Chemical element: TA  Atomic Mass:   180.9479
      -> Atom: O   ,  Chemical element: O   Atomic Mass:    15.9994
      -> Atom: O   ,  Chemical element: O   Atomic Mass:    15.9994
      -> Atom: F   ,  Chemical element: F   Atomic Mass:    18.9984
      -> Atom: F   ,  Chemical element: F   Atomic Mass:    18.9984
 => The given value of ATZ is       1095.73 the program has calculated:        1095.73
    The value of ATZ given in the input PCR file will be used for quantitative analysis
 => The chemical content of the unit cell is: 
       4.0000 Na   +   4.0000 Ta   +   4.0000 O    +   4.0000 O    +   4.0000 F    +   4.0000 F      
 => The normalized site occupation numbers in % are: 
     100.0000 Na1    :      100.0000 Ta1    :      100.0000 O1     :      100.0000 O2     :      100.0000 F1     :      100.0000 F2       
 => The density (volumic mass) of the compound is:    5.637 g/cm3

 =>-------> PROFILE PARAMETERS FOR PATTERN:  1

 => Overall scale factor:   0.202970E-02
 => ETA (p-Voigt) OR M (Pearson VII):   0.5027
 => Overall temperature factor:      0.00000
 => Halfwidth U,V,W:      0.05126    -0.02850     0.01046
 => X and Y parameters:      -0.0005      0.0000
 => Direct cell parameters:    8.0982   5.4392   7.4959  90.0000 102.1513  90.0000
 => Preferred orientation parameters:   0.0000  0.0000
 => Asymmetry parameters     :      0.00911     0.00480     0.00000     0.00000
 => Strain parameters        :      0.00000     0.00000     0.00000
 => Size   parameters        :      0.00000     0.00000

 ==> CODEWORDS FOR PROFILE PARAMETERS of PATTERN#  1

 => Overall scale factor:   21.000
 => ETA (p-Voigt) OR M (Pearson VII):  101.000
 => Overall temperature factor:    0.000
 => Halfwidth U,V,W:   71.000  91.000  81.000
 => X and Y parameters:  111.000   0.000
 => Direct cell parameters:   31.000  41.000  51.000   0.000  61.000   0.000
 => Preferred orientation parameters:    0.000   0.000
 => Asymmetry parameters     :  121.000 131.000   0.000   0.000
 => Strain parameters        :    0.000   0.000   0.000
 => Size   parameters        :    0.000   0.000

 => Cell constraints according to Laue symmetry: 2/m  

        Metric information:
        -------------------

 => Direct cell parameters:

         a =       8.0982      b =       5.4392      c =       7.4959
     alpha =       90.000   beta =      102.151  gamma =       90.000
                        Direct Cell Volume =     322.7843

 => Reciprocal cell parameters:

         a*=     0.126314      b*=     0.183849      c*=     0.136463
     alpha*=       90.000   beta*=       77.849  gamma*=       90.000
                    Reciprocal Cell Volume =   0.00309804

 => Direct and Reciprocal Metric Tensors:

                   GD                                       GR
     65.5812      0.0000    -12.7777          0.015955    0.000000    0.003628
      0.0000     29.5853      0.0000          0.000000    0.033801    0.000000
    -12.7777      0.0000     56.1890          0.003628    0.000000    0.018622

 =>  Cartesian frame: z // c; y is in the bc-plane; x is y ^ z = a*  

     Crystal_to_Orthonormal_Matrix              Orthonormal_to_Crystal Matrix
              Cr_Orth_cel                               Orth_Cr_cel  
      8.0982      0.0000     -1.5778          0.123484   -0.000000    0.026588
      0.0000      5.4392      0.0000          0.000000    0.183849   -0.000000
      0.0000      0.0000      7.3280          0.000000    0.000000    0.136463

     Busing-Levy B-matrix: Hc=B.H            Inverse of the Busing-Levy B-matrix
                BL_M                                      BL_Minv  
    0.126314    0.000000    0.028725            7.9168     -0.0000     -1.7046
    0.000000    0.183849   -0.000000            0.0000      5.4392      0.0000
    0.000000    0.000000    0.133406            0.0000      0.0000      7.4959

 => Laue symmetry 2/m   will be used to generate HKL for pattern#   1
 => Reflections generated between S(1/d)min:  0.1139 A-1 and S(1/d)max:  1.0102 A-1
 =>                                    dmax:  8.7808 A   and      dmin:  0.9899 A
 => The number of reflections generated is:    353
 => The max. scatt. variable (gen.ref.) is:       102.1817
 => Scattering coefficients from internal table


 => X-ray scattering coeff. (A1, B1, A2,...C, f(0), Z, Dfp,Dfpp)

 NA      4.7626   3.2850   3.1736   8.8422   1.2674   0.3136   1.1128 129.4240   0.6760  10.9924  11.0000   0.1290   0.1240
 TA     29.2024   1.7733  15.2293   9.3705  14.5135   0.2960   4.7649  63.3644   9.2435  72.9537  73.0000  -6.3510   5.2710
 O       3.0485  13.2771   2.2868   5.7011   1.5463   0.3239   0.8670  32.9089   0.2508   7.9994   8.0000   0.0470   0.0320
 F       3.5392  10.2825   2.6412   4.2944   1.5170   0.2615   1.0243  26.1476   0.2776   8.9993   9.0000   0.0690   0.0530

     --------------------------------------------------------------
      SYMBOLIC NAMES AND INITIAL VALUES OF PARAMETERS TO BE VARIED:
     --------------------------------------------------------------

      ->  Parameter number    1   -> Symbolic Name:                                          Zero_pat1   -0.47809999E-01
      ->  Parameter number    2   -> Symbolic Name:                                     Scale_ph1_pat1    0.20297000E-02
      ->  Parameter number    3   -> Symbolic Name:                                    Cell_A_ph1_pat1     8.0982218    
      ->  Parameter number    4   -> Symbolic Name:                                    Cell_B_ph1_pat1     5.4392362    
      ->  Parameter number    5   -> Symbolic Name:                                    Cell_C_ph1_pat1     7.4959340    
      ->  Parameter number    6   -> Symbolic Name:                                    Cell_E_ph1_pat1     102.15127    
      ->  Parameter number    7   -> Symbolic Name:                                    U-Cagl_ph1_pat1    0.51256001E-01
      ->  Parameter number    8   -> Symbolic Name:                                    W-Cagl_ph1_pat1    0.10459000E-01
      ->  Parameter number    9   -> Symbolic Name:                                    V-Cagl_ph1_pat1   -0.28500000E-01
      ->  Parameter number   10   -> Symbolic Name:                                     EtaPV_ph1_pat1    0.50273001    
      ->  Parameter number   11   -> Symbolic Name:                                     X-tan_ph1_pat1   -0.45900000E-03
      ->  Parameter number   12   -> Symbolic Name:                                     Asym1_ph1_pat1    0.91100000E-02
      ->  Parameter number   13   -> Symbolic Name:                                     Asym2_ph1_pat1    0.48000002E-02
      ->  Parameter number   14   -> Symbolic Name:                                          X_Na1_ph1    0.37990999    
      ->  Parameter number   15   -> Symbolic Name:                                          Y_Na1_ph1    0.78623003    
      ->  Parameter number   16   -> Symbolic Name:                                          Z_Na1_ph1    0.10653000    
      ->  Parameter number   17   -> Symbolic Name:                                          X_Ta1_ph1    0.15907000    
      ->  Parameter number   18   -> Symbolic Name:                                          Y_Ta1_ph1    0.25895000    
      ->  Parameter number   19   -> Symbolic Name:                                          Z_Ta1_ph1    0.29787001    
      ->  Parameter number   20   -> Symbolic Name:                                           X_O1_ph1    0.21340001    
      ->  Parameter number   21   -> Symbolic Name:                                           Y_O1_ph1    0.14605001    
      ->  Parameter number   22   -> Symbolic Name:                                           Z_O1_ph1    0.54639999E-01
      ->  Parameter number   23   -> Symbolic Name:                                           X_O2_ph1    0.67580000E-01
      ->  Parameter number   24   -> Symbolic Name:                                           Y_O2_ph1    0.56357998    
      ->  Parameter number   25   -> Symbolic Name:                                           Z_O2_ph1    0.21840000    
      ->  Parameter number   26   -> Symbolic Name:                                           X_F1_ph1    0.37959000    
      ->  Parameter number   27   -> Symbolic Name:                                           Y_F1_ph1    0.47731999    
      ->  Parameter number   28   -> Symbolic Name:                                           Z_F1_ph1    0.30581999    
      ->  Parameter number   29   -> Symbolic Name:                                           X_F2_ph1    0.34211999    
      ->  Parameter number   30   -> Symbolic Name:                                           Y_F2_ph1    0.99119997    
      ->  Parameter number   31   -> Symbolic Name:                                           Z_F2_ph1    0.38031000    
  
 
 => No optimization for routine tasks
 ++++++++++++++++++++++++++++++++++++++++++++++++++++++++++++++++++++++++++++++++++++++++++++++++++++++++++++++++++++++++

 => CYCLE No.:    1
 ---------------------------------------------------------------------------------------
 => Phase  1 Name:  #(C) 2021 by FIZ Karlsruhe - Leibniz Institute for Information Infras
 ---------------------------------------------------------------------------------------
 => New parameters, shifts, and standard deviations

 Atom        x       dx      sx       y       dy      sy       z       dz      sz       B       dB      sB      occ.    docc.   socc.

 Na1      0.37990-0.00001 0.00065  0.78623-0.00000 0.00149  0.10653 0.00000 0.00074  1.11627 0.00000 0.00000  1.00000 0.00000 0.00000
 Ta1      0.15907-0.00000 0.00010  0.25895 0.00000 0.00037  0.29787-0.00000 0.00013  0.47176 0.00000 0.00000  1.00000 0.00000 0.00000
 O1       0.21339-0.00001 0.00115  0.14605 0.00000 0.00136  0.05461-0.00003 0.00156  0.58064 0.00000 0.00000  1.00000 0.00000 0.00000
 O2       0.06757-0.00001 0.00126  0.56354-0.00004 0.00173  0.21841 0.00001 0.00150  0.58064 0.00000 0.00000  1.00000 0.00000 0.00000
 F1       0.37960 0.00001 0.00121  0.47725-0.00006 0.00172  0.30582-0.00000 0.00146  1.12063 0.00000 0.00000  1.00000 0.00000 0.00000
 F2       0.34211-0.00001 0.00111  0.99116-0.00004 0.00159  0.38030-0.00001 0.00129  1.12063 0.00000 0.00000  1.00000 0.00000 0.00000

 ==> PROFILE PARAMETERS FOR PATTERN#  1

 => Overall scale factor:      0.002029536    -0.000000164     0.000003599
 => Eta(p-Voigt) or m(Pearson VII):   0.502763  0.000033  0.012388
 => Overall tem. factor:     0.000000    0.000000    0.000000
 => Halfwidth parameters: 
         0.051253   -0.000003    0.001513
        -0.028500    0.000000    0.001101
         0.010460    0.000001    0.000195
 => Cell parameters: 
        8.098221   -0.000001    0.000089
        5.439235   -0.000001    0.000063
        7.495933   -0.000001    0.000081
       90.000000    0.000000    0.000000
      102.151268    0.000000    0.000654
       90.000000    0.000000    0.000000
 => Preferred orientation: 
         0.000000    0.000000    0.000000
         0.000000    0.000000    0.000000
 => Asymmetry parameters: 
         0.009095   -0.000015    0.003035
         0.004797   -0.000003    0.000717
         0.000000    0.000000    0.000000
         0.000000    0.000000    0.000000
 => X and Y parameters: 
        -0.000465   -0.000006    0.000356
         0.000000    0.000000    0.000000
 => Strain parameters: 
         0.000000    0.000000    0.000000
         0.000000    0.000000    0.000000
         0.000000    0.000000    0.000000
 => Size   parameters (G,L): 
         0.000000    0.000000    0.000000
         0.000000    0.000000    0.000000

 ==> GLOBAL PARAMETERS FOR PATTERN#  1


 => Zero-point:    -0.0478   -0.0000    0.0006

 => Cos( theta)-shift parameter :   0.0000  0.0000  0.0000
 => Sin(2theta)-shift parameter :   0.0000  0.0000  0.0000

 ==> RELIABILITY FACTORS WITH ALL NON-EXCLUDED POINTS FOR PATTERN:  1

 => R-Factors:   3.87      5.37     Chi2:  13.0     DW-Stat.:  0.3141   Patt#:  1
 => Expected :            1.49                                1.9341
 => Deviance : 0.912E+05     Dev*:   13.37    
 => GoF-index:  3.6         Sqrt(Residual/N)
 => N-P+C:  6817

 =>    SumYdif       SumYobs      SumYcal      SumwYobsSQ     Residual    Condition
     0.1186E+07    0.3061E+08    0.3053E+08    0.3061E+08    0.8839E+05    0.8132E+10


 => Conventional Rietveld Rp,Rwp,Re and Chi2:   11.7      11.6      3.21      12.97    
 => (Values obtained using Ynet, but true sigma(y))
 =>  SumYnet, Sum(w Ynet**2):     0.1011E+08    0.6624E+07


 ==> RELIABILITY FACTORS FOR POINTS WITH BRAGG CONTRIBUTIONS FOR PATTERN:  1

 => R-Factors:   4.21      5.72     Chi2:  14.6     DW-Stat.:  0.3236   Patt#:
 => Expected :            1.50                                1.9299
 => Deviance : 0.885E+05     Dev*:   15.01    
 => GoF-index:  3.8         Sqrt(Residual/N)
 => N-P+C:  5896

 =>    SumYdif       SumYobs      SumYcal      SumwYobsSQ     Residual    Condition
     0.1106E+07    0.2626E+08    0.2620E+08    0.2626E+08    0.8579E+05    0.8132E+10


 => Conventional Rietveld Rp,Rwp,Re and Chi2:   11.0      11.4      2.98      14.55    
 => (Values obtained using Ynet, but true sigma(y))
 =>  SumYnet, Sum(w Ynet**2):     0.1008E+08    0.6621E+07


 => Global user-weigthed Chi2 (Bragg contrib.):   14.6    

 => ---------> Pattern#  1
 => Phase:  1
 =>    Bragg R-factor:  6.30    
 =>    RF-factor     :  5.43    


   Standard deviations have to be multiplied by: 3.4972
   (correlated residuals) See references:
  -J.F.Berar & P.Lelann, J. Appl. Cryst. 24, 1-5 (1991) 
  -J.F.Berar, Acc. in Pow. Diff. II,NIST Sp.Pub. 846, 63(1992) 

 ++++++++++++++++++++++++++++++++++++++++++++++++++++++++++++++++++++++++++++++++++++++++++++++++++++++++++++++++++++++++

 => CYCLE No.:    1
 =>  Convergence reached at this CYCLE !!!!
 =>  Parameter shifts set to zero
 ---------------------------------------------------------------------------------------
 => Phase  1 Name:  #(C) 2021 by FIZ Karlsruhe - Leibniz Institute for Information Infras
 ---------------------------------------------------------------------------------------
 => New parameters, shifts, and standard deviations

 Atom        x       dx      sx       y       dy      sy       z       dz      sz       B       dB      sB      occ.    docc.   socc.

 Na1      0.37990 0.00000 0.00065  0.78623 0.00000 0.00149  0.10653 0.00000 0.00074  1.11627 0.00000 0.00000  1.00000 0.00000 0.00000
 Ta1      0.15907 0.00000 0.00010  0.25895 0.00000 0.00037  0.29787 0.00000 0.00013  0.47176 0.00000 0.00000  1.00000 0.00000 0.00000
 O1       0.21339 0.00000 0.00115  0.14605 0.00000 0.00136  0.05461 0.00000 0.00156  0.58064 0.00000 0.00000  1.00000 0.00000 0.00000
 O2       0.06757 0.00000 0.00126  0.56354 0.00000 0.00173  0.21841 0.00000 0.00150  0.58064 0.00000 0.00000  1.00000 0.00000 0.00000
 F1       0.37960 0.00000 0.00121  0.47725 0.00000 0.00172  0.30582 0.00000 0.00146  1.12063 0.00000 0.00000  1.00000 0.00000 0.00000
 F2       0.34211 0.00000 0.00111  0.99116 0.00000 0.00159  0.38030 0.00000 0.00129  1.12063 0.00000 0.00000  1.00000 0.00000 0.00000

 ==> PROFILE PARAMETERS FOR PATTERN#  1

 => Overall scale factor:      0.002029536     0.000000000     0.000003599
 => Eta(p-Voigt) or m(Pearson VII):   0.502763  0.000000  0.012388
 => Overall tem. factor:     0.000000    0.000000    0.000000
 => Halfwidth parameters: 
         0.051253    0.000000    0.001513
        -0.028500    0.000000    0.001101
         0.010460    0.000000    0.000195
 => Cell parameters: 
        8.098221    0.000000    0.000089
        5.439235    0.000000    0.000063
        7.495933    0.000000    0.000081
       90.000000    0.000000    0.000000
      102.151268    0.000000    0.000654
       90.000000    0.000000    0.000000
 => Preferred orientation: 
         0.000000    0.000000    0.000000
         0.000000    0.000000    0.000000
 => Asymmetry parameters: 
         0.009095    0.000000    0.003035
         0.004797    0.000000    0.000717
         0.000000    0.000000    0.000000
         0.000000    0.000000    0.000000
 => X and Y parameters: 
        -0.000465    0.000000    0.000356
         0.000000    0.000000    0.000000
 => Strain parameters: 
         0.000000    0.000000    0.000000
         0.000000    0.000000    0.000000
         0.000000    0.000000    0.000000
 => Size   parameters (G,L): 
         0.000000    0.000000    0.000000
         0.000000    0.000000    0.000000

 ==> GLOBAL PARAMETERS FOR PATTERN#  1


 => Zero-point:    -0.0478    0.0000    0.0006

 => Cos( theta)-shift parameter :   0.0000  0.0000  0.0000
 => Sin(2theta)-shift parameter :   0.0000  0.0000  0.0000

 ==> RELIABILITY FACTORS WITH ALL NON-EXCLUDED POINTS FOR PATTERN:  1

 => R-Factors:   3.87      5.37     Chi2:  13.0     DW-Stat.:  0.3141   Patt#:  1
 => Expected :            1.49                                1.9341
 => Deviance : 0.912E+05     Dev*:   13.37    
 => GoF-index:  3.6         Sqrt(Residual/N)
 => N-P+C:  6817

 =>    SumYdif       SumYobs      SumYcal      SumwYobsSQ     Residual    Condition
     0.1186E+07    0.3061E+08    0.3053E+08    0.3061E+08    0.8839E+05    0.8132E+10


 => Conventional Rietveld Rp,Rwp,Re and Chi2:   11.7      11.6      3.21      12.97    
 => (Values obtained using Ynet, but true sigma(y))
 =>  SumYnet, Sum(w Ynet**2):     0.1011E+08    0.6624E+07

 => N-sigma of the GoF:      698.619

 ==> RELIABILITY FACTORS FOR POINTS WITH BRAGG CONTRIBUTIONS FOR PATTERN:  1

 => R-Factors:   4.21      5.72     Chi2:  14.6     DW-Stat.:  0.3236   Patt#:
 => Expected :            1.50                                1.9299
 => Deviance : 0.885E+05     Dev*:   15.01    
 => GoF-index:  3.8         Sqrt(Residual/N)
 => N-P+C:  5896

 =>    SumYdif       SumYobs      SumYcal      SumwYobsSQ     Residual    Condition
     0.1106E+07    0.2626E+08    0.2620E+08    0.2626E+08    0.8579E+05    0.8132E+10


 => Conventional Rietveld Rp,Rwp,Re and Chi2:   11.0      11.4      2.98      14.55    
 => (Values obtained using Ynet, but true sigma(y))
 =>  SumYnet, Sum(w Ynet**2):     0.1008E+08    0.6621E+07

 => N-sigma of the GoF:      735.743

 => Global user-weigthed Chi2 (Bragg contrib.):   15.0    

 => ---------> Pattern#  1
 => Phase:  1
 =>    Bragg R-factor:  6.30    
 =>    RF-factor     :  5.43    

 --------------------------------------------------------------------------------------------------------------
 Pattern#  1 Phase No.:   1 Phase name:  #(C) 2021 by FIZ Karlsruhe - 
 --------------------------------------------------------------------------------------------------------------

   No.  Code     H   K   L  Mult      Hw      ETA/M    2theta/TOF     Icalc       Iobs      Sigma     StrFactor^2    d-hkl       CORR

      1   1      1   0   0     2  0.090348  0.497570      11.167     4003.0     3583.2      9.330      10106.4434  7.916782      1.000000
      2   1      1   1   0     4  0.083949  0.493561      19.787     9892.5     9478.5     11.058      40031.6680  4.483097      1.000000
      3   1      0   1   1     4  0.083654  0.493315      20.316       20.1       55.8      3.183         85.7193  4.367572      1.000000
      4   1     -1   1   1     4  0.082820  0.492552      21.956       33.9       75.2      4.363        170.1419  4.044860      1.000000
      5   1      2   0   0     2  0.082597  0.492327      22.442     1262.2     1336.4      6.008      13255.4746  3.958391      1.000000
      6   1      0   0   2     2  0.081857  0.491476      24.272     3679.4     3624.3      7.225      45491.5625  3.663995      1.000000
      7   1      1   1   1     4  0.081790  0.491388      24.460       36.0       36.1      0.095        225.9554  3.636133      1.000000
      8   1     -1   0   2     2  0.081773  0.491365      24.509     3878.7     3824.2      6.733      48937.2188  3.629037      1.000000
      9   1      2   1   0     4  0.080892  0.489811      27.852     7194.7     7232.2      9.904      59379.8477  3.200571      1.000000
     10   1     -2   1   1     4  0.080797  0.489535      28.444      104.7       72.6      2.076        903.2070  3.135268      1.000000
     11   1      1   0   2     2  0.080737  0.489323      28.902        2.1        3.2      0.271         38.2614  3.086697      1.000000
     12   1      0   1   2     4  0.080687  0.489106      29.367     2592.1     2796.7      6.567      23935.2207  3.038836      1.000000
     13   1     -2   0   2     2  0.080674  0.489042      29.504      124.3      135.3      0.457       2318.4473  3.024988      1.000000
     14   1     -1   1   2     4  0.080669  0.489014      29.566     1113.4     1238.7      3.879      10430.2451  3.018804      1.000000
     15   1      2   1   1     4  0.080651  0.487721      32.346       16.4        0.0      4.110        185.8761  2.765462      1.000000
     16   1      0   2   0     2  0.080701  0.487460      32.906     1510.9     1551.0      5.353      35579.0117  2.719618      1.000000
     17   1      1   1   2     4  0.080753  0.487255      33.349     2930.9     2918.6      6.061      35520.3203  2.684549      1.000000
     18   1     -2   1   2     4  0.080830  0.487007      33.880     2578.2     2576.3      5.415      32323.8066  2.643656      1.000000
     19   1      3   0   0     2  0.080840  0.486978      33.942     1048.3     1092.9      2.166      26391.0801  2.638927      1.000000
     20   1      1   2   0     4  0.081014  0.486555      34.852     1016.1     1017.5      4.772      13541.9482  2.572084      1.000000
     21   1      0   2   1     4  0.081085  0.486408      35.168       24.6       46.6      1.936        334.7395  2.549689      1.000000
     22   1     -1   2   1     4  0.081355  0.485937      36.183        3.6        2.9      2.580         52.1168  2.480518      1.000000
     23   1      2   0   2     2  0.081527  0.485681      36.733      609.9      617.6      4.637      18221.8633  2.444586      1.000000
     24   1     -3   1   1     4  0.081802  0.485318      37.512      207.1      195.7      1.393       3238.0488  2.395598      1.000000
     25   1     -3   0   2     2  0.081814  0.485303      37.545      629.8      586.2      3.132      19735.0352  2.393565      1.000000
     26   1      1   2   1     4  0.081921  0.485174      37.822       86.6       76.9      2.182       1378.3956  2.376669      1.000000
     27   1      3   1   0     4  0.081937  0.485155      37.862        9.2        8.0      0.314        147.0743  2.374249      1.000000
     28   1     -1   1   3     4  0.082835  0.484239      39.834      247.9      261.6      4.321       4422.0522  2.261162      1.000000
     29   1      2   2   0     4  0.083026  0.484070      40.197      457.2      465.8      3.118       8319.1172  2.241549      1.000000
     30   1      2   1   2     4  0.083147  0.483966      40.419      557.2      632.6      3.113      10263.1133  2.229741      1.000000
     31   1      0   1   3     4  0.083162  0.483953      40.447        0.1        0.1      0.000          1.2612  2.228282      1.000000
     32   1     -2   2   1     4  0.083263  0.483869      40.628        5.9        7.4      0.262        110.4262  2.218762      1.000000
     33   1     -3   1   2     4  0.083577  0.483617      41.170      822.3      835.6      3.689      15770.7881  2.190821      1.000000
     34   1      0   2   2     4  0.083660  0.483553      41.308      905.8      911.5      2.908      17501.4961  2.183786      1.000000
     35   1     -1   2   2     4  0.083750  0.483484      41.457     1097.5     1003.0      3.399      21373.5957  2.176316      1.000000
     36   1      3   1   1     4  0.084181  0.483168      42.136        7.9        3.4      1.476        159.3783  2.142799      1.000000
     37   1     -2   1   3     4  0.084442  0.482985      42.529        9.2        9.1      2.564        189.7028  2.123907      1.000000
     38   1      2   2   1     4  0.085183  0.482500      43.572       55.2       91.1      4.049       1200.1511  2.075428      1.000000
     39   1      1   1   3     4  0.085703  0.482183      44.255       51.5       27.9      2.054       1159.5878  2.044971      1.000000
     40   1      1   2   2     4  0.085782  0.482136      44.356       85.9       80.0      1.802       1943.5699  2.040564      1.000000
     41   1     -2   2   2     4  0.086118  0.481941      44.775      351.6      344.0      3.455       8120.7983  2.022430      1.000000
     42   1      4   0   0     2  0.086990  0.481460      45.808      728.3      788.6      4.740      35396.7305  1.979196      1.000000
     43   1      3   0   2     2  0.087525  0.481182      46.406      487.1      418.7      3.560      24367.5039  1.955060      1.000000
     44   1     -4   0   2     2  0.088408  0.480745      47.347      707.8      688.3      4.362      37026.8594  1.918404      1.000000
     45   1     -3   2   1     4  0.088763  0.480576      47.709       25.0       26.9      0.826        663.8566  1.904670      1.000000
     46   1     -4   1   1     4  0.089039  0.480447      47.987        0.7        0.7      0.002         18.5562  1.894294      1.000000
     47   1      3   2   0     4  0.089050  0.480442      47.998     1776.8     1860.8      5.247      47918.2773  1.893888      1.000000
     48   1     -3   1   3     4  0.089132  0.480404      48.079       31.7       33.8      0.118        858.8915  1.890878      1.000000
     49   1     -1   0   4     2  0.089617  0.480184      48.552     1257.1     1386.9      4.561      69553.0391  1.873555      1.000000
     50   1      4   1   0     4  0.090016  0.480008      48.932      954.3     1052.9      4.102      26864.2520  1.859893      1.000000
     51   1      3   1   2     4  0.090630  0.479743      49.501      104.5       78.4      2.146       3019.1462  1.839821      1.000000
     52   1     -1   2   3     4  0.090784  0.479678      49.641       11.4       11.5      0.273        331.5421  1.834979      1.000000
     53   1      0   0   4     2  0.090879  0.479638      49.727       34.1       35.9      1.038       1993.1815  1.831997      1.000000
     54   1      2   2   2     4  0.091335  0.479448      50.134     1754.0     1768.6      5.211      52136.8906  1.818066      1.000000
     55   1      0   2   3     4  0.091362  0.479438      50.158        2.1        2.1      0.006         61.8870  1.817275      1.000000
     56   1     -2   0   4     2  0.091454  0.479400      50.239      227.5      232.5      0.766      13590.6357  1.814519      1.000000
     57   1     -4   1   2     4  0.091636  0.479326      50.398        8.4        9.5      0.115        252.8384  1.809174      1.000000
     58   1      2   1   3     4  0.091966  0.479193      50.683        2.1        2.5      0.033         65.3230  1.799654      1.000000
     59   1     -3   2   2     4  0.092067  0.479153      50.770     1040.9      969.1      4.286      31822.6094  1.796783      1.000000
     60   1     -1   1   4     4  0.092997  0.478790      51.550       38.0       33.7      1.004       1201.3893  1.771413      1.000000

   No.  Code     H   K   L  Mult      Hw      ETA/M    2theta/TOF     Icalc       Iobs      Sigma     StrFactor^2    d-hkl       CORR

     61   1      3   2   1     4  0.093051  0.478770      51.594        0.4        0.4      0.007         13.2138  1.770005      1.000000
     62   1      1   3   0     4  0.093153  0.478730      51.678      640.4      610.9      3.678      20369.0625  1.767324      1.000000
     63   1      0   3   1     4  0.093437  0.478623      51.909       66.7       66.3      1.209       2142.7478  1.760009      1.000000
     64   1     -2   2   3     4  0.093464  0.478613      51.931        2.3        2.3      0.054         75.2842  1.759312      1.000000
     65   1     -1   3   1     4  0.094377  0.478275      52.657        6.0        5.7      0.033        200.1693  1.736766      1.000000
     66   1      0   1   4     4  0.094402  0.478266      52.676     1045.6      995.9      4.765      34712.2070  1.736165      1.000000
     67   1      4   1   1     4  0.094951  0.478069      53.101        0.0        0.0      0.001          1.5343  1.723286      1.000000
     68   1     -2   1   4     4  0.095039  0.478038      53.168      412.5      378.7      3.127      13978.5723  1.721267      1.000000
     69   1      1   2   3     4  0.095374  0.477919      53.423        0.1        0.1      0.008          4.1018  1.713658      1.000000
     70   1      1   0   4     2  0.095645  0.477825      53.626      160.3      158.9      2.901      11071.8135  1.707627      1.000000
     71   1      1   3   1     4  0.095996  0.477703      53.888        1.9        0.2      0.331         66.1939  1.699955      1.000000
     72   1     -3   0   4     2  0.096964  0.477374      54.594       71.2        0.0      3.214       5120.0664  1.679612      1.000000
     73   1      2   3   0     4  0.098562  0.476852      55.717     1054.5      994.2      5.463      39670.0117  1.648393      1.000000
     74   1     -4   1   3     4  0.098751  0.476792      55.847       18.7       18.3      0.105        705.7904  1.644870      1.000000
     75   1     -2   3   1     4  0.099056  0.476695      56.055       78.7       79.7      1.464       3000.3362  1.639267      1.000000
     76   1      1   1   4     4  0.099615  0.476520      56.431      819.0      950.0      3.992      31689.9531  1.629224      1.000000
     77   1      0   3   2     4  0.099854  0.476446      56.591      357.7      374.1      1.563      13926.9336  1.625009      1.000000
     78   1     -4   2   1     4  0.100024  0.476393      56.703       37.9       34.7      0.213       1482.2449  1.622041      1.000000
     79   1     -1   3   2     4  0.100031  0.476391      56.708      230.8      211.2      1.309       9026.7949  1.621924      1.000000
     80   1     -3   2   3     4  0.100148  0.476355      56.785        6.1        5.5      0.054        240.9285  1.619894      1.000000
     81   1      4   0   2     2  0.100983  0.476102      57.331       35.1       42.6      0.226       2812.3000  1.605765      1.000000
     82   1     -3   1   4     4  0.101039  0.476085      57.367     1007.2     1138.9      4.366      40420.5625  1.604839      1.000000
     83   1      4   2   0     4  0.101316  0.476002      57.546      292.2      357.4      1.504      11807.9053  1.600285      1.000000
     84   1      3   2   2     4  0.102117  0.475765      58.055      560.9      672.1      3.657      23110.6250  1.587446      1.000000
     85   1      5   0   0     2  0.102379  0.475688      58.220       89.6      103.1      0.692       7430.2451  1.583356      1.000000
     86   1     -5   0   2     2  0.102625  0.475617      58.373       88.9       92.1      1.276       7415.1650  1.579555      1.000000
     87   1      2   3   1     4  0.102671  0.475604      58.402        5.4        5.6      0.092        223.4655  1.578848      1.000000
     88   1     -4   2   2     4  0.103413  0.475390      58.861      611.1      727.5      3.611      25952.6172  1.567634      1.000000
     89   1      1   3   2     4  0.103704  0.475308      59.038      686.4      765.4      2.765      29345.7422  1.563335      1.000000
     90   1      2   2   3     4  0.103834  0.475271      59.118       31.0       33.2      0.193       1327.5923  1.561428      1.000000
     91   1      3   1   3     4  0.103853  0.475265      59.129        2.9        3.1      0.019        126.0443  1.561154      1.000000
     92   1     -2   3   2     4  0.104269  0.475148      59.381      874.7      857.6      3.605      37870.9883  1.555136      1.000000
     93   1     -5   1   1     4  0.104471  0.475092      59.502        6.2        6.1      0.039        271.5211  1.552264      1.000000
     94   1      2   0   4     2  0.105106  0.474916      59.881      232.4      250.6      1.031      20492.0059  1.543348      1.000000
     95   1     -1   2   4     4  0.105140  0.474907      59.901      727.7      772.3      2.796      32114.1934  1.542876      1.000000
     96   1      4   1   2     4  0.105345  0.474850      60.022      945.3      964.9      2.933      41894.2109  1.540056      1.000000
     97   1      5   1   0     4  0.106832  0.474449      60.886      546.0      720.6      3.334      24962.7441  1.520254      1.000000
     98   1      0   2   4     4  0.106896  0.474431      60.923       60.2       75.9      0.326       2754.2585  1.519418      1.000000
     99   1     -5   1   2     4  0.107093  0.474379      61.035      806.4      845.2      2.935      37070.2422  1.516888      1.000000
    100   1     -4   0   4     2  0.107438  0.474288      61.232      288.6      276.6      1.379      26714.1152  1.512494      1.000000
    101   1      4   2   1     4  0.107575  0.474252      61.309        4.6        4.6      0.030        211.9681  1.510763      1.000000
    102   1     -2   2   4     4  0.107684  0.474223      61.370      317.5      313.9      1.979      14770.5996  1.509402      1.000000
    103   1     -3   3   1     4  0.108474  0.474017      61.813        3.5        0.0      0.460        164.1529  1.499646      1.000000
    104   1      3   3   0     4  0.108911  0.473904      62.056       10.9        0.0      1.539        520.7665  1.494366      1.000000
    105   1      2   1   4     4  0.109726  0.473696      62.503       34.9        0.0      2.775       1689.3868  1.484737      1.000000
    106   1     -1   3   3     4  0.111481  0.473257      63.447        0.5        0.0      0.350         24.6348  1.464912      1.000000
    107   1     -4   1   4     4  0.112193  0.473083      63.822       29.7       26.1      0.833       1502.2772  1.457205      1.000000
    108   1     -4   2   3     4  0.112203  0.473080      63.827        1.2        1.1      0.032         61.0718  1.457092      1.000000
    109   1      2   3   2     4  0.112281  0.473062      63.868      172.6      154.3      3.312       8746.1309  1.456264      1.000000
    110   1      0   3   3     4  0.112319  0.473052      63.888       10.1        9.1      0.187        510.5576  1.455857      1.000000
    111   1      1   2   4     4  0.113240  0.472830      64.367      213.1      199.7      1.934      10975.6074  1.446182      1.000000
    112   1     -3   3   2     4  0.113329  0.472808      64.413      259.6      234.0      1.949      13391.2139  1.445257      1.000000
    113   1     -1   1   5     4  0.113370  0.472799      64.434        8.3        7.4      0.067        430.9282  1.444841      1.000000
    114   1      5   1   1     4  0.114630  0.472499      65.077        9.8        1.3      1.133        518.8854  1.432103      1.000000
    115   1      3   3   1     4  0.114720  0.472478      65.123        3.2        1.1      0.314        171.4033  1.431211      1.000000
    116   1     -3   2   4     4  0.114940  0.472427      65.233       28.1       16.7      1.489       1489.2920  1.429046      1.000000
    117   1     -2   1   5     4  0.115079  0.472394      65.303        1.8        1.3      0.094         95.3136  1.427684      1.000000
    118   1     -5   1   3     4  0.115201  0.472365      65.365       16.6       13.2      0.786        881.3192  1.426490      1.000000
    119   1     -2   3   3     4  0.115299  0.472343      65.414       16.1       12.4      0.813        857.7203  1.425540      1.000000
    120   1      0   1   5     4  0.116389  0.472091      65.956        8.0        0.0      2.180        431.8158  1.415127      1.000000

   No.  Code     H   K   L  Mult      Hw      ETA/M    2theta/TOF     Icalc       Iobs      Sigma     StrFactor^2    d-hkl       CORR

    121   1      1   3   3     4  0.117935  0.471739      66.712       16.0        5.9      2.404        885.9501  1.400926      1.000000
    122   1      3   2   3     4  0.118269  0.471664      66.873       25.7       18.9      1.889       1434.1570  1.397941      1.000000
    123   1     -5   2   1     4  0.118994  0.471502      67.221        5.0        0.0      1.553        281.4305  1.391547      1.000000
    124   1      4   2   2     4  0.120020  0.471276      67.707        0.2        0.0      0.199          9.8854  1.382731      1.000000
    125   1      3   0   4     2  0.120897  0.471085      68.118       96.4      121.5      3.576      11168.7617  1.375383      1.000000
    126   1      5   2   0     4  0.121758  0.470900      68.517       65.1       57.0      2.085       3813.7192  1.368345      1.000000
    127   1     -3   1   5     4  0.121761  0.470899      68.519        0.5        0.5      0.017         31.4759  1.368320      1.000000
    128   1     -5   2   2     4  0.122062  0.470834      68.657       15.4       16.6      0.625        908.2935  1.365890      1.000000
    129   1      0   4   0     2  0.122828  0.470671      69.008      304.6      329.5      3.160      36218.2773  1.359809      1.000000
    130   1      4   1   3     4  0.123301  0.470571      69.223        1.0        1.0      0.015         60.0346  1.356111      1.000000
    131   1      5   0   2     2  0.123650  0.470498      69.381      149.6      159.0      2.273      17972.9727  1.353410      1.000000
    132   1     -4   3   1     4  0.124158  0.470392      69.609        0.0        0.0      0.001          2.1333  1.349524      1.000000
    133   1     -3   3   3     4  0.124321  0.470358      69.682        0.7        0.8      0.018         39.9552  1.348287      1.000000
    134   1      1   1   5     4  0.124565  0.470307      69.791        3.9        4.1      0.047        234.3995  1.346451      1.000000
    135   1     -5   0   4     2  0.124582  0.470303      69.799      204.6      218.5      2.396      24883.7441  1.346318      1.000000
    136   1      2   2   4     4  0.125124  0.470191      70.040      556.2      595.5      3.003      34044.3281  1.342275      1.000000
    137   1      1   4   0     4  0.125406  0.470133      70.165       57.1       62.9      0.467       3508.9817  1.340183      1.000000
    138   1      0   4   1     4  0.125843  0.470044      70.358       33.7       38.0      0.286       2081.7942  1.336985      1.000000
    139   1      4   3   0     4  0.125852  0.470042      70.362      174.1      196.4      1.496      10755.7041  1.336917      1.000000
    140   1     -6   0   2     2  0.126231  0.469964      70.529       49.8       53.3      0.378       6185.9482  1.334168      1.000000
    141   1      3   1   4     4  0.126336  0.469943      70.574      330.3      345.6      2.195      20521.9863  1.333414      1.000000
    142   1      3   3   2     4  0.126897  0.469829      70.819       55.1       54.2      0.749       3445.0962  1.329403      1.000000
    143   1     -1   4   1     4  0.127277  0.469752      70.985       14.1       18.0      0.465        883.2244  1.326710      1.000000
    144   1     -4   2   4     4  0.127977  0.469612      71.287      298.9      346.0      2.791      18936.1836  1.321828      1.000000
    145   1      6   0   0     2  0.128320  0.469543      71.434      180.9      263.5      1.684      23007.4043  1.319464      1.000000
    146   1     -4   3   2     4  0.128577  0.469492      71.544        8.2       10.7      0.107        520.9726  1.317702      1.000000
    147   1      2   3   3     4  0.129121  0.469384      71.776        3.7        4.4      0.056        235.7119  1.314010      1.000000
    148   1      5   1   2     4  0.129217  0.469365      71.817      164.9      196.9      2.334      10595.6562  1.313363      1.000000
    149   1     -1   2   5     4  0.129334  0.469342      71.867        6.4        7.0      0.112        409.2407  1.312579      1.000000
    150   1      1   4   1     4  0.129708  0.469268      72.025       10.7       12.6      0.215        694.0583  1.310082      1.000000
    151   1     -6   1   1     4  0.129814  0.469247      72.070        3.8        4.5      0.082        247.9135  1.309378      1.000000
    152   1     -5   1   4     4  0.130193  0.469173      72.229      195.5      187.6      2.555      12695.2793  1.306879      1.000000
    153   1      5   2   1     4  0.130785  0.469058      72.478        1.5        1.2      0.045         98.7169  1.303007      1.000000
    154   1     -1   3   4     4  0.130803  0.469054      72.485        9.0        7.3      0.289        590.1379  1.302896      1.000000
    155   1     -2   2   5     4  0.131302  0.468957      72.694        4.2        3.5      0.357        276.2625  1.299676      1.000000
    156   1     -5   2   3     4  0.131443  0.468930      72.752        0.1        0.1      0.005          4.0592  1.298775      1.000000
    157   1     -6   1   2     4  0.131917  0.468839      72.949      232.3      254.4      3.121      15369.4619  1.295757      1.000000
    158   1      0   2   5     4  0.132808  0.468668      73.315        4.7        4.5      0.114        313.4889  1.290181      1.000000
    159   1      0   3   4     4  0.133051  0.468622      73.415      228.3      246.2      2.719      15281.7490  1.288677      1.000000
    160   1      2   4   0     4  0.133480  0.468540      73.590       53.8       56.3      0.742       3619.5229  1.286042      1.000000
    161   1      4   3   1     4  0.133918  0.468458      73.768        7.8        8.3      0.099        527.2402  1.283384      1.000000
    162   1     -2   3   4     4  0.134056  0.468432      73.824      177.4      195.9      1.832      11996.4336  1.282549      1.000000
    163   1      6   1   0     4  0.134101  0.468423      73.842       45.7       50.9      0.483       3093.3176  1.282274      1.000000
    164   1     -2   4   1     4  0.134198  0.468405      73.881        7.7        8.4      0.096        518.3303  1.281694      1.000000
    165   1     -4   1   5     4  0.134332  0.468380      73.935       21.1       22.4      0.335       1432.1608  1.280888      1.000000
    166   1      0   4   2     4  0.135350  0.468189      74.345      288.2      276.6      2.423      19737.7891  1.274845      1.000000
    167   1     -1   4   2     4  0.135605  0.468142      74.447      349.8      320.6      2.492      24013.0078  1.273353      1.000000
    168   1     -3   2   5     4  0.138964  0.467528      75.767        6.2        0.0      1.084        438.3938  1.254414      1.000000
    169   1      2   1   5     4  0.139007  0.467520      75.783        3.5        0.0      0.561        249.7117  1.254179      1.000000
    170   1      2   4   1     4  0.139375  0.467454      75.925       12.7        1.2      1.316        905.0455  1.252188      1.000000
    171   1     -4   3   3     4  0.139783  0.467381      76.082        2.4        1.2      0.259        172.9170  1.249992      1.000000
    172   1     -1   0   6     2  0.140295  0.467290      76.279       72.1       56.5      2.134      10331.0186  1.247261      1.000000
    173   1      4   2   3     4  0.140726  0.467214      76.443        0.6        0.6      0.015         42.2103  1.244987      1.000000
    174   1     -6   1   3     4  0.140727  0.467213      76.444        5.4        5.2      0.138        391.2122  1.244983      1.000000
    175   1      1   4   2     4  0.140836  0.467194      76.485        5.7        5.4      0.099        407.4328  1.244406      1.000000
    176   1     -2   0   6     2  0.141089  0.467149      76.581      109.6      110.8      0.960      15801.7031  1.243086      1.000000
    177   1      1   3   4     4  0.141089  0.467149      76.582      250.5      253.4      2.194      18063.4121  1.243083      1.000000
    178   1     -2   4   2     4  0.141633  0.467053      76.788        3.5        3.6      0.049        255.7778  1.240259      1.000000
    179   1      1   2   5     4  0.142170  0.466959      76.990        9.5        9.4      0.562        694.7119  1.237500      1.000000
    180   1     -3   3   4     4  0.143228  0.466775      77.387      408.3      408.5      3.589      29963.4824  1.232150      1.000000

   No.  Code     H   K   L  Mult      Hw      ETA/M    2theta/TOF     Icalc       Iobs      Sigma     StrFactor^2    d-hkl       CORR

    181   1      3   2   4     4  0.144194  0.466608      77.746       77.9       83.3      1.610       5763.2676  1.227355      1.000000
    182   1      4   0   4     2  0.145234  0.466430      78.129       88.7       86.6      2.153      13218.8877  1.222293      1.000000
    183   1      6   1   1     4  0.145425  0.466397      78.199        0.0        0.0      0.000          0.0113  1.221375      1.000000
    184   1      0   0   6     2  0.145434  0.466396      78.202        2.5        2.3      0.087        367.6757  1.221331      1.000000
    185   1     -1   1   6     4  0.146618  0.466195      78.633      212.2      244.7      2.938      15976.7441  1.215708      1.000000
    186   1      3   3   3     4  0.147403  0.466063      78.917        3.8        3.8      0.045        288.8734  1.212044      1.000000
    187   1     -2   1   6     4  0.147447  0.466056      78.933       15.5       15.5      0.182       1172.3152  1.211841      1.000000
    188   1      5   2   2     4  0.147485  0.466049      78.947       90.6       90.7      1.087       6862.2642  1.211665      1.000000
    189   1     -3   4   1     4  0.147508  0.466045      78.955       24.9       24.9      0.304       1887.5746  1.211558      1.000000
    190   1     -3   0   6     2  0.147916  0.465977      79.102       36.7       35.4      0.427       5579.4614  1.209679      1.000000
    191   1      3   4   0     4  0.148115  0.465944      79.173      181.2      177.8      1.565      13789.2881  1.208768      1.000000
    192   1     -6   2   1     4  0.148167  0.465935      79.192        9.1        9.0      0.077        693.1953  1.208533      1.000000
    193   1     -5   3   1     4  0.148312  0.465911      79.244       18.9       18.8      0.162       1438.6074  1.207870      1.000000
    194   1     -5   2   4     4  0.148599  0.465864      79.346      212.2      214.1      1.736      16207.2930  1.206568      1.000000
    195   1      4   3   2     4  0.149595  0.465699      79.701      303.9      301.0      2.603      23363.4375  1.202091      1.000000
    196   1     -6   2   2     4  0.150568  0.465539      80.044       79.1       72.2      1.286       6124.8501  1.197799      1.000000
    197   1     -6   0   4     2  0.150801  0.465501      80.125        3.1        3.1      0.081        484.6971  1.196783      1.000000
    198   1     -1   4   3     4  0.151671  0.465360      80.430       19.3       20.3      0.140       1501.3148  1.193020      1.000000
    199   1      5   3   0     4  0.151769  0.465344      80.464      211.0      218.6      1.213      16452.1777  1.192603      1.000000
    200   1      4   1   4     4  0.151780  0.465342      80.468      214.2      221.1      1.203      16706.0625  1.192553      1.000000
    201   1      0   1   6     4  0.151989  0.465308      80.540      227.1      215.4      1.030      17738.6211  1.191660      1.000000
    202   1     -5   3   2     4  0.152150  0.465282      80.596      268.5      249.3      1.284      20993.0273  1.190976      1.000000
    203   1      2   4   2     4  0.152774  0.465182      80.812      210.8      198.6      1.025      16542.0117  1.188335      1.000000
    204   1      0   4   3     4  0.152827  0.465173      80.830        5.3        5.0      0.026        416.1502  1.188114      1.000000
    205   1      5   1   3     4  0.152970  0.465150      80.880        0.1        0.1      0.000          6.5642  1.187510      1.000000
    206   1      6   2   0     4  0.153062  0.465136      80.912      242.2      220.8      1.511      19042.8105  1.187124      1.000000
    207   1     -4   2   5     4  0.153326  0.465093      81.002        1.6        1.4      0.014        124.3155  1.186024      1.000000
    208   1     -3   4   2     4  0.154218  0.464951      81.308      169.0      155.4      1.653      13382.3799  1.182331      1.000000
    209   1     -5   1   5     4  0.154513  0.464904      81.409        2.4        2.1      0.021        192.9431  1.181123      1.000000
    210   1     -3   1   6     4  0.154585  0.464893      81.434      206.1      178.2      1.865      16357.0439  1.180829      1.000000
    211   1      2   3   4     4  0.155975  0.464674      81.905        2.9        2.6      0.267        232.8431  1.175224      1.000000
    212   1      3   4   1     4  0.156131  0.464649      81.957        2.3        2.0      0.236        186.1677  1.174604      1.000000
    213   1     -2   4   3     4  0.156926  0.464525      82.225        6.2        7.9      0.229        497.2585  1.171463      1.000000
    214   1      1   0   6     2  0.157173  0.464487      82.307      114.4      141.2      2.036      18418.6680  1.170497      1.000000
    215   1     -6   1   4     4  0.157603  0.464420      82.451      214.0      256.6      2.311      17271.4746  1.168824      1.000000
    216   1      6   0   2     2  0.158423  0.464293      82.723      135.3      169.3      1.709      21935.4375  1.165666      1.000000
    217   1      2   2   5     4  0.158669  0.464255      82.804        0.2        0.2      0.005         17.2238  1.164726      1.000000
    218   1     -4   3   4     4  0.159541  0.464122      83.092       25.0       25.4      1.216       2038.9209  1.161427      1.000000
    219   1      1   4   3     4  0.160544  0.463969      83.420        5.7        5.2      0.558        464.6703  1.157688      1.000000
    220   1     -6   2   3     4  0.160635  0.463955      83.450        0.6        0.5      0.060         47.4491  1.157350      1.000000
    221   1     -1   3   5     4  0.161237  0.463864      83.646       26.6       26.1      1.347       2190.9988  1.155138      1.000000
    222   1     -4   0   6     2  0.161679  0.463798      83.789       65.0       53.8      1.688      10719.8506  1.153530      1.000000
    223   1      3   1   5     4  0.161738  0.463789      83.808        2.2        1.9      0.056        184.8750  1.153316      1.000000
    224   1     -7   0   2     2  0.162352  0.463697      84.006      149.6      138.8      2.266      24743.1055  1.151098      1.000000
    225   1      5   3   1     4  0.163052  0.463592      84.231        2.2        1.9      0.064        178.7531  1.148598      1.000000
    226   1     -2   3   5     4  0.163698  0.463496      84.437        0.1        0.1      0.011          7.9897  1.146314      1.000000
    227   1     -5   3   3     4  0.163874  0.463470      84.494        0.2        0.2      0.021         15.5671  1.145696      1.000000
    228   1      1   1   6     4  0.164273  0.463411      84.620       34.1       29.4      2.245       2843.7803  1.144301      1.000000
    229   1      6   1   2     4  0.165582  0.463218      85.034       17.7       15.9      1.515       1484.2919  1.139786      1.000000
    230   1      0   3   5     4  0.165583  0.463218      85.035        0.2        0.2      0.016         16.0267  1.139784      1.000000
    231   1      6   2   1     4  0.166015  0.463155      85.170        3.4        3.5      0.420        287.1867  1.138312      1.000000
    232   1     -1   2   6     4  0.167383  0.462956      85.598      118.2      138.8      2.684       9999.0400  1.133720      1.000000
    233   1      7   0   0     2  0.168216  0.462836      85.856       27.3       33.3      0.321       4635.7163  1.130969      1.000000
    234   1     -2   2   6     4  0.168335  0.462819      85.893      209.0      248.3      2.159      17739.4668  1.130581      1.000000
    235   1     -7   1   1     4  0.168575  0.462785      85.967        0.3        0.4      0.004         28.8092  1.129794      1.000000
    236   1     -4   1   6     4  0.168994  0.462725      86.096      140.9      146.2      1.437      11992.0938  1.128433      1.000000
    237   1     -4   4   1     4  0.169075  0.462713      86.121       15.6       16.2      0.160       1329.6736  1.128171      1.000000
    238   1     -3   4   3     4  0.169298  0.462681      86.189       14.9       15.8      0.197       1268.5087  1.127448      1.000000
    239   1     -7   1   2     4  0.169700  0.462624      86.313        3.1        3.1      0.064        264.3336  1.126156      1.000000
    240   1      4   4   0     4  0.171399  0.462383      86.830      177.3      145.4      2.938      15224.2959  1.120774      1.000000

   No.  Code     H   K   L  Mult      Hw      ETA/M    2theta/TOF     Icalc       Iobs      Sigma     StrFactor^2    d-hkl       CORR

    241   1      3   4   2     4  0.172832  0.462183      87.261      175.4      161.3      2.111      15140.5352  1.116337      1.000000
    242   1     -3   3   5     4  0.173304  0.462117      87.402       29.2       27.2      0.410       2520.9661  1.114898      1.000000
    243   1      4   2   4     4  0.173313  0.462116      87.405       58.8       54.9      0.829       5081.8354  1.114870      1.000000
    244   1      0   2   6     4  0.173553  0.462082      87.477        5.8        5.4      0.089        498.3041  1.114141      1.000000
    245   1      5   2   3     4  0.174682  0.461926      87.812        4.9        4.7      0.125        424.2916  1.110747      1.000000
    246   1     -4   4   2     4  0.175141  0.461863      87.948      199.7      190.0      2.485      17368.5586  1.109381      1.000000
    247   1      4   3   3     4  0.175519  0.461811      88.060       20.5       20.7      0.245       1788.2720  1.108264      1.000000
    248   1      7   1   0     4  0.175852  0.461766      88.158      125.8      136.2      1.366      10961.7061  1.107286      1.000000
    249   1      2   4   3     4  0.175890  0.461761      88.169       16.2       17.6      0.175       1415.6633  1.107175      1.000000
    250   1     -5   2   5     4  0.176458  0.461683      88.335        6.2        6.5      0.085        543.2440  1.105515      1.000000
    251   1     -3   2   6     4  0.176541  0.461672      88.360       54.3       57.9      0.764       4740.4937  1.105274      1.000000
    252   1      2   0   6     2  0.177175  0.461586      88.545       49.8       52.0      0.928       8711.9727  1.103442      1.000000
    253   1      1   3   5     4  0.177338  0.461564      88.592        6.3        6.4      0.128        552.6803  1.102972      1.000000
    254   1     -1   4   4     4  0.178204  0.461447      88.844      244.8      250.6      2.777      21484.5527  1.100502      1.000000
    255   1     -7   1   3     4  0.179412  0.461285      89.192        1.0        1.0      0.016         85.7337  1.097103      1.000000
    256   1      3   3   4     4  0.179891  0.461221      89.329      148.9      146.9      2.381      13135.8320  1.095772      1.000000
    257   1     -6   2   4     4  0.180021  0.461204      89.367        9.7        9.3      0.176        854.5074  1.095411      1.000000
    258   1      0   4   4     4  0.181304  0.461033      89.732       11.0        9.8      0.402        969.8917  1.091893      1.000000
    259   1      5   0   4     2  0.182074  0.460932      89.950      115.1      143.4      2.320      20419.4629  1.089814      1.000000
    260   1      4   4   1     4  0.182501  0.460876      90.071        1.4        1.4      0.024        119.9451  1.088668      1.000000
    261   1     -2   4   4     4  0.182692  0.460851      90.125       84.4       90.3      1.505       7492.7261  1.088158      1.000000
    262   1      5   3   2     4  0.184053  0.460674      90.506       54.0       58.9      0.918       4807.4473  1.084563      1.000000
    263   1     -5   0   6     2  0.184404  0.460628      90.604      123.5      123.8      1.818      22021.8594  1.083646      1.000000
    264   1      3   2   5     4  0.184801  0.460577      90.714        2.2        2.4      0.037        193.8807  1.082614      1.000000
    265   1     -6   3   1     4  0.184917  0.460562      90.746       12.9       14.2      0.213       1151.5015  1.082315      1.000000
    266   1      2   1   6     4  0.185266  0.460517      90.843       52.6       53.3      0.703       4702.2368  1.081413      1.000000
    267   1     -5   3   4     4  0.185464  0.460491      90.898       65.0       62.4      0.893       5807.9141  1.080902      1.000000
    268   1     -6   1   5     4  0.185498  0.460487      90.907        5.6        5.4      0.080        504.3835  1.080817      1.000000
    269   1      1   5   0     4  0.186714  0.460331      91.242      109.7      117.0      1.688       9833.7754  1.077720      1.000000
    270   1      0   5   1     4  0.187376  0.460247      91.424        3.4        3.4      0.045        305.1608  1.076055      1.000000
    271   1      1   2   6     4  0.187739  0.460201      91.523      257.0      264.2      2.127      23075.7656  1.075147      1.000000
    272   1     -6   3   2     4  0.187965  0.460172      91.585      117.8      119.1      1.002      10582.4766  1.074584      1.000000
    273   1      6   2   2     4  0.189258  0.460009      91.935      290.4      251.2      2.317      26155.5059  1.071400      1.000000
    274   1     -1   5   1     4  0.189555  0.459972      92.015        5.8        4.6      0.067        518.1901  1.070677      1.000000
    275   1      5   1   4     4  0.190423  0.459863      92.249        4.6        4.2      0.057        415.9965  1.068576      1.000000
    276   1     -7   0   4     2  0.190627  0.459838      92.304       71.5       66.3      0.997      12917.1885  1.068084      1.000000
    277   1     -4   4   3     4  0.190637  0.459836      92.306        4.7        4.4      0.066        425.5556  1.068061      1.000000
    278   1      6   3   0     4  0.191140  0.459774      92.441       30.2       29.2      0.761       2727.5381  1.066857      1.000000
    279   1     -4   3   5     4  0.191476  0.459732      92.531        0.8        0.8      0.023         68.4898  1.066058      1.000000
    280   1      1   4   4     4  0.192458  0.459611      92.792       54.7       58.8      1.335       4950.8936  1.063742      1.000000
    281   1     -7   2   1     4  0.192738  0.459576      92.866        6.2        6.5      0.146        559.5486  1.063088      1.000000
    282   1      7   1   1     4  0.192787  0.459570      92.879        0.1        0.1      0.003         11.4948  1.062973      1.000000
    283   1     -5   1   6     4  0.192878  0.459559      92.903        2.4        2.5      0.055        218.6190  1.062760      1.000000
    284   1     -4   2   6     4  0.193225  0.459516      92.995       65.6       63.9      1.219       5949.3335  1.061954      1.000000
    285   1      1   5   1     4  0.193257  0.459512      93.003        6.6        6.4      0.119        595.5767  1.061880      1.000000
    286   1     -7   2   2     4  0.194047  0.459416      93.211      279.8      262.4      2.748      25399.5781  1.060055      1.000000
    287   1     -3   4   4     4  0.195447  0.459245      93.577        8.4        7.9      0.251        760.4022  1.056867      1.000000
    288   1      4   1   5     4  0.196626  0.459103      93.883        0.2        0.2      0.023         13.9621  1.054227      1.000000
    289   1      2   3   5     4  0.198314  0.458901      94.318        0.5        0.5      0.037         42.8228  1.050511      1.000000
    290   1      6   1   3     4  0.198384  0.458893      94.336        4.2        4.1      0.292        382.6848  1.050360      1.000000
    291   1     -2   1   7     4  0.198946  0.458826      94.479       10.2       11.1      0.216        933.6563  1.049141      1.000000
    292   1      2   5   0     4  0.199032  0.458816      94.501      137.8      153.0      2.604      12588.2568  1.048956      1.000000
    293   1     -7   1   4     4  0.199444  0.458767      94.606       51.5       59.7      0.949       4701.9741  1.048069      1.000000
    294   1     -1   1   7     4  0.199731  0.458733      94.679        0.1        0.2      0.003         11.8232  1.047453      1.000000
    295   1     -2   5   1     4  0.200134  0.458685      94.782       15.3       18.8      0.313       1396.4347  1.046593      1.000000
    296   1     -6   3   3     4  0.200843  0.458602      94.961        4.4        5.2      0.077        403.4048  1.045089      1.000000
    297   1      7   2   0     4  0.201232  0.458556      95.059      136.9      157.1      2.008      12529.6816  1.044272      1.000000
    298   1      3   4   3     4  0.201315  0.458547      95.080        3.8        4.4      0.055        351.2602  1.044096      1.000000
    299   1      0   5   2     4  0.201909  0.458477      95.229       88.3       95.2      1.316       8087.6016  1.042854      1.000000
    300   1     -1   5   2     4  0.202302  0.458431      95.328       39.7       41.2      0.644       3634.6279  1.042037      1.000000

   No.  Code     H   K   L  Mult      Hw      ETA/M    2theta/TOF     Icalc       Iobs      Sigma     StrFactor^2    d-hkl       CORR

    301   1     -5   4   1     4  0.202598  0.458397      95.402        0.2        0.2      0.003         14.7441  1.041425      1.000000
    302   1      4   4   2     4  0.204414  0.458187      95.853        3.8        3.5      0.627        345.2147  1.037714      1.000000
    303   1     -7   2   3     4  0.205407  0.458073      96.098        3.1        2.9      0.685        286.6147  1.035717      1.000000
    304   1     -3   1   7     4  0.206881  0.457905      96.459        0.8        0.6      0.134         76.6068  1.032798      1.000000
    305   1      5   4   0     4  0.207498  0.457836      96.609       18.7       13.8      1.341       1715.9640  1.031592      1.000000
    306   1      6   3   1     4  0.207798  0.457802      96.682        1.5        1.2      0.080        134.7430  1.031007      1.000000
    307   1     -5   4   2     4  0.208040  0.457774      96.741       15.1       13.6      0.748       1384.9971  1.030538      1.000000
    308   1      2   5   1     4  0.208142  0.457763      96.765       15.0       13.8      0.738       1376.5802  1.030342      1.000000
    309   1      3   0   6     2  0.208891  0.457679      96.946        0.1        0.1      0.004         16.9310  1.028899      1.000000
    310   1      0   1   7     4  0.209366  0.457625      97.061        2.0        2.0      0.043        179.7535  1.027989      1.000000
    311   1     -1   3   6     4  0.209575  0.457602      97.111      113.8      112.8      1.968      10472.3057  1.027592      1.000000
    312   1      1   5   2     4  0.210419  0.457508      97.313      198.2      198.4      2.194      18252.4004  1.025994      1.000000
    313   1     -2   3   6     4  0.210814  0.457464      97.407       16.8       15.6      0.185       1542.5398  1.025253      1.000000
    314   1     -2   5   2     4  0.211664  0.457370      97.610      155.6      149.3      1.465      14327.6406  1.023666      1.000000
    315   1      2   2   6     4  0.212302  0.457300      97.761      106.6      106.5      1.197       9818.5791  1.022486      1.000000
    316   1     -6   2   5     4  0.212576  0.457270      97.826        1.2        1.2      0.015        112.5806  1.021981      1.000000
    317   1      7   0   2     2  0.212704  0.457256      97.856        2.2        2.2      0.028        399.1323  1.021746      1.000000
    318   1      2   4   4     4  0.213506  0.457168      98.045      137.6      138.0      1.734      12675.0322  1.020282      1.000000
    319   1      4   3   4     4  0.217322  0.456755      98.933      118.4      125.0      1.666      10971.5762  1.013494      1.000000
    320   1      0   3   6     4  0.217637  0.456721      99.005      131.2      136.6      1.344      12167.5840  1.012945      1.000000
    321   1      5   2   4     4  0.218408  0.456639      99.182      146.6      154.4      0.979      13636.9482  1.011614      1.000000
    322   1     -4   4   4     4  0.218640  0.456614      99.235      122.8      131.1      0.760      11435.4434  1.011215      1.000000
    323   1      3   1   6     4  0.218783  0.456599      99.268      220.0      235.2      1.373      20506.2871  1.010970      1.000000
    324   1     -8   0   2     2  0.219116  0.456564      99.344       14.4       15.2      0.106       2696.9597  1.010402      1.000000
    325   1      5   3   3     4  0.219121  0.456563      99.345        1.5        1.6      0.011        141.8002  1.010393      1.000000
    326   1     -6   0   6     2  0.220339  0.456435      99.621       22.1       23.7      0.213       4194.8848  1.008329      1.000000
    327   1     -3   5   1     4  0.220923  0.456373      99.754        0.7        0.7      0.006         66.7350  1.007348      1.000000
    328   1     -1   4   5     4  0.221098  0.456355      99.793        9.9        9.8      0.087        966.1221  1.007056      1.000000
    329   1      7   2   1     4  0.221218  0.456342      99.820        0.7        0.7      0.006         69.1671  1.006857      1.000000
    330   1     -5   2   6     4  0.221327  0.456331      99.845      156.4      150.9      1.253      15542.4043  1.006675      1.000000
    331   1     -5   3   5     4  0.221462  0.456317      99.875        0.2        0.2      0.002         23.2578  1.006450      1.000000
    332   1     -3   3   6     4  0.221571  0.456305      99.900      171.3      166.9      1.374      17887.5391  1.006268      1.000000
    333   1      3   5   0     4  0.221888  0.456272      99.971        2.4        2.4      0.020        288.0432  1.005743      1.000000

     -----------------------------------------------------
     BRAGG R-Factors and weight fractions for Pattern #  1
     -----------------------------------------------------

 => Phase:  1      #(C) 2021 by FIZ Karlsruhe - Leibniz Institute for Information Infrastructure.  All rights reserved.
 => Bragg R-factor:   6.30       Vol:  322.784( 0.006)  Fract(%):  100.00( 0.25)
 => Rf-factor=  5.45             ATZ:        1095.733   Brindley:  1.0000

     -----------------------------------------------------------------
      SYMBOLIC NAMES AND FINAL VALUES AND SIGMA OF REFINED PARAMETERS:
     -----------------------------------------------------------------

      ->  Parameter number    1 :                                          Zero_pat1   -0.47813844E-01( +/-    0.55938726E-03 )
      ->  Parameter number    2 :                                     Scale_ph1_pat1    0.20295361E-02( +/-    0.35985695E-05 )
      ->  Parameter number    3 :                                    Cell_A_ph1_pat1     8.0982208    ( +/-    0.88520443E-04 )
      ->  Parameter number    4 :                                    Cell_B_ph1_pat1     5.4392352    ( +/-    0.62697472E-04 )
      ->  Parameter number    5 :                                    Cell_C_ph1_pat1     7.4959331    ( +/-    0.81146318E-04 )
      ->  Parameter number    6 :                                    Cell_E_ph1_pat1     102.15127    ( +/-    0.65411354E-03 )
      ->  Parameter number    7 :                                    U-Cagl_ph1_pat1    0.51253334E-01( +/-    0.15126502E-02 )
      ->  Parameter number    8 :                                    W-Cagl_ph1_pat1    0.10459699E-01( +/-    0.19525117E-03 )
      ->  Parameter number    9 :                                    V-Cagl_ph1_pat1   -0.28499739E-01( +/-    0.11006605E-02 )
      ->  Parameter number   10 :                                     EtaPV_ph1_pat1    0.50276315    ( +/-    0.12387850E-01 )
      ->  Parameter number   11 :                                     X-tan_ph1_pat1   -0.46504542E-03( +/-    0.35642763E-03 )
      ->  Parameter number   12 :                                     Asym1_ph1_pat1    0.90954173E-02( +/-    0.30352985E-02 )
      ->  Parameter number   13 :                                     Asym2_ph1_pat1    0.47966558E-02( +/-    0.71711140E-03 )
      ->  Parameter number   14 :                                          X_Na1_ph1    0.37990141    ( +/-    0.64584246E-03 )
      ->  Parameter number   15 :                                          Y_Na1_ph1    0.78622723    ( +/-    0.14887843E-02 )
      ->  Parameter number   16 :                                          Z_Na1_ph1    0.10653239    ( +/-    0.73852064E-03 )
      ->  Parameter number   17 :                                          X_Ta1_ph1    0.15906848    ( +/-    0.10065296E-03 )
      ->  Parameter number   18 :                                          Y_Ta1_ph1    0.25895250    ( +/-    0.37472541E-03 )
      ->  Parameter number   19 :                                          Z_Ta1_ph1    0.29786971    ( +/-    0.12605205E-03 )
      ->  Parameter number   20 :                                           X_O1_ph1    0.21339302    ( +/-    0.11526580E-02 )
      ->  Parameter number   21 :                                           Y_O1_ph1    0.14605048    ( +/-    0.13602361E-02 )
      ->  Parameter number   22 :                                           Z_O1_ph1    0.54613587E-01( +/-    0.15589441E-02 )
      ->  Parameter number   23 :                                           X_O2_ph1    0.67566164E-01( +/-    0.12596339E-02 )
      ->  Parameter number   24 :                                           Y_O2_ph1    0.56354064    ( +/-    0.17345459E-02 )
      ->  Parameter number   25 :                                           Z_O2_ph1    0.21841395    ( +/-    0.15012580E-02 )
      ->  Parameter number   26 :                                           X_F1_ph1    0.37959823    ( +/-    0.12125724E-02 )
      ->  Parameter number   27 :                                           Y_F1_ph1    0.47725499    ( +/-    0.17175141E-02 )
      ->  Parameter number   28 :                                           Z_F1_ph1    0.30581841    ( +/-    0.14574344E-02 )
      ->  Parameter number   29 :                                           X_F2_ph1    0.34210771    ( +/-    0.11117577E-02 )
      ->  Parameter number   30 :                                           Y_F2_ph1    0.99116361    ( +/-    0.15932823E-02 )
      ->  Parameter number   31 :                                           Z_F2_ph1    0.38029984    ( +/-    0.12901139E-02 )

 ------------------------------------------------------------------
 => Number of bytes for floating point variables: 4
 => Dimensions of dynamic allocated arrays in this run of FullProf:
 ------------------------------------------------------------------

 => Total approximate array memory (dynamic + static): 128536585 bytes

    MaxPOINT=    60000 Max.num. of points(+int. Inten.)/diffraction pattern       
    MaxREFLT=    20000 Max.num. of reflections/diffraction pattern               
    MaxPARAM=      300 Max.num. of refinable parameters                          
    MaxOVERL=    18096 Max.num. of overlapping reflections                       

 ----------------------------------------------------------
 => Number of bytes for floating point arrays: 4
 => Dimensions of fixed arrays in this release of FullProf:
 ----------------------------------------------------------

    NPATT   =       80 Max.num. of powder diffraction patterns                    
    NATS    =      830 Max.num. of atoms (all kind) in asymmetric unit            
    MPAR    =     1800 Max.num. of non atomic parameters/phase                    
    IEXCL   =       30 Max.num. of excluded regions                               
    IBACP   =      377 Max.num. of background points for interpolation            
    NPHT    =       16 Max.num. of phases                                         
    NMAGM   =        8 Max.num. of rotation-matrices sets for magnetic structure  
    NBASIS  =       12 Max.num. of basis functions associated to a single atom    
    NIREPS  =        9 Max.num. of irreducible representations to be combined     
    N_EQ    =      384 Max.num. of user-supplied symmetry operators/propagation vectors
    NGL     =      400 Max.num. of global parameters/diffraction pattern          
    N_LINC  =       50 Max.num. of global linear restraints                        
    NAT_P   =       80 Max.num. of atomic parameters per atom                     
    NCONST  =      500 Max.num. of slack constraints per phase                    
    N_SPE   =       30 Max.num. of different chemical species                     
    N_FORM  =       60 Max.num. of scattering factor values in a table            
    NPR     =      150 Max.num. of points defining a numerical profile            
    INPR    =       25 Max.num. of different numerical peak shapes                
    NPRC    =      150 Max.num. of terms in the table for correcting intensities  
    NSOL    =       10 Max.num. of solutions to be stored in Montecarlo searchs   

 
              CPU Time:     1.023 seconds
                            0.017 minutes

 => Run finished at:     Date: 07/02/2023  Time: 10:54:41.004                              
