

        **********************************************************
        ** PROGRAM FullProf.2k (Version 7.30 - Mar2020-ILL JRC) **
        **********************************************************
                       M U L T I -- P A T T E R N                 
            Rietveld, Profile Matching & Integrated Intensity     
                 Refinement of X-ray and/or Neutron Data


    Date: 07/02/2023  Time: 11:44:44.700                              

 => PCR file code: NaTaO2F2
 => DAT file code: NaTaO2F2.dat         -> Relative contribution: 1.0000                                                            

 ==> CONDITIONS OF THIS RUN FOR PATTERN No.:  1

 => Global Refinement of X-ray powder diffraction data                                                                              
 => Global Refinement of X-ray powder diffraction data                                                                              
    Bragg-Brentano(X-rays) or Debye-Scherrer geometry(Neutrons)
 => Title:  #(C) 2021 by FIZ Karlsruhe - Leibniz Institute for Information Infrastructure.  All rights reserved.

 => Number of phases:    1
 => Number of excluded regions:    0
 => Number of scattering factors supplied:    0
 => Conventional weights: w=1.0/Variance(yobs)
 => Asymmetry correction as in J.Appl.Cryst. 26,128(1993)
 => Background linearly interpolated between the   23 points given
 => The    5th default profile function was selected
 => Pseudo-Voigt function (ETA variable)
                 X-parameter correspond to: ETA=ETA0+X*2theta
                       pV(x)= ETA*L(x)+(1-ETA)*G(x)

 ==> INPUT/OUTPUT OPTIONS:

 => Generate file *.PRF for plot
 => Output Integrated Intensities
 => Generate new input file *.PCR

 => X-Y type of data: 2theta/TOF/E(Kev) Intens sigma for pattern:  1
 => Plot pattern at each cycle
 => Wavelengths:  1.54056 1.54439
 => Alpha2/Alpha1 ratio:   0.5000
 => Cos(Monochromator angle)=   0.9100
 => Asymmetry correction for angles lower than   90.000 degrees
 => Absorption correction (AC), muR-eff =   0.0000  0.0000
 => Base of peaks: 2.0*HW*    8.00

 => Number of cycles:   33
 => Relaxation factors ==>    for coordinates:  1.00
 => for anisotropic temperature factors:  1.00
 => for halfwidth/strain/size parameters:  1.00
 => for lattice constants and propagation vectors:  1.00
 => EPS-value for convergence:    0.1
 => Background ==> 
    Position   Intensity
       10.26     6343.31        0.00
       12.54     5674.80        0.00
       13.52     5340.49        0.00
       15.67     4915.45        0.00
       18.40     4323.81        0.00
       21.42     3885.81        0.00
       25.63     3574.12        0.00
       30.63     3227.92        0.00
       35.60     2977.90        0.00
       38.55     2754.19        0.00
       42.59     2657.34        0.00
       45.11     2723.98        0.00
       54.17     2786.02        0.00
       62.69     2557.19        0.00
       66.20     2394.29        0.00
       75.19     2437.62        0.00
       78.15     2334.43        0.00
       81.58     2414.01        0.00
       86.12     2311.90        0.00
       89.49     2369.26        0.00

       93.56     2304.41        0.00
       95.67     2304.58        0.00
       98.25     2345.25        0.00

 
 => Number of Least-Squares parameters varied:    31

 =>--------------------------->
 =>------->  PATTERN number:  1
 =>--------------------------->
 => Global parameters and codes ==>
 => Zero-point:    -0.0226   11.0000
 => Displacement peak-shift parameter and code:     0.00    0.00
 => Transparency peak-shift parameter and code:     0.00    0.00

 => Reading Intensity data  =>>

 -> No recognizable heading in input data file X,Y,sigma
    First 6 lines are considered as COMMENTS (except for TSAMP keyword)
 -> COMMENT: 10.0116	6865.0000                                                                                                                   
 -> COMMENT: 10.0247	6688.0000                                                                                                                   
 -> COMMENT: 10.0379	6802.0000                                                                                                                   
 -> COMMENT: 10.0510	6880.0000                                                                                                                   
 -> COMMENT: 10.0641	6633.0000                                                                                                                   
 -> COMMENT: 10.0772	6866.0000                                                                                                                   
 ==> Angular range, step and number of points:
     2Thmin:      10.090400  2Thmax:      99.993401  Step:       0.013132  No. of points:   6848
 --------------------------------------------------------------------------------
 => Phase  No. 1
       #(C) 2021 by FIZ Karlsruhe - Leibniz Institute for Information Infras
 --------------------------------------------------------------------------------
 =>-------> Pattern#  1
 => Crystal Structure Refinement
 => Preferred orientation vector:   0.0000  0.0000  1.0000

 =>-------> Data for PHASE: 1
 => Number of atoms:    6
 => Number of distance  constraints:    0
 => Number of angle     constraints:    0

 => Symmetry information on space group: P 1 21/c 1          
 -> The multiplicity of the general position is:   4
 -> The space group is Centric (-1 at origin)   
 -> Lattice type  P: { 000 }                                       
 -> Reduced set of symmetry operators:

  No.  IT   Symmetry symbol    Rotation part     Associated Translation
   1: ( 1)   1            -->     ( x, y, z) + {  0.0000  0.0000  0.0000}
   2: ( 3)   2 ( 0, y, 0) -->     (-x, y,-z) + {  0.0000  0.5000  0.5000}


        Information on Space Group: 
        --------------------------- 

 =>   Number of Space group:  14
 =>  Hermann-Mauguin Symbol: P 1 21/c 1
 =>             Hall Symbol: -P 2ybc
 =>    Table Setting Choice: b1
 =>            Setting Type: IT (Generated from Hermann-Mauguin symbol)
 =>          Crystal System: Monoclinic
 =>              Laue Class: 2/m
 =>             Point Group: 2/m
 =>         Bravais Lattice: P
 =>          Lattice Symbol: mP
 =>  Reduced Number of S.O.:   2
 =>    General multiplicity:   4
 =>          Centrosymmetry: Centric (-1 at origin)
 =>  Generators (exc. -1&L):   1
 =>         Asymmetric unit:  0.000 <= x <=  1.000
                              0.000 <= y <=  0.250
                              0.000 <= z <=  1.000

 => List of S.O. without inversion and lattice centring translations
 => SYMM(  1): x,y,z                               => SYMM(  2): -x,y+1/2,-z+1/2


 => Initial parameters ==>
 Atom    Ntyp                  X         Y         Z         B         occ.         in  fin  Spc  Mult
                             B11       B22       B33       B12       B13       B23
 Na1    Na                 0.38081   0.78606   0.10467   1.11627   1.00000           0    0    0    4
                 Codes:  141.00000 151.00000 161.00000   0.00000   0.00000
 Ta1    Ta                 0.15941   0.25819   0.29677   0.47176   1.00000           0    0    0    4
                 Codes:  171.00000 181.00000 191.00000   0.00000   0.00000
 O1     O                  0.21457   0.15506   0.05086   0.58064   1.00000           0    0    0    4
                 Codes:  201.00000 211.00000 221.00000   0.00000   0.00000
 O2     O                  0.05998   0.54916   0.22344   0.58064   1.00000           0    0    0    4
                 Codes:  231.00000 241.00000 251.00000   0.00000   0.00000
 F1     F                  0.37929   0.47489   0.30727   1.12063   1.00000           0    0    0    4
                 Codes:  261.00000 271.00000 281.00000   0.00000   0.00000
 F2     F                  0.34397   0.99114   0.37900   1.12063   1.00000           0    0    0    4
                 Codes:  291.00000 301.00000 311.00000   0.00000   0.00000

 => IT IS ASSUMED THAT THE FIRST GIVEN SITE IS FULLY OCCUPIED 
    OR THE FIRST AND SECOND ATOMS ARE IN THE SAME SITE WITH TOTAL FULL OCCUPATION
  (If this is not the case, change the order of atoms to obtain correct values for the content of the unit cell)
    The given occupation factors have been obtained mutiplying m/M by   1.0000
      -> Atom: Na  ,  Chemical element: NA  Atomic Mass:    22.9898
      -> Atom: Ta  ,  Chemical element: TA  Atomic Mass:   180.9479
      -> Atom: O   ,  Chemical element: O   Atomic Mass:    15.9994
      -> Atom: O   ,  Chemical element: O   Atomic Mass:    15.9994
      -> Atom: F   ,  Chemical element: F   Atomic Mass:    18.9984
      -> Atom: F   ,  Chemical element: F   Atomic Mass:    18.9984
 => The given value of ATZ is       1095.73 the program has calculated:        1095.73
    The value of ATZ given in the input PCR file will be used for quantitative analysis
 => The chemical content of the unit cell is: 
       4.0000 Na   +   4.0000 Ta   +   4.0000 O    +   4.0000 O    +   4.0000 F    +   4.0000 F      
 => The normalized site occupation numbers in % are: 
     100.0000 Na1    :      100.0000 Ta1    :      100.0000 O1     :      100.0000 O2     :      100.0000 F1     :      100.0000 F2       
 => The density (volumic mass) of the compound is:    5.581 g/cm3

 =>-------> PROFILE PARAMETERS FOR PATTERN:  1

 => Overall scale factor:   0.202460E-02
 => ETA (p-Voigt) OR M (Pearson VII):   0.4295
 => Overall temperature factor:      0.00000
 => Halfwidth U,V,W:      0.05662    -0.03221     0.01108
 => X and Y parameters:       0.0008      0.0000
 => Direct cell parameters:    8.1251   5.4658   7.5142  90.0000 102.3371  90.0000
 => Preferred orientation parameters:   0.0000  0.0000
 => Asymmetry parameters     :      0.02963     0.00607     0.00000     0.00000
 => Strain parameters        :      0.00000     0.00000     0.00000
 => Size   parameters        :      0.00000     0.00000

 ==> CODEWORDS FOR PROFILE PARAMETERS of PATTERN#  1

 => Overall scale factor:   21.000
 => ETA (p-Voigt) OR M (Pearson VII):  101.000
 => Overall temperature factor:    0.000
 => Halfwidth U,V,W:   71.000  91.000  81.000
 => X and Y parameters:  111.000   0.000
 => Direct cell parameters:   31.000  41.000  51.000   0.000  61.000   0.000
 => Preferred orientation parameters:    0.000   0.000
 => Asymmetry parameters     :  121.000 131.000   0.000   0.000
 => Strain parameters        :    0.000   0.000   0.000
 => Size   parameters        :    0.000   0.000

 => Cell constraints according to Laue symmetry: 2/m  

        Metric information:
        -------------------

 => Direct cell parameters:

         a =       8.1251      b =       5.4658      c =       7.5142
     alpha =       90.000   beta =      102.337  gamma =       90.000
                        Direct Cell Volume =     326.0017

 => Reciprocal cell parameters:

         a*=     0.125985      b*=     0.182954      c*=     0.136227
     alpha*=       90.000   beta*=       77.663  gamma*=       90.000
                    Reciprocal Cell Volume =   0.00306747

 => Direct and Reciprocal Metric Tensors:

                   GD                                       GR
     66.0165      0.0000    -13.0448          0.015872    0.000000    0.003667
      0.0000     29.8754      0.0000          0.000000    0.033472    0.000000
    -13.0448      0.0000     56.4633          0.003667    0.000000    0.018558

 =>  Cartesian frame: z // c; y is in the bc-plane; x is y ^ z = a*  

     Crystal_to_Orthonormal_Matrix              Orthonormal_to_Crystal Matrix
              Cr_Orth_cel                               Orth_Cr_cel  
      8.1251      0.0000     -1.6055          0.123076   -0.000000    0.026918
      0.0000      5.4658      0.0000          0.000000    0.182954   -0.000000
      0.0000      0.0000      7.3407          0.000000    0.000000    0.136227

     Busing-Levy B-matrix: Hc=B.H            Inverse of the Busing-Levy B-matrix
                BL_M                                      BL_Minv  
    0.125985    0.000000    0.029107            7.9374     -0.0000     -1.7360
    0.000000    0.182954   -0.000000            0.0000      5.4658      0.0000
    0.000000    0.000000    0.133081            0.0000      0.0000      7.5142

 => Laue symmetry 2/m   will be used to generate HKL for pattern#   1
 => Reflections generated between S(1/d)min:  0.1139 A-1 and S(1/d)max:  1.0103 A-1
 =>                                    dmax:  8.7808 A   and      dmin:  0.9898 A
 => The number of reflections generated is:    357
 => The max. scatt. variable (gen.ref.) is:       102.1899
 => Scattering coefficients from internal table


 => X-ray scattering coeff. (A1, B1, A2,...C, f(0), Z, Dfp,Dfpp)

 NA      4.7626   3.2850   3.1736   8.8422   1.2674   0.3136   1.1128 129.4240   0.6760  10.9924  11.0000   0.1290   0.1240
 TA     29.2024   1.7733  15.2293   9.3705  14.5135   0.2960   4.7649  63.3644   9.2435  72.9537  73.0000  -6.3510   5.2710
 O       3.0485  13.2771   2.2868   5.7011   1.5463   0.3239   0.8670  32.9089   0.2508   7.9994   8.0000   0.0470   0.0320
 F       3.5392  10.2825   2.6412   4.2944   1.5170   0.2615   1.0243  26.1476   0.2776   8.9993   9.0000   0.0690   0.0530

     --------------------------------------------------------------
      SYMBOLIC NAMES AND INITIAL VALUES OF PARAMETERS TO BE VARIED:
     --------------------------------------------------------------

      ->  Parameter number    1   -> Symbolic Name:                                          Zero_pat1   -0.22580000E-01
      ->  Parameter number    2   -> Symbolic Name:                                     Scale_ph1_pat1    0.20246000E-02
      ->  Parameter number    3   -> Symbolic Name:                                    Cell_A_ph1_pat1     8.1250534    
      ->  Parameter number    4   -> Symbolic Name:                                    Cell_B_ph1_pat1     5.4658432    
      ->  Parameter number    5   -> Symbolic Name:                                    Cell_C_ph1_pat1     7.5142059    
      ->  Parameter number    6   -> Symbolic Name:                                    Cell_E_ph1_pat1     102.33709    
      ->  Parameter number    7   -> Symbolic Name:                                    U-Cagl_ph1_pat1    0.56623001E-01
      ->  Parameter number    8   -> Symbolic Name:                                    W-Cagl_ph1_pat1    0.11085000E-01
      ->  Parameter number    9   -> Symbolic Name:                                    V-Cagl_ph1_pat1   -0.32210998E-01
      ->  Parameter number   10   -> Symbolic Name:                                     EtaPV_ph1_pat1    0.42951000    
      ->  Parameter number   11   -> Symbolic Name:                                     X-tan_ph1_pat1    0.84699999E-03
      ->  Parameter number   12   -> Symbolic Name:                                     Asym1_ph1_pat1    0.29630000E-01
      ->  Parameter number   13   -> Symbolic Name:                                     Asym2_ph1_pat1    0.60700001E-02
      ->  Parameter number   14   -> Symbolic Name:                                          X_Na1_ph1    0.38080999    
      ->  Parameter number   15   -> Symbolic Name:                                          Y_Na1_ph1    0.78605998    
      ->  Parameter number   16   -> Symbolic Name:                                          Z_Na1_ph1    0.10467000    
      ->  Parameter number   17   -> Symbolic Name:                                          X_Ta1_ph1    0.15941000    
      ->  Parameter number   18   -> Symbolic Name:                                          Y_Ta1_ph1    0.25819001    
      ->  Parameter number   19   -> Symbolic Name:                                          Z_Ta1_ph1    0.29677001    
      ->  Parameter number   20   -> Symbolic Name:                                           X_O1_ph1    0.21457000    
      ->  Parameter number   21   -> Symbolic Name:                                           Y_O1_ph1    0.15505999    
      ->  Parameter number   22   -> Symbolic Name:                                           Z_O1_ph1    0.50859999E-01
      ->  Parameter number   23   -> Symbolic Name:                                           X_O2_ph1    0.59980001E-01
      ->  Parameter number   24   -> Symbolic Name:                                           Y_O2_ph1    0.54916000    
      ->  Parameter number   25   -> Symbolic Name:                                           Z_O2_ph1    0.22344001    
      ->  Parameter number   26   -> Symbolic Name:                                           X_F1_ph1    0.37929001    
      ->  Parameter number   27   -> Symbolic Name:                                           Y_F1_ph1    0.47488999    
      ->  Parameter number   28   -> Symbolic Name:                                           Z_F1_ph1    0.30726999    
      ->  Parameter number   29   -> Symbolic Name:                                           X_F2_ph1    0.34397000    
      ->  Parameter number   30   -> Symbolic Name:                                           Y_F2_ph1    0.99114001    
      ->  Parameter number   31   -> Symbolic Name:                                           Z_F2_ph1    0.37900001    
  
 
 => No optimization for routine tasks
 ++++++++++++++++++++++++++++++++++++++++++++++++++++++++++++++++++++++++++++++++++++++++++++++++++++++++++++++++++++++++

 => CYCLE No.:    1
 ---------------------------------------------------------------------------------------
 => Phase  1 Name:  #(C) 2021 by FIZ Karlsruhe - Leibniz Institute for Information Infras
 ---------------------------------------------------------------------------------------
 => New parameters, shifts, and standard deviations

 Atom        x       dx      sx       y       dy      sy       z       dz      sz       B       dB      sB      occ.    docc.   socc.

 Na1      0.38081 0.00000 0.00060  0.78606-0.00000 0.00144  0.10468 0.00001 0.00072  1.11627 0.00000 0.00000  1.00000 0.00000 0.00000
 Ta1      0.15941-0.00000 0.00010  0.25819-0.00000 0.00037  0.29677 0.00000 0.00012  0.47176 0.00000 0.00000  1.00000 0.00000 0.00000
 O1       0.21457-0.00000 0.00104  0.15506-0.00000 0.00130  0.05085-0.00001 0.00144  0.58064 0.00000 0.00000  1.00000 0.00000 0.00000
 O2       0.05998-0.00000 0.00120  0.54912-0.00004 0.00176  0.22345 0.00001 0.00154  0.58064 0.00000 0.00000  1.00000 0.00000 0.00000
 F1       0.37930 0.00001 0.00118  0.47484-0.00005 0.00167  0.30727 0.00000 0.00143  1.12063 0.00000 0.00000  1.00000 0.00000 0.00000
 F2       0.34396-0.00001 0.00107  0.99112-0.00002 0.00157  0.37900-0.00000 0.00129  1.12063 0.00000 0.00000  1.00000 0.00000 0.00000

 ==> PROFILE PARAMETERS FOR PATTERN#  1

 => Overall scale factor:      0.002024478    -0.000000122     0.000003451
 => Eta(p-Voigt) or m(Pearson VII):   0.429435 -0.000075  0.011416
 => Overall tem. factor:     0.000000    0.000000    0.000000
 => Halfwidth parameters: 
         0.056616   -0.000007    0.001463
        -0.032203    0.000008    0.001047
         0.011085   -0.000000    0.000184
 => Cell parameters: 
        8.125053    0.000000    0.000086
        5.465842   -0.000001    0.000060
        7.514205   -0.000001    0.000077
       90.000000    0.000000    0.000000
      102.337097    0.000008    0.000623
       90.000000    0.000000    0.000000
 => Preferred orientation: 
         0.000000    0.000000    0.000000
         0.000000    0.000000    0.000000
 => Asymmetry parameters: 
         0.029592   -0.000038    0.002821
         0.006071    0.000001    0.000693
         0.000000    0.000000    0.000000
         0.000000    0.000000    0.000000
 => X and Y parameters: 
         0.000844   -0.000003    0.000334
         0.000000    0.000000    0.000000
 => Strain parameters: 
         0.000000    0.000000    0.000000
         0.000000    0.000000    0.000000
         0.000000    0.000000    0.000000
 => Size   parameters (G,L): 
         0.000000    0.000000    0.000000
         0.000000    0.000000    0.000000

 ==> GLOBAL PARAMETERS FOR PATTERN#  1


 => Zero-point:    -0.0226   -0.0000    0.0005

 => Cos( theta)-shift parameter :   0.0000  0.0000  0.0000
 => Sin(2theta)-shift parameter :   0.0000  0.0000  0.0000

 ==> RELIABILITY FACTORS WITH ALL NON-EXCLUDED POINTS FOR PATTERN:  1

 => R-Factors:   3.66      5.14     Chi2:  11.8     DW-Stat.:  0.3303   Patt#:  1
 => Expected :            1.49                                1.9341
 => Deviance : 0.833E+05     Dev*:   12.22    
 => GoF-index:  3.4         Sqrt(Residual/N)
 => N-P+C:  6817

 =>    SumYdif       SumYobs      SumYcal      SumwYobsSQ     Residual    Condition
     0.1118E+07    0.3056E+08    0.3048E+08    0.3056E+08    0.8059E+05    0.7688E+10


 => Conventional Rietveld Rp,Rwp,Re and Chi2:   10.9      10.9      3.18      11.82    
 => (Values obtained using Ynet, but true sigma(y))
 =>  SumYnet, Sum(w Ynet**2):     0.1023E+08    0.6745E+07


 ==> RELIABILITY FACTORS FOR POINTS WITH BRAGG CONTRIBUTIONS FOR PATTERN:  1

 => R-Factors:   3.94      5.43     Chi2:  13.3     DW-Stat.:  0.3400   Patt#:
 => Expected :            1.49                                1.9300
 => Deviance : 0.810E+05     Dev*:   13.71    
 => GoF-index:  3.6         Sqrt(Residual/N)
 => N-P+C:  5906

 =>    SumYdif       SumYobs      SumYcal      SumwYobsSQ     Residual    Condition
     0.1045E+07    0.2653E+08    0.2648E+08    0.2653E+08    0.7829E+05    0.7688E+10


 => Conventional Rietveld Rp,Rwp,Re and Chi2:   10.2      10.8      2.96      13.26    
 => (Values obtained using Ynet, but true sigma(y))
 =>  SumYnet, Sum(w Ynet**2):     0.1020E+08    0.6743E+07


 => Global user-weigthed Chi2 (Bragg contrib.):   13.3    

 => ---------> Pattern#  1
 => Phase:  1
 =>    Bragg R-factor:  5.91    
 =>    RF-factor     :  4.90    


   Standard deviations have to be multiplied by: 3.2952
   (correlated residuals) See references:
  -J.F.Berar & P.Lelann, J. Appl. Cryst. 24, 1-5 (1991) 
  -J.F.Berar, Acc. in Pow. Diff. II,NIST Sp.Pub. 846, 63(1992) 

 ++++++++++++++++++++++++++++++++++++++++++++++++++++++++++++++++++++++++++++++++++++++++++++++++++++++++++++++++++++++++

 => CYCLE No.:    1
 =>  Convergence reached at this CYCLE !!!!
 =>  Parameter shifts set to zero
 ---------------------------------------------------------------------------------------
 => Phase  1 Name:  #(C) 2021 by FIZ Karlsruhe - Leibniz Institute for Information Infras
 ---------------------------------------------------------------------------------------
 => New parameters, shifts, and standard deviations

 Atom        x       dx      sx       y       dy      sy       z       dz      sz       B       dB      sB      occ.    docc.   socc.

 Na1      0.38081 0.00000 0.00060  0.78606 0.00000 0.00144  0.10468 0.00000 0.00072  1.11627 0.00000 0.00000  1.00000 0.00000 0.00000
 Ta1      0.15941 0.00000 0.00010  0.25819 0.00000 0.00037  0.29677 0.00000 0.00012  0.47176 0.00000 0.00000  1.00000 0.00000 0.00000
 O1       0.21457 0.00000 0.00104  0.15506 0.00000 0.00130  0.05085 0.00000 0.00144  0.58064 0.00000 0.00000  1.00000 0.00000 0.00000
 O2       0.05998 0.00000 0.00120  0.54912 0.00000 0.00176  0.22345 0.00000 0.00154  0.58064 0.00000 0.00000  1.00000 0.00000 0.00000
 F1       0.37930 0.00000 0.00118  0.47484 0.00000 0.00167  0.30727 0.00000 0.00143  1.12063 0.00000 0.00000  1.00000 0.00000 0.00000
 F2       0.34396 0.00000 0.00107  0.99112 0.00000 0.00157  0.37900 0.00000 0.00129  1.12063 0.00000 0.00000  1.00000 0.00000 0.00000

 ==> PROFILE PARAMETERS FOR PATTERN#  1

 => Overall scale factor:      0.002024478     0.000000000     0.000003451
 => Eta(p-Voigt) or m(Pearson VII):   0.429435  0.000000  0.011416
 => Overall tem. factor:     0.000000    0.000000    0.000000
 => Halfwidth parameters: 
         0.056616    0.000000    0.001463
        -0.032203    0.000000    0.001047
         0.011085    0.000000    0.000184
 => Cell parameters: 
        8.125053    0.000000    0.000086
        5.465842    0.000000    0.000060
        7.514205    0.000000    0.000077
       90.000000    0.000000    0.000000
      102.337097    0.000000    0.000623
       90.000000    0.000000    0.000000
 => Preferred orientation: 
         0.000000    0.000000    0.000000
         0.000000    0.000000    0.000000
 => Asymmetry parameters: 
         0.029592    0.000000    0.002821
         0.006071    0.000000    0.000693
         0.000000    0.000000    0.000000
         0.000000    0.000000    0.000000
 => X and Y parameters: 
         0.000844    0.000000    0.000334
         0.000000    0.000000    0.000000
 => Strain parameters: 
         0.000000    0.000000    0.000000
         0.000000    0.000000    0.000000
         0.000000    0.000000    0.000000
 => Size   parameters (G,L): 
         0.000000    0.000000    0.000000
         0.000000    0.000000    0.000000

 ==> GLOBAL PARAMETERS FOR PATTERN#  1


 => Zero-point:    -0.0226    0.0000    0.0005

 => Cos( theta)-shift parameter :   0.0000  0.0000  0.0000
 => Sin(2theta)-shift parameter :   0.0000  0.0000  0.0000

 ==> RELIABILITY FACTORS WITH ALL NON-EXCLUDED POINTS FOR PATTERN:  1

 => R-Factors:   3.66      5.14     Chi2:  11.8     DW-Stat.:  0.3303   Patt#:  1
 => Expected :            1.49                                1.9341
 => Deviance : 0.833E+05     Dev*:   12.22    
 => GoF-index:  3.4         Sqrt(Residual/N)
 => N-P+C:  6817

 =>    SumYdif       SumYobs      SumYcal      SumwYobsSQ     Residual    Condition
     0.1118E+07    0.3056E+08    0.3048E+08    0.3056E+08    0.8059E+05    0.7688E+10


 => Conventional Rietveld Rp,Rwp,Re and Chi2:   10.9      10.9      3.18      11.82    
 => (Values obtained using Ynet, but true sigma(y))
 =>  SumYnet, Sum(w Ynet**2):     0.1023E+08    0.6745E+07

 => N-sigma of the GoF:      631.846

 ==> RELIABILITY FACTORS FOR POINTS WITH BRAGG CONTRIBUTIONS FOR PATTERN:  1

 => R-Factors:   3.94      5.43     Chi2:  13.3     DW-Stat.:  0.3400   Patt#:
 => Expected :            1.49                                1.9300
 => Deviance : 0.810E+05     Dev*:   13.71    
 => GoF-index:  3.6         Sqrt(Residual/N)
 => N-P+C:  5906

 =>    SumYdif       SumYobs      SumYcal      SumwYobsSQ     Residual    Condition
     0.1045E+07    0.2653E+08    0.2648E+08    0.2653E+08    0.7829E+05    0.7688E+10


 => Conventional Rietveld Rp,Rwp,Re and Chi2:   10.2      10.8      2.96      13.26    
 => (Values obtained using Ynet, but true sigma(y))
 =>  SumYnet, Sum(w Ynet**2):     0.1020E+08    0.6743E+07

 => N-sigma of the GoF:      666.034

 => Global user-weigthed Chi2 (Bragg contrib.):   13.6    

 => ---------> Pattern#  1
 => Phase:  1
 =>    Bragg R-factor:  5.91    
 =>    RF-factor     :  4.90    

 --------------------------------------------------------------------------------------------------------------
 Pattern#  1 Phase No.:   1 Phase name:  #(C) 2021 by FIZ Karlsruhe - 
 --------------------------------------------------------------------------------------------------------------

   No.  Code     H   K   L  Mult      Hw      ETA/M    2theta/TOF     Icalc       Iobs      Sigma     StrFactor^2    d-hkl       CORR

      1   1      1   0   0     2  0.092101  0.438836      11.138     3979.9     3564.6      9.174       9994.9014  7.937425      1.000000
      2   1      1   1   0     4  0.084845  0.446067      19.704    10299.8    10071.0     11.272      41346.4766  4.501736      1.000000
      3   1      0   1   1     4  0.084497  0.446518      20.239       18.5       54.4      3.106         78.5358  4.384020      1.000000
      4   1     -1   1   1     4  0.083527  0.447882      21.855       30.6       58.1      4.411        152.3381  4.063281      1.000000
      5   1      2   0   0     2  0.083238  0.448327      22.383     1231.6     1299.3      5.934      12871.7832  3.968713      1.000000
      6   1      0   0   2     2  0.082340  0.449886      24.229     3726.8     3658.1      7.163      45941.8008  3.670342      1.000000
      7   1      1   1   1     4  0.082268  0.450026      24.395       31.4       31.7      0.064        196.5491  3.645740      1.000000
      8   1     -1   0   2     2  0.082254  0.450053      24.428     3997.9     3961.2      6.696      50140.1836  3.640927      1.000000
      9   1      2   1   0     4  0.081136  0.452862      27.756     7336.2     7384.1      9.947      60166.4219  3.211442      1.000000
     10   1     -2   1   1     4  0.081010  0.453337      28.319       94.5       69.2      2.090        808.4435  3.148901      1.000000
     11   1      1   0   2     2  0.080903  0.453807      28.875        3.7        4.6      0.352         66.6363  3.089428      1.000000
     12   1      0   1   2     4  0.080836  0.454154      29.286     2493.1     2674.0      6.438      22908.9863  3.047087      1.000000
     13   1     -2   0   2     2  0.080822  0.454233      29.380      122.9      132.7      0.340       2275.0952  3.037501      1.000000
     14   1     -1   1   2     4  0.080811  0.454295      29.453     1236.4     1350.3      3.885      11498.4990  3.030194      1.000000
     15   1      2   1   1     4  0.080656  0.456675      32.273       15.3        0.0      3.738        173.1505  2.771503      1.000000
     16   1      0   2   0     2  0.080678  0.457071      32.742     1532.2     1550.0      5.496      35744.2578  2.732922      1.000000
     17   1      1   1   2     4  0.080721  0.457529      33.285     2925.6     2935.4      6.160      35357.0508  2.689533      1.000000
     18   1     -2   1   2     4  0.080771  0.457905      33.730     2648.3     2674.1      5.700      32936.2539  2.655064      1.000000
     19   1      3   0   0     2  0.080786  0.458007      33.852     1018.8     1089.5      2.657      25531.9102  2.645808      1.000000
     20   1      1   2   0     4  0.080920  0.458712      34.686      982.1     1021.6      4.689      12974.3760  2.584044      1.000000
     21   1      0   2   1     4  0.080983  0.458982      35.006       31.4       38.2      2.105        423.6180  2.561182      1.000000
     22   1     -1   2   1     4  0.081222  0.459825      36.005        3.3        0.0      3.057         47.1379  2.492337      1.000000
     23   1      2   0   2     2  0.081428  0.460413      36.701      593.1      603.7      4.741      17714.3633  2.446628      1.000000
     24   1     -3   1   1     4  0.081652  0.460968      37.359      189.2      178.2      1.161       2936.6648  2.405076      1.000000
     25   1     -3   0   2     2  0.081660  0.460987      37.381      618.1      581.0      3.099      19212.9414  2.403693      1.000000
     26   1      1   2   1     4  0.081767  0.461229      37.669       76.4       66.6      2.184       1207.9675  2.386007      1.000000
     27   1      3   1   0     4  0.081796  0.461292      37.743        9.6        7.9      0.459        151.6540  2.381470      1.000000
     28   1     -1   1   3     4  0.082682  0.462947      39.704      225.7      236.6      4.207       4003.2859  2.268262      1.000000
     29   1      2   2   0     4  0.082851  0.463217      40.024      522.4      494.9      3.227       9431.8271  2.250868      1.000000
     30   1      0   1   3     4  0.083032  0.463494      40.352        0.0        0.0      0.000          0.7638  2.233319      1.000000
     31   1      2   1   2     4  0.083034  0.463497      40.356      577.8      668.6      3.440      10621.6602  2.233116      1.000000
     32   1     -2   2   1     4  0.083078  0.463563      40.433        4.9        5.6      0.037         90.3122  2.229012      1.000000
     33   1     -3   1   2     4  0.083400  0.464028      40.984      843.4      870.9      3.783      16042.9336  2.200326      1.000000
     34   1      0   2   2     4  0.083498  0.464165      41.146      869.8      872.5      2.935      16689.5215  2.192010      1.000000
     35   1     -1   2   2     4  0.083575  0.464270      41.271     1035.8      953.5      3.241      20011.1484  2.185696      1.000000
     36   1      3   1   1     4  0.084076  0.464922      42.044        7.3        5.7      1.837        147.5239  2.147272      1.000000
     37   1     -2   1   3     4  0.084290  0.465187      42.357       10.6        4.8      2.448        217.2088  2.132115      1.000000
     38   1      2   2   1     4  0.085065  0.466083      43.419       45.5       77.6      4.003        983.9717  2.082410      1.000000
     39   1      1   1   3     4  0.085668  0.466726      44.181       46.9       37.5      1.330       1054.5240  2.048221      1.000000
     40   1      1   2   2     4  0.085691  0.466751      44.210       90.5       84.3      1.988       2034.8134  2.046960      1.000000
     41   1     -2   2   2     4  0.085983  0.467047      44.561      318.7      304.2      3.353       7298.5654  2.031641      1.000000
     42   1      4   0   0     2  0.086967  0.467993      45.682      697.8      782.1      4.934      33771.8047  1.984356      1.000000
     43   1      3   0   2     2  0.087598  0.468562      46.356      487.1      411.2      3.617      24355.7656  1.957077      1.000000
     44   1     -4   0   2     2  0.088373  0.469226      47.143      681.6      656.3      4.149      35384.5977  1.926227      1.000000
     45   1     -3   2   1     4  0.088731  0.469521      47.492       25.2       25.5      0.880        664.0291  1.912861      1.000000
     46   1     -4   1   1     4  0.089053  0.469782      47.801        0.2        0.2      0.001          6.3948  1.901226      1.000000
     47   1      3   2   0     4  0.089061  0.469788      47.809     1864.7     1943.7      5.405      49942.1680  1.900920      1.000000
     48   1     -3   1   3     4  0.089119  0.469835      47.864       35.4       36.9      0.119        950.2501  1.898872      1.000000
     49   1     -1   0   4     2  0.089721  0.470307      48.423     1320.5     1502.9      4.777      72789.1953  1.878249      1.000000
     50   1      4   1   0     4  0.090118  0.470610      48.783      952.6     1083.5      4.156      26697.5020  1.865238      1.000000
     51   1      3   1   2     4  0.090848  0.471151      49.424       91.3       72.1      2.002       2632.9968  1.842528      1.000000
     52   1     -1   2   3     4  0.090871  0.471168      49.444        9.1        7.4      0.196        262.3887  1.841837      1.000000
     53   1      0   0   4     2  0.091094  0.471330      49.635       47.3       49.2      1.222       2755.1375  1.835171      1.000000
     54   1      0   2   3     4  0.091514  0.471629      49.990        1.9        1.8      0.005         54.9052  1.822980      1.000000
     55   1      2   2   2     4  0.091518  0.471632      49.993     1758.6     1734.2      5.040      52048.3633  1.822870      1.000000
     56   1     -2   0   4     2  0.091603  0.471692      50.064      210.0      205.3      0.676      12472.5244  1.820464      1.000000
     57   1     -4   1   2     4  0.091735  0.471785      50.174       12.1       12.4      0.069        361.5739  1.816715      1.000000
     58   1     -3   2   2     4  0.092163  0.472081      50.526     1115.5     1036.5      4.314      33814.1016  1.804903      1.000000
     59   1      2   1   3     4  0.092274  0.472157      50.615        2.1        2.0      0.011         63.6951  1.801915      1.000000
     60   1     -1   1   4     4  0.093260  0.472818      51.398       23.4       21.7      0.162        736.1157  1.776298      1.000000

   No.  Code     H   K   L  Mult      Hw      ETA/M    2theta/TOF     Icalc       Iobs      Sigma     StrFactor^2    d-hkl       CORR

     61   1      1   3   0     4  0.093281  0.472832      51.414      659.8      618.8      3.985      20793.4355  1.775767      1.000000
     62   1      3   2   1     4  0.093301  0.472845      51.430        0.8        0.7      0.004         24.1154  1.775272      1.000000
     63   1      0   3   1     4  0.093582  0.473028      51.648       68.8       63.6      1.238       2190.4634  1.768296      1.000000
     64   1     -2   2   3     4  0.093648  0.473071      51.698        4.5        3.8      0.134        142.5895  1.766678      1.000000
     65   1     -1   3   1     4  0.094557  0.473650      52.384        4.1        4.1      0.205        134.8042  1.745153      1.000000
     66   1      0   1   4     4  0.094795  0.473798      52.560     1006.5      990.5      4.861      33329.2227  1.739729      1.000000
     67   1     -2   1   4     4  0.095358  0.474146      52.971      468.5      440.0      3.212      15784.2754  1.727184      1.000000
     68   1      4   1   1     4  0.095371  0.474154      52.981        0.1        0.1      0.001          4.3318  1.726903      1.000000
     69   1      1   2   3     4  0.095781  0.474402      53.275        0.0        0.0      0.002          0.7562  1.718061      1.000000
     70   1      1   0   4     2  0.096181  0.474641      53.558      148.3      141.6      3.002      10242.5215  1.709630      1.000000
     71   1      1   3   1     4  0.096287  0.474704      53.633        0.8        0.8      0.025         29.1128  1.707432      1.000000
     72   1     -3   0   4     2  0.097351  0.475325      54.368       75.6        2.3      3.066       5399.3652  1.686056      1.000000
     73   1      2   3   0     4  0.098972  0.476235      55.446     1064.5      977.3      5.451      39716.0117  1.655801      1.000000
     74   1     -4   1   3     4  0.099188  0.476353      55.587       22.2       20.8      0.125        832.9690  1.651953      1.000000
     75   1     -2   3   1     4  0.099467  0.476505      55.767       64.8       62.0      1.314       2447.6677  1.647042      1.000000
     76   1      0   3   2     4  0.100350  0.476979      56.329      345.9      362.2      1.407      13366.5576  1.631945      1.000000
     77   1      1   1   4     4  0.100366  0.476988      56.339      851.6      890.6      3.256      32917.4258  1.631676      1.000000
     78   1     -1   3   2     4  0.100507  0.477062      56.427      227.5      228.3      0.933       8826.1914  1.629334      1.000000
     79   1     -4   2   1     4  0.100557  0.477089      56.458       39.3       39.8      0.164       1525.4263  1.628509      1.000000
     80   1     -3   2   3     4  0.100646  0.477136      56.514        6.2        6.3      0.033        241.7845  1.627029      1.000000
     81   1     -3   1   4     4  0.101631  0.477649      57.122     1001.4     1117.7      4.466      39909.7109  1.611144      1.000000
     82   1      4   0   2     2  0.101846  0.477760      57.253       33.3       39.9      0.173       2664.2095  1.607765      1.000000
     83   1      4   2   0     4  0.101978  0.477827      57.333      291.7      392.9      1.844      11722.5996  1.605721      1.000000
     84   1      3   2   2     4  0.102935  0.478312      57.907      579.1      717.4      3.793      23786.8301  1.591164      1.000000
     85   1      5   0   0     2  0.103184  0.478436      58.054      103.6      119.2      0.702       8556.2529  1.587485      1.000000
     86   1     -5   0   2     2  0.103305  0.478496      58.125       79.7       86.9      0.771       6603.4619  1.585706      1.000000
     87   1      2   3   1     4  0.103341  0.478514      58.147        2.6        2.8      0.031        109.0174  1.585174      1.000000
     88   1     -4   2   2     4  0.104085  0.478880      58.581      619.6      761.1      3.694      26109.8184  1.574451      1.000000
     89   1      1   3   2     4  0.104446  0.479056      58.789      684.6      756.1      2.914      29076.0215  1.569369      1.000000
     90   1      2   2   3     4  0.104775  0.479216      58.978       22.6       23.1      0.124        967.6998  1.564788      1.000000
     91   1      3   1   3     4  0.104907  0.479279      59.053        3.5        3.4      0.014        149.4715  1.562977      1.000000
     92   1     -2   3   2     4  0.104947  0.479298      59.076      850.3      831.9      3.417      36501.9219  1.562433      1.000000
     93   1     -5   1   1     4  0.105300  0.479468      59.277        3.2        3.3      0.032        139.5663  1.557624      1.000000
     94   1     -1   2   4     4  0.106028  0.479813      59.686      730.1      769.0      3.631      32047.5098  1.547924      1.000000
     95   1      2   0   4     2  0.106273  0.479928      59.822      232.8      244.0      1.016      20548.6406  1.544714      1.000000
     96   1      4   1   2     4  0.106450  0.480011      59.920      933.6      946.2      3.166      41337.2812  1.542422      1.000000
     97   1      5   1   0     4  0.107874  0.480668      60.699      542.8      642.8      2.629      24719.3926  1.524488      1.000000
     98   1      0   2   4     4  0.107951  0.480703      60.740       71.0       77.5      0.255       3238.3838  1.523544      1.000000
     99   1     -5   1   2     4  0.108002  0.480727      60.768      841.7      873.7      2.859      38435.2461  1.522913      1.000000
    100   1     -4   0   4     2  0.108345  0.480882      60.952      280.2      271.8      1.228      25757.9551  1.518751      1.000000
    101   1     -2   2   4     4  0.108650  0.481019      61.115      286.0      289.1      1.926      13222.9355  1.515097      1.000000
    102   1      4   2   1     4  0.108666  0.481027      61.124        5.4        5.6      0.038        251.3657  1.514907      1.000000
    103   1     -3   3   1     4  0.109385  0.481348      61.505        5.4        1.9      0.537        255.1253  1.506432      1.000000
    104   1      3   3   0     4  0.109893  0.481573      61.771        6.3        0.0      1.268        295.8017  1.500579      1.000000
    105   1      2   1   4     4  0.111151  0.482122      62.421       27.6        0.0      3.147       1334.4127  1.486491      1.000000
    106   1     -1   3   3     4  0.112598  0.482740      63.154        0.4        0.0      0.301         18.1253  1.471000      1.000000
    107   1     -4   2   3     4  0.113319  0.483043      63.513        0.8        0.8      0.046         40.9022  1.463549      1.000000
    108   1     -4   1   4     4  0.113342  0.483053      63.524       18.5       18.6      0.905        929.8515  1.463312      1.000000
    109   1      0   3   3     4  0.113536  0.483134      63.620        8.1        7.5      0.153        410.5330  1.461340      1.000000
    110   1      2   3   2     4  0.113541  0.483136      63.623      179.1      165.8      3.325       9030.0215  1.461283      1.000000
    111   1     -3   3   2     4  0.114470  0.483521      64.079      248.9      222.1      2.616      12739.4180  1.451979      1.000000
    112   1      1   2   4     4  0.114733  0.483629      64.207      215.4      183.8      1.775      11071.9795  1.449393      1.000000
    113   1     -1   1   5     4  0.114826  0.483667      64.252        8.5        7.2      0.079        439.3785  1.448485      1.000000
    114   1      3   3   1     4  0.116085  0.484178      64.858        4.2        1.9      0.378        221.1342  1.436417      1.000000
    115   1      5   1   1     4  0.116218  0.484232      64.921       10.6        6.1      0.463        557.8794  1.435164      1.000000
    116   1     -3   2   4     4  0.116242  0.484241      64.932       40.6       24.3      1.687       2138.1052  1.434945      1.000000
    117   1     -5   1   3     4  0.116500  0.484345      65.055       11.7        9.1      0.540        618.2183  1.432538      1.000000
    118   1     -2   1   5     4  0.116543  0.484362      65.076        2.7        2.1      0.123        140.9257  1.432132      1.000000
    119   1     -2   3   3     4  0.116573  0.484374      65.090        9.7        8.0      0.466        515.4250  1.431853      1.000000
    120   1      0   1   5     4  0.118112  0.484984      65.812        8.3        0.0      2.407        450.2954  1.417880      1.000000

   No.  Code     H   K   L  Mult      Hw      ETA/M    2theta/TOF     Icalc       Iobs      Sigma     StrFactor^2    d-hkl       CORR

    121   1      1   3   3     4  0.119521  0.485532      66.461       14.6       11.7      2.641        805.0350  1.405602      1.000000
    122   1      3   2   3     4  0.120111  0.485758      66.729       23.2       16.2      2.059       1292.8979  1.400600      1.000000
    123   1     -5   2   1     4  0.120572  0.485934      66.938        4.1        1.0      0.674        227.7609  1.396744      1.000000
    124   1      4   2   2     4  0.121918  0.486442      67.540        0.9        0.0      0.809         50.3633  1.385751      1.000000
    125   1      3   0   4     2  0.123090  0.486878      68.056      104.4      141.1      3.253      12110.7979  1.376486      1.000000
    126   1     -3   1   5     4  0.123505  0.487031      68.237        0.9        1.1      0.021         54.7468  1.373271      1.000000
    127   1      5   2   0     4  0.123579  0.487058      68.270       68.2       77.9      1.388       3977.0984  1.372703      1.000000
    128   1     -5   2   2     4  0.123729  0.487113      68.335       14.2       15.4      0.392        830.3577  1.371552      1.000000
    129   1      0   4   0     2  0.124399  0.487358      68.625      330.2      335.5      3.082      38947.5391  1.366461      1.000000
    130   1      4   1   3     4  0.125572  0.487783      69.128        0.8        0.7      0.051         44.9729  1.357741      1.000000
    131   1      5   0   2     2  0.125900  0.487901      69.268      154.0      170.1      2.508      18509.3281  1.355342      1.000000
    132   1     -4   3   1     4  0.125909  0.487904      69.271        0.2        0.2      0.003         11.1525  1.355280      1.000000
    133   1     -3   3   3     4  0.126026  0.487946      69.321        0.1        0.1      0.002          5.8815  1.354427      1.000000
    134   1     -5   0   4     2  0.126359  0.488064      69.462      194.4      203.3      1.968      23490.5312  1.352027      1.000000
    135   1      1   1   5     4  0.126859  0.488243      69.673        3.2        3.4      0.048        197.0067  1.348449      1.000000
    136   1      1   4   0     4  0.127113  0.488332      69.779       67.2       71.7      0.745       4094.2542  1.346651      1.000000
    137   1      2   2   4     4  0.127381  0.488427      69.891      572.0      597.0      3.056      34986.2969  1.344766      1.000000
    138   1      0   4   1     4  0.127578  0.488497      69.974       27.3       27.8      0.163       1673.4570  1.343384      1.000000
    139   1      4   3   0     4  0.127768  0.488563      70.053      189.6      194.3      1.106      11650.2246  1.342061      1.000000
    140   1     -6   0   2     2  0.128189  0.488711      70.228       60.9       64.8      0.662       7514.9556  1.339147      1.000000
    141   1      3   1   4     4  0.128823  0.488932      70.490      325.6      329.2      2.507      20246.7090  1.334809      1.000000
    142   1      3   3   2     4  0.129012  0.488998      70.568       54.2       52.8      0.515       3380.5422  1.333526      1.000000
    143   1     -1   4   1     4  0.129068  0.489017      70.590       14.0       13.7      0.145        875.3433  1.333152      1.000000
    144   1     -4   2   4     4  0.129908  0.489307      70.934      328.2      347.5      2.845      20659.6230  1.327532      1.000000
    145   1     -4   3   2     4  0.130499  0.489510      71.174       10.3       13.8      0.099        649.8397  1.323642      1.000000
    146   1      6   0   0     2  0.130612  0.489548      71.220      185.5      269.8      2.075      23542.7383  1.322904      1.000000
    147   1      2   3   3     4  0.131388  0.489813      71.533        3.5        4.2      0.108        222.1073  1.317885      1.000000
    148   1     -1   2   5     4  0.131615  0.489890      71.624        6.1        7.1      0.120        388.5503  1.316431      1.000000
    149   1      1   4   1     4  0.131666  0.489907      71.644        8.9       10.6      0.149        568.3730  1.316107      1.000000
    150   1      5   1   2     4  0.131761  0.489939      71.682      164.4      199.9      2.255      10557.2852  1.315502      1.000000
    151   1     -6   1   1     4  0.132044  0.490034      71.795        5.8        6.1      0.073        370.9426  1.313710      1.000000
    152   1     -5   1   4     4  0.132240  0.490100      71.874      212.6      215.9      2.018      13723.2803  1.312470      1.000000
    153   1     -1   3   4     4  0.132994  0.490353      72.173        8.3        8.2      0.387        540.1265  1.307763      1.000000
    154   1      5   2   1     4  0.133214  0.490426      72.260        1.0        0.9      0.087         64.2614  1.306408      1.000000
    155   1     -5   2   3     4  0.133536  0.490533      72.387        0.4        0.3      0.035         26.3191  1.304426      1.000000
    156   1     -2   2   5     4  0.133586  0.490550      72.406        2.5        2.2      0.210        165.3963  1.304119      1.000000
    157   1     -6   1   2     4  0.134152  0.490737      72.629      226.5      258.5      3.140      14913.6514  1.300678      1.000000
    158   1      0   2   5     4  0.135384  0.491142      73.108        4.2        4.3      0.054        281.6120  1.293330      1.000000
    159   1      0   3   4     4  0.135447  0.491162      73.132      235.2      244.7      2.563      15687.8457  1.292961      1.000000
    160   1      2   4   0     4  0.135607  0.491215      73.194       52.6       54.1      0.617       3510.4277  1.292022      1.000000
    161   1     -2   4   1     4  0.136324  0.491448      73.470        9.7       10.0      0.094        650.2161  1.287847      1.000000
    162   1     -2   3   4     4  0.136335  0.491451      73.474      193.6      200.2      1.893      13023.6904  1.287787      1.000000
    163   1      4   3   1     4  0.136355  0.491458      73.482        8.2        8.5      0.081        549.4906  1.287670      1.000000
    164   1     -4   1   5     4  0.136650  0.491553      73.595       23.3       24.9      0.313       1573.2466  1.285973      1.000000
    165   1      6   1   0     4  0.136683  0.491564      73.607       42.3       45.0      0.571       2852.0469  1.285780      1.000000
    166   1      0   4   2     4  0.137597  0.491857      73.955      309.1      283.2      2.229      21042.5840  1.280591      1.000000
    167   1     -1   4   2     4  0.137821  0.491929      74.040      361.4      320.6      2.442      24653.2012  1.279328      1.000000
    168   1     -3   2   5     4  0.141545  0.493100      75.428        4.0        0.0      1.005        278.6219  1.259207      1.000000
    169   1      2   4   1     4  0.141851  0.493195      75.540       11.8        4.4      1.501        834.0789  1.257616      1.000000
    170   1     -4   3   3     4  0.142226  0.493310      75.677        3.6        3.1      0.430        257.5874  1.255683      1.000000
    171   1      2   1   5     4  0.142231  0.493312      75.679        3.0        2.5      0.354        212.5094  1.255656      1.000000
    172   1     -6   1   3     4  0.143319  0.493645      76.074        8.0        7.2      0.205        575.8286  1.250113      1.000000
    173   1     -1   0   6     2  0.143332  0.493649      76.078       80.5       72.9      1.998      11521.1709  1.250049      1.000000
    174   1      1   4   2     4  0.143406  0.493672      76.105        2.4        2.3      0.054        170.2242  1.249679      1.000000
    175   1      4   2   3     4  0.143900  0.493822      76.283        0.5        0.4      0.004         32.4430  1.247202      1.000000
    176   1      1   3   4     4  0.143999  0.493852      76.319      271.2      268.4      2.231      19512.4258  1.246708      1.000000
    177   1     -2   0   6     2  0.144034  0.493863      76.331      118.1      117.0      0.963      16996.3418  1.246536      1.000000
    178   1     -2   4   2     4  0.144108  0.493885      76.358        3.2        3.1      0.028        228.2634  1.246169      1.000000
    179   1      1   2   5     4  0.145367  0.494265      76.808        8.9        9.9      0.356        647.9072  1.239988      1.000000
    180   1     -3   3   4     4  0.145887  0.494420      76.992      414.5      394.1      3.429      30272.7051  1.237477      1.000000

   No.  Code     H   K   L  Mult      Hw      ETA/M    2theta/TOF     Icalc       Iobs      Sigma     StrFactor^2    d-hkl       CORR

    181   1      3   2   4     4  0.147603  0.494930      77.595       85.7      119.1      2.482       6341.9380  1.229357      1.000000
    182   1      6   1   1     4  0.148756  0.495268      77.996        0.0        0.0      0.001          3.1415  1.224037      1.000000
    183   1      0   0   6     2  0.148885  0.495306      78.041        1.1        1.1      0.029        162.6731  1.223447      1.000000
    184   1      4   0   4     2  0.148914  0.495314      78.051       86.3       90.5      2.235      12898.7900  1.223314      1.000000
    185   1     -1   1   6     4  0.149962  0.495619      78.412      197.2      212.7      2.396      14837.1045  1.218586      1.000000
    186   1     -3   4   1     4  0.150275  0.495709      78.519       23.3       26.6      0.368       1753.1832  1.217194      1.000000
    187   1     -2   1   6     4  0.150695  0.495830      78.662       22.9       22.7      0.227       1730.3781  1.215331      1.000000
    188   1      3   3   3     4  0.150714  0.495836      78.669        3.5        3.4      0.033        262.5767  1.215247      1.000000
    189   1      5   2   2     4  0.150946  0.495903      78.748       86.5       83.1      0.630       6552.4355  1.214224      1.000000
    190   1      3   4   0     4  0.150974  0.495911      78.758      184.9      177.3      1.335      14008.3926  1.214100      1.000000
    191   1     -3   0   6     2  0.151079  0.495941      78.793       32.7       31.1      0.239       4955.4121  1.213642      1.000000
    192   1     -6   2   1     4  0.151268  0.495995      78.857        6.8        6.5      0.053        517.9178  1.212815      1.000000
    193   1     -5   3   1     4  0.151288  0.496001      78.864       21.5       20.4      0.166       1632.9432  1.212726      1.000000
    194   1     -5   2   4     4  0.151491  0.496059      78.933      195.4      190.4      1.467      14858.1836  1.211839      1.000000
    195   1      4   3   2     4  0.152963  0.496478      79.430      310.8      294.1      2.900      23857.5684  1.205509      1.000000
    196   1     -6   2   2     4  0.153667  0.496677      79.665       84.5       73.2      0.896       6518.0132  1.202538      1.000000
    197   1     -6   0   4     2  0.153832  0.496723      79.720        5.5        4.8      0.076        854.5010  1.201846      1.000000
    198   1     -1   4   3     4  0.154692  0.496964      80.006       16.5       16.6      0.255       1283.3801  1.198273      1.000000
    199   1      5   3   0     4  0.155028  0.497058      80.117      211.2      203.2      1.550      16428.5293  1.196889      1.000000
    200   1     -5   3   2     4  0.155215  0.497110      80.178      270.3      257.4      1.630      21052.8809  1.196126      1.000000
    201   1      0   1   6     4  0.155760  0.497261      80.358      228.9      228.7      1.021      17886.7266  1.193904      1.000000
    202   1      4   1   4     4  0.155791  0.497270      80.368      216.4      216.1      0.948      16915.2090  1.193781      1.000000
    203   1      0   4   3     4  0.155975  0.497321      80.429        5.2        5.1      0.024        409.4483  1.193034      1.000000
    204   1      2   4   2     4  0.155983  0.497323      80.431      197.4      193.3      0.909      15445.5859  1.193003      1.000000
    205   1     -4   2   5     4  0.156508  0.497468      80.603        2.6        2.5      0.014        202.5300  1.190889      1.000000
    206   1      6   2   0     4  0.156547  0.497479      80.616      241.2      233.5      1.318      18939.0195  1.190735      1.000000
    207   1      5   1   3     4  0.156973  0.497596      80.755        0.1        0.1      0.001          6.8918  1.189035      1.000000
    208   1     -3   4   2     4  0.157253  0.497673      80.846      172.9      160.1      1.428      13634.8232  1.187924      1.000000
    209   1     -5   1   5     4  0.157728  0.497804      81.000        1.6        1.6      0.019        127.6160  1.186051      1.000000
    210   1     -3   1   6     4  0.158051  0.497892      81.105      210.9      200.3      2.054      16703.7910  1.184787      1.000000
    211   1      3   4   1     4  0.159457  0.498273      81.557        1.0        1.1      0.088         77.7704  1.179357      1.000000
    212   1      2   3   4     4  0.159751  0.498353      81.651        2.1        2.4      0.216        170.2351  1.178235      1.000000
    213   1     -2   4   3     4  0.160123  0.498453      81.770        5.2        6.7      0.439        420.4682  1.176827      1.000000
    214   1     -6   1   4     4  0.160927  0.498669      82.025      217.5      257.7      2.939      17502.9023  1.173805      1.000000
    215   1      1   0   6     2  0.161399  0.498795      82.174      107.7      119.9      1.354      17371.6367  1.172052      1.000000
    216   1      6   0   2     2  0.162639  0.499124      82.564      138.1      162.5      2.259      22416.6484  1.167501      1.000000
    217   1      2   2   5     4  0.162863  0.499183      82.634        0.1        0.1      0.001          5.1370  1.166690      1.000000
    218   1     -4   3   4     4  0.162890  0.499190      82.643       18.8       19.9      0.412       1525.0713  1.166591      1.000000
    219   1     -6   2   3     4  0.164103  0.499509      83.021        0.4        0.3      0.033         30.1781  1.162240      1.000000
    220   1      1   4   3     4  0.164137  0.499518      83.031        7.4        6.6      0.687        604.3062  1.162122      1.000000
    221   1     -1   3   5     4  0.165011  0.499746      83.301       28.5       25.0      1.158       2337.4060  1.159037      1.000000
    222   1     -4   0   6     2  0.165372  0.499840      83.412       71.4       57.2      1.732      11746.0254  1.157775      1.000000
    223   1     -7   0   2     2  0.166103  0.500029      83.637      149.4      139.9      2.261      24679.1738  1.155241      1.000000
    224   1      3   1   5     4  0.166323  0.500085      83.704        2.1        1.9      0.042        177.3190  1.154486      1.000000
    225   1      5   3   1     4  0.166997  0.500259      83.909        2.2        2.1      0.083        185.4252  1.152179      1.000000
    226   1     -5   3   3     4  0.167398  0.500362      84.031        0.2        0.2      0.027         19.1883  1.150818      1.000000
    227   1     -2   3   5     4  0.167461  0.500378      84.050        0.1        0.0      0.007          4.2228  1.150608      1.000000
    228   1      1   1   6     4  0.168838  0.500729      84.466       37.2       41.7      2.503       3105.6016  1.146001      1.000000
    229   1      0   3   5     4  0.169697  0.500946      84.723        0.1        0.1      0.010         10.7924  1.143177      1.000000
    230   1      6   1   2     4  0.170136  0.501056      84.854       17.7       18.1      1.315       1486.1686  1.141746      1.000000
    231   1      6   2   1     4  0.170305  0.501099      84.905        2.2        2.2      0.190        183.0218  1.141196      1.000000
    232   1     -1   2   6     4  0.171683  0.501444      85.313      119.3      145.2      2.481      10087.4980  1.136775      1.000000
    233   1     -2   2   6     4  0.172521  0.501652      85.559      199.6      235.3      1.933      16938.8223  1.134131      1.000000
    234   1      7   0   0     2  0.172589  0.501669      85.579       27.0       31.6      0.246       4579.8623  1.133918      1.000000
    235   1     -7   1   1     4  0.172749  0.501708      85.626        0.1        0.1      0.001          4.9701  1.133414      1.000000
    236   1     -4   4   1     4  0.172819  0.501726      85.647       12.4       13.9      0.111       1049.7955  1.133196      1.000000
    237   1     -3   4   3     4  0.172979  0.501765      85.694       12.6       13.7      0.121       1071.5455  1.132697      1.000000
    238   1     -4   1   6     4  0.172996  0.501769      85.699      135.4      147.1      1.315      11511.5713  1.132644      1.000000
    239   1     -7   1   2     4  0.173761  0.501958      85.922        4.0        4.3      0.071        344.2218  1.130271      1.000000
    240   1      4   4   0     4  0.175347  0.502346      86.381      175.2      147.2      2.899      15025.2246  1.125434      1.000000

   No.  Code     H   K   L  Mult      Hw      ETA/M    2theta/TOF     Icalc       Iobs      Sigma     StrFactor^2    d-hkl       CORR

    241   1      3   4   2     4  0.177041  0.502755      86.867      174.0      159.2      2.414      15010.2734  1.120387      1.000000
    242   1     -3   3   5     4  0.177373  0.502836      86.962       24.6       21.6      0.434       2123.6584  1.119408      1.000000
    243   1      0   2   6     4  0.178317  0.503062      87.230        3.2        3.1      0.053        274.6592  1.116659      1.000000
    244   1      4   2   4     4  0.178352  0.503070      87.240       54.1       51.9      0.906       4686.1353  1.116558      1.000000
    245   1     -4   4   2     4  0.179065  0.503240      87.441      200.5      178.5      2.397      17413.3906  1.114506      1.000000
    246   1      5   2   3     4  0.179707  0.503392      87.622        3.9        3.6      0.070        341.6361  1.112672      1.000000
    247   1      2   4   3     4  0.180276  0.503527      87.781       15.2       15.3      0.187       1326.5280  1.111063      1.000000
    248   1      4   3   3     4  0.180317  0.503536      87.792       20.9       21.3      0.254       1821.5068  1.110949      1.000000
    249   1      7   1   0     4  0.180555  0.503593      87.859      128.0      134.6      1.584      11165.8340  1.110278      1.000000
    250   1     -5   2   5     4  0.180574  0.503597      87.864        6.0        6.3      0.074        520.5174  1.110226      1.000000
    251   1     -3   2   6     4  0.180944  0.503684      87.967       46.9       46.6      0.750       4099.8408  1.109189      1.000000
    252   1      1   3   5     4  0.182152  0.503967      88.303        5.9        5.7      0.075        514.3105  1.105841      1.000000
    253   1     -1   4   4     4  0.182468  0.504041      88.390      263.4      263.1      2.567      23115.5000  1.104977      1.000000
    254   1      2   0   6     2  0.182606  0.504073      88.428       52.5       51.4      0.541       9208.9834  1.104599      1.000000
    255   1     -7   1   3     4  0.183755  0.504339      88.744        0.5        0.5      0.010         42.9377  1.101483      1.000000
    256   1     -6   2   4     4  0.184247  0.504453      88.878       15.9       14.4      0.527       1401.8726  1.100163      1.000000
    257   1      3   3   4     4  0.184954  0.504616      89.071      152.1      157.6      2.652      13438.0674  1.098281      1.000000
    258   1      0   4   4     4  0.185819  0.504813      89.305       15.4       15.7      0.374       1362.2288  1.096005      1.000000
    259   1     -2   4   4     4  0.187034  0.505090      89.633       81.0       80.0      1.850       7190.8071  1.092848      1.000000
    260   1      4   4   1     4  0.187061  0.505096      89.640        0.6        0.6      0.013         52.8489  1.092777      1.000000
    261   1      5   0   4     2  0.187824  0.505269      89.845      116.7      139.6      1.949      20766.2090  1.090821      1.000000
    262   1     -5   0   6     2  0.188961  0.505524      90.147      123.0      137.0      1.485      21944.3594  1.087941      1.000000
    263   1      5   3   2     4  0.189156  0.505568      90.199       58.7       65.6      0.717       5238.3794  1.087451      1.000000
    264   1     -6   3   1     4  0.189561  0.505659      90.307       12.2       13.1      0.176       1094.3461  1.086438      1.000000
    265   1     -5   3   4     4  0.189843  0.505721      90.381       69.5       69.6      0.973       6216.9067  1.085736      1.000000
    266   1     -6   1   5     4  0.189971  0.505750      90.415        3.5        3.4      0.049        313.2904  1.085418      1.000000
    267   1      3   2   5     4  0.190459  0.505859      90.544        1.7        1.7      0.027        155.9041  1.084208      1.000000
    268   1      1   5   0     4  0.190973  0.505973      90.679      113.6      120.1      1.520      10183.2803  1.082946      1.000000
    269   1      2   1   6     4  0.191069  0.505994      90.704       45.5       48.2      0.639       4081.7061  1.082711      1.000000
    270   1      0   5   1     4  0.191670  0.506127      90.861        3.6        3.8      0.080        324.9788  1.081245      1.000000
    271   1     -6   3   2     4  0.192586  0.506328      91.100      110.9      115.5      1.498       9967.3760  1.079032      1.000000
    272   1      1   2   6     4  0.193364  0.506499      91.302      255.5      256.9      2.414      23005.3438  1.077171      1.000000
    273   1     -1   5   1     4  0.193905  0.506617      91.442        5.2        4.9      0.063        472.6039  1.075889      1.000000
    274   1      6   2   2     4  0.194864  0.506825      91.689      292.7      259.6      2.217      26429.6855  1.073636      1.000000
    275   1     -4   4   3     4  0.195127  0.506882      91.756        2.1        1.8      0.019        191.5399  1.073022      1.000000
    276   1     -7   0   4     2  0.195337  0.506928      91.810       71.3       60.1      0.741      12895.1934  1.072534      1.000000
    277   1     -4   3   5     4  0.196178  0.507109      92.025        1.8        1.7      0.025        166.4501  1.070592      1.000000
    278   1      6   3   0     4  0.196226  0.507119      92.037       26.3       24.5      0.372       2376.7571  1.070481      1.000000
    279   1      5   1   4     4  0.196556  0.507190      92.121        5.1        4.9      0.108        465.0082  1.069726      1.000000
    280   1      1   4   4     4  0.197577  0.507408      92.380       48.6       55.9      1.092       4412.9375  1.067405      1.000000
    281   1     -5   1   6     4  0.197752  0.507446      92.424        0.5        0.6      0.010         44.8107  1.067010      1.000000
    282   1      1   5   1     4  0.197814  0.507459      92.440        5.2        5.9      0.102        473.8886  1.066870      1.000000
    283   1     -7   2   1     4  0.197890  0.507475      92.459        4.5        4.9      0.084        404.0486  1.066699      1.000000
    284   1     -4   2   6     4  0.198175  0.507536      92.531       78.0       82.0      1.298       7082.9961  1.066057      1.000000
    285   1      7   1   1     4  0.198500  0.507605      92.613        0.0        0.0      0.000          0.5930  1.065330      1.000000
    286   1     -7   2   2     4  0.199063  0.507724      92.754      290.8      277.4      2.717      26446.4180  1.064078      1.000000
    287   1     -3   4   4     4  0.200190  0.507962      93.036       12.4       11.9      0.213       1133.6715  1.061595      1.000000
    288   1      4   1   5     4  0.203147  0.508579      93.766        0.1        0.1      0.008         11.0053  1.055233      1.000000
    289   1      2   5   0     4  0.203772  0.508708      93.919      139.3      153.1      2.953      12744.8896  1.053919      1.000000
    290   1      2   3   5     4  0.204254  0.508807      94.037        0.4        0.4      0.007         36.6117  1.052908      1.000000
    291   1     -7   1   4     4  0.204468  0.508851      94.089       46.4       51.3      0.868       4245.2832  1.052463      1.000000
    292   1     -2   1   7     4  0.204701  0.508899      94.146       11.3       12.7      0.211       1032.7354  1.051980      1.000000
    293   1      6   1   3     4  0.204782  0.508916      94.165        4.2        4.8      0.080        388.3513  1.051811      1.000000
    294   1     -2   5   1     4  0.204860  0.508932      94.184       17.4       19.6      0.332       1594.5735  1.051649      1.000000
    295   1     -1   1   7     4  0.205748  0.509113      94.399        0.0        0.0      0.001          2.4245  1.049821      1.000000
    296   1     -6   3   3     4  0.205839  0.509132      94.421        4.5        4.9      0.128        414.7890  1.049634      1.000000
    297   1      0   5   2     4  0.206795  0.509326      94.652       86.7       92.3      1.147       7957.5698  1.047687      1.000000
    298   1      3   4   3     4  0.206907  0.509349      94.679        3.8        4.1      0.048        353.4283  1.047459      1.000000
    299   1      7   2   0     4  0.206963  0.509360      94.692      134.7      142.1      1.684      12372.3584  1.047345      1.000000
    300   1     -1   5   2     4  0.207137  0.509395      94.734       44.5       45.8      0.595       4088.5254  1.046995      1.000000

   No.  Code     H   K   L  Mult      Hw      ETA/M    2theta/TOF     Icalc       Iobs      Sigma     StrFactor^2    d-hkl       CORR

    301   1     -5   4   1     4  0.207709  0.509511      94.871        0.5        0.5      0.009         44.0602  1.045844      1.000000
    302   1      4   4   2     4  0.210055  0.509982      95.428        3.9        7.1      0.674        357.8441  1.041205      1.000000
    303   1     -7   2   3     4  0.210699  0.510110      95.580        2.6        3.4      0.519        237.9333  1.039953      1.000000
    304   1     -3   1   7     4  0.212744  0.510514      96.059        0.7        0.7      0.056         67.7978  1.036038      1.000000
    305   1      5   4   0     4  0.212957  0.510555      96.108       20.7       19.6      1.185       1906.8772  1.035636      1.000000
    306   1     -5   4   2     4  0.213219  0.510607      96.169       15.8       14.9      0.764       1458.0234  1.035141      1.000000
    307   1      2   5   1     4  0.213298  0.510622      96.187       13.5       12.6      0.649       1244.1989  1.034993      1.000000
    308   1      6   3   1     4  0.213798  0.510720      96.303        2.1        1.8      0.116        193.7755  1.034056      1.000000
    309   1     -1   3   6     4  0.215575  0.511066      96.712      105.8       98.8      1.190       9773.4766  1.030763      1.000000
    310   1      1   5   2     4  0.215688  0.511087      96.738      201.5      188.6      2.101      18622.6484  1.030556      1.000000
    311   1      0   1   7     4  0.216055  0.511158      96.822        1.7        1.6      0.017        160.2406  1.029886      1.000000
    312   1      3   0   6     2  0.216097  0.511166      96.832        0.0        0.0      0.000          0.8152  1.029809      1.000000
    313   1     -2   3   6     4  0.216657  0.511274      96.960       21.7       19.5      0.205       2006.8340  1.028791      1.000000
    314   1     -2   5   2     4  0.216771  0.511296      96.986      157.0      142.0      1.470      14519.2559  1.028584      1.000000
    315   1     -6   2   5     4  0.217986  0.511529      97.262        1.6        1.5      0.029        151.9214  1.026401      1.000000
    316   1      2   2   6     4  0.219277  0.511775      97.553      115.2      121.5      1.523      10656.4248  1.024111      1.000000
    317   1      2   4   4     4  0.219636  0.511843      97.634      132.7      141.1      1.752      12277.1270  1.023480      1.000000
    318   1      7   0   2     2  0.219638  0.511844      97.634        2.5        2.7      0.034        469.3246  1.023476      1.000000
    319   1     -4   4   4     4  0.224109  0.512681      98.626      134.6      140.0      1.340      12498.0059  1.015820      1.000000
    320   1      0   3   6     4  0.224183  0.512695      98.643      136.9      142.9      1.295      12714.6855  1.015696      1.000000
    321   1      4   3   4     4  0.224229  0.512703      98.653      121.3      126.7      1.124      11270.6064  1.015620      1.000000
    322   1     -8   0   2     2  0.225248  0.512891      98.875       11.0       11.3      0.102       2046.8934  1.013928      1.000000
    323   1      5   2   4     4  0.225749  0.512983      98.985      145.4      156.8      1.033      13573.6611  1.013101      1.000000
    324   1      5   3   3     4  0.225998  0.513029      99.039        2.0        2.1      0.013        182.8386  1.012693      1.000000
    325   1     -6   0   6     2  0.226116  0.513051      99.064       21.1       22.6      0.138       3937.1860  1.012500      1.000000
    326   1     -3   5   1     4  0.226355  0.513094      99.116        1.4        1.5      0.009        132.8396  1.012109      1.000000
    327   1      3   1   6     4  0.226419  0.513106      99.130      218.7      229.6      1.430      20469.6816  1.012004      1.000000
    328   1     -5   3   5     4  0.227131  0.513236      99.284        0.1        0.1      0.000          5.4822  1.010847      1.000000
    329   1     -1   4   5     4  0.227147  0.513239      99.288        9.6        9.3      0.059        904.9464  1.010821      1.000000
    330   1     -5   2   6     4  0.227164  0.513242      99.291      162.0      156.3      0.990      15234.5781  1.010793      1.000000
    331   1      3   5   0     4  0.227452  0.513295      99.353        2.8        2.7      0.018        265.9949  1.010329      1.000000
    332   1     -3   3   6     4  0.227616  0.513324      99.389      194.8      192.1      1.271      18388.8457  1.010065      1.000000
    333   1      7   2   1     4  0.228051  0.513404      99.482        0.4        0.4      0.003         34.6289  1.009365      1.000000
    334   1      5   4   1     4  0.230006  0.513757      99.901        0.2        0.2      0.002         20.3420  1.006262      1.000000
    335   1      7   1   2     4  0.230178  0.513788      99.937      117.6      125.5      1.473      14333.6279  1.005991      1.000000

     -----------------------------------------------------
     BRAGG R-Factors and weight fractions for Pattern #  1
     -----------------------------------------------------

 => Phase:  1      #(C) 2021 by FIZ Karlsruhe - Leibniz Institute for Information Infrastructure.  All rights reserved.
 => Bragg R-factor:   5.91       Vol:  326.002( 0.006)  Fract(%):  100.00( 0.24)
 => Rf-factor=  4.92             ATZ:        1095.733   Brindley:  1.0000

     -----------------------------------------------------------------
      SYMBOLIC NAMES AND FINAL VALUES AND SIGMA OF REFINED PARAMETERS:
     -----------------------------------------------------------------

      ->  Parameter number    1 :                                          Zero_pat1   -0.22589555E-01( +/-    0.51898463E-03 )
      ->  Parameter number    2 :                                     Scale_ph1_pat1    0.20244780E-02( +/-    0.34506124E-05 )
      ->  Parameter number    3 :                                    Cell_A_ph1_pat1     8.1250534    ( +/-    0.86278051E-04 )
      ->  Parameter number    4 :                                    Cell_B_ph1_pat1     5.4658422    ( +/-    0.60007456E-04 )
      ->  Parameter number    5 :                                    Cell_C_ph1_pat1     7.5142045    ( +/-    0.77243101E-04 )
      ->  Parameter number    6 :                                    Cell_E_ph1_pat1     102.33710    ( +/-    0.62261580E-03 )
      ->  Parameter number    7 :                                    U-Cagl_ph1_pat1    0.56615688E-01( +/-    0.14630746E-02 )
      ->  Parameter number    8 :                                    W-Cagl_ph1_pat1    0.11084792E-01( +/-    0.18385159E-03 )
      ->  Parameter number    9 :                                    V-Cagl_ph1_pat1   -0.32203328E-01( +/-    0.10466778E-02 )
      ->  Parameter number   10 :                                     EtaPV_ph1_pat1    0.42943493    ( +/-    0.11415803E-01 )
      ->  Parameter number   11 :                                     X-tan_ph1_pat1    0.84405509E-03( +/-    0.33402949E-03 )
      ->  Parameter number   12 :                                     Asym1_ph1_pat1    0.29592333E-01( +/-    0.28206357E-02 )
      ->  Parameter number   13 :                                     Asym2_ph1_pat1    0.60707531E-02( +/-    0.69326820E-03 )
      ->  Parameter number   14 :                                          X_Na1_ph1    0.38081434    ( +/-    0.59684674E-03 )
      ->  Parameter number   15 :                                          Y_Na1_ph1    0.78605789    ( +/-    0.14405693E-02 )
      ->  Parameter number   16 :                                          Z_Na1_ph1    0.10467557    ( +/-    0.72103110E-03 )
      ->  Parameter number   17 :                                          X_Ta1_ph1    0.15940779    ( +/-    0.96258482E-04 )
      ->  Parameter number   18 :                                          Y_Ta1_ph1    0.25818858    ( +/-    0.37363119E-03 )
      ->  Parameter number   19 :                                          Z_Ta1_ph1    0.29677171    ( +/-    0.12198982E-03 )
      ->  Parameter number   20 :                                           X_O1_ph1    0.21456577    ( +/-    0.10374350E-02 )
      ->  Parameter number   21 :                                           Y_O1_ph1    0.15505922    ( +/-    0.13004682E-02 )
      ->  Parameter number   22 :                                           Z_O1_ph1    0.50849535E-01( +/-    0.14351665E-02 )
      ->  Parameter number   23 :                                           X_O2_ph1    0.59976213E-01( +/-    0.11966599E-02 )
      ->  Parameter number   24 :                                           Y_O2_ph1    0.54912245    ( +/-    0.17553656E-02 )
      ->  Parameter number   25 :                                           Z_O2_ph1    0.22344893    ( +/-    0.15362783E-02 )
      ->  Parameter number   26 :                                           X_F1_ph1    0.37930384    ( +/-    0.11808374E-02 )
      ->  Parameter number   27 :                                           Y_F1_ph1    0.47484070    ( +/-    0.16681445E-02 )
      ->  Parameter number   28 :                                           Z_F1_ph1    0.30727142    ( +/-    0.14305852E-02 )
      ->  Parameter number   29 :                                           X_F2_ph1    0.34395650    ( +/-    0.10728735E-02 )
      ->  Parameter number   30 :                                           Y_F2_ph1    0.99111569    ( +/-    0.15659709E-02 )
      ->  Parameter number   31 :                                           Z_F2_ph1    0.37899849    ( +/-    0.12916316E-02 )

 ------------------------------------------------------------------
 => Number of bytes for floating point variables: 4
 => Dimensions of dynamic allocated arrays in this run of FullProf:
 ------------------------------------------------------------------

 => Total approximate array memory (dynamic + static): 128536585 bytes

    MaxPOINT=    60000 Max.num. of points(+int. Inten.)/diffraction pattern       
    MaxREFLT=    20000 Max.num. of reflections/diffraction pattern               
    MaxPARAM=      300 Max.num. of refinable parameters                          
    MaxOVERL=    18096 Max.num. of overlapping reflections                       

 ----------------------------------------------------------
 => Number of bytes for floating point arrays: 4
 => Dimensions of fixed arrays in this release of FullProf:
 ----------------------------------------------------------

    NPATT   =       80 Max.num. of powder diffraction patterns                    
    NATS    =      830 Max.num. of atoms (all kind) in asymmetric unit            
    MPAR    =     1800 Max.num. of non atomic parameters/phase                    
    IEXCL   =       30 Max.num. of excluded regions                               
    IBACP   =      377 Max.num. of background points for interpolation            
    NPHT    =       16 Max.num. of phases                                         
    NMAGM   =        8 Max.num. of rotation-matrices sets for magnetic structure  
    NBASIS  =       12 Max.num. of basis functions associated to a single atom    
    NIREPS  =        9 Max.num. of irreducible representations to be combined     
    N_EQ    =      384 Max.num. of user-supplied symmetry operators/propagation vectors
    NGL     =      400 Max.num. of global parameters/diffraction pattern          
    N_LINC  =       50 Max.num. of global linear restraints                        
    NAT_P   =       80 Max.num. of atomic parameters per atom                     
    NCONST  =      500 Max.num. of slack constraints per phase                    
    N_SPE   =       30 Max.num. of different chemical species                     
    N_FORM  =       60 Max.num. of scattering factor values in a table            
    NPR     =      150 Max.num. of points defining a numerical profile            
    INPR    =       25 Max.num. of different numerical peak shapes                
    NPRC    =      150 Max.num. of terms in the table for correcting intensities  
    NSOL    =       10 Max.num. of solutions to be stored in Montecarlo searchs   

 
              CPU Time:     1.039 seconds
                            0.017 minutes

 => Run finished at:     Date: 07/02/2023  Time: 11:44:45.761                              
