

        **********************************************************
        ** PROGRAM FullProf.2k (Version 7.30 - Mar2020-ILL JRC) **
        **********************************************************
                       M U L T I -- P A T T E R N                 
            Rietveld, Profile Matching & Integrated Intensity     
                 Refinement of X-ray and/or Neutron Data


    Date: 07/02/2023  Time: 12:07:32.613                              

 => PCR file code: NaTaO2F2
 => DAT file code: NaTaO2F2.dat         -> Relative contribution: 1.0000                                                            

 ==> CONDITIONS OF THIS RUN FOR PATTERN No.:  1

 => Global Refinement of X-ray powder diffraction data                                                                              
 => Global Refinement of X-ray powder diffraction data                                                                              
    Bragg-Brentano(X-rays) or Debye-Scherrer geometry(Neutrons)
 => Title:  #(C) 2021 by FIZ Karlsruhe - Leibniz Institute for Information Infrastructure.  All rights reserved.

 => Number of phases:    1
 => Number of excluded regions:    0
 => Number of scattering factors supplied:    0
 => Conventional weights: w=1.0/Variance(yobs)
 => Asymmetry correction as in J.Appl.Cryst. 26,128(1993)
 => Background linearly interpolated between the   23 points given
 => The    5th default profile function was selected
 => Pseudo-Voigt function (ETA variable)
                 X-parameter correspond to: ETA=ETA0+X*2theta
                       pV(x)= ETA*L(x)+(1-ETA)*G(x)

 ==> INPUT/OUTPUT OPTIONS:

 => Generate file *.PRF for plot
 => Output Integrated Intensities
 => Generate new input file *.PCR

 => X-Y type of data: 2theta/TOF/E(Kev) Intens sigma for pattern:  1
 => Plot pattern at each cycle
 => Wavelengths:  1.54056 1.54439
 => Alpha2/Alpha1 ratio:   0.5000
 => Cos(Monochromator angle)=   0.9100
 => Asymmetry correction for angles lower than   90.000 degrees
 => Absorption correction (AC), muR-eff =   0.0000  0.0000
 => Base of peaks: 2.0*HW*    8.00

 => Number of cycles:   33
 => Relaxation factors ==>    for coordinates:  1.00
 => for anisotropic temperature factors:  1.00
 => for halfwidth/strain/size parameters:  1.00
 => for lattice constants and propagation vectors:  1.00
 => EPS-value for convergence:    0.1
 => Background ==> 
    Position   Intensity
       10.35     6187.72        0.00
       12.56     5541.01        0.00
       13.56     5255.62        0.00
       15.47     4864.08        0.00
       18.29     4282.59        0.00
       21.24     3865.95        0.00
       25.68     3568.66        0.00
       30.60     3231.65        0.00
       35.58     2956.99        0.00
       38.49     2754.72        0.00
       42.39     2665.78        0.00
       45.24     2725.24        0.00
       54.08     2785.01        0.00
       62.66     2566.73        0.00
       66.11     2401.05        0.00
       75.21     2449.85        0.00
       77.89     2339.73        0.00
       81.49     2417.82        0.00
       86.01     2336.29        0.00
       89.58     2359.70        0.00

       93.46     2327.31        0.00
       95.76     2308.79        0.00
       98.10     2336.88        0.00

 
 => Number of Least-Squares parameters varied:    31

 =>--------------------------->
 =>------->  PATTERN number:  1
 =>--------------------------->
 => Global parameters and codes ==>
 => Zero-point:    -0.0133   11.0000
 => Displacement peak-shift parameter and code:     0.00    0.00
 => Transparency peak-shift parameter and code:     0.00    0.00

 => Reading Intensity data  =>>

 -> No recognizable heading in input data file X,Y,sigma
    First 6 lines are considered as COMMENTS (except for TSAMP keyword)
 -> COMMENT: 10.0116	6604.0000                                                                                                                   
 -> COMMENT: 10.0247	6518.0000                                                                                                                   
 -> COMMENT: 10.0379	6687.0000                                                                                                                   
 -> COMMENT: 10.0510	6544.0000                                                                                                                   
 -> COMMENT: 10.0641	6523.0000                                                                                                                   
 -> COMMENT: 10.0772	6442.0000                                                                                                                   
 ==> Angular range, step and number of points:
     2Thmin:      10.090400  2Thmax:      99.993401  Step:       0.013132  No. of points:   6848
 --------------------------------------------------------------------------------
 => Phase  No. 1
       #(C) 2021 by FIZ Karlsruhe - Leibniz Institute for Information Infras
 --------------------------------------------------------------------------------
 =>-------> Pattern#  1
 => Crystal Structure Refinement
 => Preferred orientation vector:   0.0000  0.0000  1.0000

 =>-------> Data for PHASE: 1
 => Number of atoms:    6
 => Number of distance  constraints:    0
 => Number of angle     constraints:    0

 => Symmetry information on space group: P 1 21/c 1          
 -> The multiplicity of the general position is:   4
 -> The space group is Centric (-1 at origin)   
 -> Lattice type  P: { 000 }                                       
 -> Reduced set of symmetry operators:

  No.  IT   Symmetry symbol    Rotation part     Associated Translation
   1: ( 1)   1            -->     ( x, y, z) + {  0.0000  0.0000  0.0000}
   2: ( 3)   2 ( 0, y, 0) -->     (-x, y,-z) + {  0.0000  0.5000  0.5000}


        Information on Space Group: 
        --------------------------- 

 =>   Number of Space group:  14
 =>  Hermann-Mauguin Symbol: P 1 21/c 1
 =>             Hall Symbol: -P 2ybc
 =>    Table Setting Choice: b1
 =>            Setting Type: IT (Generated from Hermann-Mauguin symbol)
 =>          Crystal System: Monoclinic
 =>              Laue Class: 2/m
 =>             Point Group: 2/m
 =>         Bravais Lattice: P
 =>          Lattice Symbol: mP
 =>  Reduced Number of S.O.:   2
 =>    General multiplicity:   4
 =>          Centrosymmetry: Centric (-1 at origin)
 =>  Generators (exc. -1&L):   1
 =>         Asymmetric unit:  0.000 <= x <=  1.000
                              0.000 <= y <=  0.250
                              0.000 <= z <=  1.000

 => List of S.O. without inversion and lattice centring translations
 => SYMM(  1): x,y,z                               => SYMM(  2): -x,y+1/2,-z+1/2


 => Initial parameters ==>
 Atom    Ntyp                  X         Y         Z         B         occ.         in  fin  Spc  Mult
                             B11       B22       B33       B12       B13       B23
 Na1    Na                 0.38111   0.78818   0.10542   1.11627   1.00000           0    0    0    4
                 Codes:  141.00000 151.00000 161.00000   0.00000   0.00000
 Ta1    Ta                 0.15950   0.25752   0.29664   0.47176   1.00000           0    0    0    4
                 Codes:  171.00000 181.00000 191.00000   0.00000   0.00000
 O1     O                  0.21525   0.15561   0.04843   0.58064   1.00000           0    0    0    4
                 Codes:  201.00000 211.00000 221.00000   0.00000   0.00000
 O2     O                  0.05696   0.54119   0.22303   0.58064   1.00000           0    0    0    4
                 Codes:  231.00000 241.00000 251.00000   0.00000   0.00000
 F1     F                  0.37972   0.47120   0.30603   1.12063   1.00000           0    0    0    4
                 Codes:  261.00000 271.00000 281.00000   0.00000   0.00000
 F2     F                  0.34284   0.98805   0.37759   1.12063   1.00000           0    0    0    4
                 Codes:  291.00000 301.00000 311.00000   0.00000   0.00000

 => IT IS ASSUMED THAT THE FIRST GIVEN SITE IS FULLY OCCUPIED 
    OR THE FIRST AND SECOND ATOMS ARE IN THE SAME SITE WITH TOTAL FULL OCCUPATION
  (If this is not the case, change the order of atoms to obtain correct values for the content of the unit cell)
    The given occupation factors have been obtained mutiplying m/M by   1.0000
      -> Atom: Na  ,  Chemical element: NA  Atomic Mass:    22.9898
      -> Atom: Ta  ,  Chemical element: TA  Atomic Mass:   180.9479
      -> Atom: O   ,  Chemical element: O   Atomic Mass:    15.9994
      -> Atom: O   ,  Chemical element: O   Atomic Mass:    15.9994
      -> Atom: F   ,  Chemical element: F   Atomic Mass:    18.9984
      -> Atom: F   ,  Chemical element: F   Atomic Mass:    18.9984
 => The given value of ATZ is       1095.73 the program has calculated:        1095.73
    The value of ATZ given in the input PCR file will be used for quantitative analysis
 => The chemical content of the unit cell is: 
       4.0000 Na   +   4.0000 Ta   +   4.0000 O    +   4.0000 O    +   4.0000 F    +   4.0000 F      
 => The normalized site occupation numbers in % are: 
     100.0000 Na1    :      100.0000 Ta1    :      100.0000 O1     :      100.0000 O2     :      100.0000 F1     :      100.0000 F2       
 => The density (volumic mass) of the compound is:    5.564 g/cm3

 =>-------> PROFILE PARAMETERS FOR PATTERN:  1

 => Overall scale factor:   0.203260E-02
 => ETA (p-Voigt) OR M (Pearson VII):   0.3875
 => Overall temperature factor:      0.00000
 => Halfwidth U,V,W:      0.05952    -0.03459     0.01166
 => X and Y parameters:       0.0022      0.0000
 => Direct cell parameters:    8.1335   5.4740   7.5201  90.0000 102.3927  90.0000
 => Preferred orientation parameters:   0.0000  0.0000
 => Asymmetry parameters     :      0.03687     0.00347     0.00000     0.00000
 => Strain parameters        :      0.00000     0.00000     0.00000
 => Size   parameters        :      0.00000     0.00000

 ==> CODEWORDS FOR PROFILE PARAMETERS of PATTERN#  1

 => Overall scale factor:   21.000
 => ETA (p-Voigt) OR M (Pearson VII):  101.000
 => Overall temperature factor:    0.000
 => Halfwidth U,V,W:   71.000  91.000  81.000
 => X and Y parameters:  111.000   0.000
 => Direct cell parameters:   31.000  41.000  51.000   0.000  61.000   0.000
 => Preferred orientation parameters:    0.000   0.000
 => Asymmetry parameters     :  121.000 131.000   0.000   0.000
 => Strain parameters        :    0.000   0.000   0.000
 => Size   parameters        :    0.000   0.000

 => Cell constraints according to Laue symmetry: 2/m  

        Metric information:
        -------------------

 => Direct cell parameters:

         a =       8.1335      b =       5.4740      c =       7.5201
     alpha =       90.000   beta =      102.393  gamma =       90.000
                        Direct Cell Volume =     327.0116

 => Reciprocal cell parameters:

         a*=     0.125882      b*=     0.182682      c*=     0.136150
     alpha*=       90.000   beta*=       77.607  gamma*=       90.000
                    Reciprocal Cell Volume =   0.00305800

 => Direct and Reciprocal Metric Tensors:

                   GD                                       GR
     66.1536      0.0000    -13.1265          0.015846    0.000000    0.003678
      0.0000     29.9646      0.0000          0.000000    0.033373    0.000000
    -13.1265      0.0000     56.5513          0.003678    0.000000    0.018537

 =>  Cartesian frame: z // c; y is in the bc-plane; x is y ^ z = a*  

     Crystal_to_Orthonormal_Matrix              Orthonormal_to_Crystal Matrix
              Cr_Orth_cel                               Orth_Cr_cel  
      8.1335      0.0000     -1.6139          0.122949   -0.000000    0.027015
      0.0000      5.4740      0.0000          0.000000    0.182682   -0.000000
      0.0000      0.0000      7.3448          0.000000    0.000000    0.136150

     Busing-Levy B-matrix: Hc=B.H            Inverse of the Busing-Levy B-matrix
                BL_M                                      BL_Minv  
    0.125882    0.000000    0.029219            7.9440     -0.0000     -1.7455
    0.000000    0.182682   -0.000000            0.0000      5.4740      0.0000
    0.000000    0.000000    0.132978            0.0000      0.0000      7.5201

 => Laue symmetry 2/m   will be used to generate HKL for pattern#   1
 => Reflections generated between S(1/d)min:  0.1139 A-1 and S(1/d)max:  1.0104 A-1
 =>                                    dmax:  8.7808 A   and      dmin:  0.9898 A
 => The number of reflections generated is:    358
 => The max. scatt. variable (gen.ref.) is:       102.2024
 => Scattering coefficients from internal table


 => X-ray scattering coeff. (A1, B1, A2,...C, f(0), Z, Dfp,Dfpp)

 NA      4.7626   3.2850   3.1736   8.8422   1.2674   0.3136   1.1128 129.4240   0.6760  10.9924  11.0000   0.1290   0.1240
 TA     29.2024   1.7733  15.2293   9.3705  14.5135   0.2960   4.7649  63.3644   9.2435  72.9537  73.0000  -6.3510   5.2710
 O       3.0485  13.2771   2.2868   5.7011   1.5463   0.3239   0.8670  32.9089   0.2508   7.9994   8.0000   0.0470   0.0320
 F       3.5392  10.2825   2.6412   4.2944   1.5170   0.2615   1.0243  26.1476   0.2776   8.9993   9.0000   0.0690   0.0530

     --------------------------------------------------------------
      SYMBOLIC NAMES AND INITIAL VALUES OF PARAMETERS TO BE VARIED:
     --------------------------------------------------------------

      ->  Parameter number    1   -> Symbolic Name:                                          Zero_pat1   -0.13310000E-01
      ->  Parameter number    2   -> Symbolic Name:                                     Scale_ph1_pat1    0.20326001E-02
      ->  Parameter number    3   -> Symbolic Name:                                    Cell_A_ph1_pat1     8.1334867    
      ->  Parameter number    4   -> Symbolic Name:                                    Cell_B_ph1_pat1     5.4739890    
      ->  Parameter number    5   -> Symbolic Name:                                    Cell_C_ph1_pat1     7.5200620    
      ->  Parameter number    6   -> Symbolic Name:                                    Cell_E_ph1_pat1     102.39266    
      ->  Parameter number    7   -> Symbolic Name:                                    U-Cagl_ph1_pat1    0.59519999E-01
      ->  Parameter number    8   -> Symbolic Name:                                    W-Cagl_ph1_pat1    0.11659000E-01
      ->  Parameter number    9   -> Symbolic Name:                                    V-Cagl_ph1_pat1   -0.34588002E-01
      ->  Parameter number   10   -> Symbolic Name:                                     EtaPV_ph1_pat1    0.38745999    
      ->  Parameter number   11   -> Symbolic Name:                                     X-tan_ph1_pat1    0.21589999E-02
      ->  Parameter number   12   -> Symbolic Name:                                     Asym1_ph1_pat1    0.36869999E-01
      ->  Parameter number   13   -> Symbolic Name:                                     Asym2_ph1_pat1    0.34700001E-02
      ->  Parameter number   14   -> Symbolic Name:                                          X_Na1_ph1    0.38111001    
      ->  Parameter number   15   -> Symbolic Name:                                          Y_Na1_ph1    0.78817999    
      ->  Parameter number   16   -> Symbolic Name:                                          Z_Na1_ph1    0.10542000    
      ->  Parameter number   17   -> Symbolic Name:                                          X_Ta1_ph1    0.15950000    
      ->  Parameter number   18   -> Symbolic Name:                                          Y_Ta1_ph1    0.25751999    
      ->  Parameter number   19   -> Symbolic Name:                                          Z_Ta1_ph1    0.29664001    
      ->  Parameter number   20   -> Symbolic Name:                                           X_O1_ph1    0.21525000    
      ->  Parameter number   21   -> Symbolic Name:                                           Y_O1_ph1    0.15561000    
      ->  Parameter number   22   -> Symbolic Name:                                           Z_O1_ph1    0.48430000E-01
      ->  Parameter number   23   -> Symbolic Name:                                           X_O2_ph1    0.56960002E-01
      ->  Parameter number   24   -> Symbolic Name:                                           Y_O2_ph1    0.54119003    
      ->  Parameter number   25   -> Symbolic Name:                                           Z_O2_ph1    0.22303000    
      ->  Parameter number   26   -> Symbolic Name:                                           X_F1_ph1    0.37972000    
      ->  Parameter number   27   -> Symbolic Name:                                           Y_F1_ph1    0.47119999    
      ->  Parameter number   28   -> Symbolic Name:                                           Z_F1_ph1    0.30603001    
      ->  Parameter number   29   -> Symbolic Name:                                           X_F2_ph1    0.34283999    
      ->  Parameter number   30   -> Symbolic Name:                                           Y_F2_ph1    0.98804998    
      ->  Parameter number   31   -> Symbolic Name:                                           Z_F2_ph1    0.37759000    
  
 
 => No optimization for routine tasks
 ++++++++++++++++++++++++++++++++++++++++++++++++++++++++++++++++++++++++++++++++++++++++++++++++++++++++++++++++++++++++

 => CYCLE No.:    1
 ---------------------------------------------------------------------------------------
 => Phase  1 Name:  #(C) 2021 by FIZ Karlsruhe - Leibniz Institute for Information Infras
 ---------------------------------------------------------------------------------------
 => New parameters, shifts, and standard deviations

 Atom        x       dx      sx       y       dy      sy       z       dz      sz       B       dB      sB      occ.    docc.   socc.

 Na1      0.38111-0.00000 0.00058  0.78818 0.00000 0.00135  0.10542 0.00000 0.00071  1.11627 0.00000 0.00000  1.00000 0.00000 0.00000
 Ta1      0.15950-0.00000 0.00009  0.25752-0.00000 0.00038  0.29664 0.00000 0.00012  0.47176 0.00000 0.00000  1.00000 0.00000 0.00000
 O1       0.21525-0.00000 0.00101  0.15561-0.00000 0.00127  0.04842-0.00001 0.00139  0.58064 0.00000 0.00000  1.00000 0.00000 0.00000
 O2       0.05696-0.00000 0.00118  0.54115-0.00004 0.00178  0.22303-0.00000 0.00154  0.58064 0.00000 0.00000  1.00000 0.00000 0.00000
 F1       0.37972-0.00000 0.00116  0.47116-0.00004 0.00161  0.30604 0.00001 0.00141  1.12063 0.00000 0.00000  1.00000 0.00000 0.00000
 F2       0.34283-0.00001 0.00104  0.98803-0.00002 0.00150  0.37758-0.00001 0.00128  1.12063 0.00000 0.00000  1.00000 0.00000 0.00000

 ==> PROFILE PARAMETERS FOR PATTERN#  1

 => Overall scale factor:      0.002032561    -0.000000039     0.000003417
 => Eta(p-Voigt) or m(Pearson VII):   0.387434 -0.000026  0.011064
 => Overall tem. factor:     0.000000    0.000000    0.000000
 => Halfwidth parameters: 
         0.059515   -0.000005    0.001510
        -0.034583    0.000005    0.001064
         0.011658   -0.000001    0.000184
 => Cell parameters: 
        8.133486   -0.000001    0.000084
        5.473989    0.000000    0.000059
        7.520061   -0.000000    0.000076
       90.000000    0.000000    0.000000
      102.392662    0.000000    0.000619
       90.000000    0.000000    0.000000
 => Preferred orientation: 
         0.000000    0.000000    0.000000
         0.000000    0.000000    0.000000
 => Asymmetry parameters: 
         0.036846   -0.000024    0.002681
         0.003467   -0.000003    0.000679
         0.000000    0.000000    0.000000
         0.000000    0.000000    0.000000
 => X and Y parameters: 
         0.002158   -0.000001    0.000323
         0.000000    0.000000    0.000000
 => Strain parameters: 
         0.000000    0.000000    0.000000
         0.000000    0.000000    0.000000
         0.000000    0.000000    0.000000
 => Size   parameters (G,L): 
         0.000000    0.000000    0.000000
         0.000000    0.000000    0.000000

 ==> GLOBAL PARAMETERS FOR PATTERN#  1


 => Zero-point:    -0.0133   -0.0000    0.0005

 => Cos( theta)-shift parameter :   0.0000  0.0000  0.0000
 => Sin(2theta)-shift parameter :   0.0000  0.0000  0.0000

 ==> RELIABILITY FACTORS WITH ALL NON-EXCLUDED POINTS FOR PATTERN:  1

 => R-Factors:   3.58      5.02     Chi2:  11.3     DW-Stat.:  0.3453   Patt#:  1
 => Expected :            1.49                                1.9341
 => Deviance : 0.794E+05     Dev*:   11.65    
 => GoF-index:  3.4         Sqrt(Residual/N)
 => N-P+C:  6817

 =>    SumYdif       SumYobs      SumYcal      SumwYobsSQ     Residual    Condition
     0.1095E+07    0.3058E+08    0.3050E+08    0.3058E+08    0.7705E+05    0.7611E+10


 => Conventional Rietveld Rp,Rwp,Re and Chi2:   10.6      10.6      3.17      11.30    
 => (Values obtained using Ynet, but true sigma(y))
 =>  SumYnet, Sum(w Ynet**2):     0.1031E+08    0.6804E+07


 ==> RELIABILITY FACTORS FOR POINTS WITH BRAGG CONTRIBUTIONS FOR PATTERN:  1

 => R-Factors:   3.84      5.30     Chi2:  12.6     DW-Stat.:  0.3561   Patt#:
 => Expected :            1.49                                1.9300
 => Deviance : 0.771E+05     Dev*:   13.02    
 => GoF-index:  3.5         Sqrt(Residual/N)
 => N-P+C:  5916

 =>    SumYdif       SumYobs      SumYcal      SumwYobsSQ     Residual    Condition
     0.1023E+07    0.2664E+08    0.2659E+08    0.2664E+08    0.7473E+05    0.7611E+10


 => Conventional Rietveld Rp,Rwp,Re and Chi2:   9.95      10.5      2.95      12.63    
 => (Values obtained using Ynet, but true sigma(y))
 =>  SumYnet, Sum(w Ynet**2):     0.1028E+08    0.6801E+07


 => Global user-weigthed Chi2 (Bragg contrib.):   12.6    

 => ---------> Pattern#  1
 => Phase:  1
 =>    Bragg R-factor:  5.56    
 =>    RF-factor     :  4.46    


   Standard deviations have to be multiplied by: 3.1824
   (correlated residuals) See references:
  -J.F.Berar & P.Lelann, J. Appl. Cryst. 24, 1-5 (1991) 
  -J.F.Berar, Acc. in Pow. Diff. II,NIST Sp.Pub. 846, 63(1992) 

 ++++++++++++++++++++++++++++++++++++++++++++++++++++++++++++++++++++++++++++++++++++++++++++++++++++++++++++++++++++++++

 => CYCLE No.:    1
 =>  Convergence reached at this CYCLE !!!!
 =>  Parameter shifts set to zero
 ---------------------------------------------------------------------------------------
 => Phase  1 Name:  #(C) 2021 by FIZ Karlsruhe - Leibniz Institute for Information Infras
 ---------------------------------------------------------------------------------------
 => New parameters, shifts, and standard deviations

 Atom        x       dx      sx       y       dy      sy       z       dz      sz       B       dB      sB      occ.    docc.   socc.

 Na1      0.38111 0.00000 0.00058  0.78818 0.00000 0.00135  0.10542 0.00000 0.00071  1.11627 0.00000 0.00000  1.00000 0.00000 0.00000
 Ta1      0.15950 0.00000 0.00009  0.25752 0.00000 0.00038  0.29664 0.00000 0.00012  0.47176 0.00000 0.00000  1.00000 0.00000 0.00000
 O1       0.21525 0.00000 0.00101  0.15561 0.00000 0.00127  0.04842 0.00000 0.00139  0.58064 0.00000 0.00000  1.00000 0.00000 0.00000
 O2       0.05696 0.00000 0.00118  0.54115 0.00000 0.00178  0.22303 0.00000 0.00154  0.58064 0.00000 0.00000  1.00000 0.00000 0.00000
 F1       0.37972 0.00000 0.00116  0.47116 0.00000 0.00161  0.30604 0.00000 0.00141  1.12063 0.00000 0.00000  1.00000 0.00000 0.00000
 F2       0.34283 0.00000 0.00104  0.98803 0.00000 0.00150  0.37758 0.00000 0.00128  1.12063 0.00000 0.00000  1.00000 0.00000 0.00000

 ==> PROFILE PARAMETERS FOR PATTERN#  1

 => Overall scale factor:      0.002032561     0.000000000     0.000003417
 => Eta(p-Voigt) or m(Pearson VII):   0.387434  0.000000  0.011064
 => Overall tem. factor:     0.000000    0.000000    0.000000
 => Halfwidth parameters: 
         0.059515    0.000000    0.001510
        -0.034583    0.000000    0.001064
         0.011658    0.000000    0.000184
 => Cell parameters: 
        8.133486    0.000000    0.000084
        5.473989    0.000000    0.000059
        7.520061    0.000000    0.000076
       90.000000    0.000000    0.000000
      102.392662    0.000000    0.000619
       90.000000    0.000000    0.000000
 => Preferred orientation: 
         0.000000    0.000000    0.000000
         0.000000    0.000000    0.000000
 => Asymmetry parameters: 
         0.036846    0.000000    0.002681
         0.003467    0.000000    0.000679
         0.000000    0.000000    0.000000
         0.000000    0.000000    0.000000
 => X and Y parameters: 
         0.002158    0.000000    0.000323
         0.000000    0.000000    0.000000
 => Strain parameters: 
         0.000000    0.000000    0.000000
         0.000000    0.000000    0.000000
         0.000000    0.000000    0.000000
 => Size   parameters (G,L): 
         0.000000    0.000000    0.000000
         0.000000    0.000000    0.000000

 ==> GLOBAL PARAMETERS FOR PATTERN#  1


 => Zero-point:    -0.0133    0.0000    0.0005

 => Cos( theta)-shift parameter :   0.0000  0.0000  0.0000
 => Sin(2theta)-shift parameter :   0.0000  0.0000  0.0000

 ==> RELIABILITY FACTORS WITH ALL NON-EXCLUDED POINTS FOR PATTERN:  1

 => R-Factors:   3.58      5.02     Chi2:  11.3     DW-Stat.:  0.3453   Patt#:  1
 => Expected :            1.49                                1.9341
 => Deviance : 0.794E+05     Dev*:   11.65    
 => GoF-index:  3.4         Sqrt(Residual/N)
 => N-P+C:  6817

 =>    SumYdif       SumYobs      SumYcal      SumwYobsSQ     Residual    Condition
     0.1095E+07    0.3058E+08    0.3050E+08    0.3058E+08    0.7705E+05    0.7611E+10


 => Conventional Rietveld Rp,Rwp,Re and Chi2:   10.6      10.6      3.17      11.30    
 => (Values obtained using Ynet, but true sigma(y))
 =>  SumYnet, Sum(w Ynet**2):     0.1031E+08    0.6804E+07

 => N-sigma of the GoF:      601.478

 ==> RELIABILITY FACTORS FOR POINTS WITH BRAGG CONTRIBUTIONS FOR PATTERN:  1

 => R-Factors:   3.84      5.30     Chi2:  12.6     DW-Stat.:  0.3561   Patt#:
 => Expected :            1.49                                1.9300
 => Deviance : 0.771E+05     Dev*:   13.02    
 => GoF-index:  3.5         Sqrt(Residual/N)
 => N-P+C:  5916

 =>    SumYdif       SumYobs      SumYcal      SumwYobsSQ     Residual    Condition
     0.1023E+07    0.2664E+08    0.2659E+08    0.2664E+08    0.7473E+05    0.7611E+10


 => Conventional Rietveld Rp,Rwp,Re and Chi2:   9.95      10.5      2.95      12.63    
 => (Values obtained using Ynet, but true sigma(y))
 =>  SumYnet, Sum(w Ynet**2):     0.1028E+08    0.6801E+07

 => N-sigma of the GoF:      632.632

 => Global user-weigthed Chi2 (Bragg contrib.):   13.0    

 => ---------> Pattern#  1
 => Phase:  1
 =>    Bragg R-factor:  5.56    
 =>    RF-factor     :  4.46    

 --------------------------------------------------------------------------------------------------------------
 Pattern#  1 Phase No.:   1 Phase name:  #(C) 2021 by FIZ Karlsruhe - 
 --------------------------------------------------------------------------------------------------------------

   No.  Code     H   K   L  Mult      Hw      ETA/M    2theta/TOF     Icalc       Iobs      Sigma     StrFactor^2    d-hkl       CORR

      1   1      1   0   0     2  0.094097  0.411445      11.129     4010.5     3588.9      9.153      10004.6738  7.943975      1.000000
      2   1      1   1   0     4  0.086316  0.429892      19.679    10471.1    10287.4     11.354      41736.1719  4.507481      1.000000
      3   1      0   1   1     4  0.085934  0.431049      20.215       18.1       55.1      3.102         76.2980  4.389108      1.000000
      4   1     -1   1   1     4  0.084870  0.434521      21.825       27.5       45.6      4.480        135.6257  4.068962      1.000000
      5   1      2   0   0     2  0.084543  0.435685      22.364     1234.2     1308.3      5.966      12819.9092  3.971987      1.000000
      6   1      0   0   2     2  0.083536  0.439678      24.215     3779.3     3706.9      7.170      46331.8008  3.672421      1.000000
      7   1      1   1   1     4  0.083458  0.440022      24.375       22.8       23.0      0.044        141.8366  3.648759      1.000000
      8   1     -1   0   2     2  0.083444  0.440082      24.402     4013.7     3959.5      6.620      50013.9531  3.644667      1.000000
      9   1      2   1   0     4  0.082147  0.447253      27.726     7419.3     7548.5     10.025      60457.7695  3.214829      1.000000
     10   1     -2   1   1     4  0.081993  0.448448      28.280       89.0       66.7      2.080        756.4930  3.153121      1.000000
     11   1      1   0   2     2  0.081851  0.449713      28.866        2.9        4.2      0.262         51.9461  3.090396      1.000000
     12   1      0   1   2     4  0.081768  0.450563      29.260     2496.2     2701.8      6.434      22804.9297  3.049688      1.000000
     13   1     -2   0   2     2  0.081752  0.450739      29.342      131.4      140.7      0.337       2414.1489  3.041401      1.000000
     14   1     -1   1   2     4  0.081737  0.450902      29.417     1265.4     1366.8      3.812      11693.2852  3.033738      1.000000
     15   1      2   1   1     4  0.081451  0.457014      32.250       14.0        0.0      3.554        158.0116  2.773428      1.000000
     16   1      0   2   0     2  0.081453  0.457966      32.691     1531.7     1537.3      5.566      35475.9844  2.736995      1.000000
     17   1      1   1   2     4  0.081474  0.459203      33.265     2945.2     2974.5      6.204      35407.1797  2.691141      1.000000
     18   1     -2   1   2     4  0.081504  0.460107      33.684     2696.9     2738.1      5.745      33309.9414  2.658602      1.000000
     19   1      3   0   0     2  0.081516  0.460407      33.823     1010.5     1085.3      2.861      25178.7637  2.647992      1.000000
     20   1      1   2   0     4  0.081615  0.462160      34.635      964.2      988.3      4.593      12645.9209  2.587712      1.000000
     21   1      0   2   1     4  0.081666  0.462852      34.956       40.8       41.2      2.232        546.2343  2.564711      1.000000
     22   1     -1   2   1     4  0.081868  0.464999      35.951        2.5        0.7      3.011         35.8103  2.495965      1.000000
     23   1      2   0   2     2  0.082063  0.466593      36.690      596.1      615.0      4.858      17724.9668  2.447358      1.000000
     24   1     -3   1   1     4  0.082255  0.467934      37.311      186.8      178.2      1.100       2881.8103  2.408023      1.000000
     25   1     -3   0   2     2  0.082261  0.467975      37.330      620.4      589.6      3.086      19158.8965  2.406846      1.000000
     26   1      1   2   1     4  0.082361  0.468603      37.621       80.1       68.4      2.212       1258.5337  2.388886      1.000000
     27   1      3   1   0     4  0.082391  0.468785      37.706        8.3        6.6      0.419        130.4209  2.383736      1.000000
     28   1     -1   1   3     4  0.083225  0.473008      39.663      225.3      222.4      4.146       3972.9438  2.270493      1.000000
     29   1      2   2   0     4  0.083381  0.473671      39.971      542.3      518.2      3.272       9726.1484  2.253741      1.000000
     30   1      0   1   3     4  0.083566  0.474428      40.322        0.2        0.2      0.001          3.0231  2.234928      1.000000
     31   1      2   1   2     4  0.083573  0.474457      40.335      586.9      678.7      3.482      10739.0811  2.234226      1.000000
     32   1     -2   2   1     4  0.083594  0.474540      40.374        5.1        5.7      0.032         92.8712  2.232166      1.000000
     33   1     -3   1   2     4  0.083906  0.475733      40.927      873.7      882.7      3.788      16511.5312  2.203276      1.000000
     34   1      0   2   2     4  0.084006  0.476100      41.097      863.0      879.5      2.941      16458.5859  2.194554      1.000000
     35   1     -1   2   2     4  0.084076  0.476353      41.214     1038.5      967.3      3.220      19929.1953  2.188588      1.000000
     36   1      3   1   1     4  0.084581  0.478081      42.014        7.3        4.3      1.871        145.9275  2.148705      1.000000
     37   1     -2   1   3     4  0.084774  0.478705      42.304       13.8        6.4      2.459        280.7190  2.134673      1.000000
     38   1      2   2   1     4  0.085538  0.481008      43.371       39.1       64.7      3.888        840.1551  2.084577      1.000000
     39   1      1   1   3     4  0.086152  0.482703      44.157       43.3       41.9      1.117        969.5519  2.049287      1.000000
     40   1      1   2   2     4  0.086158  0.482720      44.165       85.0       83.3      2.055       1901.6658  2.048952      1.000000
     41   1     -2   2   2     4  0.086429  0.483434      44.496      305.9      299.7      3.328       6957.3701  2.034481      1.000000
     42   1      4   0   0     2  0.087428  0.485908      45.642      683.0      766.9      4.945      32886.9258  1.985994      1.000000
     43   1      3   0   2     2  0.088079  0.487409      46.338      474.1      399.5      3.591      23607.1836  1.957773      1.000000
     44   1     -4   0   2     2  0.088808  0.489008      47.079      683.8      654.5      4.082      35276.3281  1.928665      1.000000
     45   1     -3   2   1     4  0.089162  0.489755      47.426       21.0       22.4      0.766        551.1022  1.915391      1.000000
     46   1     -4   1   1     4  0.089493  0.490441      47.743        0.2        0.2      0.000          4.3494  1.903388      1.000000
     47   1      3   2   0     4  0.089501  0.490457      47.751     1900.7     1958.6      5.436      50615.0742  1.903100      1.000000
     48   1     -3   1   3     4  0.089550  0.490557      47.797       36.6       37.7      0.116        977.8835  1.901358      1.000000
     49   1     -1   0   4     2  0.090181  0.491818      48.382     1328.0     1495.7      4.767      72833.6797  1.879746      1.000000
     50   1      4   1   0     4  0.090574  0.492582      48.736      953.0     1056.0      4.098      26566.4062  1.866922      1.000000
     51   1     -1   2   3     4  0.091314  0.493978      49.383        8.5        7.4      0.211        245.1161  1.843966      1.000000
     52   1      3   1   2     4  0.091332  0.494011      49.398       89.7       77.6      1.950       2577.8264  1.843421      1.000000
     53   1      0   0   4     2  0.091575  0.494458      49.605       50.8       53.8      1.218       2947.5078  1.836211      1.000000
     54   1      0   2   3     4  0.091971  0.495175      49.938        1.5        1.5      0.005         45.4799  1.824762      1.000000
     55   1      2   2   2     4  0.091985  0.495199      49.949     1770.4     1714.8      4.952      52144.3828  1.824379      1.000000
     56   1     -2   0   4     2  0.092057  0.495329      50.009      206.7      199.0      0.635      12207.4189  1.822334      1.000000
     57   1     -4   1   2     4  0.092174  0.495536      50.105       12.4       12.5      0.053        367.5575  1.819059      1.000000
     58   1     -3   2   2     4  0.092597  0.496282      50.451     1131.5     1034.6      4.252      34077.5508  1.807411      1.000000
     59   1      2   1   3     4  0.092773  0.496588      50.592        2.4        2.2      0.015         72.6214  1.802675      1.000000
     60   1      1   3   0     4  0.093717  0.498188      51.334      668.0      633.6      4.026      20919.5918  1.778355      1.000000

   No.  Code     H   K   L  Mult      Hw      ETA/M    2theta/TOF     Icalc       Iobs      Sigma     StrFactor^2    d-hkl       CORR

     61   1     -1   1   4     4  0.093737  0.498222      51.350       17.9       16.8      0.104        559.6517  1.777844      1.000000
     62   1      3   2   1     4  0.093775  0.498284      51.379        2.1        1.9      0.013         65.6305  1.776919      1.000000
     63   1      0   3   1     4  0.094022  0.498693      51.568       70.6       62.4      1.213       2234.4497  1.770836      1.000000
     64   1     -2   2   3     4  0.094099  0.498820      51.627        5.2        4.3      0.157        165.9780  1.768958      1.000000
     65   1     -1   3   1     4  0.095001  0.500275      52.301        3.1        2.6      0.208        101.8308  1.747724      1.000000
     66   1      0   1   4     4  0.095304  0.500752      52.523     1011.5      984.8      4.874      33343.1523  1.740878      1.000000
     67   1     -2   1   4     4  0.095841  0.501588      52.910      477.8      452.5      3.182      16010.6562  1.729038      1.000000
     68   1      4   1   1     4  0.095887  0.501658      52.942        0.1        0.1      0.001          3.1225  1.728063      1.000000
     69   1      1   2   3     4  0.096290  0.502275      53.228        0.2        0.0      0.021          7.0661  1.719448      1.000000
     70   1      1   0   4     2  0.096729  0.502937      53.535      148.1      144.2      3.005      10186.9775  1.710313      1.000000
     71   1      1   3   1     4  0.096758  0.502980      53.555        0.3        0.3      0.006         10.1208  1.709729      1.000000
     72   1     -3   0   4     2  0.097847  0.504583      54.298       77.2       18.8      3.019       5479.3564  1.688070      1.000000
     73   1      2   3   0     4  0.099472  0.506882      55.364     1056.3      960.8      5.396      39170.7969  1.658077      1.000000
     74   1     -4   1   3     4  0.099694  0.507190      55.506       23.7       22.2      0.133        883.7594  1.654154      1.000000
     75   1     -2   3   1     4  0.099966  0.507562      55.679       57.4       55.8      1.181       2153.9539  1.649429      1.000000
     76   1      0   3   2     4  0.100875  0.508791      56.248      348.8      346.9      1.863      13399.1953  1.634078      1.000000
     77   1      1   1   4     4  0.100972  0.508920      56.308      862.4      888.0      3.040      33202.6250  1.632486      1.000000
     78   1     -1   3   2     4  0.101025  0.508990      56.341      220.9      227.1      0.798       8514.8809  1.631611      1.000000
     79   1     -4   2   1     4  0.101092  0.509080      56.382       39.9       40.6      0.164       1539.5643  1.630514      1.000000
     80   1     -3   2   3     4  0.101170  0.509183      56.431        5.5        5.7      0.025        213.1210  1.629237      1.000000
     81   1     -3   1   4     4  0.102184  0.510512      57.046     1002.6     1117.9      4.439      39732.7031  1.613110      1.000000
     82   1      4   0   2     2  0.102486  0.510902      57.227       33.1       41.2      0.166       2645.8054  1.608440      1.000000
     83   1      4   2   0     4  0.102553  0.510988      57.267      299.4      401.9      1.933      11967.7295  1.607414      1.000000
     84   1      3   2   2     4  0.103560  0.512267      57.860      596.2      718.0      3.775      24383.5996  1.592341      1.000000
     85   1      5   0   0     2  0.103803  0.512573      58.001      107.3      119.6      0.686       8822.6885  1.588795      1.000000
     86   1     -5   0   2     2  0.103884  0.512674      58.048       75.8       83.3      0.577       6241.6074  1.587625      1.000000
     87   1      2   3   1     4  0.103919  0.512717      58.068        1.7        1.8      0.015         68.2856  1.587124      1.000000
     88   1     -4   2   2     4  0.104662  0.513637      58.495      632.4      773.3      3.676      26491.3262  1.576561      1.000000
     89   1      1   3   2     4  0.105046  0.514107      58.713      684.6      760.8      2.930      28913.9668  1.571230      1.000000
     90   1      2   2   3     4  0.105439  0.514585      58.934       17.4       17.5      0.075        741.5283  1.565858      1.000000
     91   1     -2   3   2     4  0.105527  0.514690      58.983      860.6      857.8      3.373      36723.9727  1.564676      1.000000
     92   1      3   1   3     4  0.105607  0.514787      59.028        3.4        3.4      0.017        145.0891  1.563595      1.000000
     93   1     -5   1   1     4  0.105928  0.515172      59.206        2.6        2.6      0.034        110.5691  1.559301      1.000000
     94   1     -1   2   4     4  0.106675  0.516062      59.619      731.9      767.1      3.713      31971.6934  1.549502      1.000000
     95   1      2   0   4     2  0.107010  0.516456      59.802      234.5      237.8      0.934      20623.3477  1.545198      1.000000
     96   1      4   1   2     4  0.107167  0.516640      59.887      929.8      931.4      3.231      41022.4258  1.543200      1.000000
     97   1      5   1   0     4  0.108572  0.518265      60.640      540.2      603.7      2.287      24491.7500  1.525825      1.000000
     98   1      0   2   4     4  0.108654  0.518358      60.683       71.3       74.8      0.238       3239.1526  1.524844      1.000000
     99   1     -5   1   2     4  0.108658  0.518363      60.685      855.3      894.1      2.854      38841.9609  1.524789      1.000000
    100   1     -4   0   4     2  0.109001  0.518753      60.866      278.7      278.2      1.157      25476.7383  1.520701      1.000000
    101   1     -2   2   4     4  0.109325  0.519120      61.036      283.5      284.4      1.912      13039.2520  1.516869      1.000000
    102   1      4   2   1     4  0.109382  0.519183      61.065        6.5        6.8      0.053        299.7323  1.516210      1.000000
    103   1     -3   3   1     4  0.110046  0.519927      61.410        7.9        3.4      0.622        368.4957  1.508520      1.000000
    104   1      3   3   0     4  0.110577  0.520516      61.683        4.8        0.0      1.035        227.8568  1.502494      1.000000
    105   1      2   1   4     4  0.111980  0.522049      62.394       27.0        0.0      3.244       1301.5769  1.487086      1.000000
    106   1     -1   3   3     4  0.113333  0.523496      63.064        0.4        0.0      0.262         17.5808  1.472878      1.000000
    107   1     -4   2   3     4  0.114054  0.524255      63.416        1.2        1.1      0.074         57.8592  1.465549      1.000000
    108   1     -4   1   4     4  0.114087  0.524290      63.432       18.4       18.0      0.969        918.4350  1.465212      1.000000
    109   1      0   3   3     4  0.114304  0.524517      63.538        8.1        7.7      0.150        404.8396  1.463036      1.000000
    110   1      2   3   2     4  0.114324  0.524538      63.547      180.5      171.3      3.232       9055.9941  1.462839      1.000000
    111   1     -3   3   2     4  0.115218  0.525465      63.977      238.9      219.3      2.694      12154.8662  1.454048      1.000000
    112   1      1   2   4     4  0.115594  0.525852      64.156      213.5      182.6      1.847      10928.6631  1.450416      1.000000
    113   1     -1   1   5     4  0.115675  0.525934      64.194        9.4        7.9      0.101        482.4626  1.449644      1.000000
    114   1      3   3   1     4  0.116910  0.527189      64.776        4.6        2.7      0.356        241.8534  1.438029      1.000000
    115   1     -3   2   4     4  0.117046  0.527326      64.839       44.2       28.9      1.791       2314.4673  1.436776      1.000000
    116   1      5   1   1     4  0.117114  0.527394      64.871       12.2        8.5      0.476        637.4589  1.436145      1.000000
    117   1     -5   1   3     4  0.117303  0.527584      64.959       10.6        8.4      0.497        554.6789  1.434418      1.000000
    118   1     -2   3   3     4  0.117371  0.527652      64.991        6.2        4.9      0.303        326.1049  1.433800      1.000000
    119   1     -2   1   5     4  0.117400  0.527681      65.004        2.3        1.8      0.119        122.8187  1.433532      1.000000
    120   1      0   1   5     4  0.119059  0.529323      65.765        7.6        2.7      2.417        407.7960  1.418771      1.000000

   No.  Code     H   K   L  Mult      Hw      ETA/M    2theta/TOF     Icalc       Iobs      Sigma     StrFactor^2    d-hkl       CORR

    121   1      1   3   3     4  0.120431  0.530657      66.383       12.5       15.7      2.602        689.5568  1.407054      1.000000
    122   1      3   2   3     4  0.121105  0.531303      66.683       22.0       13.1      2.118       1220.5444  1.401456      1.000000
    123   1     -5   2   1     4  0.121483  0.531663      66.850        4.0        0.4      0.570        223.7613  1.398361      1.000000
    124   1      4   2   2     4  0.122938  0.533036      67.486        1.2        0.6      0.866         65.7582  1.386714      1.000000
    125   1      3   0   4     2  0.124210  0.534218      68.034      105.0      135.7      2.999      12149.7773  1.376883      1.000000
    126   1     -3   1   5     4  0.124482  0.534468      68.150        1.2        1.3      0.027         70.3468  1.374820      1.000000
    127   1      5   2   0     4  0.124582  0.534560      68.192       68.9       74.7      1.305       4005.5315  1.374066      1.000000
    128   1     -5   2   2     4  0.124682  0.534652      68.235       14.7       16.3      0.285        853.5563  1.373309      1.000000
    129   1      0   4   0     2  0.125327  0.535241      68.508      335.8      337.7      3.048      39391.6758  1.368497      1.000000
    130   1      4   1   3     4  0.126729  0.536509      69.096        0.7        0.7      0.042         42.2349  1.358291      1.000000
    131   1     -4   3   1     4  0.126901  0.536664      69.168        0.2        0.2      0.005         10.8324  1.357057      1.000000
    132   1     -3   3   3     4  0.127005  0.536756      69.210        0.3        0.3      0.005         17.9569  1.356321      1.000000
    133   1      5   0   2     2  0.127052  0.536798      69.230      157.8      177.4      2.291      18900.6699  1.355984      1.000000
    134   1     -5   0   4     2  0.127360  0.537073      69.357      189.3      197.8      1.844      22759.2715  1.353805      1.000000
    135   1      1   1   5     4  0.128030  0.537669      69.634        3.0        3.2      0.041        179.2913  1.349110      1.000000
    136   1      1   4   0     4  0.128099  0.537730      69.662       75.9       83.0      1.051       4601.1611  1.348632      1.000000
    137   1      2   2   4     4  0.128543  0.538122      69.843      586.4      596.7      2.979      35743.3281  1.345571      1.000000
    138   1      0   4   1     4  0.128576  0.538151      69.857       21.4       21.8      0.105       1305.0645  1.345344      1.000000
    139   1      4   3   0     4  0.128823  0.538368      69.958      194.4      192.6      1.103      11887.1924  1.343652      1.000000
    140   1     -6   0   2     2  0.129258  0.538749      70.134       63.1       64.9      0.578       7752.7256  1.340702      1.000000
    141   1      3   1   4     4  0.130067  0.539453      70.460      322.1      334.5      2.470      19977.5410  1.335290      1.000000
    142   1     -1   4   1     4  0.130091  0.539475      70.470       11.4       11.8      0.087        707.3349  1.335126      1.000000
    143   1      3   3   2     4  0.130139  0.539516      70.490       58.0       59.4      0.459       3602.5674  1.334811      1.000000
    144   1     -4   2   4     4  0.130979  0.540241      70.825      330.3      354.7      2.658      20687.8926  1.329301      1.000000
    145   1     -4   3   2     4  0.131571  0.540748      71.061       11.8       14.8      0.123        747.0156  1.325474      1.000000
    146   1      6   0   0     2  0.131802  0.540946      71.152      188.2      282.4      2.271      23790.6250  1.323996      1.000000
    147   1      2   3   3     4  0.132576  0.541603      71.457        2.9        3.6      0.088        187.5592  1.319095      1.000000
    148   1      1   4   1     4  0.132758  0.541757      71.528        9.0       10.1      0.235        573.5695  1.317955      1.000000
    149   1     -1   2   5     4  0.132808  0.541799      71.548        6.6        7.4      0.153        421.0272  1.317643      1.000000
    150   1      5   1   2     4  0.133039  0.541994      71.638      161.5      191.2      1.978      10344.0029  1.316203      1.000000
    151   1     -6   1   1     4  0.133222  0.542148      71.710        7.1        7.6      0.067        454.7642  1.315068      1.000000
    152   1     -5   1   4     4  0.133361  0.542265      71.764      217.2      221.3      1.916      13955.4443  1.314209      1.000000
    153   1     -1   3   4     4  0.134168  0.542940      72.077        9.8        9.2      0.445        635.7182  1.309272      1.000000
    154   1      5   2   1     4  0.134464  0.543187      72.191        0.9        0.8      0.073         56.5137  1.307482      1.000000
    155   1     -5   2   3     4  0.134680  0.543367      72.274        0.6        0.6      0.050         41.1582  1.306178      1.000000
    156   1     -2   2   5     4  0.134792  0.543459      72.317        1.9        1.9      0.141        127.0207  1.305509      1.000000
    157   1     -6   1   2     4  0.135345  0.543917      72.529      224.6      250.9      3.095      14725.5654  1.302213      1.000000
    158   1      0   2   5     4  0.136695  0.545023      73.042        4.2        4.4      0.045        280.0932  1.294330      1.000000
    159   1      0   3   4     4  0.136701  0.545028      73.044      238.8      247.6      2.508      15861.4277  1.294295      1.000000
    160   1      2   4   0     4  0.136777  0.545090      73.073       50.9       52.7      0.527       3381.6440  1.293856      1.000000
    161   1     -2   4   1     4  0.137499  0.545676      73.345       11.0       10.8      0.100        735.2004  1.289734      1.000000
    162   1     -2   3   4     4  0.137557  0.545723      73.366      198.3      195.1      1.852      13279.8652  1.289407      1.000000
    163   1      4   3   1     4  0.137628  0.545781      73.393        7.7        7.6      0.078        514.0648  1.289003      1.000000
    164   1     -4   1   5     4  0.137884  0.545987      73.489       22.9       24.4      0.303       1540.5121  1.287560      1.000000
    165   1      6   1   0     4  0.138003  0.546084      73.534       40.8       44.0      0.529       2745.4778  1.286888      1.000000
    166   1      0   4   2     4  0.138818  0.546737      73.837      322.7      299.7      2.191      21867.0723  1.282356      1.000000
    167   1     -1   4   2     4  0.139034  0.546910      73.917      371.4      333.1      2.417      25214.2793  1.281162      1.000000
    168   1     -3   2   5     4  0.142896  0.549944      75.323        3.4        0.0      0.832        241.0286  1.260700      1.000000
    169   1      2   4   1     4  0.143174  0.550158      75.422       11.8        3.6      1.541        832.7201  1.259284      1.000000
    170   1     -4   3   3     4  0.143538  0.550439      75.552        3.7        3.5      0.461        260.0509  1.257440      1.000000
    171   1      2   1   5     4  0.143793  0.550634      75.643        3.7        4.0      0.427        262.9548  1.256158      1.000000
    172   1     -6   1   3     4  0.144686  0.551317      75.959        9.4        8.0      0.320        669.9978  1.251710      1.000000
    173   1      1   4   2     4  0.144769  0.551380      75.989        1.6        1.4      0.042        112.8650  1.251301      1.000000
    174   1     -1   0   6     2  0.144841  0.551435      76.014       81.9       72.6      1.866      11683.4746  1.250945      1.000000
    175   1     -2   4   2     4  0.145446  0.551894      76.227        3.4        3.5      0.029        247.2257  1.247983      1.000000
    176   1      4   2   3     4  0.145459  0.551904      76.231        0.4        0.4      0.003         27.5310  1.247918      1.000000
    177   1      1   3   4     4  0.145474  0.551916      76.237      271.2      272.9      2.214      19449.8496  1.247842      1.000000
    178   1     -2   0   6     2  0.145518  0.551949      76.252      119.4      120.4      0.965      17123.7520  1.247630      1.000000
    179   1      1   2   5     4  0.146943  0.553021      76.749        8.1        8.5      0.188        586.6033  1.240787      1.000000
    180   1     -3   3   4     4  0.147294  0.553284      76.871      411.8      396.5      3.382      29951.0625  1.239124      1.000000

   No.  Code     H   K   L  Mult      Hw      ETA/M    2theta/TOF     Icalc       Iobs      Sigma     StrFactor^2    d-hkl       CORR

    181   1      3   2   4     4  0.149262  0.554741      77.546       88.3      123.3      2.528       6511.6177  1.230010      1.000000
    182   1      6   1   1     4  0.150398  0.555572      77.932        0.1        0.1      0.003          5.5501  1.224889      1.000000
    183   1      0   0   6     2  0.150566  0.555695      77.988        1.2        1.3      0.035        184.8251  1.224140      1.000000
    184   1      4   0   4     2  0.150670  0.555770      78.023       86.7       88.5      2.145      12927.7676  1.223679      1.000000
    185   1     -1   1   6     4  0.151616  0.556456      78.341      195.7      206.3      2.193      14677.4062  1.219507      1.000000
    186   1     -3   4   1     4  0.151749  0.556552      78.386       22.6       24.2      0.274       1699.7834  1.218925      1.000000
    187   1     -2   1   6     4  0.152323  0.556965      78.577       23.6       23.1      0.205       1782.6873  1.216434      1.000000
    188   1      3   3   3     4  0.152365  0.556995      78.591        2.4        2.4      0.020        183.1495  1.216253      1.000000
    189   1      3   4   0     4  0.152484  0.557081      78.631      188.5      185.7      1.327      14222.7939  1.215739      1.000000
    190   1      5   2   2     4  0.152646  0.557197      78.685       86.6       85.3      0.592       6545.0103  1.215043      1.000000
    191   1     -3   0   6     2  0.152682  0.557223      78.697       33.4       32.8      0.229       5051.7534  1.214889      1.000000
    192   1     -5   3   1     4  0.152836  0.557333      78.748       21.4       20.7      0.150       1617.0426  1.214229      1.000000
    193   1     -6   2   1     4  0.152854  0.557346      78.754        5.6        5.4      0.039        425.7275  1.214150      1.000000
    194   1     -5   2   4     4  0.153012  0.557459      78.806      195.0      189.6      1.398      14767.5693  1.213474      1.000000
    195   1      4   3   2     4  0.154649  0.558622      79.345      316.1      286.5      2.863      24196.9707  1.206580      1.000000
    196   1     -6   2   2     4  0.155270  0.559060      79.548       88.5       75.9      0.871       6799.5840  1.204012      1.000000
    197   1     -6   0   4     2  0.155413  0.559160      79.595        5.8        4.9      0.061        886.1780  1.203423      1.000000
    198   1     -1   4   3     4  0.156280  0.559767      79.876       12.9       12.8      0.202       1001.1010  1.199889      1.000000
    199   1      5   3   0     4  0.156694  0.560056      80.010      217.5      203.7      1.487      16860.1484  1.198220      1.000000
    200   1     -5   3   2     4  0.156819  0.560143      80.050      270.0      250.2      1.674      20944.7012  1.197718      1.000000
    201   1      0   1   6     4  0.157593  0.560680      80.299      228.8      228.3      0.998      17832.6562  1.194633      1.000000
    202   1      0   4   3     4  0.157614  0.560694      80.306        3.9        3.9      0.017        303.0404  1.194550      1.000000
    203   1      2   4   2     4  0.157641  0.560713      80.314      194.3      194.1      0.843      15148.7168  1.194443      1.000000
    204   1      4   1   4     4  0.157702  0.560754      80.334      218.4      217.8      0.969      17037.0840  1.194204      1.000000
    205   1     -4   2   5     4  0.158159  0.561070      80.480        2.8        2.7      0.015        219.5218  1.192401      1.000000
    206   1      6   2   0     4  0.158295  0.561164      80.523      240.8      230.6      1.252      18845.7266  1.191868      1.000000
    207   1     -3   4   2     4  0.158866  0.561556      80.705      174.4      160.1      1.260      13697.0469  1.189643      1.000000
    208   1      5   1   3     4  0.158890  0.561573      80.713        0.1        0.1      0.001          9.9478  1.189547      1.000000
    209   1     -5   1   5     4  0.159398  0.561920      80.874        1.6        1.5      0.018        125.4878  1.187585      1.000000
    210   1     -3   1   6     4  0.159803  0.562196      81.002      215.6      202.9      2.109      17024.5938  1.186030      1.000000
    211   1      3   4   1     4  0.161180  0.563129      81.434        0.6        0.5      0.041         45.0624  1.180822      1.000000
    212   1      2   3   4     4  0.161619  0.563425      81.571        1.9        1.7      0.152        150.0495  1.179184      1.000000
    213   1     -2   4   3     4  0.161809  0.563553      81.631        5.3        6.2      0.395        422.4868  1.178477      1.000000
    214   1     -6   1   4     4  0.162657  0.564121      81.894      215.9      265.0      3.103      17313.7363  1.175355      1.000000
    215   1      1   0   6     2  0.163421  0.564630      82.130      107.8      122.3      1.400      17358.1523  1.172575      1.000000
    216   1     -4   3   4     4  0.164645  0.565440      82.505       17.0       19.7      0.268       1376.3623  1.168188      1.000000
    217   1      6   0   2     2  0.164668  0.565455      82.512      141.6      163.5      2.259      22938.6211  1.168106      1.000000
    218   1      2   2   5     4  0.164887  0.565599      82.579        0.0        0.0      0.001          2.9597  1.167330      1.000000
    219   1     -6   2   3     4  0.165904  0.566266      82.888        0.2        0.2      0.009         13.2952  1.163758      1.000000
    220   1      1   4   3     4  0.165981  0.566316      82.912        8.6        8.9      0.560        699.4259  1.163491      1.000000
    221   1     -1   3   5     4  0.166918  0.566927      83.194       29.3       29.0      1.049       2399.3093  1.160252      1.000000
    222   1     -4   0   6     2  0.167253  0.567144      83.295       73.2       61.0      1.687      12003.4268  1.159104      1.000000
    223   1     -7   0   2     2  0.168009  0.567633      83.522      151.9      146.5      2.271      25016.2598  1.156536      1.000000
    224   1      3   1   5     4  0.168498  0.567948      83.668        2.0        1.8      0.054        168.5316  1.154891      1.000000
    225   1      5   3   1     4  0.168975  0.568254      83.809        2.1        2.1      0.083        171.4307  1.153296      1.000000
    226   1     -5   3   3     4  0.169245  0.568426      83.889        0.2        0.3      0.020         20.4411  1.152401      1.000000
    227   1     -2   3   5     4  0.169383  0.568515      83.930        0.0        0.0      0.003          2.2835  1.151942      1.000000
    228   1      1   1   6     4  0.171027  0.569559      84.415       37.0       47.1      2.469       3088.8716  1.146564      1.000000
    229   1      0   3   5     4  0.171749  0.570015      84.626        0.1        0.1      0.010          9.6738  1.144240      1.000000
    230   1      6   1   2     4  0.172332  0.570381      84.796       17.9       18.1      1.214       1501.2872  1.142385      1.000000
    231   1      6   2   1     4  0.172418  0.570435      84.821        1.6        1.6      0.115        133.9666  1.142110      1.000000
    232   1     -1   2   6     4  0.173810  0.571304      85.223      121.3      143.7      2.357      10238.3994  1.137742      1.000000
    233   1     -2   2   6     4  0.174617  0.571804      85.455      200.0      229.5      1.849      16927.4336  1.135246      1.000000
    234   1      7   0   0     2  0.174745  0.571883      85.492       27.8       31.7      0.236       4715.1411  1.134854      1.000000
    235   1     -4   4   1     4  0.174782  0.571906      85.502       10.0       11.4      0.085        851.1216  1.134742      1.000000
    236   1     -7   1   1     4  0.174844  0.571944      85.520        0.0        0.0      0.000          1.7958  1.134550      1.000000
    237   1     -3   4   3     4  0.174922  0.571992      85.542       11.8       13.1      0.102        998.8315  1.134312      1.000000
    238   1     -4   1   6     4  0.175037  0.572063      85.575      137.4      149.0      1.268      11645.5117  1.133961      1.000000
    239   1     -7   1   2     4  0.175828  0.572550      85.801        4.3        4.5      0.069        368.2339  1.131556      1.000000
    240   1      4   4   0     4  0.177395  0.573507      86.244      170.2      144.0      2.813      14556.9053  1.126870      1.000000

   No.  Code     H   K   L  Mult      Hw      ETA/M    2theta/TOF     Icalc       Iobs      Sigma     StrFactor^2    d-hkl       CORR

    241   1      3   4   2     4  0.179186  0.574589      86.746      171.7      163.0      2.431      14770.6211  1.121640      1.000000
    242   1     -3   3   5     4  0.179474  0.574763      86.826       21.9       20.1      0.370       1885.7578  1.120807      1.000000
    243   1      0   2   6     4  0.180646  0.575463      87.151        3.2        3.0      0.048        279.0081  1.117464      1.000000
    244   1      4   2   4     4  0.180770  0.575537      87.185       53.9       49.3      0.728       4665.0205  1.117113      1.000000
    245   1     -4   4   2     4  0.181136  0.575755      87.286      201.8      183.0      2.290      17476.4648  1.116083      1.000000
    246   1      5   2   3     4  0.182133  0.576345      87.560        3.5        3.2      0.052        303.3529  1.113298      1.000000
    247   1      2   4   3     4  0.182505  0.576565      87.662       15.3       14.8      0.210       1333.2936  1.112267      1.000000
    248   1      4   3   3     4  0.182675  0.576665      87.708       20.6       21.0      0.269       1789.2802  1.111797      1.000000
    249   1     -5   2   5     4  0.182715  0.576688      87.719        5.8        5.9      0.075        501.1427  1.111689      1.000000
    250   1      7   1   0     4  0.182884  0.576788      87.765      128.1      134.7      1.635      11151.5303  1.111224      1.000000
    251   1     -3   2   6     4  0.183179  0.576961      87.845       45.9       45.6      0.675       4000.8525  1.110413      1.000000
    252   1      1   3   5     4  0.184531  0.577752      88.212        5.5        5.4      0.057        483.3235  1.106745      1.000000
    253   1     -1   4   4     4  0.184675  0.577835      88.251      266.3      265.9      2.589      23310.4727  1.106359      1.000000
    254   1      2   0   6     2  0.185183  0.578131      88.387       51.4       50.4      0.665       9008.9766  1.104999      1.000000
    255   1     -7   1   3     4  0.185994  0.578600      88.605        0.4        0.4      0.008         34.9025  1.102848      1.000000
    256   1     -6   2   4     4  0.186454  0.578865      88.728       17.0       14.8      0.507       1496.1241  1.101638      1.000000
    257   1      3   3   4     4  0.187437  0.579429      88.989      156.4      160.8      2.606      13788.8555  1.099077      1.000000
    258   1      0   4   4     4  0.188134  0.579828      89.174       17.5       17.8      0.396       1543.3026  1.097277      1.000000
    259   1     -2   4   4     4  0.189305  0.580493      89.482       84.3       86.4      1.862       7470.9238  1.094294      1.000000
    260   1      4   4   1     4  0.189403  0.580548      89.508        0.3        0.3      0.006         24.0449  1.094047      1.000000
    261   1      5   0   4     2  0.190548  0.581195      89.808      119.7      145.8      1.820      21273.2832  1.091174      1.000000
    262   1     -5   0   6     2  0.191311  0.581623      90.006      124.7      131.4      1.445      22199.5840  1.089282      1.000000
    263   1      5   3   2     4  0.191686  0.581833      90.103       61.2       69.7      0.674       5449.8032  1.088359      1.000000
    264   1     -6   3   1     4  0.191948  0.581979      90.171       12.3       13.4      0.141       1092.6526  1.087718      1.000000
    265   1     -5   3   4     4  0.192147  0.582090      90.222       69.7       71.9      0.842       6219.3311  1.087232      1.000000
    266   1     -6   1   5     4  0.192303  0.582177      90.263        2.7        2.7      0.034        239.6786  1.086850      1.000000
    267   1      3   2   5     4  0.193177  0.582662      90.488        1.7        1.8      0.022        148.8353  1.084734      1.000000
    268   1      1   5   0     4  0.193254  0.582705      90.508      117.2      122.8      1.523      10475.3525  1.084547      1.000000
    269   1      2   1   6     4  0.193836  0.583027      90.657       45.7       45.2      0.784       4091.2717  1.083151      1.000000
    270   1      0   5   1     4  0.193969  0.583100      90.691        3.3        3.3      0.059        295.0898  1.082835      1.000000
    271   1     -6   3   2     4  0.194991  0.583662      90.951      113.6      115.7      1.631      10190.5449  1.080410      1.000000
    272   1      1   2   6     4  0.196094  0.584265      91.231      255.4      254.6      2.422      22971.5137  1.077826      1.000000
    273   1     -1   5   1     4  0.196241  0.584345      91.268        4.7        4.6      0.046        421.0869  1.077485      1.000000
    274   1     -4   4   3     4  0.197515  0.585037      91.588        1.2        1.1      0.009        106.4962  1.074549      1.000000
    275   1      6   2   2     4  0.197602  0.585083      91.610      288.0      259.4      2.123      25975.3027  1.074353      1.000000
    276   1     -7   0   4     2  0.197791  0.585186      91.658       70.8       61.9      0.579      12770.4873  1.073920      1.000000
    277   1     -4   3   5     4  0.198640  0.585643      91.869        2.7        2.5      0.032        243.3431  1.071997      1.000000
    278   1      6   3   0     4  0.198811  0.585735      91.912       26.2       24.9      0.327       2365.0593  1.071609      1.000000
    279   1      5   1   4     4  0.199476  0.586091      92.077        4.8        5.0      0.114        436.5781  1.070120      1.000000
    280   1      1   4   4     4  0.200186  0.586470      92.253       47.1       52.1      0.954       4270.0444  1.068542      1.000000
    281   1      1   5   1     4  0.200250  0.586504      92.269        3.8        4.2      0.075        348.6790  1.068399      1.000000
    282   1     -5   1   6     4  0.200279  0.586520      92.276        0.3        0.4      0.006         29.4533  1.068335      1.000000
    283   1     -7   2   1     4  0.200509  0.586642      92.332        3.4        3.6      0.059        309.9742  1.067828      1.000000
    284   1     -4   2   6     4  0.200732  0.586761      92.387       78.6       79.1      1.233       7124.5947  1.067337      1.000000
    285   1      7   1   1     4  0.201303  0.587063      92.528        0.0        0.0      0.000          0.4898  1.066085      1.000000
    286   1     -7   2   2     4  0.201648  0.587246      92.613      291.2      279.1      2.689      26441.0059  1.065331      1.000000
    287   1     -3   4   4     4  0.202702  0.587802      92.870       13.2       12.5      0.209       1202.9103  1.063052      1.000000
    288   1      4   1   5     4  0.206248  0.589648      93.726        0.1        0.1      0.002          6.1821  1.055584      1.000000
    289   1      2   5   0     4  0.206318  0.589684      93.742      140.6      160.0      2.954      12842.8779  1.055440      1.000000
    290   1     -7   1   4     4  0.207102  0.590087      93.929       45.8       50.2      0.862       4187.9326  1.053831      1.000000
    291   1      2   3   5     4  0.207181  0.590128      93.948        0.3        0.4      0.006         29.1851  1.053669      1.000000
    292   1     -2   5   1     4  0.207412  0.590246      94.003       17.4       19.1      0.321       1588.2378  1.053199      1.000000
    293   1     -2   1   7     4  0.207568  0.590326      94.040       11.1       12.0      0.212       1011.2552  1.052881      1.000000
    294   1      6   1   3     4  0.207858  0.590474      94.109        4.0        4.2      0.090        365.3973  1.052294      1.000000
    295   1     -6   3   3     4  0.208479  0.590791      94.256        4.2        4.4      0.118        386.9011  1.051040      1.000000
    296   1     -1   1   7     4  0.208708  0.590908      94.310        0.0        0.0      0.000          0.8759  1.050580      1.000000
    297   1      0   5   2     4  0.209414  0.591267      94.476       84.3       90.2      1.247       7728.4780  1.049169      1.000000
    298   1     -1   5   2     4  0.209743  0.591434      94.553       45.4       48.5      0.579       4164.8506  1.048515      1.000000
    299   1      3   4   3     4  0.209748  0.591436      94.555        3.1        3.3      0.039        282.2589  1.048505      1.000000
    300   1      7   2   0     4  0.209846  0.591486      94.577      133.3      141.2      1.734      12225.1768  1.048312      1.000000

   No.  Code     H   K   L  Mult      Hw      ETA/M    2theta/TOF     Icalc       Iobs      Sigma     StrFactor^2    d-hkl       CORR

    301   1     -5   4   1     4  0.210405  0.591768      94.708        0.8        0.8      0.014         72.8112  1.047207      1.000000
    302   1      4   4   2     4  0.212941  0.593039      95.297        3.6        5.9      0.551        328.0572  1.042289      1.000000
    303   1     -7   2   3     4  0.213475  0.593304      95.420        2.2        3.6      0.385        200.8435  1.041270      1.000000
    304   1     -3   1   7     4  0.215717  0.594411      95.933        0.9        1.0      0.053         86.0127  1.037058      1.000000
    305   1      5   4   0     4  0.215810  0.594456      95.954       20.2       20.6      1.053       1862.4363  1.036886      1.000000
    306   1     -5   4   2     4  0.215986  0.594542      95.994       15.9       16.0      0.747       1469.2076  1.036560      1.000000
    307   1      2   5   1     4  0.216061  0.594579      96.011       13.4       13.3      0.616       1231.4384  1.036421      1.000000
    308   1      6   3   1     4  0.216827  0.594954      96.185        2.6        2.3      0.131        242.4546  1.035011      1.000000
    309   1      1   5   2     4  0.218509  0.595771      96.564      208.0      195.3      2.182      19205.8242  1.031957      1.000000
    310   1     -1   3   6     4  0.218620  0.595824      96.588      107.3      100.5      1.051       9909.2422  1.031757      1.000000
    311   1      0   1   7     4  0.219320  0.596162      96.745        1.6        1.5      0.015        152.0121  1.030503      1.000000
    312   1      3   0   6     2  0.219528  0.596262      96.791        0.0        0.0      0.000          2.3768  1.030132      1.000000
    313   1     -2   5   2     4  0.219550  0.596273      96.796      158.3      146.5      1.431      14619.8232  1.030093      1.000000
    314   1     -2   3   6     4  0.219662  0.596327      96.821       21.2       19.7      0.193       1955.8325  1.029895      1.000000
    315   1     -6   2   5     4  0.220863  0.596902      97.088        1.9        1.7      0.032        171.3123  1.027774      1.000000
    316   1      2   2   6     4  0.222664  0.597759      97.485      116.8      125.4      1.517      10797.9404  1.024644      1.000000
    317   1      2   4   4     4  0.222761  0.597805      97.506      131.4      141.1      1.684      12150.1328  1.024476      1.000000
    318   1      7   0   2     2  0.223014  0.597925      97.562        2.5        2.6      0.035        465.3577  1.024041      1.000000
    319   1     -4   4   4     4  0.227065  0.599820      98.440      140.8      138.7      1.661      13055.1387  1.017240      1.000000
    320   1      0   3   6     4  0.227478  0.600011      98.529      137.0      142.0      1.223      12717.1025  1.016563      1.000000
    321   1      4   3   4     4  0.227640  0.600086      98.564      124.7      130.6      1.106      11582.6592  1.016298      1.000000
    322   1     -8   0   2     2  0.228418  0.600444      98.730       10.5       10.6      0.099       1946.0016  1.015032      1.000000
    323   1     -6   0   6     2  0.229180  0.600795      98.892       20.3       21.4      0.146       3796.9824  1.013801      1.000000
    324   1      5   2   4     4  0.229310  0.600854      98.920      141.8      150.2      0.977      13237.6133  1.013592      1.000000
    325   1     -3   5   1     4  0.229324  0.600860      98.923        1.5        1.5      0.010        135.6687  1.013570      1.000000
    326   1      5   3   3     4  0.229416  0.600902      98.942        2.1        2.2      0.014        197.5944  1.013423      1.000000
    327   1      3   1   6     4  0.230079  0.601206      99.083      215.5      221.8      1.221      20186.8457  1.012362      1.000000
    328   1     -5   3   5     4  0.230175  0.601249      99.103        0.0        0.0      0.000          2.9375  1.012209      1.000000
    329   1     -5   2   6     4  0.230260  0.601288      99.121      164.5      167.2      0.911      15431.1572  1.012075      1.000000
    330   1     -1   4   5     4  0.230314  0.601313      99.132        8.7        8.9      0.048        820.5240  1.011988      1.000000
    331   1      3   5   0     4  0.230473  0.601385      99.166        3.4        3.4      0.019        318.2137  1.011736      1.000000
    332   1     -3   3   6     4  0.230782  0.601526      99.231      198.7      199.8      1.208      18699.0469  1.011246      1.000000
    333   1      7   2   1     4  0.231471  0.601838      99.376        0.1        0.1      0.001         14.0212  1.010161      1.000000
    334   1      5   4   1     4  0.233269  0.602649      99.752        0.1        0.1      0.002         11.4138  1.007362      1.000000
    335   1     -5   4   3     4  0.233656  0.602823      99.832        3.7        3.8      0.050        391.4729  1.006766      1.000000
    336   1      7   1   2     4  0.233778  0.602878      99.858      134.5      137.8      1.761      14441.1416  1.006579      1.000000
    337   1     -2   4   5     4  0.233856  0.602913      99.874        3.3        3.4      0.043        363.2443  1.006459      1.000000

     -----------------------------------------------------
     BRAGG R-Factors and weight fractions for Pattern #  1
     -----------------------------------------------------

 => Phase:  1      #(C) 2021 by FIZ Karlsruhe - Leibniz Institute for Information Infrastructure.  All rights reserved.
 => Bragg R-factor:   5.55       Vol:  327.012( 0.006)  Fract(%):  100.00( 0.24)
 => Rf-factor=  4.47             ATZ:        1095.733   Brindley:  1.0000

     -----------------------------------------------------------------
      SYMBOLIC NAMES AND FINAL VALUES AND SIGMA OF REFINED PARAMETERS:
     -----------------------------------------------------------------

      ->  Parameter number    1 :                                          Zero_pat1   -0.13313806E-01( +/-    0.50270651E-03 )
      ->  Parameter number    2 :                                     Scale_ph1_pat1    0.20325615E-02( +/-    0.34166558E-05 )
      ->  Parameter number    3 :                                    Cell_A_ph1_pat1     8.1334858    ( +/-    0.84151157E-04 )
      ->  Parameter number    4 :                                    Cell_B_ph1_pat1     5.4739890    ( +/-    0.59354345E-04 )
      ->  Parameter number    5 :                                    Cell_C_ph1_pat1     7.5200615    ( +/-    0.75868607E-04 )
      ->  Parameter number    6 :                                    Cell_E_ph1_pat1     102.39266    ( +/-    0.61880576E-03 )
      ->  Parameter number    7 :                                    U-Cagl_ph1_pat1    0.59515387E-01( +/-    0.15102248E-02 )
      ->  Parameter number    8 :                                    W-Cagl_ph1_pat1    0.11658318E-01( +/-    0.18439376E-03 )
      ->  Parameter number    9 :                                    V-Cagl_ph1_pat1   -0.34582950E-01( +/-    0.10636409E-02 )
      ->  Parameter number   10 :                                     EtaPV_ph1_pat1    0.38743424    ( +/-    0.11063569E-01 )
      ->  Parameter number   11 :                                     X-tan_ph1_pat1    0.21575049E-02( +/-    0.32347365E-03 )
      ->  Parameter number   12 :                                     Asym1_ph1_pat1    0.36846418E-01( +/-    0.26814726E-02 )
      ->  Parameter number   13 :                                     Asym2_ph1_pat1    0.34669263E-02( +/-    0.67851658E-03 )
      ->  Parameter number   14 :                                          X_Na1_ph1    0.38110971    ( +/-    0.58300333E-03 )
      ->  Parameter number   15 :                                          Y_Na1_ph1    0.78818387    ( +/-    0.13507304E-02 )
      ->  Parameter number   16 :                                          Z_Na1_ph1    0.10542139    ( +/-    0.71409339E-03 )
      ->  Parameter number   17 :                                          X_Ta1_ph1    0.15949765    ( +/-    0.94011375E-04 )
      ->  Parameter number   18 :                                          Y_Ta1_ph1    0.25751936    ( +/-    0.37683392E-03 )
      ->  Parameter number   19 :                                          Z_Ta1_ph1    0.29664344    ( +/-    0.11810852E-03 )
      ->  Parameter number   20 :                                           X_O1_ph1    0.21524581    ( +/-    0.10050620E-02 )
      ->  Parameter number   21 :                                           Y_O1_ph1    0.15560657    ( +/-    0.12692054E-02 )
      ->  Parameter number   22 :                                           Z_O1_ph1    0.48421841E-01( +/-    0.13905733E-02 )
      ->  Parameter number   23 :                                           X_O2_ph1    0.56958880E-01( +/-    0.11835863E-02 )
      ->  Parameter number   24 :                                           Y_O2_ph1    0.54115492    ( +/-    0.17844633E-02 )
      ->  Parameter number   25 :                                           Z_O2_ph1    0.22302997    ( +/-    0.15421747E-02 )
      ->  Parameter number   26 :                                           X_F1_ph1    0.37971985    ( +/-    0.11583257E-02 )
      ->  Parameter number   27 :                                           Y_F1_ph1    0.47115561    ( +/-    0.16084184E-02 )
      ->  Parameter number   28 :                                           Z_F1_ph1    0.30603597    ( +/-    0.14091821E-02 )
      ->  Parameter number   29 :                                           X_F2_ph1    0.34282929    ( +/-    0.10428883E-02 )
      ->  Parameter number   30 :                                           Y_F2_ph1    0.98802876    ( +/-    0.14998727E-02 )
      ->  Parameter number   31 :                                           Z_F2_ph1    0.37758452    ( +/-    0.12787392E-02 )

 ------------------------------------------------------------------
 => Number of bytes for floating point variables: 4
 => Dimensions of dynamic allocated arrays in this run of FullProf:
 ------------------------------------------------------------------

 => Total approximate array memory (dynamic + static): 128536585 bytes

    MaxPOINT=    60000 Max.num. of points(+int. Inten.)/diffraction pattern       
    MaxREFLT=    20000 Max.num. of reflections/diffraction pattern               
    MaxPARAM=      300 Max.num. of refinable parameters                          
    MaxOVERL=    18096 Max.num. of overlapping reflections                       

 ----------------------------------------------------------
 => Number of bytes for floating point arrays: 4
 => Dimensions of fixed arrays in this release of FullProf:
 ----------------------------------------------------------

    NPATT   =       80 Max.num. of powder diffraction patterns                    
    NATS    =      830 Max.num. of atoms (all kind) in asymmetric unit            
    MPAR    =     1800 Max.num. of non atomic parameters/phase                    
    IEXCL   =       30 Max.num. of excluded regions                               
    IBACP   =      377 Max.num. of background points for interpolation            
    NPHT    =       16 Max.num. of phases                                         
    NMAGM   =        8 Max.num. of rotation-matrices sets for magnetic structure  
    NBASIS  =       12 Max.num. of basis functions associated to a single atom    
    NIREPS  =        9 Max.num. of irreducible representations to be combined     
    N_EQ    =      384 Max.num. of user-supplied symmetry operators/propagation vectors
    NGL     =      400 Max.num. of global parameters/diffraction pattern          
    N_LINC  =       50 Max.num. of global linear restraints                        
    NAT_P   =       80 Max.num. of atomic parameters per atom                     
    NCONST  =      500 Max.num. of slack constraints per phase                    
    N_SPE   =       30 Max.num. of different chemical species                     
    N_FORM  =       60 Max.num. of scattering factor values in a table            
    NPR     =      150 Max.num. of points defining a numerical profile            
    INPR    =       25 Max.num. of different numerical peak shapes                
    NPRC    =      150 Max.num. of terms in the table for correcting intensities  
    NSOL    =       10 Max.num. of solutions to be stored in Montecarlo searchs   

 
              CPU Time:     1.039 seconds
                            0.017 minutes

 => Run finished at:     Date: 07/02/2023  Time: 12:07:33.687                              
