

        **********************************************************
        ** PROGRAM FullProf.2k (Version 7.30 - Mar2020-ILL JRC) **
        **********************************************************
                       M U L T I -- P A T T E R N                 
            Rietveld, Profile Matching & Integrated Intensity     
                 Refinement of X-ray and/or Neutron Data


    Date: 03/02/2023  Time: 17:09:29.450                              

 => PCR file code: NaNbO2F2
 => DAT file code: NaNbO2F2.dat         -> Relative contribution: 1.0000                                                            

 ==> CONDITIONS OF THIS RUN FOR PATTERN No.:  1

 => Global Refinement of X-ray powder diffraction data                                                                              
 => Global Refinement of X-ray powder diffraction data                                                                              
    Bragg-Brentano(X-rays) or Debye-Scherrer geometry(Neutrons)
 => Title:  #(C) 2021 by FIZ Karlsruhe - Leibniz Institute for Information Infrastructure.

 => Number of phases:    1
 => Number of excluded regions:    1
 => Number of scattering factors supplied:    0
 => Conventional weights: w=1.0/Variance(yobs)
 => Asymmetry correction as in J.Appl.Cryst. 26,128(1993)
 => Background linearly interpolated between the   23 points given
 => The    5th default profile function was selected
 => Pseudo-Voigt function (ETA variable)
                 X-parameter correspond to: ETA=ETA0+X*2theta
                       pV(x)= ETA*L(x)+(1-ETA)*G(x)

 ==> INPUT/OUTPUT OPTIONS:

 => Generate file *.PRF for plot
 => Output Integrated Intensities
 => Generate new input file *.PCR

 => X-Y type of data: 2theta/TOF/E(Kev) Intens sigma for pattern:  1
 => Plot pattern at each cycle
 => Wavelengths:  1.54056 1.54439
 => Alpha2/Alpha1 ratio:   0.5000
 => Cos(Monochromator angle)=   0.9100
 => Asymmetry correction for angles lower than   90.000 degrees
 => Absorption correction (AC), muR-eff =   0.0000  0.0000
 => Base of peaks: 2.0*HW*    8.00

 => Number of cycles:   33
 => Relaxation factors ==>    for coordinates:  1.00
 => for anisotropic temperature factors:  1.00
 => for halfwidth/strain/size parameters:  1.00
 => for lattice constants and propagation vectors:  1.00
 => EPS-value for convergence:    0.1
 => Background ==> 
    Position   Intensity
       10.18     7664.10        0.00
       12.50     8076.13        0.00
       13.76     7971.39        0.00
       15.67     7791.01        0.00
       18.38     7244.20        0.00
       20.69     7411.37        0.00
       25.58     7349.29        0.00
       30.52     7070.69        0.00
       35.64     6483.75        0.00
       38.46     6433.07        0.00
       42.51     6349.04        0.00
       45.31     6514.10        0.00
       54.02     6394.25        0.00
       62.30     6092.88        0.00
       67.02     5932.43        0.00
       75.26     5976.59        0.00
       78.47     5786.26        0.00
       82.12     5850.27        0.00
       86.21     5795.00        0.00
       91.15     5740.78        0.00

       94.37     5765.72        0.00
       96.78     5721.06        0.00
       99.97     5674.74        0.00

 

 => Excluded regions for Pattern#  1
    From     to
     14.0000     18.0000

 => Number of Least-Squares parameters varied:    32

 =>--------------------------->
 =>------->  PATTERN number:  1
 =>--------------------------->
 => Global parameters and codes ==>
 => Zero-point:     0.0005   11.0000
 => Displacement peak-shift parameter and code:     0.00    0.00
 => Transparency peak-shift parameter and code:     0.00    0.00

 => Reading Intensity data  =>>

 -> No recognizable heading in input data file X,Y,sigma
    First 6 lines are considered as COMMENTS (except for TSAMP keyword)
 -> COMMENT: 10.0116	7720.00000                                                                                                                  
 -> COMMENT: 10.0247	7682.00000                                                                                                                  
 -> COMMENT: 10.0379	7673.00000                                                                                                                  
 -> COMMENT: 10.0510	7625.00000                                                                                                                  
 -> COMMENT: 10.0641	7637.00000                                                                                                                  
 -> COMMENT: 10.0772	7712.00000                                                                                                                  
 ==> Angular range, step and number of points:
     2Thmin:      10.090400  2Thmax:      99.993401  Step:       0.013132  No. of points:   6848
 --------------------------------------------------------------------------------
 => Phase  No. 1
       #(C) 2021 by FIZ Karlsruhe - Leibniz Institute for Information Infras
 --------------------------------------------------------------------------------
 =>-------> Pattern#  1
 => Crystal Structure Refinement
 => Preferred orientation vector:   1.0000  0.0000  0.0000

 =>-------> Data for PHASE: 1
 => Number of atoms:    6
 => Number of distance  constraints:    0
 => Number of angle     constraints:    0

 => Symmetry information on space group: P 1 21/c 1          
 -> The multiplicity of the general position is:   4
 -> The space group is Centric (-1 at origin)   
 -> Lattice type  P: { 000 }                                       
 -> Reduced set of symmetry operators:

  No.  IT   Symmetry symbol    Rotation part     Associated Translation
   1: ( 1)   1            -->     ( x, y, z) + {  0.0000  0.0000  0.0000}
   2: ( 3)   2 ( 0, y, 0) -->     (-x, y,-z) + {  0.0000  0.5000  0.5000}


        Information on Space Group: 
        --------------------------- 

 =>   Number of Space group:  14
 =>  Hermann-Mauguin Symbol: P 1 21/c 1
 =>             Hall Symbol: -P 2ybc
 =>    Table Setting Choice: b1
 =>            Setting Type: IT (Generated from Hermann-Mauguin symbol)
 =>          Crystal System: Monoclinic
 =>              Laue Class: 2/m
 =>             Point Group: 2/m
 =>         Bravais Lattice: P
 =>          Lattice Symbol: mP
 =>  Reduced Number of S.O.:   2
 =>    General multiplicity:   4
 =>          Centrosymmetry: Centric (-1 at origin)
 =>  Generators (exc. -1&L):   1
 =>         Asymmetric unit:  0.000 <= x <=  1.000
                              0.000 <= y <=  0.250
                              0.000 <= z <=  1.000

 => List of S.O. without inversion and lattice centring translations
 => SYMM(  1): x,y,z                               => SYMM(  2): -x,y+1/2,-z+1/2


 => Initial parameters ==>
 Atom    Ntyp                  X         Y         Z         B         occ.         in  fin  Spc  Mult
                             B11       B22       B33       B12       B13       B23
 Na1    Na                 0.36870   0.78675   0.11721   1.12908   1.00000           0    0    0    4
                 Codes:  151.00000 161.00000 171.00000   0.00000   0.00000
 Nb1    Nb                 0.15555   0.25553   0.31726   1.31779   1.00000           0    0    0    4
                 Codes:  181.00000 191.00000 201.00000   0.00000   0.00000
 O1     O                  0.18175   0.16468   0.05599   1.45281   1.00000           0    0    0    4
                 Codes:  211.00000 221.00000 231.00000   0.00000   0.00000
 O2     O                  0.07009   0.58594   0.23454   1.45281   1.00000           0    0    0    4
                 Codes:  241.00000 251.00000 261.00000   0.00000   0.00000
 F1     F                  0.36553   0.42615   0.30520   1.79232   1.00000           0    0    0    4
                 Codes:  271.00000 281.00000 291.00000   0.00000   0.00000
 F2     F                  0.31791   0.97835   0.38136   1.79232   1.00000           0    0    0    4
                 Codes:  301.00000 311.00000 321.00000   0.00000   0.00000

 => IT IS ASSUMED THAT THE FIRST GIVEN SITE IS FULLY OCCUPIED 
    OR THE FIRST AND SECOND ATOMS ARE IN THE SAME SITE WITH TOTAL FULL OCCUPATION
  (If this is not the case, change the order of atoms to obtain correct values for the content of the unit cell)
    The given occupation factors have been obtained mutiplying m/M by   1.0000
      -> Atom: Na  ,  Chemical element: NA  Atomic Mass:    22.9898
      -> Atom: Nb  ,  Chemical element: NB  Atomic Mass:    92.9064
      -> Atom: O   ,  Chemical element: O   Atomic Mass:    15.9994
      -> Atom: O   ,  Chemical element: O   Atomic Mass:    15.9994
      -> Atom: F   ,  Chemical element: F   Atomic Mass:    18.9984
      -> Atom: F   ,  Chemical element: F   Atomic Mass:    18.9984
 => The given value of ATZ is        743.57 the program has calculated:         743.57
    The value of ATZ given in the input PCR file will be used for quantitative analysis
 => The chemical content of the unit cell is: 
       4.0000 Na   +   4.0000 Nb   +   4.0000 O    +   4.0000 O    +   4.0000 F    +   4.0000 F      
 => The normalized site occupation numbers in % are: 
     100.0000 Na1    :      100.0000 Nb1    :      100.0000 O1     :      100.0000 O2     :      100.0000 F1     :      100.0000 F2       
 => The density (volumic mass) of the compound is:    3.786 g/cm3

 =>-------> PROFILE PARAMETERS FOR PATTERN:  1

 => Overall scale factor:   0.648560E-02
 => ETA (p-Voigt) OR M (Pearson VII):   0.4534
 => Overall temperature factor:      0.00000
 => Halfwidth U,V,W:      0.03107    -0.00984     0.00613
 => X and Y parameters:       0.0029      0.0000
 => Direct cell parameters:    8.0395   5.4332   7.6370  90.0000 102.1497  90.0000
 => Preferred orientation parameters:  -0.4004  0.0000
 => Asymmetry parameters     :      0.03062     0.01213     0.00000     0.00000
 => Strain parameters        :      0.00000     0.00000     0.00000
 => Size   parameters        :      0.00000     0.00000

 ==> CODEWORDS FOR PROFILE PARAMETERS of PATTERN#  1

 => Overall scale factor:   21.000
 => ETA (p-Voigt) OR M (Pearson VII):  101.000
 => Overall temperature factor:    0.000
 => Halfwidth U,V,W:   71.000  91.000  81.000
 => X and Y parameters:  111.000   0.000
 => Direct cell parameters:   31.000  41.000  51.000   0.000  61.000   0.000
 => Preferred orientation parameters:  141.000   0.000
 => Asymmetry parameters     :  121.000 131.000   0.000   0.000
 => Strain parameters        :    0.000   0.000   0.000
 => Size   parameters        :    0.000   0.000

 => Cell constraints according to Laue symmetry: 2/m  

        Metric information:
        -------------------

 => Direct cell parameters:

         a =       8.0395      b =       5.4332      c =       7.6370
     alpha =       90.000   beta =      102.150  gamma =       90.000
                        Direct Cell Volume =     326.1106

 => Reciprocal cell parameters:

         a*=     0.127236      b*=     0.184053      c*=     0.133942
     alpha*=       90.000   beta*=       77.850  gamma*=       90.000
                    Reciprocal Cell Volume =   0.00306644

 => Direct and Reciprocal Metric Tensors:

                   GD                                       GR
     64.6329      0.0000    -12.9220          0.016189    0.000000    0.003587
      0.0000     29.5197      0.0000          0.000000    0.033876    0.000000
    -12.9220      0.0000     58.3230          0.003587    0.000000    0.017941

 =>  Cartesian frame: z // c; y is in the bc-plane; x is y ^ z = a*  

     Crystal_to_Orthonormal_Matrix              Orthonormal_to_Crystal Matrix
              Cr_Orth_cel                               Orth_Cr_cel  
      8.0395      0.0000     -1.6073          0.124386   -0.000000    0.026779
      0.0000      5.4332      0.0000          0.000000    0.184053   -0.000000
      0.0000      0.0000      7.4659          0.000000    0.000000    0.133942

     Busing-Levy B-matrix: Hc=B.H            Inverse of the Busing-Levy B-matrix
                BL_M                                      BL_Minv  
    0.127236    0.000000    0.028190            7.8594     -0.0000     -1.6920
    0.000000    0.184053   -0.000000            0.0000      5.4332      0.0000
    0.000000    0.000000    0.130942            0.0000      0.0000      7.6370

 => Laue symmetry 2/m   will be used to generate HKL for pattern#   1
 => Reflections generated between S(1/d)min:  0.1139 A-1 and S(1/d)max:  1.0102 A-1
 =>                                    dmax:  8.7808 A   and      dmin:  0.9899 A
 => The number of reflections generated is:    354
 => The max. scatt. variable (gen.ref.) is:       102.1792
 => Scattering coefficients from internal table


 => X-ray scattering coeff. (A1, B1, A2,...C, f(0), Z, Dfp,Dfpp)

 NA      4.7626   3.2850   3.1736   8.8422   1.2674   0.3136   1.1128 129.4240   0.6760  10.9924  11.0000   0.1290   0.1240
 NB     17.6142   1.1887  12.0144  11.7660   4.0418   0.2048   3.5335  69.7957   3.7559  40.9598  41.0000  -0.2480   2.4820
 O       3.0485  13.2771   2.2868   5.7011   1.5463   0.3239   0.8670  32.9089   0.2508   7.9994   8.0000   0.0470   0.0320
 F       3.5392  10.2825   2.6412   4.2944   1.5170   0.2615   1.0243  26.1476   0.2776   8.9993   9.0000   0.0690   0.0530

     --------------------------------------------------------------
      SYMBOLIC NAMES AND INITIAL VALUES OF PARAMETERS TO BE VARIED:
     --------------------------------------------------------------

      ->  Parameter number    1   -> Symbolic Name:                                          Zero_pat1    0.53000002E-03
      ->  Parameter number    2   -> Symbolic Name:                                     Scale_ph1_pat1    0.64856000E-02
      ->  Parameter number    3   -> Symbolic Name:                                    Cell_A_ph1_pat1     8.0394602    
      ->  Parameter number    4   -> Symbolic Name:                                    Cell_B_ph1_pat1     5.4332080    
      ->  Parameter number    5   -> Symbolic Name:                                    Cell_C_ph1_pat1     7.6369519    
      ->  Parameter number    6   -> Symbolic Name:                                    Cell_E_ph1_pat1     102.14971    
      ->  Parameter number    7   -> Symbolic Name:                                    U-Cagl_ph1_pat1    0.31070000E-01
      ->  Parameter number    8   -> Symbolic Name:                                    W-Cagl_ph1_pat1    0.61269999E-02
      ->  Parameter number    9   -> Symbolic Name:                                    V-Cagl_ph1_pat1   -0.98390002E-02
      ->  Parameter number   10   -> Symbolic Name:                                     EtaPV_ph1_pat1    0.45335001    
      ->  Parameter number   11   -> Symbolic Name:                                     X-tan_ph1_pat1    0.28810001E-02
      ->  Parameter number   12   -> Symbolic Name:                                     Asym1_ph1_pat1    0.30619999E-01
      ->  Parameter number   13   -> Symbolic Name:                                     Asym2_ph1_pat1    0.12130000E-01
      ->  Parameter number   14   -> Symbolic Name:                                       Or1_ph1_pat1   -0.40044999    
      ->  Parameter number   15   -> Symbolic Name:                                          X_Na1_ph1    0.36870000    
      ->  Parameter number   16   -> Symbolic Name:                                          Y_Na1_ph1    0.78675002    
      ->  Parameter number   17   -> Symbolic Name:                                          Z_Na1_ph1    0.11721000    
      ->  Parameter number   18   -> Symbolic Name:                                          X_Nb1_ph1    0.15555000    
      ->  Parameter number   19   -> Symbolic Name:                                          Y_Nb1_ph1    0.25553000    
      ->  Parameter number   20   -> Symbolic Name:                                          Z_Nb1_ph1    0.31726000    
      ->  Parameter number   21   -> Symbolic Name:                                           X_O1_ph1    0.18175000    
      ->  Parameter number   22   -> Symbolic Name:                                           Y_O1_ph1    0.16468000    
      ->  Parameter number   23   -> Symbolic Name:                                           Z_O1_ph1    0.55989999E-01
      ->  Parameter number   24   -> Symbolic Name:                                           X_O2_ph1    0.70090003E-01
      ->  Parameter number   25   -> Symbolic Name:                                           Y_O2_ph1    0.58594000    
      ->  Parameter number   26   -> Symbolic Name:                                           Z_O2_ph1    0.23454000    
      ->  Parameter number   27   -> Symbolic Name:                                           X_F1_ph1    0.36553001    
      ->  Parameter number   28   -> Symbolic Name:                                           Y_F1_ph1    0.42614999    
      ->  Parameter number   29   -> Symbolic Name:                                           Z_F1_ph1    0.30520001    
      ->  Parameter number   30   -> Symbolic Name:                                           X_F2_ph1    0.31790999    
      ->  Parameter number   31   -> Symbolic Name:                                           Y_F2_ph1    0.97834998    
      ->  Parameter number   32   -> Symbolic Name:                                           Z_F2_ph1    0.38135999    
  
 
 => No optimization for routine tasks
 ++++++++++++++++++++++++++++++++++++++++++++++++++++++++++++++++++++++++++++++++++++++++++++++++++++++++++++++++++++++++

 => CYCLE No.:    1
 ---------------------------------------------------------------------------------------
 => Phase  1 Name:  #(C) 2021 by FIZ Karlsruhe - Leibniz Institute for Information Infras
 ---------------------------------------------------------------------------------------
 => New parameters, shifts, and standard deviations

 Atom        x       dx      sx       y       dy      sy       z       dz      sz       B       dB      sB      occ.    docc.   socc.

 Na1      0.36870-0.00000 0.00045  0.78675 0.00000 0.00129  0.11721-0.00000 0.00063  1.12908 0.00000 0.00000  1.00000 0.00000 0.00000
 Nb1      0.15555 0.00000 0.00013  0.25553 0.00000 0.00059  0.31726-0.00000 0.00020  1.31779 0.00000 0.00000  1.00000 0.00000 0.00000
 O1       0.18175 0.00000 0.00086  0.16470 0.00002 0.00134  0.05598-0.00001 0.00139  1.45281 0.00000 0.00000  1.00000 0.00000 0.00000
 O2       0.07008-0.00001 0.00077  0.58591-0.00003 0.00165  0.23454-0.00000 0.00110  1.45281 0.00000 0.00000  1.00000 0.00000 0.00000
 F1       0.36553-0.00000 0.00074  0.42613-0.00002 0.00120  0.30520 0.00000 0.00099  1.79232 0.00000 0.00000  1.00000 0.00000 0.00000
 F2       0.31790-0.00001 0.00072  0.97833-0.00002 0.00109  0.38136-0.00000 0.00101  1.79232 0.00000 0.00000  1.00000 0.00000 0.00000

 ==> PROFILE PARAMETERS FOR PATTERN#  1

 => Overall scale factor:      0.006485211    -0.000000389     0.000027422
 => Eta(p-Voigt) or m(Pearson VII):   0.453262 -0.000088  0.013763
 => Overall tem. factor:     0.000000    0.000000    0.000000
 => Halfwidth parameters: 
         0.031064   -0.000006    0.001670
        -0.009842   -0.000003    0.001025
         0.006127   -0.000000    0.000151
 => Cell parameters: 
        8.039460    0.000000    0.000099
        5.433208    0.000000    0.000086
        7.636951   -0.000000    0.000105
       90.000000    0.000000    0.000000
      102.149712    0.000000    0.000935
       90.000000    0.000000    0.000000
 => Preferred orientation: 
        -0.400439    0.000011    0.003701
         0.000000    0.000000    0.000000
 => Asymmetry parameters: 
         0.030615   -0.000005    0.003120
         0.012127   -0.000003    0.000631
         0.000000    0.000000    0.000000
         0.000000    0.000000    0.000000
 => X and Y parameters: 
         0.002875   -0.000006    0.000464
         0.000000    0.000000    0.000000
 => Strain parameters: 
         0.000000    0.000000    0.000000
         0.000000    0.000000    0.000000
         0.000000    0.000000    0.000000
 => Size   parameters (G,L): 
         0.000000    0.000000    0.000000
         0.000000    0.000000    0.000000

 ==> GLOBAL PARAMETERS FOR PATTERN#  1


 => Zero-point:     0.0005   -0.0000    0.0006

 => Cos( theta)-shift parameter :   0.0000  0.0000  0.0000
 => Sin(2theta)-shift parameter :   0.0000  0.0000  0.0000

 ==> RELIABILITY FACTORS WITH ALL NON-EXCLUDED POINTS FOR PATTERN:  1

 => R-Factors:   2.27      3.30     Chi2:  8.17     DW-Stat.:  0.3808   Patt#:  1
 => Expected :            1.16                                1.9331
 => Deviance : 0.538E+05     Dev*:   8.269    
 => GoF-index:  2.9         Sqrt(Residual/N)
 => N-P+C:  6510

 =>    SumYdif       SumYobs      SumYcal      SumwYobsSQ     Residual    Condition
     0.1106E+07    0.4877E+08    0.4871E+08    0.4877E+08    0.5317E+05    0.9603E+10


 => Conventional Rietveld Rp,Rwp,Re and Chi2:   15.7      12.2      4.25      8.167    
 => (Values obtained using Ynet, but true sigma(y))
 =>  SumYnet, Sum(w Ynet**2):     0.7064E+07    0.3599E+07


 ==> RELIABILITY FACTORS FOR POINTS WITH BRAGG CONTRIBUTIONS FOR PATTERN:  1

 => R-Factors:   2.35      3.42     Chi2:  8.78     DW-Stat.:  0.3935   Patt#:
 => Expected :            1.16                                1.9301
 => Deviance : 0.521E+05     Dev*:   8.889    
 => GoF-index:  3.0         Sqrt(Residual/N)
 => N-P+C:  5862

 =>    SumYdif       SumYobs      SumYcal      SumwYobsSQ     Residual    Condition
     0.1034E+07    0.4393E+08    0.4388E+08    0.4393E+08    0.5146E+05    0.9603E+10


 => Conventional Rietveld Rp,Rwp,Re and Chi2:   14.7      12.0      4.04      8.778    
 => (Values obtained using Ynet, but true sigma(y))
 =>  SumYnet, Sum(w Ynet**2):     0.7058E+07    0.3597E+07


 => Global user-weigthed Chi2 (Bragg contrib.):   8.78    

 => ---------> Pattern#  1
 => Phase:  1
 =>    Bragg R-factor:  8.19    
 =>    RF-factor     :  8.48    


   Standard deviations have to be multiplied by: 3.3780
   (correlated residuals) See references:
  -J.F.Berar & P.Lelann, J. Appl. Cryst. 24, 1-5 (1991) 
  -J.F.Berar, Acc. in Pow. Diff. II,NIST Sp.Pub. 846, 63(1992) 

 ++++++++++++++++++++++++++++++++++++++++++++++++++++++++++++++++++++++++++++++++++++++++++++++++++++++++++++++++++++++++

 => CYCLE No.:    1
 =>  Convergence reached at this CYCLE !!!!
 =>  Parameter shifts set to zero
 ---------------------------------------------------------------------------------------
 => Phase  1 Name:  #(C) 2021 by FIZ Karlsruhe - Leibniz Institute for Information Infras
 ---------------------------------------------------------------------------------------
 => New parameters, shifts, and standard deviations

 Atom        x       dx      sx       y       dy      sy       z       dz      sz       B       dB      sB      occ.    docc.   socc.

 Na1      0.36870 0.00000 0.00045  0.78675 0.00000 0.00129  0.11721 0.00000 0.00063  1.12908 0.00000 0.00000  1.00000 0.00000 0.00000
 Nb1      0.15555 0.00000 0.00013  0.25553 0.00000 0.00059  0.31726 0.00000 0.00020  1.31779 0.00000 0.00000  1.00000 0.00000 0.00000
 O1       0.18175 0.00000 0.00086  0.16470 0.00000 0.00134  0.05598 0.00000 0.00139  1.45281 0.00000 0.00000  1.00000 0.00000 0.00000
 O2       0.07008 0.00000 0.00077  0.58591 0.00000 0.00165  0.23454 0.00000 0.00110  1.45281 0.00000 0.00000  1.00000 0.00000 0.00000
 F1       0.36553 0.00000 0.00074  0.42613 0.00000 0.00120  0.30520 0.00000 0.00099  1.79232 0.00000 0.00000  1.00000 0.00000 0.00000
 F2       0.31790 0.00000 0.00072  0.97833 0.00000 0.00109  0.38136 0.00000 0.00101  1.79232 0.00000 0.00000  1.00000 0.00000 0.00000

 ==> PROFILE PARAMETERS FOR PATTERN#  1

 => Overall scale factor:      0.006485211     0.000000000     0.000027422
 => Eta(p-Voigt) or m(Pearson VII):   0.453262  0.000000  0.013763
 => Overall tem. factor:     0.000000    0.000000    0.000000
 => Halfwidth parameters: 
         0.031064    0.000000    0.001670
        -0.009842    0.000000    0.001025
         0.006127    0.000000    0.000151
 => Cell parameters: 
        8.039460    0.000000    0.000099
        5.433208    0.000000    0.000086
        7.636951    0.000000    0.000105
       90.000000    0.000000    0.000000
      102.149712    0.000000    0.000935
       90.000000    0.000000    0.000000
 => Preferred orientation: 
        -0.400439    0.000000    0.003701
         0.000000    0.000000    0.000000
 => Asymmetry parameters: 
         0.030615    0.000000    0.003120
         0.012127    0.000000    0.000631
         0.000000    0.000000    0.000000
         0.000000    0.000000    0.000000
 => X and Y parameters: 
         0.002875    0.000000    0.000464
         0.000000    0.000000    0.000000
 => Strain parameters: 
         0.000000    0.000000    0.000000
         0.000000    0.000000    0.000000
         0.000000    0.000000    0.000000
 => Size   parameters (G,L): 
         0.000000    0.000000    0.000000
         0.000000    0.000000    0.000000

 ==> GLOBAL PARAMETERS FOR PATTERN#  1


 => Zero-point:     0.0005    0.0000    0.0006

 => Cos( theta)-shift parameter :   0.0000  0.0000  0.0000
 => Sin(2theta)-shift parameter :   0.0000  0.0000  0.0000

 ==> RELIABILITY FACTORS WITH ALL NON-EXCLUDED POINTS FOR PATTERN:  1

 => R-Factors:   2.27      3.30     Chi2:  8.17     DW-Stat.:  0.3808   Patt#:  1
 => Expected :            1.16                                1.9331
 => Deviance : 0.538E+05     Dev*:   8.269    
 => GoF-index:  2.9         Sqrt(Residual/N)
 => N-P+C:  6510

 =>    SumYdif       SumYobs      SumYcal      SumwYobsSQ     Residual    Condition
     0.1106E+07    0.4877E+08    0.4871E+08    0.4877E+08    0.5317E+05    0.9603E+10


 => Conventional Rietveld Rp,Rwp,Re and Chi2:   15.7      12.2      4.25      8.167    
 => (Values obtained using Ynet, but true sigma(y))
 =>  SumYnet, Sum(w Ynet**2):     0.7064E+07    0.3599E+07

 => N-sigma of the GoF:      408.913

 ==> RELIABILITY FACTORS FOR POINTS WITH BRAGG CONTRIBUTIONS FOR PATTERN:  1

 => R-Factors:   2.35      3.42     Chi2:  8.78     DW-Stat.:  0.3935   Patt#:
 => Expected :            1.16                                1.9301
 => Deviance : 0.521E+05     Dev*:   8.889    
 => GoF-index:  3.0         Sqrt(Residual/N)
 => N-P+C:  5862

 =>    SumYdif       SumYobs      SumYcal      SumwYobsSQ     Residual    Condition
     0.1034E+07    0.4393E+08    0.4388E+08    0.4393E+08    0.5146E+05    0.9603E+10


 => Conventional Rietveld Rp,Rwp,Re and Chi2:   14.7      12.0      4.04      8.778    
 => (Values obtained using Ynet, but true sigma(y))
 =>  SumYnet, Sum(w Ynet**2):     0.7058E+07    0.3597E+07

 => N-sigma of the GoF:      421.092

 => Global user-weigthed Chi2 (Bragg contrib.):   9.07    

 => ---------> Pattern#  1
 => Phase:  1
 =>    Bragg R-factor:  8.19    
 =>    RF-factor     :  8.48    

 --------------------------------------------------------------------------------------------------------------
 Pattern#  1 Phase No.:   1 Phase name:  #(C) 2021 by FIZ Karlsruhe - 
 --------------------------------------------------------------------------------------------------------------

   No.  Code     H   K   L  Mult      Hw      ETA/M    2theta/TOF     Icalc       Iobs      Sigma     StrFactor^2    d-hkl       CORR

      1   1      1   0   0     2  0.073888  0.485601      11.249     4809.6     4692.6      9.781       3854.5327  7.859385      1.000000
      2   1      1   1   0     4  0.073189  0.510325      19.849     7160.5     6972.9     10.786      13272.1572  4.469244      0.688232
      3   1      0   1   1     4  0.073213  0.511325      20.197       11.7       24.2      3.276         35.8959  4.393060      0.432556
      4   1     -1   1   1     4  0.073393  0.516231      21.904        1.9       45.8      5.214          5.1417  4.054482      0.584747
      5   1      2   0   0     2  0.073496  0.518257      22.608     1926.9     2040.7      8.472       6436.8345  3.929692      1.000000
      6   1      0   0   2     2  0.073715  0.521731      23.817     1710.0     1748.5      7.096      13337.6191  3.732946      0.477446
      7   1     -1   0   2     2  0.073779  0.522618      24.125     2515.2     2403.0      6.637      19059.5488  3.685948      0.504791
      8   1      1   1   1     4  0.073835  0.523367      24.386       25.6       25.2      2.748         72.7591  3.647133      0.687075
      9   1      2   1   0     4  0.074868  0.533755      27.999     7726.0     7606.2     11.111      23653.4941  3.184131      0.854692
     10   1     -2   1   1     4  0.075054  0.535238      28.515       30.3       28.6      0.551        105.2855  3.127670      0.781565
     11   1      1   0   2     2  0.075057  0.535268      28.525       98.0       93.6      1.696        771.1202  3.126544      0.691756
     12   1      0   1   2     4  0.075235  0.536625      28.997     2549.8     2703.6      7.019      15693.6953  3.076734      0.457993
     13   1     -1   1   2     4  0.075336  0.537364      29.254      237.4      284.6      1.885       1418.9436  3.050260      0.480459
     14   1     -2   0   2     2  0.075355  0.537502      29.302      515.9      660.5      3.648       4183.0439  3.045386      0.710841
     15   1      2   1   1     4  0.076736  0.546311      32.366       48.7        0.0      6.355        208.1625  2.763738      0.833583
     16   1      0   2   0     2  0.077033  0.547971      32.944      656.9      667.0      3.920      13067.3799  2.716604      0.372294
     17   1      1   1   2     4  0.077078  0.548212      33.028     1227.8     1194.0      4.364       7109.2925  2.709893      0.643081
     18   1     -2   1   2     4  0.077447  0.550175      33.711      867.8      843.6      5.118       5107.7329  2.656536      0.661083
     19   1      3   0   0     2  0.077721  0.551576      34.198      531.4      684.4      4.764       4265.5850  2.619795      1.000000
     20   1      1   2   0     4  0.078139  0.553640      34.916      534.1      556.7      5.526       4142.9316  2.567552      0.541318
     21   1      0   2   1     4  0.078263  0.554237      35.123       24.0       50.6      1.691        250.9313  2.552856      0.406760
     22   1     -1   2   1     4  0.078917  0.557260      36.175       24.3       37.6      3.499        221.7153  2.481011      0.496382
     23   1      2   0   2     2  0.079121  0.558169      36.491      500.6      341.4      5.879       5631.0278  2.460238      0.821782
     24   1     -3   0   2     2  0.079817  0.561159      37.531      175.3      108.4      3.486       2070.9873  2.394414      0.831971
     25   1     -3   1   1     4  0.079938  0.561664      37.707      453.3      447.5      3.624       2561.1057  2.383676      0.878577
     26   1      1   2   1     4  0.080000  0.561922      37.797      354.4      327.0      2.788       3125.1389  2.378218      0.566005
     27   1      3   1   0     4  0.080216  0.562803      38.103        1.5        4.6      0.653          8.2806  2.359793      0.922345
     28   1     -1   1   3     4  0.081041  0.566066      39.238      266.4      297.3      7.118       3439.5938  2.294104      0.419544
     29   1      0   1   3     4  0.081472  0.567704      39.808        0.3        1.3      0.303          3.9478  2.262577      0.467342
     30   1      2   1   2     4  0.081779  0.568843      40.204       43.2       86.8      2.696        318.7348  2.241177      0.773899
     31   1      2   2   0     4  0.081875  0.569197      40.327      202.5      346.7      4.113       1693.1539  2.234622      0.688232
     32   1     -2   2   1     4  0.082173  0.570278      40.703        0.3        0.2      0.076          2.3675  2.214840      0.645325
     33   1      0   2   2     4  0.082458  0.571298      41.058      172.0      159.3      2.776       2381.4116  2.196530      0.432556
     34   1     -3   1   2     4  0.082545  0.571605      41.165      533.8      482.2      3.692       4095.0408  2.191077      0.785102
     35   1     -1   2   2     4  0.082613  0.571845      41.248      264.7      251.5      2.092       3570.7969  2.186836      0.448413
     36   1     -2   1   3     4  0.083289  0.574182      42.061       19.6       11.8      3.389        219.6191  2.146421      0.563125
     37   1      3   1   1     4  0.083459  0.574760      42.262       23.3       23.4      3.829        164.4146  2.136678      0.903407
     38   1      2   2   1     4  0.084639  0.578636      43.611       96.3       84.5      4.641        942.4329  2.073694      0.699615
     39   1      1   1   3     4  0.084684  0.578779      43.660       76.2       58.5      2.597        860.9271  2.071450      0.606973
     40   1      1   2   2     4  0.085107  0.580118      44.126       28.2        3.1      2.758        347.0451  2.050656      0.570024
     41   1     -2   2   2     4  0.085604  0.581662      44.663      729.3      729.9      6.580       9000.0684  2.027241      0.584747
     42   1      4   0   0     2  0.087043  0.585971      46.162     1174.8     1322.7      8.002      18254.3457  1.964846      1.000000
     43   1      3   0   2     2  0.087180  0.586372      46.301      116.0      119.0      0.946       2038.7457  1.959254      0.890254
     44   1     -4   0   2     2  0.088394  0.589823      47.502      476.0      318.9      4.611       8803.0186  1.912502      0.895655
     45   1     -1   0   4     2  0.088503  0.590126      47.607      512.9      472.6      3.210      22157.8789  1.908509      0.385344
     46   1     -3   1   3     4  0.088688  0.590638      47.785       11.5       11.1      0.245        140.7796  1.901816      0.685937
     47   1     -3   2   1     4  0.088797  0.590939      47.890       12.1       12.1      0.542        134.9491  1.897892      0.756224
     48   1      3   2   0     4  0.089141  0.591880      48.217     1367.1     1515.2      6.041      14819.7715  1.885771      0.789987
     49   1     -4   1   1     4  0.089232  0.592127      48.303       24.6       28.5      0.140        228.1270  1.882618      0.925652
     50   1      0   0   4     2  0.089706  0.593406      48.748       38.4      115.7      2.216       1413.7581  1.866473      0.477446
     51   1     -1   2   3     4  0.090153  0.594595      49.162        1.6        2.2      0.046         34.1373  1.851738      0.410212
     52   1      4   1   0     4  0.090277  0.594922      49.275     1051.1     1153.4      5.623       9917.0459  1.847733      0.952925
     53   1      3   1   2     4  0.090422  0.595303      49.408       83.7       85.1      0.393        888.4421  1.843080      0.852616
     54   1     -2   0   4     2  0.090425  0.595312      49.411      328.7      333.3      1.557      11780.6406  1.842974      0.504791
     55   1      0   2   3     4  0.090676  0.595968      49.639        1.3        1.1      0.049         26.6333  1.835039      0.448538
     56   1      2   2   2     4  0.091046  0.596927      49.973     1472.7     1465.8      6.015      19891.9648  1.823567      0.687075
     57   1      2   1   3     4  0.091287  0.597544      50.188        1.1        1.2      0.024         14.5957  1.816263      0.719123
     58   1     -4   1   2     4  0.091699  0.598594      50.553      161.8      134.9      2.859       1792.9558  1.804002      0.859199
     59   1     -1   1   4     4  0.091813  0.598883      50.653      110.4      125.1      1.572       2746.2690  1.800650      0.384601
     60   1     -3   2   2     4  0.091964  0.599263      50.786      311.6      355.7      3.202       4292.2427  1.796271      0.698454

   No.  Code     H   K   L  Mult      Hw      ETA/M    2theta/TOF     Icalc       Iobs      Sigma     StrFactor^2    d-hkl       CORR

     61   1     -2   2   3     4  0.092847  0.601461      51.550       18.0       12.8      1.000        340.8560  1.771419      0.526817
     62   1      3   2   1     4  0.093049  0.601956      51.722       35.5       35.2      0.281        448.3435  1.765930      0.792813
     63   1      0   1   4     4  0.093075  0.602020      51.744      685.2      695.1      4.520      14582.0137  1.765218      0.471398
     64   1      1   3   0     4  0.093090  0.602056      51.757      224.0      226.6      1.421       4636.4785  1.764820      0.484961
     65   1      0   3   1     4  0.093269  0.602491      51.908       71.5       77.2      0.728       1824.1809  1.760025      0.395893
     66   1     -2   1   4     4  0.093829  0.603846      52.380        0.3        0.2      0.075          5.3415  1.745300      0.497247
     67   1     -1   3   1     4  0.094194  0.604719      52.683        2.7        1.9      0.075         60.6981  1.735952      0.457198
     68   1      1   0   4     2  0.094204  0.604742      52.691      176.9      124.8      4.701       6228.5508  1.735700      0.593653
     69   1      1   2   3     4  0.094487  0.605416      52.926        6.2        0.0      0.907        116.6702  1.728568      0.563962
     70   1      4   1   1     4  0.094992  0.606603      53.339        2.9        0.0      2.519         33.2871  1.716155      0.938515
     71   1      1   3   1     4  0.095688  0.608217      53.900        0.1        0.0      0.810          1.9652  1.699599      0.506431
     72   1     -3   0   4     2  0.095738  0.608334      53.941        0.5        0.0      3.055         17.3233  1.698415      0.617921
     73   1      1   1   4     4  0.097774  0.612916      55.535      241.1      189.5      6.022       4868.3662  1.653381      0.581926
     74   1     -4   1   3     4  0.098040  0.613502      55.738       86.6       79.9      1.063       1323.0229  1.647820      0.775708
     75   1      2   3   0     4  0.098186  0.613822      55.850      856.9      794.6      4.653      17145.0078  1.644797      0.594842
     76   1     -2   3   1     4  0.098575  0.614669      56.144       41.0       52.3      1.324        871.2309  1.636860      0.566443
     77   1      0   3   2     4  0.098946  0.615471      56.423      244.1      330.8      3.560       7133.3491  1.629428      0.416561
     78   1     -3   2   3     4  0.099106  0.615814      56.543        7.1        8.9      0.132        137.2831  1.626271      0.634165
     79   1     -1   3   2     4  0.099147  0.615903      56.574       15.5       19.4      0.262        444.1645  1.625458      0.428189
     80   1     -3   1   4     4  0.099372  0.616384      56.741      558.0      561.4      4.132      11363.7998  1.621057      0.605301
     81   1     -4   2   1     4  0.099726  0.617139      57.003       61.7       68.3      1.795        925.6136  1.614218      0.829865
     82   1      4   0   2     2  0.100210  0.618163      57.360       29.4       21.8      2.323        799.7003  1.605036      0.927407
     83   1      4   2   0     4  0.100914  0.619633      57.871      399.6      491.8      4.494       6020.3906  1.592066      0.854692
     84   1      3   2   2     4  0.101078  0.619974      57.990      288.6      376.1      2.495       4827.0776  1.589086      0.773543
     85   1      2   3   1     4  0.101739  0.621335      58.463        2.4        2.2      0.284         52.5857  1.577348      0.611276
     86   1      5   0   0     2  0.102053  0.621977      58.686       27.2       28.8      0.502        723.3788  1.571877      1.000000
     87   1     -5   0   2     2  0.102056  0.621982      58.688      145.4      153.9      2.648       4150.8008  1.571828      0.930460
     88   1      2   2   3     4  0.102058  0.621985      58.689        4.8        5.1      0.087         95.9057  1.571802      0.665314
     89   1      3   1   3     4  0.102152  0.622178      58.756       14.0       14.7      0.260        233.6111  1.570174      0.798633
     90   1      1   3   2     4  0.102329  0.622537      58.881      233.2      252.3      2.198       6005.9233  1.567137      0.519449
     91   1     -4   2   2     4  0.102523  0.622930      59.018      546.7      520.2      2.905       9407.0391  1.563835      0.781565
     92   1      2   0   4     2  0.102556  0.622997      59.041       67.9       66.0      0.354       2642.9077  1.563272      0.691756
     93   1     -1   2   4     4  0.102653  0.623191      59.109      180.8      184.9      1.190       6369.6719  1.561650      0.382956
     94   1     -2   3   2     4  0.102953  0.623796      59.319      474.9      464.1      3.312      12161.9551  1.556612      0.530960
     95   1     -5   1   1     4  0.103861  0.625601      59.947       17.5       14.5      0.410        255.6602  1.541794      0.950592
     96   1      4   1   2     4  0.104019  0.625912      60.055      842.6      737.1      5.249      13094.2949  1.539276      0.899162
     97   1      0   2   4     4  0.104076  0.626025      60.094       17.6       15.5      0.117        536.2798  1.538367      0.457993
     98   1     -2   2   4     4  0.104923  0.627681      60.670      248.7      305.2      3.790       7397.2661  1.525130      0.480459
     99   1     -4   0   4     2  0.105082  0.627990      60.778       66.0       73.2      1.106       2662.9575  1.522693      0.710841
    100   1      5   1   0     4  0.105931  0.629622      61.346      503.5      604.2      3.038       7608.1196  1.509955      0.968739
    101   1     -5   1   2     4  0.105934  0.629628      61.348      479.4      575.0      2.867       7770.4531  1.509912      0.903124
    102   1      4   2   1     4  0.106229  0.630192      61.544        7.7        8.4      0.068        132.6647  1.505567      0.853536
    103   1      2   1   4     4  0.106453  0.630615      61.691      277.6      212.3      3.358       6073.0684  1.502323      0.677312
    104   1     -3   3   1     4  0.106914  0.631487      61.994        3.7        1.5      0.384         82.4784  1.495703      0.662679
    105   1      3   3   0     4  0.107336  0.632279      62.270        4.5        3.9      1.463         98.7468  1.489748      0.688232
    106   1     -1   3   3     4  0.108574  0.634574      63.068        6.3        8.2      1.321        244.0097  1.472797      0.402303
    107   1     -1   1   5     4  0.108777  0.634946      63.197        8.8        8.3      0.919        359.3734  1.470094      0.381797
    108   1     -4   1   4     4  0.109071  0.635484      63.385      238.1      205.2      4.641       5370.9980  1.466201      0.696176
    109   1      0   3   3     4  0.109212  0.635741      63.474        8.2        7.5      0.145        297.8058  1.464353      0.432556
    110   1      1   2   4     4  0.109343  0.635979      63.557      221.4      207.0      2.725       6298.2476  1.462645      0.555238
    111   1     -4   2   3     4  0.109641  0.636518      63.744        4.5        3.7      0.084         98.1426  1.458791      0.721300
    112   1      2   3   2     4  0.109663  0.636559      63.758       71.4       57.3      1.476       1842.9707  1.458504      0.615847
    113   1     -2   1   5     4  0.110305  0.637715      64.161        1.3        1.6      0.302         47.3566  1.450327      0.453414
    114   1     -3   3   2     4  0.110778  0.638559      64.454      199.1      189.4      4.660       5177.0747  1.444425      0.625957
    115   1     -3   2   4     4  0.111127  0.639180      64.670       14.3       12.0      0.582        405.6809  1.440125      0.576338
    116   1      0   1   5     4  0.111154  0.639228      64.687        8.2        6.9      0.414        284.7835  1.439795      0.473455
    117   1     -2   3   3     4  0.111848  0.640451      65.113        5.7        4.8      1.886        190.1047  1.431408      0.495007
    118   1      3   3   1     4  0.112092  0.640879      65.261        0.7        0.6      0.223         15.7458  1.428507      0.699215
    119   1      5   1   1     4  0.112384  0.641388      65.438       28.2       15.1      2.125        494.3213  1.425068      0.957901
    120   1     -5   1   3     4  0.112390  0.641399      65.442       30.1       16.1      2.260        604.8110  1.424994      0.837073

   No.  Code     H   K   L  Mult      Hw      ETA/M    2theta/TOF     Icalc       Iobs      Sigma     StrFactor^2    d-hkl       CORR

    121   1      1   3   3     4  0.113829  0.643882      66.306        0.6        3.4      1.018         20.5584  1.408512      0.525345
    122   1      3   2   3     4  0.114226  0.644559      66.541       23.7       50.7      4.687        554.3489  1.404094      0.745190
    123   1      3   0   4     2  0.115689  0.647024      67.399       30.2       21.9      4.571       1405.8002  1.388306      0.766866
    124   1     -3   1   5     4  0.115898  0.647373      67.520        1.4        1.0      0.273         47.2728  1.386102      0.545317
    125   1     -5   2   1     4  0.116129  0.647757      67.654        1.0        0.4      0.158         21.0357  1.383691      0.877535
    126   1      4   2   2     4  0.116305  0.648048      67.755       29.9       21.7      3.362        648.3821  1.381869      0.833583
    127   1      1   1   5     4  0.117685  0.650316      68.544        2.1        8.8      1.101         70.0327  1.367878      0.564383
    128   1      5   2   0     4  0.118433  0.651528      68.966       73.9       82.7      2.561       1543.9216  1.360538      0.895669
    129   1     -5   2   2     4  0.118436  0.651534      68.967       34.9       39.3      1.196        779.0216  1.360506      0.839084
    130   1      4   1   3     4  0.118462  0.651575      68.982        0.4        0.5      0.013          8.9074  1.360260      0.852545
    131   1      0   4   0     2  0.118664  0.651901      69.095       81.6      113.4      1.994       8238.8857  1.358302      0.372294
    132   1      2   2   4     4  0.119014  0.652463      69.291      282.2      310.2      3.431       8290.5508  1.354946      0.643081
    133   1     -3   3   3     4  0.119378  0.653045      69.493        0.1        0.1      0.001          3.6244  1.351494      0.584747
    134   1      5   0   2     2  0.119475  0.653200      69.547       81.7       79.5      0.778       3278.8120  1.350578      0.949009
    135   1     -5   0   4     2  0.119485  0.653216      69.552      245.4      238.3      2.381      11963.0820  1.350485      0.780963
    136   1      3   1   4     4  0.120063  0.654134      69.872      264.4      222.6      3.163       6750.6191  1.345088      0.752250
    137   1     -4   3   1     4  0.120121  0.654226      69.904       13.6       11.0      0.197        354.8267  1.344552      0.739585
    138   1      1   4   0     4  0.120786  0.655275      70.269       17.8       18.0      1.558        757.6193  1.338460      0.456347
    139   1      0   4   1     4  0.121018  0.655639      70.395        2.4        3.4      0.332        120.8884  1.336365      0.390146
    140   1      4   3   0     4  0.121543  0.656459      70.681       83.2      100.5      3.162       2149.5598  1.331670      0.760876
    141   1     -1   2   5     4  0.121601  0.656548      70.712        0.9        1.2      0.032         48.4443  1.331161      0.380894
    142   1      3   3   2     4  0.121740  0.656766      70.787       39.3       51.6      1.400       1110.0170  1.329925      0.697311
    143   1     -4   2   4     4  0.121928  0.657058      70.889       38.4       46.1      1.316       1148.2449  1.328268      0.661083
    144   1     -6   0   2     2  0.122154  0.657407      71.010        4.0        5.9      0.258        166.6011  1.326295      0.950859
    145   1     -1   4   1     4  0.122218  0.657506      71.045        2.0        3.0      0.148         89.0589  1.325735      0.436335
    146   1      2   3   3     4  0.122913  0.658575      71.417        0.2        0.5      0.088          6.8124  1.319743      0.612242
    147   1     -2   2   5     4  0.123302  0.659171      71.624        0.6        1.0      0.113         27.5314  1.316432      0.445584
    148   1     -4   3   2     4  0.123470  0.659427      71.713       16.0       18.9      1.291        456.9564  1.315017      0.705490
    149   1     -1   3   4     4  0.123625  0.659662      71.795       48.0       55.9      2.198       2549.9827  1.313716      0.381253
    150   1      5   1   2     4  0.123988  0.660213      71.987       73.3       86.3      1.163       1609.1665  1.310691      0.927688
    151   1     -5   1   4     4  0.123998  0.660229      71.992       41.6       49.3      0.635       1105.5140  1.310605      0.766536
    152   1      6   0   0     2  0.124083  0.660358      72.037      212.0      259.0      2.831       8639.8555  1.309897      1.000000
    153   1      1   4   1     4  0.124152  0.660462      72.073        8.7       10.6      0.131        372.6222  1.309330      0.473753
    154   1      0   2   5     4  0.124248  0.660607      72.123       17.8       21.0      0.337        782.1533  1.308541      0.463718
    155   1     -6   1   1     4  0.125280  0.662158      72.663        7.7        7.2      0.376        166.3472  1.300147      0.965047
    156   1      0   3   4     4  0.125328  0.662229      72.688       76.2       71.0      3.259       3558.7852  1.299765      0.444110
    157   1      5   2   1     4  0.125618  0.662661      72.838        8.7        6.4      0.506        202.7044  1.297455      0.892999
    158   1     -5   2   3     4  0.125625  0.662671      72.842        2.2        1.7      0.130         59.3426  1.297400      0.787083
    159   1     -4   1   5     4  0.126155  0.663459      73.115       25.3       21.1      1.869        842.2814  1.293214      0.629637
    160   1     -2   3   4     4  0.126342  0.663735      73.212        8.1        7.9      0.627        366.7921  1.291752      0.462993
    161   1     -6   1   2     4  0.126767  0.664361      73.429      248.1      232.4      4.233       5634.6963  1.288461      0.930186
    162   1      2   4   0     4  0.127379  0.665258      73.741       34.3       26.4      1.531       1350.0594  1.283776      0.541318
    163   1     -2   4   1     4  0.127881  0.665989      73.996       29.5       27.8      1.753       1216.0597  1.279992      0.520497
    164   1      4   3   1     4  0.127906  0.666026      74.009        2.8        2.7      0.174         79.1009  1.279801      0.767520
    165   1      0   4   2     4  0.128359  0.666683      74.237       40.2       60.7      1.611       2131.4875  1.276428      0.406760
    166   1     -1   4   2     4  0.128618  0.667057      74.367      122.9      167.4      2.546       6392.2402  1.274517      0.415788
    167   1      6   1   0     4  0.128769  0.667274      74.443       80.3      104.6      1.710       1778.2544  1.273412      0.977837
    168   1      2   1   5     4  0.129079  0.667720      74.598        6.5        8.1      0.213        219.8688  1.271146      0.646240
    169   1     -1   0   6     2  0.129097  0.667745      74.607        0.9        1.2      0.032        102.7514  1.271019      0.397656
    170   1     -3   2   5     4  0.129536  0.668375      74.825        8.4        6.2      1.095        346.0316  1.267842      0.529213
    171   1     -2   0   6     2  0.129880  0.668864      74.996       12.4        1.5      1.991       1284.1222  1.265384      0.424580
    172   1      1   2   5     4  0.131531  0.671196      75.807       10.9        1.0      1.109        444.8404  1.253851      0.546774
    173   1      1   3   4     4  0.131638  0.671345      75.859       58.6       12.3      3.952       2489.5542  1.253123      0.526695
    174   1      2   4   1     4  0.131961  0.671796      76.016       10.9        3.9      0.800        438.3441  1.250924      0.556712
    175   1     -4   3   3     4  0.131995  0.671843      76.032        0.9        0.4      0.065         30.5700  1.250697      0.663951
    176   1      4   2   3     4  0.132399  0.672405      76.227        0.6        0.2      0.101         17.8698  1.247976      0.804664
    177   1      1   4   2     4  0.132723  0.672854      76.383       10.5        9.2      1.268        487.8578  1.245813      0.487216
    178   1      0   0   6     2  0.132949  0.673166      76.492       24.3       28.7      2.018       2311.2102  1.244315      0.477446
    179   1     -6   1   3     4  0.133410  0.673801      76.713        3.0        3.2      0.146         77.1337  1.241281      0.878552
    180   1     -2   4   2     4  0.133529  0.673964      76.770       31.4       31.4      1.007       1447.8429  1.240506      0.496382

   No.  Code     H   K   L  Mult      Hw      ETA/M    2theta/TOF     Icalc       Iobs      Sigma     StrFactor^2    d-hkl       CORR

    181   1     -3   3   4     4  0.133779  0.674308      76.889      247.5      235.7      3.235      10405.0703  1.238873      0.545019
    182   1     -1   1   6     4  0.133975  0.674576      76.983      134.8      137.9      1.789       7795.0483  1.237605      0.396979
    183   1      3   2   4     4  0.134189  0.674868      77.084        3.2        3.0      0.053        102.8655  1.236229      0.716132
    184   1     -2   1   6     4  0.134789  0.675684      77.368       29.6       28.8      1.296       1616.6431  1.232402      0.423174
    185   1      4   0   4     2  0.135151  0.676174      77.538      130.4      119.9      2.875       7371.2295  1.230119      0.821782
    186   1     -3   0   6     2  0.135386  0.676490      77.648       81.2       76.5      1.935       7493.5894  1.228649      0.504791
    187   1      3   3   3     4  0.137507  0.679321      78.633        4.9        9.8      1.094        171.0332  1.215711      0.687075
    188   1      6   1   1     4  0.137667  0.679532      78.706        6.4       13.0      1.039        156.7570  1.214764      0.969535
    189   1      0   1   6     4  0.137980  0.679944      78.850       15.3       26.9      1.458        769.3579  1.212913      0.474627
    190   1      5   2   2     4  0.138586  0.680739      79.126       44.9       42.7      0.762       1231.9832  1.209366      0.874783
    191   1     -5   2   4     4  0.138598  0.680754      79.132      239.3      227.4      3.989       7862.3560  1.209299      0.730568
    192   1     -3   4   1     4  0.138648  0.680819      79.154        8.3        7.9      0.137        332.3919  1.209011      0.600144
    193   1      3   4   0     4  0.139194  0.681532      79.402       75.9       71.4      1.484       2954.3376  1.205859      0.620060
    194   1     -5   3   1     4  0.139802  0.682320      79.676        1.4        1.4      0.039         42.7066  1.202395      0.797862
    195   1      4   3   2     4  0.140014  0.682594      79.772      175.5      175.9      2.951       5600.9282  1.201199      0.761782
    196   1     -6   2   1     4  0.140037  0.682624      79.782        7.4        7.4      0.122        199.1461  1.201069      0.908880
    197   1      4   1   4     4  0.140272  0.682926      79.887       86.1       88.2      1.644       2596.1423  1.199753      0.808344
    198   1     -3   1   6     4  0.140516  0.683240      79.996        8.8        9.1      0.186        429.4100  1.198390      0.501278
    199   1     -6   0   4     2  0.140729  0.683513      80.091       26.1       27.1      0.716       1535.7878  1.197207      0.831971
    200   1     -1   4   3     4  0.140799  0.683604      80.123        1.1        1.2      0.036         68.0282  1.196817      0.396591
    201   1     -4   2   5     4  0.141020  0.683886      80.221        4.0        4.3      0.244        159.7895  1.195597      0.607712
    202   1      0   4   3     4  0.141628  0.684661      80.490        0.4        0.4      0.032         21.9672  1.192273      0.421014
    203   1     -6   2   2     4  0.141708  0.684762      80.526        2.0        2.2      0.138         55.3327  1.191838      0.878577
    204   1      1   0   6     2  0.141880  0.684981      80.602       43.5       45.7      1.856       3863.0186  1.190905      0.556348
    205   1      2   4   2     4  0.142213  0.685403      80.749      154.7      155.6      2.956       6766.3110  1.189109      0.566005
    206   1      5   1   3     4  0.142284  0.685493      80.780        0.2        0.2      0.003          4.7215  1.188730      0.889095
    207   1     -5   1   5     4  0.142300  0.685513      80.787        2.2        2.2      0.040         78.9372  1.188645      0.701246
    208   1      5   3   0     4  0.142587  0.685876      80.913       72.4       69.7      1.175       2204.9729  1.187109      0.814964
    209   1     -5   3   2     4  0.142591  0.685881      80.915       66.9       64.4      1.086       2161.2100  1.187088      0.768103
    210   1      2   3   4     4  0.143291  0.686760      81.220       33.5       37.5      1.044       1384.3175  1.183390      0.604459
    211   1     -3   4   2     4  0.143663  0.687225      81.383       66.5       65.9      1.762       2899.3735  1.181442      0.574600
    212   1      6   2   0     4  0.143961  0.687597      81.512      165.5      171.4      3.038       4502.2695  1.179896      0.922345
    213   1      2   2   5     4  0.144311  0.688031      81.663        2.6        2.9      0.084        105.8749  1.178094      0.623463
    214   1     -2   4   3     4  0.145058  0.688955      81.984        8.6       12.7      1.231        461.7933  1.174287      0.471643
    215   1      3   4   1     4  0.145376  0.689347      82.120        0.0        0.0      0.004          0.7114  1.172684      0.632592
    216   1     -6   1   4     4  0.146083  0.690213      82.422       92.0       98.6      3.885       2862.5181  1.169160      0.818887
    217   1     -4   0   6     2  0.146269  0.690441      82.501        1.0        1.3      0.050         88.1190  1.168239      0.582022
    218   1     -1   3   5     4  0.146430  0.690637      82.569        9.0       12.2      0.487        608.0067  1.167444      0.379831
    219   1      3   1   5     4  0.146751  0.691028      82.705        7.8        7.5      0.253        279.9651  1.165870      0.714860
    220   1     -4   3   4     4  0.146829  0.691122      82.738       61.0       57.7      2.061       2515.4136  1.165491      0.620953
    221   1      1   1   6     4  0.147283  0.691672      82.929       11.1       10.2      0.469        514.8741  1.163288      0.551642
    222   1      6   0   2     2  0.147558  0.692004      83.045      102.5       98.3      2.811       5483.0620  1.161963      0.962438
    223   1      1   4   3     4  0.147645  0.692109      83.081       18.2       18.1      0.583        942.2751  1.161546      0.496539
    224   1     -2   3   5     4  0.148502  0.693138      83.439        4.4        3.9      0.746        259.1466  1.157470      0.436380
    225   1     -6   2   3     4  0.149200  0.693971      83.729        3.0        0.0      1.080         94.4619  1.154201      0.835256
    226   1      0   3   5     4  0.149655  0.694511      83.917        3.4        0.0      1.314        194.3749  1.152096      0.452250
    227   1     -1   2   6     4  0.149840  0.694730      83.993        0.9        0.1      0.372         58.8908  1.151244      0.395230
    228   1     -2   2   6     4  0.150762  0.695816      84.371       25.4       27.7      3.256       1591.8557  1.147052      0.419544
    229   1      5   3   1     4  0.151329  0.696480      84.602        0.8        0.7      0.057         25.1738  1.144508      0.818643
    230   1     -5   3   3     4  0.151338  0.696490      84.605        0.5        0.5      0.034         17.7231  1.144470      0.729451
    231   1     -7   0   2     2  0.151527  0.696711      84.682       77.2       71.6      3.120       4225.7725  1.143625      0.963629
    232   1     -4   1   6     4  0.151864  0.697103      84.818       52.7       55.2      2.145       2414.7402  1.142135      0.576797
    233   1      6   1   2     4  0.153211  0.698660      85.360       27.5       20.7      3.213        773.0319  1.136268      0.946022
    234   1      6   2   1     4  0.154026  0.699594      85.685        6.8        4.7      0.711        198.5078  1.132790      0.919270
    235   1      0   2   6     4  0.154382  0.700000      85.826       50.8       30.5      3.323       2910.4619  1.131289      0.467342
    236   1     -3   4   3     4  0.154943  0.700637      86.048       10.4        4.8      0.906        512.5021  1.128943      0.546308
    237   1     -4   4   1     4  0.155927  0.701747      86.434       12.6       15.9      1.360        509.3295  1.124887      0.670333
    238   1     -3   3   5     4  0.156138  0.701984      86.516       13.3       16.9      1.168        703.4540  1.124027      0.509975
    239   1      7   0   0     2  0.156448  0.702332      86.637       15.2       20.4      1.046        821.3853  1.122769      1.000000
    240   1     -7   1   1     4  0.156728  0.702645      86.746        0.3        0.3      0.010          6.9621  1.121638      0.974068

   No.  Code     H   K   L  Mult      Hw      ETA/M    2theta/TOF     Icalc       Iobs      Sigma     StrFactor^2    d-hkl       CORR

    241   1      4   2   4     4  0.156990  0.702937      86.848      138.8      142.6      2.973       4867.8286  1.120588      0.773899
    242   1      2   0   6     2  0.157051  0.703004      86.871        1.2        1.3      0.025        107.8597  1.120346      0.628837
    243   1     -3   2   6     4  0.157268  0.703246      86.955       90.6      102.3      1.827       5002.5244  1.119477      0.492176
    244   1     -7   1   2     4  0.157362  0.703351      86.992        3.9        4.4      0.084        111.0896  1.119103      0.947672
    245   1      4   4   0     4  0.157815  0.703852      87.166       78.9       84.2      1.404       3122.8955  1.117311      0.688232
    246   1      3   4   2     4  0.158077  0.704142      87.267       66.5       73.0      1.559       2842.4404  1.116280      0.637762
    247   1      1   3   5     4  0.158598  0.704717      87.467        0.1        0.1      0.004          5.0908  1.114243      0.525621
    248   1      5   2   3     4  0.159285  0.705470      87.729        5.7        5.7      0.544        184.9717  1.111591      0.848057
    249   1     -5   2   5     4  0.159303  0.705489      87.735        5.6        5.7      0.526        225.6923  1.111521      0.676513
    250   1      2   4   3     4  0.159638  0.705855      87.863       11.7       16.2      0.915        565.9349  1.110238      0.569956
    251   1      4   3   3     4  0.159671  0.705891      87.875       14.5       20.3      1.123        533.5883  1.110114      0.748015
    252   1     -4   4   2     4  0.160382  0.706664      88.144       85.7      105.2      2.783       3658.8821  1.107420      0.645325
    253   1     -1   4   4     4  0.160589  0.706888      88.222       37.8       50.1      1.384       2744.9636  1.106643      0.379834
    254   1      3   3   4     4  0.161890  0.708289      88.709       97.2      100.9      3.285       4004.4644  1.101821      0.672902
    255   1      7   1   0     4  0.162516  0.708958      88.942       78.6       75.2      2.104       2220.8975  1.099537      0.983508
    256   1      0   4   4     4  0.162869  0.709333      89.073       14.1       13.9      0.400        903.5238  1.098265      0.432556
    257   1      2   1   6     4  0.163148  0.709630      89.176       66.7       61.0      1.753       2980.3811  1.097261      0.622831
    258   1     -6   2   4     4  0.163631  0.710141      89.353       22.2       20.4      0.624        789.7579  1.095539      0.785102
    259   1      5   0   4     2  0.164013  0.710544      89.494       92.8       90.0      1.564       6018.6904  1.094187      0.861443
    260   1     -5   0   6     2  0.164036  0.710568      89.502       47.6       46.1      0.792       4081.3235  1.094104      0.651469
    261   1     -2   4   4     4  0.164231  0.710773      89.573       74.4       70.4      1.375       4633.6802  1.093418      0.448413
    262   1      3   2   5     4  0.164398  0.710949      89.635        2.6        2.4      0.059        106.0417  1.092831      0.689871
    263   1     -7   1   3     4  0.164516  0.711073      89.678        5.8        5.3      0.139        177.3521  1.092417      0.907002
    264   1      1   2   6     4  0.165008  0.711588      89.857      123.3      122.9      2.548       6402.7231  1.090703      0.539375
    265   1      4   4   1     4  0.166339  0.712971      90.338        1.5        1.5      0.292         61.9781  1.086141      0.697819
    266   1     -6   1   5     4  0.166777  0.713424      90.495        4.5        5.5      1.083        168.1778  1.084661      0.759109
    267   1      5   3   2     4  0.167370  0.714034      90.708       13.9       17.6      2.494        484.8782  1.082675      0.811128
    268   1     -5   3   4     4  0.167385  0.714049      90.713        0.0        0.0      0.004          0.9750  1.082627      0.686950
    269   1     -6   3   1     4  0.169189  0.715887      91.352       25.7       40.2      2.023        866.2977  1.076710      0.841115
    270   1      1   5   0     4  0.169284  0.715984      91.386       27.5       44.3      1.975       1776.9109  1.076402      0.439206
    271   1      0   5   1     4  0.169623  0.716326      91.505        1.9        3.4      0.172        136.9824  1.075312      0.386626
    272   1     -4   2   6     4  0.170282  0.716989      91.735        8.9       10.1      0.353        447.0338  1.073211      0.563125
    273   1     -4   3   5     4  0.170424  0.717131      91.785        0.0        0.0      0.000          0.3022  1.072762      0.580723
    274   1      5   1   4     4  0.170459  0.717166      91.797        1.6        1.6      0.052         52.3722  1.072651      0.849639
    275   1     -5   1   6     4  0.170484  0.717191      91.806       84.3       87.1      2.770       3716.0576  1.072573      0.645172
    276   1     -6   3   2     4  0.171289  0.717995      92.086      136.0      113.5      2.333       4752.3984  1.070044      0.815921
    277   1     -1   5   1     4  0.171383  0.718089      92.118        1.9        1.6      0.030        128.6678  1.069750      0.423570
    278   1      1   4   4     4  0.171402  0.718108      92.125       40.9       35.0      0.639       2319.5764  1.069691      0.502361
    279   1      6   2   2     4  0.171838  0.718541      92.275      163.2      147.4      2.521       5158.3887  1.068339      0.903407
    280   1     -4   4   3     4  0.171890  0.718592      92.293        0.0        0.0      0.001          1.6960  1.068181      0.615803
    281   1     -2   1   7     4  0.172062  0.718762      92.352        9.4        8.3      0.164        668.1994  1.067649      0.401412
    282   1     -1   1   7     4  0.172388  0.719085      92.465        0.3        0.3      0.008         22.3556  1.066648      0.408133
    283   1     -7   0   4     2  0.172490  0.719186      92.500       15.7       13.1      0.410       1034.3473  1.066336      0.868815
    284   1      4   1   5     4  0.173573  0.720250      92.870        1.9        1.1      0.203         71.5112  1.063054      0.769895
    285   1      6   3   0     4  0.174133  0.720797      93.060       57.1       39.2      3.467       1916.5695  1.061377      0.854692
    286   1      1   5   1     4  0.174235  0.720896      93.095        1.3        0.9      0.086         84.4781  1.061075      0.453558
    287   1     -3   4   4     4  0.174332  0.720991      93.128        1.6        1.0      0.117         87.2804  1.060787      0.518085
    288   1      2   3   5     4  0.174576  0.721228      93.210        0.9        0.5      0.093         43.5777  1.060064      0.595213
    289   1      7   1   1     4  0.175671  0.722287      93.579        4.5        2.7      0.663        131.5972  1.056857      0.977000
    290   1     -7   2   1     4  0.175914  0.722521      93.660        3.8        2.7      0.501        117.6566  1.056152      0.930111
    291   1     -7   2   2     4  0.176650  0.723228      93.906      145.4      146.0      4.827       4623.8804  1.054034      0.906075
    292   1      6   1   3     4  0.178128  0.724634      94.395        1.7        1.5      0.211         53.1411  1.049858      0.914352
    293   1     -3   1   7     4  0.178282  0.724780      94.446        0.1        0.1      0.009          4.0271  1.049428      0.468467
    294   1      2   5   0     4  0.179037  0.725491      94.693       53.8       57.7      2.289       3066.1533  1.047337      0.507723
    295   1      0   1   7     4  0.179312  0.725750      94.783        0.8        0.8      0.022         45.8834  1.046582      0.475353
    296   1     -7   1   4     4  0.179388  0.725821      94.808      107.0      117.9      3.071       3610.8601  1.046373      0.857394
    297   1      3   4   3     4  0.179475  0.725902      94.836        1.1        1.3      0.033         50.5430  1.046137      0.636994
    298   1     -2   5   1     4  0.179789  0.726196      94.938        7.9        9.7      0.302        466.7388  1.045280      0.491402
    299   1      0   5   2     4  0.180507  0.726866      95.171       44.0       55.3      1.540       3187.4675  1.043336      0.400352
    300   1     -6   3   3     4  0.180798  0.727136      95.265        0.6        0.8      0.030         22.9498  1.042557      0.781565

   No.  Code     H   K   L  Mult      Hw      ETA/M    2theta/TOF     Icalc       Iobs      Sigma     StrFactor^2    d-hkl       CORR

    301   1     -1   5   2     4  0.180897  0.727227      95.297        4.4        5.9      0.235        315.7352  1.042292      0.407683
    302   1      3   0   6     2  0.180938  0.727266      95.310       11.5       15.3      0.626        965.6531  1.042181      0.691756
    303   1     -1   3   6     4  0.181617  0.727894      95.529       65.5       88.9      2.638       4835.9771  1.040376      0.392992
    304   1      7   2   0     4  0.182660  0.728852      95.862       78.0       96.0      2.806       2407.8518  1.037639      0.940344
    305   1     -5   4   1     4  0.182669  0.728860      95.865        0.3        0.3      0.010         11.1080  1.037616      0.729156
    306   1     -2   3   6     4  0.182799  0.728979      95.906       15.3       18.3      0.632       1071.9688  1.037279      0.414900
    307   1      4   4   2     4  0.182965  0.729131      95.959        0.1        0.1      0.006          4.5454  1.036847      0.699615
    308   1      2   2   6     4  0.183400  0.729528      96.097        0.1        0.1      0.008          4.7969  1.035725      0.606973
    309   1     -7   2   3     4  0.185003  0.730979      96.602        1.8        0.4      0.673         61.3849  1.031648      0.870366
    310   1      2   5   1     4  0.185957  0.731835      96.900        6.9        4.6      1.279        386.6007  1.029269      0.521219
    311   1      5   4   0     4  0.186575  0.732387      97.092        1.6        1.6      0.124         61.3172  1.027744      0.744602
    312   1     -5   4   2     4  0.186581  0.732392      97.093       23.5       23.3      1.836        968.0682  1.027731      0.705982
    313   1      6   3   1     4  0.187004  0.732768      97.224        0.0        0.0      0.000          0.2600  1.026697      0.856497
    314   1      1   5   2     4  0.187119  0.732870      97.260       68.0       65.4      2.636       4251.4302  1.026416      0.465828
    315   1      0   3   6     4  0.187464  0.733176      97.366        2.4        2.0      0.078        149.8712  1.025578      0.457993
    316   1      2   4   4     4  0.187567  0.733268      97.398       50.9       41.3      1.671       2603.4077  1.025328      0.570024
    317   1     -6   2   5     4  0.187658  0.733348      97.426        1.2        0.9      0.038         46.3713  1.025108      0.734001
    318   1      3   1   6     4  0.188319  0.733930      97.628       68.4       53.9      1.762       2912.1101  1.023522      0.685102
    319   1     -2   5   2     4  0.188352  0.733959      97.639       42.8       33.5      1.117       2635.0933  1.023442      0.473346
    320   1      7   0   2     2  0.190785  0.736081      98.376        1.1        1.4      0.109         68.8551  1.017730      0.971274
    321   1      4   3   4     4  0.190848  0.736135      98.395       15.4       18.6      1.327        613.3753  1.017586      0.730346
    322   1     -3   3   6     4  0.191210  0.736447      98.504       36.2       42.6      2.103       2199.3337  1.016753      0.480459
    323   1     -6   0   6     2  0.191923  0.737060      98.717       23.3       24.8      0.713       1917.3956  1.015129      0.710841
    324   1      5   2   4     4  0.192001  0.737127      98.740       63.5       67.8      1.875       2269.4243  1.014952      0.818473
    325   1     -1   4   5     4  0.192022  0.737145      98.747        1.4        1.4      0.040        104.6600  1.014904      0.378842
    326   1     -5   2   6     4  0.192030  0.737152      98.749       40.1       42.8      1.181       1866.5383  1.014886      0.628465
    327   1     -4   1   7     4  0.192087  0.737200      98.766        0.0        0.0      0.001          1.0401  1.014757      0.535387
    328   1     -4   4   4     4  0.192591  0.737632      98.916       11.0       11.6      0.524        551.8971  1.013620      0.584747
    329   1      5   3   3     4  0.193843  0.738695      99.286        2.7        3.0      0.401        101.9009  1.010834      0.796116
    330   1     -5   3   5     4  0.193866  0.738715      99.293        0.6        0.6      0.084         25.6211  1.010782      0.644944
    331   1     -2   2   7     4  0.193898  0.738742      99.302        0.2        0.2      0.028         13.0689  1.010712      0.399831
    332   1      1   1   7     4  0.194004  0.738832      99.333        4.3        5.0      0.799        238.2379  1.010478      0.542048
    333   1     -1   2   7     4  0.194285  0.739069      99.416        0.2        0.3      0.061         16.7020  1.009862      0.406183
    334   1     -2   4   5     4  0.194986  0.739659      99.621        0.6        0.9      0.232         45.4656  1.008331      0.427834
    335   1      4   2   5     4  0.195690  0.740249      99.826        0.8        1.1      0.357         33.4155  1.006810      0.744935

     -----------------------------------------------------
     BRAGG R-Factors and weight fractions for Pattern #  1
     -----------------------------------------------------

 => Phase:  1      #(C) 2021 by FIZ Karlsruhe - Leibniz Institute for Information Infrastructure.
 => Bragg R-factor:   8.18       Vol:  326.111( 0.008)  Fract(%):  100.00( 0.60)
 => Rf-factor=  8.45             ATZ:         743.567   Brindley:  1.0000

     -----------------------------------------------------------------
      SYMBOLIC NAMES AND FINAL VALUES AND SIGMA OF REFINED PARAMETERS:
     -----------------------------------------------------------------

      ->  Parameter number    1 :                                          Zero_pat1    0.52975741E-03( +/-    0.61282387E-03 )
      ->  Parameter number    2 :                                     Scale_ph1_pat1    0.64852112E-02( +/-    0.27422164E-04 )
      ->  Parameter number    3 :                                    Cell_A_ph1_pat1     8.0394602    ( +/-    0.98546763E-04 )
      ->  Parameter number    4 :                                    Cell_B_ph1_pat1     5.4332080    ( +/-    0.86476568E-04 )
      ->  Parameter number    5 :                                    Cell_C_ph1_pat1     7.6369514    ( +/-    0.10489372E-03 )
      ->  Parameter number    6 :                                    Cell_E_ph1_pat1     102.14971    ( +/-    0.93545293E-03 )
      ->  Parameter number    7 :                                    U-Cagl_ph1_pat1    0.31064222E-01( +/-    0.16700913E-02 )
      ->  Parameter number    8 :                                    W-Cagl_ph1_pat1    0.61267279E-02( +/-    0.15099005E-03 )
      ->  Parameter number    9 :                                    V-Cagl_ph1_pat1   -0.98417168E-02( +/-    0.10251482E-02 )
      ->  Parameter number   10 :                                     EtaPV_ph1_pat1    0.45326179    ( +/-    0.13762699E-01 )
      ->  Parameter number   11 :                                     X-tan_ph1_pat1    0.28748636E-02( +/-    0.46434376E-03 )
      ->  Parameter number   12 :                                     Asym1_ph1_pat1    0.30614600E-01( +/-    0.31195376E-02 )
      ->  Parameter number   13 :                                     Asym2_ph1_pat1    0.12126569E-01( +/-    0.63066767E-03 )
      ->  Parameter number   14 :                                       Or1_ph1_pat1   -0.40043923    ( +/-    0.37010203E-02 )
      ->  Parameter number   15 :                                          X_Na1_ph1    0.36869821    ( +/-    0.45158318E-03 )
      ->  Parameter number   16 :                                          Y_Na1_ph1    0.78675300    ( +/-    0.12919803E-02 )
      ->  Parameter number   17 :                                          Z_Na1_ph1    0.11720823    ( +/-    0.62618370E-03 )
      ->  Parameter number   18 :                                          X_Nb1_ph1    0.15555301    ( +/-    0.13452645E-03 )
      ->  Parameter number   19 :                                          Y_Nb1_ph1    0.25553498    ( +/-    0.58643776E-03 )
      ->  Parameter number   20 :                                          Z_Nb1_ph1    0.31725854    ( +/-    0.19831883E-03 )
      ->  Parameter number   21 :                                           X_O1_ph1    0.18175335    ( +/-    0.85774576E-03 )
      ->  Parameter number   22 :                                           Y_O1_ph1    0.16469792    ( +/-    0.13395143E-02 )
      ->  Parameter number   23 :                                           Z_O1_ph1    0.55982534E-01( +/-    0.13875774E-02 )
      ->  Parameter number   24 :                                           X_O2_ph1    0.70082583E-01( +/-    0.76898211E-03 )
      ->  Parameter number   25 :                                           Y_O2_ph1    0.58591318    ( +/-    0.16522043E-02 )
      ->  Parameter number   26 :                                           Z_O2_ph1    0.23453580    ( +/-    0.11029699E-02 )
      ->  Parameter number   27 :                                           X_F1_ph1    0.36552697    ( +/-    0.74376032E-03 )
      ->  Parameter number   28 :                                           Y_F1_ph1    0.42613000    ( +/-    0.11985687E-02 )
      ->  Parameter number   29 :                                           Z_F1_ph1    0.30520064    ( +/-    0.99044235E-03 )
      ->  Parameter number   30 :                                           X_F2_ph1    0.31789801    ( +/-    0.71993429E-03 )
      ->  Parameter number   31 :                                           Y_F2_ph1    0.97832894    ( +/-    0.10875091E-02 )
      ->  Parameter number   32 :                                           Z_F2_ph1    0.38135794    ( +/-    0.10077266E-02 )

 ------------------------------------------------------------------
 => Number of bytes for floating point variables: 4
 => Dimensions of dynamic allocated arrays in this run of FullProf:
 ------------------------------------------------------------------

 => Total approximate array memory (dynamic + static): 128536585 bytes

    MaxPOINT=    60000 Max.num. of points(+int. Inten.)/diffraction pattern       
    MaxREFLT=    20000 Max.num. of reflections/diffraction pattern               
    MaxPARAM=      300 Max.num. of refinable parameters                          
    MaxOVERL=    18096 Max.num. of overlapping reflections                       

 ----------------------------------------------------------
 => Number of bytes for floating point arrays: 4
 => Dimensions of fixed arrays in this release of FullProf:
 ----------------------------------------------------------

    NPATT   =       80 Max.num. of powder diffraction patterns                    
    NATS    =      830 Max.num. of atoms (all kind) in asymmetric unit            
    MPAR    =     1800 Max.num. of non atomic parameters/phase                    
    IEXCL   =       30 Max.num. of excluded regions                               
    IBACP   =      377 Max.num. of background points for interpolation            
    NPHT    =       16 Max.num. of phases                                         
    NMAGM   =        8 Max.num. of rotation-matrices sets for magnetic structure  
    NBASIS  =       12 Max.num. of basis functions associated to a single atom    
    NIREPS  =        9 Max.num. of irreducible representations to be combined     
    N_EQ    =      384 Max.num. of user-supplied symmetry operators/propagation vectors
    NGL     =      400 Max.num. of global parameters/diffraction pattern          
    N_LINC  =       50 Max.num. of global linear restraints                        
    NAT_P   =       80 Max.num. of atomic parameters per atom                     
    NCONST  =      500 Max.num. of slack constraints per phase                    
    N_SPE   =       30 Max.num. of different chemical species                     
    N_FORM  =       60 Max.num. of scattering factor values in a table            
    NPR     =      150 Max.num. of points defining a numerical profile            
    INPR    =       25 Max.num. of different numerical peak shapes                
    NPRC    =      150 Max.num. of terms in the table for correcting intensities  
    NSOL    =       10 Max.num. of solutions to be stored in Montecarlo searchs   

 
              CPU Time:     1.281 seconds
                            0.021 minutes

 => Run finished at:     Date: 03/02/2023  Time: 17:09:30.765                              
