

        **********************************************************
        ** PROGRAM FullProf.2k (Version 7.30 - Mar2020-ILL JRC) **
        **********************************************************
                       M U L T I -- P A T T E R N                 
            Rietveld, Profile Matching & Integrated Intensity     
                 Refinement of X-ray and/or Neutron Data


    Date: 07/02/2023  Time: 11:28:13.989                              

 => PCR file code: NaTaO2F2
 => DAT file code: NaTaO2F2.dat         -> Relative contribution: 1.0000                                                            

 ==> CONDITIONS OF THIS RUN FOR PATTERN No.:  1

 => Global Refinement of X-ray powder diffraction data                                                                              
 => Global Refinement of X-ray powder diffraction data                                                                              
    Bragg-Brentano(X-rays) or Debye-Scherrer geometry(Neutrons)
 => Title:  #(C) 2021 by FIZ Karlsruhe - Leibniz Institute for Information Infrastructure.  All rights reserved.

 => Number of phases:    1
 => Number of excluded regions:    0
 => Number of scattering factors supplied:    0
 => Conventional weights: w=1.0/Variance(yobs)
 => Asymmetry correction as in J.Appl.Cryst. 26,128(1993)
 => Background linearly interpolated between the   23 points given
 => The    5th default profile function was selected
 => Pseudo-Voigt function (ETA variable)
                 X-parameter correspond to: ETA=ETA0+X*2theta
                       pV(x)= ETA*L(x)+(1-ETA)*G(x)

 ==> INPUT/OUTPUT OPTIONS:

 => Generate file *.PRF for plot
 => Output Integrated Intensities
 => Generate new input file *.PCR

 => X-Y type of data: 2theta/TOF/E(Kev) Intens sigma for pattern:  1
 => Plot pattern at each cycle
 => Wavelengths:  1.54056 1.54439
 => Alpha2/Alpha1 ratio:   0.5000
 => Cos(Monochromator angle)=   0.9100
 => Asymmetry correction for angles lower than   90.000 degrees
 => Absorption correction (AC), muR-eff =   0.0000  0.0000
 => Base of peaks: 2.0*HW*    8.00

 => Number of cycles:   33
 => Relaxation factors ==>    for coordinates:  1.00
 => for anisotropic temperature factors:  1.00
 => for halfwidth/strain/size parameters:  1.00
 => for lattice constants and propagation vectors:  1.00
 => EPS-value for convergence:    0.1
 => Background ==> 
    Position   Intensity
       10.25     6498.17        0.00
       12.51     5808.26        0.00
       13.72     5401.41        0.00
       15.60     5036.45        0.00
       18.44     4356.85        0.00
       21.45     3920.57        0.00
       25.64     3598.51        0.00
       30.60     3237.60        0.00
       35.85     2963.32        0.00
       38.47     2754.27        0.00
       42.58     2651.50        0.00
       45.27     2710.34        0.00
       54.23     2775.38        0.00
       62.67     2539.63        0.00
       66.24     2382.62        0.00
       75.15     2428.21        0.00
       78.19     2341.18        0.00
       81.73     2402.09        0.00
       86.27     2308.37        0.00
       89.56     2367.99        0.00

       93.69     2284.34        0.00
       95.87     2296.66        0.00
       98.33     2330.40        0.00

 
 => Number of Least-Squares parameters varied:    31

 =>--------------------------->
 =>------->  PATTERN number:  1
 =>--------------------------->
 => Global parameters and codes ==>
 => Zero-point:    -0.0308   11.0000
 => Displacement peak-shift parameter and code:     0.00    0.00
 => Transparency peak-shift parameter and code:     0.00    0.00

 => Reading Intensity data  =>>

 -> No recognizable heading in input data file X,Y,sigma
    First 6 lines are considered as COMMENTS (except for TSAMP keyword)
 -> COMMENT: 10.0116	6876.0000                                                                                                                   
 -> COMMENT: 10.0247	6939.0000                                                                                                                   
 -> COMMENT: 10.0379	6753.0000                                                                                                                   
 -> COMMENT: 10.0510	7052.0000                                                                                                                   
 -> COMMENT: 10.0641	6801.0000                                                                                                                   
 -> COMMENT: 10.0772	6753.0000                                                                                                                   
 ==> Angular range, step and number of points:
     2Thmin:      10.090400  2Thmax:      99.993401  Step:       0.013132  No. of points:   6848
 --------------------------------------------------------------------------------
 => Phase  No. 1
       #(C) 2021 by FIZ Karlsruhe - Leibniz Institute for Information Infras
 --------------------------------------------------------------------------------
 =>-------> Pattern#  1
 => Crystal Structure Refinement
 => Preferred orientation vector:   0.0000  0.0000  1.0000

 =>-------> Data for PHASE: 1
 => Number of atoms:    6
 => Number of distance  constraints:    0
 => Number of angle     constraints:    0

 => Symmetry information on space group: P 1 21/c 1          
 -> The multiplicity of the general position is:   4
 -> The space group is Centric (-1 at origin)   
 -> Lattice type  P: { 000 }                                       
 -> Reduced set of symmetry operators:

  No.  IT   Symmetry symbol    Rotation part     Associated Translation
   1: ( 1)   1            -->     ( x, y, z) + {  0.0000  0.0000  0.0000}
   2: ( 3)   2 ( 0, y, 0) -->     (-x, y,-z) + {  0.0000  0.5000  0.5000}


        Information on Space Group: 
        --------------------------- 

 =>   Number of Space group:  14
 =>  Hermann-Mauguin Symbol: P 1 21/c 1
 =>             Hall Symbol: -P 2ybc
 =>    Table Setting Choice: b1
 =>            Setting Type: IT (Generated from Hermann-Mauguin symbol)
 =>          Crystal System: Monoclinic
 =>              Laue Class: 2/m
 =>             Point Group: 2/m
 =>         Bravais Lattice: P
 =>          Lattice Symbol: mP
 =>  Reduced Number of S.O.:   2
 =>    General multiplicity:   4
 =>          Centrosymmetry: Centric (-1 at origin)
 =>  Generators (exc. -1&L):   1
 =>         Asymmetric unit:  0.000 <= x <=  1.000
                              0.000 <= y <=  0.250
                              0.000 <= z <=  1.000

 => List of S.O. without inversion and lattice centring translations
 => SYMM(  1): x,y,z                               => SYMM(  2): -x,y+1/2,-z+1/2


 => Initial parameters ==>
 Atom    Ntyp                  X         Y         Z         B         occ.         in  fin  Spc  Mult
                             B11       B22       B33       B12       B13       B23
 Na1    Na                 0.38095   0.78677   0.10515   1.11627   1.00000           0    0    0    4
                 Codes:  141.00000 151.00000 161.00000   0.00000   0.00000
 Ta1    Ta                 0.15933   0.25834   0.29716   0.47176   1.00000           0    0    0    4
                 Codes:  171.00000 181.00000 191.00000   0.00000   0.00000
 O1     O                  0.21388   0.15051   0.05118   0.58064   1.00000           0    0    0    4
                 Codes:  201.00000 211.00000 221.00000   0.00000   0.00000
 O2     O                  0.06273   0.55302   0.22583   0.58064   1.00000           0    0    0    4
                 Codes:  231.00000 241.00000 251.00000   0.00000   0.00000
 F1     F                  0.37711   0.47573   0.30792   1.12063   1.00000           0    0    0    4
                 Codes:  261.00000 271.00000 281.00000   0.00000   0.00000
 F2     F                  0.34324   0.99136   0.38084   1.12063   1.00000           0    0    0    4
                 Codes:  291.00000 301.00000 311.00000   0.00000   0.00000

 => IT IS ASSUMED THAT THE FIRST GIVEN SITE IS FULLY OCCUPIED 
    OR THE FIRST AND SECOND ATOMS ARE IN THE SAME SITE WITH TOTAL FULL OCCUPATION
  (If this is not the case, change the order of atoms to obtain correct values for the content of the unit cell)
    The given occupation factors have been obtained mutiplying m/M by   1.0000
      -> Atom: Na  ,  Chemical element: NA  Atomic Mass:    22.9898
      -> Atom: Ta  ,  Chemical element: TA  Atomic Mass:   180.9479
      -> Atom: O   ,  Chemical element: O   Atomic Mass:    15.9994
      -> Atom: O   ,  Chemical element: O   Atomic Mass:    15.9994
      -> Atom: F   ,  Chemical element: F   Atomic Mass:    18.9984
      -> Atom: F   ,  Chemical element: F   Atomic Mass:    18.9984
 => The given value of ATZ is       1095.73 the program has calculated:        1095.73
    The value of ATZ given in the input PCR file will be used for quantitative analysis
 => The chemical content of the unit cell is: 
       4.0000 Na   +   4.0000 Ta   +   4.0000 O    +   4.0000 O    +   4.0000 F    +   4.0000 F      
 => The normalized site occupation numbers in % are: 
     100.0000 Na1    :      100.0000 Ta1    :      100.0000 O1     :      100.0000 O2     :      100.0000 F1     :      100.0000 F2       
 => The density (volumic mass) of the compound is:    5.598 g/cm3

 =>-------> PROFILE PARAMETERS FOR PATTERN:  1

 => Overall scale factor:   0.202230E-02
 => ETA (p-Voigt) OR M (Pearson VII):   0.4746
 => Overall temperature factor:      0.00000
 => Halfwidth U,V,W:      0.05643    -0.03175     0.01084
 => X and Y parameters:      -0.0002      0.0000
 => Direct cell parameters:    8.1170   5.4579   7.5088  90.0000 102.2821  90.0000
 => Preferred orientation parameters:   0.0000  0.0000
 => Asymmetry parameters     :      0.01759     0.00475     0.00000     0.00000
 => Strain parameters        :      0.00000     0.00000     0.00000
 => Size   parameters        :      0.00000     0.00000

 ==> CODEWORDS FOR PROFILE PARAMETERS of PATTERN#  1

 => Overall scale factor:   21.000
 => ETA (p-Voigt) OR M (Pearson VII):  101.000
 => Overall temperature factor:    0.000
 => Halfwidth U,V,W:   71.000  91.000  81.000
 => X and Y parameters:  111.000   0.000
 => Direct cell parameters:   31.000  41.000  51.000   0.000  61.000   0.000
 => Preferred orientation parameters:    0.000   0.000
 => Asymmetry parameters     :  121.000 131.000   0.000   0.000
 => Strain parameters        :    0.000   0.000   0.000
 => Size   parameters        :    0.000   0.000

 => Cell constraints according to Laue symmetry: 2/m  

        Metric information:
        -------------------

 => Direct cell parameters:

         a =       8.1170      b =       5.4579      c =       7.5088
     alpha =       90.000   beta =      102.282  gamma =       90.000
                        Direct Cell Volume =     325.0413

 => Reciprocal cell parameters:

         a*=     0.126084      b*=     0.183219      c*=     0.136297
     alpha*=       90.000   beta*=       77.718  gamma*=       90.000
                    Reciprocal Cell Volume =   0.00307653

 => Direct and Reciprocal Metric Tensors:

                   GD                                       GR
     65.8861      0.0000    -12.9653          0.015897    0.000000    0.003656
      0.0000     29.7892      0.0000          0.000000    0.033569    0.000000
    -12.9653      0.0000     56.3814          0.003656    0.000000    0.018577

 =>  Cartesian frame: z // c; y is in the bc-plane; x is y ^ z = a*  

     Crystal_to_Orthonormal_Matrix              Orthonormal_to_Crystal Matrix
              Cr_Orth_cel                               Orth_Cr_cel  
      8.1170      0.0000     -1.5973          0.123198   -0.000000    0.026821
      0.0000      5.4579      0.0000          0.000000    0.183219   -0.000000
      0.0000      0.0000      7.3369          0.000000    0.000000    0.136297

     Busing-Levy B-matrix: Hc=B.H            Inverse of the Busing-Levy B-matrix
                BL_M                                      BL_Minv  
    0.126084    0.000000    0.028994            7.9312     -0.0000     -1.7267
    0.000000    0.183219   -0.000000            0.0000      5.4579      0.0000
    0.000000    0.000000    0.133178            0.0000      0.0000      7.5088

 => Laue symmetry 2/m   will be used to generate HKL for pattern#   1
 => Reflections generated between S(1/d)min:  0.1139 A-1 and S(1/d)max:  1.0102 A-1
 =>                                    dmax:  8.7808 A   and      dmin:  0.9899 A
 => The number of reflections generated is:    355
 => The max. scatt. variable (gen.ref.) is:       102.1800
 => Scattering coefficients from internal table


 => X-ray scattering coeff. (A1, B1, A2,...C, f(0), Z, Dfp,Dfpp)

 NA      4.7626   3.2850   3.1736   8.8422   1.2674   0.3136   1.1128 129.4240   0.6760  10.9924  11.0000   0.1290   0.1240
 TA     29.2024   1.7733  15.2293   9.3705  14.5135   0.2960   4.7649  63.3644   9.2435  72.9537  73.0000  -6.3510   5.2710
 O       3.0485  13.2771   2.2868   5.7011   1.5463   0.3239   0.8670  32.9089   0.2508   7.9994   8.0000   0.0470   0.0320
 F       3.5392  10.2825   2.6412   4.2944   1.5170   0.2615   1.0243  26.1476   0.2776   8.9993   9.0000   0.0690   0.0530

     --------------------------------------------------------------
      SYMBOLIC NAMES AND INITIAL VALUES OF PARAMETERS TO BE VARIED:
     --------------------------------------------------------------

      ->  Parameter number    1   -> Symbolic Name:                                          Zero_pat1   -0.30810000E-01
      ->  Parameter number    2   -> Symbolic Name:                                     Scale_ph1_pat1    0.20222999E-02
      ->  Parameter number    3   -> Symbolic Name:                                    Cell_A_ph1_pat1     8.1170235    
      ->  Parameter number    4   -> Symbolic Name:                                    Cell_B_ph1_pat1     5.4579458    
      ->  Parameter number    5   -> Symbolic Name:                                    Cell_C_ph1_pat1     7.5087581    
      ->  Parameter number    6   -> Symbolic Name:                                    Cell_E_ph1_pat1     102.28210    
      ->  Parameter number    7   -> Symbolic Name:                                    U-Cagl_ph1_pat1    0.56433000E-01
      ->  Parameter number    8   -> Symbolic Name:                                    W-Cagl_ph1_pat1    0.10836000E-01
      ->  Parameter number    9   -> Symbolic Name:                                    V-Cagl_ph1_pat1   -0.31750001E-01
      ->  Parameter number   10   -> Symbolic Name:                                     EtaPV_ph1_pat1    0.47463000    
      ->  Parameter number   11   -> Symbolic Name:                                     X-tan_ph1_pat1   -0.23900000E-03
      ->  Parameter number   12   -> Symbolic Name:                                     Asym1_ph1_pat1    0.17589999E-01
      ->  Parameter number   13   -> Symbolic Name:                                     Asym2_ph1_pat1    0.47499998E-02
      ->  Parameter number   14   -> Symbolic Name:                                          X_Na1_ph1    0.38095000    
      ->  Parameter number   15   -> Symbolic Name:                                          Y_Na1_ph1    0.78676999    
      ->  Parameter number   16   -> Symbolic Name:                                          Z_Na1_ph1    0.10515000    
      ->  Parameter number   17   -> Symbolic Name:                                          X_Ta1_ph1    0.15933000    
      ->  Parameter number   18   -> Symbolic Name:                                          Y_Ta1_ph1    0.25834000    
      ->  Parameter number   19   -> Symbolic Name:                                          Z_Ta1_ph1    0.29716000    
      ->  Parameter number   20   -> Symbolic Name:                                           X_O1_ph1    0.21388000    
      ->  Parameter number   21   -> Symbolic Name:                                           Y_O1_ph1    0.15051000    
      ->  Parameter number   22   -> Symbolic Name:                                           Z_O1_ph1    0.51180001E-01
      ->  Parameter number   23   -> Symbolic Name:                                           X_O2_ph1    0.62729999E-01
      ->  Parameter number   24   -> Symbolic Name:                                           Y_O2_ph1    0.55302000    
      ->  Parameter number   25   -> Symbolic Name:                                           Z_O2_ph1    0.22583000    
      ->  Parameter number   26   -> Symbolic Name:                                           X_F1_ph1    0.37711000    
      ->  Parameter number   27   -> Symbolic Name:                                           Y_F1_ph1    0.47573000    
      ->  Parameter number   28   -> Symbolic Name:                                           Z_F1_ph1    0.30792001    
      ->  Parameter number   29   -> Symbolic Name:                                           X_F2_ph1    0.34323999    
      ->  Parameter number   30   -> Symbolic Name:                                           Y_F2_ph1    0.99136001    
      ->  Parameter number   31   -> Symbolic Name:                                           Z_F2_ph1    0.38084000    
  
 
 => No optimization for routine tasks
 ++++++++++++++++++++++++++++++++++++++++++++++++++++++++++++++++++++++++++++++++++++++++++++++++++++++++++++++++++++++++

 => CYCLE No.:    1
 ---------------------------------------------------------------------------------------
 => Phase  1 Name:  #(C) 2021 by FIZ Karlsruhe - Leibniz Institute for Information Infras
 ---------------------------------------------------------------------------------------
 => New parameters, shifts, and standard deviations

 Atom        x       dx      sx       y       dy      sy       z       dz      sz       B       dB      sB      occ.    docc.   socc.

 Na1      0.38095 0.00000 0.00061  0.78678 0.00001 0.00143  0.10515 0.00000 0.00073  1.11627 0.00000 0.00000  1.00000 0.00000 0.00000
 Ta1      0.15933-0.00000 0.00010  0.25834-0.00000 0.00037  0.29716-0.00000 0.00012  0.47176 0.00000 0.00000  1.00000 0.00000 0.00000
 O1       0.21388 0.00000 0.00107  0.15051 0.00000 0.00131  0.05117-0.00001 0.00147  0.58064 0.00000 0.00000  1.00000 0.00000 0.00000
 O2       0.06271-0.00002 0.00120  0.55299-0.00003 0.00175  0.22583-0.00000 0.00153  0.58064 0.00000 0.00000  1.00000 0.00000 0.00000
 F1       0.37712 0.00001 0.00119  0.47568-0.00005 0.00168  0.30792 0.00000 0.00141  1.12063 0.00000 0.00000  1.00000 0.00000 0.00000
 F2       0.34323-0.00001 0.00109  0.99134-0.00002 0.00158  0.38083-0.00001 0.00128  1.12063 0.00000 0.00000  1.00000 0.00000 0.00000

 ==> PROFILE PARAMETERS FOR PATTERN#  1

 => Overall scale factor:      0.002022168    -0.000000132     0.000003465
 => Eta(p-Voigt) or m(Pearson VII):   0.474584 -0.000046  0.011669
 => Overall tem. factor:     0.000000    0.000000    0.000000
 => Halfwidth parameters: 
         0.056422   -0.000011    0.001487
        -0.031736    0.000014    0.001062
         0.010835   -0.000001    0.000186
 => Cell parameters: 
        8.117021   -0.000003    0.000088
        5.457945   -0.000000    0.000060
        7.508757   -0.000001    0.000078
       90.000000    0.000000    0.000000
      102.282097    0.000000    0.000627
       90.000000    0.000000    0.000000
 => Preferred orientation: 
         0.000000    0.000000    0.000000
         0.000000    0.000000    0.000000
 => Asymmetry parameters: 
         0.017563   -0.000027    0.002869
         0.004752    0.000002    0.000690
         0.000000    0.000000    0.000000
         0.000000    0.000000    0.000000
 => X and Y parameters: 
        -0.000245   -0.000006    0.000341
         0.000000    0.000000    0.000000
 => Strain parameters: 
         0.000000    0.000000    0.000000
         0.000000    0.000000    0.000000
         0.000000    0.000000    0.000000
 => Size   parameters (G,L): 
         0.000000    0.000000    0.000000
         0.000000    0.000000    0.000000

 ==> GLOBAL PARAMETERS FOR PATTERN#  1


 => Zero-point:    -0.0308   -0.0000    0.0005

 => Cos( theta)-shift parameter :   0.0000  0.0000  0.0000
 => Sin(2theta)-shift parameter :   0.0000  0.0000  0.0000

 ==> RELIABILITY FACTORS WITH ALL NON-EXCLUDED POINTS FOR PATTERN:  1

 => R-Factors:   3.72      5.20     Chi2:  12.1     DW-Stat.:  0.3273   Patt#:  1
 => Expected :            1.49                                1.9341
 => Deviance : 0.854E+05     Dev*:   12.52    
 => GoF-index:  3.5         Sqrt(Residual/N)
 => N-P+C:  6817

 =>    SumYdif       SumYobs      SumYcal      SumwYobsSQ     Residual    Condition
     0.1137E+07    0.3057E+08    0.3049E+08    0.3057E+08    0.8261E+05    0.7766E+10


 => Conventional Rietveld Rp,Rwp,Re and Chi2:   11.2      11.1      3.19      12.12    
 => (Values obtained using Ynet, but true sigma(y))
 =>  SumYnet, Sum(w Ynet**2):     0.1019E+08    0.6710E+07


 ==> RELIABILITY FACTORS FOR POINTS WITH BRAGG CONTRIBUTIONS FOR PATTERN:  1

 => R-Factors:   4.01      5.50     Chi2:  13.6     DW-Stat.:  0.3378   Patt#:
 => Expected :            1.49                                1.9299
 => Deviance : 0.827E+05     Dev*:   14.03    
 => GoF-index:  3.7         Sqrt(Residual/N)
 => N-P+C:  5898

 =>    SumYdif       SumYobs      SumYcal      SumwYobsSQ     Residual    Condition
     0.1060E+07    0.2644E+08    0.2639E+08    0.2644E+08    0.8003E+05    0.7766E+10


 => Conventional Rietveld Rp,Rwp,Re and Chi2:   10.4      10.9      2.97      13.57    
 => (Values obtained using Ynet, but true sigma(y))
 =>  SumYnet, Sum(w Ynet**2):     0.1016E+08    0.6707E+07


 => Global user-weigthed Chi2 (Bragg contrib.):   13.6    

 => ---------> Pattern#  1
 => Phase:  1
 =>    Bragg R-factor:  6.03    
 =>    RF-factor     :  5.09    


   Standard deviations have to be multiplied by: 3.4696
   (correlated residuals) See references:
  -J.F.Berar & P.Lelann, J. Appl. Cryst. 24, 1-5 (1991) 
  -J.F.Berar, Acc. in Pow. Diff. II,NIST Sp.Pub. 846, 63(1992) 

 ++++++++++++++++++++++++++++++++++++++++++++++++++++++++++++++++++++++++++++++++++++++++++++++++++++++++++++++++++++++++

 => CYCLE No.:    1
 =>  Convergence reached at this CYCLE !!!!
 =>  Parameter shifts set to zero
 ---------------------------------------------------------------------------------------
 => Phase  1 Name:  #(C) 2021 by FIZ Karlsruhe - Leibniz Institute for Information Infras
 ---------------------------------------------------------------------------------------
 => New parameters, shifts, and standard deviations

 Atom        x       dx      sx       y       dy      sy       z       dz      sz       B       dB      sB      occ.    docc.   socc.

 Na1      0.38095 0.00000 0.00061  0.78678 0.00000 0.00143  0.10515 0.00000 0.00073  1.11627 0.00000 0.00000  1.00000 0.00000 0.00000
 Ta1      0.15933 0.00000 0.00010  0.25834 0.00000 0.00037  0.29716 0.00000 0.00012  0.47176 0.00000 0.00000  1.00000 0.00000 0.00000
 O1       0.21388 0.00000 0.00107  0.15051 0.00000 0.00131  0.05117 0.00000 0.00147  0.58064 0.00000 0.00000  1.00000 0.00000 0.00000
 O2       0.06271 0.00000 0.00120  0.55299 0.00000 0.00175  0.22583 0.00000 0.00153  0.58064 0.00000 0.00000  1.00000 0.00000 0.00000
 F1       0.37712 0.00000 0.00119  0.47568 0.00000 0.00168  0.30792 0.00000 0.00141  1.12063 0.00000 0.00000  1.00000 0.00000 0.00000
 F2       0.34323 0.00000 0.00109  0.99134 0.00000 0.00158  0.38083 0.00000 0.00128  1.12063 0.00000 0.00000  1.00000 0.00000 0.00000

 ==> PROFILE PARAMETERS FOR PATTERN#  1

 => Overall scale factor:      0.002022168     0.000000000     0.000003465
 => Eta(p-Voigt) or m(Pearson VII):   0.474584  0.000000  0.011669
 => Overall tem. factor:     0.000000    0.000000    0.000000
 => Halfwidth parameters: 
         0.056422    0.000000    0.001487
        -0.031736    0.000000    0.001062
         0.010835    0.000000    0.000186
 => Cell parameters: 
        8.117021    0.000000    0.000088
        5.457945    0.000000    0.000060
        7.508757    0.000000    0.000078
       90.000000    0.000000    0.000000
      102.282097    0.000000    0.000627
       90.000000    0.000000    0.000000
 => Preferred orientation: 
         0.000000    0.000000    0.000000
         0.000000    0.000000    0.000000
 => Asymmetry parameters: 
         0.017563    0.000000    0.002869
         0.004752    0.000000    0.000690
         0.000000    0.000000    0.000000
         0.000000    0.000000    0.000000
 => X and Y parameters: 
        -0.000245    0.000000    0.000341
         0.000000    0.000000    0.000000
 => Strain parameters: 
         0.000000    0.000000    0.000000
         0.000000    0.000000    0.000000
         0.000000    0.000000    0.000000
 => Size   parameters (G,L): 
         0.000000    0.000000    0.000000
         0.000000    0.000000    0.000000

 ==> GLOBAL PARAMETERS FOR PATTERN#  1


 => Zero-point:    -0.0308    0.0000    0.0005

 => Cos( theta)-shift parameter :   0.0000  0.0000  0.0000
 => Sin(2theta)-shift parameter :   0.0000  0.0000  0.0000

 ==> RELIABILITY FACTORS WITH ALL NON-EXCLUDED POINTS FOR PATTERN:  1

 => R-Factors:   3.72      5.20     Chi2:  12.1     DW-Stat.:  0.3273   Patt#:  1
 => Expected :            1.49                                1.9341
 => Deviance : 0.854E+05     Dev*:   12.52    
 => GoF-index:  3.5         Sqrt(Residual/N)
 => N-P+C:  6817

 =>    SumYdif       SumYobs      SumYcal      SumwYobsSQ     Residual    Condition
     0.1137E+07    0.3057E+08    0.3049E+08    0.3057E+08    0.8261E+05    0.7766E+10


 => Conventional Rietveld Rp,Rwp,Re and Chi2:   11.2      11.1      3.19      12.12    
 => (Values obtained using Ynet, but true sigma(y))
 =>  SumYnet, Sum(w Ynet**2):     0.1019E+08    0.6710E+07

 => N-sigma of the GoF:      649.144

 ==> RELIABILITY FACTORS FOR POINTS WITH BRAGG CONTRIBUTIONS FOR PATTERN:  1

 => R-Factors:   4.01      5.50     Chi2:  13.6     DW-Stat.:  0.3378   Patt#:
 => Expected :            1.49                                1.9299
 => Deviance : 0.827E+05     Dev*:   14.03    
 => GoF-index:  3.7         Sqrt(Residual/N)
 => N-P+C:  5898

 =>    SumYdif       SumYobs      SumYcal      SumwYobsSQ     Residual    Condition
     0.1060E+07    0.2644E+08    0.2639E+08    0.2644E+08    0.8003E+05    0.7766E+10


 => Conventional Rietveld Rp,Rwp,Re and Chi2:   10.4      10.9      2.97      13.57    
 => (Values obtained using Ynet, but true sigma(y))
 =>  SumYnet, Sum(w Ynet**2):     0.1016E+08    0.6707E+07

 => N-sigma of the GoF:      682.598

 => Global user-weigthed Chi2 (Bragg contrib.):   14.0    

 => ---------> Pattern#  1
 => Phase:  1
 =>    Bragg R-factor:  6.03    
 =>    RF-factor     :  5.09    

 --------------------------------------------------------------------------------------------------------------
 Pattern#  1 Phase No.:   1 Phase name:  #(C) 2021 by FIZ Karlsruhe - 
 --------------------------------------------------------------------------------------------------------------

   No.  Code     H   K   L  Mult      Hw      ETA/M    2theta/TOF     Icalc       Iobs      Sigma     StrFactor^2    d-hkl       CORR

      1   1      1   0   0     2  0.090968  0.471858      11.147     4001.1     3593.0      9.158      10090.0225  7.931242      1.000000
      2   1      1   1   0     4  0.083794  0.469759      19.729    10154.6     9821.2     11.126      40958.0781  4.496195      1.000000
      3   1      0   1   1     4  0.083454  0.469629      20.262       23.4       62.0      3.142         99.8132  4.379138      1.000000
      4   1     -1   1   1     4  0.082504  0.469232      21.885       30.6       64.3      4.411        152.8508  4.057806      1.000000
      5   1      2   0   0     2  0.082230  0.469106      22.401     1256.9     1321.5      5.928      13186.2861  3.965621      1.000000
      6   1      0   0   2     2  0.081364  0.468656      24.242     3679.9     3609.1      7.134      45506.8164  3.668449      1.000000
      7   1      1   1   1     4  0.081292  0.468614      24.414       37.2       37.7      0.082        233.7529  3.642882      1.000000
      8   1     -1   0   2     2  0.081277  0.468604      24.452     4035.0     4004.1      6.761      50802.4102  3.637389      1.000000
      9   1      2   1   0     4  0.080221  0.467789      27.785     7276.3     7282.9      9.896      59909.0938  3.208201      1.000000
     10   1     -2   1   1     4  0.080104  0.467650      28.356       97.0       71.9      2.113        833.6470  3.144841      1.000000
     11   1      1   0   2     2  0.080013  0.467521      28.883        3.0        3.7      0.311         52.8914  3.088604      1.000000
     12   1      0   1   2     4  0.079952  0.467416      29.310     2518.1     2675.1      6.455      23217.9941  3.044636      1.000000
     13   1     -2   0   2     2  0.079939  0.467390      29.417      125.6      135.8      0.378       2334.0110  3.033773      1.000000
     14   1     -1   1   2     4  0.079930  0.467373      29.486     1202.4     1314.3      3.888      11229.6143  3.026808      1.000000
     15   1      2   1   1     4  0.079838  0.466686      32.295       15.8        0.0      3.822        179.6365  2.769699      1.000000
     16   1      0   2   0     2  0.079873  0.466565      32.790     1510.9     1532.3      5.437      35406.7891  2.728973      1.000000
     17   1      1   1   2     4  0.079926  0.466440      33.304     2910.6     2920.0      6.135      35265.5586  2.688047      1.000000
     18   1     -2   1   2     4  0.079989  0.466325      33.774     2631.5     2648.5      5.667      32859.9414  2.651669      1.000000
     19   1      3   0   0     2  0.080005  0.466299      33.879     1020.8     1089.1      2.447      25667.1328  2.643747      1.000000
     20   1      1   2   0     4  0.080163  0.466090      34.735      983.2     1014.2      4.713      13046.0234  2.580492      1.000000
     21   1      0   2   1     4  0.080234  0.466012      35.054       28.8       41.0      2.049        390.0898  2.557771      1.000000
     22   1     -1   2   1     4  0.080501  0.465766      36.058        3.2        0.0      3.020         46.4081  2.488827      1.000000
     23   1      2   0   2     2  0.080710  0.465607      36.711      603.8      616.3      4.700      18064.6289  2.446008      1.000000
     24   1     -3   1   1     4  0.080963  0.465437      37.404      188.7      182.4      1.216       2940.3433  2.402250      1.000000
     25   1     -3   0   2     2  0.080973  0.465431      37.430      616.8      586.4      3.124      19253.1523  2.400673      1.000000
     26   1      1   2   1     4  0.081086  0.465361      37.714       79.4       60.3      2.155       1260.6188  2.383235      1.000000
     27   1      3   1   0     4  0.081113  0.465345      37.779        9.6        7.3      0.415        152.9899  2.379314      1.000000
     28   1     -1   1   3     4  0.082052  0.464865      39.742      230.8      244.6      4.286       4108.3550  2.266151      1.000000
     29   1      2   2   0     4  0.082236  0.464784      40.075      489.0      486.2      3.192       8864.6924  2.248098      1.000000
     30   1      2   1   2     4  0.082409  0.464711      40.375      563.3      648.8      3.359      10377.8691  2.232105      1.000000
     31   1      0   1   3     4  0.082412  0.464709      40.380        0.3        0.3      0.002          5.0317  2.231820      1.000000
     32   1     -2   2   1     4  0.082478  0.464682      40.491        5.1        5.9      0.052         95.1405  2.225965      1.000000
     33   1     -3   1   2     4  0.082813  0.464548      41.039      837.5      865.2      3.777      15995.7197  2.197494      1.000000
     34   1      0   2   2     4  0.082912  0.464510      41.194      886.0      897.2      2.961      17064.1914  2.189569      1.000000
     35   1     -1   2   2     4  0.082996  0.464478      41.326     1040.4      959.0      3.288      20176.6348  2.182910      1.000000
     36   1      3   1   1     4  0.083499  0.464296      42.071        7.2        2.6      1.755        145.9243  2.145933      1.000000
     37   1     -2   1   3     4  0.083738  0.464213      42.408       10.0        9.4      2.501        205.4283  2.129673      1.000000
     38   1      2   2   1     4  0.084538  0.463955      43.464       48.6       76.3      4.024       1054.7627  2.080334      1.000000
     39   1      1   1   3     4  0.085141  0.463774      44.203       51.8       36.2      1.661       1166.3967  2.047251      1.000000
     40   1      1   2   2     4  0.085183  0.463762      44.253       85.8       78.8      1.830       1936.1543  2.045060      1.000000
     41   1     -2   2   2     4  0.085501  0.463671      44.624      325.8      312.4      3.384       7492.1377  2.028903      1.000000
     42   1      4   0   0     2  0.086492  0.463404      45.720      707.8      779.4      4.882      34350.5898  1.982810      1.000000
     43   1      3   0   2     2  0.087118  0.463244      46.371      485.8      407.4      3.596      24331.1836  1.956466      1.000000
     44   1     -4   0   2     2  0.087959  0.463041      47.203      673.6      656.4      4.201      35103.3320  1.923892      1.000000
     45   1     -3   2   1     4  0.088330  0.462954      47.557       25.5       24.5      0.886        676.5035  1.910424      1.000000
     46   1     -4   1   1     4  0.088651  0.462881      47.856        0.1        0.1      0.000          2.3359  1.899157      1.000000
     47   1      3   2   0     4  0.088660  0.462879      47.865     1845.2     1946.3      5.399      49595.0625  1.898827      1.000000
     48   1     -3   1   3     4  0.088728  0.462864      47.928       30.7       32.6      0.109        826.6535  1.896492      1.000000
     49   1     -1   0   4     2  0.089316  0.462733      48.461     1313.9     1507.6      4.770      72610.4297  1.876852      1.000000
     50   1      4   1   0     4  0.089730  0.462644      48.827      946.9     1070.9      4.147      26611.1855  1.863640      1.000000
     51   1      3   1   2     4  0.090450  0.462492      49.447       97.2       71.0      2.075       2810.0942  1.841715      1.000000
     52   1     -1   2   3     4  0.090515  0.462479      49.502        8.8        7.3      0.220        255.0976  1.839800      1.000000
     53   1      0   0   4     2  0.090707  0.462439      49.663       44.2       44.6      1.192       2582.7346  1.834225      1.000000
     54   1      2   2   2     4  0.091156  0.462348      50.035     1755.7     1735.3      5.089      52107.3203  1.821441      1.000000
     55   1      0   2   3     4  0.091162  0.462347      50.040        1.5        1.5      0.004         45.3379  1.821286      1.000000
     56   1     -2   0   4     2  0.091255  0.462329      50.116      221.8      217.1      0.727      13213.7559  1.818694      1.000000
     57   1     -4   1   2     4  0.091408  0.462298      50.241       11.0       11.4      0.085        330.0906  1.814466      1.000000
     58   1     -3   2   2     4  0.091853  0.462211      50.598     1097.4     1024.7      4.333      33394.6211  1.802487      1.000000
     59   1      2   1   3     4  0.091900  0.462201      50.636        1.7        1.6      0.008         52.5249  1.801237      1.000000
     60   1     -1   1   4     4  0.092936  0.462004      51.443       27.2       24.4      0.311        860.2125  1.774845      1.000000

   No.  Code     H   K   L  Mult      Hw      ETA/M    2theta/TOF     Icalc       Iobs      Sigma     StrFactor^2    d-hkl       CORR

     61   1      3   2   1     4  0.092983  0.461995      51.479        0.9        0.8      0.006         28.2706  1.773703      1.000000
     62   1      1   3   0     4  0.093001  0.461992      51.492      649.3      611.5      3.905      20547.7148  1.773261      1.000000
     63   1      0   3   1     4  0.093308  0.461935      51.725       67.8       61.7      1.233       2166.5940  1.765836      1.000000
     64   1     -2   2   3     4  0.093364  0.461925      51.767        4.5        4.0      0.129        143.2733  1.764489      1.000000
     65   1     -1   3   1     4  0.094306  0.461754      52.465        4.5        4.4      0.146        148.2030  1.742663      1.000000
     66   1      0   1   4     4  0.094484  0.461722      52.595     1011.4      993.2      4.847      33559.0742  1.738668      1.000000
     67   1      4   1   1     4  0.095073  0.461619      53.017        0.2        0.2      0.002          8.3676  1.725819      1.000000
     68   1     -2   1   4     4  0.095091  0.461616      53.030      452.1      419.8      3.198      15278.5586  1.725424      1.000000
     69   1      1   2   3     4  0.095500  0.461545      53.319        0.0        0.0      0.001          0.5134  1.716752      1.000000
     70   1      1   0   4     2  0.095873  0.461482      53.579      148.7      141.0      2.993      10283.0322  1.709030      1.000000
     71   1      1   3   1     4  0.096060  0.461450      53.708        0.8        0.8      0.027         28.6661  1.705212      1.000000
     72   1     -3   0   4     2  0.097131  0.461272      54.436       72.4        0.0      3.111       5189.5850  1.684137      1.000000
     73   1      2   3   0     4  0.098797  0.461005      55.527     1056.9      980.3      5.481      39573.6523  1.653601      1.000000
     74   1     -4   1   3     4  0.099012  0.460972      55.664       24.0       23.0      0.136        902.2717  1.649842      1.000000
     75   1     -2   3   1     4  0.099308  0.460926      55.852       67.8       64.6      1.367       2570.1985  1.644733      1.000000
     76   1      1   1   4     4  0.100128  0.460800      56.366      835.4      894.8      3.551      32342.9961  1.630944      1.000000
     77   1      0   3   2     4  0.100193  0.460790      56.406      353.2      368.7      1.366      13695.4824  1.629886      1.000000
     78   1     -1   3   2     4  0.100361  0.460765      56.510      226.6      227.4      0.935       8820.5850  1.627134      1.000000
     79   1     -4   2   1     4  0.100395  0.460760      56.531       38.9       39.3      0.170       1515.9600  1.626582      1.000000
     80   1     -3   2   3     4  0.100498  0.460744      56.594        6.8        6.7      0.049        264.4216  1.624907      1.000000
     81   1     -3   1   4     4  0.101484  0.460597      57.195      997.9     1134.4      4.472      39902.6758  1.609267      1.000000
     82   1      4   0   2     2  0.101620  0.460577      57.277       35.3       45.0      0.209       2829.6287  1.607161      1.000000
     83   1      4   2   0     4  0.101820  0.460548      57.396      290.5      381.9      1.737      11706.9541  1.604101      1.000000
     84   1      3   2   2     4  0.102757  0.460413      57.951      569.7      702.7      3.771      23452.0020  1.590055      1.000000
     85   1      5   0   0     2  0.103018  0.460375      58.103       97.5      112.5      0.690       8073.9243  1.586248      1.000000
     86   1     -5   0   2     2  0.103182  0.460352      58.199       85.2       89.4      0.977       7078.6313  1.583869      1.000000
     87   1      2   3   1     4  0.103222  0.460346      58.222        3.3        3.5      0.045        138.4201  1.583295      1.000000
     88   1     -4   2   2     4  0.103988  0.460238      58.664      624.3      750.9      3.692      26397.0703  1.572421      1.000000
     89   1      1   3   2     4  0.104338  0.460190      58.863      694.5      762.3      2.889      29585.1602  1.567578      1.000000
     90   1      2   2   3     4  0.104614  0.460151      59.020       24.4       25.7      0.150       1046.2928  1.563787      1.000000
     91   1      3   1   3     4  0.104714  0.460137      59.076        4.3        4.4      0.025        185.4642  1.562428      1.000000
     92   1     -2   3   2     4  0.104874  0.460115      59.166      856.9      843.5      3.496      36915.5898  1.560265      1.000000
     93   1     -5   1   1     4  0.105191  0.460072      59.344        4.6        4.6      0.034        198.3474  1.556023      1.000000
     94   1     -1   2   4     4  0.105921  0.459973      59.749      718.1      773.9      3.453      31608.6543  1.546424      1.000000
     95   1      2   0   4     2  0.106085  0.459951      59.840      236.0      251.4      1.068      20841.9551  1.544302      1.000000
     96   1      4   1   2     4  0.106287  0.459924      59.951      934.3      937.1      3.031      41432.0859  1.541711      1.000000
     97   1      5   1   0     4  0.107773  0.459727      60.755      546.7      666.0      2.910      24956.8730  1.523222      1.000000
     98   1      0   2   4     4  0.107847  0.459717      60.794       66.3       74.4      0.266       3031.0076  1.522318      1.000000
     99   1     -5   1   2     4  0.107947  0.459704      60.848      832.9      848.4      2.875      38145.8594  1.521115      1.000000
    100   1     -4   0   4     2  0.108301  0.459658      61.035      276.6      265.0      1.270      25504.4980  1.516886      1.000000
    101   1      4   2   1     4  0.108572  0.459623      61.179        5.0        5.0      0.033        229.5092  1.513671      1.000000
    102   1     -2   2   4     4  0.108595  0.459620      61.191      288.4      291.2      1.928      13372.3398  1.513404      1.000000
    103   1     -3   3   1     4  0.109369  0.459521      61.596        4.8        0.1      0.543        227.8757  1.504414      1.000000
    104   1      3   3   0     4  0.109868  0.459458      61.855        8.0        0.0      1.416        380.7299  1.498732      1.000000
    105   1      2   1   4     4  0.111022  0.459313      62.446       30.5        0.0      3.027       1478.3507  1.485965      1.000000
    106   1     -1   3   3     4  0.112607  0.459119      63.241        0.4        0.0      0.307         18.4004  1.469192      1.000000
    107   1     -4   2   3     4  0.113348  0.459030      63.606        1.0        1.0      0.046         50.0650  1.461627      1.000000
    108   1     -4   1   4     4  0.113361  0.459028      63.613       21.2       20.8      0.885       1067.3796  1.461493      1.000000
    109   1      2   3   2     4  0.113530  0.459008      63.696      179.3      170.4      3.362       9062.5088  1.459792      1.000000
    110   1      0   3   3     4  0.113538  0.459007      63.699        7.9        7.5      0.146        397.2983  1.459713      1.000000
    111   1     -3   3   2     4  0.114522  0.458890      64.178      254.6      223.1      2.403      13074.3252  1.449981      1.000000
    112   1      1   2   4     4  0.114681  0.458871      64.254      218.1      192.5      1.733      11225.3027  1.448438      1.000000
    113   1     -1   1   5     4  0.114788  0.458859      64.306        7.3        6.3      0.068        373.9652  1.447401      1.000000
    114   1      3   3   1     4  0.116109  0.458704      64.936        4.0        1.6      0.381        213.1510  1.434870      1.000000
    115   1      5   1   1     4  0.116176  0.458697      64.968        9.8        4.9      0.625        515.2719  1.434247      1.000000
    116   1     -3   2   4     4  0.116290  0.458684      65.022       35.8       22.3      1.605       1888.9763  1.433190      1.000000
    117   1     -2   1   5     4  0.116549  0.458654      65.143        3.2        2.6      0.152        172.0400  1.430809      1.000000
    118   1     -5   1   3     4  0.116557  0.458653      65.147       12.3       10.0      0.572        649.3122  1.430734      1.000000
    119   1     -2   3   3     4  0.116639  0.458643      65.186       10.5        8.7      0.533        557.9597  1.429978      1.000000
    120   1      0   1   5     4  0.118077  0.458480      65.855        9.2        0.0      2.419        501.2818  1.417060      1.000000

   No.  Code     H   K   L  Mult      Hw      ETA/M    2theta/TOF     Icalc       Iobs      Sigma     StrFactor^2    d-hkl       CORR

    121   1      1   3   3     4  0.119566  0.458313      66.535       14.1        8.7      2.595        781.5050  1.404213      1.000000
    122   1      3   2   3     4  0.120090  0.458256      66.772       23.3       14.0      2.005       1297.9307  1.399806      1.000000
    123   1     -5   2   1     4  0.120647  0.458194      67.022        4.1        0.0      0.953        232.7854  1.395195      1.000000
    124   1      4   2   2     4  0.121926  0.458056      67.589        0.4        0.0      0.463         22.5209  1.384849      1.000000
    125   1      3   0   4     2  0.123035  0.457937      68.075      102.4      136.0      3.459      11888.4980  1.376151      1.000000
    126   1     -3   1   5     4  0.123601  0.457877      68.321        0.7        0.8      0.016         42.4147  1.371798      1.000000
    127   1      5   2   0     4  0.123653  0.457871      68.343       69.2       72.0      1.606       4044.5210  1.371403      1.000000
    128   1     -5   2   2     4  0.123855  0.457850      68.431       13.6       14.2      0.481        797.3752  1.369864      1.000000
    129   1      0   4   0     2  0.124571  0.457775      68.738      320.8      325.7      3.097      37964.1172  1.364487      1.000000
    130   1      4   1   3     4  0.125553  0.457672      69.156        0.7        0.8      0.047         41.8812  1.357249      1.000000
    131   1      5   0   2     2  0.125897  0.457637      69.302      151.1      170.1      2.581      18175.0098  1.354760      1.000000
    132   1     -4   3   1     4  0.126062  0.457620      69.371        0.2        0.2      0.003          9.1161  1.353568      1.000000
    133   1     -3   3   3     4  0.126197  0.457606      69.428        0.2        0.2      0.005         12.7977  1.352602      1.000000
    134   1     -5   0   4     2  0.126515  0.457573      69.562      198.1      218.8      2.157      24004.8711  1.350325      1.000000
    135   1      1   1   5     4  0.126864  0.457538      69.708        3.2        3.6      0.058        195.3337  1.347852      1.000000
    136   1      1   4   0     4  0.127309  0.457492      69.893       64.6       68.2      0.423       3953.5327  1.344731      1.000000
    137   1      2   2   4     4  0.127410  0.457482      69.935      563.7      596.9      3.085      34507.8984  1.344024      1.000000
    138   1      0   4   1     4  0.127776  0.457445      70.087       29.5       30.9      0.193       1814.1006  1.341485      1.000000
    139   1      4   3   0     4  0.127914  0.457431      70.144      184.5      195.8      1.147      11364.2812  1.340530      1.000000
    140   1     -6   0   2     2  0.128333  0.457389      70.317       58.7       63.7      0.682       7266.3389  1.337660      1.000000
    141   1      3   1   4     4  0.128815  0.457340      70.515      328.9      333.5      2.520      20464.7344  1.334389      1.000000
    142   1      3   3   2     4  0.129125  0.457309      70.642       55.3       54.9      0.588       3450.5068  1.332300      1.000000
    143   1     -1   4   1     4  0.129284  0.457293      70.707       13.4       14.1      0.147        837.2689  1.331240      1.000000
    144   1     -4   2   4     4  0.130101  0.457212      71.039      324.0      352.4      2.934      20452.5098  1.325834      1.000000
    145   1     -4   3   2     4  0.130708  0.457152      71.284       10.2       13.8      0.100        647.4409  1.321875      1.000000
    146   1      6   0   0     2  0.130708  0.457152      71.284      186.1      252.6      1.823      23649.3066  1.321874      1.000000
    147   1      2   3   3     4  0.131510  0.457074      71.605        3.4        3.9      0.093        216.7271  1.316733      1.000000
    148   1     -1   2   5     4  0.131738  0.457051      71.696        5.7        7.0      0.093        368.3413  1.315287      1.000000
    149   1      5   1   2     4  0.131805  0.457045      71.723      163.1      200.8      2.369      10487.2334  1.314859      1.000000
    150   1      1   4   1     4  0.131891  0.457036      71.757        9.6       11.4      0.145        615.6434  1.314319      1.000000
    151   1     -6   1   1     4  0.132194  0.457007      71.877        5.2        5.7      0.085        332.9469  1.312416      1.000000
    152   1     -5   1   4     4  0.132451  0.456982      71.979      206.3      204.5      2.162      13352.0322  1.310804      1.000000
    153   1     -1   3   4     4  0.133177  0.456912      72.265        9.0        8.2      0.385        589.3113  1.306317      1.000000
    154   1      5   2   1     4  0.133328  0.456898      72.325        1.2        1.1      0.090         77.1862  1.305392      1.000000
    155   1     -2   2   5     4  0.133754  0.456857      72.492        2.6        2.8      0.231        170.6191  1.302799      1.000000
    156   1     -5   2   3     4  0.133763  0.456856      72.495        0.4        0.4      0.031         23.0064  1.302742      1.000000
    157   1     -6   1   2     4  0.134349  0.456800      72.724      228.0      258.9      3.151      15042.3789  1.299209      1.000000
    158   1      0   2   5     4  0.135501  0.456691      73.169        4.8        4.9      0.078        322.6518  1.292394      1.000000
    159   1      0   3   4     4  0.135622  0.456680      73.216      234.9      245.6      2.626      15694.6699  1.291689      1.000000
    160   1      2   4   0     4  0.135870  0.456656      73.311       52.9       54.0      0.695       3543.1968  1.290246      1.000000
    161   1      4   3   1     4  0.136538  0.456594      73.567        8.6        9.2      0.087        579.5074  1.286394      1.000000
    162   1     -2   3   4     4  0.136566  0.456591      73.577      186.0      200.7      1.875      12536.9893  1.286231      1.000000
    163   1     -2   4   1     4  0.136603  0.456588      73.591        9.4       10.2      0.096        631.4325  1.286020      1.000000
    164   1      6   1   0     4  0.136829  0.456567      73.678       43.0       48.1      0.579       2903.7053  1.284731      1.000000
    165   1     -4   1   5     4  0.136877  0.456562      73.696       23.3       25.7      0.326       1576.4215  1.284459      1.000000
    166   1      0   4   2     4  0.137867  0.456471      74.070      303.7      281.9      2.299      20724.0059  1.278886      1.000000
    167   1     -1   4   2     4  0.138106  0.456449      74.160      362.5      324.0      2.479      24795.2324  1.277555      1.000000
    168   1     -3   2   5     4  0.141798  0.456114      75.528        4.1        0.0      1.062        292.2928  1.257782      1.000000
    169   1      2   4   1     4  0.142143  0.456084      75.654       11.9        2.4      1.426        845.7176  1.256004      1.000000
    170   1      2   1   5     4  0.142298  0.456070      75.710        2.6        1.4      0.293        181.9003  1.255213      1.000000
    171   1     -4   3   3     4  0.142537  0.456049      75.797        3.8        2.4      0.463        266.7104  1.253990      1.000000
    172   1     -1   0   6     2  0.143482  0.455965      76.138       79.3       70.6      2.101      11354.3389  1.249219      1.000000
    173   1     -6   1   3     4  0.143609  0.455954      76.184        6.9        6.6      0.167        494.0843  1.248583      1.000000
    174   1      1   4   2     4  0.143703  0.455946      76.217        3.3        3.3      0.080        235.7508  1.248114      1.000000
    175   1      4   2   3     4  0.144019  0.455918      76.331        0.5        0.5      0.007         38.0659  1.246539      1.000000
    176   1      1   3   4     4  0.144203  0.455902      76.397      266.7      257.4      2.206      19215.7324  1.245631      1.000000
    177   1     -2   0   6     2  0.144228  0.455900      76.405      118.9      115.0      0.978      17134.1270  1.245509      1.000000
    178   1     -2   4   2     4  0.144450  0.455880      76.485        3.0        2.9      0.036        218.3454  1.244414      1.000000
    179   1      1   2   5     4  0.145510  0.455788      76.862        9.5       10.0      0.509        692.9151  1.239247      1.000000
    180   1     -3   3   4     4  0.146210  0.455728      77.109      415.4      399.2      3.491      30401.4746  1.235894      1.000000

   No.  Code     H   K   L  Mult      Hw      ETA/M    2theta/TOF     Icalc       Iobs      Sigma     StrFactor^2    d-hkl       CORR

    181   1      3   2   4     4  0.147728  0.455598      77.640       82.7      100.1      2.341       6120.9502  1.228759      1.000000
    182   1      6   1   1     4  0.148930  0.455496      78.057        0.0        0.0      0.001          2.1514  1.223239      1.000000
    183   1      4   0   4     2  0.148982  0.455492      78.075       86.1       88.9      2.256      12859.2256  1.223004      1.000000
    184   1      0   0   6     2  0.149024  0.455488      78.089        1.3        1.3      0.034        188.6354  1.222816      1.000000
    185   1     -1   1   6     4  0.150157  0.455393      78.478      203.2      230.8      2.644      15301.2705  1.217730      1.000000
    186   1     -3   4   1     4  0.150656  0.455351      78.648       23.2       25.5      0.368       1754.3524  1.215519      1.000000
    187   1      3   3   3     4  0.150935  0.455328      78.743        3.7        3.7      0.039        279.1582  1.214294      1.000000
    188   1     -2   1   6     4  0.150935  0.455328      78.743       20.2       20.2      0.214       1526.5815  1.214293      1.000000
    189   1      5   2   2     4  0.151126  0.455312      78.807       89.6       88.1      0.782       6790.7183  1.213459      1.000000
    190   1      3   4   0     4  0.151342  0.455294      78.881      182.9      178.4      1.433      13882.9268  1.212516      1.000000
    191   1     -3   0   6     2  0.151354  0.455293      78.885       35.2       34.3      0.276       5338.8223  1.212463      1.000000
    192   1     -6   2   1     4  0.151567  0.455276      78.957        7.5        7.4      0.061        570.1278  1.211537      1.000000
    193   1     -5   3   1     4  0.151626  0.455271      78.977       20.1       19.8      0.162       1526.8744  1.211280      1.000000
    194   1     -5   2   4     4  0.151860  0.455252      79.056      199.9      200.2      1.538      15227.7939  1.210269      1.000000
    195   1      4   3   2     4  0.153213  0.455141      79.510      308.7      289.9      2.859      23725.2969  1.204492      1.000000
    196   1     -6   2   2     4  0.154016  0.455075      79.777       82.2       73.0      0.973       6346.7998  1.201125      1.000000
    197   1     -6   0   4     2  0.154206  0.455060      79.840        4.8        4.4      0.087        745.5004  1.200336      1.000000
    198   1     -1   4   3     4  0.155085  0.454989      80.131       17.7       17.9      0.252       1378.4042  1.196714      1.000000
    199   1      5   3   0     4  0.155355  0.454967      80.220      211.0      205.0      1.610      16435.4883  1.195613      1.000000
    200   1     -5   3   2     4  0.155605  0.454947      80.302      268.2      259.7      1.416      20921.8281  1.194593      1.000000
    201   1      4   1   4     4  0.155898  0.454923      80.398      217.2      214.0      0.989      16973.8457  1.193410      1.000000
    202   1      0   1   6     4  0.155941  0.454920      80.412      226.8      223.0      1.026      17731.6309  1.193236      1.000000
    203   1      2   4   2     4  0.156343  0.454888      80.544      202.0      196.5      0.990      15831.4873  1.191617      1.000000
    204   1      0   4   3     4  0.156354  0.454887      80.547        5.2        5.1      0.026        407.3275  1.191574      1.000000
    205   1      6   2   0     4  0.156834  0.454849      80.704      238.6      229.5      1.407      18746.9766  1.189657      1.000000
    206   1     -4   2   5     4  0.156889  0.454844      80.722        2.4        2.3      0.015        188.4842  1.189441      1.000000
    207   1      5   1   3     4  0.157107  0.454827      80.792        0.0        0.0      0.000          3.5655  1.188575      1.000000
    208   1     -3   4   2     4  0.157694  0.454780      80.983      172.8      156.8      1.541      13647.7393  1.186262      1.000000
    209   1     -5   1   5     4  0.158124  0.454746      81.122        1.2        1.0      0.013         91.6487  1.184583      1.000000
    210   1     -3   1   6     4  0.158374  0.454727      81.202      208.0      187.4      1.989      16489.7402  1.183610      1.000000
    211   1      3   4   1     4  0.159851  0.454611      81.675        1.4        1.4      0.142        109.9994  1.177945      1.000000
    212   1      2   3   4     4  0.160011  0.454599      81.726        2.0        2.1      0.228        163.6906  1.177340      1.000000
    213   1     -2   4   3     4  0.160571  0.454555      81.904        6.0        8.0      0.506        483.9409  1.175234      1.000000
    214   1     -6   1   4     4  0.161353  0.454495      82.151      218.9      253.0      2.637      17637.0742  1.172320      1.000000
    215   1      1   0   6     2  0.161551  0.454479      82.214      108.5      122.0      1.220      17511.9180  1.171587      1.000000
    216   1      6   0   2     2  0.162820  0.454382      82.612      136.4      169.9      2.298      22146.9941  1.166949      1.000000
    217   1      2   2   5     4  0.163054  0.454364      82.685        0.1        0.1      0.002          6.9273  1.166104      1.000000
    218   1     -4   3   4     4  0.163345  0.454342      82.776       21.5       24.2      0.571       1749.2556  1.165056      1.000000
    219   1      1   4   3     4  0.164540  0.454251      83.146        6.9        5.9      0.731        566.1512  1.160806      1.000000
    220   1     -6   2   3     4  0.164547  0.454251      83.148        0.4        0.4      0.046         35.8004  1.160782      1.000000
    221   1     -1   3   5     4  0.165375  0.454189      83.403       27.2       26.0      1.240       2237.9241  1.157879      1.000000
    222   1     -4   0   6     2  0.165769  0.454159      83.524       67.9       62.2      1.755      11178.7217  1.156511      1.000000
    223   1      3   1   5     4  0.166460  0.454107      83.735        2.7        2.5      0.041        221.2254  1.154134      1.000000
    224   1     -7   0   2     2  0.166498  0.454105      83.747      149.3      140.9      2.280      24670.1328  1.154003      1.000000
    225   1      5   3   1     4  0.167348  0.454041      84.005        1.9        1.8      0.065        158.1021  1.151112      1.000000
    226   1     -2   3   5     4  0.167876  0.454002      84.165        0.0        0.0      0.004          2.2763  1.149332      1.000000
    227   1     -5   3   3     4  0.167888  0.454001      84.168        0.2        0.2      0.035         18.7519  1.149294      1.000000
    228   1      1   1   6     4  0.169030  0.453917      84.512       34.9       34.5      2.472       2913.6904  1.145493      1.000000
    229   1      0   3   5     4  0.170045  0.453843      84.815        0.2        0.2      0.014         15.7565  1.142169      1.000000
    230   1      6   1   2     4  0.170358  0.453821      84.908       17.7       15.0      1.412       1491.5557  1.141157      1.000000
    231   1      6   2   1     4  0.170612  0.453802      84.984        2.5        2.3      0.262        214.1751  1.140334      1.000000
    232   1     -1   2   6     4  0.172012  0.453701      85.397      116.4      141.9      2.574       9850.1943  1.135867      1.000000
    233   1     -2   2   6     4  0.172901  0.453637      85.658      200.6      238.3      2.018      17027.3672  1.133076      1.000000
    234   1      7   0   0     2  0.172914  0.453636      85.662       26.4       31.3      0.262       4482.6475  1.133035      1.000000
    235   1     -7   1   1     4  0.173140  0.453620      85.728        0.1        0.1      0.000          4.4713  1.132332      1.000000
    236   1     -4   4   1     4  0.173343  0.453606      85.787       12.9       14.0      0.125       1095.5846  1.131702      1.000000
    237   1     -4   1   6     4  0.173443  0.453598      85.816      136.9      146.8      1.369      11643.5801  1.131391      1.000000
    238   1     -3   4   3     4  0.173525  0.453593      85.840       12.6       13.5      0.130       1073.0555  1.131137      1.000000
    239   1     -7   1   2     4  0.174206  0.453544      86.038        3.7        4.0      0.069        311.6760  1.129042      1.000000
    240   1      4   4   0     4  0.175855  0.453428      86.514      176.1      147.6      2.957      15113.7891  1.124049      1.000000

   No.  Code     H   K   L  Mult      Hw      ETA/M    2theta/TOF     Icalc       Iobs      Sigma     StrFactor^2    d-hkl       CORR

    241   1      3   4   2     4  0.177499  0.453313      86.984      174.8      157.4      2.382      15086.2842  1.119184      1.000000
    242   1     -3   3   5     4  0.177881  0.453286      87.092       26.4       22.9      0.463       2280.8167  1.118068      1.000000
    243   1      4   2   4     4  0.178577  0.453238      87.289       56.8       54.3      0.925       4916.5913  1.116053      1.000000
    244   1      0   2   6     4  0.178626  0.453235      87.303        4.6        4.3      0.077        395.4788  1.115910      1.000000
    245   1     -4   4   2     4  0.179649  0.453164      87.591      199.1      181.2      2.473      17305.3652  1.112982      1.000000
    246   1      5   2   3     4  0.179962  0.453143      87.679        4.3        3.9      0.069        376.6302  1.112096      1.000000
    247   1      4   3   3     4  0.180653  0.453096      87.872       21.1       21.1      0.257       1840.0297  1.110149      1.000000
    248   1      2   4   3     4  0.180739  0.453090      87.896       15.2       15.6      0.175       1325.0441  1.109908      1.000000
    249   1      7   1   0     4  0.180927  0.453077      87.948      128.4      136.0      1.490      11202.4072  1.109382      1.000000
    250   1     -5   2   5     4  0.181128  0.453064      88.004        6.2        6.5      0.083        540.7237  1.108823      1.000000
    251   1     -3   2   6     4  0.181415  0.453044      88.084       48.5       50.5      0.807       4242.2446  1.108025      1.000000
    252   1      1   3   5     4  0.182517  0.452969      88.389        6.1        5.8      0.096        532.9640  1.104988      1.000000
    253   1      2   0   6     2  0.182787  0.452951      88.463       50.9       50.1      0.574       8933.8516  1.104251      1.000000
    254   1     -1   4   4     4  0.183009  0.452936      88.524      256.4      252.9      2.604      22511.9922  1.103648      1.000000
    255   1     -7   1   3     4  0.184298  0.452850      88.877        0.3        0.3      0.008         30.3839  1.100176      1.000000
    256   1     -6   2   4     4  0.184834  0.452814      89.023       13.7       12.4      0.375       1211.8669  1.098747      1.000000
    257   1      3   3   4     4  0.185293  0.452784      89.148      149.0      150.4      2.646      13160.2754  1.097534      1.000000
    258   1      0   4   4     4  0.186343  0.452714      89.432       13.8       13.8      0.364       1219.1926  1.094784      1.000000
    259   1      4   4   1     4  0.187595  0.452632      89.768        0.9        0.9      0.018         76.6949  1.091555      1.000000
    260   1     -2   4   4     4  0.187634  0.452630      89.778       83.1       91.8      1.599       7386.9731  1.091455      1.000000
    261   1      5   0   4     2  0.188002  0.452606      89.877      114.8      137.2      1.869      20421.5918  1.090515      1.000000
    262   1     -5   0   6     2  0.189530  0.452506      90.283      123.9      133.6      1.606      22119.8809  1.086662      1.000000
    263   1      5   3   2     4  0.189559  0.452504      90.290       56.1       60.4      0.732       5005.6606  1.086590      1.000000
    264   1     -6   3   1     4  0.190114  0.452469      90.437       12.3       13.6      0.208       1099.3746  1.085209      1.000000
    265   1     -5   3   4     4  0.190483  0.452445      90.534       66.7       68.9      0.969       5964.8101  1.084298      1.000000
    266   1     -6   1   5     4  0.190585  0.452438      90.561        4.5        4.6      0.064        400.7999  1.084047      1.000000
    267   1      3   2   5     4  0.190713  0.452430      90.595        1.7        1.7      0.024        152.1497  1.083732      1.000000
    268   1      2   1   6     4  0.191288  0.452393      90.746       48.8       49.3      0.712       4371.3193  1.082322      1.000000
    269   1      1   5   0     4  0.191668  0.452369      90.845      112.9      118.3      1.632      10117.9482  1.081395      1.000000
    270   1      0   5   1     4  0.192367  0.452324      91.027        3.3        3.3      0.071        299.1347  1.079705      1.000000
    271   1     -6   3   2     4  0.193200  0.452271      91.244      110.6      116.0      1.239       9949.0234  1.077707      1.000000
    272   1      1   2   6     4  0.193679  0.452241      91.368      258.5      258.6      2.348      23268.6699  1.076568      1.000000
    273   1     -1   5   1     4  0.194624  0.452181      91.611        5.6        5.1      0.058        500.5729  1.074341      1.000000
    274   1      6   2   2     4  0.195213  0.452144      91.762      291.5      255.5      2.314      26305.3027  1.072966      1.000000
    275   1     -4   4   3     4  0.195826  0.452106      91.919        2.7        2.4      0.031        243.9619  1.071547      1.000000
    276   1     -7   0   4     2  0.195974  0.452097      91.957       70.9       64.1      0.831      12813.4014  1.071206      1.000000
    277   1      6   3   0     4  0.196761  0.452048      92.157       27.5       27.3      0.477       2488.9573  1.069400      1.000000
    278   1      5   1   4     4  0.196771  0.452047      92.160        4.8        4.8      0.085        438.8943  1.069379      1.000000
    279   1     -4   3   5     4  0.196830  0.452044      92.175        1.6        1.6      0.030        145.4109  1.069244      1.000000
    280   1      1   4   4     4  0.198123  0.451964      92.502       49.9       57.2      1.191       4522.2993  1.066318      1.000000
    281   1     -5   1   6     4  0.198379  0.451948      92.566        0.9        1.0      0.018         80.2458  1.065744      1.000000
    282   1     -7   2   1     4  0.198434  0.451945      92.580        5.0        5.3      0.101        449.2983  1.065621      1.000000
    283   1      1   5   1     4  0.198538  0.451938      92.606        5.5        5.7      0.106        497.7327  1.065389      1.000000
    284   1     -4   2   6     4  0.198786  0.451923      92.668       75.8       75.0      1.311       6885.2358  1.064837      1.000000
    285   1      7   1   1     4  0.198881  0.451917      92.692        0.0        0.0      0.000          2.1911  1.064624      1.000000
    286   1     -7   2   2     4  0.199670  0.451869      92.890      287.6      271.6      2.735      26146.2246  1.062878      1.000000
    287   1     -3   4   4     4  0.200899  0.451794      93.196       11.0       10.5      0.212       1000.3705  1.060190      1.000000
    288   1      4   1   5     4  0.203357  0.451646      93.802        0.1        0.1      0.013          7.8033  1.054929      1.000000
    289   1      2   5   0     4  0.204543  0.451575      94.091      137.5      150.0      2.900      12582.5391  1.052445      1.000000
    290   1      2   3   5     4  0.204663  0.451568      94.120        0.6        0.6      0.011         52.6037  1.052195      1.000000
    291   1      6   1   3     4  0.205059  0.451544      94.217        4.5        4.9      0.081        411.1385  1.051374      1.000000
    292   1     -7   1   4     4  0.205166  0.451538      94.243       48.2       53.6      0.891       4410.8130  1.051152      1.000000
    293   1     -2   1   7     4  0.205175  0.451537      94.245       11.8       13.1      0.219       1080.4670  1.051135      1.000000
    294   1     -2   5   1     4  0.205654  0.451509      94.361       16.2       19.2      0.329       1487.9020  1.050148      1.000000
    295   1     -1   1   7     4  0.206158  0.451479      94.482        0.1        0.1      0.002          8.5903  1.049116      1.000000
    296   1     -6   3   3     4  0.206568  0.451455      94.581        4.0        4.3      0.108        369.3544  1.048280      1.000000
    297   1      3   4   3     4  0.207469  0.451402      94.797        3.8        4.1      0.050        353.0932  1.046460      1.000000
    298   1      7   2   0     4  0.207486  0.451401      94.801      138.4      148.3      1.769      12697.6318  1.046427      1.000000
    299   1      0   5   2     4  0.207572  0.451396      94.822       86.5       92.3      1.082       7935.1987  1.046252      1.000000
    300   1     -1   5   2     4  0.207936  0.451375      94.909       43.1       43.3      0.648       3957.5718  1.045523      1.000000

   No.  Code     H   K   L  Mult      Hw      ETA/M    2theta/TOF     Icalc       Iobs      Sigma     StrFactor^2    d-hkl       CORR

    301   1     -5   4   1     4  0.208435  0.451346      95.028        0.4        0.4      0.008         38.2889  1.044529      1.000000
    302   1      4   4   2     4  0.210656  0.451217      95.554        3.9        4.8      0.718        354.4571  1.040167      1.000000
    303   1     -7   2   3     4  0.211421  0.451173      95.734        2.7        3.6      0.607        252.0003  1.038690      1.000000
    304   1     -3   1   7     4  0.213322  0.451065      96.177        0.6        0.6      0.058         51.5879  1.035074      1.000000
    305   1      5   4   0     4  0.213664  0.451045      96.256       19.3       20.5      1.232       1774.6558  1.034433      1.000000
    306   1     -5   4   2     4  0.214017  0.451025      96.338       16.1       16.7      0.805       1488.6736  1.033772      1.000000
    307   1      2   5   1     4  0.214102  0.451021      96.358       14.2       14.4      0.707       1308.3182  1.033612      1.000000
    308   1      6   3   1     4  0.214353  0.451007      96.416        2.0        1.9      0.105        181.1176  1.033147      1.000000
    309   1     -1   3   6     4  0.216158  0.450905      96.830      108.2      104.5      1.423       9991.3477  1.029821      1.000000
    310   1      3   0   6     2  0.216315  0.450896      96.866        0.0        0.0      0.000          4.0273  1.029535      1.000000
    311   1      0   1   7     4  0.216433  0.450890      96.893        1.7        1.6      0.018        153.9522  1.029320      1.000000
    312   1      1   5   2     4  0.216498  0.450886      96.908      200.3      188.2      2.084      18489.1465  1.029202      1.000000
    313   1     -2   3   6     4  0.217307  0.450841      97.092       20.2       17.7      0.203       1863.8081  1.027740      1.000000
    314   1     -2   5   2     4  0.217649  0.450822      97.170      157.4      144.4      1.511      14538.6816  1.027124      1.000000
    315   1     -6   2   5     4  0.218793  0.450759      97.429        1.6        1.5      0.027        148.5298  1.025085      1.000000
    316   1      2   2   6     4  0.219620  0.450713      97.615      112.3      118.6      1.438      10376.6357  1.023626      1.000000
    317   1      7   0   2     2  0.220003  0.450692      97.701        2.1        2.2      0.027        390.5639  1.022955      1.000000
    318   1      2   4   4     4  0.220247  0.450679      97.755      134.2      140.0      1.848      12399.9053  1.022530      1.000000
    319   1      4   3   4     4  0.224676  0.450439      98.736      119.4      125.0      1.275      11084.8467  1.014986      1.000000
    320   1      0   3   6     4  0.224741  0.450436      98.750      137.9      144.2      1.379      12797.7129  1.014879      1.000000
    321   1     -4   4   4     4  0.224998  0.450422      98.806      130.9      134.9      1.151      12155.0098  1.014451      1.000000
    322   1     -8   0   2     2  0.225955  0.450371      99.015       11.4       12.2      0.088       2132.9065  1.012874      1.000000
    323   1      5   2   4     4  0.226088  0.450364      99.044      147.8      159.6      1.068      13774.3584  1.012655      1.000000
    324   1      5   3   3     4  0.226485  0.450343      99.130        1.7        1.9      0.011        160.5503  1.012006      1.000000
    325   1      3   1   6     4  0.226677  0.450333      99.172      219.8      235.3      1.481      20537.0020  1.011693      1.000000
    326   1     -6   0   6     2  0.226945  0.450318      99.229       22.0       22.8      0.161       4116.7437  1.011258      1.000000
    327   1     -3   5   1     4  0.227292  0.450300      99.304        1.0        1.0      0.008         96.5347  1.010695      1.000000
    328   1     -1   4   5     4  0.227907  0.450268      99.437       10.4       10.1      0.069        978.9965  1.009703      1.000000
    329   1     -5   2   6     4  0.227991  0.450263      99.455      161.0      155.9      1.056      15178.6230  1.009567      1.000000
    330   1     -5   3   5     4  0.228009  0.450262      99.459        0.0        0.0      0.000          3.6633  1.009539      1.000000
    331   1      3   5   0     4  0.228366  0.450244      99.536        2.8        2.7      0.020        265.1729  1.008967      1.000000
    332   1     -3   3   6     4  0.228385  0.450243      99.540      194.7      191.4      1.403      18448.0664  1.008936      1.000000
    333   1      7   2   1     4  0.228586  0.450232      99.583        0.4        0.4      0.003         38.6364  1.008615      1.000000
    334   1      7   1   2     4  0.230591  0.450127     100.011       88.4       94.1      0.771      14348.3027  1.005448      1.000000

     -----------------------------------------------------
     BRAGG R-Factors and weight fractions for Pattern #  1
     -----------------------------------------------------

 => Phase:  1      #(C) 2021 by FIZ Karlsruhe - Leibniz Institute for Information Infrastructure.  All rights reserved.
 => Bragg R-factor:   6.03       Vol:  325.041( 0.006)  Fract(%):  100.00( 0.24)
 => Rf-factor=  5.10             ATZ:        1095.733   Brindley:  1.0000

     -----------------------------------------------------------------
      SYMBOLIC NAMES AND FINAL VALUES AND SIGMA OF REFINED PARAMETERS:
     -----------------------------------------------------------------

      ->  Parameter number    1 :                                          Zero_pat1   -0.30813832E-01( +/-    0.52705698E-03 )
      ->  Parameter number    2 :                                     Scale_ph1_pat1    0.20221677E-02( +/-    0.34651341E-05 )
      ->  Parameter number    3 :                                    Cell_A_ph1_pat1     8.1170206    ( +/-    0.87567045E-04 )
      ->  Parameter number    4 :                                    Cell_B_ph1_pat1     5.4579453    ( +/-    0.60370101E-04 )
      ->  Parameter number    5 :                                    Cell_C_ph1_pat1     7.5087571    ( +/-    0.78324301E-04 )
      ->  Parameter number    6 :                                    Cell_E_ph1_pat1     102.28210    ( +/-    0.62663760E-03 )
      ->  Parameter number    7 :                                    U-Cagl_ph1_pat1    0.56421895E-01( +/-    0.14874804E-02 )
      ->  Parameter number    8 :                                    W-Cagl_ph1_pat1    0.10835151E-01( +/-    0.18613241E-03 )
      ->  Parameter number    9 :                                    V-Cagl_ph1_pat1   -0.31735707E-01( +/-    0.10619694E-02 )
      ->  Parameter number   10 :                                     EtaPV_ph1_pat1    0.47458375    ( +/-    0.11669064E-01 )
      ->  Parameter number   11 :                                     X-tan_ph1_pat1   -0.24453737E-03( +/-    0.34115338E-03 )
      ->  Parameter number   12 :                                     Asym1_ph1_pat1    0.17563080E-01( +/-    0.28685383E-02 )
      ->  Parameter number   13 :                                     Asym2_ph1_pat1    0.47516474E-02( +/-    0.69023477E-03 )
      ->  Parameter number   14 :                                          X_Na1_ph1    0.38095424    ( +/-    0.61045133E-03 )
      ->  Parameter number   15 :                                          Y_Na1_ph1    0.78677881    ( +/-    0.14319236E-02 )
      ->  Parameter number   16 :                                          Z_Na1_ph1    0.10515316    ( +/-    0.72526711E-03 )
      ->  Parameter number   17 :                                          X_Ta1_ph1    0.15932681    ( +/-    0.97214259E-04 )
      ->  Parameter number   18 :                                          Y_Ta1_ph1    0.25833893    ( +/-    0.37415794E-03 )
      ->  Parameter number   19 :                                          Z_Ta1_ph1    0.29715851    ( +/-    0.12274410E-03 )
      ->  Parameter number   20 :                                           X_O1_ph1    0.21388181    ( +/-    0.10714015E-02 )
      ->  Parameter number   21 :                                           Y_O1_ph1    0.15051188    ( +/-    0.13115667E-02 )
      ->  Parameter number   22 :                                           Z_O1_ph1    0.51166005E-01( +/-    0.14698028E-02 )
      ->  Parameter number   23 :                                           X_O2_ph1    0.62708110E-01( +/-    0.11999526E-02 )
      ->  Parameter number   24 :                                           Y_O2_ph1    0.55298752    ( +/-    0.17465126E-02 )
      ->  Parameter number   25 :                                           Z_O2_ph1    0.22582930    ( +/-    0.15292647E-02 )
      ->  Parameter number   26 :                                           X_F1_ph1    0.37711957    ( +/-    0.11937426E-02 )
      ->  Parameter number   27 :                                           Y_F1_ph1    0.47568169    ( +/-    0.16789194E-02 )
      ->  Parameter number   28 :                                           Z_F1_ph1    0.30792138    ( +/-    0.14120050E-02 )
      ->  Parameter number   29 :                                           X_F2_ph1    0.34322730    ( +/-    0.10891894E-02 )
      ->  Parameter number   30 :                                           Y_F2_ph1    0.99133658    ( +/-    0.15772383E-02 )
      ->  Parameter number   31 :                                           Z_F2_ph1    0.38083190    ( +/-    0.12826429E-02 )

 ------------------------------------------------------------------
 => Number of bytes for floating point variables: 4
 => Dimensions of dynamic allocated arrays in this run of FullProf:
 ------------------------------------------------------------------

 => Total approximate array memory (dynamic + static): 128536585 bytes

    MaxPOINT=    60000 Max.num. of points(+int. Inten.)/diffraction pattern       
    MaxREFLT=    20000 Max.num. of reflections/diffraction pattern               
    MaxPARAM=      300 Max.num. of refinable parameters                          
    MaxOVERL=    18096 Max.num. of overlapping reflections                       

 ----------------------------------------------------------
 => Number of bytes for floating point arrays: 4
 => Dimensions of fixed arrays in this release of FullProf:
 ----------------------------------------------------------

    NPATT   =       80 Max.num. of powder diffraction patterns                    
    NATS    =      830 Max.num. of atoms (all kind) in asymmetric unit            
    MPAR    =     1800 Max.num. of non atomic parameters/phase                    
    IEXCL   =       30 Max.num. of excluded regions                               
    IBACP   =      377 Max.num. of background points for interpolation            
    NPHT    =       16 Max.num. of phases                                         
    NMAGM   =        8 Max.num. of rotation-matrices sets for magnetic structure  
    NBASIS  =       12 Max.num. of basis functions associated to a single atom    
    NIREPS  =        9 Max.num. of irreducible representations to be combined     
    N_EQ    =      384 Max.num. of user-supplied symmetry operators/propagation vectors
    NGL     =      400 Max.num. of global parameters/diffraction pattern          
    N_LINC  =       50 Max.num. of global linear restraints                        
    NAT_P   =       80 Max.num. of atomic parameters per atom                     
    NCONST  =      500 Max.num. of slack constraints per phase                    
    N_SPE   =       30 Max.num. of different chemical species                     
    N_FORM  =       60 Max.num. of scattering factor values in a table            
    NPR     =      150 Max.num. of points defining a numerical profile            
    INPR    =       25 Max.num. of different numerical peak shapes                
    NPRC    =      150 Max.num. of terms in the table for correcting intensities  
    NSOL    =       10 Max.num. of solutions to be stored in Montecarlo searchs   

 
              CPU Time:     1.016 seconds
                            0.017 minutes

 => Run finished at:     Date: 07/02/2023  Time: 11:28:15.038                              
