

        **********************************************************
        ** PROGRAM FullProf.2k (Version 7.30 - Mar2020-ILL JRC) **
        **********************************************************
                       M U L T I -- P A T T E R N                 
            Rietveld, Profile Matching & Integrated Intensity     
                 Refinement of X-ray and/or Neutron Data


    Date: 07/02/2023  Time: 10:53:59.037                              

 => PCR file code: NaTaO2F2
 => DAT file code: NaTaO2F2.dat         -> Relative contribution: 1.0000                                                            

 ==> CONDITIONS OF THIS RUN FOR PATTERN No.:  1

 => Global Refinement of X-ray powder diffraction data                                                                              
 => Global Refinement of X-ray powder diffraction data                                                                              
    Bragg-Brentano(X-rays) or Debye-Scherrer geometry(Neutrons)
 => Title:  #(C) 2021 by FIZ Karlsruhe - Leibniz Institute for Information Infrastructure.

 => Number of phases:    1
 => Number of excluded regions:    0
 => Number of scattering factors supplied:    0
 => Conventional weights: w=1.0/Variance(yobs)
 => Asymmetry correction as in J.Appl.Cryst. 26,128(1993)
 => Background linearly interpolated between the   23 points given
 => The    5th default profile function was selected
 => Pseudo-Voigt function (ETA variable)
                 X-parameter correspond to: ETA=ETA0+X*2theta
                       pV(x)= ETA*L(x)+(1-ETA)*G(x)

 ==> INPUT/OUTPUT OPTIONS:

 => Generate file *.PRF for plot
 => Output Integrated Intensities
 => Generate new input file *.PCR

 => X-Y type of data: 2theta/TOF/E(Kev) Intens sigma for pattern:  1
 => Plot pattern at each cycle
 => Wavelengths:  1.54056 1.54439
 => Alpha2/Alpha1 ratio:   0.5000
 => Cos(Monochromator angle)=   0.9100
 => Asymmetry correction for angles lower than   90.000 degrees
 => Absorption correction (AC), muR-eff =   0.0000  0.0000
 => Base of peaks: 2.0*HW*    8.00

 => Number of cycles:   33
 => Relaxation factors ==>    for coordinates:  1.00
 => for anisotropic temperature factors:  1.00
 => for halfwidth/strain/size parameters:  1.00
 => for lattice constants and propagation vectors:  1.00
 => EPS-value for convergence:    0.1
 => Background ==> 
    Position   Intensity
       10.15     7152.18        0.00
       12.12     6433.55        0.00
       13.64     5907.27        0.00
       15.55     5413.12        0.00
       18.35     4668.50        0.00
       21.56     4102.44        0.00
       25.46     3716.06        0.00
       30.88     3241.44        0.00
       35.69     2972.22        0.00
       38.71     2730.58        0.00
       42.64     2622.95        0.00
       45.32     2666.44        0.00
       54.17     2692.24        0.00
       62.75     2485.45        0.00
       66.34     2324.11        0.00
       75.53     2385.28        0.00
       78.42     2335.02        0.00
       81.96     2334.00        0.00
       86.63     2257.04        0.00
       90.29     2344.16        0.00

       94.05     2239.42        0.00
       96.20     2252.02        0.00
       98.60     2279.12        0.00

 
 => Number of Least-Squares parameters varied:    31

 =>--------------------------->
 =>------->  PATTERN number:  1
 =>--------------------------->
 => Global parameters and codes ==>
 => Zero-point:    -0.0503   11.0000
 => Displacement peak-shift parameter and code:     0.00    0.00
 => Transparency peak-shift parameter and code:     0.00    0.00

 => Reading Intensity data  =>>

 -> No recognizable heading in input data file X,Y,sigma
    First 6 lines are considered as COMMENTS (except for TSAMP keyword)
 -> COMMENT: 10.0116	7619.0000                                                                                                                   
 -> COMMENT: 10.0247	7730.0000                                                                                                                   
 -> COMMENT: 10.0379	7554.0000                                                                                                                   
 -> COMMENT: 10.0510	7644.0000                                                                                                                   
 -> COMMENT: 10.0641	7647.0000                                                                                                                   
 -> COMMENT: 10.0772	7383.0000                                                                                                                   
 ==> Angular range, step and number of points:
     2Thmin:      10.090400  2Thmax:      99.993401  Step:       0.013132  No. of points:   6848
 --------------------------------------------------------------------------------
 => Phase  No. 1
       #(C) 2021 by FIZ Karlsruhe - Leibniz Institute for Information Infras
 --------------------------------------------------------------------------------
 =>-------> Pattern#  1
 => Crystal Structure Refinement
 => Preferred orientation vector:   0.0000  0.0000  1.0000

 =>-------> Data for PHASE: 1
 => Number of atoms:    6
 => Number of distance  constraints:    0
 => Number of angle     constraints:    0

 => Symmetry information on space group: P 1 21/c 1          
 -> The multiplicity of the general position is:   4
 -> The space group is Centric (-1 at origin)   
 -> Lattice type  P: { 000 }                                       
 -> Reduced set of symmetry operators:

  No.  IT   Symmetry symbol    Rotation part     Associated Translation
   1: ( 1)   1            -->     ( x, y, z) + {  0.0000  0.0000  0.0000}
   2: ( 3)   2 ( 0, y, 0) -->     (-x, y,-z) + {  0.0000  0.5000  0.5000}


        Information on Space Group: 
        --------------------------- 

 =>   Number of Space group:  14
 =>  Hermann-Mauguin Symbol: P 1 21/c 1
 =>             Hall Symbol: -P 2ybc
 =>    Table Setting Choice: b1
 =>            Setting Type: IT (Generated from Hermann-Mauguin symbol)
 =>          Crystal System: Monoclinic
 =>              Laue Class: 2/m
 =>             Point Group: 2/m
 =>         Bravais Lattice: P
 =>          Lattice Symbol: mP
 =>  Reduced Number of S.O.:   2
 =>    General multiplicity:   4
 =>          Centrosymmetry: Centric (-1 at origin)
 =>  Generators (exc. -1&L):   1
 =>         Asymmetric unit:  0.000 <= x <=  1.000
                              0.000 <= y <=  0.250
                              0.000 <= z <=  1.000

 => List of S.O. without inversion and lattice centring translations
 => SYMM(  1): x,y,z                               => SYMM(  2): -x,y+1/2,-z+1/2


 => Initial parameters ==>
 Atom    Ntyp                  X         Y         Z         B         occ.         in  fin  Spc  Mult
                             B11       B22       B33       B12       B13       B23
 Na1    Na                 0.37986   0.78664   0.10731   1.11627   1.00000           0    0    0    4
                 Codes:  141.00000 151.00000 161.00000   0.00000   0.00000
 Ta1    Ta                 0.15902   0.25917   0.29803   0.47176   1.00000           0    0    0    4
                 Codes:  171.00000 181.00000 191.00000   0.00000   0.00000
 O1     O                  0.21178   0.14673   0.05583   0.58064   1.00000           0    0    0    4
                 Codes:  201.00000 211.00000 221.00000   0.00000   0.00000
 O2     O                  0.06864   0.56289   0.21766   0.58064   1.00000           0    0    0    4
                 Codes:  231.00000 241.00000 251.00000   0.00000   0.00000
 F1     F                  0.37905   0.47834   0.30603   1.12063   1.00000           0    0    0    4
                 Codes:  261.00000 271.00000 281.00000   0.00000   0.00000
 F2     F                  0.34206   0.99323   0.38149   1.12063   1.00000           0    0    0    4
                 Codes:  291.00000 301.00000 311.00000   0.00000   0.00000

 => IT IS ASSUMED THAT THE FIRST GIVEN SITE IS FULLY OCCUPIED 
    OR THE FIRST AND SECOND ATOMS ARE IN THE SAME SITE WITH TOTAL FULL OCCUPATION
  (If this is not the case, change the order of atoms to obtain correct values for the content of the unit cell)
    The given occupation factors have been obtained mutiplying m/M by   1.0000
      -> Atom: Na  ,  Chemical element: NA  Atomic Mass:    22.9898
      -> Atom: Ta  ,  Chemical element: TA  Atomic Mass:   180.9479
      -> Atom: O   ,  Chemical element: O   Atomic Mass:    15.9994
      -> Atom: O   ,  Chemical element: O   Atomic Mass:    15.9994
      -> Atom: F   ,  Chemical element: F   Atomic Mass:    18.9984
      -> Atom: F   ,  Chemical element: F   Atomic Mass:    18.9984
 => The given value of ATZ is       1095.73 the program has calculated:        1095.73
    The value of ATZ given in the input PCR file will be used for quantitative analysis
 => The chemical content of the unit cell is: 
       4.0000 Na   +   4.0000 Ta   +   4.0000 O    +   4.0000 O    +   4.0000 F    +   4.0000 F      
 => The normalized site occupation numbers in % are: 
     100.0000 Na1    :      100.0000 Ta1    :      100.0000 O1     :      100.0000 O2     :      100.0000 F1     :      100.0000 F2       
 => The density (volumic mass) of the compound is:    5.643 g/cm3

 =>-------> PROFILE PARAMETERS FOR PATTERN:  1

 => Overall scale factor:   0.201760E-02
 => ETA (p-Voigt) OR M (Pearson VII):   0.5215
 => Overall temperature factor:      0.00000
 => Halfwidth U,V,W:      0.05084    -0.02773     0.01024
 => X and Y parameters:      -0.0010      0.0000
 => Direct cell parameters:    8.0956   5.4366   7.4942  90.0000 102.1320  90.0000
 => Preferred orientation parameters:   0.0000  0.0000
 => Asymmetry parameters     :      0.01635     0.00638     0.00000     0.00000
 => Strain parameters        :      0.00000     0.00000     0.00000
 => Size   parameters        :      0.00000     0.00000

 ==> CODEWORDS FOR PROFILE PARAMETERS of PATTERN#  1

 => Overall scale factor:   21.000
 => ETA (p-Voigt) OR M (Pearson VII):  101.000
 => Overall temperature factor:    0.000
 => Halfwidth U,V,W:   71.000  91.000  81.000
 => X and Y parameters:  111.000   0.000
 => Direct cell parameters:   31.000  41.000  51.000   0.000  61.000   0.000
 => Preferred orientation parameters:    0.000   0.000
 => Asymmetry parameters     :  121.000 131.000   0.000   0.000
 => Strain parameters        :    0.000   0.000   0.000
 => Size   parameters        :    0.000   0.000

 => Cell constraints according to Laue symmetry: 2/m  

        Metric information:
        -------------------

 => Direct cell parameters:

         a =       8.0956      b =       5.4366      c =       7.4942
     alpha =       90.000   beta =      102.132  gamma =       90.000
                        Direct Cell Volume =     322.4673

 => Reciprocal cell parameters:

         a*=     0.126346      b*=     0.183939      c*=     0.136486
     alpha*=       90.000   beta*=       77.868  gamma*=       90.000
                    Reciprocal Cell Volume =   0.00310109

 => Direct and Reciprocal Metric Tensors:

                   GD                                       GR
     65.5383      0.0000    -12.7506          0.015963    0.000000    0.003624
      0.0000     29.5563      0.0000          0.000000    0.033834    0.000000
    -12.7506      0.0000     56.1623          0.003624    0.000000    0.018628

 =>  Cartesian frame: z // c; y is in the bc-plane; x is y ^ z = a*  

     Crystal_to_Orthonormal_Matrix              Orthonormal_to_Crystal Matrix
              Cr_Orth_cel                               Orth_Cr_cel  
      8.0956      0.0000     -1.5750          0.123524   -0.000000    0.026554
      0.0000      5.4366      0.0000          0.000000    0.183939   -0.000000
      0.0000      0.0000      7.3268          0.000000    0.000000    0.136486

     Busing-Levy B-matrix: Hc=B.H            Inverse of the Busing-Levy B-matrix
                BL_M                                      BL_Minv  
    0.126346    0.000000    0.028684            7.9148     -0.0000     -1.7014
    0.000000    0.183939   -0.000000            0.0000      5.4366      0.0000
    0.000000    0.000000    0.133437            0.0000      0.0000      7.4942

 => Laue symmetry 2/m   will be used to generate HKL for pattern#   1
 => Reflections generated between S(1/d)min:  0.1139 A-1 and S(1/d)max:  1.0103 A-1
 =>                                    dmax:  8.7808 A   and      dmin:  0.9898 A
 => The number of reflections generated is:    353
 => The max. scatt. variable (gen.ref.) is:       102.1886
 => Scattering coefficients from internal table


 => X-ray scattering coeff. (A1, B1, A2,...C, f(0), Z, Dfp,Dfpp)

 NA      4.7626   3.2850   3.1736   8.8422   1.2674   0.3136   1.1128 129.4240   0.6760  10.9924  11.0000   0.1290   0.1240
 TA     29.2024   1.7733  15.2293   9.3705  14.5135   0.2960   4.7649  63.3644   9.2435  72.9537  73.0000  -6.3510   5.2710
 O       3.0485  13.2771   2.2868   5.7011   1.5463   0.3239   0.8670  32.9089   0.2508   7.9994   8.0000   0.0470   0.0320
 F       3.5392  10.2825   2.6412   4.2944   1.5170   0.2615   1.0243  26.1476   0.2776   8.9993   9.0000   0.0690   0.0530

     --------------------------------------------------------------
      SYMBOLIC NAMES AND INITIAL VALUES OF PARAMETERS TO BE VARIED:
     --------------------------------------------------------------

      ->  Parameter number    1   -> Symbolic Name:                                          Zero_pat1   -0.50250001E-01
      ->  Parameter number    2   -> Symbolic Name:                                     Scale_ph1_pat1    0.20176000E-02
      ->  Parameter number    3   -> Symbolic Name:                                    Cell_A_ph1_pat1     8.0955706    
      ->  Parameter number    4   -> Symbolic Name:                                    Cell_B_ph1_pat1     5.4365711    
      ->  Parameter number    5   -> Symbolic Name:                                    Cell_C_ph1_pat1     7.4941540    
      ->  Parameter number    6   -> Symbolic Name:                                    Cell_E_ph1_pat1     102.13201    
      ->  Parameter number    7   -> Symbolic Name:                                    U-Cagl_ph1_pat1    0.50836999E-01
      ->  Parameter number    8   -> Symbolic Name:                                    W-Cagl_ph1_pat1    0.10244000E-01
      ->  Parameter number    9   -> Symbolic Name:                                    V-Cagl_ph1_pat1   -0.27732000E-01
      ->  Parameter number   10   -> Symbolic Name:                                     EtaPV_ph1_pat1    0.52146000    
      ->  Parameter number   11   -> Symbolic Name:                                     X-tan_ph1_pat1   -0.95700001E-03
      ->  Parameter number   12   -> Symbolic Name:                                     Asym1_ph1_pat1    0.16349999E-01
      ->  Parameter number   13   -> Symbolic Name:                                     Asym2_ph1_pat1    0.63800002E-02
      ->  Parameter number   14   -> Symbolic Name:                                          X_Na1_ph1    0.37986001    
      ->  Parameter number   15   -> Symbolic Name:                                          Y_Na1_ph1    0.78663999    
      ->  Parameter number   16   -> Symbolic Name:                                          Z_Na1_ph1    0.10731000    
      ->  Parameter number   17   -> Symbolic Name:                                          X_Ta1_ph1    0.15902001    
      ->  Parameter number   18   -> Symbolic Name:                                          Y_Ta1_ph1    0.25917000    
      ->  Parameter number   19   -> Symbolic Name:                                          Z_Ta1_ph1    0.29802999    
      ->  Parameter number   20   -> Symbolic Name:                                           X_O1_ph1    0.21178000    
      ->  Parameter number   21   -> Symbolic Name:                                           Y_O1_ph1    0.14673001    
      ->  Parameter number   22   -> Symbolic Name:                                           Z_O1_ph1    0.55830002E-01
      ->  Parameter number   23   -> Symbolic Name:                                           X_O2_ph1    0.68640001E-01
      ->  Parameter number   24   -> Symbolic Name:                                           Y_O2_ph1    0.56288999    
      ->  Parameter number   25   -> Symbolic Name:                                           Z_O2_ph1    0.21765999    
      ->  Parameter number   26   -> Symbolic Name:                                           X_F1_ph1    0.37904999    
      ->  Parameter number   27   -> Symbolic Name:                                           Y_F1_ph1    0.47834000    
      ->  Parameter number   28   -> Symbolic Name:                                           Z_F1_ph1    0.30603001    
      ->  Parameter number   29   -> Symbolic Name:                                           X_F2_ph1    0.34206000    
      ->  Parameter number   30   -> Symbolic Name:                                           Y_F2_ph1    0.99322999    
      ->  Parameter number   31   -> Symbolic Name:                                           Z_F2_ph1    0.38148999    
  
 
 => No optimization for routine tasks
 ++++++++++++++++++++++++++++++++++++++++++++++++++++++++++++++++++++++++++++++++++++++++++++++++++++++++++++++++++++++++

 => CYCLE No.:    1
 ---------------------------------------------------------------------------------------
 => Phase  1 Name:  #(C) 2021 by FIZ Karlsruhe - Leibniz Institute for Information Infras
 ---------------------------------------------------------------------------------------
 => New parameters, shifts, and standard deviations

 Atom        x       dx      sx       y       dy      sy       z       dz      sz       B       dB      sB      occ.    docc.   socc.

 Na1      0.37986-0.00000 0.00066  0.78664 0.00000 0.00150  0.10731 0.00000 0.00075  1.11627 0.00000 0.00000  1.00000 0.00000 0.00000
 Ta1      0.15902-0.00000 0.00010  0.25917-0.00000 0.00038  0.29803 0.00000 0.00013  0.47176 0.00000 0.00000  1.00000 0.00000 0.00000
 O1       0.21177-0.00001 0.00117  0.14673 0.00000 0.00138  0.05580-0.00003 0.00159  0.58064 0.00000 0.00000  1.00000 0.00000 0.00000
 O2       0.06863-0.00001 0.00128  0.56284-0.00005 0.00176  0.21767 0.00001 0.00152  0.58064 0.00000 0.00000  1.00000 0.00000 0.00000
 F1       0.37906 0.00001 0.00123  0.47826-0.00008 0.00175  0.30601-0.00002 0.00148  1.12063 0.00000 0.00000  1.00000 0.00000 0.00000
 F2       0.34205-0.00001 0.00113  0.99322-0.00001 0.00162  0.38148-0.00001 0.00130  1.12063 0.00000 0.00000  1.00000 0.00000 0.00000

 ==> PROFILE PARAMETERS FOR PATTERN#  1

 => Overall scale factor:      0.002017349    -0.000000251     0.000003641
 => Eta(p-Voigt) or m(Pearson VII):   0.521579  0.000119  0.012646
 => Overall tem. factor:     0.000000    0.000000    0.000000
 => Halfwidth parameters: 
         0.050832   -0.000005    0.001532
        -0.027727    0.000005    0.001115
         0.010244   -0.000000    0.000198
 => Cell parameters: 
        8.095570   -0.000001    0.000090
        5.436571   -0.000000    0.000064
        7.494153   -0.000000    0.000082
       90.000000    0.000000    0.000000
      102.132011    0.000000    0.000665
       90.000000    0.000000    0.000000
 => Preferred orientation: 
         0.000000    0.000000    0.000000
         0.000000    0.000000    0.000000
 => Asymmetry parameters: 
         0.016314   -0.000036    0.003062
         0.006384    0.000004    0.000725
         0.000000    0.000000    0.000000
         0.000000    0.000000    0.000000
 => X and Y parameters: 
        -0.000966   -0.000009    0.000364
         0.000000    0.000000    0.000000
 => Strain parameters: 
         0.000000    0.000000    0.000000
         0.000000    0.000000    0.000000
         0.000000    0.000000    0.000000
 => Size   parameters (G,L): 
         0.000000    0.000000    0.000000
         0.000000    0.000000    0.000000

 ==> GLOBAL PARAMETERS FOR PATTERN#  1


 => Zero-point:    -0.0503   -0.0000    0.0006

 => Cos( theta)-shift parameter :   0.0000  0.0000  0.0000
 => Sin(2theta)-shift parameter :   0.0000  0.0000  0.0000

 ==> RELIABILITY FACTORS WITH ALL NON-EXCLUDED POINTS FOR PATTERN:  1

 => R-Factors:   3.89      5.42     Chi2:  13.2     DW-Stat.:  0.3038   Patt#:  1
 => Expected :            1.49                                1.9341
 => Deviance : 0.931E+05     Dev*:   13.66    
 => GoF-index:  3.6         Sqrt(Residual/N)
 => N-P+C:  6817

 =>    SumYdif       SumYobs      SumYcal      SumwYobsSQ     Residual    Condition
     0.1190E+07    0.3060E+08    0.3051E+08    0.3060E+08    0.9003E+05    0.8264E+10


 => Conventional Rietveld Rp,Rwp,Re and Chi2:   11.9      11.7      3.22      13.21    
 => (Values obtained using Ynet, but true sigma(y))
 =>  SumYnet, Sum(w Ynet**2):     0.1004E+08    0.6570E+07


 ==> RELIABILITY FACTORS FOR POINTS WITH BRAGG CONTRIBUTIONS FOR PATTERN:  1

 => R-Factors:   4.25      5.78     Chi2:  14.9     DW-Stat.:  0.3121   Patt#:
 => Expected :            1.50                                1.9299
 => Deviance : 0.907E+05     Dev*:   15.38    
 => GoF-index:  3.8         Sqrt(Residual/N)
 => N-P+C:  5896

 =>    SumYdif       SumYobs      SumYcal      SumwYobsSQ     Residual    Condition
     0.1113E+07    0.2621E+08    0.2615E+08    0.2621E+08    0.8764E+05    0.8264E+10


 => Conventional Rietveld Rp,Rwp,Re and Chi2:   11.1      11.6      3.00      14.86    
 => (Values obtained using Ynet, but true sigma(y))
 =>  SumYnet, Sum(w Ynet**2):     0.1001E+08    0.6568E+07


 => Global user-weigthed Chi2 (Bragg contrib.):   14.9    

 => ---------> Pattern#  1
 => Phase:  1
 =>    Bragg R-factor:  6.50    
 =>    RF-factor     :  5.45    


   Standard deviations have to be multiplied by: 3.6579
   (correlated residuals) See references:
  -J.F.Berar & P.Lelann, J. Appl. Cryst. 24, 1-5 (1991) 
  -J.F.Berar, Acc. in Pow. Diff. II,NIST Sp.Pub. 846, 63(1992) 

 ++++++++++++++++++++++++++++++++++++++++++++++++++++++++++++++++++++++++++++++++++++++++++++++++++++++++++++++++++++++++

 => CYCLE No.:    1
 =>  Convergence reached at this CYCLE !!!!
 =>  Parameter shifts set to zero
 ---------------------------------------------------------------------------------------
 => Phase  1 Name:  #(C) 2021 by FIZ Karlsruhe - Leibniz Institute for Information Infras
 ---------------------------------------------------------------------------------------
 => New parameters, shifts, and standard deviations

 Atom        x       dx      sx       y       dy      sy       z       dz      sz       B       dB      sB      occ.    docc.   socc.

 Na1      0.37986 0.00000 0.00066  0.78664 0.00000 0.00150  0.10731 0.00000 0.00075  1.11627 0.00000 0.00000  1.00000 0.00000 0.00000
 Ta1      0.15902 0.00000 0.00010  0.25917 0.00000 0.00038  0.29803 0.00000 0.00013  0.47176 0.00000 0.00000  1.00000 0.00000 0.00000
 O1       0.21177 0.00000 0.00117  0.14673 0.00000 0.00138  0.05580 0.00000 0.00159  0.58064 0.00000 0.00000  1.00000 0.00000 0.00000
 O2       0.06863 0.00000 0.00128  0.56284 0.00000 0.00176  0.21767 0.00000 0.00152  0.58064 0.00000 0.00000  1.00000 0.00000 0.00000
 F1       0.37906 0.00000 0.00123  0.47826 0.00000 0.00175  0.30601 0.00000 0.00148  1.12063 0.00000 0.00000  1.00000 0.00000 0.00000
 F2       0.34205 0.00000 0.00113  0.99322 0.00000 0.00162  0.38148 0.00000 0.00130  1.12063 0.00000 0.00000  1.00000 0.00000 0.00000

 ==> PROFILE PARAMETERS FOR PATTERN#  1

 => Overall scale factor:      0.002017349     0.000000000     0.000003641
 => Eta(p-Voigt) or m(Pearson VII):   0.521579  0.000000  0.012646
 => Overall tem. factor:     0.000000    0.000000    0.000000
 => Halfwidth parameters: 
         0.050832    0.000000    0.001532
        -0.027727    0.000000    0.001115
         0.010244    0.000000    0.000198
 => Cell parameters: 
        8.095570    0.000000    0.000090
        5.436571    0.000000    0.000064
        7.494153    0.000000    0.000082
       90.000000    0.000000    0.000000
      102.132011    0.000000    0.000665
       90.000000    0.000000    0.000000
 => Preferred orientation: 
         0.000000    0.000000    0.000000
         0.000000    0.000000    0.000000
 => Asymmetry parameters: 
         0.016314    0.000000    0.003062
         0.006384    0.000000    0.000725
         0.000000    0.000000    0.000000
         0.000000    0.000000    0.000000
 => X and Y parameters: 
        -0.000966    0.000000    0.000364
         0.000000    0.000000    0.000000
 => Strain parameters: 
         0.000000    0.000000    0.000000
         0.000000    0.000000    0.000000
         0.000000    0.000000    0.000000
 => Size   parameters (G,L): 
         0.000000    0.000000    0.000000
         0.000000    0.000000    0.000000

 ==> GLOBAL PARAMETERS FOR PATTERN#  1


 => Zero-point:    -0.0503    0.0000    0.0006

 => Cos( theta)-shift parameter :   0.0000  0.0000  0.0000
 => Sin(2theta)-shift parameter :   0.0000  0.0000  0.0000

 ==> RELIABILITY FACTORS WITH ALL NON-EXCLUDED POINTS FOR PATTERN:  1

 => R-Factors:   3.89      5.42     Chi2:  13.2     DW-Stat.:  0.3038   Patt#:  1
 => Expected :            1.49                                1.9341
 => Deviance : 0.931E+05     Dev*:   13.66    
 => GoF-index:  3.6         Sqrt(Residual/N)
 => N-P+C:  6817

 =>    SumYdif       SumYobs      SumYcal      SumwYobsSQ     Residual    Condition
     0.1190E+07    0.3060E+08    0.3051E+08    0.3060E+08    0.9003E+05    0.8264E+10


 => Conventional Rietveld Rp,Rwp,Re and Chi2:   11.9      11.7      3.22      13.21    
 => (Values obtained using Ynet, but true sigma(y))
 =>  SumYnet, Sum(w Ynet**2):     0.1004E+08    0.6570E+07

 => N-sigma of the GoF:      712.623

 ==> RELIABILITY FACTORS FOR POINTS WITH BRAGG CONTRIBUTIONS FOR PATTERN:  1

 => R-Factors:   4.25      5.78     Chi2:  14.9     DW-Stat.:  0.3121   Patt#:
 => Expected :            1.50                                1.9299
 => Deviance : 0.907E+05     Dev*:   15.38    
 => GoF-index:  3.8         Sqrt(Residual/N)
 => N-P+C:  5896

 =>    SumYdif       SumYobs      SumYcal      SumwYobsSQ     Residual    Condition
     0.1113E+07    0.2621E+08    0.2615E+08    0.2621E+08    0.8764E+05    0.8264E+10


 => Conventional Rietveld Rp,Rwp,Re and Chi2:   11.1      11.6      3.00      14.86    
 => (Values obtained using Ynet, but true sigma(y))
 =>  SumYnet, Sum(w Ynet**2):     0.1001E+08    0.6568E+07

 => N-sigma of the GoF:      752.734

 => Global user-weigthed Chi2 (Bragg contrib.):   15.3    

 => ---------> Pattern#  1
 => Phase:  1
 =>    Bragg R-factor:  6.50    
 =>    RF-factor     :  5.45    

 --------------------------------------------------------------------------------------------------------------
 Pattern#  1 Phase No.:   1 Phase name:  #(C) 2021 by FIZ Karlsruhe - 
 --------------------------------------------------------------------------------------------------------------

   No.  Code     H   K   L  Mult      Hw      ETA/M    2theta/TOF     Icalc       Iobs      Sigma     StrFactor^2    d-hkl       CORR

      1   1      1   0   0     2  0.089545  0.510783      11.170     4005.5     3601.1      9.354      10184.4717  7.914764      1.000000
      2   1      1   1   0     4  0.083384  0.502447      19.795     9835.1     9402.5     11.025      40091.6445  4.481238      1.000000
      3   1      0   1   1     4  0.083106  0.501936      20.324       19.0       58.1      3.189         81.5699  4.365936      1.000000
      4   1     -1   1   1     4  0.082321  0.500348      21.966       35.6       72.4      4.376        179.7939  4.043018      1.000000
      5   1      2   0   0     2  0.082114  0.499883      22.448     1256.5     1336.6      5.982      13287.0479  3.957382      1.000000
      6   1      0   0   2     2  0.081432  0.498116      24.276     3646.0     3586.7      7.230      45373.2383  3.663389      1.000000
      7   1      1   1   1     4  0.081370  0.497932      24.467       38.7       38.4      0.106        244.7279  3.635192      1.000000
      8   1     -1   0   2     2  0.081354  0.497883      24.517     3836.7     3751.5      6.692      48751.0781  3.627860      1.000000
      9   1      2   1   0     4  0.080579  0.494651      27.862     7157.6     7196.6      9.870      59493.5156  3.199494      1.000000
     10   1     -2   1   1     4  0.080503  0.494075      28.457      104.6       73.5      2.065        909.2407  3.133907      1.000000
     11   1      1   0   2     2  0.080458  0.493643      28.904        2.0        3.5      0.263         35.7486  3.086459      1.000000
     12   1      0   1   2     4  0.080422  0.493188      29.375     2589.6     2809.7      6.605      24073.5449  3.038026      1.000000
     13   1     -2   0   2     2  0.080414  0.493051      29.517      120.2      130.4      0.457       2257.4023  3.023739      1.000000
     14   1     -1   1   2     4  0.080411  0.492992      29.578     1098.1     1220.9      3.897      10358.4941  3.017670      1.000000
     15   1      2   1   1     4  0.080481  0.490310      32.353       17.3        0.7      4.218        198.1875  2.764878      1.000000
     16   1      0   2   0     2  0.080550  0.489759      32.923     1495.5     1548.7      5.328      35474.1445  2.718286      1.000000
     17   1      1   1   2     4  0.080614  0.489342      33.355     2898.2     2868.1      6.017      35343.7461  2.684072      1.000000
     18   1     -2   1   2     4  0.080709  0.488820      33.895     2566.0     2567.7      5.370      32397.8887  2.642517      1.000000
     19   1      3   0   0     2  0.080720  0.488765      33.951     1050.1     1090.3      2.142      26616.4570  2.638255      1.000000
     20   1      1   2   0     4  0.080924  0.487878      34.869     1010.8      997.3      4.767      13569.7607  2.570887      1.000000
     21   1      0   2   1     4  0.081005  0.487573      35.185       24.3       45.3      1.921        333.3022  2.548540      1.000000
     22   1     -1   2   1     4  0.081307  0.486591      36.200        3.9        2.3      2.525         56.7872  2.479335      1.000000
     23   1      2   0   2     2  0.081490  0.486074      36.736      607.7      629.4      4.657      18268.0195  2.444410      1.000000
     24   1     -3   1   1     4  0.081792  0.485309      37.527      207.5      194.8      1.415       3266.4309  2.394654      1.000000
     25   1     -3   0   2     2  0.081806  0.485276      37.562      627.3      584.6      3.142      19792.9316  2.392554      1.000000
     26   1      1   2   1     4  0.081921  0.485009      37.838       80.6       71.2      2.148       1291.4388  2.375740      1.000000
     27   1      3   1   0     4  0.081936  0.484974      37.874        8.5        7.5      0.304        136.1686  2.373537      1.000000
     28   1     -1   1   3     4  0.082892  0.483067      39.847      252.8      262.0      4.377       4538.7412  2.260460      1.000000
     29   1      2   2   0     4  0.083096  0.482712      40.215      451.2      461.1      3.102       8265.8047  2.240619      1.000000
     30   1      2   1   2     4  0.083216  0.482508      40.425      553.0      635.4      3.071      10248.5801  2.229424      1.000000
     31   1      0   1   3     4  0.083234  0.482478      40.456        0.2        0.2      0.001          3.3069  2.227792      1.000000
     32   1     -2   2   1     4  0.083346  0.482293      40.648        7.4        8.0      0.356        138.6779  2.217737      1.000000
     33   1     -3   1   2     4  0.083674  0.481771      41.188      806.0      828.1      3.667      15566.6553  2.189872      1.000000
     34   1      0   2   2     4  0.083760  0.481639      41.325      901.8      910.4      2.902      17543.7363  2.182968      1.000000
     35   1     -1   2   2     4  0.083856  0.481493      41.475     1081.4      991.9      3.388      21207.3633  2.175379      1.000000
     36   1      3   1   1     4  0.084298  0.480846      42.145        7.5        2.1      1.432        152.0881  2.142368      1.000000
     37   1     -2   1   3     4  0.084575  0.480459      42.546        8.0        9.6      2.559        166.9754  2.123090      1.000000
     38   1      2   2   1     4  0.085341  0.479452      43.587       57.6       89.0      4.075       1260.7559  2.074736      1.000000
     39   1      1   1   3     4  0.085872  0.478800      44.262       51.6       27.7      2.115       1169.5448  2.044665      1.000000
     40   1      1   2   2     4  0.085959  0.478695      44.370       82.9       77.5      1.774       1887.1307  2.039932      1.000000
     41   1     -2   2   2     4  0.086311  0.478283      44.796      354.9      342.6      3.472       8255.7246  2.021509      1.000000
     42   1      4   0   0     2  0.087200  0.477294      45.820      733.5      794.0      4.743      35878.7461  1.978691      1.000000
     43   1      3   0   2     2  0.087741  0.476723      46.411      482.2      405.6      3.543      24270.9238  1.954880      1.000000
     44   1     -4   0   2     2  0.088661  0.475799      47.367      699.8      682.2      4.379      36861.4023  1.917623      1.000000
     45   1     -3   2   1     4  0.089025  0.475447      47.731       25.1       28.7      0.837        671.0889  1.903853      1.000000
     46   1     -4   1   1     4  0.089304  0.475182      48.005        0.5        0.5      0.002         13.8129  1.893606      1.000000
     47   1      3   2   0     4  0.089316  0.475171      48.017     1767.7     1860.3      5.246      47984.7812  1.893189      1.000000
     48   1     -3   1   3     4  0.089402  0.475090      48.101       30.6       33.1      0.115        835.2380  1.890080      1.000000
     49   1     -1   0   4     2  0.089888  0.474641      48.565     1237.3     1385.9      4.555      68897.3281  1.873095      1.000000
     50   1      4   1   0     4  0.090297  0.474272      48.947      946.6     1051.5      4.104      26821.7773  1.859368      1.000000
     51   1      3   1   2     4  0.090914  0.473729      49.509      104.5       75.3      2.150       3036.4434  1.839568      1.000000
     52   1     -1   2   3     4  0.091084  0.473582      49.661       12.2       11.5      0.298        357.2368  1.834297      1.000000
     53   1      0   0   4     2  0.091169  0.473509      49.736       31.4       34.2      1.001       1843.0116  1.831695      1.000000
     54   1      2   2   2     4  0.091639  0.473111      50.148     1744.1     1775.8      5.232      52178.5781  1.817596      1.000000
     55   1      0   2   3     4  0.091669  0.473086      50.174        2.5        2.6      0.007         75.1410  1.816712      1.000000
     56   1     -2   0   4     2  0.091764  0.473006      50.257      233.3      241.1      0.790      14024.9014  1.813930      1.000000
     57   1     -4   1   2     4  0.091954  0.472848      50.420        7.3        8.6      0.110        222.4554  1.808422      1.000000
     58   1      2   1   3     4  0.092270  0.472588      50.690        2.4        3.0      0.048         73.4226  1.799446      1.000000
     59   1     -3   2   2     4  0.092395  0.472486      50.795     1018.0      946.0      4.259      31334.5742  1.795971      1.000000
     60   1     -1   1   4     4  0.093328  0.471742      51.565       40.3       37.8      1.127       1284.2990  1.770933      1.000000

   No.  Code     H   K   L  Mult      Hw      ETA/M    2theta/TOF     Icalc       Iobs      Sigma     StrFactor^2    d-hkl       CORR

     61   1      3   2   1     4  0.093384  0.471698      51.610        0.3        0.3      0.006          9.7287  1.769486      1.000000
     62   1      1   3   0     4  0.093501  0.471607      51.705      634.0      613.3      3.656      20304.4805  1.766479      1.000000
     63   1      0   3   1     4  0.093788  0.471384      51.935       67.8       68.3      1.223       2191.5940  1.759179      1.000000
     64   1     -2   2   3     4  0.093812  0.471365      51.954        1.7        1.7      0.039         56.0953  1.758577      1.000000
     65   1     -1   3   1     4  0.094743  0.470660      52.684        5.9        5.5      0.027        196.4308  1.735926      1.000000
     66   1      0   1   4     4  0.094747  0.470657      52.687     1047.3      988.9      4.748      34979.3359  1.735821      1.000000
     67   1      4   1   1     4  0.095303  0.470246      53.112        0.0        0.0      0.001          1.4136  1.722937      1.000000
     68   1     -2   1   4     4  0.095403  0.470174      53.187      405.1      374.5      3.125      13821.0898  1.720680      1.000000
     69   1      1   2   3     4  0.095735  0.469932      53.437        0.1        0.1      0.006          3.3854  1.713228      1.000000
     70   1      1   0   4     2  0.095998  0.469744      53.632      158.9      158.1      2.872      11042.0039  1.707445      1.000000
     71   1      1   3   1     4  0.096380  0.469472      53.913        2.1        0.0      0.428         72.2414  1.699207      1.000000
     72   1     -3   0   4     2  0.097355  0.468792      54.617       70.3        0.0      3.221       5090.4673  1.678970      1.000000
     73   1      2   3   0     4  0.098976  0.467702      55.744     1048.8      971.5      5.448      39717.4570  1.647652      1.000000
     74   1     -4   1   3     4  0.099165  0.467578      55.873       18.4       18.0      0.104        699.6664  1.644163      1.000000
     75   1     -2   3   1     4  0.099477  0.467374      56.084       80.0       82.5      1.484       3071.4448  1.638489      1.000000
     76   1      1   1   4     4  0.100011  0.467030      56.440      805.9      931.1      3.964      31372.9102  1.628994      1.000000
     77   1      0   3   2     4  0.100279  0.466859      56.617      352.2      366.1      1.619      13806.8770  1.624317      1.000000
     78   1     -4   2   1     4  0.100448  0.466752      56.728       38.1       34.1      0.222       1499.4771  1.621396      1.000000
     79   1     -1   3   2     4  0.100460  0.466744      56.736      225.1      202.1      1.321       8866.4814  1.621183      1.000000
     80   1     -3   2   3     4  0.100577  0.466670      56.813        6.7        6.0      0.061        264.6299  1.619181      1.000000
     81   1      4   0   2     2  0.101388  0.466162      57.338       35.1       45.0      0.293       2832.7175  1.605582      1.000000
     82   1     -3   1   4     4  0.101471  0.466110      57.392     1008.8     1131.5      4.336      40748.5703  1.604211      1.000000
     83   1      4   2   0     4  0.101745  0.465941      57.567      289.0      353.3      1.467      11751.5967  1.599747      1.000000
     84   1      3   2   2     4  0.102542  0.465455      58.070      554.0      656.7      3.626      22965.2539  1.587085      1.000000
     85   1      5   0   0     2  0.102808  0.465294      58.236       87.7      102.2      0.697       7318.7832  1.582953      1.000000
     86   1     -5   0   2     2  0.103070  0.465138      58.398       89.7       91.2      1.325       7527.6167  1.578942      1.000000
     87   1      2   3   1     4  0.103117  0.465109      58.428        5.8        5.7      0.103        242.0898  1.578218      1.000000
     88   1     -4   2   2     4  0.103869  0.464663      58.889      607.2      735.2      3.622      25959.6504  1.566953      1.000000
     89   1      1   3   2     4  0.104157  0.464495      59.063      681.4      764.4      2.747      29318.5723  1.562735      1.000000
     90   1      2   2   3     4  0.104269  0.464429      59.131       32.8       35.4      0.193       1415.9237  1.561103      1.000000
     91   1      3   1   3     4  0.104277  0.464424      59.136        3.1        3.4      0.019        135.5098  1.560988      1.000000
     92   1     -2   3   2     4  0.104736  0.464158      59.412      863.1      842.8      3.599      37619.6719  1.554406      1.000000
     93   1     -5   1   1     4  0.104924  0.464049      59.524        6.9        6.7      0.043        300.2579  1.551733      1.000000
     94   1      2   0   4     2  0.105534  0.463700      59.886      233.4      250.4      1.155      20701.6094  1.543229      1.000000
     95   1     -1   2   4     4  0.105596  0.463665      59.922      724.6      749.3      2.676      32182.5371  1.542376      1.000000
     96   1      4   1   2     4  0.105782  0.463559      60.031      937.0      955.7      2.906      41779.5391  1.539834      1.000000
     97   1      5   1   0     4  0.107292  0.462716      60.904      546.4      722.5      3.386      25140.3457  1.519838      1.000000
     98   1      0   2   4     4  0.107356  0.462680      60.941       58.0       74.0      0.326       2671.0806  1.519013      1.000000
     99   1     -5   1   2     4  0.107569  0.462563      61.062      789.1      837.3      2.936      36510.8320  1.516288      1.000000
    100   1     -4   0   4     2  0.107919  0.462372      61.260      288.7      276.6      1.396      26908.6074  1.511870      1.000000
    101   1      4   2   1     4  0.108039  0.462306      61.327        4.0        4.0      0.026        187.7527  1.510356      1.000000
    102   1     -2   2   4     4  0.108161  0.462240      61.396      321.2      315.5      1.992      15038.0459  1.508835      1.000000
    103   1     -3   3   1     4  0.108965  0.461807      61.844        3.3        0.0      0.458        157.5901  1.498967      1.000000
    104   1      3   3   0     4  0.109400  0.461575      62.084       11.0        0.0      1.545        528.7540  1.493746      1.000000
    105   1      2   1   4     4  0.110180  0.461163      62.511       35.7        0.0      2.746       1738.8025  1.484577      1.000000
    106   1     -1   3   3     4  0.111983  0.460230      63.476        0.4        0.0      0.304         21.7450  1.464305      1.000000
    107   1     -4   1   4     4  0.112698  0.459867      63.852       32.2       26.2      0.854       1637.5261  1.456595      1.000000
    108   1     -4   2   3     4  0.112712  0.459860      63.859        1.0        0.8      0.024         50.0717  1.456446      1.000000
    109   1      2   3   2     4  0.112776  0.459827      63.892      171.6      148.3      3.288       8748.4219  1.455766      1.000000
    110   1      0   3   3     4  0.112819  0.459806      63.915       10.8        9.5      0.201        550.1699  1.455312      1.000000
    111   1      1   2   4     4  0.113721  0.459354      64.382      214.4      200.9      2.071      11107.9873  1.445871      1.000000
    112   1     -3   3   2     4  0.113846  0.459292      64.446      262.3      234.9      1.971      13621.5889  1.444585      1.000000
    113   1     -1   1   5     4  0.113856  0.459287      64.451        8.2        7.3      0.062        424.1664  1.444484      1.000000
    114   1      5   1   1     4  0.115114  0.458668      65.092        9.5        0.6      1.154        504.1610  1.431808      1.000000
    115   1      3   3   1     4  0.115227  0.458613      65.149        3.5        1.1      0.365        186.5589  1.430694      1.000000
    116   1     -3   2   4     4  0.115455  0.458502      65.264       26.6       18.0      1.458       1417.2587  1.428458      1.000000
    117   1     -2   1   5     4  0.115580  0.458442      65.326        1.9        1.4      0.100        100.3116  1.427244      1.000000
    118   1     -5   1   3     4  0.115719  0.458374      65.396       17.9       14.8      0.837        958.8053  1.425886      1.000000
    119   1     -2   3   3     4  0.115820  0.458325      65.446       17.1       14.9      0.848        915.8442  1.424909      1.000000
    120   1      0   1   5     4  0.116876  0.457819      65.970        8.0        0.0      2.152        434.9867  1.414862      1.000000

   No.  Code     H   K   L  Mult      Hw      ETA/M    2theta/TOF     Icalc       Iobs      Sigma     StrFactor^2    d-hkl       CORR

    121   1      1   3   3     4  0.118448  0.457079      66.737       16.5       11.6      2.403        922.6774  1.400463      1.000000
    122   1      3   2   3     4  0.118759  0.456934      66.887       25.2       17.9      1.840       1412.0262  1.397686      1.000000
    123   1     -5   2   1     4  0.119517  0.456583      67.249        4.8        0.0      1.599        270.9875  1.391030      1.000000
    124   1      4   2   2     4  0.120519  0.456125      67.723        0.2        0.0      0.195          9.6362  1.382439      1.000000
    125   1      3   0   4     2  0.121374  0.455738      68.123       94.5      121.2      3.565      11003.1436  1.375289      1.000000
    126   1      5   2   0     4  0.122277  0.455334      68.542       65.2       55.1      2.155       3844.3745  1.367915      1.000000
    127   1     -3   1   5     4  0.122288  0.455329      68.547        0.4        0.3      0.012         21.9865  1.367828      1.000000
    128   1     -5   2   2     4  0.122599  0.455191      68.690       15.3       16.4      0.624        903.7485  1.365325      1.000000
    129   1      0   4   0     2  0.123380  0.454846      69.046      303.3      329.4      3.173      36299.4297  1.359143      1.000000
    130   1      4   1   3     4  0.123788  0.454667      69.231        1.0        1.1      0.014         62.5719  1.355962      1.000000
    131   1      5   0   2     2  0.124141  0.454513      69.391      147.6      154.5      2.166      17840.9004  1.353230      1.000000
    132   1     -4   3   1     4  0.124702  0.454269      69.643        0.0        0.0      0.001          2.2212  1.348949      1.000000
    133   1     -3   3   3     4  0.124871  0.454196      69.719        0.8        1.0      0.025         50.4781  1.347673      1.000000
    134   1      1   1   5     4  0.125058  0.454116      69.802        4.1        4.4      0.059        249.7362  1.346263      1.000000
    135   1     -5   0   4     2  0.125126  0.454086      69.833      206.6      218.0      2.393      25279.5684  1.345747      1.000000
    136   1      2   2   4     4  0.125624  0.453872      70.054      553.0      578.1      2.971      34046.4297  1.342036      1.000000
    137   1      1   4   0     4  0.125963  0.453727      70.204       56.7       62.0      0.456       3506.0469  1.339536      1.000000
    138   1      4   3   0     4  0.126391  0.453545      70.393      174.3      192.1      1.510      10835.9463  1.336405      1.000000
    139   1      0   4   1     4  0.126400  0.453541      70.397       35.9       39.6      0.313       2233.5037  1.336344      1.000000
    140   1     -6   0   2     2  0.126769  0.453385      70.559       47.7       50.1      0.325       5960.5190  1.333673      1.000000
    141   1      3   1   4     4  0.126822  0.453362      70.582      328.5      340.7      2.144      20523.7266  1.333289      1.000000
    142   1      3   3   2     4  0.127423  0.453109      70.844       55.4       53.6      0.859       3486.8271  1.328997      1.000000
    143   1     -1   4   1     4  0.127838  0.452934      71.024       14.5       18.0      0.495        916.4101  1.326065      1.000000
    144   1     -4   2   4     4  0.128528  0.452647      71.322      294.0      340.2      2.738      18743.4805  1.321259      1.000000
    145   1      6   0   0     2  0.128838  0.452518      71.455      181.4      265.7      1.704      23210.4980  1.319127      1.000000
    146   1     -4   3   2     4  0.129133  0.452396      71.581        8.0       10.4      0.104        515.2665  1.317108      1.000000
    147   1      2   3   3     4  0.129647  0.452184      71.800        3.9        4.7      0.056        249.6178  1.313628      1.000000
    148   1      5   1   2     4  0.129716  0.452156      71.830      163.0      195.2      2.309      10531.8965  1.313161      1.000000
    149   1     -1   2   5     4  0.129860  0.452097      71.891        6.5        7.2      0.125        420.6440  1.312200      1.000000
    150   1      1   4   1     4  0.130268  0.451930      72.064        9.9       12.1      0.219        642.7139  1.309480      1.000000
    151   1     -6   1   1     4  0.130348  0.451898      72.097        3.3        4.0      0.083        216.0680  1.308949      1.000000
    152   1     -5   1   4     4  0.130746  0.451735      72.265      192.8      192.8      2.620      12597.7256  1.306321      1.000000
    153   1      5   2   1     4  0.131305  0.451509      72.500        1.7        1.5      0.043        108.6129  1.302675      1.000000
    154   1     -1   3   4     4  0.131346  0.451492      72.517        8.6        7.7      0.271        567.3100  1.302412      1.000000
    155   1     -2   2   5     4  0.131839  0.451294      72.722        4.2        3.4      0.369        279.2903  1.299235      1.000000
    156   1     -5   2   3     4  0.132000  0.451229      72.789        0.0        0.0      0.003          2.5797  1.298210      1.000000
    157   1     -6   1   2     4  0.132463  0.451044      72.981      231.9      252.7      3.121      15434.7285  1.295268      1.000000
    158   1      0   2   5     4  0.133325  0.450701      73.336        4.5        4.3      0.113        304.6785  1.289874      1.000000
    159   1      0   3   4     4  0.133588  0.450597      73.443      229.4      243.5      2.734      15445.1787  1.288252      1.000000
    160   1      2   4   0     4  0.134046  0.450416      73.630       53.5       55.0      0.730       3619.7908  1.285444      1.000000
    161   1      4   3   1     4  0.134455  0.450256      73.796        8.5        8.9      0.113        578.9703  1.282960      1.000000
    162   1     -2   3   4     4  0.134609  0.450195      73.859      172.6      189.1      1.814      11745.0166  1.282027      1.000000
    163   1      6   1   0     4  0.134625  0.450189      73.865       45.5       49.9      0.479       3093.1455  1.281931      1.000000
    164   1     -2   4   1     4  0.134767  0.450133      73.923        7.2        7.8      0.096        491.0173  1.281078      1.000000
    165   1     -4   1   5     4  0.134883  0.450088      73.969       20.7       21.6      0.335       1412.6791  1.280381      1.000000
    166   1      0   4   2     4  0.135914  0.449688      74.384      285.1      278.0      2.448      19649.7812  1.274270      1.000000
    167   1     -1   4   2     4  0.136174  0.449587      74.487      349.1      324.2      2.502      24116.9805  1.272755      1.000000
    168   1      2   1   5     4  0.139495  0.448326      75.793        3.5        0.0      0.608        248.6058  1.254044      1.000000
    169   1     -3   2   5     4  0.139515  0.448318      75.801        6.6        0.0      1.106        472.4855  1.253937      1.000000
    170   1      2   4   1     4  0.139938  0.448160      75.964       13.0        4.1      1.329        927.7410  1.251646      1.000000
    171   1     -4   3   3     4  0.140351  0.448006      76.123        2.7        1.3      0.273        193.0686  1.249422      1.000000
    172   1     -1   0   6     2  0.140808  0.447837      76.298       71.3       58.4      2.141      10267.3750  1.246990      1.000000
    173   1      4   2   3     4  0.141227  0.447682      76.459        0.6        0.6      0.017         43.2741  1.244775      1.000000
    174   1     -6   1   3     4  0.141285  0.447661      76.481        5.0        4.7      0.119        359.6194  1.244471      1.000000
    175   1      1   4   2     4  0.141398  0.447619      76.524        5.8        5.6      0.092        423.5309  1.243880      1.000000
    176   1     -2   0   6     2  0.141614  0.447540      76.606      106.8      108.4      0.949      15490.8994  1.242746      1.000000
    177   1      1   3   4     4  0.141618  0.447538      76.608      247.8      251.6      2.202      17972.0859  1.242727      1.000000
    178   1     -2   4   2     4  0.142208  0.447322      76.831        3.7        3.8      0.054        270.3790  1.239668      1.000000
    179   1      1   2   5     4  0.142676  0.447151      77.008        9.5        9.2      0.572        698.6092  1.237260      1.000000
    180   1     -3   3   4     4  0.143792  0.446747      77.426      403.4      400.2      3.594      29782.9219  1.231618      1.000000

   No.  Code     H   K   L  Mult      Hw      ETA/M    2theta/TOF     Icalc       Iobs      Sigma     StrFactor^2    d-hkl       CORR

    181   1      3   2   4     4  0.144689  0.446425      77.760       76.5       82.5      1.449       5685.4116  1.227166      1.000000
    182   1      4   0   4     2  0.145707  0.446062      78.135       89.1       84.3      2.151      13351.6885  1.222205      1.000000
    183   1      0   0   6     2  0.145930  0.445983      78.217        2.6        2.4      0.098        396.1667  1.221130      1.000000
    184   1      6   1   1     4  0.145933  0.445982      78.218        0.0        0.0      0.000          0.0551  1.221118      1.000000
    185   1     -1   1   6     4  0.147130  0.445560      78.655      212.0      243.8      2.983      16052.6611  1.215428      1.000000
    186   1      3   3   3     4  0.147922  0.445282      78.942        4.1        4.1      0.049        312.0604  1.211731      1.000000
    187   1     -2   1   6     4  0.147973  0.445265      78.960       14.6       14.3      0.178       1109.3705  1.211497      1.000000
    188   1      5   2   2     4  0.147990  0.445259      78.966       90.2       88.1      1.113       6872.6450  1.211418      1.000000
    189   1     -3   4   1     4  0.148081  0.445227      78.999       24.9       23.9      0.336       1897.2847  1.210994      1.000000
    190   1     -3   0   6     2  0.148452  0.445098      79.133       36.7       33.9      0.460       5617.2725  1.209286      1.000000
    191   1      3   4   0     4  0.148682  0.445018      79.215      178.1      173.7      1.571      13633.6797  1.208236      1.000000
    192   1     -6   2   1     4  0.148710  0.445009      79.225        9.0        8.8      0.079        690.0705  1.208109      1.000000
    193   1     -5   3   1     4  0.148868  0.444954      79.282       19.1       19.2      0.170       1467.7461  1.207386      1.000000
    194   1     -5   2   4     4  0.149164  0.444851      79.388      212.5      218.2      1.775      16322.1074  1.206041      1.000000
    195   1      4   3   2     4  0.150118  0.444523      79.727      301.1      302.1      2.574      23285.9082  1.201755      1.000000
    196   1     -6   2   2     4  0.151122  0.444181      80.082       77.3       67.9      1.332       6015.4302  1.197327      1.000000
    197   1     -6   0   4     2  0.151362  0.444099      80.166        2.9        2.7      0.078        453.4897  1.196277      1.000000
    198   1     -1   4   3     4  0.152237  0.443803      80.472       20.3       21.7      0.130       1595.3361  1.192495      1.000000
    199   1      4   1   4     4  0.152250  0.443799      80.477      213.6      227.5      1.325      16749.8906  1.192443      1.000000
    200   1      5   3   0     4  0.152311  0.443778      80.498      208.4      217.1      1.147      16344.0703  1.192178      1.000000
    201   1      0   1   6     4  0.152483  0.443720      80.558      223.8      215.0      1.056      17575.3770  1.191445      1.000000
    202   1     -5   3   2     4  0.152713  0.443643      80.638      268.5      252.7      1.342      21113.2441  1.190462      1.000000
    203   1      2   4   2     4  0.153326  0.443438      80.850      207.3      195.5      1.041      16362.1777  1.187870      1.000000
    204   1      0   4   3     4  0.153385  0.443418      80.871        5.4        5.1      0.027        425.9427  1.187623      1.000000
    205   1      5   1   3     4  0.153445  0.443398      80.892        0.1        0.1      0.000          4.2667  1.187369      1.000000
    206   1      6   2   0     4  0.153588  0.443350      80.941      240.8      220.1      1.496      19038.9766  1.186769      1.000000
    207   1     -4   2   5     4  0.153883  0.443252      81.042        1.3        1.3      0.013        106.8459  1.185539      1.000000
    208   1     -3   4   2     4  0.154793  0.442950      81.355      166.1      147.3      1.629      13229.2256  1.181771      1.000000
    209   1     -5   1   5     4  0.155072  0.442858      81.450        2.2        1.9      0.019        177.3992  1.180631      1.000000
    210   1     -3   1   6     4  0.155119  0.442842      81.466      205.7      174.7      1.855      16414.7305  1.180436      1.000000
    211   1      2   3   4     4  0.156484  0.442394      81.930        3.3        3.2      0.302        266.4413  1.174929      1.000000
    212   1      3   4   1     4  0.156685  0.442329      81.998        2.4        2.1      0.252        196.3058  1.174130      1.000000
    213   1     -2   4   3     4  0.157496  0.442065      82.270        6.1        7.6      0.172        492.3725  1.170926      1.000000
    214   1      1   0   6     2  0.157643  0.442018      82.319      115.0      140.4      2.192      18626.2070  1.170353      1.000000
    215   1     -6   1   4     4  0.158163  0.441850      82.493      214.0      251.7      2.309      17373.2520  1.168327      1.000000
    216   1      6   0   2     2  0.158898  0.441614      82.738      133.5      167.8      1.624      21764.2441  1.165493      1.000000
    217   1      2   2   5     4  0.159147  0.441534      82.820        0.2        0.3      0.005         19.2942  1.164540      1.000000
    218   1     -4   3   4     4  0.160105  0.441228      83.137       25.8       25.2      1.409       2112.6582  1.160911      1.000000
    219   1      1   4   3     4  0.161088  0.440917      83.459        5.4        4.5      0.528        443.8071  1.157247      1.000000
    220   1     -6   2   3     4  0.161192  0.440884      83.493        0.7        0.6      0.070         55.5735  1.156862      1.000000
    221   1     -1   3   5     4  0.161766  0.440703      83.680       26.6       23.7      1.378       2200.5847  1.154752      1.000000
    222   1      3   1   5     4  0.162189  0.440571      83.817        2.2        1.8      0.061        185.9307  1.153212      1.000000
    223   1     -4   0   6     2  0.162217  0.440562      83.826       63.1       50.4      1.676      10470.3877  1.153108      1.000000
    224   1     -7   0   2     2  0.162887  0.440352      84.043      147.9      139.4      2.278      24606.8574  1.150687      1.000000
    225   1      5   3   1     4  0.163571  0.440140      84.263        2.2        1.9      0.064        179.4516  1.148245      1.000000
    226   1     -2   3   5     4  0.164237  0.439933      84.476        0.0        0.0      0.004          3.5658  1.145887      1.000000
    227   1     -5   3   3     4  0.164437  0.439872      84.540        0.2        0.2      0.022         20.0726  1.145184      1.000000
    228   1      1   1   6     4  0.164735  0.439780      84.635       34.0       25.6      2.229       2855.3130  1.144142      1.000000
    229   1      6   1   2     4  0.166049  0.439377      85.051       17.4       13.0      1.543       1468.9879  1.139600      1.000000
    230   1      0   3   5     4  0.166093  0.439364      85.065        0.2        0.1      0.018         16.3216  1.139449      1.000000
    231   1      6   2   1     4  0.166510  0.439237      85.197        3.5        3.1      0.452        298.6586  1.138030      1.000000
    232   1     -1   2   6     4  0.167882  0.438822      85.626      117.9      135.2      2.723      10021.4492  1.133420      1.000000
    233   1      7   0   0     2  0.168710  0.438573      85.883       27.1       32.3      0.330       4630.9180  1.130681      1.000000
    234   1     -2   2   6     4  0.168848  0.438532      85.926      208.4      244.7      2.184      17788.9805  1.130230      1.000000
    235   1     -7   1   1     4  0.169090  0.438460      86.001        0.4        0.4      0.005         32.9695  1.129437      1.000000
    236   1     -4   1   6     4  0.169527  0.438330      86.136      139.2      148.8      1.451      11910.7969  1.128014      1.000000
    237   1     -4   4   1     4  0.169634  0.438298      86.168       16.9       18.0      0.178       1443.3025  1.127669      1.000000
    238   1     -3   4   3     4  0.169864  0.438229      86.239       15.7       17.2      0.227       1348.9017  1.126923      1.000000
    239   1     -7   1   2     4  0.170229  0.438121      86.352        2.9        2.8      0.061        245.9784  1.125748      1.000000
    240   1      4   4   0     4  0.171945  0.437615      86.875      175.6      146.8      2.961      15163.5332  1.120310      1.000000

   No.  Code     H   K   L  Mult      Hw      ETA/M    2theta/TOF     Icalc       Iobs      Sigma     StrFactor^2    d-hkl       CORR

    241   1      3   4   2     4  0.173357  0.437204      87.301      174.1      162.0      2.055      15106.7373  1.115934      1.000000
    242   1      4   2   4     4  0.173757  0.437088      87.421       59.0       56.8      0.810       5130.1465  1.114712      1.000000
    243   1     -3   3   5     4  0.173844  0.437063      87.447       30.0       28.7      0.432       2607.8337  1.114448      1.000000
    244   1      0   2   6     4  0.174025  0.437010      87.501        6.4        6.1      0.100        556.0217  1.113896      1.000000
    245   1      5   2   3     4  0.175132  0.436692      87.831        4.9        4.7      0.151        425.4134  1.110564      1.000000
    246   1     -4   4   2     4  0.175701  0.436528      87.999      199.8      184.9      2.458      17476.6465  1.108868      1.000000
    247   1      4   3   3     4  0.175994  0.436445      88.086       21.3       20.6      0.237       1865.9875  1.108002      1.000000
    248   1      7   1   0     4  0.176337  0.436347      88.187      126.5      134.3      1.380      11080.6719  1.106993      1.000000
    249   1      2   4   3     4  0.176407  0.436327      88.207       16.4       17.5      0.178       1441.1600  1.106789      1.000000
    250   1     -5   2   5     4  0.177004  0.436158      88.383        6.7        7.1      0.088        589.7429  1.105044      1.000000
    251   1     -3   2   6     4  0.177059  0.436142      88.399       54.9       58.6      0.736       4825.1382  1.104885      1.000000
    252   1      2   0   6     2  0.177593  0.435991      88.555       49.1       53.6      0.905       8642.0820  1.103338      1.000000
    253   1      1   3   5     4  0.177817  0.435928      88.621        6.8        7.0      0.148        598.9464  1.102691      1.000000
    254   1     -1   4   4     4  0.178740  0.435668      88.889      241.9      249.6      2.816      21348.5410  1.100055      1.000000
    255   1     -7   1   3     4  0.179944  0.435332      89.237        0.9        0.9      0.014         76.4490  1.096667      1.000000
    256   1      3   3   4     4  0.180353  0.435219      89.355      147.7      154.6      2.355      13094.6436  1.095528      1.000000
    257   1     -6   2   4     4  0.180566  0.435159      89.416        9.0        8.8      0.185        795.6617  1.094936      1.000000
    258   1      0   4   4     4  0.181825  0.434812      89.775       10.7        9.9      0.386        952.8649  1.091484      1.000000
    259   1      5   0   4     2  0.182474  0.434634      89.959      114.0      141.4      2.408      20313.9707  1.089726      1.000000
    260   1      4   4   1     4  0.183020  0.434485      90.114        1.6        1.7      0.032        144.8905  1.088259      1.000000
    261   1     -2   4   4     4  0.183233  0.434427      90.174       84.5       91.1      1.550       7547.8545  1.087690      1.000000
    262   1      5   3   2     4  0.184523  0.434077      90.536       53.6       58.3      0.960       4797.6108  1.084280      1.000000
    263   1     -5   0   6     2  0.184929  0.433967      90.650      122.5      120.8      1.806      21961.4629  1.083218      1.000000
    264   1      3   2   5     4  0.185218  0.433889      90.730        2.1        2.2      0.034        191.3291  1.082465      1.000000
    265   1     -6   3   1     4  0.185434  0.433831      90.790       13.7       14.8      0.215       1226.8591  1.081905      1.000000
    266   1      2   1   6     4  0.185670  0.433768      90.856       53.7       55.3      0.754       4822.4531  1.081295      1.000000
    267   1     -5   3   4     4  0.186010  0.433676      90.950       65.4       60.1      0.933       5880.4126  1.080419      1.000000
    268   1     -6   1   5     4  0.186034  0.433670      90.957        6.2        5.7      0.090        556.1621  1.080357      1.000000
    269   1      1   5   0     4  0.187274  0.433339      91.299      109.4      115.6      1.665       9856.0459  1.077197      1.000000
    270   1      0   5   1     4  0.187935  0.433164      91.480        3.5        3.6      0.039        319.5591  1.075535      1.000000
    271   1      1   2   6     4  0.188168  0.433102      91.544      254.8      264.6      2.160      22996.8945  1.074953      1.000000
    272   1     -6   3   2     4  0.188494  0.433016      91.633      118.2      121.0      1.051      10676.8340  1.074141      1.000000
    273   1      6   2   2     4  0.189692  0.432701      91.959      289.3      254.5      2.309      26190.2578  1.071184      1.000000
    274   1     -1   5   1     4  0.190114  0.432591      92.073        6.0        4.8      0.081        542.9624  1.070155      1.000000
    275   1      5   1   4     4  0.190808  0.432410      92.260        4.3        3.9      0.056        391.1189  1.068473      1.000000
    276   1     -7   0   4     2  0.191154  0.432320      92.353       72.4       67.3      1.098      13148.9590  1.067641      1.000000
    277   1     -4   4   3     4  0.191185  0.432312      92.362        5.0        4.7      0.078        453.9467  1.067565      1.000000
    278   1      6   3   0     4  0.191631  0.432197      92.481       30.4       29.3      0.787       2762.1221  1.066498      1.000000
    279   1     -4   3   5     4  0.192006  0.432100      92.582        0.6        0.6      0.019         56.1551  1.065605      1.000000
    280   1      1   4   4     4  0.192949  0.431857      92.833       54.2       57.1      1.343       4929.9819  1.063379      1.000000
    281   1      7   1   1     4  0.193219  0.431787      92.905        0.1        0.1      0.003         12.3431  1.062745      1.000000
    282   1     -7   2   1     4  0.193226  0.431786      92.906        6.7        7.0      0.163        606.2201  1.062730      1.000000
    283   1     -5   1   6     4  0.193394  0.431742      92.951        2.8        2.9      0.066        255.6121  1.062336      1.000000
    284   1     -4   2   6     4  0.193734  0.431655      93.041       62.9       62.7      1.208       5728.8433  1.061545      1.000000
    285   1      1   5   1     4  0.193805  0.431637      93.060        7.1        7.0      0.128        642.6154  1.061380      1.000000
    286   1     -7   2   2     4  0.194552  0.431447      93.257      277.4      258.7      2.755      25307.8613  1.059655      1.000000
    287   1     -3   4   4     4  0.195983  0.431084      93.632        8.2        7.7      0.273        753.1247  1.056394      1.000000
    288   1      4   1   5     4  0.196988  0.430832      93.894        0.2        0.2      0.029         17.5039  1.054138      1.000000
    289   1      2   3   5     4  0.198738  0.430395      94.345        0.5        0.6      0.053         49.8160  1.050278      1.000000
    290   1      6   1   3     4  0.198762  0.430389      94.351        4.3        4.7      0.403        393.6403  1.050226      1.000000
    291   1     -2   1   7     4  0.199390  0.430234      94.512       10.1       11.3      0.258        931.3473  1.048862      1.000000
    292   1      2   5   0     4  0.199576  0.430188      94.560      134.6      154.0      2.552      12359.3926  1.048460      1.000000
    293   1     -7   1   4     4  0.199961  0.430093      94.658       51.9       60.4      0.958       4769.4604  1.047630      1.000000
    294   1     -1   1   7     4  0.200151  0.430046      94.707        0.2        0.3      0.005         21.7323  1.047223      1.000000
    295   1     -2   5   1     4  0.200683  0.429915      94.842       16.1       19.7      0.329       1477.3077  1.046087      1.000000
    296   1     -6   3   3     4  0.201367  0.429748      95.015        4.2        5.0      0.069        390.5135  1.044636      1.000000
    297   1      7   2   0     4  0.201683  0.429670      95.095      137.1      157.6      2.025      12611.1914  1.043969      1.000000
    298   1      3   4   3     4  0.201781  0.429647      95.120        4.2        4.8      0.062        390.2767  1.043764      1.000000
    299   1      0   5   2     4  0.202447  0.429484      95.287       88.9       97.7      1.360       8184.3862  1.042370      1.000000
    300   1     -1   5   2     4  0.202845  0.429388      95.388       38.4       39.3      0.637       3538.6030  1.041541      1.000000

   No.  Code     H   K   L  Mult      Hw      ETA/M    2theta/TOF     Icalc       Iobs      Sigma     StrFactor^2    d-hkl       CORR

    301   1     -5   4   1     4  0.203114  0.429323      95.455        0.1        0.1      0.002          9.8417  1.040984      1.000000
    302   1      4   4   2     4  0.204881  0.428897      95.895        3.8        2.7      0.635        351.3412  1.037368      1.000000
    303   1     -7   2   3     4  0.205912  0.428651      96.150        3.0        0.9      0.691        280.0042  1.035295      1.000000
    304   1     -3   1   7     4  0.207333  0.428314      96.499        0.7        0.5      0.128         66.5940  1.032478      1.000000
    305   1      5   4   0     4  0.207991  0.428159      96.659       18.1       15.5      1.370       1672.1017  1.031189      1.000000
    306   1      6   3   1     4  0.208238  0.428100      96.719        1.4        1.3      0.083        130.2322  1.030707      1.000000
    307   1     -5   4   2     4  0.208562  0.428024      96.798       15.7       15.4      0.784       1447.3767  1.030078      1.000000
    308   1      2   5   1     4  0.208666  0.428000      96.823       15.3       15.3      0.756       1417.2717  1.029877      1.000000
    309   1      3   0   6     2  0.209214  0.427872      96.956        0.1        0.1      0.005         22.5592  1.028820      1.000000
    310   1      0   1   7     4  0.209742  0.427748      97.084        1.8        1.9      0.045        170.3103  1.027807      1.000000
    311   1     -1   3   6     4  0.210019  0.427684      97.151      113.8      116.1      2.047      10522.3340  1.027279      1.000000
    312   1      1   5   2     4  0.210938  0.427471      97.371      195.6      197.0      2.207      18094.0195  1.025538      1.000000
    313   1     -2   3   6     4  0.211276  0.427392      97.452       15.5       14.6      0.173       1433.5303  1.024902      1.000000
    314   1     -2   5   2     4  0.212202  0.427179      97.673      155.3      148.4      1.441      14375.5459  1.023173      1.000000
    315   1      2   2   6     4  0.212656  0.427075      97.781      104.6      101.4      1.102       9686.1904  1.022332      1.000000
    316   1      7   0   2     2  0.213063  0.426981      97.877        2.1        2.0      0.029        397.5774  1.021582      1.000000
    317   1     -6   2   5     4  0.213086  0.426976      97.883        1.0        0.9      0.013         91.4246  1.021540      1.000000
    318   1      2   4   4     4  0.213946  0.426780      98.086      137.0      132.7      1.721      12680.9590  1.019966      1.000000
    319   1      4   3   4     4  0.217693  0.425935      98.960      117.3      125.8      1.717      10923.4248  1.013288      1.000000
    320   1      0   3   6     4  0.218045  0.425857      99.041      130.2      138.3      1.325      12136.7227  1.012675      1.000000
    321   1      5   2   4     4  0.218738  0.425703      99.201      146.0      153.6      1.000      13647.8994  1.011475      1.000000
    322   1      3   1   6     4  0.219085  0.425626      99.280      219.1      231.4      1.364      20510.3418  1.010878      1.000000
    323   1     -4   4   4     4  0.219157  0.425610      99.297      120.8      127.4      0.760      11315.8330  1.010755      1.000000
    324   1      5   3   3     4  0.219499  0.425534      99.375        1.5        1.6      0.012        145.4702  1.010169      1.000000
    325   1     -8   0   2     2  0.219567  0.425519      99.390       15.1       15.7      0.118       2836.4785  1.010052      1.000000
    326   1     -6   0   6     2  0.220828  0.425242      99.678       21.7       23.0      0.229       4144.3584  1.007913      1.000000
    327   1     -3   5   1     4  0.221448  0.425106      99.818        0.8        0.8      0.008         80.5067  1.006872      1.000000
    328   1     -1   4   5     4  0.221562  0.425081      99.844        9.9       10.0      0.093        984.4721  1.006682      1.000000
    329   1      7   2   1     4  0.221603  0.425072      99.853        0.7        0.7      0.006         67.2841  1.006612      1.000000
    330   1     -5   2   6     4  0.221812  0.425026      99.900      148.9      146.5      1.223      15508.5859  1.006264      1.000000
    331   1     -5   3   5     4  0.221964  0.424993      99.935        0.2        0.2      0.002         25.7829  1.006010      1.000000
    332   1     -3   3   6     4  0.222037  0.424977      99.951      153.8      151.8      1.184      17633.5059  1.005890      1.000000
    333   1      3   5   0     4  0.222401  0.424898     100.033        1.7        1.8      0.011        282.2653  1.005285      1.000000

     -----------------------------------------------------
     BRAGG R-Factors and weight fractions for Pattern #  1
     -----------------------------------------------------

 => Phase:  1      #(C) 2021 by FIZ Karlsruhe - Leibniz Institute for Information Infrastructure.
 => Bragg R-factor:   6.50       Vol:  322.467( 0.006)  Fract(%):  100.00( 0.26)
 => Rf-factor=  5.47             ATZ:        1095.733   Brindley:  1.0000

     -----------------------------------------------------------------
      SYMBOLIC NAMES AND FINAL VALUES AND SIGMA OF REFINED PARAMETERS:
     -----------------------------------------------------------------

      ->  Parameter number    1 :                                          Zero_pat1   -0.50255429E-01( +/-    0.56630146E-03 )
      ->  Parameter number    2 :                                     Scale_ph1_pat1    0.20173492E-02( +/-    0.36412769E-05 )
      ->  Parameter number    3 :                                    Cell_A_ph1_pat1     8.0955696    ( +/-    0.89578178E-04 )
      ->  Parameter number    4 :                                    Cell_B_ph1_pat1     5.4365706    ( +/-    0.63514570E-04 )
      ->  Parameter number    5 :                                    Cell_C_ph1_pat1     7.4941535    ( +/-    0.82479994E-04 )
      ->  Parameter number    6 :                                    Cell_E_ph1_pat1     102.13201    ( +/-    0.66474197E-03 )
      ->  Parameter number    7 :                                    U-Cagl_ph1_pat1    0.50832178E-01( +/-    0.15318943E-02 )
      ->  Parameter number    8 :                                    W-Cagl_ph1_pat1    0.10243936E-01( +/-    0.19805915E-03 )
      ->  Parameter number    9 :                                    V-Cagl_ph1_pat1   -0.27727207E-01( +/-    0.11150077E-02 )
      ->  Parameter number   10 :                                     EtaPV_ph1_pat1    0.52157855    ( +/-    0.12646007E-01 )
      ->  Parameter number   11 :                                     X-tan_ph1_pat1   -0.96648652E-03( +/-    0.36378481E-03 )
      ->  Parameter number   12 :                                     Asym1_ph1_pat1    0.16313549E-01( +/-    0.30620217E-02 )
      ->  Parameter number   13 :                                     Asym2_ph1_pat1    0.63840477E-02( +/-    0.72481501E-03 )
      ->  Parameter number   14 :                                          X_Na1_ph1    0.37985951    ( +/-    0.65803854E-03 )
      ->  Parameter number   15 :                                          Y_Na1_ph1    0.78664291    ( +/-    0.14979771E-02 )
      ->  Parameter number   16 :                                          Z_Na1_ph1    0.10731237    ( +/-    0.74672658E-03 )
      ->  Parameter number   17 :                                          X_Ta1_ph1    0.15901981    ( +/-    0.10243000E-03 )
      ->  Parameter number   18 :                                          Y_Ta1_ph1    0.25916743    ( +/-    0.37625022E-03 )
      ->  Parameter number   19 :                                          Z_Ta1_ph1    0.29803056    ( +/-    0.12764905E-03 )
      ->  Parameter number   20 :                                           X_O1_ph1    0.21176872    ( +/-    0.11708990E-02 )
      ->  Parameter number   21 :                                           Y_O1_ph1    0.14673346    ( +/-    0.13788957E-02 )
      ->  Parameter number   22 :                                           Z_O1_ph1    0.55795878E-01( +/-    0.15881372E-02 )
      ->  Parameter number   23 :                                           X_O2_ph1    0.68633229E-01( +/-    0.12789454E-02 )
      ->  Parameter number   24 :                                           Y_O2_ph1    0.56283903    ( +/-    0.17633295E-02 )
      ->  Parameter number   25 :                                           Z_O2_ph1    0.21767275    ( +/-    0.15178417E-02 )
      ->  Parameter number   26 :                                           X_F1_ph1    0.37905622    ( +/-    0.12320874E-02 )
      ->  Parameter number   27 :                                           Y_F1_ph1    0.47826433    ( +/-    0.17466677E-02 )
      ->  Parameter number   28 :                                           Z_F1_ph1    0.30600721    ( +/-    0.14778940E-02 )
      ->  Parameter number   29 :                                           X_F2_ph1    0.34204870    ( +/-    0.11329092E-02 )
      ->  Parameter number   30 :                                           Y_F2_ph1    0.99322349    ( +/-    0.16201551E-02 )
      ->  Parameter number   31 :                                           Z_F2_ph1    0.38148394    ( +/-    0.13030525E-02 )

 ------------------------------------------------------------------
 => Number of bytes for floating point variables: 4
 => Dimensions of dynamic allocated arrays in this run of FullProf:
 ------------------------------------------------------------------

 => Total approximate array memory (dynamic + static): 128536585 bytes

    MaxPOINT=    60000 Max.num. of points(+int. Inten.)/diffraction pattern       
    MaxREFLT=    20000 Max.num. of reflections/diffraction pattern               
    MaxPARAM=      300 Max.num. of refinable parameters                          
    MaxOVERL=    18096 Max.num. of overlapping reflections                       

 ----------------------------------------------------------
 => Number of bytes for floating point arrays: 4
 => Dimensions of fixed arrays in this release of FullProf:
 ----------------------------------------------------------

    NPATT   =       80 Max.num. of powder diffraction patterns                    
    NATS    =      830 Max.num. of atoms (all kind) in asymmetric unit            
    MPAR    =     1800 Max.num. of non atomic parameters/phase                    
    IEXCL   =       30 Max.num. of excluded regions                               
    IBACP   =      377 Max.num. of background points for interpolation            
    NPHT    =       16 Max.num. of phases                                         
    NMAGM   =        8 Max.num. of rotation-matrices sets for magnetic structure  
    NBASIS  =       12 Max.num. of basis functions associated to a single atom    
    NIREPS  =        9 Max.num. of irreducible representations to be combined     
    N_EQ    =      384 Max.num. of user-supplied symmetry operators/propagation vectors
    NGL     =      400 Max.num. of global parameters/diffraction pattern          
    N_LINC  =       50 Max.num. of global linear restraints                        
    NAT_P   =       80 Max.num. of atomic parameters per atom                     
    NCONST  =      500 Max.num. of slack constraints per phase                    
    N_SPE   =       30 Max.num. of different chemical species                     
    N_FORM  =       60 Max.num. of scattering factor values in a table            
    NPR     =      150 Max.num. of points defining a numerical profile            
    INPR    =       25 Max.num. of different numerical peak shapes                
    NPRC    =      150 Max.num. of terms in the table for correcting intensities  
    NSOL    =       10 Max.num. of solutions to be stored in Montecarlo searchs   

 
              CPU Time:     1.086 seconds
                            0.018 minutes

 => Run finished at:     Date: 07/02/2023  Time: 10:54:00.146                              
