

        **********************************************************
        ** PROGRAM FullProf.2k (Version 7.30 - Mar2020-ILL JRC) **
        **********************************************************
                       M U L T I -- P A T T E R N                 
            Rietveld, Profile Matching & Integrated Intensity     
                 Refinement of X-ray and/or Neutron Data


    Date: 07/02/2023  Time: 13:48:19.247                              

 => PCR file code: NaTaO2F2
 => DAT file code: NaTaO2F2.dat         -> Relative contribution: 1.0000                                                            

 ==> CONDITIONS OF THIS RUN FOR PATTERN No.:  1

 => Global Refinement of X-ray powder diffraction data                                                                              
 => Global Refinement of X-ray powder diffraction data                                                                              
    Bragg-Brentano(X-rays) or Debye-Scherrer geometry(Neutrons)
 => Title:  #(C) 2021 by FIZ Karlsruhe - Leibniz Institute for Information Infrastructure.  All rights reserved.

 => Number of phases:    1
 => Number of excluded regions:    0
 => Number of scattering factors supplied:    0
 => Conventional weights: w=1.0/Variance(yobs)
 => Asymmetry correction as in J.Appl.Cryst. 26,128(1993)
 => Background linearly interpolated between the   23 points given
 => The    5th default profile function was selected
 => Pseudo-Voigt function (ETA variable)
                 X-parameter correspond to: ETA=ETA0+X*2theta
                       pV(x)= ETA*L(x)+(1-ETA)*G(x)

 ==> INPUT/OUTPUT OPTIONS:

 => Generate file *.PRF for plot
 => Output Integrated Intensities
 => Generate new input file *.PCR

 => X-Y type of data: 2theta/TOF/E(Kev) Intens sigma for pattern:  1
 => Plot pattern at each cycle
 => Wavelengths:  1.54056 1.54439
 => Alpha2/Alpha1 ratio:   0.5000
 => Cos(Monochromator angle)=   0.9100
 => Asymmetry correction for angles lower than   90.000 degrees
 => Absorption correction (AC), muR-eff =   0.0000  0.0000
 => Base of peaks: 2.0*HW*    8.00

 => Number of cycles:   33
 => Relaxation factors ==>    for coordinates:  1.00
 => for anisotropic temperature factors:  1.00
 => for halfwidth/strain/size parameters:  1.00
 => for lattice constants and propagation vectors:  1.00
 => EPS-value for convergence:    0.1
 => Background ==> 
    Position   Intensity
       10.29     6055.97        0.00
       12.59     5447.44        0.00
       13.78     5096.39        0.00
       15.64     4766.17        0.00
       18.46     4192.05        0.00
       21.35     3812.02        0.00
       25.72     3529.50        0.00
       30.61     3233.75        0.00
       35.55     2984.65        0.00
       38.28     2749.67        0.00
       42.58     2675.98        0.00
       45.12     2748.41        0.00
       54.66     2811.79        0.00
       62.73     2567.86        0.00
       66.11     2414.26        0.00
       75.09     2456.17        0.00
       77.86     2355.56        0.00
       81.44     2431.09        0.00
       86.01     2351.09        0.00
       88.77     2371.41        0.00

       93.28     2332.01        0.00
       95.69     2344.21        0.00
       98.00     2340.48        0.00

 
 => Number of Least-Squares parameters varied:    31

 =>--------------------------->
 =>------->  PATTERN number:  1
 =>--------------------------->
 => Global parameters and codes ==>
 => Zero-point:    -0.0068   11.0000
 => Displacement peak-shift parameter and code:     0.00    0.00
 => Transparency peak-shift parameter and code:     0.00    0.00

 => Reading Intensity data  =>>

 -> No recognizable heading in input data file X,Y,sigma
    First 6 lines are considered as COMMENTS (except for TSAMP keyword)
 -> COMMENT: 10.0116	6413.0000                                                                                                                   
 -> COMMENT: 10.0247	6471.0000                                                                                                                   
 -> COMMENT: 10.0379	6617.0000                                                                                                                   
 -> COMMENT: 10.0510	6377.0000                                                                                                                   
 -> COMMENT: 10.0641	6316.0000                                                                                                                   
 -> COMMENT: 10.0772	6470.0000                                                                                                                   
 ==> Angular range, step and number of points:
     2Thmin:      10.090400  2Thmax:      99.993401  Step:       0.013132  No. of points:   6848
 --------------------------------------------------------------------------------
 => Phase  No. 1
       #(C) 2021 by FIZ Karlsruhe - Leibniz Institute for Information Infras
 --------------------------------------------------------------------------------
 =>-------> Pattern#  1
 => Crystal Structure Refinement
 => Preferred orientation vector:   0.0000  0.0000  1.0000

 =>-------> Data for PHASE: 1
 => Number of atoms:    6
 => Number of distance  constraints:    0
 => Number of angle     constraints:    0

 => Symmetry information on space group: P 1 21/c 1          
 -> The multiplicity of the general position is:   4
 -> The space group is Centric (-1 at origin)   
 -> Lattice type  P: { 000 }                                       
 -> Reduced set of symmetry operators:

  No.  IT   Symmetry symbol    Rotation part     Associated Translation
   1: ( 1)   1            -->     ( x, y, z) + {  0.0000  0.0000  0.0000}
   2: ( 3)   2 ( 0, y, 0) -->     (-x, y,-z) + {  0.0000  0.5000  0.5000}


        Information on Space Group: 
        --------------------------- 

 =>   Number of Space group:  14
 =>  Hermann-Mauguin Symbol: P 1 21/c 1
 =>             Hall Symbol: -P 2ybc
 =>    Table Setting Choice: b1
 =>            Setting Type: IT (Generated from Hermann-Mauguin symbol)
 =>          Crystal System: Monoclinic
 =>              Laue Class: 2/m
 =>             Point Group: 2/m
 =>         Bravais Lattice: P
 =>          Lattice Symbol: mP
 =>  Reduced Number of S.O.:   2
 =>    General multiplicity:   4
 =>          Centrosymmetry: Centric (-1 at origin)
 =>  Generators (exc. -1&L):   1
 =>         Asymmetric unit:  0.000 <= x <=  1.000
                              0.000 <= y <=  0.250
                              0.000 <= z <=  1.000

 => List of S.O. without inversion and lattice centring translations
 => SYMM(  1): x,y,z                               => SYMM(  2): -x,y+1/2,-z+1/2


 => Initial parameters ==>
 Atom    Ntyp                  X         Y         Z         B         occ.         in  fin  Spc  Mult
                             B11       B22       B33       B12       B13       B23
 Na1    Na                 0.38079   0.78619   0.10516   1.11627   1.00000           0    0    0    4
                 Codes:  141.00000 151.00000 161.00000   0.00000   0.00000
 Ta1    Ta                 0.15938   0.25661   0.29612   0.47176   1.00000           0    0    0    4
                 Codes:  171.00000 181.00000 191.00000   0.00000   0.00000
 O1     O                  0.21467   0.15566   0.04805   0.58064   1.00000           0    0    0    4
                 Codes:  201.00000 211.00000 221.00000   0.00000   0.00000
 O2     O                  0.05468   0.54274   0.21861   0.58064   1.00000           0    0    0    4
                 Codes:  231.00000 241.00000 251.00000   0.00000   0.00000
 F1     F                  0.38205   0.47137   0.30780   1.12063   1.00000           0    0    0    4
                 Codes:  261.00000 271.00000 281.00000   0.00000   0.00000
 F2     F                  0.34253   0.98738   0.37192   1.12063   1.00000           0    0    0    4
                 Codes:  291.00000 301.00000 311.00000   0.00000   0.00000

 => IT IS ASSUMED THAT THE FIRST GIVEN SITE IS FULLY OCCUPIED 
    OR THE FIRST AND SECOND ATOMS ARE IN THE SAME SITE WITH TOTAL FULL OCCUPATION
  (If this is not the case, change the order of atoms to obtain correct values for the content of the unit cell)
    The given occupation factors have been obtained mutiplying m/M by   1.0000
      -> Atom: Na  ,  Chemical element: NA  Atomic Mass:    22.9898
      -> Atom: Ta  ,  Chemical element: TA  Atomic Mass:   180.9479
      -> Atom: O   ,  Chemical element: O   Atomic Mass:    15.9994
      -> Atom: O   ,  Chemical element: O   Atomic Mass:    15.9994
      -> Atom: F   ,  Chemical element: F   Atomic Mass:    18.9984
      -> Atom: F   ,  Chemical element: F   Atomic Mass:    18.9984
 => The given value of ATZ is       1095.73 the program has calculated:        1095.73
    The value of ATZ given in the input PCR file will be used for quantitative analysis
 => The chemical content of the unit cell is: 
       4.0000 Na   +   4.0000 Ta   +   4.0000 O    +   4.0000 O    +   4.0000 F    +   4.0000 F      
 => The normalized site occupation numbers in % are: 
     100.0000 Na1    :      100.0000 Ta1    :      100.0000 O1     :      100.0000 O2     :      100.0000 F1     :      100.0000 F2       
 => The density (volumic mass) of the compound is:    5.551 g/cm3

 =>-------> PROFILE PARAMETERS FOR PATTERN:  1

 => Overall scale factor:   0.200320E-02
 => ETA (p-Voigt) OR M (Pearson VII):   0.3924
 => Overall temperature factor:      0.00000
 => Halfwidth U,V,W:      0.06422    -0.03788     0.01230
 => X and Y parameters:       0.0017      0.0000
 => Direct cell parameters:    8.1398   5.4801   7.5247  90.0000 102.4363  90.0000
 => Preferred orientation parameters:   0.0000  0.0000
 => Asymmetry parameters     :      0.04249     0.00536     0.00000     0.00000
 => Strain parameters        :      0.00000     0.00000     0.00000
 => Size   parameters        :      0.00000     0.00000

 ==> CODEWORDS FOR PROFILE PARAMETERS of PATTERN#  1

 => Overall scale factor:   21.000
 => ETA (p-Voigt) OR M (Pearson VII):  101.000
 => Overall temperature factor:    0.000
 => Halfwidth U,V,W:   71.000  91.000  81.000
 => X and Y parameters:  111.000   0.000
 => Direct cell parameters:   31.000  41.000  51.000   0.000  61.000   0.000
 => Preferred orientation parameters:    0.000   0.000
 => Asymmetry parameters     :  121.000 131.000   0.000   0.000
 => Strain parameters        :    0.000   0.000   0.000
 => Size   parameters        :    0.000   0.000

 => Cell constraints according to Laue symmetry: 2/m  

        Metric information:
        -------------------

 => Direct cell parameters:

         a =       8.1398      b =       5.4801      c =       7.5247
     alpha =       90.000   beta =      102.436  gamma =       90.000
                        Direct Cell Volume =     327.7773

 => Reciprocal cell parameters:

         a*=     0.125805      b*=     0.182478      c*=     0.136089
     alpha*=       90.000   beta*=       77.564  gamma*=       90.000
                    Reciprocal Cell Volume =   0.00305085

 => Direct and Reciprocal Metric Tensors:

                   GD                                       GR
     66.2561      0.0000    -13.1903          0.015827    0.000000    0.003687
      0.0000     30.0317      0.0000          0.000000    0.033298    0.000000
    -13.1903      0.0000     56.6207          0.003687    0.000000    0.018520

 =>  Cartesian frame: z // c; y is in the bc-plane; x is y ^ z = a*  

     Crystal_to_Orthonormal_Matrix              Orthonormal_to_Crystal Matrix
              Cr_Orth_cel                               Orth_Cr_cel  
      8.1398      0.0000     -1.6205          0.122853   -0.000000    0.027093
      0.0000      5.4801      0.0000          0.000000    0.182478   -0.000000
      0.0000      0.0000      7.3481          0.000000    0.000000    0.136089

     Busing-Levy B-matrix: Hc=B.H            Inverse of the Busing-Levy B-matrix
                BL_M                                      BL_Minv  
    0.125805    0.000000    0.029307            7.9488     -0.0000     -1.7529
    0.000000    0.182478   -0.000000            0.0000      5.4801      0.0000
    0.000000    0.000000    0.132896            0.0000      0.0000      7.5247

 => Laue symmetry 2/m   will be used to generate HKL for pattern#   1
 => Reflections generated between S(1/d)min:  0.1139 A-1 and S(1/d)max:  1.0105 A-1
 =>                                    dmax:  8.7808 A   and      dmin:  0.9896 A
 => The number of reflections generated is:    358
 => The max. scatt. variable (gen.ref.) is:       102.2195
 => Scattering coefficients from internal table


 => X-ray scattering coeff. (A1, B1, A2,...C, f(0), Z, Dfp,Dfpp)

 NA      4.7626   3.2850   3.1736   8.8422   1.2674   0.3136   1.1128 129.4240   0.6760  10.9924  11.0000   0.1290   0.1240
 TA     29.2024   1.7733  15.2293   9.3705  14.5135   0.2960   4.7649  63.3644   9.2435  72.9537  73.0000  -6.3510   5.2710
 O       3.0485  13.2771   2.2868   5.7011   1.5463   0.3239   0.8670  32.9089   0.2508   7.9994   8.0000   0.0470   0.0320
 F       3.5392  10.2825   2.6412   4.2944   1.5170   0.2615   1.0243  26.1476   0.2776   8.9993   9.0000   0.0690   0.0530

     --------------------------------------------------------------
      SYMBOLIC NAMES AND INITIAL VALUES OF PARAMETERS TO BE VARIED:
     --------------------------------------------------------------

      ->  Parameter number    1   -> Symbolic Name:                                          Zero_pat1   -0.68399999E-02
      ->  Parameter number    2   -> Symbolic Name:                                     Scale_ph1_pat1    0.20031999E-02
      ->  Parameter number    3   -> Symbolic Name:                                    Cell_A_ph1_pat1     8.1397877    
      ->  Parameter number    4   -> Symbolic Name:                                    Cell_B_ph1_pat1     5.4801211    
      ->  Parameter number    5   -> Symbolic Name:                                    Cell_C_ph1_pat1     7.5246701    
      ->  Parameter number    6   -> Symbolic Name:                                    Cell_E_ph1_pat1     102.43633    
      ->  Parameter number    7   -> Symbolic Name:                                    U-Cagl_ph1_pat1    0.64216003E-01
      ->  Parameter number    8   -> Symbolic Name:                                    W-Cagl_ph1_pat1    0.12304000E-01
      ->  Parameter number    9   -> Symbolic Name:                                    V-Cagl_ph1_pat1   -0.37879001E-01
      ->  Parameter number   10   -> Symbolic Name:                                     EtaPV_ph1_pat1    0.39236999    
      ->  Parameter number   11   -> Symbolic Name:                                     X-tan_ph1_pat1    0.17450000E-02
      ->  Parameter number   12   -> Symbolic Name:                                     Asym1_ph1_pat1    0.42490002E-01
      ->  Parameter number   13   -> Symbolic Name:                                     Asym2_ph1_pat1    0.53599998E-02
      ->  Parameter number   14   -> Symbolic Name:                                          X_Na1_ph1    0.38079000    
      ->  Parameter number   15   -> Symbolic Name:                                          Y_Na1_ph1    0.78618997    
      ->  Parameter number   16   -> Symbolic Name:                                          Z_Na1_ph1    0.10516000    
      ->  Parameter number   17   -> Symbolic Name:                                          X_Ta1_ph1    0.15938000    
      ->  Parameter number   18   -> Symbolic Name:                                          Y_Ta1_ph1    0.25661001    
      ->  Parameter number   19   -> Symbolic Name:                                          Z_Ta1_ph1    0.29611999    
      ->  Parameter number   20   -> Symbolic Name:                                           X_O1_ph1    0.21467000    
      ->  Parameter number   21   -> Symbolic Name:                                           Y_O1_ph1    0.15566000    
      ->  Parameter number   22   -> Symbolic Name:                                           Z_O1_ph1    0.48050001E-01
      ->  Parameter number   23   -> Symbolic Name:                                           X_O2_ph1    0.54680001E-01
      ->  Parameter number   24   -> Symbolic Name:                                           Y_O2_ph1    0.54273999    
      ->  Parameter number   25   -> Symbolic Name:                                           Z_O2_ph1    0.21861000    
      ->  Parameter number   26   -> Symbolic Name:                                           X_F1_ph1    0.38205001    
      ->  Parameter number   27   -> Symbolic Name:                                           Y_F1_ph1    0.47137001    
      ->  Parameter number   28   -> Symbolic Name:                                           Z_F1_ph1    0.30779999    
      ->  Parameter number   29   -> Symbolic Name:                                           X_F2_ph1    0.34253001    
      ->  Parameter number   30   -> Symbolic Name:                                           Y_F2_ph1    0.98738003    
      ->  Parameter number   31   -> Symbolic Name:                                           Z_F2_ph1    0.37191999    
  
 
 => No optimization for routine tasks
 ++++++++++++++++++++++++++++++++++++++++++++++++++++++++++++++++++++++++++++++++++++++++++++++++++++++++++++++++++++++++

 => CYCLE No.:    1
 ---------------------------------------------------------------------------------------
 => Phase  1 Name:  #(C) 2021 by FIZ Karlsruhe - Leibniz Institute for Information Infras
 ---------------------------------------------------------------------------------------
 => New parameters, shifts, and standard deviations

 Atom        x       dx      sx       y       dy      sy       z       dz      sz       B       dB      sB      occ.    docc.   socc.

 Na1      0.38079-0.00000 0.00059  0.78621 0.00002 0.00142  0.10516 0.00000 0.00072  1.11627 0.00000 0.00000  1.00000 0.00000 0.00000
 Ta1      0.15938-0.00000 0.00010  0.25661 0.00000 0.00042  0.29612 0.00000 0.00012  0.47176 0.00000 0.00000  1.00000 0.00000 0.00000
 O1       0.21467-0.00000 0.00101  0.15566-0.00000 0.00128  0.04803-0.00002 0.00142  0.58064 0.00000 0.00000  1.00000 0.00000 0.00000
 O2       0.05466-0.00002 0.00123  0.54267-0.00007 0.00182  0.21862 0.00001 0.00157  0.58064 0.00000 0.00000  1.00000 0.00000 0.00000
 F1       0.38207 0.00002 0.00120  0.47129-0.00008 0.00168  0.30780-0.00000 0.00150  1.12063 0.00000 0.00000  1.00000 0.00000 0.00000
 F2       0.34251-0.00002 0.00107  0.98734-0.00004 0.00155  0.37190-0.00002 0.00134  1.12063 0.00000 0.00000  1.00000 0.00000 0.00000

 ==> PROFILE PARAMETERS FOR PATTERN#  1

 => Overall scale factor:      0.002003068    -0.000000132     0.000003418
 => Eta(p-Voigt) or m(Pearson VII):   0.392316 -0.000054  0.011110
 => Overall tem. factor:     0.000000    0.000000    0.000000
 => Halfwidth parameters: 
         0.064194   -0.000022    0.001602
        -0.037848    0.000031    0.001124
         0.012302   -0.000002    0.000194
 => Cell parameters: 
        8.139784   -0.000004    0.000084
        5.480120   -0.000001    0.000061
        7.524667   -0.000003    0.000077
       90.000000    0.000000    0.000000
      102.436325   -0.000008    0.000638
       90.000000    0.000000    0.000000
 => Preferred orientation: 
         0.000000    0.000000    0.000000
         0.000000    0.000000    0.000000
 => Asymmetry parameters: 
         0.042413   -0.000077    0.002646
         0.005359   -0.000001    0.000682
         0.000000    0.000000    0.000000
         0.000000    0.000000    0.000000
 => X and Y parameters: 
         0.001737   -0.000008    0.000324
         0.000000    0.000000    0.000000
 => Strain parameters: 
         0.000000    0.000000    0.000000
         0.000000    0.000000    0.000000
         0.000000    0.000000    0.000000
 => Size   parameters (G,L): 
         0.000000    0.000000    0.000000
         0.000000    0.000000    0.000000

 ==> GLOBAL PARAMETERS FOR PATTERN#  1


 => Zero-point:    -0.0069   -0.0000    0.0005

 => Cos( theta)-shift parameter :   0.0000  0.0000  0.0000
 => Sin(2theta)-shift parameter :   0.0000  0.0000  0.0000

 ==> RELIABILITY FACTORS WITH ALL NON-EXCLUDED POINTS FOR PATTERN:  1

 => R-Factors:   3.63      5.05     Chi2:  11.4     DW-Stat.:  0.3387   Patt#:  1
 => Expected :            1.50                                1.9341
 => Deviance : 0.803E+05     Dev*:   11.78    
 => GoF-index:  3.4         Sqrt(Residual/N)
 => N-P+C:  6817

 =>    SumYdif       SumYobs      SumYcal      SumwYobsSQ     Residual    Condition
     0.1104E+07    0.3044E+08    0.3037E+08    0.3044E+08    0.7776E+05    0.7570E+10


 => Conventional Rietveld Rp,Rwp,Re and Chi2:   10.8      10.8      3.19      11.41    
 => (Values obtained using Ynet, but true sigma(y))
 =>  SumYnet, Sum(w Ynet**2):     0.1018E+08    0.6711E+07


 ==> RELIABILITY FACTORS FOR POINTS WITH BRAGG CONTRIBUTIONS FOR PATTERN:  1

 => R-Factors:   3.89      5.33     Chi2:  12.8     DW-Stat.:  0.3479   Patt#:
 => Expected :            1.49                                1.9301
 => Deviance : 0.782E+05     Dev*:   13.19    
 => GoF-index:  3.6         Sqrt(Residual/N)
 => N-P+C:  5927

 =>    SumYdif       SumYobs      SumYcal      SumwYobsSQ     Residual    Condition
     0.1036E+07    0.2660E+08    0.2655E+08    0.2660E+08    0.7570E+05    0.7570E+10


 => Conventional Rietveld Rp,Rwp,Re and Chi2:   10.2      10.6      2.97      12.77    
 => (Values obtained using Ynet, but true sigma(y))
 =>  SumYnet, Sum(w Ynet**2):     0.1016E+08    0.6709E+07


 => Global user-weigthed Chi2 (Bragg contrib.):   12.8    

 => ---------> Pattern#  1
 => Phase:  1
 =>    Bragg R-factor:  6.07    
 =>    RF-factor     :  4.68    


   Standard deviations have to be multiplied by: 3.1646
   (correlated residuals) See references:
  -J.F.Berar & P.Lelann, J. Appl. Cryst. 24, 1-5 (1991) 
  -J.F.Berar, Acc. in Pow. Diff. II,NIST Sp.Pub. 846, 63(1992) 

 ++++++++++++++++++++++++++++++++++++++++++++++++++++++++++++++++++++++++++++++++++++++++++++++++++++++++++++++++++++++++

 => CYCLE No.:    1
 =>  Convergence reached at this CYCLE !!!!
 =>  Parameter shifts set to zero
 ---------------------------------------------------------------------------------------
 => Phase  1 Name:  #(C) 2021 by FIZ Karlsruhe - Leibniz Institute for Information Infras
 ---------------------------------------------------------------------------------------
 => New parameters, shifts, and standard deviations

 Atom        x       dx      sx       y       dy      sy       z       dz      sz       B       dB      sB      occ.    docc.   socc.

 Na1      0.38079 0.00000 0.00059  0.78621 0.00000 0.00142  0.10516 0.00000 0.00072  1.11627 0.00000 0.00000  1.00000 0.00000 0.00000
 Ta1      0.15938 0.00000 0.00010  0.25661 0.00000 0.00042  0.29612 0.00000 0.00012  0.47176 0.00000 0.00000  1.00000 0.00000 0.00000
 O1       0.21467 0.00000 0.00101  0.15566 0.00000 0.00128  0.04803 0.00000 0.00142  0.58064 0.00000 0.00000  1.00000 0.00000 0.00000
 O2       0.05466 0.00000 0.00123  0.54267 0.00000 0.00182  0.21862 0.00000 0.00157  0.58064 0.00000 0.00000  1.00000 0.00000 0.00000
 F1       0.38207 0.00000 0.00120  0.47129 0.00000 0.00168  0.30780 0.00000 0.00150  1.12063 0.00000 0.00000  1.00000 0.00000 0.00000
 F2       0.34251 0.00000 0.00107  0.98734 0.00000 0.00155  0.37190 0.00000 0.00134  1.12063 0.00000 0.00000  1.00000 0.00000 0.00000

 ==> PROFILE PARAMETERS FOR PATTERN#  1

 => Overall scale factor:      0.002003068     0.000000000     0.000003418
 => Eta(p-Voigt) or m(Pearson VII):   0.392316  0.000000  0.011110
 => Overall tem. factor:     0.000000    0.000000    0.000000
 => Halfwidth parameters: 
         0.064194    0.000000    0.001602
        -0.037848    0.000000    0.001124
         0.012302    0.000000    0.000194
 => Cell parameters: 
        8.139784    0.000000    0.000084
        5.480120    0.000000    0.000061
        7.524667    0.000000    0.000077
       90.000000    0.000000    0.000000
      102.436325    0.000000    0.000638
       90.000000    0.000000    0.000000
 => Preferred orientation: 
         0.000000    0.000000    0.000000
         0.000000    0.000000    0.000000
 => Asymmetry parameters: 
         0.042413    0.000000    0.002646
         0.005359    0.000000    0.000682
         0.000000    0.000000    0.000000
         0.000000    0.000000    0.000000
 => X and Y parameters: 
         0.001737    0.000000    0.000324
         0.000000    0.000000    0.000000
 => Strain parameters: 
         0.000000    0.000000    0.000000
         0.000000    0.000000    0.000000
         0.000000    0.000000    0.000000
 => Size   parameters (G,L): 
         0.000000    0.000000    0.000000
         0.000000    0.000000    0.000000

 ==> GLOBAL PARAMETERS FOR PATTERN#  1


 => Zero-point:    -0.0069    0.0000    0.0005

 => Cos( theta)-shift parameter :   0.0000  0.0000  0.0000
 => Sin(2theta)-shift parameter :   0.0000  0.0000  0.0000

 ==> RELIABILITY FACTORS WITH ALL NON-EXCLUDED POINTS FOR PATTERN:  1

 => R-Factors:   3.63      5.05     Chi2:  11.4     DW-Stat.:  0.3387   Patt#:  1
 => Expected :            1.50                                1.9341
 => Deviance : 0.803E+05     Dev*:   11.78    
 => GoF-index:  3.4         Sqrt(Residual/N)
 => N-P+C:  6817

 =>    SumYdif       SumYobs      SumYcal      SumwYobsSQ     Residual    Condition
     0.1104E+07    0.3044E+08    0.3037E+08    0.3044E+08    0.7776E+05    0.7570E+10


 => Conventional Rietveld Rp,Rwp,Re and Chi2:   10.8      10.8      3.19      11.41    
 => (Values obtained using Ynet, but true sigma(y))
 =>  SumYnet, Sum(w Ynet**2):     0.1018E+08    0.6711E+07

 => N-sigma of the GoF:      607.610

 ==> RELIABILITY FACTORS FOR POINTS WITH BRAGG CONTRIBUTIONS FOR PATTERN:  1

 => R-Factors:   3.89      5.33     Chi2:  12.8     DW-Stat.:  0.3479   Patt#:
 => Expected :            1.49                                1.9301
 => Deviance : 0.782E+05     Dev*:   13.19    
 => GoF-index:  3.6         Sqrt(Residual/N)
 => N-P+C:  5927

 =>    SumYdif       SumYobs      SumYcal      SumwYobsSQ     Residual    Condition
     0.1036E+07    0.2660E+08    0.2655E+08    0.2660E+08    0.7570E+05    0.7570E+10


 => Conventional Rietveld Rp,Rwp,Re and Chi2:   10.2      10.6      2.97      12.77    
 => (Values obtained using Ynet, but true sigma(y))
 =>  SumYnet, Sum(w Ynet**2):     0.1016E+08    0.6709E+07

 => N-sigma of the GoF:      640.825

 => Global user-weigthed Chi2 (Bragg contrib.):   13.1    

 => ---------> Pattern#  1
 => Phase:  1
 =>    Bragg R-factor:  6.07    
 =>    RF-factor     :  4.68    

 --------------------------------------------------------------------------------------------------------------
 Pattern#  1 Phase No.:   1 Phase name:  #(C) 2021 by FIZ Karlsruhe - 
 --------------------------------------------------------------------------------------------------------------

   No.  Code     H   K   L  Mult      Hw      ETA/M    2theta/TOF     Icalc       Iobs      Sigma     StrFactor^2    d-hkl       CORR

      1   1      1   0   0     2  0.096045  0.411633      11.122     3972.4     3559.1      9.121      10043.6152  7.948795      1.000000
      2   1      1   1   0     4  0.087571  0.426462      19.660    10305.8    10057.2     11.270      41590.3125  4.511785      1.000000
      3   1      0   1   1     4  0.087147  0.427395      20.197       16.4       50.4      3.085         70.0556  4.392966      1.000000
      4   1     -1   1   1     4  0.085970  0.430181      21.801       22.9       48.9      4.480        114.5423  4.073283      1.000000
      5   1      2   0   0     2  0.085598  0.431135      22.350     1184.6     1281.1      5.960      12468.3154  3.974398      1.000000
      6   1      0   0   2     2  0.084465  0.434354      24.204     3794.6     3706.8      7.154      47151.3711  3.674055      1.000000
      7   1      1   1   1     4  0.084379  0.434624      24.359       10.7       10.6      0.020         67.4878  3.651010      1.000000
      8   1     -1   0   2     2  0.084367  0.434664      24.382     3888.7     3801.3      6.463      49068.3672  3.647592      1.000000
      9   1      2   1   0     4  0.082875  0.440433      27.704     7363.9     7487.8      9.993      60772.0156  3.217348      1.000000
     10   1     -2   1   1     4  0.082695  0.441382      28.251       82.1       62.7      2.017        706.1011  3.156316      1.000000
     11   1      1   0   2     2  0.082517  0.442439      28.859        3.2        3.7      0.268         57.1821  3.091129      1.000000
     12   1      0   1   2     4  0.082418  0.443102      29.241     2442.5     2656.5      6.413      22598.8965  3.051683      1.000000
     13   1     -2   0   2     2  0.082400  0.443226      29.312      117.6      127.8      0.296       2188.7263  3.044414      1.000000
     14   1     -1   1   2     4  0.082381  0.443362      29.390     1267.8     1387.2      3.789      11860.7197  3.036468      1.000000
     15   1      2   1   1     4  0.081978  0.448300      32.233       10.7        0.0      3.482        122.2884  2.774842      1.000000
     16   1      0   2   0     2  0.081966  0.449030      32.654     1528.4     1525.7      5.645      35815.0781  2.740061      1.000000
     17   1      1   1   2     4  0.081969  0.450064      33.249     2916.0     2946.5      6.192      35521.4609  2.692353      1.000000
     18   1     -2   1   2     4  0.081986  0.450757      33.648     2666.5     2707.1      5.710      33327.3672  2.661317      1.000000
     19   1      3   0   0     2  0.081995  0.451023      33.802      997.7     1093.9      3.055      25186.9609  2.649598      1.000000
     20   1      1   2   0     4  0.082071  0.452405      34.597      959.6     1003.0      4.630      12737.7344  2.590470      1.000000
     21   1      0   2   1     4  0.082114  0.452963      34.918       30.8       28.7      2.167        417.7104  2.567373      1.000000
     22   1     -1   2   1     4  0.082295  0.454686      35.910        1.4        0.0      2.970         19.7107  2.498707      1.000000
     23   1      2   0   2     2  0.082486  0.456026      36.682      572.5      581.9      4.938      17259.4512  2.447884      1.000000
     24   1     -3   1   1     4  0.082663  0.457057      37.276      183.7      170.0      1.053       2867.2588  2.410242      1.000000
     25   1     -3   0   2     2  0.082668  0.457085      37.292      607.0      561.7      3.034      18966.2344  2.409257      1.000000
     26   1      1   2   1     4  0.082766  0.457596      37.586       85.0       68.9      2.282       1351.1177  2.391046      1.000000
     27   1      3   1   0     4  0.082798  0.457756      37.678        7.3        6.8      0.387        115.9570  2.385414      1.000000
     28   1     -1   1   3     4  0.083623  0.461149      39.632      207.3      211.4      4.095       3700.1824  2.272224      1.000000
     29   1      2   2   0     4  0.083774  0.461669      39.931      543.2      512.1      3.280       9859.1113  2.255893      1.000000
     30   1      0   1   3     4  0.083969  0.462306      40.298        1.7        1.9      0.013         31.7124  2.236174      1.000000
     31   1      2   1   2     4  0.083981  0.462343      40.319      598.8      686.9      3.523      11104.8584  2.235043      1.000000
     32   1     -2   2   1     4  0.083986  0.462360      40.329        4.6        5.2      0.026         84.9297  2.234546      1.000000
     33   1     -3   1   2     4  0.084301  0.463322      40.883      852.2      879.6      3.777      16296.7949  2.205525      1.000000
     34   1      0   2   2     4  0.084406  0.463628      41.059      851.7      875.6      2.954      16439.7559  2.196483      1.000000
     35   1     -1   2   2     4  0.084473  0.463821      41.170     1040.2      967.9      3.195      20203.0488  2.190789      1.000000
     36   1      3   1   1     4  0.085001  0.465250      41.993        7.4        3.3      1.921        150.6603  2.149751      1.000000
     37   1     -2   1   3     4  0.085185  0.465719      42.263       12.7        8.0      2.408        262.2885  2.136652      1.000000
     38   1      2   2   1     4  0.085971  0.467583      43.336       34.6       54.6      3.869        753.6660  2.086193      1.000000
     39   1      1   2   2     4  0.086609  0.468963      44.131       95.6       94.1      2.418       2164.3564  2.050451      1.000000
     40   1      1   1   3     4  0.086615  0.468977      44.139       31.3       31.1      0.749        708.7303  2.050101      1.000000
     41   1     -2   2   2     4  0.086874  0.469510      44.446      304.6      296.7      3.326       7009.3374  2.036642      1.000000
     42   1      4   0   0     2  0.087923  0.471538      45.613      670.0      739.2      4.958      32668.6836  1.987199      1.000000
     43   1      3   0   2     2  0.088613  0.472776      46.326      463.8      391.3      3.601      23407.4570  1.958270      1.000000
     44   1     -4   0   2     2  0.089333  0.474001      47.032      684.0      654.3      4.064      35707.0195  1.930516      1.000000
     45   1     -3   2   1     4  0.089698  0.474599      47.376       17.1       17.2      0.690        453.8532  1.917295      1.000000
     46   1     -4   1   1     4  0.090049  0.475162      47.700        0.3        0.3      0.001          7.1118  1.905009      1.000000
     47   1      3   2   0     4  0.090057  0.475175      47.708     1874.9     1981.8      5.491      50525.3594  1.904727      1.000000
     48   1     -3   1   3     4  0.090100  0.475243      47.746       36.7       38.8      0.114        991.8325  1.903271      1.000000
     49   1     -1   0   4     2  0.090775  0.476291      48.350     1330.5     1539.2      4.843      73885.1641  1.880923      1.000000
     50   1      4   1   0     4  0.091181  0.476901      48.701      946.5     1054.8      4.112      26711.8379  1.868166      1.000000
     51   1     -1   2   3     4  0.091937  0.478004      49.336        6.6        6.1      0.257        190.6871  1.845596      1.000000
     52   1      3   1   2     4  0.091990  0.478080      49.380       82.3       75.4      1.933       2395.3564  1.844069      1.000000
     53   1      0   0   4     2  0.092237  0.478430      49.582       51.0       56.9      1.235       2995.6018  1.837028      1.000000
     54   1      0   2   3     4  0.092630  0.478980      49.898        1.2        1.2      0.004         35.1189  1.826121      1.000000
     55   1      2   2   2     4  0.092652  0.479011      49.916     1748.5     1713.6      4.942      52144.0586  1.825505      1.000000
     56   1     -2   0   4     2  0.092715  0.479098      49.966      183.4      179.0      0.556      10965.0283  1.823796      1.000000
     57   1     -4   1   2     4  0.092825  0.479249      50.053       13.5       13.6      0.050        403.9299  1.820838      1.000000
     58   1     -3   2   2     4  0.093260  0.479841      50.394     1143.2     1046.9      4.259      34831.0000  1.809316      1.000000
     59   1      2   1   3     4  0.093495  0.480156      50.575        1.6        1.6      0.018         49.3886  1.803242      1.000000
     60   1      1   3   0     4  0.094421  0.481370      51.274      662.5      611.0      4.036      20982.9590  1.780301      1.000000

   No.  Code     H   K   L  Mult      Hw      ETA/M    2theta/TOF     Icalc       Iobs      Sigma     StrFactor^2    d-hkl       CORR

     61   1     -1   1   4     4  0.094474  0.481437      51.313       15.0       13.5      0.093        475.4518  1.779050      1.000000
     62   1      3   2   1     4  0.094512  0.481486      51.341        2.4        2.1      0.017         75.9469  1.778139      1.000000
     63   1      0   3   1     4  0.094740  0.481777      51.508       64.0       59.4      1.172       2049.3420  1.772750      1.000000
     64   1     -2   2   3     4  0.094827  0.481888      51.572        6.2        5.2      0.203        199.9864  1.770705      1.000000
     65   1     -1   3   1     4  0.095757  0.483046      52.239        1.9        1.6      0.173         63.8346  1.749663      1.000000
     66   1      0   1   4     4  0.096121  0.483488      52.494      989.3      964.7      4.908      33025.0273  1.741771      1.000000
     67   1     -2   1   4     4  0.096656  0.484129      52.863      481.4      456.9      3.184      16324.3125  1.730480      1.000000
     68   1      4   1   1     4  0.096731  0.484219      52.914        0.0        0.0      0.000          0.6346  1.728909      1.000000
     69   1      1   2   3     4  0.097143  0.484703      53.193        0.2        0.0      0.023          7.1389  1.720499      1.000000
     70   1      1   3   1     4  0.097596  0.485230      53.497        0.2        0.2      0.005          6.3162  1.711455      1.000000
     71   1      1   0   4     2  0.097627  0.485266      53.517      146.9      131.8      2.999      10243.6807  1.710844      1.000000
     72   1     -3   0   4     2  0.098740  0.486528      54.244       81.7       24.5      3.012       5868.6646  1.689635      1.000000
     73   1      2   3   0     4  0.100425  0.488365      55.302     1054.0      939.4      5.392      39531.1836  1.659786      1.000000
     74   1     -4   1   3     4  0.100659  0.488614      55.445       19.8       18.4      0.114        745.2882  1.655839      1.000000
     75   1     -2   3   1     4  0.100936  0.488906      55.613       48.1       47.3      1.098       1827.9714  1.651229      1.000000
     76   1      0   3   2     4  0.101895  0.489904      56.188      340.4      319.9      2.155      13228.4229  1.635690      1.000000
     77   1     -1   3   2     4  0.102044  0.490058      56.276      231.3      233.6      0.804       9016.2656  1.633335      1.000000
     78   1      1   1   4     4  0.102058  0.490072      56.285      873.3      886.8      3.005      34062.6641  1.633110      1.000000
     79   1     -4   2   1     4  0.102128  0.490143      56.326       36.3       37.5      0.139       1419.5614  1.632019      1.000000
     80   1     -3   2   3     4  0.102198  0.490215      56.367        4.1        4.3      0.019        161.8063  1.630926      1.000000
     81   1     -3   1   4     4  0.103266  0.491293      56.987      989.4     1108.3      4.428      39666.9648  1.614632      1.000000
     82   1      4   0   2     2  0.103652  0.491676      57.208       32.5       43.2      0.202       2625.5059  1.608921      1.000000
     83   1      4   2   0     4  0.103669  0.491693      57.218      306.1      412.9      2.042      12384.0430  1.608674      1.000000
     84   1      3   2   2     4  0.104748  0.492748      57.825      601.9      731.1      3.811      24927.5078  1.593212      1.000000
     85   1      5   0   0     2  0.104996  0.492987      57.963      108.2      121.3      0.682       9007.2383  1.589759      1.000000
     86   1     -5   0   2     2  0.105045  0.493034      57.990       72.2       80.9      0.482       6016.5684  1.589075      1.000000
     87   1      2   3   1     4  0.105081  0.493068      58.010        0.8        0.9      0.006         33.3921  1.588584      1.000000
     88   1     -4   2   2     4  0.105847  0.493798      58.430      617.3      758.4      3.662      26158.6777  1.578158      1.000000
     89   1      1   3   2     4  0.106262  0.494189      58.655      676.5      748.5      2.962      28912.1934  1.572631      1.000000
     90   1      2   2   3     4  0.106719  0.494616      58.901       14.1       13.8      0.054        609.6837  1.566660      1.000000
     91   1     -2   3   2     4  0.106741  0.494636      58.913      857.6      836.3      3.317      37001.1758  1.566375      1.000000
     92   1      3   1   3     4  0.106921  0.494804      59.009        1.9        1.8      0.012         80.8500  1.564047      1.000000
     93   1     -5   1   1     4  0.107194  0.495056      59.154        1.6        1.6      0.027         67.4903  1.560554      1.000000
     94   1     -1   2   4     4  0.107978  0.495773      59.567      720.7      767.4      3.791      31859.8320  1.550717      1.000000
     95   1      2   0   4     2  0.108397  0.496153      59.786      224.2      232.5      0.942      19981.5215  1.545564      1.000000
     96   1      4   1   2     4  0.108546  0.496287      59.863      916.0      924.7      3.293      40930.4844  1.543763      1.000000
     97   1      5   1   0     4  0.109980  0.497561      60.597      534.9      576.9      2.060      24547.6152  1.526812      1.000000
     98   1     -5   1   2     4  0.110032  0.497607      60.623      847.0      892.0      2.856      38911.5625  1.526206      1.000000
     99   1      0   2   4     4  0.110064  0.497635      60.639       80.1       83.2      0.270       3682.3032  1.525842      1.000000
    100   1     -4   0   4     2  0.110382  0.497913      60.799      275.2      280.0      1.104      25447.1816  1.522207      1.000000
    101   1     -2   2   4     4  0.110733  0.498219      60.975      288.3      288.7      1.963      13413.4229  1.518234      1.000000
    102   1      4   2   1     4  0.110828  0.498301      61.023        5.9        6.2      0.057        273.0920  1.517172      1.000000
    103   1     -3   3   1     4  0.111467  0.498851      61.339        8.0        2.9      0.619        378.3297  1.510092      1.000000
    104   1      3   3   0     4  0.112034  0.499335      61.618        4.7        0.0      1.024        225.2285  1.503928      1.000000
    105   1      2   1   4     4  0.113594  0.500646      62.373       21.8        0.0      3.275       1064.7412  1.487536      1.000000
    106   1     -1   3   3     4  0.114911  0.501729      62.996        0.5        0.0      0.345         23.5535  1.474306      1.000000
    107   1     -4   2   3     4  0.115653  0.502330      63.343        1.7        1.7      0.129         86.6836  1.467074      1.000000
    108   1     -4   1   4     4  0.115695  0.502364      63.362       16.2       15.7      0.978        816.2424  1.466677      1.000000
    109   1      0   3   3     4  0.115940  0.502561      63.475        6.9        6.5      0.133        350.6595  1.464322      1.000000
    110   1      2   3   2     4  0.115973  0.502588      63.491      178.2      165.9      3.189       9042.3672  1.464004      1.000000
    111   1     -3   3   2     4  0.116864  0.503298      63.900      234.1      219.8      2.753      12046.5967  1.455614      1.000000
    112   1      1   2   4     4  0.117342  0.503677      64.118      195.8      169.8      1.908      10148.5869  1.451195      1.000000
    113   1     -1   1   5     4  0.117412  0.503732      64.150       10.3        8.7      0.125        534.4210  1.450551      1.000000
    114   1      3   3   1     4  0.118670  0.504714      64.715        4.3        1.8      0.299        226.8860  1.439232      1.000000
    115   1     -3   2   4     4  0.118788  0.504806      64.768       46.6       25.8      1.933       2468.8967  1.438184      1.000000
    116   1      5   1   1     4  0.118939  0.504923      64.835       14.2        9.7      0.594        754.5595  1.436861      1.000000
    117   1     -5   1   3     4  0.119054  0.505011      64.886        9.1        7.1      0.427        483.6502  1.435851      1.000000
    118   1     -2   3   3     4  0.119119  0.505062      64.915        4.5        3.7      0.227        241.5364  1.435281      1.000000
    119   1     -2   1   5     4  0.119194  0.505120      64.949        1.4        1.2      0.078         73.3629  1.434625      1.000000
    120   1      0   1   5     4  0.120975  0.506475      65.729        4.9        0.0      2.308        269.3664  1.419466      1.000000

   No.  Code     H   K   L  Mult      Hw      ETA/M    2theta/TOF     Icalc       Iobs      Sigma     StrFactor^2    d-hkl       CORR

    121   1      1   3   3     4  0.122360  0.507510      66.325       11.4        9.6      2.636        632.4117  1.408150      1.000000
    122   1      3   2   3     4  0.123122  0.508073      66.649       21.3       13.9      2.177       1195.5763  1.402089      1.000000
    123   1     -5   2   1     4  0.123443  0.508308      66.785        3.6        1.2      0.536        205.3181  1.399572      1.000000
    124   1      4   2   2     4  0.125029  0.509460      67.447        1.9        0.9      1.093        110.2346  1.387421      1.000000
    125   1      3   0   4     2  0.126416  0.510450      68.017      109.9      135.5      2.817      12877.0527  1.377174      1.000000
    126   1     -3   1   5     4  0.126574  0.510562      68.082        1.3        1.5      0.026         76.0640  1.376025      1.000000
    127   1      5   2   0     4  0.126705  0.510655      68.135       64.7       70.2      1.196       3804.2449  1.375077      1.000000
    128   1     -5   2   2     4  0.126766  0.510698      68.160       14.6       16.2      0.267        860.1288  1.374635      1.000000
    129   1      0   4   0     2  0.127410  0.511151      68.421      336.2      335.2      2.998      39884.6641  1.370030      1.000000
    130   1      4   1   3     4  0.129036  0.512282      69.073        0.8        0.9      0.045         49.2171  1.358689      1.000000
    131   1     -4   3   1     4  0.129080  0.512312      69.090        0.0        0.0      0.002          2.4824  1.358392      1.000000
    132   1     -3   3   3     4  0.129172  0.512376      69.127        0.9        0.9      0.027         53.0324  1.357761      1.000000
    133   1      5   0   2     2  0.129366  0.512509      69.203      154.9      167.9      1.982      18796.7363  1.356444      1.000000
    134   1     -5   0   4     2  0.129553  0.512638      69.278      189.5      190.1      1.799      23048.5762  1.355171      1.000000
    135   1      1   4   0     4  0.130306  0.513153      69.574       73.8       82.4      1.141       4527.3267  1.350123      1.000000
    136   1      1   1   5     4  0.130381  0.513204      69.603        3.0        3.3      0.049        185.2175  1.349623      1.000000
    137   1      0   4   1     4  0.130805  0.513492      69.769       16.8       16.6      0.108       1037.9171  1.346821      1.000000
    138   1      2   2   4     4  0.130903  0.513558      69.807      590.6      595.0      2.951      36452.6133  1.346177      1.000000
    139   1      4   3   0     4  0.131106  0.513696      69.887      189.8      190.5      1.036      11742.5400  1.344841      1.000000
    140   1     -6   0   2     2  0.131562  0.514004      70.064       62.7       65.2      0.510       7791.3945  1.341874      1.000000
    141   1     -1   4   1     4  0.132382  0.514554      70.380        9.6        9.9      0.107        604.6770  1.336613      1.000000
    142   1      3   3   2     4  0.132515  0.514642      70.432       54.8       57.6      0.442       3439.7837  1.335768      1.000000
    143   1      3   1   4     4  0.132535  0.514655      70.439      313.3      330.3      2.497      19685.0098  1.335645      1.000000
    144   1     -4   2   4     4  0.133328  0.515182      70.742      332.4      356.1      2.477      21063.5781  1.330658      1.000000
    145   1     -4   3   2     4  0.133941  0.515587      70.976       11.2       13.3      0.130        716.7878  1.326859      1.000000
    146   1      6   0   0     2  0.134276  0.515808      71.103      186.1      283.7      2.417      23822.2754  1.324799      1.000000
    147   1      2   3   3     4  0.135067  0.516325      71.400        2.5        3.0      0.073        159.9152  1.320003      1.000000
    148   1      1   4   1     4  0.135177  0.516397      71.441        8.6        9.5      0.267        557.3615  1.319345      1.000000
    149   1     -1   2   5     4  0.135304  0.516480      71.489        6.0        6.5      0.163        390.0485  1.318581      1.000000
    150   1      5   1   2     4  0.135618  0.516683      71.607      163.0      178.3      1.713      10570.0771  1.316708      1.000000
    151   1     -6   1   1     4  0.135724  0.516752      71.646        7.5        7.8      0.064        485.1110  1.316081      1.000000
    152   1     -5   1   4     4  0.135815  0.516810      71.680      220.2      223.4      1.861      14309.1221  1.315544      1.000000
    153   1     -1   3   4     4  0.136686  0.517373      72.003        7.7        8.1      0.391        503.7198  1.310425      1.000000
    154   1      5   2   1     4  0.137058  0.517611      72.140        0.5        0.6      0.049         34.8756  1.308272      1.000000
    155   1     -5   2   3     4  0.137190  0.517695      72.189        0.4        0.4      0.031         23.2041  1.307510      1.000000
    156   1     -2   2   5     4  0.137351  0.517798      72.248        1.7        1.8      0.134        114.6016  1.306584      1.000000
    157   1     -6   1   2     4  0.137913  0.518157      72.455      222.0      246.0      3.114      14726.6113  1.303369      1.000000
    158   1      0   3   4     4  0.139352  0.519065      72.978      231.7      241.9      2.470      15579.2148  1.295310      1.000000
    159   1      2   4   0     4  0.139366  0.519074      72.983       50.4       52.6      0.530       3385.4482  1.295235      1.000000
    160   1      0   2   5     4  0.139390  0.519089      72.992        4.1        4.3      0.043        276.7922  1.295102      1.000000
    161   1     -2   4   1     4  0.140110  0.519539      73.251       11.0       10.7      0.098        744.2050  1.291156      1.000000
    162   1     -2   3   4     4  0.140203  0.519598      73.285      202.0      195.8      1.879      13686.1113  1.290647      1.000000
    163   1      4   3   1     4  0.140324  0.519673      73.328        4.9        4.7      0.054        331.3181  1.289994      1.000000
    164   1     -4   1   5     4  0.140547  0.519811      73.408       21.7       21.3      0.290       1471.4464  1.288788      1.000000
    165   1      6   1   0     4  0.140747  0.519936      73.479       42.0       43.3      0.538       2859.8582  1.287706      1.000000
    166   1      0   4   2     4  0.141500  0.520401      73.747      324.8      299.4      2.184      22259.5469  1.283686      1.000000
    167   1     -1   4   2     4  0.141716  0.520534      73.824      362.9      326.8      2.381      24918.0684  1.282547      1.000000
    168   1     -3   2   5     4  0.145783  0.522997      75.242        3.3        0.0      0.860        232.8833  1.261854      1.000000
    169   1      2   4   1     4  0.146053  0.523158      75.334        9.4        4.0      1.445        671.2471  1.260536      1.000000
    170   1     -4   3   3     4  0.146415  0.523373      75.458        3.1        2.1      0.468        219.2819  1.258775      1.000000
    171   1      2   1   5     4  0.146878  0.523647      75.616        4.2        5.0      0.541        302.5898  1.256540      1.000000
    172   1     -6   1   3     4  0.147636  0.524093      75.873       10.6        8.2      0.463        763.2139  1.252922      1.000000
    173   1      1   4   2     4  0.147720  0.524143      75.901        1.3        1.0      0.044         93.2469  1.252521      1.000000
    174   1     -1   0   6     2  0.147905  0.524251      75.964       83.7       76.4      1.841      12087.4365  1.251649      1.000000
    175   1     -2   4   2     4  0.148393  0.524537      76.128        3.2        3.3      0.033        232.5827  1.249353      1.000000
    176   1      1   3   4     4  0.148532  0.524618      76.175      271.6      278.1      2.232      19714.9277  1.248702      1.000000
    177   1     -2   0   6     2  0.148578  0.524645      76.190      116.6      120.0      0.946      16928.2012  1.248488      1.000000
    178   1      4   2   3     4  0.148587  0.524650      76.194        0.2        0.2      0.002         13.7748  1.248445      1.000000
    179   1      1   2   5     4  0.150117  0.525537      76.704        6.6        6.6      0.097        487.7442  1.241400      1.000000
    180   1     -3   3   4     4  0.150341  0.525666      76.779      407.9      395.7      3.392      30005.2969  1.240384      1.000000

   No.  Code     H   K   L  Mult      Hw      ETA/M    2theta/TOF     Icalc       Iobs      Sigma     StrFactor^2    d-hkl       CORR

    181   1      3   2   4     4  0.152566  0.526936      77.510       91.0      125.3      2.628       6802.5151  1.230496      1.000000
    182   1      6   1   1     4  0.153720  0.527587      77.885        0.1        0.1      0.004          6.7342  1.225511      1.000000
    183   1      0   0   6     2  0.153914  0.527696      77.947        1.6        1.6      0.052        239.5493  1.224685      1.000000
    184   1      4   0   4     2  0.154088  0.527793      78.003       83.9       80.8      2.093      12663.3818  1.223942      1.000000
    185   1     -3   4   1     4  0.154967  0.528284      78.286       18.7       19.0      0.209       1423.8947  1.220229      1.000000
    186   1     -1   1   6     4  0.154968  0.528285      78.286      187.4      189.9      2.088      14233.3975  1.220227      1.000000
    187   1     -2   1   6     4  0.155670  0.528675      78.511       26.4       26.3      0.217       2017.6228  1.217298      1.000000
    188   1      3   3   3     4  0.155741  0.528714      78.534        1.2        1.2      0.009         92.8106  1.217003      1.000000
    189   1      3   4   0     4  0.155749  0.528719      78.536      187.6      186.7      1.399      14318.7822  1.216970      1.000000
    190   1     -3   0   6     2  0.156017  0.528867      78.621       27.4       27.4      0.189       4191.6377  1.215864      1.000000
    191   1      5   2   2     4  0.156071  0.528896      78.638       81.4       81.0      0.561       6222.8311  1.215642      1.000000
    192   1     -5   3   1     4  0.156140  0.528935      78.661       18.8       18.7      0.130       1437.9865  1.215356      1.000000
    193   1     -6   2   1     4  0.156191  0.528963      78.677        4.8        4.8      0.033        368.9035  1.215148      1.000000
    194   1     -5   2   4     4  0.156294  0.529019      78.709      186.8      187.0      1.343      14308.3809  1.214725      1.000000
    195   1      4   3   2     4  0.158111  0.530015      79.283      314.7      280.6      2.882      24379.1973  1.207374      1.000000
    196   1     -6   2   2     4  0.158678  0.530324      79.460       87.1       72.5      0.855       6767.9277  1.205121      1.000000
    197   1     -6   0   4     2  0.158803  0.530391      79.499        6.3        5.3      0.063        984.9752  1.204629      1.000000
    198   1     -1   4   3     4  0.159700  0.530876      79.778        9.5        9.3      0.158        742.8282  1.201113      1.000000
    199   1      5   3   0     4  0.160191  0.531140      79.930      216.3      199.5      1.451      16964.1387  1.199212      1.000000
    200   1     -5   3   2     4  0.160267  0.531181      79.954      270.4      248.6      1.725      21221.1680  1.198919      1.000000
    201   1      0   4   3     4  0.161108  0.531631      80.213        3.1        3.1      0.015        247.4309  1.195696      1.000000
    202   1      2   4   2     4  0.161154  0.531655      80.227      194.8      194.6      0.901      15368.8330  1.195523      1.000000
    203   1      0   1   6     4  0.161238  0.531700      80.253      229.0      231.3      1.040      18074.9121  1.195203      1.000000
    204   1      4   1   4     4  0.161420  0.531797      80.309      217.8      223.1      1.070      17207.3340  1.194512      1.000000
    205   1     -4   2   5     4  0.161670  0.531930      80.385        2.1        2.1      0.011        162.5476  1.193567      1.000000
    206   1      6   2   0     4  0.161898  0.532052      80.455      239.5      233.2      1.218      18970.7871  1.192707      1.000000
    207   1     -3   4   2     4  0.162369  0.532301      80.599      175.5      167.0      1.116      13936.4355  1.190941      1.000000
    208   1      5   1   3     4  0.162645  0.532447      80.683        0.3        0.3      0.003         24.3677  1.189915      1.000000
    209   1     -5   1   5     4  0.162954  0.532610      80.777        2.3        2.2      0.024        182.8300  1.188769      1.000000
    210   1     -3   1   6     4  0.163433  0.532862      80.922      216.2      206.5      2.179      17274.7852  1.187000      1.000000
    211   1      3   4   1     4  0.164831  0.533593      81.343        0.2        0.2      0.012         13.0787  1.181918      1.000000
    212   1      2   3   4     4  0.165394  0.533886      81.512        1.8        1.8      0.140        142.8140  1.179898      1.000000
    213   1     -2   4   3     4  0.165442  0.533911      81.526        4.3        4.5      0.335        350.8138  1.179728      1.000000
    214   1     -6   1   4     4  0.166342  0.534377      81.794      212.4      251.5      3.182      17235.6523  1.176539      1.000000
    215   1      1   0   6     2  0.167360  0.534900      82.095      103.0      114.0      1.576      16798.4453  1.172983      1.000000
    216   1     -4   3   4     4  0.168399  0.535430      82.400       15.6       17.2      0.268       1275.7723  1.169407      1.000000
    217   1      6   0   2     2  0.168653  0.535560      82.475      143.4      166.8      2.342      23525.3535  1.168540      1.000000
    218   1      2   2   5     4  0.168866  0.535668      82.537        0.1        0.1      0.002          6.3149  1.167815      1.000000
    219   1     -6   2   3     4  0.169728  0.536104      82.788        0.1        0.1      0.005         10.2956  1.164909      1.000000
    220   1      1   4   3     4  0.169844  0.536162      82.822        9.2        8.9      0.447        760.3133  1.164522      1.000000
    221   1     -1   3   5     4  0.170848  0.536667      83.113       27.2       23.7      0.940       2257.6174  1.161184      1.000000
    222   1     -4   0   6     2  0.171166  0.536827      83.204       73.6       63.5      1.727      12214.5889  1.160139      1.000000
    223   1     -7   0   2     2  0.171971  0.537228      83.436      149.8      146.6      2.296      24961.9199  1.157509      1.000000
    224   1      3   1   5     4  0.172688  0.537584      83.641        1.2        1.1      0.034         97.1473  1.155194      1.000000
    225   1      5   3   1     4  0.173021  0.537749      83.736        1.8        1.6      0.082        149.1694  1.154125      1.000000
    226   1     -5   3   3     4  0.173185  0.537830      83.782        0.1        0.1      0.006          7.3095  1.153602      1.000000
    227   1     -2   3   5     4  0.173384  0.537929      83.839        0.0        0.0      0.006          4.0137  1.152966      1.000000
    228   1      1   1   6     4  0.175282  0.538860      84.375       40.6       43.1      2.562       3430.2385  1.147002      1.000000
    229   1      0   3   5     4  0.175913  0.539167      84.552        0.1        0.1      0.008          8.5705  1.145053      1.000000
    230   1      6   1   2     4  0.176634  0.539517      84.753       16.0       18.8      1.116       1361.7139  1.142847      1.000000
    231   1      6   2   1     4  0.176656  0.539527      84.759        0.9        1.1      0.067         80.5160  1.142781      1.000000
    232   1     -1   2   6     4  0.178078  0.540212      85.154      124.0      140.1      2.344      10595.4600  1.138492      1.000000
    233   1     -2   2   6     4  0.178879  0.540596      85.375      196.2      224.2      1.795      16815.2812  1.136112      1.000000
    234   1     -4   4   1     4  0.178949  0.540629      85.394        7.8        8.9      0.068        672.3549  1.135905      1.000000
    235   1      7   0   0     2  0.179072  0.540688      85.428       29.1       33.2      0.245       4991.8643  1.135542      1.000000
    236   1     -3   4   3     4  0.179074  0.540689      85.428       10.6       12.1      0.089        910.0866  1.135536      1.000000
    237   1     -7   1   1     4  0.179122  0.540712      85.441        0.0        0.1      0.000          4.1223  1.135396      1.000000
    238   1     -4   1   6     4  0.179262  0.540778      85.480      132.9      150.6      1.220      11400.8955  1.134984      1.000000
    239   1     -7   1   2     4  0.180104  0.541178      85.710        4.2        4.6      0.068        364.0341  1.132522      1.000000
    240   1      4   4   0     4  0.181695  0.541929      86.142      171.1      139.8      2.826      14809.7207  1.127946      1.000000

   No.  Code     H   K   L  Mult      Hw      ETA/M    2theta/TOF     Icalc       Iobs      Sigma     StrFactor^2    d-hkl       CORR

    241   1      3   4   2     4  0.183604  0.542821      86.656      171.4      161.5      2.495      14927.1504  1.122577      1.000000
    242   1     -3   3   5     4  0.183855  0.542937      86.723       18.1       16.4      0.299       1574.3762  1.121881      1.000000
    243   1      0   2   6     4  0.185238  0.543576      87.090        1.1        1.0      0.015         95.9247  1.118087      1.000000
    244   1      4   2   4     4  0.185446  0.543672      87.146       49.4       45.1      0.567       4328.8691  1.117521      1.000000
    245   1     -4   4   2     4  0.185538  0.543714      87.170      202.4      185.8      2.309      17738.6465  1.117273      1.000000
    246   1      5   2   3     4  0.186847  0.544313      87.515        2.7        2.6      0.044        236.9641  1.113754      1.000000
    247   1      2   4   3     4  0.187067  0.544413      87.572       12.4       12.2      0.203       1092.7555  1.113171      1.000000
    248   1     -5   2   5     4  0.187201  0.544474      87.608        4.7        4.8      0.073        414.4137  1.112814      1.000000
    249   1      4   3   3     4  0.187347  0.544541      87.646       16.8       17.7      0.243       1480.1077  1.112426      1.000000
    250   1      7   1   0     4  0.187538  0.544627      87.696      124.8      132.7      1.697      10999.3096  1.111922      1.000000
    251   1     -3   2   6     4  0.187750  0.544724      87.751       46.9       47.9      0.678       4136.8486  1.111363      1.000000
    252   1      1   3   5     4  0.189256  0.545403      88.143        4.3        4.3      0.043        384.4507  1.107434      1.000000
    253   1     -1   4   4     4  0.189265  0.545408      88.145      271.5      269.6      2.665      24057.7402  1.107408      1.000000
    254   1      2   0   6     2  0.190082  0.545774      88.356       53.0       50.9      0.702       9409.0557  1.105308      1.000000
    255   1     -7   1   3     4  0.190642  0.546025      88.500        0.6        0.5      0.011         50.2052  1.103880      1.000000
    256   1     -6   2   4     4  0.191083  0.546221      88.614       17.7       16.6      0.499       1573.2822  1.102763      1.000000
    257   1      3   3   4     4  0.192315  0.546768      88.928      152.9      156.0      2.581      13654.1748  1.099672      1.000000
    258   1      0   4   4     4  0.192892  0.547023      89.075       17.7       17.5      0.392       1583.5601  1.098241      1.000000
    259   1     -2   4   4     4  0.194051  0.547532      89.368       77.9       78.9      1.738       6989.2607  1.095394      1.000000
    260   1      4   4   1     4  0.194215  0.547604      89.410        0.1        0.1      0.002          7.5157  1.094995      1.000000
    261   1      5   0   4     2  0.195695  0.548249      89.781      121.9      137.6      1.693      21953.2461  1.091427      1.000000
    262   1     -5   0   6     2  0.196159  0.548450      89.897      122.5      126.5      1.370      22077.8496  1.090322      1.000000
    263   1      5   3   2     4  0.196704  0.548686      90.033       63.6       71.8      0.683       5737.8091  1.089031      1.000000
    264   1     -6   3   1     4  0.196855  0.548751      90.070       11.3       12.7      0.120       1017.4519  1.088675      1.000000
    265   1     -5   3   4     4  0.196984  0.548806      90.102       71.0       77.7      0.769       6409.0601  1.088372      1.000000
    266   1     -6   1   5     4  0.197163  0.548884      90.147        2.0        2.0      0.022        176.8643  1.087950      1.000000
    267   1      1   5   0     4  0.198105  0.549288      90.379      115.7      128.2      1.550      10473.1836  1.085751      1.000000
    268   1      3   2   5     4  0.198373  0.549403      90.446        1.7        1.8      0.026        149.6780  1.085128      1.000000
    269   1      0   5   1     4  0.198848  0.549606      90.563        2.9        2.9      0.054        259.2239  1.084032      1.000000
    270   1      2   1   6     4  0.199085  0.549707      90.621       41.0       43.3      0.749       3719.3389  1.083489      1.000000
    271   1     -6   3   2     4  0.199979  0.550087      90.839      112.2      121.1      1.771      10193.9277  1.081447      1.000000
    272   1     -1   5   1     4  0.201202  0.550604      91.137        3.5        3.5      0.036        317.6297  1.078688      1.000000
    273   1      1   2   6     4  0.201362  0.550672      91.176      252.7      251.1      2.490      23020.7598  1.078331      1.000000
    274   1     -4   4   3     4  0.202544  0.551168      91.462        0.7        0.6      0.006         63.1313  1.075707      1.000000
    275   1     -7   0   4     2  0.202876  0.551307      91.542       71.6       66.4      0.532      13074.5771  1.074975      1.000000
    276   1      6   2   2     4  0.202922  0.551326      91.553      282.7      261.4      2.123      25823.4883  1.074875      1.000000
    277   1     -4   3   5     4  0.203746  0.551669      91.750        2.9        2.6      0.035        263.1039  1.073074      1.000000
    278   1      6   3   0     4  0.204034  0.551789      91.819       26.4       24.4      0.319       2417.0337  1.072449      1.000000
    279   1      5   1   4     4  0.204983  0.552182      92.046        5.8        6.0      0.129        533.0583  1.070405      1.000000
    280   1      1   5   1     4  0.205382  0.552347      92.140        2.4        2.6      0.046        215.6184  1.069550      1.000000
    281   1      1   4   4     4  0.205452  0.552376      92.157       46.7       51.8      0.888       4285.4966  1.069400      1.000000
    282   1     -5   1   6     4  0.205470  0.552383      92.161        0.1        0.2      0.003         13.4505  1.069362      1.000000
    283   1     -7   2   1     4  0.205796  0.552517      92.239        2.9        3.1      0.047        266.4845  1.068669      1.000000
    284   1     -4   2   6     4  0.205957  0.552584      92.277       83.4       86.3      1.279       7660.6021  1.068326      1.000000
    285   1      7   1   1     4  0.206758  0.552912      92.466        0.0        0.0      0.000          1.3216  1.066635      1.000000
    286   1     -7   2   2     4  0.206932  0.552983      92.507      288.9      267.9      2.642      26563.6406  1.066272      1.000000
    287   1     -3   4   4     4  0.207943  0.553396      92.744       14.3       12.6      0.217       1319.3756  1.064162      1.000000
    288   1      2   5   0     4  0.211675  0.554899      93.610      144.0      158.7      3.013      13320.8613  1.056584      1.000000
    289   1      4   1   5     4  0.212048  0.555048      93.696        0.0        0.0      0.000          1.9561  1.055843      1.000000
    290   1     -7   1   4     4  0.212539  0.555243      93.808       44.1       50.5      0.861       4087.6389  1.054872      1.000000
    291   1     -2   5   1     4  0.212796  0.555346      93.867       13.8       16.1      0.268       1279.1750  1.054366      1.000000
    292   1      2   3   5     4  0.212858  0.555370      93.881        0.1        0.1      0.002         11.6561  1.054245      1.000000
    293   1     -2   1   7     4  0.213194  0.555503      93.958       10.1       11.6      0.225        935.9496  1.053586      1.000000
    294   1      6   1   3     4  0.213679  0.555695      94.068        2.8        3.3      0.081        263.8173  1.052641      1.000000
    295   1     -6   3   3     4  0.213954  0.555804      94.131        3.7        4.2      0.109        340.9970  1.052105      1.000000
    296   1     -1   1   7     4  0.214435  0.555993      94.240        0.1        0.1      0.003         10.0355  1.051175      1.000000
    297   1      0   5   2     4  0.214896  0.556174      94.344       85.1       90.4      1.395       7905.2720  1.050287      1.000000
    298   1     -1   5   2     4  0.215222  0.556302      94.418       46.5       49.6      0.630       4320.4819  1.049662      1.000000
    299   1      3   4   3     4  0.215418  0.556379      94.462        2.0        2.2      0.027        190.1448  1.049287      1.000000
    300   1      7   2   0     4  0.215555  0.556432      94.493      129.2      136.5      1.779      12001.4307  1.049027      1.000000

   No.  Code     H   K   L  Mult      Hw      ETA/M    2theta/TOF     Icalc       Iobs      Sigma     StrFactor^2    d-hkl       CORR

    301   1     -5   4   1     4  0.215973  0.556596      94.587        0.7        0.7      0.012         65.3320  1.048231      1.000000
    302   1      4   4   2     4  0.218718  0.557660      95.200        3.9        6.7      0.623        365.7878  1.043097      1.000000
    303   1     -7   2   3     4  0.219169  0.557834      95.300        1.7        3.1      0.305        157.4034  1.042266      1.000000
    304   1     -3   1   7     4  0.221605  0.558765      95.836        1.5        1.6      0.082        141.9516  1.037855      1.000000
    305   1      5   4   0     4  0.221624  0.558772      95.840       20.6       21.5      1.092       1922.4004  1.037820      1.000000
    306   1     -5   4   2     4  0.221731  0.558812      95.863       15.0       15.6      0.752       1402.3943  1.037630      1.000000
    307   1      2   5   1     4  0.221807  0.558841      95.880       10.9       11.3      0.535       1018.1076  1.037493      1.000000
    308   1      6   3   1     4  0.222808  0.559220      96.098        2.4        2.3      0.120        226.5540  1.035717      1.000000
    309   1      1   5   2     4  0.224353  0.559801      96.432      207.7      186.7      2.281      19427.0137  1.033011      1.000000
    310   1     -1   3   6     4  0.224635  0.559907      96.493      103.1       93.4      0.962       9642.7100  1.032522      1.000000
    311   1     -2   5   2     4  0.225383  0.560186      96.654      158.2      144.6      1.418      14801.6279  1.031232      1.000000
    312   1      0   1   7     4  0.225526  0.560239      96.685        1.6        1.5      0.015        150.7930  1.030986      1.000000
    313   1     -2   3   6     4  0.225666  0.560291      96.715       23.8       21.6      0.223       2225.6919  1.030745      1.000000
    314   1      3   0   6     2  0.225882  0.560372      96.761        0.2        0.2      0.002         37.7826  1.030376      1.000000
    315   1     -6   2   5     4  0.226793  0.560709      96.955        1.8        1.6      0.032        171.1951  1.028826      1.000000
    316   1      2   4   4     4  0.228941  0.561501      97.411      128.2      140.8      1.738      12012.5303  1.025226      1.000000
    317   1      2   2   6     4  0.229047  0.561539      97.433      118.3      130.1      1.568      11083.7373  1.025050      1.000000
    318   1      7   0   2     2  0.229411  0.561673      97.510        3.3        3.6      0.051        627.6899  1.024449      1.000000
    319   1     -4   4   4     4  0.233197  0.563044      98.299      138.7      131.9      1.919      13023.5146  1.018321      1.000000
    320   1      0   3   6     4  0.233888  0.563291      98.442      135.6      142.0      1.243      12744.8818  1.017228      1.000000
    321   1      4   3   4     4  0.234158  0.563388      98.498      127.7      136.6      1.155      12009.5479  1.016802      1.000000
    322   1     -8   0   2     2  0.234760  0.563603      98.621       10.6       11.0      0.102       1996.1232  1.015859      1.000000
    323   1     -6   0   6     2  0.235436  0.563843      98.760       20.0       20.6      0.169       3774.9231  1.014805      1.000000
    324   1     -3   5   1     4  0.235523  0.563874      98.777        1.1        1.1      0.009         99.3938  1.014670      1.000000
    325   1      5   3   3     4  0.235980  0.564036      98.871        2.3        2.4      0.016        219.6030  1.013962      1.000000
    326   1      5   2   4     4  0.235988  0.564039      98.872      136.3      141.6      0.924      12884.7861  1.013950      1.000000
    327   1     -5   3   5     4  0.236441  0.564199      98.965        0.2        0.2      0.001         14.5993  1.013252      1.000000
    328   1     -5   2   6     4  0.236563  0.564242      98.990      163.6      165.6      0.908      15492.4932  1.013064      1.000000
    329   1     -1   4   5     4  0.236685  0.564285      99.014        6.3        6.4      0.034        598.0007  1.012877      1.000000
    330   1      3   5   0     4  0.236739  0.564305      99.025        3.4        3.4      0.018        318.8319  1.012794      1.000000
    331   1      3   1   6     4  0.236844  0.564342      99.047      212.1      213.9      1.155      20118.9297  1.012633      1.000000
    332   1     -3   3   6     4  0.237156  0.564451      99.110      199.2      200.1      1.159      18923.8633  1.012156      1.000000
    333   1      7   2   1     4  0.238085  0.564778      99.298        0.1        0.1      0.001          9.4888  1.010745      1.000000
    334   1      5   4   1     4  0.239792  0.565374      99.641        0.1        0.0      0.001          5.1939  1.008182      1.000000
    335   1     -5   4   3     4  0.240027  0.565456      99.688        3.2        3.1      0.052        318.6495  1.007833      1.000000
    336   1     -2   4   5     4  0.240313  0.565555      99.745        2.5        2.5      0.036        254.6431  1.007409      1.000000
    337   1      7   1   2     4  0.240587  0.565650      99.800      137.3      133.9      1.743      14232.8389  1.007004      1.000000
    338   1     -4   1   7     4  0.241076  0.565820      99.898        1.1        1.0      0.011        127.3471  1.006283      1.000000
    339   1     -6   3   4     4  0.241510  0.565969      99.984       93.7       79.6      0.775      15324.4521  1.005647      1.000000

     -----------------------------------------------------
     BRAGG R-Factors and weight fractions for Pattern #  1
     -----------------------------------------------------

 => Phase:  1      #(C) 2021 by FIZ Karlsruhe - Leibniz Institute for Information Infrastructure.  All rights reserved.
 => Bragg R-factor:   6.07       Vol:  327.777( 0.006)  Fract(%):  100.00( 0.24)
 => Rf-factor=  4.68             ATZ:        1095.733   Brindley:  1.0000

     -----------------------------------------------------------------
      SYMBOLIC NAMES AND FINAL VALUES AND SIGMA OF REFINED PARAMETERS:
     -----------------------------------------------------------------

      ->  Parameter number    1 :                                          Zero_pat1   -0.68572932E-02( +/-    0.50676323E-03 )
      ->  Parameter number    2 :                                     Scale_ph1_pat1    0.20030683E-02( +/-    0.34178909E-05 )
      ->  Parameter number    3 :                                    Cell_A_ph1_pat1     8.1397839    ( +/-    0.84488165E-04 )
      ->  Parameter number    4 :                                    Cell_B_ph1_pat1     5.4801197    ( +/-    0.60637740E-04 )
      ->  Parameter number    5 :                                    Cell_C_ph1_pat1     7.5246668    ( +/-    0.77389908E-04 )
      ->  Parameter number    6 :                                    Cell_E_ph1_pat1     102.43633    ( +/-    0.63801918E-03 )
      ->  Parameter number    7 :                                    U-Cagl_ph1_pat1    0.64194232E-01( +/-    0.16017003E-02 )
      ->  Parameter number    8 :                                    W-Cagl_ph1_pat1    0.12301593E-01( +/-    0.19398725E-03 )
      ->  Parameter number    9 :                                    V-Cagl_ph1_pat1   -0.37847880E-01( +/-    0.11241141E-02 )
      ->  Parameter number   10 :                                     EtaPV_ph1_pat1    0.39231640    ( +/-    0.11109887E-01 )
      ->  Parameter number   11 :                                     X-tan_ph1_pat1    0.17368086E-02( +/-    0.32404903E-03 )
      ->  Parameter number   12 :                                     Asym1_ph1_pat1    0.42413183E-01( +/-    0.26456071E-02 )
      ->  Parameter number   13 :                                     Asym2_ph1_pat1    0.53589530E-02( +/-    0.68180292E-03 )
      ->  Parameter number   14 :                                          X_Na1_ph1    0.38078931    ( +/-    0.58654672E-03 )
      ->  Parameter number   15 :                                          Y_Na1_ph1    0.78620791    ( +/-    0.14220619E-02 )
      ->  Parameter number   16 :                                          Z_Na1_ph1    0.10516300    ( +/-    0.72239537E-03 )
      ->  Parameter number   17 :                                          X_Ta1_ph1    0.15937763    ( +/-    0.95989730E-04 )
      ->  Parameter number   18 :                                          Y_Ta1_ph1    0.25661120    ( +/-    0.41504018E-03 )
      ->  Parameter number   19 :                                          Z_Ta1_ph1    0.29612243    ( +/-    0.11889772E-03 )
      ->  Parameter number   20 :                                           X_O1_ph1    0.21466574    ( +/-    0.10145261E-02 )
      ->  Parameter number   21 :                                           Y_O1_ph1    0.15565786    ( +/-    0.12772200E-02 )
      ->  Parameter number   22 :                                           Z_O1_ph1    0.48029635E-01( +/-    0.14197651E-02 )
      ->  Parameter number   23 :                                           X_O2_ph1    0.54661479E-01( +/-    0.12327645E-02 )
      ->  Parameter number   24 :                                           Y_O2_ph1    0.54266793    ( +/-    0.18202756E-02 )
      ->  Parameter number   25 :                                           Z_O2_ph1    0.21861963    ( +/-    0.15728754E-02 )
      ->  Parameter number   26 :                                           X_F1_ph1    0.38207069    ( +/-    0.11952593E-02 )
      ->  Parameter number   27 :                                           Y_F1_ph1    0.47129178    ( +/-    0.16829512E-02 )
      ->  Parameter number   28 :                                           Z_F1_ph1    0.30779991    ( +/-    0.15038215E-02 )
      ->  Parameter number   29 :                                           X_F2_ph1    0.34250504    ( +/-    0.10669965E-02 )
      ->  Parameter number   30 :                                           Y_F2_ph1    0.98734081    ( +/-    0.15541860E-02 )
      ->  Parameter number   31 :                                           Z_F2_ph1    0.37190077    ( +/-    0.13423691E-02 )

 ------------------------------------------------------------------
 => Number of bytes for floating point variables: 4
 => Dimensions of dynamic allocated arrays in this run of FullProf:
 ------------------------------------------------------------------

 => Total approximate array memory (dynamic + static): 128536585 bytes

    MaxPOINT=    60000 Max.num. of points(+int. Inten.)/diffraction pattern       
    MaxREFLT=    20000 Max.num. of reflections/diffraction pattern               
    MaxPARAM=      300 Max.num. of refinable parameters                          
    MaxOVERL=    18096 Max.num. of overlapping reflections                       

 ----------------------------------------------------------
 => Number of bytes for floating point arrays: 4
 => Dimensions of fixed arrays in this release of FullProf:
 ----------------------------------------------------------

    NPATT   =       80 Max.num. of powder diffraction patterns                    
    NATS    =      830 Max.num. of atoms (all kind) in asymmetric unit            
    MPAR    =     1800 Max.num. of non atomic parameters/phase                    
    IEXCL   =       30 Max.num. of excluded regions                               
    IBACP   =      377 Max.num. of background points for interpolation            
    NPHT    =       16 Max.num. of phases                                         
    NMAGM   =        8 Max.num. of rotation-matrices sets for magnetic structure  
    NBASIS  =       12 Max.num. of basis functions associated to a single atom    
    NIREPS  =        9 Max.num. of irreducible representations to be combined     
    N_EQ    =      384 Max.num. of user-supplied symmetry operators/propagation vectors
    NGL     =      400 Max.num. of global parameters/diffraction pattern          
    N_LINC  =       50 Max.num. of global linear restraints                        
    NAT_P   =       80 Max.num. of atomic parameters per atom                     
    NCONST  =      500 Max.num. of slack constraints per phase                    
    N_SPE   =       30 Max.num. of different chemical species                     
    N_FORM  =       60 Max.num. of scattering factor values in a table            
    NPR     =      150 Max.num. of points defining a numerical profile            
    INPR    =       25 Max.num. of different numerical peak shapes                
    NPRC    =      150 Max.num. of terms in the table for correcting intensities  
    NSOL    =       10 Max.num. of solutions to be stored in Montecarlo searchs   

 
              CPU Time:     1.086 seconds
                            0.018 minutes

 => Run finished at:     Date: 07/02/2023  Time: 13:48:20.357                              
