

        **********************************************************
        ** PROGRAM FullProf.2k (Version 7.30 - Mar2020-ILL JRC) **
        **********************************************************
                       M U L T I -- P A T T E R N                 
            Rietveld, Profile Matching & Integrated Intensity     
                 Refinement of X-ray and/or Neutron Data


    Date: 08/02/2023  Time: 11:12:43.961                              

 => PCR file code: NaTaO2F2
 => DAT file code: NaTaO2F2.dat         -> Relative contribution: 1.0000                                                            

 ==> CONDITIONS OF THIS RUN FOR PATTERN No.:  1

 => Global Refinement of X-ray powder diffraction data                                                                              
 => Global Refinement of X-ray powder diffraction data                                                                              
    Bragg-Brentano(X-rays) or Debye-Scherrer geometry(Neutrons)
 => Title:  #(C) 2021 by FIZ Karlsruhe - Leibniz Institute for Information Infrastructure.  All rights reserved.

 => Number of phases:    1
 => Number of excluded regions:    0
 => Number of scattering factors supplied:    0
 => Conventional weights: w=1.0/Variance(yobs)
 => Asymmetry correction as in J.Appl.Cryst. 26,128(1993)
 => Background linearly interpolated between the   23 points given
 => The    5th default profile function was selected
 => Pseudo-Voigt function (ETA variable)
                 X-parameter correspond to: ETA=ETA0+X*2theta
                       pV(x)= ETA*L(x)+(1-ETA)*G(x)

 ==> INPUT/OUTPUT OPTIONS:

 => Generate file *.PRF for plot
 => Output Integrated Intensities
 => Generate new input file *.PCR

 => X-Y type of data: 2theta/TOF/E(Kev) Intens sigma for pattern:  1
 => Plot pattern at each cycle
 => Wavelengths:  1.54056 1.54439
 => Alpha2/Alpha1 ratio:   0.5000
 => Cos(Monochromator angle)=   0.9100
 => Asymmetry correction for angles lower than   90.000 degrees
 => Absorption correction (AC), muR-eff =   0.0000  0.0000
 => Base of peaks: 2.0*HW*    8.00

 => Number of cycles:   33
 => Relaxation factors ==>    for coordinates:  1.00
 => for anisotropic temperature factors:  1.00
 => for halfwidth/strain/size parameters:  1.00
 => for lattice constants and propagation vectors:  1.00
 => EPS-value for convergence:    0.1
 => Background ==> 
    Position   Intensity
       10.47     5944.05        0.00
       12.62     5326.09        0.00
       13.52     5090.19        0.00
       15.67     4701.39        0.00
       18.47     4143.81        0.00
       21.42     3784.61        0.00
       25.88     3506.21        0.00
       30.67     3233.90        0.00
       35.47     3001.29        0.00
       38.25     2753.28        0.00
       42.45     2679.73        0.00
       45.12     2758.57        0.00
       54.00     2831.65        0.00
       62.51     2607.55        0.00
       66.42     2426.09        0.00
       74.97     2476.19        0.00
       77.85     2370.37        0.00
       81.32     2443.22        0.00
       85.84     2368.29        0.00
       88.61     2381.46        0.00

       93.17     2343.51        0.00
       95.27     2364.94        0.00
       97.94     2354.42        0.00

 
 => Number of Least-Squares parameters varied:    31

 =>--------------------------->
 =>------->  PATTERN number:  1
 =>--------------------------->
 => Global parameters and codes ==>
 => Zero-point:     0.0001   11.0000
 => Displacement peak-shift parameter and code:     0.00    0.00
 => Transparency peak-shift parameter and code:     0.00    0.00

 => Reading Intensity data  =>>

 -> No recognizable heading in input data file X,Y,sigma
    First 6 lines are considered as COMMENTS (except for TSAMP keyword)
 -> COMMENT: 10.0116	6236.0000                                                                                                                   
 -> COMMENT: 10.0247	6241.0000                                                                                                                   
 -> COMMENT: 10.0379	6270.0000                                                                                                                   
 -> COMMENT: 10.0510	6231.0000                                                                                                                   
 -> COMMENT: 10.0641	6356.0000                                                                                                                   
 -> COMMENT: 10.0772	6151.0000                                                                                                                   
 ==> Angular range, step and number of points:
     2Thmin:      10.090400  2Thmax:      99.993401  Step:       0.013132  No. of points:   6848
 --------------------------------------------------------------------------------
 => Phase  No. 1
       #(C) 2021 by FIZ Karlsruhe - Leibniz Institute for Information Infras
 --------------------------------------------------------------------------------
 =>-------> Pattern#  1
 => Crystal Structure Refinement
 => Preferred orientation vector:   0.0000  0.0000  1.0000

 =>-------> Data for PHASE: 1
 => Number of atoms:    6
 => Number of distance  constraints:    0
 => Number of angle     constraints:    0

 => Symmetry information on space group: P 1 21/c 1          
 -> The multiplicity of the general position is:   4
 -> The space group is Centric (-1 at origin)   
 -> Lattice type  P: { 000 }                                       
 -> Reduced set of symmetry operators:

  No.  IT   Symmetry symbol    Rotation part     Associated Translation
   1: ( 1)   1            -->     ( x, y, z) + {  0.0000  0.0000  0.0000}
   2: ( 3)   2 ( 0, y, 0) -->     (-x, y,-z) + {  0.0000  0.5000  0.5000}


        Information on Space Group: 
        --------------------------- 

 =>   Number of Space group:  14
 =>  Hermann-Mauguin Symbol: P 1 21/c 1
 =>             Hall Symbol: -P 2ybc
 =>    Table Setting Choice: b1
 =>            Setting Type: IT (Generated from Hermann-Mauguin symbol)
 =>          Crystal System: Monoclinic
 =>              Laue Class: 2/m
 =>             Point Group: 2/m
 =>         Bravais Lattice: P
 =>          Lattice Symbol: mP
 =>  Reduced Number of S.O.:   2
 =>    General multiplicity:   4
 =>          Centrosymmetry: Centric (-1 at origin)
 =>  Generators (exc. -1&L):   1
 =>         Asymmetric unit:  0.000 <= x <=  1.000
                              0.000 <= y <=  0.250
                              0.000 <= z <=  1.000

 => List of S.O. without inversion and lattice centring translations
 => SYMM(  1): x,y,z                               => SYMM(  2): -x,y+1/2,-z+1/2


 => Initial parameters ==>
 Atom    Ntyp                  X         Y         Z         B         occ.         in  fin  Spc  Mult
                             B11       B22       B33       B12       B13       B23
 Na1    Na                 0.38015   0.78711   0.10354   1.11627   1.00000           0    0    0    4
                 Codes:  141.00000 151.00000 161.00000   0.00000   0.00000
 Ta1    Ta                 0.15927   0.25617   0.29571   0.47176   1.00000           0    0    0    4
                 Codes:  171.00000 181.00000 191.00000   0.00000   0.00000
 O1     O                  0.21641   0.15573   0.04685   0.58064   1.00000           0    0    0    4
                 Codes:  201.00000 211.00000 221.00000   0.00000   0.00000
 O2     O                  0.05008   0.54046   0.21187   0.58064   1.00000           0    0    0    4
                 Codes:  231.00000 241.00000 251.00000   0.00000   0.00000
 F1     F                  0.38666   0.46910   0.31362   1.12063   1.00000           0    0    0    4
                 Codes:  261.00000 271.00000 281.00000   0.00000   0.00000
 F2     F                  0.34096   0.98628   0.36937   1.12063   1.00000           0    0    0    4
                 Codes:  291.00000 301.00000 311.00000   0.00000   0.00000

 => IT IS ASSUMED THAT THE FIRST GIVEN SITE IS FULLY OCCUPIED 
    OR THE FIRST AND SECOND ATOMS ARE IN THE SAME SITE WITH TOTAL FULL OCCUPATION
  (If this is not the case, change the order of atoms to obtain correct values for the content of the unit cell)
    The given occupation factors have been obtained mutiplying m/M by   1.0000
      -> Atom: Na  ,  Chemical element: NA  Atomic Mass:    22.9898
      -> Atom: Ta  ,  Chemical element: TA  Atomic Mass:   180.9479
      -> Atom: O   ,  Chemical element: O   Atomic Mass:    15.9994
      -> Atom: O   ,  Chemical element: O   Atomic Mass:    15.9994
      -> Atom: F   ,  Chemical element: F   Atomic Mass:    18.9984
      -> Atom: F   ,  Chemical element: F   Atomic Mass:    18.9984
 => The given value of ATZ is       1095.73 the program has calculated:        1095.73
    The value of ATZ given in the input PCR file will be used for quantitative analysis
 => The chemical content of the unit cell is: 
       4.0000 Na   +   4.0000 Ta   +   4.0000 O    +   4.0000 O    +   4.0000 F    +   4.0000 F      
 => The normalized site occupation numbers in % are: 
     100.0000 Na1    :      100.0000 Ta1    :      100.0000 O1     :      100.0000 O2     :      100.0000 F1     :      100.0000 F2       
 => The density (volumic mass) of the compound is:    5.538 g/cm3

 =>-------> PROFILE PARAMETERS FOR PATTERN:  1

 => Overall scale factor:   0.198570E-02
 => ETA (p-Voigt) OR M (Pearson VII):   0.3922
 => Overall temperature factor:      0.00000
 => Halfwidth U,V,W:      0.06572    -0.03898     0.01252
 => X and Y parameters:       0.0017      0.0000
 => Direct cell parameters:    8.1463   5.4865   7.5293  90.0000 102.4799  90.0000
 => Preferred orientation parameters:   0.0000  0.0000
 => Asymmetry parameters     :      0.05241     0.00632     0.00000     0.00000
 => Strain parameters        :      0.00000     0.00000     0.00000
 => Size   parameters        :      0.00000     0.00000

 ==> CODEWORDS FOR PROFILE PARAMETERS of PATTERN#  1

 => Overall scale factor:   21.000
 => ETA (p-Voigt) OR M (Pearson VII):  101.000
 => Overall temperature factor:    0.000
 => Halfwidth U,V,W:   71.000  91.000  81.000
 => X and Y parameters:  111.000   0.000
 => Direct cell parameters:   31.000  41.000  51.000   0.000  61.000   0.000
 => Preferred orientation parameters:    0.000   0.000
 => Asymmetry parameters     :  121.000 131.000   0.000   0.000
 => Strain parameters        :    0.000   0.000   0.000
 => Size   parameters        :    0.000   0.000

 => Cell constraints according to Laue symmetry: 2/m  

        Metric information:
        -------------------

 => Direct cell parameters:

         a =       8.1463      b =       5.4865      c =       7.5293
     alpha =       90.000   beta =      102.480  gamma =       90.000
                        Direct Cell Volume =     328.5675

 => Reciprocal cell parameters:

         a*=     0.125725      b*=     0.182266      c*=     0.136029
     alpha*=       90.000   beta*=       77.520  gamma*=       90.000
                    Reciprocal Cell Volume =   0.00304351

 => Direct and Reciprocal Metric Tensors:

                   GD                                       GR
     66.3629      0.0000    -13.2545          0.015807    0.000000    0.003696
      0.0000     30.1014      0.0000          0.000000    0.033221    0.000000
    -13.2545      0.0000     56.6900          0.003696    0.000000    0.018504

 =>  Cartesian frame: z // c; y is in the bc-plane; x is y ^ z = a*  

     Crystal_to_Orthonormal_Matrix              Orthonormal_to_Crystal Matrix
              Cr_Orth_cel                               Orth_Cr_cel  
      8.1463      0.0000     -1.6271          0.122754   -0.000000    0.027169
      0.0000      5.4865      0.0000          0.000000    0.182266   -0.000000
      0.0000      0.0000      7.3514          0.000000    0.000000    0.136029

     Busing-Levy B-matrix: Hc=B.H            Inverse of the Busing-Levy B-matrix
                BL_M                                      BL_Minv  
    0.125725    0.000000    0.029395            7.9539     -0.0000     -1.7604
    0.000000    0.182266   -0.000000            0.0000      5.4865      0.0000
    0.000000    0.000000    0.132815            0.0000      0.0000      7.5293

 => Laue symmetry 2/m   will be used to generate HKL for pattern#   1
 => Reflections generated between S(1/d)min:  0.1139 A-1 and S(1/d)max:  1.0105 A-1
 =>                                    dmax:  8.7808 A   and      dmin:  0.9896 A
 => The number of reflections generated is:    358
 => The max. scatt. variable (gen.ref.) is:       102.2240
 => Scattering coefficients from internal table


 => X-ray scattering coeff. (A1, B1, A2,...C, f(0), Z, Dfp,Dfpp)

 NA      4.7626   3.2850   3.1736   8.8422   1.2674   0.3136   1.1128 129.4240   0.6760  10.9924  11.0000   0.1290   0.1240
 TA     29.2024   1.7733  15.2293   9.3705  14.5135   0.2960   4.7649  63.3644   9.2435  72.9537  73.0000  -6.3510   5.2710
 O       3.0485  13.2771   2.2868   5.7011   1.5463   0.3239   0.8670  32.9089   0.2508   7.9994   8.0000   0.0470   0.0320
 F       3.5392  10.2825   2.6412   4.2944   1.5170   0.2615   1.0243  26.1476   0.2776   8.9993   9.0000   0.0690   0.0530

     --------------------------------------------------------------
      SYMBOLIC NAMES AND INITIAL VALUES OF PARAMETERS TO BE VARIED:
     --------------------------------------------------------------

      ->  Parameter number    1   -> Symbolic Name:                                          Zero_pat1    0.14000000E-03
      ->  Parameter number    2   -> Symbolic Name:                                     Scale_ph1_pat1    0.19857001E-02
      ->  Parameter number    3   -> Symbolic Name:                                    Cell_A_ph1_pat1     8.1463432    
      ->  Parameter number    4   -> Symbolic Name:                                    Cell_B_ph1_pat1     5.4864750    
      ->  Parameter number    5   -> Symbolic Name:                                    Cell_C_ph1_pat1     7.5292759    
      ->  Parameter number    6   -> Symbolic Name:                                    Cell_E_ph1_pat1     102.47989    
      ->  Parameter number    7   -> Symbolic Name:                                    U-Cagl_ph1_pat1    0.65722004E-01
      ->  Parameter number    8   -> Symbolic Name:                                    W-Cagl_ph1_pat1    0.12525000E-01
      ->  Parameter number    9   -> Symbolic Name:                                    V-Cagl_ph1_pat1   -0.38981002E-01
      ->  Parameter number   10   -> Symbolic Name:                                     EtaPV_ph1_pat1    0.39221001    
      ->  Parameter number   11   -> Symbolic Name:                                     X-tan_ph1_pat1    0.17049999E-02
      ->  Parameter number   12   -> Symbolic Name:                                     Asym1_ph1_pat1    0.52409999E-01
      ->  Parameter number   13   -> Symbolic Name:                                     Asym2_ph1_pat1    0.63200002E-02
      ->  Parameter number   14   -> Symbolic Name:                                          X_Na1_ph1    0.38014999    
      ->  Parameter number   15   -> Symbolic Name:                                          Y_Na1_ph1    0.78710997    
      ->  Parameter number   16   -> Symbolic Name:                                          Z_Na1_ph1    0.10354000    
      ->  Parameter number   17   -> Symbolic Name:                                          X_Ta1_ph1    0.15927000    
      ->  Parameter number   18   -> Symbolic Name:                                          Y_Ta1_ph1    0.25617000    
      ->  Parameter number   19   -> Symbolic Name:                                          Z_Ta1_ph1    0.29571000    
      ->  Parameter number   20   -> Symbolic Name:                                           X_O1_ph1    0.21641000    
      ->  Parameter number   21   -> Symbolic Name:                                           Y_O1_ph1    0.15572999    
      ->  Parameter number   22   -> Symbolic Name:                                           Z_O1_ph1    0.46850000E-01
      ->  Parameter number   23   -> Symbolic Name:                                           X_O2_ph1    0.50080001E-01
      ->  Parameter number   24   -> Symbolic Name:                                           Y_O2_ph1    0.54045999    
      ->  Parameter number   25   -> Symbolic Name:                                           Z_O2_ph1    0.21187000    
      ->  Parameter number   26   -> Symbolic Name:                                           X_F1_ph1    0.38666001    
      ->  Parameter number   27   -> Symbolic Name:                                           Y_F1_ph1    0.46910000    
      ->  Parameter number   28   -> Symbolic Name:                                           Z_F1_ph1    0.31362000    
      ->  Parameter number   29   -> Symbolic Name:                                           X_F2_ph1    0.34096000    
      ->  Parameter number   30   -> Symbolic Name:                                           Y_F2_ph1    0.98628002    
      ->  Parameter number   31   -> Symbolic Name:                                           Z_F2_ph1    0.36937001    
  
 
 => No optimization for routine tasks
 ++++++++++++++++++++++++++++++++++++++++++++++++++++++++++++++++++++++++++++++++++++++++++++++++++++++++++++++++++++++++

 => CYCLE No.:    1
 ---------------------------------------------------------------------------------------
 => Phase  1 Name:  #(C) 2021 by FIZ Karlsruhe - Leibniz Institute for Information Infras
 ---------------------------------------------------------------------------------------
 => New parameters, shifts, and standard deviations

 Atom        x       dx      sx       y       dy      sy       z       dz      sz       B       dB      sB      occ.    docc.   socc.

 Na1      0.38015-0.00000 0.00059  0.78711-0.00000 0.00139  0.10354 0.00000 0.00073  1.11627 0.00000 0.00000  1.00000 0.00000 0.00000
 Ta1      0.15927-0.00000 0.00010  0.25617-0.00000 0.00043  0.29571-0.00000 0.00012  0.47176 0.00000 0.00000  1.00000 0.00000 0.00000
 O1       0.21641-0.00000 0.00101  0.15573-0.00000 0.00128  0.04685-0.00000 0.00143  0.58064 0.00000 0.00000  1.00000 0.00000 0.00000
 O2       0.05008-0.00000 0.00128  0.54043-0.00003 0.00186  0.21187-0.00000 0.00159  0.58064 0.00000 0.00000  1.00000 0.00000 0.00000
 F1       0.38666 0.00000 0.00120  0.46907-0.00003 0.00167  0.31363 0.00001 0.00156  1.12063 0.00000 0.00000  1.00000 0.00000 0.00000
 F2       0.34095-0.00001 0.00106  0.98627-0.00001 0.00155  0.36936-0.00001 0.00139  1.12063 0.00000 0.00000  1.00000 0.00000 0.00000

 ==> PROFILE PARAMETERS FOR PATTERN#  1

 => Overall scale factor:      0.001985680    -0.000000020     0.000003440
 => Eta(p-Voigt) or m(Pearson VII):   0.392171 -0.000039  0.011188
 => Overall tem. factor:     0.000000    0.000000    0.000000
 => Halfwidth parameters: 
         0.065722   -0.000000    0.001619
        -0.038982   -0.000001    0.001143
         0.012525   -0.000000    0.000198
 => Cell parameters: 
        8.146342   -0.000001    0.000083
        5.486474   -0.000001    0.000061
        7.529275   -0.000000    0.000077
       90.000000    0.000000    0.000000
      102.479889    0.000000    0.000648
       90.000000    0.000000    0.000000
 => Preferred orientation: 
         0.000000    0.000000    0.000000
         0.000000    0.000000    0.000000
 => Asymmetry parameters: 
         0.052388   -0.000022    0.002532
         0.006319   -0.000001    0.000678
         0.000000    0.000000    0.000000
         0.000000    0.000000    0.000000
 => X and Y parameters: 
         0.001705   -0.000000    0.000325
         0.000000    0.000000    0.000000
 => Strain parameters: 
         0.000000    0.000000    0.000000
         0.000000    0.000000    0.000000
         0.000000    0.000000    0.000000
 => Size   parameters (G,L): 
         0.000000    0.000000    0.000000
         0.000000    0.000000    0.000000

 ==> GLOBAL PARAMETERS FOR PATTERN#  1


 => Zero-point:     0.0001   -0.0000    0.0005

 => Cos( theta)-shift parameter :   0.0000  0.0000  0.0000
 => Sin(2theta)-shift parameter :   0.0000  0.0000  0.0000

 ==> RELIABILITY FACTORS WITH ALL NON-EXCLUDED POINTS FOR PATTERN:  1

 => R-Factors:   3.63      5.06     Chi2:  11.4     DW-Stat.:  0.3320   Patt#:  1
 => Expected :            1.50                                1.9341
 => Deviance : 0.803E+05     Dev*:   11.78    
 => GoF-index:  3.4         Sqrt(Residual/N)
 => N-P+C:  6817

 =>    SumYdif       SumYobs      SumYcal      SumwYobsSQ     Residual    Condition
     0.1102E+07    0.3039E+08    0.3031E+08    0.3039E+08    0.7791E+05    0.7787E+10


 => Conventional Rietveld Rp,Rwp,Re and Chi2:   10.9      10.8      3.20      11.43    
 => (Values obtained using Ynet, but true sigma(y))
 =>  SumYnet, Sum(w Ynet**2):     0.1012E+08    0.6656E+07


 ==> RELIABILITY FACTORS FOR POINTS WITH BRAGG CONTRIBUTIONS FOR PATTERN:  1

 => R-Factors:   3.88      5.34     Chi2:  12.8     DW-Stat.:  0.3415   Patt#:
 => Expected :            1.49                                1.9301
 => Deviance : 0.781E+05     Dev*:   13.18    
 => GoF-index:  3.6         Sqrt(Residual/N)
 => N-P+C:  5927

 =>    SumYdif       SumYobs      SumYcal      SumwYobsSQ     Residual    Condition
     0.1031E+07    0.2659E+08    0.2654E+08    0.2659E+08    0.7573E+05    0.7787E+10


 => Conventional Rietveld Rp,Rwp,Re and Chi2:   10.2      10.7      2.98      12.78    
 => (Values obtained using Ynet, but true sigma(y))
 =>  SumYnet, Sum(w Ynet**2):     0.1010E+08    0.6654E+07


 => Global user-weigthed Chi2 (Bragg contrib.):   12.8    

 => ---------> Pattern#  1
 => Phase:  1
 =>    Bragg R-factor:  6.35    
 =>    RF-factor     :  4.88    


   Standard deviations have to be multiplied by: 3.3824
   (correlated residuals) See references:
  -J.F.Berar & P.Lelann, J. Appl. Cryst. 24, 1-5 (1991) 
  -J.F.Berar, Acc. in Pow. Diff. II,NIST Sp.Pub. 846, 63(1992) 

 ++++++++++++++++++++++++++++++++++++++++++++++++++++++++++++++++++++++++++++++++++++++++++++++++++++++++++++++++++++++++

 => CYCLE No.:    1
 =>  Convergence reached at this CYCLE !!!!
 =>  Parameter shifts set to zero
 ---------------------------------------------------------------------------------------
 => Phase  1 Name:  #(C) 2021 by FIZ Karlsruhe - Leibniz Institute for Information Infras
 ---------------------------------------------------------------------------------------
 => New parameters, shifts, and standard deviations

 Atom        x       dx      sx       y       dy      sy       z       dz      sz       B       dB      sB      occ.    docc.   socc.

 Na1      0.38015 0.00000 0.00059  0.78711 0.00000 0.00139  0.10354 0.00000 0.00073  1.11627 0.00000 0.00000  1.00000 0.00000 0.00000
 Ta1      0.15927 0.00000 0.00010  0.25617 0.00000 0.00043  0.29571 0.00000 0.00012  0.47176 0.00000 0.00000  1.00000 0.00000 0.00000
 O1       0.21641 0.00000 0.00101  0.15573 0.00000 0.00128  0.04685 0.00000 0.00143  0.58064 0.00000 0.00000  1.00000 0.00000 0.00000
 O2       0.05008 0.00000 0.00128  0.54043 0.00000 0.00186  0.21187 0.00000 0.00159  0.58064 0.00000 0.00000  1.00000 0.00000 0.00000
 F1       0.38666 0.00000 0.00120  0.46907 0.00000 0.00167  0.31363 0.00000 0.00156  1.12063 0.00000 0.00000  1.00000 0.00000 0.00000
 F2       0.34095 0.00000 0.00106  0.98627 0.00000 0.00155  0.36936 0.00000 0.00139  1.12063 0.00000 0.00000  1.00000 0.00000 0.00000

 ==> PROFILE PARAMETERS FOR PATTERN#  1

 => Overall scale factor:      0.001985680     0.000000000     0.000003440
 => Eta(p-Voigt) or m(Pearson VII):   0.392171  0.000000  0.011188
 => Overall tem. factor:     0.000000    0.000000    0.000000
 => Halfwidth parameters: 
         0.065722    0.000000    0.001619
        -0.038982    0.000000    0.001143
         0.012525    0.000000    0.000198
 => Cell parameters: 
        8.146342    0.000000    0.000083
        5.486474    0.000000    0.000061
        7.529275    0.000000    0.000077
       90.000000    0.000000    0.000000
      102.479889    0.000000    0.000648
       90.000000    0.000000    0.000000
 => Preferred orientation: 
         0.000000    0.000000    0.000000
         0.000000    0.000000    0.000000
 => Asymmetry parameters: 
         0.052388    0.000000    0.002532
         0.006319    0.000000    0.000678
         0.000000    0.000000    0.000000
         0.000000    0.000000    0.000000
 => X and Y parameters: 
         0.001705    0.000000    0.000325
         0.000000    0.000000    0.000000
 => Strain parameters: 
         0.000000    0.000000    0.000000
         0.000000    0.000000    0.000000
         0.000000    0.000000    0.000000
 => Size   parameters (G,L): 
         0.000000    0.000000    0.000000
         0.000000    0.000000    0.000000

 ==> GLOBAL PARAMETERS FOR PATTERN#  1


 => Zero-point:     0.0001    0.0000    0.0005

 => Cos( theta)-shift parameter :   0.0000  0.0000  0.0000
 => Sin(2theta)-shift parameter :   0.0000  0.0000  0.0000

 ==> RELIABILITY FACTORS WITH ALL NON-EXCLUDED POINTS FOR PATTERN:  1

 => R-Factors:   3.63      5.06     Chi2:  11.4     DW-Stat.:  0.3320   Patt#:  1
 => Expected :            1.50                                1.9341
 => Deviance : 0.803E+05     Dev*:   11.78    
 => GoF-index:  3.4         Sqrt(Residual/N)
 => N-P+C:  6817

 =>    SumYdif       SumYobs      SumYcal      SumwYobsSQ     Residual    Condition
     0.1102E+07    0.3039E+08    0.3031E+08    0.3039E+08    0.7791E+05    0.7787E+10


 => Conventional Rietveld Rp,Rwp,Re and Chi2:   10.9      10.8      3.20      11.43    
 => (Values obtained using Ynet, but true sigma(y))
 =>  SumYnet, Sum(w Ynet**2):     0.1012E+08    0.6656E+07

 => N-sigma of the GoF:      608.823

 ==> RELIABILITY FACTORS FOR POINTS WITH BRAGG CONTRIBUTIONS FOR PATTERN:  1

 => R-Factors:   3.88      5.34     Chi2:  12.8     DW-Stat.:  0.3415   Patt#:
 => Expected :            1.49                                1.9301
 => Deviance : 0.781E+05     Dev*:   13.18    
 => GoF-index:  3.6         Sqrt(Residual/N)
 => N-P+C:  5927

 =>    SumYdif       SumYobs      SumYcal      SumwYobsSQ     Residual    Condition
     0.1031E+07    0.2659E+08    0.2654E+08    0.2659E+08    0.7573E+05    0.7787E+10


 => Conventional Rietveld Rp,Rwp,Re and Chi2:   10.2      10.7      2.98      12.78    
 => (Values obtained using Ynet, but true sigma(y))
 =>  SumYnet, Sum(w Ynet**2):     0.1010E+08    0.6654E+07

 => N-sigma of the GoF:      641.160

 => Global user-weigthed Chi2 (Bragg contrib.):   13.1    

 => ---------> Pattern#  1
 => Phase:  1
 =>    Bragg R-factor:  6.35    
 =>    RF-factor     :  4.88    

 --------------------------------------------------------------------------------------------------------------
 Pattern#  1 Phase No.:   1 Phase name:  #(C) 2021 by FIZ Karlsruhe - 
 --------------------------------------------------------------------------------------------------------------

   No.  Code     H   K   L  Mult      Hw      ETA/M    2theta/TOF     Icalc       Iobs      Sigma     StrFactor^2    d-hkl       CORR

      1   1      1   0   0     2  0.096718  0.411117      11.115     3930.4     3483.0      9.050      10012.6191  7.953860      1.000000
      2   1      1   1   0     4  0.088016  0.425649      19.640    10261.3     9987.0     11.217      41689.2852  4.516256      1.000000
      3   1      0   1   1     4  0.087577  0.426566      20.179       17.6       49.8      3.082         75.4690  4.396935      1.000000
      4   1     -1   1   1     4  0.086362  0.429291      21.777       24.0       51.1      4.460        120.8255  4.077720      1.000000
      5   1      2   0   0     2  0.085970  0.430243      22.336     1135.4     1231.5      5.919      12037.2051  3.976930      1.000000
      6   1      0   0   2     2  0.084790  0.433409      24.193     3703.7     3620.0      7.058      46382.3438  3.675686      1.000000
      7   1      1   1   1     4  0.084704  0.433665      24.343        1.3        1.3      0.002          8.4948  3.653354      1.000000
      8   1     -1   0   2     2  0.084693  0.433697      24.363     3879.5     3828.2      6.437      49297.6250  3.650525      1.000000
      9   1      2   1   0     4  0.083129  0.439354      27.681     7316.7     7513.0     10.005      60806.0898  3.219977      1.000000
     10   1     -2   1   1     4  0.082940  0.440274      28.221       77.8       60.4      1.996        673.6490  3.159606      1.000000
     11   1      1   0   2     2  0.082744  0.441350      28.852        3.9        4.8      0.310         71.5408  3.091883      1.000000
     12   1      0   1   2     4  0.082641  0.441978      29.221     2418.0     2610.5      6.346      22535.6895  3.053715      1.000000
     13   1     -2   0   2     2  0.082625  0.442083      29.282      110.6      119.3      0.271       2071.9858  3.047466      1.000000
     14   1     -1   1   2     4  0.082604  0.442221      29.363     1283.6     1397.0      3.759      12086.7998  3.039241      1.000000
     15   1      2   1   1     4  0.082152  0.447083      32.216        9.0        0.0      3.325        103.8749  2.776331      1.000000
     16   1      0   2   0     2  0.082134  0.447764      32.615     1519.1     1478.7      5.635      35814.4414  2.743237      1.000000
     17   1      1   1   2     4  0.082129  0.448818      33.233     2919.5     2981.3      6.237      35837.4297  2.693604      1.000000
     18   1     -2   1   2     4  0.082139  0.449464      33.612     2652.3     2723.3      5.708      33362.9336  2.664083      1.000000
     19   1      3   0   0     2  0.082147  0.449749      33.779      980.2     1075.8      3.188      24925.3926  2.651287      1.000000
     20   1      1   2   0     4  0.082211  0.451076      34.558      951.4     1011.4      4.631      12707.0898  2.593329      1.000000
     21   1      0   2   1     4  0.082251  0.451624      34.880       32.4       26.6      2.208        441.3520  2.570124      1.000000
     22   1     -1   2   1     4  0.082420  0.453309      35.868        1.0        0.0      2.964         13.8545  2.501537      1.000000
     23   1      2   0   2     2  0.082612  0.454681      36.673      541.4      566.2      4.979      16455.5156  2.448446      1.000000
     24   1     -3   1   1     4  0.082776  0.455646      37.239      184.9      174.6      1.030       2904.3940  2.412535      1.000000
     25   1     -3   0   2     2  0.082781  0.455668      37.252      610.7      576.2      3.052      19205.1504  2.411720      1.000000
     26   1      1   2   1     4  0.082877  0.456175      37.550       87.9       70.0      2.337       1407.0021  2.393287      1.000000
     27   1      3   1   0     4  0.082911  0.456345      37.650        5.5        4.5      0.311         88.5571  2.387170      1.000000
     28   1     -1   1   3     4  0.083723  0.459670      39.600      202.5      215.0      4.062       3641.0581  2.273970      1.000000
     29   1      2   2   0     4  0.083869  0.460164      39.890      560.0      517.8      3.308      10230.3047  2.258128      1.000000
     30   1      0   1   3     4  0.084072  0.460820      40.274        3.6        4.1      0.030         67.1285  2.237433      1.000000
     31   1     -2   2   1     4  0.084076  0.460833      40.282        4.5        5.1      0.032         83.4893  2.237006      1.000000
     32   1      2   1   2     4  0.084088  0.460869      40.303      613.3      708.5      3.569      11460.7764  2.235901      1.000000
     33   1     -3   1   2     4  0.084390  0.461781      40.838      862.2      879.2      3.766      16588.3691  2.207829      1.000000
     34   1      0   2   2     4  0.084498  0.462091      41.020      859.7      877.0      2.965      16703.5605  2.198467      1.000000
     35   1     -1   2   2     4  0.084562  0.462271      41.126     1036.1      969.9      3.169      20245.0625  2.193048      1.000000
     36   1      3   1   1     4  0.085103  0.463710      41.970        7.4        4.8      1.991        152.1426  2.150858      1.000000
     37   1     -2   1   3     4  0.085274  0.464138      42.221       11.8        0.6      2.324        244.4721  2.138655      1.000000
     38   1      2   2   1     4  0.086064  0.465975      43.299       30.4       54.0      3.865        666.7230  2.087877      1.000000
     39   1      1   2   2     4  0.086705  0.467333      44.096      100.9      107.3      2.715       2300.3562  2.052002      1.000000
     40   1      1   1   3     4  0.086725  0.467374      44.120       18.2       19.8      0.443        414.9067  2.050932      1.000000
     41   1     -2   2   2     4  0.086958  0.467843      44.395      300.8      288.7      3.327       6964.1978  2.038860      1.000000
     42   1      4   0   0     2  0.088030  0.469867      45.582      640.5      719.4      4.966      31455.4258  1.988465      1.000000
     43   1      3   0   2     2  0.088742  0.471112      46.312      473.0      384.6      3.617      24068.4570  1.958806      1.000000
     44   1     -4   0   2     2  0.089431  0.472254      46.983      684.6      650.9      4.016      35966.1992  1.932417      1.000000
     45   1     -3   2   1     4  0.089794  0.472836      47.324       16.0       14.7      0.666        426.4382  1.919266      1.000000
     46   1     -4   1   1     4  0.090156  0.473401      47.655        0.7        0.7      0.002         18.5010  1.906690      1.000000
     47   1      3   2   0     4  0.090164  0.473413      47.663     1856.1     1924.1      5.451      50347.4297  1.906421      1.000000
     48   1     -3   1   3     4  0.090199  0.473468      47.695       35.3       36.6      0.107        960.0531  1.905215      1.000000
     49   1     -1   0   4     2  0.090902  0.474529      48.318     1330.3     1530.0      4.849      74406.6172  1.882098      1.000000
     50   1      4   1   0     4  0.091307  0.475122      48.665      940.2     1056.8      4.113      26720.4062  1.869469      1.000000
     51   1     -1   2   3     4  0.092056  0.476185      49.289        7.3        6.1      0.416        214.0308  1.847260      1.000000
     52   1      3   1   2     4  0.092143  0.476306      49.360       73.3       66.5      1.845       2150.7725  1.844758      1.000000
     53   1      0   0   4     2  0.092388  0.476644      49.558       46.7       55.8      1.181       2763.0808  1.837843      1.000000
     54   1      0   2   3     4  0.092763  0.477154      49.858        0.9        0.8      0.003         26.2316  1.827512      1.000000
     55   1      2   2   2     4  0.092794  0.477196      49.882     1748.6     1688.7      4.920      52513.3086  1.826677      1.000000
     56   1     -2   0   4     2  0.092847  0.477266      49.923      162.1      156.8      0.477       9755.2080  1.825262      1.000000
     57   1     -4   1   2     4  0.092943  0.477396      49.999       14.0       14.0      0.050        423.5718  1.822665      1.000000
     58   1     -3   2   2     4  0.093376  0.477969      50.335     1141.7     1039.3      4.224      34998.9766  1.811273      1.000000
     59   1      2   1   3     4  0.093667  0.478348      50.558        1.1        1.2      0.025         34.9830  1.803831      1.000000
     60   1      1   3   0     4  0.094543  0.479463      51.212      658.0      604.5      4.053      20964.1133  1.782318      1.000000

   No.  Code     H   K   L  Mult      Hw      ETA/M    2theta/TOF     Icalc       Iobs      Sigma     StrFactor^2    d-hkl       CORR

     61   1     -1   1   4     4  0.094629  0.479571      51.275       13.0       11.5      0.091        414.6353  1.780261      1.000000
     62   1      3   2   1     4  0.094665  0.479615      51.301        2.7        2.4      0.020         84.9167  1.779416      1.000000
     63   1      0   3   1     4  0.094865  0.479863      51.447       63.3       56.2      1.157       2037.7676  1.774732      1.000000
     64   1     -2   2   3     4  0.094961  0.479982      51.517        6.8        5.7      0.230        220.7833  1.772488      1.000000
     65   1     -1   3   1     4  0.095888  0.481104      52.175        1.6        1.5      0.181         52.9618  1.751669      1.000000
     66   1      0   1   4     4  0.096306  0.481598      52.465      968.0      957.1      4.928      32554.7637  1.742670      1.000000
     67   1     -2   1   4     4  0.096819  0.482195      52.815      493.7      459.6      3.170      16850.5527  1.731933      1.000000
     68   1      4   1   1     4  0.096923  0.482314      52.885        0.5        0.5      0.004         15.4757  1.729804      1.000000
     69   1      1   2   3     4  0.097329  0.482779      53.157        0.4        0.0      0.047         14.2306  1.721580      1.000000
     70   1      1   3   1     4  0.097751  0.483255      53.436        0.2        0.2      0.011          7.1608  1.713244      1.000000
     71   1      1   0   4     2  0.097847  0.483362      53.499      145.0      133.6      3.007      10188.7246  1.711378      1.000000
     72   1     -3   0   4     2  0.098915  0.484537      54.189       87.1       25.4      2.990       6299.9766  1.691213      1.000000
     73   1      2   3   0     4  0.100603  0.486325      55.238     1044.4      973.2      5.406      39411.8789  1.661559      1.000000
     74   1     -4   1   3     4  0.100842  0.486572      55.383       20.0       19.5      0.118        758.3476  1.657559      1.000000
     75   1     -2   3   1     4  0.101112  0.486849      55.545       44.6       47.5      1.055       1702.0278  1.653090      1.000000
     76   1      0   3   2     4  0.102092  0.487839      56.126      325.1      294.2      2.304      12707.4551  1.637354      1.000000
     77   1     -1   3   2     4  0.102235  0.487982      56.210      232.5      223.2      0.949       9121.7246  1.635112      1.000000
     78   1      1   1   4     4  0.102323  0.488069      56.261      883.5      900.4      3.074      34732.1758  1.633742      1.000000
     79   1     -4   2   1     4  0.102334  0.488080      56.267       36.3       37.2      0.127       1426.5873  1.633579      1.000000
     80   1     -3   2   3     4  0.102393  0.488139      56.302        3.0        3.2      0.012        119.9295  1.632651      1.000000
     81   1     -3   1   4     4  0.103483  0.489206      56.928      974.3     1113.1      4.416      39310.1953  1.616172      1.000000
     82   1      4   2   0     4  0.103905  0.489613      57.167      320.0      438.2      2.177      13032.8701  1.609988      1.000000
     83   1      4   0   2     2  0.103943  0.489649      57.188       27.8       38.5      0.221       2262.8289  1.609439      1.000000
     84   1      3   2   2     4  0.105024  0.490674      57.789      607.3      737.8      3.819      25330.2812  1.594124      1.000000
     85   1      5   0   0     2  0.105267  0.490901      57.922      110.4      125.5      0.689       9252.8740  1.590772      1.000000
     86   1     -5   0   2     2  0.105282  0.490915      57.931       67.8       77.2      0.425       5686.4160  1.590569      1.000000
     87   1      2   3   1     4  0.105316  0.490947      57.949        0.5        0.5      0.003         18.9656  1.590101      1.000000
     88   1     -4   2   2     4  0.106080  0.491652      58.363      617.8      761.2      3.659      26335.9824  1.579803      1.000000
     89   1      1   3   2     4  0.106514  0.492049      58.596      677.0      727.3      2.962      29116.2168  1.574082      1.000000
     90   1     -2   3   2     4  0.106974  0.492466      58.840      856.2      818.3      3.253      37163.1992  1.568126      1.000000
     91   1      2   2   3     4  0.107023  0.492510      58.867       11.2       10.6      0.048        485.8815  1.567492      1.000000
     92   1      3   1   3     4  0.107255  0.492719      58.989        0.3        0.3      0.002         14.3959  1.564524      1.000000
     93   1     -5   1   1     4  0.107466  0.492908      59.100        0.9        1.0      0.021         41.2832  1.561857      1.000000
     94   1     -1   2   4     4  0.108263  0.493616      59.515      715.9      757.2      3.833      31862.6348  1.551951      1.000000
     95   1      2   0   4     2  0.108758  0.494050      59.770      218.7      227.2      0.979      19647.4902  1.545941      1.000000
     96   1      4   1   2     4  0.108890  0.494165      59.837      908.7      918.6      3.324      40920.2070  1.544363      1.000000
     97   1      5   1   0     4  0.110303  0.495382      60.551      523.0      557.1      1.858      24170.5957  1.527847      1.000000
     98   1     -5   1   2     4  0.110319  0.495395      60.559      851.4      902.5      2.915      39364.5547  1.527667      1.000000
     99   1      0   2   4     4  0.110390  0.495456      60.595       96.0       99.2      0.332       4445.1294  1.526857      1.000000
    100   1     -4   0   4     2  0.110666  0.495690      60.732      272.7      281.1      1.059      25370.8223  1.523733      1.000000
    101   1     -2   2   4     4  0.111033  0.496000      60.914      287.7      287.3      1.982      13472.5273  1.519620      1.000000
    102   1      4   2   1     4  0.111163  0.496109      60.978        6.5        7.0      0.074        304.8611  1.518182      1.000000
    103   1     -3   3   1     4  0.111751  0.496601      61.266        9.7        5.2      0.691        461.1491  1.511720      1.000000
    104   1      3   3   0     4  0.112337  0.497085      61.550        4.1        1.0      0.926        195.2990  1.505419      1.000000
    105   1      2   1   4     4  0.114013  0.498450      62.351       16.7        0.0      3.295        822.8884  1.487999      1.000000
    106   1     -1   3   3     4  0.115243  0.499430      62.926        0.5        0.0      0.392         26.3199  1.475773      1.000000
    107   1     -4   2   3     4  0.115983  0.500012      63.267        2.2        2.1      0.191        111.1831  1.468636      1.000000
    108   1     -4   1   4     4  0.116032  0.500050      63.290       14.4       14.0      0.990        733.1061  1.468164      1.000000
    109   1      0   3   3     4  0.116297  0.500257      63.411        6.6        6.3      0.136        337.2007  1.465645      1.000000
    110   1      2   3   2     4  0.116343  0.500293      63.432      171.1      162.1      3.141       8744.7451  1.465214      1.000000
    111   1     -3   3   2     4  0.117198  0.500955      63.821      228.3      217.3      2.760      11818.2920  1.457229      1.000000
    112   1      1   2   4     4  0.117771  0.501394      64.078      191.4      159.2      2.077       9990.3389  1.451993      1.000000
    113   1     -1   1   5     4  0.117830  0.501439      64.105        8.8        7.2      0.114        461.5266  1.451460      1.000000
    114   1      3   3   1     4  0.119062  0.502372      64.652        3.7        1.7      0.243        197.4902  1.440484      1.000000
    115   1     -3   2   4     4  0.119161  0.502446      64.696       45.5       24.6      2.007       2424.3745  1.439617      1.000000
    116   1      5   1   1     4  0.119391  0.502618      64.797       17.6        9.9      0.781        941.1259  1.437618      1.000000
    117   1     -5   1   3     4  0.119425  0.502644      64.812        8.5        4.7      0.385        453.7345  1.437319      1.000000
    118   1     -2   3   3     4  0.119485  0.502689      64.838        2.6        1.4      0.126        139.8457  1.436801      1.000000
    119   1     -2   1   5     4  0.119610  0.502782      64.893        1.8        0.9      0.110         94.8670  1.435723      1.000000
    120   1      0   1   5     4  0.121457  0.504146      65.693        3.0        0.0      2.138        165.5717  1.420165      1.000000

   No.  Code     H   K   L  Mult      Hw      ETA/M    2theta/TOF     Icalc       Iobs      Sigma     StrFactor^2    d-hkl       CORR

    121   1      1   3   3     4  0.122804  0.505121      66.265       13.6        3.4      2.736        760.2728  1.409282      1.000000
    122   1      3   2   3     4  0.123634  0.505715      66.613       22.5       12.8      2.165       1275.3978  1.402752      1.000000
    123   1     -5   2   1     4  0.123882  0.505891      66.717        4.0        2.0      0.537        227.0707  1.400828      1.000000
    124   1      4   2   2     4  0.125553  0.507067      67.406        3.7        3.8      1.430        213.2700  1.388165      1.000000
    125   1      3   0   4     2  0.127016  0.508079      68.000      116.7      144.9      2.575      13785.6924  1.377482      1.000000
    126   1     -3   1   5     4  0.127050  0.508102      68.014        1.0        1.2      0.020         58.7450  1.377239      1.000000
    127   1      5   2   0     4  0.127204  0.508208      68.076       59.0       68.4      1.035       3492.3652  1.376134      1.000000
    128   1     -5   2   2     4  0.127223  0.508220      68.083       15.8       18.2      0.278        936.2081  1.376003      1.000000
    129   1      0   4   0     2  0.127841  0.508642      68.331      334.3      329.0      2.888      39893.9727  1.371619      1.000000
    130   1     -4   3   1     4  0.129555  0.509799      69.010        0.0        0.0      0.001          1.0042  1.359775      1.000000
    131   1     -3   3   3     4  0.129635  0.509852      69.041        1.1        1.4      0.056         68.8594  1.359240      1.000000
    132   1      4   1   3     4  0.129653  0.509865      69.048        1.5        1.7      0.068         88.8158  1.359114      1.000000
    133   1      5   0   2     2  0.129976  0.510080      69.175      154.7      163.5      1.647      18918.0488  1.356937      1.000000
    134   1     -5   0   4     2  0.130032  0.510118      69.196      186.2      195.2      1.811      22789.0352  1.356560      1.000000
    135   1      1   4   0     4  0.130768  0.510606      69.483       77.2       86.4      1.168       4760.8467  1.351668      1.000000
    136   1      1   1   5     4  0.131000  0.510759      69.573        4.0        4.4      0.080        250.2162  1.350140      1.000000
    137   1      0   4   1     4  0.131274  0.510939      69.679       14.0       14.4      0.149        867.0828  1.348350      1.000000
    138   1      2   2   4     4  0.131512  0.511096      69.770      584.6      609.2      2.901      36359.2305  1.346802      1.000000
    139   1      4   3   0     4  0.131623  0.511169      69.813      187.1      195.6      0.952      11653.1963  1.346079      1.000000
    140   1     -6   0   2     2  0.132088  0.511473      69.992       62.4       66.8      0.448       7812.6543  1.343084      1.000000
    141   1     -1   4   1     4  0.132864  0.511977      70.287        8.3        8.8      0.160        521.3644  1.338152      1.000000
    142   1      3   3   2     4  0.133084  0.512120      70.371       55.0       59.6      0.548       3479.8044  1.336766      1.000000
    143   1      3   1   4     4  0.133203  0.512197      70.416      309.0      340.5      2.507      19570.7012  1.336017      1.000000
    144   1     -4   2   4     4  0.133842  0.512609      70.658      333.3      366.7      2.266      21252.1875  1.332042      1.000000
    145   1     -4   3   2     4  0.134454  0.513000      70.888       11.8       13.4      0.148        756.5911  1.328287      1.000000
    146   1      6   0   0     2  0.134889  0.513278      71.050      183.6      272.4      2.494      23667.4941  1.325643      1.000000
    147   1      2   3   3     4  0.135672  0.513774      71.342        1.8        2.3      0.051        114.6972  1.320944      1.000000
    148   1      1   4   1     4  0.135699  0.513791      71.352        9.1       11.6      0.271        589.7578  1.320785      1.000000
    149   1     -1   2   5     4  0.135911  0.513925      71.430        7.0        8.3      0.206        458.2441  1.319529      1.000000
    150   1      5   1   2     4  0.136297  0.514168      71.573      164.3      172.1      1.438      10737.5752  1.317248      1.000000
    151   1     -6   1   1     4  0.136317  0.514180      71.580        8.9        9.3      0.076        582.1307  1.317134      1.000000
    152   1     -5   1   4     4  0.136356  0.514205      71.594      218.9      227.0      1.819      14315.8154  1.316903      1.000000
    153   1     -1   3   4     4  0.137267  0.514775      71.929        7.0        6.9      0.362        461.9744  1.311604      1.000000
    154   1      5   2   1     4  0.137703  0.515046      72.088        0.3        0.2      0.024         16.9726  1.309103      1.000000
    155   1     -5   2   3     4  0.137742  0.515070      72.102        0.5        0.4      0.041         29.8342  1.308877      1.000000
    156   1     -2   2   5     4  0.137954  0.515201      72.179        1.7        1.2      0.127        111.8910  1.307671      1.000000
    157   1     -6   1   2     4  0.138503  0.515541      72.378      220.7      241.0      3.118      14733.5225  1.304563      1.000000
    158   1      2   4   0     4  0.139926  0.516413      72.889       48.4       49.0      0.570       3273.6147  1.296665      1.000000
    159   1      0   3   4     4  0.139984  0.516448      72.910      223.7      227.4      2.414      15143.5234  1.296351      1.000000
    160   1      0   2   5     4  0.140069  0.516500      72.941        3.8        3.9      0.043        260.7707  1.295883      1.000000
    161   1     -2   4   1     4  0.140669  0.516863      73.154       11.4       10.8      0.102        773.6461  1.292628      1.000000
    162   1     -2   3   4     4  0.140802  0.516944      73.201      204.3      193.0      1.878      13931.6904  1.291913      1.000000
    163   1      4   3   1     4  0.140966  0.517043      73.259        3.3        3.1      0.039        223.1467  1.291029      1.000000
    164   1     -4   1   5     4  0.141152  0.517156      73.325       19.7       19.0      0.273       1345.2115  1.290030      1.000000
    165   1      6   1   0     4  0.141427  0.517321      73.422       43.1       42.9      0.553       2957.4175  1.288563      1.000000
    166   1      0   4   2     4  0.142089  0.517718      73.655      325.2      294.8      2.158      22428.7246  1.285062      1.000000
    167   1     -1   4   2     4  0.142296  0.517842      73.728      363.8      322.1      2.368      25131.7773  1.283977      1.000000
    168   1     -3   2   5     4  0.146452  0.520283      75.160        3.1        0.0      0.830        224.6479  1.263023      1.000000
    169   1      2   4   1     4  0.146697  0.520425      75.243        9.3        4.9      1.484        666.9768  1.261835      1.000000
    170   1     -4   3   3     4  0.147048  0.520627      75.362        2.8        2.5      0.469        202.0432  1.260146      1.000000
    171   1      2   1   5     4  0.147721  0.521013      75.588        4.1        3.7      0.551        298.1116  1.256932      1.000000
    172   1     -6   1   3     4  0.148306  0.521347      75.784       11.3        9.3      0.635        822.5187  1.254167      1.000000
    173   1      1   4   2     4  0.148387  0.521393      75.811        0.9        0.8      0.040         64.2985  1.253785      1.000000
    174   1     -1   0   6     2  0.148693  0.521567      75.914       81.3       77.8      1.772      11832.0762  1.252352      1.000000
    175   1     -2   4   2     4  0.149033  0.521760      76.027        2.9        3.0      0.038        209.1120  1.250769      1.000000
    176   1      1   3   4     4  0.149288  0.521905      76.112      272.7      280.5      2.236      19938.4062  1.249586      1.000000
    177   1     -2   0   6     2  0.149340  0.521934      76.129      116.1      119.4      0.940      16979.1875  1.249347      1.000000
    178   1      4   2   3     4  0.149415  0.521977      76.154        0.2        0.2      0.002         17.4679  1.248999      1.000000
    179   1      1   2   5     4  0.150947  0.522837      76.659        5.4        5.4      0.051        403.3015  1.242024      1.000000
    180   1     -3   3   4     4  0.151026  0.522881      76.685      404.6      399.0      3.383      29955.1777  1.241671      1.000000

   No.  Code     H   K   L  Mult      Hw      ETA/M    2theta/TOF     Icalc       Iobs      Sigma     StrFactor^2    d-hkl       CORR

    181   1      3   2   4     4  0.153451  0.524224      77.472       92.0      131.0      2.698       6929.1221  1.231003      1.000000
    182   1      6   1   1     4  0.154582  0.524842      77.835        0.0        0.0      0.001          2.0542  1.226169      1.000000
    183   1      0   0   6     2  0.154805  0.524963      77.906        2.3        2.3      0.085        346.3019  1.225229      1.000000
    184   1      4   0   4     2  0.155044  0.525093      77.982       85.0       81.1      2.022      12939.5254  1.224223      1.000000
    185   1     -3   4   1     4  0.155677  0.525436      78.183       17.6       16.9      0.230       1346.1826  1.221578      1.000000
    186   1     -1   1   6     4  0.155828  0.525518      78.231      182.5      174.1      1.930      13963.9658  1.220948      1.000000
    187   1      3   4   0     4  0.156483  0.525870      78.438      189.1      189.7      1.463      14533.6523  1.218246      1.000000
    188   1     -2   1   6     4  0.156503  0.525881      78.444       29.9       30.0      0.227       2301.0547  1.218163      1.000000
    189   1      3   3   3     4  0.156595  0.525931      78.473        0.4        0.4      0.003         28.5928  1.217785      1.000000
    190   1     -3   0   6     2  0.156826  0.526054      78.546       23.1       23.1      0.159       3562.1462  1.216842      1.000000
    191   1     -5   3   1     4  0.156903  0.526096      78.570       18.4       18.4      0.125       1416.1759  1.216525      1.000000
    192   1      5   2   2     4  0.156965  0.526129      78.590       76.9       77.1      0.527       5926.0967  1.216274      1.000000
    193   1     -6   2   1     4  0.156987  0.526140      78.597        3.8        3.8      0.026        295.0384  1.216185      1.000000
    194   1     -5   2   4     4  0.157032  0.526164      78.611      181.8      183.5      1.277      14016.5986  1.216003      1.000000
    195   1      4   3   2     4  0.158977  0.527199      79.217      312.0      274.5      2.856      24353.4863  1.208204      1.000000
    196   1     -6   2   2     4  0.159470  0.527458      79.370       89.7       72.5      0.864       7021.2285  1.206267      1.000000
    197   1     -6   0   4     2  0.159574  0.527513      79.402        6.5        5.3      0.063       1015.4473  1.205860      1.000000
    198   1     -1   4   3     4  0.160471  0.527984      79.678        7.2        6.9      0.121        566.2985  1.202375      1.000000
    199   1      5   3   0     4  0.161025  0.528273      79.848      219.3      201.1      1.445      17330.3008  1.200246      1.000000
    200   1     -5   3   2     4  0.161048  0.528285      79.855      267.4      245.0      1.739      21131.2461  1.200159      1.000000
    201   1      0   4   3     4  0.161911  0.528733      80.118        2.5        2.4      0.014        197.2904  1.196878      1.000000
    202   1      2   4   2     4  0.161974  0.528766      80.137      189.5      187.9      0.992      15051.1396  1.196644      1.000000
    203   1      0   1   6     4  0.162205  0.528885      80.207      230.6      232.7      1.142      18346.5352  1.195774      1.000000
    204   1      4   1   4     4  0.162454  0.529014      80.282      213.0      221.0      1.086      16964.8672  1.194839      1.000000
    205   1     -4   2   5     4  0.162478  0.529026      80.289        1.9        2.0      0.010        153.6232  1.194750      1.000000
    206   1      6   2   0     4  0.162790  0.529187      80.384      238.7      237.3      1.162      19051.1992  1.193585      1.000000
    207   1     -3   4   2     4  0.163141  0.529367      80.490      176.1      169.5      0.977      14080.3467  1.192282      1.000000
    208   1      5   1   3     4  0.163675  0.529642      80.651        0.6        0.6      0.005         47.8899  1.190309      1.000000
    209   1     -5   1   5     4  0.163768  0.529689      80.678        2.5        2.4      0.024        203.3525  1.189969      1.000000
    210   1     -3   1   6     4  0.164314  0.529968      80.842      216.0      203.3      2.232      17383.1602  1.187974      1.000000
    211   1      3   4   1     4  0.165677  0.530660      81.248        0.1        0.1      0.006          6.9581  1.183058      1.000000
    212   1     -2   4   3     4  0.166252  0.530950      81.418        4.0        4.7      0.310        322.5968  1.181015      1.000000
    213   1      2   3   4     4  0.166360  0.531004      81.450        1.9        2.4      0.142        157.4066  1.180636      1.000000
    214   1     -6   1   4     4  0.167182  0.531417      81.692      208.9      259.6      3.218      17064.7324  1.177749      1.000000
    215   1      1   0   6     2  0.168441  0.532044      82.060       99.3      110.6      1.855      16321.3916  1.173392      1.000000
    216   1     -4   3   4     4  0.169244  0.532442      82.294       13.7       13.9      0.312       1129.1213  1.170655      1.000000
    217   1      6   0   2     2  0.169733  0.532683      82.435      148.1      169.0      2.394      24493.2598  1.169004      1.000000
    218   1      2   2   5     4  0.169938  0.532784      82.494        0.2        0.2      0.004         16.3337  1.168314      1.000000
    219   1     -6   2   3     4  0.170603  0.533111      82.686        0.1        0.1      0.001          4.3192  1.166093      1.000000
    220   1      1   4   3     4  0.170755  0.533185      82.730        9.4       10.3      0.320        782.7216  1.165589      1.000000
    221   1     -1   3   5     4  0.171804  0.533697      83.030       25.9       21.9      0.841       2164.0046  1.162134      1.000000
    222   1     -4   0   6     2  0.172096  0.533839      83.113       75.1       60.4      1.730      12558.8818  1.161180      1.000000
    223   1     -7   0   2     2  0.172919  0.534238      83.347      152.4      149.6      2.323      25584.1289  1.158516      1.000000
    224   1      3   1   5     4  0.173860  0.534691      83.613        0.1        0.1      0.005         11.6639  1.155508      1.000000
    225   1      5   3   1     4  0.174022  0.534769      83.659        2.2        2.1      0.111        181.8371  1.154992      1.000000
    226   1     -5   3   3     4  0.174071  0.534792      83.672        0.1        0.1      0.003          4.9864  1.154837      1.000000
    227   1     -2   3   5     4  0.174333  0.534918      83.746        0.0        0.0      0.005          3.4322  1.154009      1.000000
    228   1      1   1   6     4  0.176443  0.535922      84.335       41.8       52.5      2.608       3556.3379  1.147443      1.000000
    229   1      0   3   5     4  0.176954  0.536163      84.477        0.0        0.1      0.004          4.0632  1.145883      1.000000
    230   1      6   2   1     4  0.177745  0.536535      84.695        0.6        0.6      0.038         49.7223  1.143487      1.000000
    231   1      6   1   2     4  0.177794  0.536558      84.708       15.4       16.5      1.038       1318.0311  1.143339      1.000000
    232   1     -1   2   6     4  0.179164  0.537198      85.084      127.3      139.6      2.303      10956.1318  1.139249      1.000000
    233   1     -4   4   1     4  0.179890  0.537536      85.282        6.5        6.9      0.059        557.2752  1.137110      1.000000
    234   1     -2   2   6     4  0.179933  0.537555      85.293      197.1      211.1      1.725      17018.5762  1.136985      1.000000
    235   1     -3   4   3     4  0.179997  0.537585      85.311       10.3       11.0      0.086        889.3546  1.136797      1.000000
    236   1     -7   1   1     4  0.180175  0.537668      85.359        0.0        0.1      0.000          4.1201  1.136277      1.000000
    237   1      7   0   0     2  0.180179  0.537669      85.360       32.3       34.9      0.268       5588.8613  1.136266      1.000000
    238   1     -4   1   6     4  0.180265  0.537709      85.384      133.4      144.6      1.161      11529.0400  1.136016      1.000000
    239   1     -7   1   2     4  0.181126  0.538106      85.616        4.3        4.7      0.067        373.2175  1.133521      1.000000
    240   1      4   4   0     4  0.182688  0.538821      86.036      166.8      145.9      2.815      14538.9229  1.129064      1.000000

   No.  Code     H   K   L  Mult      Hw      ETA/M    2theta/TOF     Icalc       Iobs      Sigma     StrFactor^2    d-hkl       CORR

    241   1      3   4   2     4  0.184664  0.539718      86.562      172.3      156.9      2.526      15116.9922  1.123551      1.000000
    242   1     -3   3   5     4  0.184874  0.539812      86.617       17.1       15.4      0.274       1502.4781  1.122975      1.000000
    243   1      0   2   6     4  0.186440  0.540514      87.029        0.1        0.1      0.002         11.0977  1.118716      1.000000
    244   1     -4   4   2     4  0.186519  0.540549      87.050      200.1      185.1      2.347      17660.9629  1.118503      1.000000
    245   1      4   2   4     4  0.186725  0.540641      87.104       42.1       39.6      0.546       3720.8291  1.117951      1.000000
    246   1      5   2   3     4  0.188121  0.541261      87.467        2.0        2.1      0.040        181.3480  1.114237      1.000000
    247   1      2   4   3     4  0.188170  0.541283      87.480       12.0       12.1      0.233       1060.9510  1.114108      1.000000
    248   1     -5   2   5     4  0.188227  0.541308      87.495        4.3        4.3      0.081        378.0260  1.113958      1.000000
    249   1      4   3   3     4  0.188560  0.541455      87.581       14.3       15.4      0.218       1268.8763  1.113084      1.000000
    250   1      7   1   0     4  0.188724  0.541527      87.623      119.3      129.6      1.695      10603.6221  1.112654      1.000000
    251   1     -3   2   6     4  0.188851  0.541583      87.656       48.6       51.8      0.700       4316.2617  1.112321      1.000000
    252   1     -1   4   4     4  0.190332  0.542233      88.037      272.3      267.9      2.669      24307.3809  1.108487      1.000000
    253   1      1   3   5     4  0.190468  0.542292      88.072        4.5        4.4      0.047        398.9477  1.108139      1.000000
    254   1      2   0   6     2  0.191458  0.542723      88.325       58.2       57.5      0.805      10423.4395  1.105620      1.000000
    255   1     -7   1   3     4  0.191726  0.542839      88.393        0.6        0.6      0.011         56.7207  1.104943      1.000000
    256   1     -6   2   4     4  0.192135  0.543016      88.497       18.6       16.8      0.513       1664.0795  1.103914      1.000000
    257   1      3   3   4     4  0.193592  0.543644      88.865      153.2      161.5      2.541      13792.9053  1.100290      1.000000
    258   1      0   4   4     4  0.194022  0.543828      88.973       18.0       18.7      0.364       1617.9760  1.099234      1.000000
    259   1     -2   4   4     4  0.195134  0.544302      89.252       75.3       79.8      1.566       6804.1211  1.096524      1.000000
    260   1      4   4   1     4  0.195358  0.544398      89.308        0.0        0.0      0.001          2.4768  1.095983      1.000000
    261   1      5   0   4     2  0.197152  0.545156      89.753      122.5      128.3      1.465      22235.4492  1.091699      1.000000
    262   1     -5   0   6     2  0.197291  0.545215      89.787      122.5      128.0      1.330      22249.3066  1.091372      1.000000
    263   1      5   3   2     4  0.197988  0.545507      89.959       69.5       75.6      0.710       6324.4741  1.089735      1.000000
    264   1     -6   3   1     4  0.198015  0.545519      89.965       11.1       12.1      0.113       1010.1920  1.089670      1.000000
    265   1     -5   3   4     4  0.198071  0.545542      89.979       71.3       77.5      0.724       6491.3735  1.089539      1.000000
    266   1     -6   1   5     4  0.198273  0.545626      90.028        1.9        2.0      0.019        170.9772  1.089070      1.000000
    267   1      1   5   0     4  0.199165  0.545999      90.247      116.5      129.0      1.480      10620.6855  1.087000      1.000000
    268   1      3   2   5     4  0.199801  0.546263      90.402        1.7        1.7      0.035        155.6424  1.085537      1.000000
    269   1      0   5   1     4  0.199917  0.546311      90.430        2.7        2.8      0.057        247.0536  1.085272      1.000000
    270   1      2   1   6     4  0.200549  0.546573      90.584       36.1       39.7      0.633       3303.9985  1.083832      1.000000
    271   1     -6   3   2     4  0.201129  0.546812      90.724      112.9      121.7      1.864      10335.5566  1.082520      1.000000
    272   1     -1   5   1     4  0.202284  0.547287      91.003        3.1        3.0      0.044        280.4506  1.079933      1.000000
    273   1      1   2   6     4  0.202776  0.547488      91.121      251.1      242.2      2.536      23060.0645  1.078842      1.000000
    274   1     -4   4   3     4  0.203658  0.547848      91.332        0.4        0.4      0.004         37.2183  1.076899      1.000000
    275   1     -7   0   4     2  0.204044  0.548004      91.423       69.9       64.8      0.552      12875.9717  1.076057      1.000000
    276   1      6   2   2     4  0.204332  0.548121      91.492      275.4      253.9      2.103      25359.6797  1.075429      1.000000
    277   1     -4   3   5     4  0.204912  0.548356      91.630        3.2        2.8      0.035        291.7969  1.074173      1.000000
    278   1      6   3   0     4  0.205305  0.548514      91.723       26.6       25.1      0.322       2456.3105  1.073326      1.000000
    279   1      1   5   1     4  0.206515  0.549001      92.008        1.5        1.6      0.029        140.7797  1.070742      1.000000
    280   1      5   1   4     4  0.206531  0.549007      92.012        6.4        6.8      0.122        595.6264  1.070708      1.000000
    281   1     -5   1   6     4  0.206677  0.549065      92.046        0.1        0.1      0.001          6.9566  1.070400      1.000000
    282   1      1   4   4     4  0.206730  0.549087      92.059       45.0       47.8      0.790       4158.2842  1.070286      1.000000
    283   1     -7   2   1     4  0.207081  0.549227      92.141        2.3        2.4      0.035        214.4562  1.069546      1.000000
    284   1     -4   2   6     4  0.207184  0.549268      92.165       87.6       88.4      1.300       8104.4756  1.069328      1.000000
    285   1     -7   2   2     4  0.208179  0.549665      92.398      283.7      265.9      2.599      26286.1152  1.067246      1.000000
    286   1      7   1   1     4  0.208193  0.549670      92.401        0.0        0.0      0.000          1.4106  1.067218      1.000000
    287   1     -3   4   4     4  0.209119  0.550037      92.616       15.5       13.8      0.230       1442.3535  1.065300      1.000000
    288   1      2   5   0     4  0.212850  0.551498      93.473      144.6      158.6      3.035      13485.0117  1.057770      1.000000
    289   1      4   1   5     4  0.213691  0.551824      93.664        0.0        0.0      0.000          1.1569  1.056114      1.000000
    290   1     -7   1   4     4  0.213781  0.551858      93.685       43.5       49.6      0.864       4060.5635  1.055939      1.000000
    291   1     -2   5   1     4  0.213967  0.551930      93.727       13.1       15.1      0.258       1220.8965  1.055575      1.000000
    292   1      2   3   5     4  0.214345  0.552076      93.812        0.1        0.1      0.001          5.5883  1.054838      1.000000
    293   1     -2   1   7     4  0.214626  0.552184      93.876        9.6       10.7      0.253        896.6929  1.054293      1.000000
    294   1     -6   3   3     4  0.215190  0.552401      94.003        3.6        4.0      0.108        337.2008  1.053202      1.000000
    295   1      6   1   3     4  0.215289  0.552438      94.025        1.6        1.7      0.046        145.3133  1.053012      1.000000
    296   1     -1   1   7     4  0.215936  0.552686      94.170        0.1        0.1      0.001          4.7998  1.051771      1.000000
    297   1      0   5   2     4  0.216107  0.552751      94.208       84.8       91.4      1.511       7938.3872  1.051443      1.000000
    298   1     -1   5   2     4  0.216419  0.552870      94.278       47.0       49.9      0.712       4400.3481  1.050848      1.000000
    299   1      3   4   3     4  0.216813  0.553020      94.366        1.5        1.6      0.021        137.3442  1.050100      1.000000
    300   1      7   2   0     4  0.216985  0.553086      94.405      121.4      131.7      1.805      11371.4512  1.049775      1.000000

   No.  Code     H   K   L  Mult      Hw      ETA/M    2theta/TOF     Icalc       Iobs      Sigma     StrFactor^2    d-hkl       CORR

    301   1     -5   4   1     4  0.217241  0.553183      94.462        0.9        0.9      0.014         80.2474  1.049292      1.000000
    302   1      4   4   2     4  0.220124  0.554269      95.099        3.5        5.7      0.573        324.1364  1.043939      1.000000
    303   1     -7   2   3     4  0.220478  0.554401      95.176        1.6        2.4      0.284        146.1934  1.043292      1.000000
    304   1      5   4   0     4  0.222979  0.555330      95.721       20.3       20.2      1.069       1910.0555  1.038792      1.000000
    305   1     -5   4   2     4  0.223011  0.555342      95.728       14.5       14.3      0.749       1361.8579  1.038736      1.000000
    306   1     -3   1   7     4  0.223057  0.555358      95.738        2.2        2.1      0.109        202.5617  1.038655      1.000000
    307   1      2   5   1     4  0.223085  0.555369      95.744       10.4       10.1      0.524        980.1116  1.038606      1.000000
    308   1      6   3   1     4  0.224304  0.555817      96.007        2.4        2.0      0.110        228.9401  1.036457      1.000000
    309   1      1   5   2     4  0.225658  0.556312      96.297      208.9      180.4      2.387      19701.8672  1.034103      1.000000
    310   1     -1   3   6     4  0.226125  0.556481      96.397       98.4       86.9      0.881       9281.8291  1.033299      1.000000
    311   1     -2   5   2     4  0.226644  0.556670      96.507      157.4      143.3      1.399      14844.8584  1.032409      1.000000
    312   1     -2   3   6     4  0.227113  0.556840      96.607       24.4       22.4      0.244       2301.2163  1.031608      1.000000
    313   1      0   1   7     4  0.227195  0.556869      96.624        1.1        1.0      0.012        107.1657  1.031470      1.000000
    314   1      3   0   6     2  0.227691  0.557048      96.729        0.4        0.4      0.006         84.7542  1.030628      1.000000
    315   1     -6   2   5     4  0.228123  0.557204      96.821        2.1        2.0      0.038        199.6308  1.029899      1.000000
    316   1      2   4   4     4  0.230465  0.558042      97.312      126.4      134.9      1.877      11947.4443  1.026001      1.000000
    317   1      2   2   6     4  0.230791  0.558158      97.380      115.9      126.4      1.584      10951.2646  1.025466      1.000000
    318   1      7   0   2     2  0.231147  0.558284      97.454        4.9        5.3      0.077        928.3720  1.024884      1.000000
    319   1     -4   4   4     4  0.234543  0.559479      98.155      141.0      137.7      2.147      13342.2051  1.019430      1.000000
    320   1      0   3   6     4  0.235513  0.559817      98.354      137.5      143.0      1.293      13027.7568  1.017905      1.000000
    321   1      4   3   4     4  0.235883  0.559945      98.429      131.9      140.4      1.177      12509.6260  1.017328      1.000000
    322   1     -8   0   2     2  0.236276  0.560081      98.509       10.6       11.1      0.099       2006.2091  1.016716      1.000000
    323   1     -6   0   6     2  0.236854  0.560281      98.626       19.5       19.6      0.185       3702.5137  1.015822      1.000000
    324   1     -3   5   1     4  0.236863  0.560284      98.628        1.0        1.0      0.009         90.3307  1.015809      1.000000
    325   1      5   3   3     4  0.237696  0.560571      98.796        2.8        2.9      0.019        266.4191  1.014527      1.000000
    326   1      5   2   4     4  0.237826  0.560616      98.822      135.3      138.8      0.850      12894.3340  1.014329      1.000000
    327   1     -5   3   5     4  0.237834  0.560619      98.824        0.2        0.2      0.001         15.2658  1.014317      1.000000
    328   1     -5   2   6     4  0.237998  0.560675      98.857      161.0      164.5      0.947      15343.7295  1.014066      1.000000
    329   1      3   5   0     4  0.238113  0.560714      98.880        4.2        4.2      0.024        396.9958  1.013890      1.000000
    330   1     -1   4   5     4  0.238180  0.560737      98.894        4.7        4.7      0.026        443.5978  1.013788      1.000000
    331   1     -3   3   6     4  0.238646  0.560897      98.987      197.8      203.4      1.119      18904.2402  1.013080      1.000000
    332   1      3   1   6     4  0.238757  0.560935      99.010      210.2      216.4      1.221      20095.6152  1.012911      1.000000
    333   1      7   2   1     4  0.239786  0.561287      99.216        0.1        0.1      0.001          7.6485  1.011360      1.000000
    334   1      5   4   1     4  0.241346  0.561816      99.526        0.0        0.0      0.001          3.2564  1.009037      1.000000
    335   1     -5   4   3     4  0.241416  0.561839      99.540        3.1        2.9      0.056        303.5695  1.008934      1.000000
    336   1     -2   4   5     4  0.241791  0.561966      99.615        1.9        1.7      0.031        184.0285  1.008381      1.000000
    337   1      7   1   2     4  0.242421  0.562178      99.739      138.9      127.4      1.568      14137.6807  1.007457      1.000000
    338   1     -4   1   7     4  0.242633  0.562250      99.781        0.9        0.8      0.009         90.5109  1.007146      1.000000
    339   1     -6   3   4     4  0.242928  0.562349      99.839      142.3      121.4      1.444      15538.2246  1.006717      1.000000

     -----------------------------------------------------
     BRAGG R-Factors and weight fractions for Pattern #  1
     -----------------------------------------------------

 => Phase:  1      #(C) 2021 by FIZ Karlsruhe - Leibniz Institute for Information Infrastructure.  All rights reserved.
 => Bragg R-factor:   6.34       Vol:  328.567( 0.006)  Fract(%):  100.00( 0.25)
 => Rf-factor=  4.86             ATZ:        1095.733   Brindley:  1.0000

     -----------------------------------------------------------------
      SYMBOLIC NAMES AND FINAL VALUES AND SIGMA OF REFINED PARAMETERS:
     -----------------------------------------------------------------

      ->  Parameter number    1 :                                          Zero_pat1    0.13718448E-03( +/-    0.49649068E-03 )
      ->  Parameter number    2 :                                     Scale_ph1_pat1    0.19856798E-02( +/-    0.34399081E-05 )
      ->  Parameter number    3 :                                    Cell_A_ph1_pat1     8.1463423    ( +/-    0.83178762E-04 )
      ->  Parameter number    4 :                                    Cell_B_ph1_pat1     5.4864740    ( +/-    0.60900922E-04 )
      ->  Parameter number    5 :                                    Cell_C_ph1_pat1     7.5292754    ( +/-    0.77292796E-04 )
      ->  Parameter number    6 :                                    Cell_E_ph1_pat1     102.47989    ( +/-    0.64820563E-03 )
      ->  Parameter number    7 :                                    U-Cagl_ph1_pat1    0.65721661E-01( +/-    0.16189995E-02 )
      ->  Parameter number    8 :                                    W-Cagl_ph1_pat1    0.12524948E-01( +/-    0.19848961E-03 )
      ->  Parameter number    9 :                                    V-Cagl_ph1_pat1   -0.38982302E-01( +/-    0.11425563E-02 )
      ->  Parameter number   10 :                                     EtaPV_ph1_pat1    0.39217103    ( +/-    0.11188295E-01 )
      ->  Parameter number   11 :                                     X-tan_ph1_pat1    0.17045205E-02( +/-    0.32525606E-03 )
      ->  Parameter number   12 :                                     Asym1_ph1_pat1    0.52388102E-01( +/-    0.25315327E-02 )
      ->  Parameter number   13 :                                     Asym2_ph1_pat1    0.63191489E-02( +/-    0.67827222E-03 )
      ->  Parameter number   14 :                                          X_Na1_ph1    0.38014844    ( +/-    0.58943289E-03 )
      ->  Parameter number   15 :                                          Y_Na1_ph1    0.78710687    ( +/-    0.13936330E-02 )
      ->  Parameter number   16 :                                          Z_Na1_ph1    0.10354424    ( +/-    0.72780461E-03 )
      ->  Parameter number   17 :                                          X_Ta1_ph1    0.15926696    ( +/-    0.96871452E-04 )
      ->  Parameter number   18 :                                          Y_Ta1_ph1    0.25616908    ( +/-    0.42862468E-03 )
      ->  Parameter number   19 :                                          Z_Ta1_ph1    0.29570735    ( +/-    0.11906295E-03 )
      ->  Parameter number   20 :                                           X_O1_ph1    0.21640910    ( +/-    0.10094657E-02 )
      ->  Parameter number   21 :                                           Y_O1_ph1    0.15572873    ( +/-    0.12772634E-02 )
      ->  Parameter number   22 :                                           Z_O1_ph1    0.46845917E-01( +/-    0.14269756E-02 )
      ->  Parameter number   23 :                                           X_O2_ph1    0.50077185E-01( +/-    0.12835816E-02 )
      ->  Parameter number   24 :                                           Y_O2_ph1    0.54043293    ( +/-    0.18578286E-02 )
      ->  Parameter number   25 :                                           Z_O2_ph1    0.21186779    ( +/-    0.15862359E-02 )
      ->  Parameter number   26 :                                           X_F1_ph1    0.38666478    ( +/-    0.11981846E-02 )
      ->  Parameter number   27 :                                           Y_F1_ph1    0.46907482    ( +/-    0.16726749E-02 )
      ->  Parameter number   28 :                                           Z_F1_ph1    0.31362703    ( +/-    0.15647701E-02 )
      ->  Parameter number   29 :                                           X_F2_ph1    0.34094819    ( +/-    0.10619850E-02 )
      ->  Parameter number   30 :                                           Y_F2_ph1    0.98627460    ( +/-    0.15531849E-02 )
      ->  Parameter number   31 :                                           Z_F2_ph1    0.36936107    ( +/-    0.13898057E-02 )

 ------------------------------------------------------------------
 => Number of bytes for floating point variables: 4
 => Dimensions of dynamic allocated arrays in this run of FullProf:
 ------------------------------------------------------------------

 => Total approximate array memory (dynamic + static): 128536585 bytes

    MaxPOINT=    60000 Max.num. of points(+int. Inten.)/diffraction pattern       
    MaxREFLT=    20000 Max.num. of reflections/diffraction pattern               
    MaxPARAM=      300 Max.num. of refinable parameters                          
    MaxOVERL=    18096 Max.num. of overlapping reflections                       

 ----------------------------------------------------------
 => Number of bytes for floating point arrays: 4
 => Dimensions of fixed arrays in this release of FullProf:
 ----------------------------------------------------------

    NPATT   =       80 Max.num. of powder diffraction patterns                    
    NATS    =      830 Max.num. of atoms (all kind) in asymmetric unit            
    MPAR    =     1800 Max.num. of non atomic parameters/phase                    
    IEXCL   =       30 Max.num. of excluded regions                               
    IBACP   =      377 Max.num. of background points for interpolation            
    NPHT    =       16 Max.num. of phases                                         
    NMAGM   =        8 Max.num. of rotation-matrices sets for magnetic structure  
    NBASIS  =       12 Max.num. of basis functions associated to a single atom    
    NIREPS  =        9 Max.num. of irreducible representations to be combined     
    N_EQ    =      384 Max.num. of user-supplied symmetry operators/propagation vectors
    NGL     =      400 Max.num. of global parameters/diffraction pattern          
    N_LINC  =       50 Max.num. of global linear restraints                        
    NAT_P   =       80 Max.num. of atomic parameters per atom                     
    NCONST  =      500 Max.num. of slack constraints per phase                    
    N_SPE   =       30 Max.num. of different chemical species                     
    N_FORM  =       60 Max.num. of scattering factor values in a table            
    NPR     =      150 Max.num. of points defining a numerical profile            
    INPR    =       25 Max.num. of different numerical peak shapes                
    NPRC    =      150 Max.num. of terms in the table for correcting intensities  
    NSOL    =       10 Max.num. of solutions to be stored in Montecarlo searchs   

 
              CPU Time:     1.047 seconds
                            0.017 minutes

 => Run finished at:     Date: 08/02/2023  Time: 11:12:45.045                              
