

        **********************************************************
        ** PROGRAM FullProf.2k (Version 7.30 - Mar2020-ILL JRC) **
        **********************************************************
                       M U L T I -- P A T T E R N                 
            Rietveld, Profile Matching & Integrated Intensity     
                 Refinement of X-ray and/or Neutron Data


    Date: 07/02/2023  Time: 11:13:20.071                              

 => PCR file code: NaTaO2F2
 => DAT file code: NaTaO2F2.dat         -> Relative contribution: 1.0000                                                            

 ==> CONDITIONS OF THIS RUN FOR PATTERN No.:  1

 => Global Refinement of X-ray powder diffraction data                                                                              
 => Global Refinement of X-ray powder diffraction data                                                                              
    Bragg-Brentano(X-rays) or Debye-Scherrer geometry(Neutrons)
 => Title:  #(C) 2021 by FIZ Karlsruhe - Leibniz Institute for Information Infrastructure.  All rights reserved.

 => Number of phases:    1
 => Number of excluded regions:    0
 => Number of scattering factors supplied:    0
 => Conventional weights: w=1.0/Variance(yobs)
 => Asymmetry correction as in J.Appl.Cryst. 26,128(1993)
 => Background linearly interpolated between the   23 points given
 => The    5th default profile function was selected
 => Pseudo-Voigt function (ETA variable)
                 X-parameter correspond to: ETA=ETA0+X*2theta
                       pV(x)= ETA*L(x)+(1-ETA)*G(x)

 ==> INPUT/OUTPUT OPTIONS:

 => Generate file *.PRF for plot
 => Output Integrated Intensities
 => Generate new input file *.PCR

 => X-Y type of data: 2theta/TOF/E(Kev) Intens sigma for pattern:  1
 => Plot pattern at each cycle
 => Wavelengths:  1.54056 1.54439
 => Alpha2/Alpha1 ratio:   0.5000
 => Cos(Monochromator angle)=   0.9100
 => Asymmetry correction for angles lower than   90.000 degrees
 => Absorption correction (AC), muR-eff =   0.0000  0.0000
 => Base of peaks: 2.0*HW*    8.00

 => Number of cycles:   33
 => Relaxation factors ==>    for coordinates:  1.00
 => for anisotropic temperature factors:  1.00
 => for halfwidth/strain/size parameters:  1.00
 => for lattice constants and propagation vectors:  1.00
 => EPS-value for convergence:    0.1
 => Background ==> 
    Position   Intensity
       10.25     6694.41        0.00
       12.67     5927.52        0.00
       13.74     5513.03        0.00
       15.64     5146.50        0.00
       18.43     4434.85        0.00
       21.43     3989.78        0.00
       25.73     3611.29        0.00
       30.60     3234.45        0.00
       35.69     2964.98        0.00
       38.55     2739.66        0.00
       42.70     2635.02        0.00
       45.28     2676.69        0.00
       54.18     2740.22        0.00
       62.71     2518.20        0.00
       66.18     2360.86        0.00
       75.28     2416.37        0.00
       78.22     2329.33        0.00
       81.88     2374.41        0.00
       86.40     2279.67        0.00
       89.63     2352.47        0.00

       93.96     2278.21        0.00
       96.02     2273.75        0.00
       98.46     2313.73        0.00

 
 => Number of Least-Squares parameters varied:    31

 =>--------------------------->
 =>------->  PATTERN number:  1
 =>--------------------------->
 => Global parameters and codes ==>
 => Zero-point:    -0.0392   11.0000
 => Displacement peak-shift parameter and code:     0.00    0.00
 => Transparency peak-shift parameter and code:     0.00    0.00

 => Reading Intensity data  =>>

 -> No recognizable heading in input data file X,Y,sigma
    First 6 lines are considered as COMMENTS (except for TSAMP keyword)
 -> COMMENT: 10.0116	7149.0000                                                                                                                   
 -> COMMENT: 10.0247	7167.0000                                                                                                                   
 -> COMMENT: 10.0379	7013.0000                                                                                                                   
 -> COMMENT: 10.0510	6916.0000                                                                                                                   
 -> COMMENT: 10.0641	7047.0000                                                                                                                   
 -> COMMENT: 10.0772	7064.0000                                                                                                                   
 ==> Angular range, step and number of points:
     2Thmin:      10.090400  2Thmax:      99.993401  Step:       0.013132  No. of points:   6848
 --------------------------------------------------------------------------------
 => Phase  No. 1
       #(C) 2021 by FIZ Karlsruhe - Leibniz Institute for Information Infras
 --------------------------------------------------------------------------------
 =>-------> Pattern#  1
 => Crystal Structure Refinement
 => Preferred orientation vector:   0.0000  0.0000  1.0000

 =>-------> Data for PHASE: 1
 => Number of atoms:    6
 => Number of distance  constraints:    0
 => Number of angle     constraints:    0

 => Symmetry information on space group: P 1 21/c 1          
 -> The multiplicity of the general position is:   4
 -> The space group is Centric (-1 at origin)   
 -> Lattice type  P: { 000 }                                       
 -> Reduced set of symmetry operators:

  No.  IT   Symmetry symbol    Rotation part     Associated Translation
   1: ( 1)   1            -->     ( x, y, z) + {  0.0000  0.0000  0.0000}
   2: ( 3)   2 ( 0, y, 0) -->     (-x, y,-z) + {  0.0000  0.5000  0.5000}


        Information on Space Group: 
        --------------------------- 

 =>   Number of Space group:  14
 =>  Hermann-Mauguin Symbol: P 1 21/c 1
 =>             Hall Symbol: -P 2ybc
 =>    Table Setting Choice: b1
 =>            Setting Type: IT (Generated from Hermann-Mauguin symbol)
 =>          Crystal System: Monoclinic
 =>              Laue Class: 2/m
 =>             Point Group: 2/m
 =>         Bravais Lattice: P
 =>          Lattice Symbol: mP
 =>  Reduced Number of S.O.:   2
 =>    General multiplicity:   4
 =>          Centrosymmetry: Centric (-1 at origin)
 =>  Generators (exc. -1&L):   1
 =>         Asymmetric unit:  0.000 <= x <=  1.000
                              0.000 <= y <=  0.250
                              0.000 <= z <=  1.000

 => List of S.O. without inversion and lattice centring translations
 => SYMM(  1): x,y,z                               => SYMM(  2): -x,y+1/2,-z+1/2


 => Initial parameters ==>
 Atom    Ntyp                  X         Y         Z         B         occ.         in  fin  Spc  Mult
                             B11       B22       B33       B12       B13       B23
 Na1    Na                 0.38015   0.78506   0.10485   1.11627   1.00000           0    0    0    4
                 Codes:  141.00000 151.00000 161.00000   0.00000   0.00000
 Ta1    Ta                 0.15921   0.25844   0.29724   0.47176   1.00000           0    0    0    4
                 Codes:  171.00000 181.00000 191.00000   0.00000   0.00000
 O1     O                  0.21451   0.14934   0.05303   0.58064   1.00000           0    0    0    4
                 Codes:  201.00000 211.00000 221.00000   0.00000   0.00000
 O2     O                  0.06619   0.55752   0.22254   0.58064   1.00000           0    0    0    4
                 Codes:  231.00000 241.00000 251.00000   0.00000   0.00000
 F1     F                  0.37698   0.47653   0.30671   1.12063   1.00000           0    0    0    4
                 Codes:  261.00000 271.00000 281.00000   0.00000   0.00000
 F2     F                  0.34345   0.99319   0.38023   1.12063   1.00000           0    0    0    4
                 Codes:  291.00000 301.00000 311.00000   0.00000   0.00000

 => IT IS ASSUMED THAT THE FIRST GIVEN SITE IS FULLY OCCUPIED 
    OR THE FIRST AND SECOND ATOMS ARE IN THE SAME SITE WITH TOTAL FULL OCCUPATION
  (If this is not the case, change the order of atoms to obtain correct values for the content of the unit cell)
    The given occupation factors have been obtained mutiplying m/M by   1.0000
      -> Atom: Na  ,  Chemical element: NA  Atomic Mass:    22.9898
      -> Atom: Ta  ,  Chemical element: TA  Atomic Mass:   180.9479
      -> Atom: O   ,  Chemical element: O   Atomic Mass:    15.9994
      -> Atom: O   ,  Chemical element: O   Atomic Mass:    15.9994
      -> Atom: F   ,  Chemical element: F   Atomic Mass:    18.9984
      -> Atom: F   ,  Chemical element: F   Atomic Mass:    18.9984
 => The given value of ATZ is       1095.73 the program has calculated:        1095.73
    The value of ATZ given in the input PCR file will be used for quantitative analysis
 => The chemical content of the unit cell is: 
       4.0000 Na   +   4.0000 Ta   +   4.0000 O    +   4.0000 O    +   4.0000 F    +   4.0000 F      
 => The normalized site occupation numbers in % are: 
     100.0000 Na1    :      100.0000 Ta1    :      100.0000 O1     :      100.0000 O2     :      100.0000 F1     :      100.0000 F2       
 => The density (volumic mass) of the compound is:    5.614 g/cm3

 =>-------> PROFILE PARAMETERS FOR PATTERN:  1

 => Overall scale factor:   0.203450E-02
 => ETA (p-Voigt) OR M (Pearson VII):   0.4687
 => Overall temperature factor:      0.00000
 => Halfwidth U,V,W:      0.05402    -0.03062     0.01072
 => X and Y parameters:       0.0003      0.0000
 => Direct cell parameters:    8.1092   5.4503   7.5034  90.0000 102.2301  90.0000
 => Preferred orientation parameters:   0.0000  0.0000
 => Asymmetry parameters     :      0.00537     0.00409     0.00000     0.00000
 => Strain parameters        :      0.00000     0.00000     0.00000
 => Size   parameters        :      0.00000     0.00000

 ==> CODEWORDS FOR PROFILE PARAMETERS of PATTERN#  1

 => Overall scale factor:   21.000
 => ETA (p-Voigt) OR M (Pearson VII):  101.000
 => Overall temperature factor:    0.000
 => Halfwidth U,V,W:   71.000  91.000  81.000
 => X and Y parameters:  111.000   0.000
 => Direct cell parameters:   31.000  41.000  51.000   0.000  61.000   0.000
 => Preferred orientation parameters:    0.000   0.000
 => Asymmetry parameters     :  121.000 131.000   0.000   0.000
 => Strain parameters        :    0.000   0.000   0.000
 => Size   parameters        :    0.000   0.000

 => Cell constraints according to Laue symmetry: 2/m  

        Metric information:
        -------------------

 => Direct cell parameters:

         a =       8.1092      b =       5.4503      c =       7.5034
     alpha =       90.000   beta =      102.230  gamma =       90.000
                        Direct Cell Volume =     324.1062

 => Reciprocal cell parameters:

         a*=     0.126181      b*=     0.183476      c*=     0.136368
     alpha*=       90.000   beta*=       77.770  gamma*=       90.000
                    Reciprocal Cell Volume =   0.00308541

 => Direct and Reciprocal Metric Tensors:

                   GD                                       GR
     65.7588      0.0000    -12.8897          0.015922    0.000000    0.003645
      0.0000     29.7060      0.0000          0.000000    0.033663    0.000000
    -12.8897      0.0000     56.3012          0.003645    0.000000    0.018596

 =>  Cartesian frame: z // c; y is in the bc-plane; x is y ^ z = a*  

     Crystal_to_Orthonormal_Matrix              Orthonormal_to_Crystal Matrix
              Cr_Orth_cel                               Orth_Cr_cel  
      8.1092      0.0000     -1.5895          0.123317   -0.000000    0.026730
      0.0000      5.4503      0.0000          0.000000    0.183476   -0.000000
      0.0000      0.0000      7.3331          0.000000    0.000000    0.136368

     Busing-Levy B-matrix: Hc=B.H            Inverse of the Busing-Levy B-matrix
                BL_M                                      BL_Minv  
    0.126181    0.000000    0.028888            7.9251     -0.0000     -1.7178
    0.000000    0.183476   -0.000000            0.0000      5.4503      0.0000
    0.000000    0.000000    0.133273            0.0000      0.0000      7.5034

 => Laue symmetry 2/m   will be used to generate HKL for pattern#   1
 => Reflections generated between S(1/d)min:  0.1139 A-1 and S(1/d)max:  1.0101 A-1
 =>                                    dmax:  8.7808 A   and      dmin:  0.9900 A
 => The number of reflections generated is:    354
 => The max. scatt. variable (gen.ref.) is:       102.1649
 => Scattering coefficients from internal table


 => X-ray scattering coeff. (A1, B1, A2,...C, f(0), Z, Dfp,Dfpp)

 NA      4.7626   3.2850   3.1736   8.8422   1.2674   0.3136   1.1128 129.4240   0.6760  10.9924  11.0000   0.1290   0.1240
 TA     29.2024   1.7733  15.2293   9.3705  14.5135   0.2960   4.7649  63.3644   9.2435  72.9537  73.0000  -6.3510   5.2710
 O       3.0485  13.2771   2.2868   5.7011   1.5463   0.3239   0.8670  32.9089   0.2508   7.9994   8.0000   0.0470   0.0320
 F       3.5392  10.2825   2.6412   4.2944   1.5170   0.2615   1.0243  26.1476   0.2776   8.9993   9.0000   0.0690   0.0530

     --------------------------------------------------------------
      SYMBOLIC NAMES AND INITIAL VALUES OF PARAMETERS TO BE VARIED:
     --------------------------------------------------------------

      ->  Parameter number    1   -> Symbolic Name:                                          Zero_pat1   -0.39239999E-01
      ->  Parameter number    2   -> Symbolic Name:                                     Scale_ph1_pat1    0.20345000E-02
      ->  Parameter number    3   -> Symbolic Name:                                    Cell_A_ph1_pat1     8.1091776    
      ->  Parameter number    4   -> Symbolic Name:                                    Cell_B_ph1_pat1     5.4503169    
      ->  Parameter number    5   -> Symbolic Name:                                    Cell_C_ph1_pat1     7.5034118    
      ->  Parameter number    6   -> Symbolic Name:                                    Cell_E_ph1_pat1     102.23013    
      ->  Parameter number    7   -> Symbolic Name:                                    U-Cagl_ph1_pat1    0.54016002E-01
      ->  Parameter number    8   -> Symbolic Name:                                    W-Cagl_ph1_pat1    0.10720000E-01
      ->  Parameter number    9   -> Symbolic Name:                                    V-Cagl_ph1_pat1   -0.30618999E-01
      ->  Parameter number   10   -> Symbolic Name:                                     EtaPV_ph1_pat1    0.46871001    
      ->  Parameter number   11   -> Symbolic Name:                                     X-tan_ph1_pat1    0.25700001E-03
      ->  Parameter number   12   -> Symbolic Name:                                     Asym1_ph1_pat1    0.53699999E-02
      ->  Parameter number   13   -> Symbolic Name:                                     Asym2_ph1_pat1    0.40899999E-02
      ->  Parameter number   14   -> Symbolic Name:                                          X_Na1_ph1    0.38014999    
      ->  Parameter number   15   -> Symbolic Name:                                          Y_Na1_ph1    0.78505999    
      ->  Parameter number   16   -> Symbolic Name:                                          Z_Na1_ph1    0.10485000    
      ->  Parameter number   17   -> Symbolic Name:                                          X_Ta1_ph1    0.15921000    
      ->  Parameter number   18   -> Symbolic Name:                                          Y_Ta1_ph1    0.25843999    
      ->  Parameter number   19   -> Symbolic Name:                                          Z_Ta1_ph1    0.29723999    
      ->  Parameter number   20   -> Symbolic Name:                                           X_O1_ph1    0.21450999    
      ->  Parameter number   21   -> Symbolic Name:                                           Y_O1_ph1    0.14934000    
      ->  Parameter number   22   -> Symbolic Name:                                           Z_O1_ph1    0.53029999E-01
      ->  Parameter number   23   -> Symbolic Name:                                           X_O2_ph1    0.66189997E-01
      ->  Parameter number   24   -> Symbolic Name:                                           Y_O2_ph1    0.55751997    
      ->  Parameter number   25   -> Symbolic Name:                                           Z_O2_ph1    0.22254001    
      ->  Parameter number   26   -> Symbolic Name:                                           X_F1_ph1    0.37698001    
      ->  Parameter number   27   -> Symbolic Name:                                           Y_F1_ph1    0.47652999    
      ->  Parameter number   28   -> Symbolic Name:                                           Z_F1_ph1    0.30671000    
      ->  Parameter number   29   -> Symbolic Name:                                           X_F2_ph1    0.34345001    
      ->  Parameter number   30   -> Symbolic Name:                                           Y_F2_ph1    0.99318999    
      ->  Parameter number   31   -> Symbolic Name:                                           Z_F2_ph1    0.38023001    
  
 
 => No optimization for routine tasks
 ++++++++++++++++++++++++++++++++++++++++++++++++++++++++++++++++++++++++++++++++++++++++++++++++++++++++++++++++++++++++

 => CYCLE No.:    1
 ---------------------------------------------------------------------------------------
 => Phase  1 Name:  #(C) 2021 by FIZ Karlsruhe - Leibniz Institute for Information Infras
 ---------------------------------------------------------------------------------------
 => New parameters, shifts, and standard deviations

 Atom        x       dx      sx       y       dy      sy       z       dz      sz       B       dB      sB      occ.    docc.   socc.

 Na1      0.38015-0.00000 0.00061  0.78507 0.00001 0.00148  0.10485 0.00000 0.00072  1.11627 0.00000 0.00000  1.00000 0.00000 0.00000
 Ta1      0.15921-0.00000 0.00010  0.25844-0.00000 0.00037  0.29724 0.00000 0.00012  0.47176 0.00000 0.00000  1.00000 0.00000 0.00000
 O1       0.21451-0.00000 0.00109  0.14934-0.00000 0.00132  0.05301-0.00002 0.00148  0.58064 0.00000 0.00000  1.00000 0.00000 0.00000
 O2       0.06618-0.00001 0.00120  0.55749-0.00003 0.00171  0.22255 0.00001 0.00149  0.58064 0.00000 0.00000  1.00000 0.00000 0.00000
 F1       0.37698 0.00000 0.00119  0.47649-0.00004 0.00170  0.30670-0.00001 0.00141  1.12063 0.00000 0.00000  1.00000 0.00000 0.00000
 F2       0.34344-0.00001 0.00109  0.99318-0.00001 0.00159  0.38022-0.00001 0.00127  1.12063 0.00000 0.00000  1.00000 0.00000 0.00000

 ==> PROFILE PARAMETERS FOR PATTERN#  1

 => Overall scale factor:      0.002034354    -0.000000146     0.000003477
 => Eta(p-Voigt) or m(Pearson VII):   0.468654 -0.000056  0.011723
 => Overall tem. factor:     0.000000    0.000000    0.000000
 => Halfwidth parameters: 
         0.054009   -0.000007    0.001474
        -0.030617    0.000002    0.001060
         0.010720   -0.000000    0.000186
 => Cell parameters: 
        8.109178    0.000000    0.000086
        5.450317    0.000000    0.000060
        7.503412    0.000000    0.000078
       90.000000    0.000000    0.000000
      102.230133    0.000000    0.000628
       90.000000    0.000000    0.000000
 => Preferred orientation: 
         0.000000    0.000000    0.000000
         0.000000    0.000000    0.000000
 => Asymmetry parameters: 
         0.005386    0.000016    0.002921
         0.004094    0.000004    0.000695
         0.000000    0.000000    0.000000
         0.000000    0.000000    0.000000
 => X and Y parameters: 
         0.000253   -0.000004    0.000341
         0.000000    0.000000    0.000000
 => Strain parameters: 
         0.000000    0.000000    0.000000
         0.000000    0.000000    0.000000
         0.000000    0.000000    0.000000
 => Size   parameters (G,L): 
         0.000000    0.000000    0.000000
         0.000000    0.000000    0.000000

 ==> GLOBAL PARAMETERS FOR PATTERN#  1


 => Zero-point:    -0.0392    0.0000    0.0005

 => Cos( theta)-shift parameter :   0.0000  0.0000  0.0000
 => Sin(2theta)-shift parameter :   0.0000  0.0000  0.0000

 ==> RELIABILITY FACTORS WITH ALL NON-EXCLUDED POINTS FOR PATTERN:  1

 => R-Factors:   3.74      5.21     Chi2:  12.2     DW-Stat.:  0.3274   Patt#:  1
 => Expected :            1.49                                1.9341
 => Deviance : 0.858E+05     Dev*:   12.59    
 => GoF-index:  3.5         Sqrt(Residual/N)
 => N-P+C:  6817

 =>    SumYdif       SumYobs      SumYcal      SumwYobsSQ     Residual    Condition
     0.1143E+07    0.3059E+08    0.3051E+08    0.3059E+08    0.8307E+05    0.7850E+10


 => Conventional Rietveld Rp,Rwp,Re and Chi2:   11.2      11.1      3.19      12.19    
 => (Values obtained using Ynet, but true sigma(y))
 =>  SumYnet, Sum(w Ynet**2):     0.1019E+08    0.6711E+07


 ==> RELIABILITY FACTORS FOR POINTS WITH BRAGG CONTRIBUTIONS FOR PATTERN:  1

 => R-Factors:   4.04      5.52     Chi2:  13.7     DW-Stat.:  0.3377   Patt#:
 => Expected :            1.49                                1.9299
 => Deviance : 0.832E+05     Dev*:   14.11    
 => GoF-index:  3.7         Sqrt(Residual/N)
 => N-P+C:  5896

 =>    SumYdif       SumYobs      SumYcal      SumwYobsSQ     Residual    Condition
     0.1065E+07    0.2638E+08    0.2633E+08    0.2638E+08    0.8052E+05    0.7850E+10


 => Conventional Rietveld Rp,Rwp,Re and Chi2:   10.5      11.0      2.96      13.66    
 => (Values obtained using Ynet, but true sigma(y))
 =>  SumYnet, Sum(w Ynet**2):     0.1017E+08    0.6708E+07


 => Global user-weigthed Chi2 (Bragg contrib.):   13.7    

 => ---------> Pattern#  1
 => Phase:  1
 =>    Bragg R-factor:  5.90    
 =>    RF-factor     :  5.00    


   Standard deviations have to be multiplied by: 3.3033
   (correlated residuals) See references:
  -J.F.Berar & P.Lelann, J. Appl. Cryst. 24, 1-5 (1991) 
  -J.F.Berar, Acc. in Pow. Diff. II,NIST Sp.Pub. 846, 63(1992) 

 ++++++++++++++++++++++++++++++++++++++++++++++++++++++++++++++++++++++++++++++++++++++++++++++++++++++++++++++++++++++++

 => CYCLE No.:    1
 =>  Convergence reached at this CYCLE !!!!
 =>  Parameter shifts set to zero
 ---------------------------------------------------------------------------------------
 => Phase  1 Name:  #(C) 2021 by FIZ Karlsruhe - Leibniz Institute for Information Infras
 ---------------------------------------------------------------------------------------
 => New parameters, shifts, and standard deviations

 Atom        x       dx      sx       y       dy      sy       z       dz      sz       B       dB      sB      occ.    docc.   socc.

 Na1      0.38015 0.00000 0.00061  0.78507 0.00000 0.00148  0.10485 0.00000 0.00072  1.11627 0.00000 0.00000  1.00000 0.00000 0.00000
 Ta1      0.15921 0.00000 0.00010  0.25844 0.00000 0.00037  0.29724 0.00000 0.00012  0.47176 0.00000 0.00000  1.00000 0.00000 0.00000
 O1       0.21451 0.00000 0.00109  0.14934 0.00000 0.00132  0.05301 0.00000 0.00148  0.58064 0.00000 0.00000  1.00000 0.00000 0.00000
 O2       0.06618 0.00000 0.00120  0.55749 0.00000 0.00171  0.22255 0.00000 0.00149  0.58064 0.00000 0.00000  1.00000 0.00000 0.00000
 F1       0.37698 0.00000 0.00119  0.47649 0.00000 0.00170  0.30670 0.00000 0.00141  1.12063 0.00000 0.00000  1.00000 0.00000 0.00000
 F2       0.34344 0.00000 0.00109  0.99318 0.00000 0.00159  0.38022 0.00000 0.00127  1.12063 0.00000 0.00000  1.00000 0.00000 0.00000

 ==> PROFILE PARAMETERS FOR PATTERN#  1

 => Overall scale factor:      0.002034354     0.000000000     0.000003477
 => Eta(p-Voigt) or m(Pearson VII):   0.468654  0.000000  0.011723
 => Overall tem. factor:     0.000000    0.000000    0.000000
 => Halfwidth parameters: 
         0.054009    0.000000    0.001474
        -0.030617    0.000000    0.001060
         0.010720    0.000000    0.000186
 => Cell parameters: 
        8.109178    0.000000    0.000086
        5.450317    0.000000    0.000060
        7.503412    0.000000    0.000078
       90.000000    0.000000    0.000000
      102.230133    0.000000    0.000628
       90.000000    0.000000    0.000000
 => Preferred orientation: 
         0.000000    0.000000    0.000000
         0.000000    0.000000    0.000000
 => Asymmetry parameters: 
         0.005386    0.000000    0.002921
         0.004094    0.000000    0.000695
         0.000000    0.000000    0.000000
         0.000000    0.000000    0.000000
 => X and Y parameters: 
         0.000253    0.000000    0.000341
         0.000000    0.000000    0.000000
 => Strain parameters: 
         0.000000    0.000000    0.000000
         0.000000    0.000000    0.000000
         0.000000    0.000000    0.000000
 => Size   parameters (G,L): 
         0.000000    0.000000    0.000000
         0.000000    0.000000    0.000000

 ==> GLOBAL PARAMETERS FOR PATTERN#  1


 => Zero-point:    -0.0392    0.0000    0.0005

 => Cos( theta)-shift parameter :   0.0000  0.0000  0.0000
 => Sin(2theta)-shift parameter :   0.0000  0.0000  0.0000

 ==> RELIABILITY FACTORS WITH ALL NON-EXCLUDED POINTS FOR PATTERN:  1

 => R-Factors:   3.74      5.21     Chi2:  12.2     DW-Stat.:  0.3274   Patt#:  1
 => Expected :            1.49                                1.9341
 => Deviance : 0.858E+05     Dev*:   12.59    
 => GoF-index:  3.5         Sqrt(Residual/N)
 => N-P+C:  6817

 =>    SumYdif       SumYobs      SumYcal      SumwYobsSQ     Residual    Condition
     0.1143E+07    0.3059E+08    0.3051E+08    0.3059E+08    0.8307E+05    0.7850E+10


 => Conventional Rietveld Rp,Rwp,Re and Chi2:   11.2      11.1      3.19      12.19    
 => (Values obtained using Ynet, but true sigma(y))
 =>  SumYnet, Sum(w Ynet**2):     0.1019E+08    0.6711E+07

 => N-sigma of the GoF:      653.008

 ==> RELIABILITY FACTORS FOR POINTS WITH BRAGG CONTRIBUTIONS FOR PATTERN:  1

 => R-Factors:   4.04      5.52     Chi2:  13.7     DW-Stat.:  0.3377   Patt#:
 => Expected :            1.49                                1.9299
 => Deviance : 0.832E+05     Dev*:   14.11    
 => GoF-index:  3.7         Sqrt(Residual/N)
 => N-P+C:  5896

 =>    SumYdif       SumYobs      SumYcal      SumwYobsSQ     Residual    Condition
     0.1065E+07    0.2638E+08    0.2633E+08    0.2638E+08    0.8052E+05    0.7850E+10


 => Conventional Rietveld Rp,Rwp,Re and Chi2:   10.5      11.0      2.96      13.66    
 => (Values obtained using Ynet, but true sigma(y))
 =>  SumYnet, Sum(w Ynet**2):     0.1017E+08    0.6708E+07

 => N-sigma of the GoF:      687.189

 => Global user-weigthed Chi2 (Bragg contrib.):   14.1    

 => ---------> Pattern#  1
 => Phase:  1
 =>    Bragg R-factor:  5.90    
 =>    RF-factor     :  5.00    

 --------------------------------------------------------------------------------------------------------------
 Pattern#  1 Phase No.:   1 Phase name:  #(C) 2021 by FIZ Karlsruhe - 
 --------------------------------------------------------------------------------------------------------------

   No.  Code     H   K   L  Mult      Hw      ETA/M    2theta/TOF     Icalc       Iobs      Sigma     StrFactor^2    d-hkl       CORR

      1   1      1   0   0     2  0.090802  0.471475      11.155     4011.5     3615.1      9.255      10070.8242  7.925136      1.000000
      2   1      1   1   0     4  0.083824  0.473649      19.753    10115.6     9780.9     11.140      40664.7617  4.490817      1.000000
      3   1      0   1   1     4  0.083494  0.473784      20.284       19.9       61.3      3.147         84.4172  4.374393      1.000000
      4   1     -1   1   1     4  0.082563  0.474196      21.914       33.0       64.1      4.361        164.5018  4.052511      1.000000
      5   1      2   0   0     2  0.082301  0.474324      22.418     1283.5     1331.8      5.968      13406.4688  3.962568      1.000000
      6   1      0   0   2     2  0.081454  0.474788      24.254     3706.7     3678.8      7.180      45626.0938  3.666559      1.000000
      7   1      1   1   1     4  0.081380  0.474833      24.434       39.4       39.9      0.093        245.9996  3.640067      1.000000
      8   1     -1   0   2     2  0.081363  0.474844      24.475     3981.8     3963.0      6.777      49935.9805  3.633945      1.000000
      9   1      2   1   0     4  0.080314  0.475688      27.813     7247.8     7228.5      9.891      59466.0586  3.205035      1.000000
     10   1     -2   1   1     4  0.080194  0.475834      28.392      102.8       73.6      2.095        880.9738  3.140908      1.000000
     11   1      1   0   2     2  0.080106  0.475961      28.892        3.5        4.1      0.376         63.1533  3.087736      1.000000
     12   1      0   1   2     4  0.080040  0.476072      29.333     2548.9     2687.0      6.453      23409.4668  3.042230      1.000000
     13   1     -2   0   2     2  0.080024  0.476103      29.453      118.6      127.3      0.385       2197.0930  3.030163      1.000000
     14   1     -1   1   2     4  0.080015  0.476119      29.519     1188.3     1292.9      3.924      11059.6855  3.023523      1.000000
     15   1      2   1   1     4  0.079894  0.476827      32.316       15.5        0.0      3.926        174.7523  2.767905      1.000000
     16   1      0   2   0     2  0.079923  0.476959      32.837     1524.4     1561.9      5.420      35636.4609  2.725158      1.000000
     17   1      1   1   2     4  0.079965  0.477081      33.323     2936.8     2958.5      6.137      35428.1914  2.686563      1.000000
     18   1     -2   1   2     4  0.080023  0.477207      33.818     2620.0     2639.5      5.605      32632.3047  2.648383      1.000000
     19   1      3   0   0     2  0.080035  0.477229      33.906     1033.2     1096.2      2.300      25883.5039  2.641712      1.000000
     20   1      1   2   0     4  0.080180  0.477451      34.783     1000.6     1000.9      4.738      13242.5137  2.577057      1.000000
     21   1      0   2   1     4  0.080244  0.477531      35.100       23.5       38.8      1.930        317.1800  2.554470      1.000000
     22   1     -1   2   1     4  0.080490  0.477786      36.109        3.5        0.0      2.988         49.9490  2.485436      1.000000
     23   1      2   0   2     2  0.080671  0.477941      36.721      610.0      609.3      4.616      18165.2090  2.445348      1.000000
     24   1     -3   1   1     4  0.080916  0.478125      37.449      193.1      185.1      1.262       3001.1890  2.399502      1.000000
     25   1     -3   0   2     2  0.080927  0.478132      37.477      630.3      592.9      3.152      19619.2891  2.397746      1.000000
     26   1      1   2   1     4  0.081031  0.478203      37.758       79.7       70.5      2.144       1260.8136  2.380540      1.000000
     27   1      3   1   0     4  0.081052  0.478217      37.813        9.8        8.5      0.390        155.1635  2.377198      1.000000
     28   1     -1   1   3     4  0.081931  0.478715      39.780      236.3      244.2      4.283       4190.7622  2.264093      1.000000
     29   1      2   2   0     4  0.082111  0.478802      40.125      476.7      486.7      3.179       8617.1230  2.245409      1.000000
     30   1      2   1   2     4  0.082256  0.478870      40.394      564.0      638.5      3.264      10344.3105  2.231081      1.000000
     31   1      0   1   3     4  0.082264  0.478873      40.408        0.1        0.1      0.000          1.4927  2.230341      1.000000
     32   1     -2   2   1     4  0.082341  0.478909      40.547        5.6        6.8      0.110        102.9389  2.223017      1.000000
     33   1     -3   1   2     4  0.082656  0.479047      41.093      828.1      849.2      3.731      15774.6709  2.194752      1.000000
     34   1      0   2   2     4  0.082745  0.479084      41.241      894.0      906.0      2.939      17169.9453  2.187196      1.000000
     35   1     -1   2   2     4  0.082829  0.479119      41.379     1066.9      992.8      3.353      20640.2969  2.180213      1.000000
     36   1      3   1   1     4  0.083286  0.479301      42.099        7.8        4.7      1.681        157.7342  2.144598      1.000000
     37   1     -2   1   3     4  0.083527  0.479392      42.457        9.1        3.8      2.494        185.6235  2.127306      1.000000
     38   1      2   2   1     4  0.084279  0.479658      43.509       49.8       80.9      4.035       1075.8059  2.078306      1.000000
     39   1      1   1   3     4  0.084833  0.479839      44.225       52.8       30.4      1.815       1183.3113  2.046275      1.000000
     40   1      1   2   2     4  0.084889  0.479857      44.296       90.6       83.4      1.846       2038.7219  2.043202      1.000000
     41   1     -2   2   2     4  0.085206  0.479955      44.686      341.2      333.1      3.413       7827.4668  2.026255      1.000000
     42   1      4   0   0     2  0.086127  0.480226      45.757      725.2      793.2      4.830      35072.3789  1.981284      1.000000
     43   1      3   0   2     2  0.086702  0.480386      46.387      494.6      420.5      3.587      24658.3184  1.955827      1.000000
     44   1     -4   0   2     2  0.087543  0.480607      47.262      696.4      672.9      4.261      36196.9766  1.921626      1.000000
     45   1     -3   2   1     4  0.087900  0.480697      47.619       25.0       25.5      0.844        661.5724  1.908060      1.000000
     46   1     -4   1   1     4  0.088197  0.480771      47.910        0.2        0.3      0.001          6.5774  1.897140      1.000000
     47   1      3   2   0     4  0.088207  0.480773      47.920     1819.9     1919.1      5.344      48787.4688  1.896787      1.000000
     48   1     -3   1   3     4  0.088279  0.480791      47.990       30.8       32.4      0.111        826.9117  1.894188      1.000000
     49   1     -1   0   4     2  0.088814  0.480920      48.499     1299.5     1466.2      4.683      71567.4141  1.875480      1.000000
     50   1      4   1   0     4  0.089215  0.481014      48.871      951.4     1062.1      4.120      26650.5957  1.862069      1.000000
     51   1      3   1   2     4  0.089880  0.481166      49.471       96.9       75.3      2.098       2789.7280  1.840889      1.000000
     52   1     -1   2   3     4  0.089979  0.481188      49.559        9.0        7.9      0.239        258.8401  1.837822      1.000000
     53   1      0   0   4     2  0.090128  0.481221      49.690       42.1       41.8      1.157       2449.1436  1.833280      1.000000
     54   1      2   2   2     4  0.090574  0.481319      50.076     1754.4     1745.2      5.130      51896.1055  1.820033      1.000000
     55   1      0   2   3     4  0.090588  0.481322      50.088        2.0        2.0      0.006         60.0423  1.819631      1.000000
     56   1     -2   0   4     2  0.090679  0.481342      50.167      217.9      216.5      0.727      12940.2217  1.816973      1.000000
     57   1     -4   1   2     4  0.090842  0.481377      50.305       10.1       11.3      0.102        302.0392  1.812285      1.000000
     58   1      2   1   3     4  0.091260  0.481465      50.657        2.0        1.8      0.009         60.2076  1.800542      1.000000
     59   1     -3   2   2     4  0.091274  0.481468      50.668     1083.4     1003.1      4.314      32896.0391  1.800149      1.000000
     60   1     -1   1   4     4  0.092278  0.481676      51.487       31.3       28.2      0.561        984.3992  1.773423      1.000000

   No.  Code     H   K   L  Mult      Hw      ETA/M    2theta/TOF     Icalc       Iobs      Sigma     StrFactor^2    d-hkl       CORR

     61   1      3   2   1     4  0.092328  0.481686      51.527        0.7        0.6      0.006         21.2225  1.772163      1.000000
     62   1      1   3   0     4  0.092380  0.481696      51.568      643.3      606.5      3.790      20318.1465  1.770838      1.000000
     63   1      0   3   1     4  0.092672  0.481755      51.800       66.4       60.4      1.206       2117.3511  1.763458      1.000000
     64   1     -2   2   3     4  0.092716  0.481763      51.834        3.7        3.2      0.097        117.4959  1.762369      1.000000
     65   1     -1   3   1     4  0.093633  0.481943      52.543        4.8        4.8      0.081        158.0862  1.740257      1.000000
     66   1      0   1   4     4  0.093747  0.481964      52.629     1020.2      981.3      4.799      33724.4258  1.737617      1.000000
     67   1      4   1   1     4  0.094312  0.482071      53.052        0.3        0.3      0.003         10.6518  1.724739      1.000000
     68   1     -2   1   4     4  0.094358  0.482080      53.086      444.9      409.8      3.178      14993.8545  1.723713      1.000000
     69   1      1   2   3     4  0.094731  0.482150      53.362        0.0        0.0      0.003          1.2564  1.715464      1.000000
     70   1      1   0   4     2  0.095058  0.482210      53.600      154.3      152.3      2.969      10623.0742  1.708415      1.000000
     71   1      1   3   1     4  0.095310  0.482256      53.782        1.1        1.0      0.065         38.3733  1.703062      1.000000
     72   1     -3   0   4     2  0.096326  0.482438      54.501       74.7        0.0      3.158       5342.9268  1.682277      1.000000
     73   1      2   3   0     4  0.097945  0.482717      55.604     1075.6     1017.3      5.493      40187.7773  1.651470      1.000000
     74   1     -4   1   3     4  0.098148  0.482751      55.739       21.1       20.5      0.118        792.4093  1.647799      1.000000
     75   1     -2   3   1     4  0.098444  0.482800      55.935       69.5       69.2      1.376       2631.3350  1.642500      1.000000
     76   1      1   1   4     4  0.099148  0.482917      56.394      836.5      936.2      3.835      32258.2891  1.630205      1.000000
     77   1      0   3   2     4  0.099283  0.482939      56.481      352.2      368.7      1.496      13627.2471  1.627892      1.000000
     78   1     -1   3   2     4  0.099453  0.482966      56.591      232.8      229.2      1.068       9045.9590  1.625006      1.000000
     79   1     -4   2   1     4  0.099471  0.482969      56.602       36.8       35.9      0.179       1430.1472  1.624709      1.000000
     80   1     -3   2   3     4  0.099581  0.482987      56.673        5.6        5.2      0.047        219.2062  1.622853      1.000000
     81   1     -3   1   4     4  0.100518  0.483137      57.266     1004.4     1143.1      4.433      40062.2617  1.607449      1.000000
     82   1      4   0   2     2  0.100575  0.483146      57.301       36.5       44.0      0.175       2918.6304  1.606539      1.000000
     83   1      4   2   0     4  0.100827  0.483186      57.458      289.1      375.1      1.641      11620.3496  1.602517      1.000000
     84   1      3   2   2     4  0.101699  0.483321      57.995      573.1      686.2      3.714      23508.3574  1.588957      1.000000
     85   1      5   0   0     2  0.101959  0.483361      58.152       92.3      104.9      0.666       7619.1265  1.585027      1.000000
     86   1     -5   0   2     2  0.102155  0.483391      58.271       88.9       91.3      1.124       7370.6548  1.582084      1.000000
     87   1      2   3   1     4  0.102196  0.483398      58.296        3.6        3.7      0.051        147.6946  1.581470      1.000000
     88   1     -4   2   2     4  0.102946  0.483511      58.745      616.7      738.7      3.642      26023.4102  1.570454      1.000000
     89   1      1   3   2     4  0.103268  0.483559      58.935      696.2      764.5      2.839      29591.1602  1.565837      1.000000
     90   1      2   2   3     4  0.103482  0.483591      59.061       27.0       28.3      0.174       1151.7365  1.562794      1.000000
     91   1      3   1   3     4  0.103548  0.483601      59.100        3.9        4.1      0.024        164.7044  1.561862      1.000000
     92   1     -2   3   2     4  0.103811  0.483640      59.254      863.6      850.7      3.535      37144.5977  1.558170      1.000000
     93   1     -5   1   1     4  0.104079  0.483679      59.409        5.2        5.1      0.033        225.9288  1.554460      1.000000
     94   1     -1   2   4     4  0.104777  0.483781      59.812      729.6      781.5      3.214      32027.1816  1.544962      1.000000
     95   1      2   0   4     2  0.104858  0.483793      59.858      233.0      248.7      0.954      20489.1758  1.543868      1.000000
     96   1      4   1   2     4  0.105074  0.483824      59.982      945.6      949.0      2.956      41769.3477  1.540989      1.000000
     97   1      5   1   0     4  0.106549  0.484033      60.810      546.2      686.8      3.086      24858.8379  1.521975      1.000000
     98   1      0   2   4     4  0.106617  0.484043      60.848       66.1       77.5      0.301       3010.3728  1.521115      1.000000
     99   1     -5   1   2     4  0.106757  0.484062      60.925      826.8      844.9      2.892      37784.1562  1.519368      1.000000
    100   1     -4   0   4     2  0.107104  0.484111      61.116      283.4      270.4      1.320      26073.8027  1.515082      1.000000
    101   1      4   2   1     4  0.107318  0.484140      61.233        4.3        4.3      0.028        197.1879  1.512453      1.000000
    102   1     -2   2   4     4  0.107375  0.484148      61.264      299.4      301.6      1.939      13847.6064  1.511761      1.000000
    103   1     -3   3   1     4  0.108150  0.484255      61.685        3.9        1.1      0.477        184.9702  1.502461      1.000000
    104   1      3   3   0     4  0.108620  0.484319      61.937        9.2        0.0      1.473        434.9722  1.496939      1.000000
    105   1      2   1   4     4  0.109626  0.484454      62.471       30.8        0.0      2.927       1484.0691  1.485424      1.000000
    106   1     -1   3   3     4  0.111269  0.484669      63.325        0.4        0.0      0.275         17.5620  1.467441      1.000000
    107   1     -4   2   3     4  0.111998  0.484764      63.697        1.1        1.0      0.040         54.9369  1.459767      1.000000
    108   1     -4   1   4     4  0.112001  0.484764      63.698       22.8       20.7      0.813       1148.9423  1.459732      1.000000
    109   1      2   3   2     4  0.112136  0.484781      63.767      179.3      158.0      3.408       9035.6104  1.458338      1.000000
    110   1      0   3   3     4  0.112155  0.484784      63.777        8.3        7.3      0.154        419.7104  1.458131      1.000000
    111   1     -3   3   2     4  0.113144  0.484909      64.274      259.5      234.1      2.137      13299.4883  1.448048      1.000000
    112   1      1   2   4     4  0.113200  0.484916      64.301      215.3      192.3      1.623      11044.2051  1.447492      1.000000
    113   1     -1   1   5     4  0.113315  0.484931      64.359        8.1        7.0      0.081        418.4315  1.446336      1.000000
    114   1      3   3   1     4  0.114640  0.485096      65.013        3.4        0.7      0.308        177.8796  1.433361      1.000000
    115   1      5   1   1     4  0.114643  0.485097      65.014        8.9        1.8      0.798        467.0212  1.433332      1.000000
    116   1     -3   2   4     4  0.114836  0.485120      65.108       32.9       20.5      1.586       1733.8440  1.431491      1.000000
    117   1     -2   1   5     4  0.115043  0.485146      65.209        2.6        2.2      0.124        136.3659  1.429519      1.000000
    118   1     -5   1   3     4  0.115099  0.485153      65.237       13.9       12.6      0.652        734.0996  1.428987      1.000000
    119   1     -2   3   3     4  0.115186  0.485164      65.279       12.6       12.1      0.650        664.7499  1.428164      1.000000
    120   1      0   1   5     4  0.116472  0.485320      65.898        8.5        0.0      2.322        460.2044  1.416245      1.000000

   No.  Code     H   K   L  Mult      Hw      ETA/M    2theta/TOF     Icalc       Iobs      Sigma     StrFactor^2    d-hkl       CORR

    121   1      1   3   3     4  0.117975  0.485500      66.608       14.5        9.4      2.537        801.9800  1.402859      1.000000
    122   1      3   2   3     4  0.118419  0.485552      66.815       23.4       15.7      1.935       1300.7678  1.399013      1.000000
    123   1     -5   2   1     4  0.119043  0.485625      67.104        4.8        0.0      1.280        267.8537  1.393685      1.000000
    124   1      4   2   2     4  0.120210  0.485761      67.639        0.3        0.0      0.294         14.4772  1.383952      1.000000
    125   1      3   0   4     2  0.121217  0.485876      68.095      101.3      130.6      3.555      11708.5244  1.375794      1.000000
    126   1     -3   1   5     4  0.121902  0.485954      68.402        0.6        0.6      0.015         34.0985  1.370368      1.000000
    127   1      5   2   0     4  0.121932  0.485957      68.415       68.7       64.2      1.821       4006.8491  1.370129      1.000000
    128   1     -5   2   2     4  0.122175  0.485984      68.524       13.2       13.7      0.511        769.9868  1.368227      1.000000
    129   1      0   4   0     2  0.122906  0.486066      68.848      318.4      329.3      3.124      37618.3320  1.362579      1.000000
    130   1      4   1   3     4  0.123675  0.486152      69.186        0.7        0.6      0.030         38.7890  1.356743      1.000000
    131   1      5   0   2     2  0.124019  0.486190      69.336      149.3      169.9      2.514      17887.3906  1.354165      1.000000
    132   1     -4   3   1     4  0.124324  0.486223      69.469        0.1        0.1      0.003          6.9650  1.351907      1.000000
    133   1     -3   3   3     4  0.124469  0.486239      69.532        0.3        0.3      0.005         16.7524  1.350837      1.000000
    134   1     -5   0   4     2  0.124763  0.486271      69.659      202.9      208.2      2.272      24535.5762  1.348677      1.000000
    135   1      1   1   5     4  0.124958  0.486293      69.744        3.5        3.8      0.058        212.0580  1.347250      1.000000
    136   1      2   2   4     4  0.125507  0.486353      69.980      559.9      586.9      3.024      34160.4102  1.343282      1.000000
    137   1      1   4   0     4  0.125564  0.486359      70.004       60.9       63.6      0.344       3719.8569  1.342876      1.000000
    138   1      0   4   1     4  0.126016  0.486408      70.197       30.7       32.6      0.192       1885.2075  1.339649      1.000000
    139   1      4   3   0     4  0.126101  0.486417      70.234      183.5      193.4      1.302      11275.3193  1.339041      1.000000
    140   1     -6   0   2     2  0.126503  0.486460      70.405       56.6       60.9      0.611       6985.3521  1.336212      1.000000
    141   1      3   1   4     4  0.126826  0.486495      70.542      330.9      335.1      2.407      20504.4941  1.333952      1.000000
    142   1      3   3   2     4  0.127238  0.486539      70.715       54.0       54.5      0.565       3360.6013  1.331099      1.000000
    143   1     -1   4   1     4  0.127486  0.486565      70.820       14.0       15.3      0.266        872.4593  1.329392      1.000000
    144   1     -4   2   4     4  0.128251  0.486646      71.140      317.0      347.0      2.907      19965.7090  1.324192      1.000000
    145   1      6   0   0     2  0.128749  0.486698      71.347      184.4      248.7      1.657      23357.4102  1.320856      1.000000
    146   1     -4   3   2     4  0.128853  0.486709      71.390        9.6       12.5      0.107        610.0347  1.320165      1.000000
    147   1      2   3   3     4  0.129544  0.486782      71.676        3.7        4.4      0.080        238.4228  1.315605      1.000000
    148   1      5   1   2     4  0.129758  0.486804      71.764      167.5      202.9      2.386      10730.5654  1.314209      1.000000
    149   1     -1   2   5     4  0.129764  0.486804      71.766        5.7        6.9      0.081        363.4580  1.314167      1.000000
    150   1      1   4   1     4  0.130008  0.486830      71.866        9.4       10.4      0.193        606.5183  1.312589      1.000000
    151   1     -6   1   1     4  0.130230  0.486853      71.957        4.3        5.0      0.072        274.4969  1.311149      1.000000
    152   1     -5   1   4     4  0.130535  0.486884      72.082      202.9      196.7      2.325      13102.7344  1.309191      1.000000
    153   1     -1   3   4     4  0.131209  0.486953      72.355        8.2        7.7      0.312        531.6544  1.304913      1.000000
    154   1      5   2   1     4  0.131292  0.486962      72.389        1.2        1.2      0.066         76.9672  1.304390      1.000000
    155   1     -2   2   5     4  0.131751  0.487009      72.575        3.1        3.2      0.274        205.0822  1.301513      1.000000
    156   1     -5   2   3     4  0.131816  0.487015      72.600        0.2        0.2      0.013          9.9950  1.301112      1.000000
    157   1     -6   1   2     4  0.132354  0.487070      72.817      230.5      255.9      3.136      15176.0674  1.297779      1.000000
    158   1      0   2   5     4  0.133391  0.487175      73.230        4.5        4.5      0.088        299.2847  1.291472      1.000000
    159   1      0   3   4     4  0.133562  0.487192      73.298      231.0      248.0      2.657      15392.1914  1.290449      1.000000
    160   1      2   4   0     4  0.133883  0.487224      73.425       54.0       55.8      0.746       3607.4009  1.288528      1.000000
    161   1      4   3   1     4  0.134454  0.487281      73.650        8.1        8.5      0.085        546.4501  1.285147      1.000000
    162   1     -2   3   4     4  0.134527  0.487288      73.678      184.1      198.1      1.851      12386.6299  1.284723      1.000000
    163   1     -2   4   1     4  0.134606  0.487296      73.709        8.0        8.8      0.085        541.4662  1.284254      1.000000
    164   1      6   1   0     4  0.134701  0.487305      73.747       44.3       48.5      0.543       2984.8906  1.283697      1.000000
    165   1     -4   1   5     4  0.134822  0.487317      73.794       22.2       23.5      0.321       1496.8628  1.282992      1.000000
    166   1      0   4   2     4  0.135818  0.487415      74.182      298.4      288.0      2.356      20324.8105  1.277235      1.000000
    167   1     -1   4   2     4  0.136063  0.487439      74.277      357.1      325.8      2.486      24375.6426  1.275840      1.000000
    168   1     -3   2   5     4  0.139603  0.487781      75.626        5.0        0.0      1.143        353.9230  1.256399      1.000000
    169   1      2   1   5     4  0.139913  0.487810      75.742        2.9        1.1      0.340        203.1773  1.254758      1.000000
    170   1      2   4   1     4  0.139973  0.487816      75.765       11.5        5.9      1.280        809.7319  1.254442      1.000000
    171   1     -4   3   3     4  0.140372  0.487853      75.913        3.1        1.9      0.379        223.0304  1.252353      1.000000
    172   1     -1   0   6     2  0.141134  0.487925      76.197       76.9       61.1      2.121      10986.3945  1.248401      1.000000
    173   1     -6   1   3     4  0.141388  0.487949      76.291        5.8        5.4      0.152        412.4038  1.247098      1.000000
    174   1      1   4   2     4  0.141486  0.487958      76.327        3.8        3.7      0.092        274.8991  1.246597      1.000000
    175   1      4   2   3     4  0.141628  0.487971      76.379        0.6        0.5      0.009         40.9485  1.245874      1.000000
    176   1      1   3   4     4  0.141883  0.487995      76.473      266.0      262.4      2.227      19106.5918  1.244577      1.000000
    177   1     -2   0   6     2  0.141897  0.487996      76.478      115.2      113.9      0.963      16550.6152  1.244505      1.000000
    178   1     -2   4   2     4  0.142250  0.488029      76.608        3.1        3.1      0.043        224.5934  1.242718      1.000000
    179   1      1   2   5     4  0.143092  0.488107      76.916        9.5       10.1      0.537        691.9921  1.238511      1.000000
    180   1     -3   3   4     4  0.143935  0.488184      77.222      415.8      407.9      3.531      30364.5918  1.234362      1.000000

   No.  Code     H   K   L  Mult      Hw      ETA/M    2theta/TOF     Icalc       Iobs      Sigma     StrFactor^2    d-hkl       CORR

    181   1      3   2   4     4  0.145222  0.488301      77.685       83.4      100.2      2.137       6149.1865  1.228156      1.000000
    182   1      4   0   4     2  0.146384  0.488406      78.100       84.7       85.2      2.189      12601.4229  1.222674      1.000000
    183   1      6   1   1     4  0.146433  0.488411      78.117        0.0        0.0      0.000          0.4790  1.222445      1.000000
    184   1      0   0   6     2  0.146489  0.488416      78.137        1.4        1.3      0.040        203.1998  1.222186      1.000000
    185   1     -1   1   6     4  0.147638  0.488518      78.542      204.9      237.0      2.770      15374.9688  1.216887      1.000000
    186   1     -3   4   1     4  0.148297  0.488577      78.773       23.3       24.5      0.298       1757.3971  1.213899      1.000000
    187   1      3   3   3     4  0.148417  0.488587      78.815        4.0        4.1      0.044        301.2545  1.213356      1.000000
    188   1     -2   1   6     4  0.148435  0.488589      78.821       19.6       20.1      0.215       1482.1685  1.213278      1.000000
    189   1      5   2   2     4  0.148564  0.488600      78.867       89.7       90.0      0.940       6772.6060  1.212696      1.000000
    190   1     -3   0   6     2  0.148872  0.488627      78.974       34.0       33.2      0.296       5151.7588  1.211315      1.000000
    191   1      3   4   0     4  0.148947  0.488634      79.000      181.9      179.3      1.522      13781.1240  1.210981      1.000000
    192   1     -6   2   1     4  0.149102  0.488648      79.054        8.3        8.3      0.068        629.0727  1.210291      1.000000
    193   1     -5   3   1     4  0.149196  0.488656      79.087       18.9       19.0      0.155       1436.8364  1.209875      1.000000
    194   1     -5   2   4     4  0.149450  0.488678      79.175      201.5      198.8      1.588      15314.3906  1.208750      1.000000
    195   1      4   3   2     4  0.150652  0.488783      79.589      307.2      294.3      2.759      23540.5117  1.203491      1.000000
    196   1     -6   2   2     4  0.151523  0.488858      79.887       80.5       70.6      1.063       6201.1455  1.199751      1.000000
    197   1     -6   0   4     2  0.151729  0.488876      79.957        4.4        3.9      0.093        673.4045  1.198873      1.000000
    198   1     -1   4   3     4  0.152599  0.488951      80.253       18.3       19.0      0.220       1422.8979  1.195204      1.000000
    199   1      5   3   0     4  0.152799  0.488968      80.320      209.7      213.7      1.530      16287.9883  1.194368      1.000000
    200   1     -5   3   2     4  0.153102  0.488994      80.423      271.9      268.0      1.217      21160.5215  1.193107      1.000000
    201   1      4   1   4     4  0.153122  0.488995      80.429      216.0      212.0      0.956      16809.7090  1.193023      1.000000
    202   1      0   1   6     4  0.153231  0.489005      80.466      229.6      220.5      1.015      17880.0547  1.192571      1.000000
    203   1      2   4   2     4  0.153789  0.489052      80.654      207.2      202.4      0.994      16194.2988  1.190270      1.000000
    204   1      0   4   3     4  0.153817  0.489054      80.663        5.2        5.0      0.025        403.6200  1.190158      1.000000
    205   1      6   2   0     4  0.154198  0.489087      80.791      240.8      224.0      1.490      18868.6992  1.188599      1.000000
    206   1      5   1   3     4  0.154320  0.489097      80.831        0.0        0.0      0.000          3.0425  1.188103      1.000000
    207   1     -4   2   5     4  0.154336  0.489098      80.836        1.9        1.8      0.014        152.0809  1.188039      1.000000
    208   1     -3   4   2     4  0.155173  0.489169      81.115      173.6      155.9      1.602      13680.5732  1.184656      1.000000
    209   1     -5   1   5     4  0.155547  0.489200      81.239        1.9        1.6      0.018        147.0510  1.183162      1.000000
    210   1     -3   1   6     4  0.155723  0.489215      81.297      208.2      180.7      1.917      16457.2656  1.182464      1.000000
    211   1      3   4   1     4  0.157223  0.489340      81.791        1.6        1.6      0.164        131.4821  1.176574      1.000000
    212   1      2   3   4     4  0.157253  0.489342      81.801        2.2        2.2      0.225        177.2529  1.176458      1.000000
    213   1     -2   4   3     4  0.157970  0.489401      82.035        5.5        7.8      0.403        442.1084  1.173694      1.000000
    214   1      1   0   6     2  0.158647  0.489457      82.254      110.8      132.3      1.297      17811.9980  1.171115      1.000000
    215   1     -6   1   4     4  0.158709  0.489462      82.274      216.7      255.1      2.361      17416.8418  1.170882      1.000000
    216   1      6   0   2     2  0.159907  0.489560      82.660      136.5      168.2      2.167      22078.8906  1.166388      1.000000
    217   1      2   2   5     4  0.160142  0.489579      82.736        0.1        0.1      0.003          9.5060  1.165516      1.000000
    218   1     -4   3   4     4  0.160670  0.489621      82.905       22.2       25.8      0.604       1798.7424  1.163570      1.000000
    219   1      1   4   3     4  0.161782  0.489711      83.258        6.4        5.6      0.653        520.9368  1.159527      1.000000
    220   1     -6   2   3     4  0.161825  0.489714      83.272        0.5        0.5      0.056         43.6867  1.159369      1.000000
    221   1     -1   3   5     4  0.162556  0.489773      83.503       27.0       27.4      1.265       2212.0918  1.156751      1.000000
    222   1     -4   0   6     2  0.162969  0.489806      83.633       68.4       56.7      1.730      11238.8467  1.155285      1.000000
    223   1      3   1   5     4  0.163399  0.489840      83.768        2.7        2.5      0.054        225.9710  1.153767      1.000000
    224   1     -7   0   2     2  0.163675  0.489862      83.854      149.2      137.1      2.248      24596.2559  1.152796      1.000000
    225   1      5   3   1     4  0.164459  0.489923      84.099        1.9        1.8      0.060        158.0632  1.150066      1.000000
    226   1     -2   3   5     4  0.165032  0.489968      84.276        0.1        0.1      0.008          4.8402  1.148094      1.000000
    227   1     -5   3   3     4  0.165112  0.489975      84.301        0.1        0.1      0.022         11.7787  1.147818      1.000000
    228   1      1   1   6     4  0.165945  0.490040      84.558       35.7       41.0      2.396       2976.1699  1.144981      1.000000
    229   1      0   3   5     4  0.167077  0.490128      84.906        0.2        0.2      0.015         16.5695  1.141183      1.000000
    230   1      6   1   2     4  0.167264  0.490142      84.963       18.2       17.2      1.434       1520.6646  1.140563      1.000000
    231   1      6   2   1     4  0.167591  0.490167      85.062        2.9        2.7      0.315        246.4230  1.139481      1.000000
    232   1     -1   2   6     4  0.168969  0.490273      85.480      118.7      139.9      2.596      10008.9814  1.134977      1.000000
    233   1      7   0   0     2  0.169845  0.490340      85.744       26.1       31.8      0.273       4410.7910  1.132162      1.000000
    234   1     -2   2   6     4  0.169881  0.490342      85.755      204.8      248.3      2.077      17332.0801  1.132047      1.000000
    235   1     -7   1   1     4  0.170124  0.490361      85.828        0.2        0.2      0.002         13.7829  1.131272      1.000000
    236   1     -4   4   1     4  0.170445  0.490385      85.923       13.9       14.8      0.140       1179.8181  1.130255      1.000000
    237   1     -4   1   6     4  0.170470  0.490387      85.931      138.0      146.5      1.387      11705.3916  1.130175      1.000000
    238   1     -3   4   3     4  0.170642  0.490400      85.983       13.6       14.6      0.147       1156.1420  1.129630      1.000000
    239   1     -7   1   2     4  0.171210  0.490443      86.152        3.8        3.9      0.073        323.7006  1.127844      1.000000
    240   1      4   4   0     4  0.172872  0.490567      86.643      180.1      148.7      2.933      15415.7637  1.122704      1.000000

   No.  Code     H   K   L  Mult      Hw      ETA/M    2theta/TOF     Icalc       Iobs      Sigma     StrFactor^2    d-hkl       CORR

    241   1      3   4   2     4  0.174424  0.490682      87.098      175.3      155.1      2.281      15085.0615  1.118011      1.000000
    242   1     -3   3   5     4  0.174841  0.490713      87.219       26.8       23.6      0.429       2310.8835  1.116769      1.000000
    243   1      4   2   4     4  0.175255  0.490743      87.339       57.4       56.4      0.876       4951.7090  1.115541      1.000000
    244   1      0   2   6     4  0.175380  0.490752      87.376        4.2        4.2      0.068        366.6175  1.115170      1.000000
    245   1      5   2   3     4  0.176630  0.490843      87.736        4.6        4.3      0.058        400.9715  1.111515      1.000000
    246   1     -4   4   2     4  0.176633  0.490844      87.737      199.5      183.6      2.482      17287.9492  1.111508      1.000000
    247   1      4   3   3     4  0.177378  0.490898      87.951       20.4       20.2      0.268       1774.7560  1.109358      1.000000
    248   1      2   4   3     4  0.177579  0.490912      88.008       14.5       15.1      0.160       1264.4871  1.108783      1.000000
    249   1      7   1   0     4  0.177678  0.490919      88.036      127.4      133.2      1.379      11076.8457  1.108499      1.000000
    250   1     -5   2   5     4  0.178040  0.490945      88.140        6.0        6.0      0.084        518.5893  1.107466      1.000000
    251   1     -3   2   6     4  0.178242  0.490960      88.197       50.7       52.1      0.812       4419.4868  1.106894      1.000000
    252   1      1   3   5     4  0.179216  0.491030      88.473        5.8        5.7      0.097        507.7114  1.104150      1.000000
    253   1      2   0   6     2  0.179309  0.491036      88.499       51.8       51.0      0.807       9044.1016  1.103892      1.000000
    254   1     -1   4   4     4  0.179859  0.491076      88.654      255.3      259.1      2.662      22342.8945  1.102360      1.000000
    255   1     -7   1   3     4  0.181115  0.491165      89.007        0.7        0.6      0.014         57.9511  1.098906      1.000000
    256   1     -6   2   4     4  0.181678  0.491205      89.164       12.7       12.5      0.239       1112.7726  1.097376      1.000000
    257   1      3   3   4     4  0.181893  0.491220      89.224      148.8      151.2      2.548      13096.8848  1.096794      1.000000
    258   1      0   4   4     4  0.183087  0.491303      89.555       12.9       12.0      0.392       1139.3594  1.093598      1.000000
    259   1      4   4   1     4  0.184314  0.491389      89.892        1.1        1.3      0.018         97.7537  1.090366      1.000000
    260   1      5   0   4     2  0.184381  0.491393      89.910      115.1      132.4      1.819      20386.6602  1.090193      1.000000
    261   1     -2   4   4     4  0.184414  0.491396      89.919       81.8       93.6      1.275       7240.7925  1.090107      1.000000
    262   1      5   3   2     4  0.186105  0.491512      90.381       55.7       59.8      0.780       4951.9116  1.085741      1.000000
    263   1     -5   0   6     2  0.186230  0.491521      90.414      123.9      131.3      1.733      22047.7422  1.085423      1.000000
    264   1     -6   3   1     4  0.186785  0.491559      90.564       11.7       13.1      0.210       1046.3672  1.084014      1.000000
    265   1      3   2   5     4  0.187088  0.491579      90.646        1.8        1.9      0.027        162.0914  1.083249      1.000000
    266   1     -5   3   4     4  0.187224  0.491589      90.683       68.4       69.4      0.916       6095.9302  1.082906      1.000000
    267   1     -6   1   5     4  0.187299  0.491594      90.703        5.2        5.2      0.068        462.5601  1.082719      1.000000
    268   1      2   1   6     4  0.187616  0.491615      90.788       48.5       47.9      0.742       4329.4209  1.081924      1.000000
    269   1      1   5   0     4  0.188431  0.491671      91.007      112.0      120.5      1.670      10009.6309  1.079896      1.000000
    270   1      0   5   1     4  0.189112  0.491717      91.188        3.2        3.3      0.067        289.1024  1.078216      1.000000
    271   1     -6   3   2     4  0.189847  0.491766      91.384      113.3      117.1      1.001      10151.7148  1.076421      1.000000
    272   1      1   2   6     4  0.190033  0.491778      91.433      257.5      261.4      2.181      23084.8145  1.075968      1.000000
    273   1     -1   5   1     4  0.191331  0.491865      91.776        5.4        4.9      0.042        480.8115  1.072847      1.000000
    274   1      6   2   2     4  0.191561  0.491880      91.836      294.0      260.9      2.373      26436.9766  1.072299      1.000000
    275   1     -4   4   3     4  0.192481  0.491941      92.077        3.3        3.1      0.039        301.4723  1.070121      1.000000
    276   1     -7   0   4     2  0.192567  0.491947      92.099       72.1       66.7      0.830      12983.3906  1.069919      1.000000
    277   1      5   1   4     4  0.192952  0.491972      92.200        5.3        5.0      0.077        473.4992  1.069017      1.000000
    278   1      6   3   0     4  0.193240  0.491991      92.275       29.4       28.8      0.598       2647.6794  1.068345      1.000000
    279   1     -4   3   5     4  0.193415  0.492003      92.320        1.2        1.2      0.028        107.9124  1.067939      1.000000
    280   1      1   4   4     4  0.194576  0.492079      92.621       51.5       55.4      1.222       4653.0225  1.065258      1.000000
    281   1     -7   2   1     4  0.194878  0.492098      92.699        5.2        5.3      0.109        465.6167  1.064567      1.000000
    282   1     -5   1   6     4  0.194900  0.492100      92.704        1.2        1.2      0.025        109.0656  1.064518      1.000000
    283   1      1   5   1     4  0.195146  0.492116      92.768        5.8        5.8      0.108        522.3301  1.063956      1.000000
    284   1      7   1   1     4  0.195162  0.492117      92.772        0.1        0.1      0.001          5.7707  1.063921      1.000000
    285   1     -4   2   6     4  0.195280  0.492125      92.802       73.7       73.0      1.287       6669.2739  1.063653      1.000000
    286   1     -7   2   2     4  0.196140  0.492180      93.022      287.3      272.2      2.743      26026.8398  1.061709      1.000000
    287   1     -3   4   4     4  0.197431  0.492264      93.351       10.5        9.6      0.228        956.6232  1.058831      1.000000
    288   1      4   1   5     4  0.199362  0.492387      93.839        0.1        0.1      0.021         11.0553  1.054610      1.000000
    289   1      2   3   5     4  0.200819  0.492479      94.203        0.4        0.4      0.011         34.4315  1.051490      1.000000
    290   1      2   5   0     4  0.201040  0.492493      94.258      138.5      155.0      2.789      12626.3232  1.051021      1.000000
    291   1      6   1   3     4  0.201084  0.492496      94.269        4.5        5.1      0.087        413.0684  1.050927      1.000000
    292   1     -2   1   7     4  0.201377  0.492514      94.342       11.1       12.3      0.194       1014.8176  1.050308      1.000000
    293   1     -7   1   4     4  0.201580  0.492527      94.392       48.7       54.1      0.907       4442.7915  1.049882      1.000000
    294   1     -2   5   1     4  0.202144  0.492562      94.532       15.4       18.0      0.315       1406.0304  1.048697      1.000000
    295   1     -1   1   7     4  0.202277  0.492570      94.565        0.1        0.1      0.001          6.3920  1.048421      1.000000
    296   1     -6   3   3     4  0.202975  0.492614      94.737        4.0        4.4      0.093        368.0245  1.046969      1.000000
    297   1      7   2   0     4  0.203677  0.492658      94.909      139.3      155.2      1.866      12734.7070  1.045525      1.000000
    298   1      3   4   3     4  0.203697  0.492659      94.914        4.1        4.6      0.054        374.0853  1.045483      1.000000
    299   1      0   5   2     4  0.203999  0.492677      94.988       89.5       96.9      1.150       8181.4106  1.044865      1.000000
    300   1     -1   5   2     4  0.204373  0.492701      95.079       43.2       43.9      0.677       3948.6541  1.044101      1.000000

   No.  Code     H   K   L  Mult      Hw      ETA/M    2theta/TOF     Icalc       Iobs      Sigma     StrFactor^2    d-hkl       CORR

    301   1     -5   4   1     4  0.204790  0.492726      95.181        0.2        0.2      0.004         19.8042  1.043254      1.000000
    302   1      4   4   2     4  0.206840  0.492852      95.677        4.0        4.9      0.680        367.4421  1.039153      1.000000
    303   1     -7   2   3     4  0.207698  0.492904      95.884        2.7        4.1      0.580        251.0025  1.037464      1.000000
    304   1     -3   1   7     4  0.209415  0.493008      96.293        0.7        0.6      0.088         67.1568  1.034135      1.000000
    305   1      5   4   0     4  0.209871  0.493035      96.401       19.3       18.0      1.260       1775.4861  1.033263      1.000000
    306   1     -5   4   2     4  0.210299  0.493061      96.503       15.9       16.3      0.777       1455.8717  1.032446      1.000000
    307   1      2   5   1     4  0.210389  0.493066      96.524       13.8       14.3      0.679       1269.9327  1.032275      1.000000
    308   1      6   3   1     4  0.210401  0.493067      96.527        1.7        1.8      0.084        157.2067  1.032254      1.000000
    309   1      3   0   6     2  0.212000  0.493162      96.903        0.0        0.0      0.001          5.1613  1.029245      1.000000
    310   1     -1   3   6     4  0.212185  0.493173      96.946      109.3      110.3      1.635      10046.1035  1.028901      1.000000
    311   1      0   1   7     4  0.212262  0.493177      96.964        1.8        1.9      0.025        169.8466  1.028758      1.000000
    312   1      1   5   2     4  0.212730  0.493205      97.073      198.9      194.7      2.117      18288.2754  1.027891      1.000000
    313   1     -2   3   6     4  0.213367  0.493242      97.222       20.4       18.0      0.214       1871.9606  1.026717      1.000000
    314   1     -2   5   2     4  0.213916  0.493275      97.349      157.5      144.5      1.517      14487.6699  1.025713      1.000000
    315   1     -6   2   5     4  0.214965  0.493336      97.591        1.5        1.4      0.020        139.9884  1.023811      1.000000
    316   1      2   2   6     4  0.215339  0.493358      97.678      112.7      112.6      1.343      10374.9551  1.023138      1.000000
    317   1      7   0   2     2  0.215734  0.493381      97.768        2.1        2.1      0.026        388.6005  1.022430      1.000000
    318   1      2   4   4     4  0.216199  0.493408      97.875      135.7      138.8      1.821      12490.7227  1.021601      1.000000
    319   1      4   3   4     4  0.220368  0.493646      98.819      118.6      126.6      1.442      10971.5547  1.014355      1.000000
    320   1      0   3   6     4  0.220532  0.493656      98.856      136.6      144.4      1.395      12636.4570  1.014077      1.000000
    321   1     -4   4   4     4  0.221093  0.493687      98.981      127.7      130.2      1.011      11838.0625  1.013128      1.000000
    322   1      5   2   4     4  0.221644  0.493718      99.104      148.2      160.1      1.002      13774.4023  1.012202      1.000000
    323   1     -8   0   2     2  0.221857  0.493730      99.151       12.5       13.6      0.081       2317.0002  1.011846      1.000000
    324   1      3   1   6     4  0.222142  0.493746      99.214      222.0      238.2      1.456      20677.0195  1.011370      1.000000
    325   1      5   3   3     4  0.222169  0.493748      99.220        1.5        1.6      0.010        138.4783  1.011326      1.000000
    326   1     -6   0   6     2  0.222935  0.493791      99.390       22.0       22.4      0.189       4128.7095  1.010054      1.000000
    327   1     -3   5   1     4  0.223376  0.493815      99.487        0.9        0.9      0.007         81.9949  1.009328      1.000000
    328   1     -1   4   5     4  0.223809  0.493840      99.583        9.6        9.5      0.067        908.5264  1.008617      1.000000
    329   1     -5   2   6     4  0.223954  0.493848      99.615      160.3      156.4      1.110      15232.5488  1.008381      1.000000
    330   1     -5   3   5     4  0.224020  0.493851      99.629        0.1        0.1      0.001         11.0374  1.008273      1.000000
    331   1      7   2   1     4  0.224265  0.493865      99.683        0.6        0.6      0.005         59.7005  1.007873      1.000000
    332   1     -3   3   6     4  0.224285  0.493866      99.687      189.3      182.8      1.483      18143.1230  1.007841      1.000000
    333   1      3   5   0     4  0.224403  0.493873      99.713        2.7        2.6      0.023        259.0289  1.007649      1.000000

     -----------------------------------------------------
     BRAGG R-Factors and weight fractions for Pattern #  1
     -----------------------------------------------------

 => Phase:  1      #(C) 2021 by FIZ Karlsruhe - Leibniz Institute for Information Infrastructure.  All rights reserved.
 => Bragg R-factor:   5.90       Vol:  324.106( 0.006)  Fract(%):  100.00( 0.24)
 => Rf-factor=  5.00             ATZ:        1095.733   Brindley:  1.0000

     -----------------------------------------------------------------
      SYMBOLIC NAMES AND FINAL VALUES AND SIGMA OF REFINED PARAMETERS:
     -----------------------------------------------------------------

      ->  Parameter number    1 :                                          Zero_pat1   -0.39238188E-01( +/-    0.53068536E-03 )
      ->  Parameter number    2 :                                     Scale_ph1_pat1    0.20343536E-02( +/-    0.34770233E-05 )
      ->  Parameter number    3 :                                    Cell_A_ph1_pat1     8.1091776    ( +/-    0.86443179E-04 )
      ->  Parameter number    4 :                                    Cell_B_ph1_pat1     5.4503174    ( +/-    0.60104481E-04 )
      ->  Parameter number    5 :                                    Cell_C_ph1_pat1     7.5034122    ( +/-    0.77840508E-04 )
      ->  Parameter number    6 :                                    Cell_E_ph1_pat1     102.23013    ( +/-    0.62776805E-03 )
      ->  Parameter number    7 :                                    U-Cagl_ph1_pat1    0.54008923E-01( +/-    0.14737017E-02 )
      ->  Parameter number    8 :                                    W-Cagl_ph1_pat1    0.10719948E-01( +/-    0.18627341E-03 )
      ->  Parameter number    9 :                                    V-Cagl_ph1_pat1   -0.30617008E-01( +/-    0.10597393E-02 )
      ->  Parameter number   10 :                                     EtaPV_ph1_pat1    0.46865365    ( +/-    0.11722586E-01 )
      ->  Parameter number   11 :                                     X-tan_ph1_pat1    0.25291461E-03( +/-    0.34102611E-03 )
      ->  Parameter number   12 :                                     Asym1_ph1_pat1    0.53855260E-02( +/-    0.29210243E-02 )
      ->  Parameter number   13 :                                     Asym2_ph1_pat1    0.40944605E-02( +/-    0.69495989E-03 )
      ->  Parameter number   14 :                                          X_Na1_ph1    0.38014579    ( +/-    0.61378209E-03 )
      ->  Parameter number   15 :                                          Y_Na1_ph1    0.78506786    ( +/-    0.14784486E-02 )
      ->  Parameter number   16 :                                          Z_Na1_ph1    0.10485224    ( +/-    0.71681134E-03 )
      ->  Parameter number   17 :                                          X_Ta1_ph1    0.15920845    ( +/-    0.97093201E-04 )
      ->  Parameter number   18 :                                          Y_Ta1_ph1    0.25843596    ( +/-    0.37484840E-03 )
      ->  Parameter number   19 :                                          Z_Ta1_ph1    0.29724312    ( +/-    0.12167967E-03 )
      ->  Parameter number   20 :                                           X_O1_ph1    0.21450992    ( +/-    0.10860342E-02 )
      ->  Parameter number   21 :                                           Y_O1_ph1    0.14933902    ( +/-    0.13164015E-02 )
      ->  Parameter number   22 :                                           Z_O1_ph1    0.53014852E-01( +/-    0.14755701E-02 )
      ->  Parameter number   23 :                                           X_O2_ph1    0.66175535E-01( +/-    0.11981556E-02 )
      ->  Parameter number   24 :                                           Y_O2_ph1    0.55749071    ( +/-    0.17130913E-02 )
      ->  Parameter number   25 :                                           Z_O2_ph1    0.22254580    ( +/-    0.14866024E-02 )
      ->  Parameter number   26 :                                           X_F1_ph1    0.37698272    ( +/-    0.11879401E-02 )
      ->  Parameter number   27 :                                           Y_F1_ph1    0.47649178    ( +/-    0.16988687E-02 )
      ->  Parameter number   28 :                                           Z_F1_ph1    0.30670184    ( +/-    0.14081108E-02 )
      ->  Parameter number   29 :                                           X_F2_ph1    0.34344471    ( +/-    0.10877578E-02 )
      ->  Parameter number   30 :                                           Y_F2_ph1    0.99318111    ( +/-    0.15879988E-02 )
      ->  Parameter number   31 :                                           Z_F2_ph1    0.38022470    ( +/-    0.12667511E-02 )

 ------------------------------------------------------------------
 => Number of bytes for floating point variables: 4
 => Dimensions of dynamic allocated arrays in this run of FullProf:
 ------------------------------------------------------------------

 => Total approximate array memory (dynamic + static): 128536585 bytes

    MaxPOINT=    60000 Max.num. of points(+int. Inten.)/diffraction pattern       
    MaxREFLT=    20000 Max.num. of reflections/diffraction pattern               
    MaxPARAM=      300 Max.num. of refinable parameters                          
    MaxOVERL=    18096 Max.num. of overlapping reflections                       

 ----------------------------------------------------------
 => Number of bytes for floating point arrays: 4
 => Dimensions of fixed arrays in this release of FullProf:
 ----------------------------------------------------------

    NPATT   =       80 Max.num. of powder diffraction patterns                    
    NATS    =      830 Max.num. of atoms (all kind) in asymmetric unit            
    MPAR    =     1800 Max.num. of non atomic parameters/phase                    
    IEXCL   =       30 Max.num. of excluded regions                               
    IBACP   =      377 Max.num. of background points for interpolation            
    NPHT    =       16 Max.num. of phases                                         
    NMAGM   =        8 Max.num. of rotation-matrices sets for magnetic structure  
    NBASIS  =       12 Max.num. of basis functions associated to a single atom    
    NIREPS  =        9 Max.num. of irreducible representations to be combined     
    N_EQ    =      384 Max.num. of user-supplied symmetry operators/propagation vectors
    NGL     =      400 Max.num. of global parameters/diffraction pattern          
    N_LINC  =       50 Max.num. of global linear restraints                        
    NAT_P   =       80 Max.num. of atomic parameters per atom                     
    NCONST  =      500 Max.num. of slack constraints per phase                    
    N_SPE   =       30 Max.num. of different chemical species                     
    N_FORM  =       60 Max.num. of scattering factor values in a table            
    NPR     =      150 Max.num. of points defining a numerical profile            
    INPR    =       25 Max.num. of different numerical peak shapes                
    NPRC    =      150 Max.num. of terms in the table for correcting intensities  
    NSOL    =       10 Max.num. of solutions to be stored in Montecarlo searchs   

 
              CPU Time:     1.039 seconds
                            0.017 minutes

 => Run finished at:     Date: 07/02/2023  Time: 11:13:21.137                              
