

        **********************************************************
        ** PROGRAM FullProf.2k (Version 7.30 - Mar2020-ILL JRC) **
        **********************************************************
                       M U L T I -- P A T T E R N                 
            Rietveld, Profile Matching & Integrated Intensity     
                 Refinement of X-ray and/or Neutron Data


    Date: 03/02/2023  Time: 18:35:34.685                              

 => PCR file code: NaNbO2F2
 => DAT file code: NaNbO2F2.dat         -> Relative contribution: 1.0000                                                            

 ==> CONDITIONS OF THIS RUN FOR PATTERN No.:  1

 => Global Refinement of X-ray powder diffraction data                                                                              
 => Global Refinement of X-ray powder diffraction data                                                                              
    Bragg-Brentano(X-rays) or Debye-Scherrer geometry(Neutrons)
 => Title:  #(C) 2021 by FIZ Karlsruhe - Leibniz Institute for Information Infrastructure.  All rights reserved.

 => Number of phases:    1
 => Number of excluded regions:    1
 => Number of scattering factors supplied:    0
 => Conventional weights: w=1.0/Variance(yobs)
 => Asymmetry correction as in J.Appl.Cryst. 26,128(1993)
 => Background linearly interpolated between the   23 points given
 => The    5th default profile function was selected
 => Pseudo-Voigt function (ETA variable)
                 X-parameter correspond to: ETA=ETA0+X*2theta
                       pV(x)= ETA*L(x)+(1-ETA)*G(x)

 ==> INPUT/OUTPUT OPTIONS:

 => Generate file *.PRF for plot
 => Output Integrated Intensities
 => Generate new input file *.PCR

 => X-Y type of data: 2theta/TOF/E(Kev) Intens sigma for pattern:  1
 => Plot pattern at each cycle
 => Wavelengths:  1.54056 1.54439
 => Alpha2/Alpha1 ratio:   0.5000
 => Cos(Monochromator angle)=   0.9100
 => Asymmetry correction for angles lower than   90.000 degrees
 => Absorption correction (AC), muR-eff =   0.0000  0.0000
 => Base of peaks: 2.0*HW*    8.00

 => Number of cycles:   33
 => Relaxation factors ==>    for coordinates:  1.00
 => for anisotropic temperature factors:  1.00
 => for halfwidth/strain/size parameters:  1.00
 => for lattice constants and propagation vectors:  1.00
 => EPS-value for convergence:    0.1
 => Background ==> 
    Position   Intensity
       10.14     7479.92        0.00
       12.24     7868.22        0.00
       13.80     7860.45        0.00
       15.82     7419.85        0.00
       18.67     7158.13        0.00
       20.96     7383.82        0.00
       25.18     7329.83        0.00
       30.96     7025.42        0.00
       35.67     6484.55        0.00
       38.51     6434.26        0.00
       42.43     6369.66        0.00
       45.31     6481.33        0.00
       54.22     6426.00        0.00
       62.28     6096.69        0.00
       67.01     5959.77        0.00
       75.24     5976.23        0.00
       78.27     5813.91        0.00
       81.82     5838.81        0.00
       85.39     5833.03        0.00
       90.71     5744.93        0.00

       94.06     5760.14        0.00
       96.41     5750.36        0.00
       99.90     5667.68        0.00

 

 => Excluded regions for Pattern#  1
    From     to
     14.0000     18.0000

 => Number of Least-Squares parameters varied:    32

 =>--------------------------->
 =>------->  PATTERN number:  1
 =>--------------------------->
 => Global parameters and codes ==>
 => Zero-point:     0.0112   11.0000
 => Displacement peak-shift parameter and code:     0.00    0.00
 => Transparency peak-shift parameter and code:     0.00    0.00

 => Reading Intensity data  =>>

 -> No recognizable heading in input data file X,Y,sigma
    First 6 lines are considered as COMMENTS (except for TSAMP keyword)
 -> COMMENT: 10.0116	7427.00000                                                                                                                  
 -> COMMENT: 10.0247	7587.00000                                                                                                                  
 -> COMMENT: 10.0379	7487.00000                                                                                                                  
 -> COMMENT: 10.0510	7406.00000                                                                                                                  
 -> COMMENT: 10.0641	7508.00000                                                                                                                  
 -> COMMENT: 10.0772	7534.00000                                                                                                                  
 ==> Angular range, step and number of points:
     2Thmin:      10.090400  2Thmax:      99.993401  Step:       0.013132  No. of points:   6848
 --------------------------------------------------------------------------------
 => Phase  No. 1
       #(C) 2021 by FIZ Karlsruhe - Leibniz Institute for Information Infras
 --------------------------------------------------------------------------------
 =>-------> Pattern#  1
 => Crystal Structure Refinement
 => Preferred orientation vector:   1.0000  0.0000  0.0000

 =>-------> Data for PHASE: 1
 => Number of atoms:    6
 => Number of distance  constraints:    0
 => Number of angle     constraints:    0

 => Symmetry information on space group: P 1 21/c 1          
 -> The multiplicity of the general position is:   4
 -> The space group is Centric (-1 at origin)   
 -> Lattice type  P: { 000 }                                       
 -> Reduced set of symmetry operators:

  No.  IT   Symmetry symbol    Rotation part     Associated Translation
   1: ( 1)   1            -->     ( x, y, z) + {  0.0000  0.0000  0.0000}
   2: ( 3)   2 ( 0, y, 0) -->     (-x, y,-z) + {  0.0000  0.5000  0.5000}


        Information on Space Group: 
        --------------------------- 

 =>   Number of Space group:  14
 =>  Hermann-Mauguin Symbol: P 1 21/c 1
 =>             Hall Symbol: -P 2ybc
 =>    Table Setting Choice: b1
 =>            Setting Type: IT (Generated from Hermann-Mauguin symbol)
 =>          Crystal System: Monoclinic
 =>              Laue Class: 2/m
 =>             Point Group: 2/m
 =>         Bravais Lattice: P
 =>          Lattice Symbol: mP
 =>  Reduced Number of S.O.:   2
 =>    General multiplicity:   4
 =>          Centrosymmetry: Centric (-1 at origin)
 =>  Generators (exc. -1&L):   1
 =>         Asymmetric unit:  0.000 <= x <=  1.000
                              0.000 <= y <=  0.250
                              0.000 <= z <=  1.000

 => List of S.O. without inversion and lattice centring translations
 => SYMM(  1): x,y,z                               => SYMM(  2): -x,y+1/2,-z+1/2


 => Initial parameters ==>
 Atom    Ntyp                  X         Y         Z         B         occ.         in  fin  Spc  Mult
                             B11       B22       B33       B12       B13       B23
 Na1    Na                 0.37005   0.78864   0.11598   1.12908   1.00000           0    0    0    4
                 Codes:  151.00000 161.00000 171.00000   0.00000   0.00000
 Nb1    Nb                 0.15549   0.25659   0.31709   1.31779   1.00000           0    0    0    4
                 Codes:  181.00000 191.00000 201.00000   0.00000   0.00000
 O1     O                  0.18002   0.16522   0.05728   1.45281   1.00000           0    0    0    4
                 Codes:  211.00000 221.00000 231.00000   0.00000   0.00000
 O2     O                  0.07027   0.59161   0.23608   1.45281   1.00000           0    0    0    4
                 Codes:  241.00000 251.00000 261.00000   0.00000   0.00000
 F1     F                  0.36315   0.42829   0.30961   1.79232   1.00000           0    0    0    4
                 Codes:  271.00000 281.00000 291.00000   0.00000   0.00000
 F2     F                  0.31868   0.98099   0.37827   1.79232   1.00000           0    0    0    4
                 Codes:  301.00000 311.00000 321.00000   0.00000   0.00000

 => IT IS ASSUMED THAT THE FIRST GIVEN SITE IS FULLY OCCUPIED 
    OR THE FIRST AND SECOND ATOMS ARE IN THE SAME SITE WITH TOTAL FULL OCCUPATION
  (If this is not the case, change the order of atoms to obtain correct values for the content of the unit cell)
    The given occupation factors have been obtained mutiplying m/M by   1.0000
      -> Atom: Na  ,  Chemical element: NA  Atomic Mass:    22.9898
      -> Atom: Nb  ,  Chemical element: NB  Atomic Mass:    92.9064
      -> Atom: O   ,  Chemical element: O   Atomic Mass:    15.9994
      -> Atom: O   ,  Chemical element: O   Atomic Mass:    15.9994
      -> Atom: F   ,  Chemical element: F   Atomic Mass:    18.9984
      -> Atom: F   ,  Chemical element: F   Atomic Mass:    18.9984
 => The given value of ATZ is        743.57 the program has calculated:         743.57
    The value of ATZ given in the input PCR file will be used for quantitative analysis
 => The chemical content of the unit cell is: 
       4.0000 Na   +   4.0000 Nb   +   4.0000 O    +   4.0000 O    +   4.0000 F    +   4.0000 F      
 => The normalized site occupation numbers in % are: 
     100.0000 Na1    :      100.0000 Nb1    :      100.0000 O1     :      100.0000 O2     :      100.0000 F1     :      100.0000 F2       
 => The density (volumic mass) of the compound is:    3.765 g/cm3

 =>-------> PROFILE PARAMETERS FOR PATTERN:  1

 => Overall scale factor:   0.650180E-02
 => ETA (p-Voigt) OR M (Pearson VII):   0.4042
 => Overall temperature factor:      0.00000
 => Halfwidth U,V,W:      0.02484    -0.00932     0.00610
 => X and Y parameters:       0.0051      0.0000
 => Direct cell parameters:    8.0576   5.4477   7.6464  90.0000 102.2769  90.0000
 => Preferred orientation parameters:  -0.4054  0.0000
 => Asymmetry parameters     :      0.02655     0.01364     0.00000     0.00000
 => Strain parameters        :      0.00000     0.00000     0.00000
 => Size   parameters        :      0.00000     0.00000

 ==> CODEWORDS FOR PROFILE PARAMETERS of PATTERN#  1

 => Overall scale factor:   21.000
 => ETA (p-Voigt) OR M (Pearson VII):  101.000
 => Overall temperature factor:    0.000
 => Halfwidth U,V,W:   71.000  91.000  81.000
 => X and Y parameters:  111.000   0.000
 => Direct cell parameters:   31.000  41.000  51.000   0.000  61.000   0.000
 => Preferred orientation parameters:  141.000   0.000
 => Asymmetry parameters     :  121.000 131.000   0.000   0.000
 => Strain parameters        :    0.000   0.000   0.000
 => Size   parameters        :    0.000   0.000

 => Cell constraints according to Laue symmetry: 2/m  

        Metric information:
        -------------------

 => Direct cell parameters:

         a =       8.0576      b =       5.4477      c =       7.6464
     alpha =       90.000   beta =      102.277  gamma =       90.000
                        Direct Cell Volume =     327.9663

 => Reciprocal cell parameters:

         a*=     0.127011      b*=     0.183564      c*=     0.133842
     alpha*=       90.000   beta*=       77.723  gamma*=       90.000
                    Reciprocal Cell Volume =   0.00304909

 => Direct and Reciprocal Metric Tensors:

                   GD                                       GR
     64.9254      0.0000    -13.1009          0.016132    0.000000    0.003615
      0.0000     29.6775      0.0000          0.000000    0.033696    0.000000
    -13.1009      0.0000     58.4671          0.003615    0.000000    0.017914

 =>  Cartesian frame: z // c; y is in the bc-plane; x is y ^ z = a*  

     Crystal_to_Orthonormal_Matrix              Orthonormal_to_Crystal Matrix
              Cr_Orth_cel                               Orth_Cr_cel  
      8.0576      0.0000     -1.6259          0.124106   -0.000000    0.027007
      0.0000      5.4477      0.0000          0.000000    0.183564   -0.000000
      0.0000      0.0000      7.4715          0.000000    0.000000    0.133842

     Busing-Levy B-matrix: Hc=B.H            Inverse of the Busing-Levy B-matrix
                BL_M                                      BL_Minv  
    0.127011    0.000000    0.028460            7.8734     -0.0000     -1.7133
    0.000000    0.183564   -0.000000            0.0000      5.4477      0.0000
    0.000000    0.000000    0.130781            0.0000      0.0000      7.6464

 => Laue symmetry 2/m   will be used to generate HKL for pattern#   1
 => Reflections generated between S(1/d)min:  0.1139 A-1 and S(1/d)max:  1.0091 A-1
 =>                                    dmax:  8.7808 A   and      dmin:  0.9910 A
 => The number of reflections generated is:    355
 => The max. scatt. variable (gen.ref.) is:       102.0230
 => Scattering coefficients from internal table


 => X-ray scattering coeff. (A1, B1, A2,...C, f(0), Z, Dfp,Dfpp)

 NA      4.7626   3.2850   3.1736   8.8422   1.2674   0.3136   1.1128 129.4240   0.6760  10.9924  11.0000   0.1290   0.1240
 NB     17.6142   1.1887  12.0144  11.7660   4.0418   0.2048   3.5335  69.7957   3.7559  40.9598  41.0000  -0.2480   2.4820
 O       3.0485  13.2771   2.2868   5.7011   1.5463   0.3239   0.8670  32.9089   0.2508   7.9994   8.0000   0.0470   0.0320
 F       3.5392  10.2825   2.6412   4.2944   1.5170   0.2615   1.0243  26.1476   0.2776   8.9993   9.0000   0.0690   0.0530

     --------------------------------------------------------------
      SYMBOLIC NAMES AND INITIAL VALUES OF PARAMETERS TO BE VARIED:
     --------------------------------------------------------------

      ->  Parameter number    1   -> Symbolic Name:                                          Zero_pat1    0.11190000E-01
      ->  Parameter number    2   -> Symbolic Name:                                     Scale_ph1_pat1    0.65017999E-02
      ->  Parameter number    3   -> Symbolic Name:                                    Cell_A_ph1_pat1     8.0576305    
      ->  Parameter number    4   -> Symbolic Name:                                    Cell_B_ph1_pat1     5.4477029    
      ->  Parameter number    5   -> Symbolic Name:                                    Cell_C_ph1_pat1     7.6463752    
      ->  Parameter number    6   -> Symbolic Name:                                    Cell_E_ph1_pat1     102.27693    
      ->  Parameter number    7   -> Symbolic Name:                                    U-Cagl_ph1_pat1    0.24843000E-01
      ->  Parameter number    8   -> Symbolic Name:                                    W-Cagl_ph1_pat1    0.60959999E-02
      ->  Parameter number    9   -> Symbolic Name:                                    V-Cagl_ph1_pat1   -0.93200002E-02
      ->  Parameter number   10   -> Symbolic Name:                                     EtaPV_ph1_pat1    0.40417999    
      ->  Parameter number   11   -> Symbolic Name:                                     X-tan_ph1_pat1    0.50840001E-02
      ->  Parameter number   12   -> Symbolic Name:                                     Asym1_ph1_pat1    0.26550001E-01
      ->  Parameter number   13   -> Symbolic Name:                                     Asym2_ph1_pat1    0.13640000E-01
      ->  Parameter number   14   -> Symbolic Name:                                       Or1_ph1_pat1   -0.40536001    
      ->  Parameter number   15   -> Symbolic Name:                                          X_Na1_ph1    0.37005001    
      ->  Parameter number   16   -> Symbolic Name:                                          Y_Na1_ph1    0.78864002    
      ->  Parameter number   17   -> Symbolic Name:                                          Z_Na1_ph1    0.11598000    
      ->  Parameter number   18   -> Symbolic Name:                                          X_Nb1_ph1    0.15549000    
      ->  Parameter number   19   -> Symbolic Name:                                          Y_Nb1_ph1    0.25659001    
      ->  Parameter number   20   -> Symbolic Name:                                          Z_Nb1_ph1    0.31709000    
      ->  Parameter number   21   -> Symbolic Name:                                           X_O1_ph1    0.18002000    
      ->  Parameter number   22   -> Symbolic Name:                                           Y_O1_ph1    0.16522001    
      ->  Parameter number   23   -> Symbolic Name:                                           Z_O1_ph1    0.57280000E-01
      ->  Parameter number   24   -> Symbolic Name:                                           X_O2_ph1    0.70270002E-01
      ->  Parameter number   25   -> Symbolic Name:                                           Y_O2_ph1    0.59161001    
      ->  Parameter number   26   -> Symbolic Name:                                           Z_O2_ph1    0.23608001    
      ->  Parameter number   27   -> Symbolic Name:                                           X_F1_ph1    0.36315000    
      ->  Parameter number   28   -> Symbolic Name:                                           Y_F1_ph1    0.42829001    
      ->  Parameter number   29   -> Symbolic Name:                                           Z_F1_ph1    0.30961001    
      ->  Parameter number   30   -> Symbolic Name:                                           X_F2_ph1    0.31867999    
      ->  Parameter number   31   -> Symbolic Name:                                           Y_F2_ph1    0.98098999    
      ->  Parameter number   32   -> Symbolic Name:                                           Z_F2_ph1    0.37827000    
  
 
 => No optimization for routine tasks
 ++++++++++++++++++++++++++++++++++++++++++++++++++++++++++++++++++++++++++++++++++++++++++++++++++++++++++++++++++++++++

 => CYCLE No.:    1
 ---------------------------------------------------------------------------------------
 => Phase  1 Name:  #(C) 2021 by FIZ Karlsruhe - Leibniz Institute for Information Infras
 ---------------------------------------------------------------------------------------
 => New parameters, shifts, and standard deviations

 Atom        x       dx      sx       y       dy      sy       z       dz      sz       B       dB      sB      occ.    docc.   socc.

 Na1      0.37004-0.00001 0.00045  0.78864-0.00000 0.00122  0.11598-0.00000 0.00062  1.12908 0.00000 0.00000  1.00000 0.00000 0.00000
 Nb1      0.15549-0.00000 0.00014  0.25659-0.00000 0.00056  0.31709-0.00000 0.00021  1.31779 0.00000 0.00000  1.00000 0.00000 0.00000
 O1       0.18002-0.00000 0.00085  0.16522-0.00000 0.00129  0.05727-0.00001 0.00144  1.45281 0.00000 0.00000  1.00000 0.00000 0.00000
 O2       0.07027-0.00000 0.00077  0.59160-0.00001 0.00161  0.23608-0.00000 0.00109  1.45281 0.00000 0.00000  1.00000 0.00000 0.00000
 F1       0.36315-0.00000 0.00076  0.42825-0.00004 0.00121  0.30961 0.00000 0.00100  1.79232 0.00000 0.00000  1.00000 0.00000 0.00000
 F2       0.31868-0.00000 0.00074  0.98098-0.00001 0.00110  0.37826-0.00001 0.00101  1.79232 0.00000 0.00000  1.00000 0.00000 0.00000

 ==> PROFILE PARAMETERS FOR PATTERN#  1

 => Overall scale factor:      0.006501404    -0.000000396     0.000027207
 => Eta(p-Voigt) or m(Pearson VII):   0.403928 -0.000252  0.013917
 => Overall tem. factor:     0.000000    0.000000    0.000000
 => Halfwidth parameters: 
         0.024834   -0.000009    0.001548
        -0.009333   -0.000013    0.000953
         0.006096   -0.000000    0.000142
 => Cell parameters: 
        8.057629   -0.000002    0.000097
        5.447702   -0.000000    0.000084
        7.646374   -0.000001    0.000102
       90.000000    0.000000    0.000000
      102.276939    0.000008    0.000847
       90.000000    0.000000    0.000000
 => Preferred orientation: 
        -0.405433   -0.000073    0.003683
         0.000000    0.000000    0.000000
 => Asymmetry parameters: 
         0.026518   -0.000032    0.003128
         0.013638   -0.000002    0.000639
         0.000000    0.000000    0.000000
         0.000000    0.000000    0.000000
 => X and Y parameters: 
         0.005077   -0.000007    0.000480
         0.000000    0.000000    0.000000
 => Strain parameters: 
         0.000000    0.000000    0.000000
         0.000000    0.000000    0.000000
         0.000000    0.000000    0.000000
 => Size   parameters (G,L): 
         0.000000    0.000000    0.000000
         0.000000    0.000000    0.000000

 ==> GLOBAL PARAMETERS FOR PATTERN#  1


 => Zero-point:     0.0112   -0.0000    0.0006

 => Cos( theta)-shift parameter :   0.0000  0.0000  0.0000
 => Sin(2theta)-shift parameter :   0.0000  0.0000  0.0000

 ==> RELIABILITY FACTORS WITH ALL NON-EXCLUDED POINTS FOR PATTERN:  1

 => R-Factors:   2.25      3.34     Chi2:  8.33     DW-Stat.:  0.3643   Patt#:  1
 => Expected :            1.16                                1.9331
 => Deviance : 0.556E+05     Dev*:   8.547    
 => GoF-index:  2.9         Sqrt(Residual/N)
 => N-P+C:  6510

 =>    SumYdif       SumYobs      SumYcal      SumwYobsSQ     Residual    Condition
     0.1098E+07    0.4875E+08    0.4870E+08    0.4875E+08    0.5426E+05    0.1023E+11


 => Conventional Rietveld Rp,Rwp,Re and Chi2:   15.5      12.2      4.24      8.334    
 => (Values obtained using Ynet, but true sigma(y))
 =>  SumYnet, Sum(w Ynet**2):     0.7090E+07    0.3616E+07


 ==> RELIABILITY FACTORS FOR POINTS WITH BRAGG CONTRIBUTIONS FOR PATTERN:  1

 => R-Factors:   2.34      3.46     Chi2:  9.00     DW-Stat.:  0.3759   Patt#:
 => Expected :            1.15                                1.9300
 => Deviance : 0.540E+05     Dev*:   9.237    
 => GoF-index:  3.0         Sqrt(Residual/N)
 => N-P+C:  5841

 =>    SumYdif       SumYobs      SumYcal      SumwYobsSQ     Residual    Condition
     0.1025E+07    0.4383E+08    0.4378E+08    0.4383E+08    0.5258E+05    0.1023E+11


 => Conventional Rietveld Rp,Rwp,Re and Chi2:   14.5      12.1      4.02      9.002    
 => (Values obtained using Ynet, but true sigma(y))
 =>  SumYnet, Sum(w Ynet**2):     0.7084E+07    0.3614E+07


 => Global user-weigthed Chi2 (Bragg contrib.):   9.00    

 => ---------> Pattern#  1
 => Phase:  1
 =>    Bragg R-factor:  7.95    
 =>    RF-factor     :  8.37    


   Standard deviations have to be multiplied by: 3.4907
   (correlated residuals) See references:
  -J.F.Berar & P.Lelann, J. Appl. Cryst. 24, 1-5 (1991) 
  -J.F.Berar, Acc. in Pow. Diff. II,NIST Sp.Pub. 846, 63(1992) 

 ++++++++++++++++++++++++++++++++++++++++++++++++++++++++++++++++++++++++++++++++++++++++++++++++++++++++++++++++++++++++

 => CYCLE No.:    1
 =>  Convergence reached at this CYCLE !!!!
 =>  Parameter shifts set to zero
 ---------------------------------------------------------------------------------------
 => Phase  1 Name:  #(C) 2021 by FIZ Karlsruhe - Leibniz Institute for Information Infras
 ---------------------------------------------------------------------------------------
 => New parameters, shifts, and standard deviations

 Atom        x       dx      sx       y       dy      sy       z       dz      sz       B       dB      sB      occ.    docc.   socc.

 Na1      0.37004 0.00000 0.00045  0.78864 0.00000 0.00122  0.11598 0.00000 0.00062  1.12908 0.00000 0.00000  1.00000 0.00000 0.00000
 Nb1      0.15549 0.00000 0.00014  0.25659 0.00000 0.00056  0.31709 0.00000 0.00021  1.31779 0.00000 0.00000  1.00000 0.00000 0.00000
 O1       0.18002 0.00000 0.00085  0.16522 0.00000 0.00129  0.05727 0.00000 0.00144  1.45281 0.00000 0.00000  1.00000 0.00000 0.00000
 O2       0.07027 0.00000 0.00077  0.59160 0.00000 0.00161  0.23608 0.00000 0.00109  1.45281 0.00000 0.00000  1.00000 0.00000 0.00000
 F1       0.36315 0.00000 0.00076  0.42825 0.00000 0.00121  0.30961 0.00000 0.00100  1.79232 0.00000 0.00000  1.00000 0.00000 0.00000
 F2       0.31868 0.00000 0.00074  0.98098 0.00000 0.00110  0.37826 0.00000 0.00101  1.79232 0.00000 0.00000  1.00000 0.00000 0.00000

 ==> PROFILE PARAMETERS FOR PATTERN#  1

 => Overall scale factor:      0.006501404     0.000000000     0.000027207
 => Eta(p-Voigt) or m(Pearson VII):   0.403928  0.000000  0.013917
 => Overall tem. factor:     0.000000    0.000000    0.000000
 => Halfwidth parameters: 
         0.024834    0.000000    0.001548
        -0.009333    0.000000    0.000953
         0.006096    0.000000    0.000142
 => Cell parameters: 
        8.057629    0.000000    0.000097
        5.447702    0.000000    0.000084
        7.646374    0.000000    0.000102
       90.000000    0.000000    0.000000
      102.276939    0.000000    0.000847
       90.000000    0.000000    0.000000
 => Preferred orientation: 
        -0.405433    0.000000    0.003683
         0.000000    0.000000    0.000000
 => Asymmetry parameters: 
         0.026518    0.000000    0.003128
         0.013638    0.000000    0.000639
         0.000000    0.000000    0.000000
         0.000000    0.000000    0.000000
 => X and Y parameters: 
         0.005077    0.000000    0.000480
         0.000000    0.000000    0.000000
 => Strain parameters: 
         0.000000    0.000000    0.000000
         0.000000    0.000000    0.000000
         0.000000    0.000000    0.000000
 => Size   parameters (G,L): 
         0.000000    0.000000    0.000000
         0.000000    0.000000    0.000000

 ==> GLOBAL PARAMETERS FOR PATTERN#  1


 => Zero-point:     0.0112    0.0000    0.0006

 => Cos( theta)-shift parameter :   0.0000  0.0000  0.0000
 => Sin(2theta)-shift parameter :   0.0000  0.0000  0.0000

 ==> RELIABILITY FACTORS WITH ALL NON-EXCLUDED POINTS FOR PATTERN:  1

 => R-Factors:   2.25      3.34     Chi2:  8.33     DW-Stat.:  0.3643   Patt#:  1
 => Expected :            1.16                                1.9331
 => Deviance : 0.556E+05     Dev*:   8.547    
 => GoF-index:  2.9         Sqrt(Residual/N)
 => N-P+C:  6510

 =>    SumYdif       SumYobs      SumYcal      SumwYobsSQ     Residual    Condition
     0.1098E+07    0.4875E+08    0.4870E+08    0.4875E+08    0.5426E+05    0.1023E+11


 => Conventional Rietveld Rp,Rwp,Re and Chi2:   15.5      12.2      4.24      8.334    
 => (Values obtained using Ynet, but true sigma(y))
 =>  SumYnet, Sum(w Ynet**2):     0.7090E+07    0.3616E+07

 => N-sigma of the GoF:      418.451

 ==> RELIABILITY FACTORS FOR POINTS WITH BRAGG CONTRIBUTIONS FOR PATTERN:  1

 => R-Factors:   2.34      3.46     Chi2:  9.00     DW-Stat.:  0.3759   Patt#:
 => Expected :            1.15                                1.9300
 => Deviance : 0.540E+05     Dev*:   9.237    
 => GoF-index:  3.0         Sqrt(Residual/N)
 => N-P+C:  5841

 =>    SumYdif       SumYobs      SumYcal      SumwYobsSQ     Residual    Condition
     0.1025E+07    0.4383E+08    0.4378E+08    0.4383E+08    0.5258E+05    0.1023E+11


 => Conventional Rietveld Rp,Rwp,Re and Chi2:   14.5      12.1      4.02      9.002    
 => (Values obtained using Ynet, but true sigma(y))
 =>  SumYnet, Sum(w Ynet**2):     0.7084E+07    0.3614E+07

 => N-sigma of the GoF:      432.438

 => Global user-weigthed Chi2 (Bragg contrib.):   9.29    

 => ---------> Pattern#  1
 => Phase:  1
 =>    Bragg R-factor:  7.95    
 =>    RF-factor     :  8.37    

 --------------------------------------------------------------------------------------------------------------
 Pattern#  1 Phase No.:   1 Phase name:  #(C) 2021 by FIZ Karlsruhe - 
 --------------------------------------------------------------------------------------------------------------

   No.  Code     H   K   L  Mult      Hw      ETA/M    2theta/TOF     Icalc       Iobs      Sigma     StrFactor^2    d-hkl       CORR

      1   1      1   0   0     2  0.073620  0.460939      11.229     4895.0     4817.6      9.792       3894.8887  7.873363      1.000000
      2   1      1   1   0     4  0.072292  0.504463      19.802     7208.1     7058.0     10.734      13314.4756  4.479880      0.685309
      3   1      0   1   1     4  0.072279  0.506264      20.156       21.4       38.6      3.313         65.6115  4.401862      0.428860
      4   1     -1   1   1     4  0.072268  0.514839      21.845        2.5       51.1      5.510          6.8130  4.065191      0.580346
      5   1      2   0   0     2  0.072287  0.518506      22.567     1919.5     2003.4      8.386       6373.0928  3.936681      1.000000
      6   1      0   0   2     2  0.072355  0.524757      23.798     1708.9     1723.7      7.093      13365.5664  3.735756      0.474295
      7   1     -1   0   2     2  0.072376  0.526180      24.079     2589.1     2526.2      6.651      19712.9707  3.692895      0.499298
      8   1      1   1   1     4  0.072399  0.527563      24.351       25.1       20.5      2.893         71.4143  3.652208      0.684538
      9   1      2   1   0     4  0.072903  0.545781      27.939     7747.8     7593.8     11.127      23605.1367  3.190766      0.853230
     10   1     -2   1   1     4  0.073003  0.548306      28.437       40.4       33.5      1.089        140.0819  3.136088      0.778956
     11   1      1   0   2     2  0.073020  0.548717      28.518       98.9       97.8      1.850        778.9730  3.127371      0.689376
     12   1      0   1   2     4  0.073115  0.550946      28.957     2545.5     2650.8      6.901      15705.2627  3.080936      0.454618
     13   1     -1   1   2     4  0.073168  0.552135      29.191      244.4      268.1      1.730       1467.4956  3.056761      0.475158
     14   1     -2   0   2     2  0.073176  0.552305      29.224      466.4      570.7      3.197       3774.2585  3.053330      0.706909
     15   1      2   1   1     4  0.074038  0.568047      32.325       54.4        0.0      6.162        232.0083  2.767179      0.832065
     16   1      0   2   0     2  0.074213  0.570731      32.854      658.3      691.4      4.454      13157.6924  2.723851      0.367811
     17   1      1   1   2     4  0.074263  0.571467      32.999     1200.0     1159.5      4.462       6954.1904  2.712225      0.640411
     18   1     -2   1   2     4  0.074483  0.574622      33.620      866.2      844.0      5.083       5093.2275  2.663503      0.656935
     19   1      3   0   0     2  0.074675  0.577239      34.135      534.9      713.3      4.834       4271.8545  2.624454      1.000000
     20   1      1   2   0     4  0.074943  0.580732      34.823      566.3      576.0      5.472       4392.3159  2.574158      0.537407
     21   1      0   2   1     4  0.075028  0.581806      35.035       23.9       51.2      1.758        251.0737  2.559093      0.402722
     22   1     -1   2   1     4  0.075469  0.587091      36.076       23.6       50.0      4.441        215.8700  2.487606      0.491822
     23   1      2   0   2     2  0.075648  0.589133      36.478      502.2      355.0      5.639       5648.5933  2.461095      0.820154
     24   1     -3   0   2     2  0.076088  0.593937      37.424      178.0       96.7      3.535       2094.6006  2.401022      0.829537
     25   1     -3   1   1     4  0.076177  0.594868      37.608      417.4      418.8      3.488       2347.0164  2.389732      0.877092
     26   1      1   2   1     4  0.076228  0.595405      37.713      344.5      302.9      2.888       3038.4312  2.383270      0.562588
     27   1      3   1   0     4  0.076382  0.596993      38.026        2.8        6.4      1.896         15.5293  2.364385      0.921548
     28   1     -1   1   3     4  0.076972  0.602793      39.169      243.1      272.2      6.971       3166.1462  2.298021      0.414001
     29   1      0   1   3     4  0.077295  0.605811      39.763        1.0        2.5      0.799         12.0646  2.265030      0.464077
     30   1      2   1   2     4  0.077524  0.607894      40.173       42.9       83.0      1.788        316.4331  2.242839      0.771967
     31   1      2   2   0     4  0.077554  0.608169      40.227      184.6      340.5      4.195       1539.7424  2.239940      0.685309
     32   1     -2   2   1     4  0.077762  0.610009      40.590        0.4        0.6      0.126          3.8125  2.220775      0.641707
     33   1      0   2   2     4  0.077985  0.611950      40.972      173.2      166.7      2.432       2405.4180  2.200931      0.428860
     34   1     -3   1   2     4  0.078029  0.612330      41.047      508.2      483.9      3.689       3882.9458  2.197092      0.782274
     35   1     -1   2   2     4  0.078087  0.612829      41.145      267.6      261.1      2.218       3628.7957  2.192067      0.443352
     36   1     -2   1   3     4  0.078583  0.616971      41.961       14.8       13.1      3.464        166.0277  2.151316      0.558079
     37   1      3   1   1     4  0.078735  0.618214      42.206       21.2        4.5      4.065        149.7122  2.139399      0.902467
     38   1      2   2   1     4  0.079590  0.624912      43.525      110.7      108.7      5.514       1081.6619  2.077564      0.697028
     39   1      1   1   3     4  0.079660  0.625441      43.629       74.2       53.4      2.168        840.9422  2.072844      0.604182
     40   1      1   2   2     4  0.079946  0.627579      44.050       36.0       15.8      2.768        443.8251  2.054002      0.566847
     41   1     -2   2   2     4  0.080284  0.630060      44.539      754.1      740.7      6.300       9314.8457  2.032596      0.580346
     42   1      4   0   0     2  0.081395  0.637859      46.075     1203.4     1363.2      7.883      18608.1836  1.968341      1.000000
     43   1      3   0   2     2  0.081545  0.638868      46.274      115.2       95.8      1.608       2022.7064  1.960348      0.889142
     44   1     -4   0   2     2  0.082386  0.644412      47.366      438.6      292.5      4.970       8072.5459  1.917672      0.894122
     45   1     -1   0   4     2  0.082525  0.645305      47.542      540.3      531.0      3.519      23608.5293  1.910988      0.379696
     46   1     -3   1   3     4  0.082613  0.645869      47.653       12.3       13.0      0.128        150.5704  1.906790      0.681892
     47   1     -3   2   1     4  0.082698  0.646407      47.759        9.6        8.7      0.314        106.9406  1.902802      0.753592
     48   1      3   2   0     4  0.082976  0.648163      48.105     1404.1     1527.3      6.109      15178.8438  1.889932      0.787924
     49   1     -4   1   1     4  0.083038  0.648548      48.180       28.5       31.6      0.163        263.1811  1.887133      0.924743
     50   1      0   0   4     2  0.083472  0.651232      48.709       42.6      120.1      2.336       1572.1897  1.867878      0.474295
     51   1     -1   2   3     4  0.083761  0.652988      49.055        3.2        5.0      0.102         70.2648  1.855519      0.404891
     52   1      4   1   0     4  0.083864  0.653606      49.177     1028.7     1141.9      5.507       9667.1543  1.851209      0.952438
     53   1     -2   0   4     2  0.083978  0.654293      49.312      319.7      325.5      1.530      11529.3320  1.846448      0.499298
     54   1      3   1   2     4  0.084024  0.654566      49.366       86.2       83.0      0.648        914.2951  1.844556      0.851239
     55   1      0   2   3     4  0.084184  0.655517      49.553        2.0        1.8      0.075         41.8314  1.838022      0.445046
     56   1      2   2   2     4  0.084481  0.657271      49.899     1450.6     1456.8      5.973      19597.5684  1.826104      0.684538
     57   1      2   1   3     4  0.084708  0.658595      50.159        0.5        0.4      0.017          5.9158  1.817218      0.716871
     58   1     -4   1   2     4  0.084926  0.659852      50.407      155.8      121.6      2.858       1718.6063  1.808872      0.857301
     59   1     -1   1   4     4  0.085074  0.660705      50.575      120.0      137.3      1.355       3019.1018  1.803259      0.379021
     60   1     -3   2   2     4  0.085131  0.661026      50.638      330.1      365.7      3.124       4541.0684  1.801157      0.694991

   No.  Code     H   K   L  Mult      Hw      ETA/M    2theta/TOF     Icalc       Iobs      Sigma     StrFactor^2    d-hkl       CORR

     61   1     -2   2   3     4  0.085834  0.664982      51.417       17.9       10.0      1.251        338.6305  1.775677      0.521843
     62   1      1   3   0     4  0.086012  0.665968      51.612      221.4      196.7      2.322       4593.9600  1.769449      0.480778
     63   1      3   2   1     4  0.086026  0.666046      51.627       30.8       28.5      0.276        388.5140  1.768958      0.790927
     64   1      0   1   4     4  0.086085  0.666374      51.691      670.5      708.5      4.281      14337.6016  1.766902      0.468180
     65   1      0   3   1     4  0.086154  0.666752      51.766       74.6       76.7      0.594       1913.5980  1.764533      0.391711
     66   1     -2   1   4     4  0.086624  0.669306      52.269        0.4        0.0      0.129          9.0296  1.748730      0.491814
     67   1     -1   3   1     4  0.086873  0.670644      52.533        3.9        0.8      0.629         90.2885  1.740575      0.452621
     68   1      1   0   4     2  0.087002  0.671335      52.669      179.3      147.3      4.716       6338.0210  1.736397      0.590858
     69   1      1   2   3     4  0.087179  0.672271      52.853        6.7        3.7      0.492        126.2820  1.730776      0.560876
     70   1      4   1   1     4  0.087574  0.674348      53.262        3.9        0.0      2.564         44.0471  1.718443      0.937893
     71   1      1   3   1     4  0.088063  0.676882      53.761        0.1        0.0      0.535          1.1165  1.703661      0.502612
     72   1     -3   0   4     2  0.088106  0.677102      53.805        0.4        0.0      2.858         13.9741  1.702389      0.613107
     73   1      1   1   4     4  0.089827  0.685699      55.498      236.3      199.0      4.835       4792.5063  1.654391      0.579056
     74   1     -4   1   3     4  0.089905  0.686080      55.573       85.7       73.6      1.183       1306.1443  1.652334      0.772659
     75   1      2   3   0     4  0.090036  0.686714      55.698      855.2      780.2      4.668      17116.3145  1.648928      0.591250
     76   1     -2   3   1     4  0.090335  0.688155      55.981       49.9       55.6      1.404       1062.2123  1.641238      0.562397
     77   1      0   3   2     4  0.090655  0.689682      56.282      232.0      315.3      3.477       6810.7056  1.633179      0.412654
     78   1     -3   2   3     4  0.090761  0.690184      56.381        9.6       12.1      0.195        184.6146  1.630548      0.629917
     79   1     -1   3   2     4  0.090801  0.690376      56.419       15.1       20.0      0.268        434.9626  1.629547      0.423278
     80   1     -3   1   4     4  0.090990  0.691269      56.595      563.0      573.8      4.169      11498.5342  1.624898      0.600484
     81   1     -4   2   1     4  0.091267  0.692565      56.850       64.0       68.6      1.771        957.2453  1.618205      0.827983
     82   1      4   0   2     2  0.091772  0.694914      57.313       31.3       18.1      2.484        852.7251  1.606239      0.926624
     83   1      4   2   0     4  0.092245  0.697079      57.739      399.7      447.8      4.535       6007.4780  1.595383      0.853230
     84   1      3   2   2     4  0.092434  0.697940      57.909      287.8      383.1      2.610       4813.8213  1.591118      0.771578
     85   1      2   3   1     4  0.092900  0.700038      58.322        0.8        1.0      0.082         16.5595  1.580824      0.608021
     86   1     -5   0   2     2  0.093126  0.701048      58.521      159.6      161.5      2.969       4535.8101  1.575922      0.929440
     87   1      5   0   0     2  0.093184  0.701307      58.572       26.0       29.9      0.498        688.6201  1.574672      1.000000
     88   1      2   2   3     4  0.093240  0.701556      58.621        6.9        7.8      0.138        137.1174  1.573472      0.662719
     89   1      3   1   3     4  0.093355  0.702065      58.721       12.9       13.7      0.126        215.0874  1.571024      0.796861
     90   1      1   3   2     4  0.093386  0.702201      58.748      242.7      259.1      2.012       6268.1899  1.570369      0.515899
     91   1     -4   2   2     4  0.093496  0.702687      58.844      547.5      515.4      3.049       9397.5244  1.568044      0.778956
     92   1     -1   2   4     4  0.093670  0.703455      58.995      172.4      171.3      1.086       6140.3633  1.564384      0.377526
     93   1      2   0   4     2  0.093704  0.703602      59.024       64.7       63.8      0.431       2528.0552  1.563685      0.689376
     94   1     -2   3   2     4  0.093846  0.704224      59.146      451.2      441.1      3.023      11587.9072  1.560740      0.526444
     95   1     -5   1   1     4  0.094606  0.707522      59.796       18.1       17.8      0.878        263.4891  1.545327      0.949991
     96   1      4   1   2     4  0.094842  0.708534      59.995      847.4      731.0      5.320      13164.9033  1.540666      0.898161
     97   1      0   2   4     4  0.094852  0.708578      60.004       13.8       12.0      0.085        424.0538  1.540468      0.454618
     98   1     -2   2   4     4  0.095479  0.711238      60.528      249.9      300.5      3.526       7481.8960  1.528381      0.475158
     99   1     -4   0   4     2  0.095570  0.711620      60.603       55.9       63.2      0.959       2257.3623  1.526665      0.706909
    100   1     -5   1   2     4  0.096261  0.714501      61.171      487.2      556.9      3.340       7866.7515  1.513852      0.901813
    101   1      5   1   0     4  0.096322  0.714753      61.220      524.8      622.9      3.001       7904.8970  1.512744      0.968415
    102   1      4   2   1     4  0.096582  0.715828      61.432        7.9        9.4      0.125        135.8052  1.508036      0.852153
    103   1      2   1   4     4  0.096865  0.716989      61.661      270.7      186.4      3.856       5942.1890  1.502995      0.674851
    104   1     -3   3   1     4  0.097057  0.717771      61.815        2.4        1.6      0.063         54.2890  1.499618      0.659322
    105   1      3   3   0     4  0.097421  0.719247      62.105        5.2        5.2      1.312        114.8739  1.493294      0.685309
    106   1     -1   3   3     4  0.098442  0.723326      62.909        7.3       12.5      1.511        283.1031  1.476143      0.397163
    107   1     -1   1   5     4  0.098696  0.724331      63.107        6.9        7.2      0.400        285.2236  1.471989      0.378428
    108   1     -4   1   4     4  0.098817  0.724806      63.200      227.4      212.4      5.028       5135.1738  1.470032      0.692177
    109   1      0   3   3     4  0.098988  0.725476      63.332       10.0        9.4      0.241        366.5236  1.467287      0.428860
    110   1      1   2   4     4  0.099183  0.726235      63.482      215.2      208.7      2.996       6148.0024  1.464191      0.552183
    111   1     -4   2   3     4  0.099273  0.726586      63.551        4.9        4.1      0.097        108.3166  1.462765      0.717870
    112   1      2   3   2     4  0.099372  0.726972      63.627       72.7       59.5      1.313       1881.8573  1.461203      0.612789
    113   1     -2   1   5     4  0.099911  0.729052      64.037        1.4        1.0      0.233         48.8743  1.452837      0.447832
    114   1     -3   3   2     4  0.100206  0.730186      64.260      213.1      185.8      4.516       5548.0625  1.448327      0.622067
    115   1     -3   2   4     4  0.100519  0.731376      64.494       17.5       15.7      0.837        500.8963  1.443627      0.571517
    116   1      0   1   5     4  0.100690  0.732027      64.623        7.6        6.7      0.902        264.6426  1.441072      0.470261
    117   1     -2   3   3     4  0.101105  0.733591      64.931        7.6        4.5      1.971        255.1592  1.434980      0.490105
    118   1      3   3   1     4  0.101350  0.734510      65.112        0.6        0.7      0.166         14.4925  1.431427      0.696557
    119   1     -5   1   3     4  0.101526  0.735165      65.241       30.9       13.5      2.822        619.4161  1.428908      0.834805
    120   1      5   1   1     4  0.101656  0.735651      65.336       25.8        9.6      2.251        451.9094  1.427046      0.957465

   No.  Code     H   K   L  Mult      Hw      ETA/M    2theta/TOF     Icalc       Iobs      Sigma     StrFactor^2    d-hkl       CORR

    121   1      1   3   3     4  0.102814  0.739912      66.176        1.4        7.2      1.976         46.4065  1.410968      0.521968
    122   1      3   2   3     4  0.103224  0.741401      66.469       24.9       35.3      4.567        581.4580  1.405451      0.743064
    123   1     -3   1   5     4  0.104486  0.745914      67.358        1.6        1.2      0.248         51.7075  1.389049      0.540074
    124   1      3   0   4     2  0.104515  0.746017      67.378       32.7       23.9      4.398       1526.8778  1.388681      0.764888
    125   1     -5   2   1     4  0.104651  0.746498      67.473        0.8        0.8      0.139         15.7268  1.386962      0.876168
    126   1      4   2   2     4  0.104920  0.747445      67.659       29.9       13.2      2.986        647.4652  1.383590      0.832065
    127   1      1   1   5     4  0.106144  0.751701      68.497        1.7        4.2      0.628         54.7593  1.368690      0.561462
    128   1     -5   2   2     4  0.106535  0.753043      68.762       33.1       44.3      1.535        736.0048  1.364071      0.837129
    129   1      5   2   0     4  0.106604  0.753279      68.808       75.1       99.1      2.439       1565.7758  1.363261      0.894606
    130   1      0   4   0     2  0.106718  0.753670      68.885       79.4      116.1      2.186       8072.1284  1.361926      0.367811
    131   1      4   1   3     4  0.106788  0.753910      68.933        0.1        0.2      0.004          3.1135  1.361108      0.851154
    132   1      2   2   4     4  0.107222  0.755382      69.223      284.5      291.5      3.136       8391.9453  1.356112      0.640411
    133   1     -3   3   3     4  0.107314  0.755693      69.284        0.1        0.1      0.001          4.0962  1.355064      0.580346
    134   1     -5   0   4     2  0.107392  0.755958      69.336      263.2      241.1      2.341      12826.1250  1.354171      0.777857
    135   1      5   0   2     2  0.107602  0.756665      69.475       80.6       81.4      0.937       3232.3699  1.351796      0.948435
    136   1     -4   3   1     4  0.107945  0.757816      69.702       16.5       14.5      0.425        429.8716  1.347955      0.736892
    137   1      3   1   4     4  0.108153  0.758510      69.839      269.1      223.2      3.594       6897.5649  1.345649      0.750188
    138   1      1   4   0     4  0.108486  0.759616      70.057       15.9       15.5      0.410        680.1064  1.341996      0.452055
    139   1      0   4   1     4  0.108683  0.760271      70.185        3.2        4.1      0.276        159.6705  1.339848      0.385890
    140   1      4   3   0     4  0.109164  0.761856      70.498       86.1      104.3      3.213       2224.1321  1.334678      0.758556
    141   1     -1   2   5     4  0.109302  0.762310      70.587        1.2        1.4      0.046         62.0556  1.333206      0.377420
    142   1      3   3   2     4  0.109399  0.762627      70.650       40.7       50.6      1.197       1152.7875  1.332178      0.694763
    143   1     -4   2   4     4  0.109440  0.762760      70.676       46.9       58.6      1.332       1403.8469  1.331751      0.656935
    144   1     -6   0   2     2  0.109642  0.763420      70.806        3.2        4.6      0.183        131.3466  1.329624      0.950142
    145   1     -1   4   1     4  0.109676  0.763530      70.827        2.1        3.1      0.126         98.2180  1.329268      0.431764
    146   1      2   3   3     4  0.110401  0.765881      71.290        0.2        0.2      0.066          5.5504  1.321769      0.609277
    147   1     -2   2   5     4  0.110680  0.766781      71.468        0.6        0.9      0.087         29.5953  1.318927      0.440117
    148   1     -4   3   2     4  0.110718  0.766901      71.491       14.7       18.7      1.641        420.1894  1.318547      0.702278
    149   1     -1   3   4     4  0.110934  0.767595      71.628       45.8       56.2      2.248       2459.7544  1.316368      0.375978
    150   1     -5   1   4     4  0.111154  0.768295      71.766       37.6       41.7      1.120        998.7466  1.314177      0.763327
    151   1      1   4   1     4  0.111312  0.768798      71.865        7.8        9.5      0.114        336.5198  1.312607      0.469734
    152   1      6   0   0     2  0.111350  0.768921      71.889      215.3      258.9      2.888       8759.5693  1.312227      1.000000
    153   1      5   1   2     4  0.111372  0.768991      71.903       73.1       86.4      0.981       1605.3711  1.312007      0.926941
    154   1      0   2   5     4  0.111565  0.769604      72.024       20.5       22.4      0.442        906.9554  1.310106      0.460412
    155   1     -6   1   1     4  0.112295  0.771906      72.477        6.2        6.1      0.416        132.3445  1.303023      0.964624
    156   1      0   3   4     4  0.112400  0.772233      72.542       76.9       75.8      3.206       3610.6875  1.302024      0.440562
    157   1     -5   2   3     4  0.112513  0.772587      72.611        0.9        0.7      0.049         22.8269  1.300945      0.784378
    158   1      5   2   1     4  0.112661  0.773049      72.702       10.1        9.5      0.577        236.2504  1.299540      0.891964
    159   1     -4   1   5     4  0.113000  0.774105      72.910       25.5       26.3      1.668        852.5810  1.296347      0.624983
    160   1     -2   3   4     4  0.113176  0.774652      73.018        7.1        7.4      0.524        326.9649  1.294701      0.457824
    161   1     -6   1   2     4  0.113499  0.775650      73.215      243.5      234.6      4.157       5517.8271  1.291707      0.929243
    162   1      2   4   0     4  0.114005  0.777206      73.521       35.6       26.6      1.515       1404.0682  1.287079      0.537407
    163   1     -2   4   1     4  0.114412  0.778449      73.766       30.3       24.6      1.720       1254.0854  1.283411      0.516262
    164   1      4   3   1     4  0.114540  0.778840      73.843        3.4        3.8      0.284         96.0210  1.282264      0.765388
    165   1      0   4   2     4  0.114847  0.779769      74.026       39.3       63.3      1.548       2094.5815  1.279547      0.402722
    166   1     -1   4   2     4  0.115045  0.780369      74.144      120.4      181.9      2.806       6315.7632  1.277798      0.410969
    167   1      6   1   0     4  0.115281  0.781079      74.284       85.9      111.1      1.977       1899.6815  1.275739      0.977606
    168   1     -1   0   6     2  0.115664  0.782229      74.510        1.2        1.2      0.063        127.6572  1.272420      0.394349
    169   1      2   1   5     4  0.115749  0.782484      74.561        5.7        5.6      0.447        194.4326  1.271688      0.643641
    170   1     -3   2   5     4  0.115870  0.782846      74.632        7.6        5.4      0.981        316.4541  1.270650      0.524032
    171   1     -2   0   6     2  0.116266  0.784025      74.864       14.9        6.6      2.242       1560.2310  1.267281      0.418913
    172   1      1   2   5     4  0.117750  0.788393      75.724       11.7        3.1      0.764        482.1206  1.255010      0.543727
    173   1      1   3   4     4  0.117753  0.788402      75.726       62.2       16.9      4.013       2660.3108  1.254984      0.523422
    174   1     -4   3   3     4  0.117865  0.788726      75.790        0.6        0.2      0.035         18.8073  1.254085      0.660173
    175   1      2   4   1     4  0.117888  0.788794      75.803       13.6        4.1      0.910        550.5632  1.253896      0.553082
    176   1      4   2   3     4  0.118482  0.790515      76.142        0.3        0.0      0.041          8.8278  1.249157      0.802938
    177   1      1   4   2     4  0.118545  0.790696      76.178       12.8        1.5      1.622        599.6613  1.248660      0.483432
    178   1      0   0   6     2  0.118979  0.791945      76.424       25.2       26.3      1.460       2418.9124  1.245252      0.474295
    179   1     -6   1   3     4  0.119058  0.792173      76.469        2.4        2.4      0.110         61.1368  1.244635      0.876845
    180   1     -2   4   2     4  0.119165  0.792479      76.529       27.8       26.7      0.996       1288.0756  1.243803      0.491822

   No.  Code     H   K   L  Mult      Hw      ETA/M    2theta/TOF     Icalc       Iobs      Sigma     StrFactor^2    d-hkl       CORR

    181   1     -3   3   4     4  0.119403  0.793160      76.663      250.2      219.8      3.614      10584.4238  1.241962      0.540206
    182   1     -1   1   6     4  0.119781  0.794234      76.875      137.0      134.2      1.985       7990.8530  1.239070      0.393642
    183   1      3   2   4     4  0.120030  0.794942      77.014        2.7        2.8      0.096         88.7217  1.237175      0.713848
    184   1     -2   1   6     4  0.120409  0.796012      77.225       26.2       29.2      1.354       1452.8031  1.234324      0.417541
    185   1     -3   0   6     2  0.120861  0.797281      77.475       74.6       78.2      1.663       6954.4097  1.230965      0.499298
    186   1      4   0   4     2  0.120917  0.797439      77.506      127.5      130.6      2.738       7240.7827  1.230547      0.820154
    187   1      3   3   3     4  0.122745  0.802499      78.503        5.1        9.2      0.938        175.5216  1.217403      0.684538
    188   1      6   1   1     4  0.122873  0.802849      78.572        6.1       11.0      0.847        148.8870  1.216507      0.969214
    189   1      0   1   6     4  0.123242  0.803856      78.770       15.3       19.1      0.659        774.9955  1.213942      0.471446
    190   1     -5   2   4     4  0.123438  0.804390      78.875      241.4      234.5      4.327       7952.4170  1.212585      0.727116
    191   1     -3   4   1     4  0.123495  0.804544      78.905       10.3        9.9      0.177        412.1852  1.212197      0.596385
    192   1      5   2   2     4  0.123687  0.805065      79.008       44.4       43.0      0.928       1221.1559  1.210879      0.873598
    193   1      3   4   0     4  0.123985  0.805871      79.167       75.7       69.7      1.507       2955.4268  1.208849      0.616635
    194   1     -5   3   1     4  0.124508  0.807278      79.444        1.7        1.7      0.076         52.5717  1.205328      0.795725
    195   1     -6   2   1     4  0.124737  0.807889      79.564        7.9        8.0      0.216        211.7587  1.203806      0.907860
    196   1      4   3   2     4  0.124841  0.808168      79.619      172.9      179.5      3.433       5532.6772  1.203112      0.759689
    197   1     -3   1   6     4  0.125208  0.809146      79.812        8.2        8.2      0.156        403.5324  1.200694      0.495813
    198   1     -6   0   4     2  0.125236  0.809220      79.826       26.8       26.6      0.484       1573.8799  1.200511      0.829537
    199   1      4   1   4     4  0.125267  0.809303      79.843       89.0       88.7      1.585       2691.3875  1.200306      0.806633
    200   1     -1   4   3     4  0.125360  0.809550      79.892        1.6        1.6      0.036         97.5935  1.199697      0.391579
    201   1     -4   2   5     4  0.125538  0.810022      79.985        5.2        5.7      0.209        212.1891  1.198536      0.603031
    202   1      0   4   3     4  0.126097  0.811497      80.275        0.3        0.4      0.031         17.6598  1.194928      0.417166
    203   1     -6   2   2     4  0.126106  0.811523      80.280        1.2        1.5      0.127         34.6128  1.194866      0.877092
    204   1     -5   1   5     4  0.126596  0.812807      80.533        3.2        3.3      0.066        114.6539  1.191749      0.697270
    205   1      2   4   2     4  0.126614  0.812854      80.542      151.7      152.2      2.904       6668.7104  1.191635      0.562588
    206   1      1   0   6     2  0.126636  0.812914      80.554       40.8       40.6      0.733       3649.7024  1.191492      0.553423
    207   1     -5   3   2     4  0.126839  0.813444      80.658       70.1       65.8      1.138       2270.4800  1.190212      0.765502
    208   1      5   3   0     4  0.126925  0.813668      80.702       73.1       69.9      1.201       2231.5164  1.189674      0.813129
    209   1      5   1   3     4  0.126938  0.813702      80.709        0.2        0.2      0.003          5.0660  1.189591      0.887994
    210   1      2   3   4     4  0.127691  0.815656      81.094       34.0       34.6      0.951       1410.4456  1.184914      0.601528
    211   1     -3   4   2     4  0.127738  0.815779      81.118       63.6       63.6      1.740       2787.7122  1.184620      0.570469
    212   1      6   2   0     4  0.128135  0.816803      81.320      156.0      158.7      3.028       4244.5645  1.182193      0.921548
    213   1      2   2   5     4  0.128669  0.818171      81.590        2.5        3.0      0.111        102.2948  1.178968      0.620725
    214   1     -2   4   3     4  0.128950  0.818890      81.731       10.4       12.8      1.125        562.3658  1.177284      0.466801
    215   1      3   4   1     4  0.129281  0.819731      81.897        0.1        0.1      0.011          2.7551  1.175319      0.629423
    216   1     -6   1   4     4  0.129781  0.820998      82.146       97.2       97.4      3.903       3027.9097  1.172381      0.816339
    217   1     -4   0   6     2  0.130050  0.821675      82.280        0.9        1.0      0.058         80.3328  1.170819      0.576943
    218   1     -1   3   5     4  0.130270  0.822230      82.389       10.1       10.6      0.392        687.1025  1.169542      0.376234
    219   1     -4   3   4     4  0.130441  0.822658      82.473       60.4       59.9      2.301       2506.3933  1.168560      0.616660
    220   1      3   1   5     4  0.130837  0.823649      82.668        6.3        5.7      0.405        227.3317  1.166296      0.712592
    221   1      1   1   6     4  0.131247  0.824669      82.869       10.9        9.2      0.415        511.9799  1.163977      0.548684
    222   1      1   4   3     4  0.131258  0.824696      82.875       16.5       14.1      0.610        863.2972  1.163915      0.492937
    223   1      6   0   2     2  0.131394  0.825036      82.942      103.1       93.5      3.229       5523.4644  1.163147      0.962003
    224   1     -2   3   5     4  0.131983  0.826491      83.228        3.7        3.4      0.288        223.0284  1.159867      0.431044
    225   1     -6   2   3     4  0.132447  0.827632      83.453        3.8        3.8      1.031        118.1781  1.157314      0.833130
    226   1      0   3   5     4  0.133084  0.829190      83.760        3.4        0.5      1.259        195.7727  1.153854      0.448804
    227   1     -1   2   6     4  0.133273  0.829651      83.851        0.7        0.2      0.344         49.8179  1.152836      0.391816
    228   1     -2   2   6     4  0.133992  0.831393      84.194       23.6       24.8      2.755       1496.5856  1.149011      0.414001
    229   1     -5   3   3     4  0.134264  0.832048      84.323        0.7        0.7      0.057         23.9760  1.147581      0.726293
    230   1      5   3   1     4  0.134448  0.832491      84.410        0.8        1.0      0.038         27.0578  1.146617      0.816936
    231   1     -7   0   2     2  0.134489  0.832589      84.429       80.2       92.9      3.295       4389.4360  1.146403      0.963103
    232   1     -4   1   6     4  0.134821  0.833384      84.586       50.0       52.3      2.090       2310.7432  1.144681      0.571727
    233   1      6   1   2     4  0.136230  0.836730      85.245       26.0       18.2      3.372        734.6348  1.137508      0.945447
    234   1      6   2   1     4  0.136815  0.838105      85.516        8.7        5.6      1.004        253.4029  1.134598      0.918475
    235   1      0   2   6     4  0.137238  0.839095      85.711       44.3       37.5      2.856       2562.6775  1.132515      0.464077
    236   1     -3   4   3     4  0.137357  0.839372      85.765       11.3        8.9      0.814        560.3951  1.131934      0.541819
    237   1     -4   4   1     4  0.138216  0.841365      86.158       14.1       15.5      1.455        571.0159  1.127780      0.667097
    238   1     -3   3   5     4  0.138458  0.841923      86.268       15.2       19.0      1.481        814.4094  1.126625      0.504868
    239   1      7   0   0     2  0.138850  0.842825      86.445       15.8       22.5      1.182        855.2695  1.124766      1.000000
    240   1     -7   1   1     4  0.139001  0.843172      86.514        0.1        0.2      0.009          3.8786  1.124053      0.973756

   No.  Code     H   K   L  Mult      Hw      ETA/M    2theta/TOF     Icalc       Iobs      Sigma     StrFactor^2    d-hkl       CORR

    241   1     -7   1   2     4  0.139475  0.844256      86.727        3.9        4.2      0.077        110.9375  1.121833      0.946968
    242   1     -3   2   6     4  0.139496  0.844304      86.737       94.5      102.4      1.781       5281.7266  1.121736      0.486784
    243   1      4   2   4     4  0.139564  0.844459      86.767      138.8      145.3      2.315       4892.5869  1.121420      0.771967
    244   1      2   0   6     2  0.139715  0.844802      86.835        1.0        1.0      0.018         86.9516  1.120721      0.626178
    245   1      4   4   0     4  0.139877  0.845171      86.907       78.0       77.6      1.463       3100.1501  1.119970      0.685309
    246   1      3   4   2     4  0.140199  0.845900      87.051       66.5       61.2      1.231       2858.0334  1.118492      0.634762
    247   1      1   3   5     4  0.140816  0.847294      87.326        0.1        0.1      0.006          5.1910  1.115680      0.522410
    248   1     -5   2   5     4  0.141093  0.847916      87.448        6.3        5.5      0.609        256.4794  1.114432      0.672428
    249   1      5   2   3     4  0.141487  0.848800      87.622        5.9        6.5      0.465        191.2074  1.112666      0.846652
    250   1      2   4   3     4  0.141567  0.848979      87.657       14.4       17.2      0.972        698.6477  1.112310      0.566685
    251   1      4   3   3     4  0.141736  0.849354      87.731       14.9       19.1      0.761        548.4099  1.111563      0.745872
    252   1     -4   4   2     4  0.142002  0.849946      87.848       83.7      106.9      2.724       3595.0903  1.110388      0.641707
    253   1     -1   4   4     4  0.142298  0.850605      87.978       37.3       52.8      1.442       2745.6897  1.109085      0.374686
    254   1      3   3   4     4  0.143686  0.853662      88.580       95.4       94.6      3.239       3954.2273  1.103095      0.670331
    255   1      7   1   0     4  0.144055  0.854468      88.739       83.1       83.2      2.224       2350.3086  1.101533      0.983336
    256   1      0   4   4     4  0.144308  0.855020      88.847       13.8       13.8      0.401        898.8333  1.100466      0.428860
    257   1     -6   2   4     4  0.144768  0.856017      89.044       20.3       19.6      0.542        723.2464  1.098546      0.782274
    258   1      2   1   6     4  0.144964  0.856442      89.127       64.6       64.1      1.522       2908.8115  1.097732      0.620137
    259   1     -5   0   6     2  0.145193  0.856937      89.225       43.4       40.6      0.964       3751.5029  1.096784      0.646944
    260   1     -2   4   4     4  0.145376  0.857330      89.302       69.7       65.8      1.420       4399.1230  1.096033      0.443352
    261   1     -7   1   3     4  0.145555  0.857715      89.378        6.3        5.9      0.120        193.2942  1.095300      0.905693
    262   1      5   0   4     2  0.145706  0.858041      89.442       92.4       87.7      1.790       6018.4487  1.094681      0.860101
    263   1      3   2   5     4  0.145988  0.858645      89.561        2.7        2.6      0.071        110.0236  1.093534      0.687455
    264   1      1   2   6     4  0.146462  0.859658      89.761      125.7      120.5      2.945       6583.1445  1.091622      0.536327
    265   1      4   4   1     4  0.147257  0.861345      90.093        1.1        1.0      0.071         42.7240  1.088457      0.695111
    266   1     -6   1   5     4  0.147474  0.861803      90.183        5.4        4.5      0.676        201.5289  1.087602      0.755785
    267   1     -5   3   4     4  0.147997  0.862903      90.400        0.0        0.1      0.011          1.9926  1.085558      0.683233
    268   1      5   3   2     4  0.148312  0.863565      90.530       13.7       20.7      2.361        477.1278  1.084333      0.809412
    269   1      1   5   0     4  0.149643  0.866335      91.076       29.7       39.3      1.970       1939.8900  1.079256      0.434858
    270   1     -6   3   1     4  0.149646  0.866340      91.077       27.5       36.4      1.821        930.9174  1.079245      0.839414
    271   1      0   5   1     4  0.149941  0.866950      91.197        2.2        3.0      0.198        163.8997  1.078137      0.382324
    272   1     -4   2   6     4  0.150608  0.868321      91.467        6.6        7.9      0.249        338.5065  1.075658      0.558079
    273   1     -4   3   5     4  0.150666  0.868440      91.491        0.0        0.0      0.000          0.4421  1.075443      0.576016
    274   1     -5   1   6     4  0.150730  0.868570      91.516       85.0       94.4      2.824       3780.9507  1.075209      0.640633
    275   1      5   1   4     4  0.151270  0.869674      91.734        1.4        1.3      0.037         47.9376  1.073228      0.848220
    276   1     -6   3   2     4  0.151391  0.869919      91.782      127.3      116.9      2.589       4467.0039  1.072789      0.813823
    277   1     -1   5   1     4  0.151442  0.870024      91.802        1.6        1.5      0.032        110.0378  1.072602      0.419008
    278   1      1   4   4     4  0.151712  0.870573      91.911       43.6       40.3      1.045       2498.4917  1.071622      0.498893
    279   1     -4   4   3     4  0.151867  0.870888      91.973        0.2        0.2      0.004          8.5127  1.071063      0.611779
    280   1      6   2   2     4  0.152247  0.871655      92.124      160.1      139.9      2.610       5078.9023  1.069700      0.902467
    281   1     -7   0   4     2  0.152370  0.871904      92.173       17.7       15.0      0.343       1167.1821  1.069260      0.866896
    282   1     -2   1   7     4  0.152392  0.871949      92.182        9.8        8.3      0.200        708.8032  1.069181      0.395772
    283   1     -1   1   7     4  0.152772  0.872712      92.332        0.6        0.5      0.021         40.7732  1.067832      0.404821
    284   1      1   5   1     4  0.153926  0.875019      92.786        0.9        0.7      0.055         59.0592  1.063791      0.449425
    285   1      6   3   0     4  0.153984  0.875135      92.809       55.3       40.4      3.250       1861.9795  1.063589      0.853230
    286   1     -3   4   4     4  0.154015  0.875197      92.821        1.6        1.2      0.096         90.1288  1.063481      0.513288
    287   1      4   1   5     4  0.154024  0.875214      92.825        2.1        1.6      0.129         80.0269  1.063451      0.767937
    288   1      2   3   5     4  0.154668  0.876490      93.076        1.0        0.8      0.096         49.7009  1.061238      0.592288
    289   1     -7   2   1     4  0.155480  0.878088      93.391        4.7        2.8      0.503        145.9358  1.058487      0.929328
    290   1      7   1   1     4  0.155502  0.878131      93.399        3.7        2.3      0.381        109.0040  1.058413      0.976755
    291   1     -7   2   2     4  0.156034  0.879173      93.604      143.6      135.3      4.637       4585.1592  1.056633      0.904924
    292   1     -3   1   7     4  0.157669  0.882340      94.228        0.1        0.1      0.011          6.9538  1.051275      0.462891
    293   1      6   1   3     4  0.157841  0.882671      94.293        1.7        1.9      0.113         53.3157  1.050720      0.913468
    294   1      2   5   0     4  0.158045  0.883062      94.370       51.7       54.2      2.018       2974.5144  1.050065      0.503642
    295   1     -7   1   4     4  0.158303  0.883556      94.468      112.1      113.1      3.112       3801.9504  1.049240      0.855365
    296   1     -2   5   1     4  0.158670  0.884258      94.606        9.0        9.4      0.348        533.5753  1.048071      0.487072
    297   1      3   4   3     4  0.158712  0.884338      94.622        1.6        1.8      0.065         75.4662  1.047939      0.634091
    298   1      0   1   7     4  0.158869  0.884636      94.680        0.9        1.0      0.033         53.3675  1.047444      0.472180
    299   1      0   5   2     4  0.159340  0.885530      94.857       43.2       55.4      1.748       3164.6807  1.045963      0.396229
    300   1     -6   3   3     4  0.159532  0.885894      94.928        0.4        0.5      0.022         14.4006  1.045363      0.778956

   No.  Code     H   K   L  Mult      Hw      ETA/M    2theta/TOF     Icalc       Iobs      Sigma     StrFactor^2    d-hkl       CORR

    301   1     -1   5   2     4  0.159646  0.886110      94.971        4.6        5.8      0.329        334.8695  1.045007      0.402925
    302   1      3   0   6     2  0.160471  0.887665      95.277       10.3       15.6      0.471        866.0478  1.042457      0.689376
    303   1     -1   3   6     4  0.160601  0.887908      95.325       62.9       93.1      2.749       4702.5298  1.042059      0.389476
    304   1     -5   4   1     4  0.161210  0.889046      95.549        0.4        0.5      0.017         15.5452  1.040207      0.726419
    305   1      7   2   0     4  0.161405  0.889409      95.621       81.0      107.2      2.764       2510.8352  1.039619      0.939729
    306   1     -2   3   6     4  0.161533  0.889649      95.668       14.9       19.3      0.576       1062.6685  1.039231      0.409468
    307   1      4   4   2     4  0.161683  0.889927      95.723        0.0        0.0      0.001          0.8896  1.038782      0.697028
    308   1      2   2   6     4  0.162475  0.891393      96.011        0.1        0.2      0.016          7.0328  1.036422      0.604182
    309   1     -7   2   3     4  0.163171  0.892674      96.264        3.3        0.5      0.892        111.5218  1.034374      0.868681
    310   1      2   5   1     4  0.164055  0.894289      96.582        7.8        6.2      1.246        443.3275  1.031811      0.517368
    311   1     -5   4   2     4  0.164532  0.895155      96.752       24.4       23.3      1.999       1014.5735  1.030445      0.702878
    312   1      5   4   0     4  0.164655  0.895377      96.796        1.8        1.7      0.131         72.3944  1.030095      0.742141
    313   1      1   5   2     4  0.165080  0.896147      96.948       67.0       60.6      2.894       4243.5498  1.028888      0.461894
    314   1      6   3   1     4  0.165207  0.896375      96.993        0.0        0.0      0.000          0.2210  1.028531      0.855120
    315   1     -6   2   5     4  0.165437  0.896789      97.074        0.8        0.6      0.034         31.5154  1.027883      0.730513
    316   1      2   4   4     4  0.165752  0.897355      97.186       50.2       39.1      1.664       2588.7517  1.027001      0.566847
    317   1      0   3   6     4  0.165760  0.897370      97.189        3.2        2.5      0.104        203.6716  1.026979      0.454618
    318   1     -2   5   2     4  0.166052  0.897893      97.292       44.5       34.7      1.468       2775.2734  1.026165      0.468772
    319   1      3   1   6     4  0.166881  0.899371      97.583       71.3       46.9      2.498       3057.5635  1.023879      0.682685
    320   1     -3   3   6     4  0.168720  0.902615      98.222       34.7       34.5      1.844       2137.8240  1.018920      0.475158
    321   1      7   0   2     2  0.168742  0.902653      98.229        1.4        1.4      0.073         85.2450  1.018862      0.970934
    322   1      4   3   4     4  0.168809  0.902771      98.252       15.2       15.5      0.734        613.2044  1.018684      0.728117
    323   1     -6   0   6     2  0.169152  0.903370      98.370       25.2       26.0      0.991       2089.5552  1.017776      0.706909
    324   1     -5   2   6     4  0.169294  0.903618      98.419       40.9       41.6      1.536       1920.2428  1.017402      0.623895
    325   1     -1   4   5     4  0.169469  0.903922      98.479        1.2        1.2      0.044         92.5562  1.016944      0.375129
    326   1     -4   1   7     4  0.169508  0.903989      98.492        0.0        0.0      0.001          0.8068  1.016843      0.530063
    327   1     -4   4   4     4  0.169716  0.904351      98.564       10.9       11.3      0.377        552.5213  1.016298      0.580346
    328   1      5   2   4     4  0.169937  0.904734      98.639       62.5       66.6      2.145       2240.9570  1.015724      0.816844
    329   1     -5   3   5     4  0.170822  0.906263      98.940        1.2        1.4      0.097         57.1362  1.013437      0.640735
    330   1     -2   2   7     4  0.171272  0.907035      99.092        0.0        0.0      0.003          1.6791  1.012291      0.394258
    331   1      5   3   3     4  0.171343  0.907157      99.116        2.7        3.6      0.451         99.1888  1.012109      0.794314
    332   1     -1   2   7     4  0.171723  0.907807      99.244        0.1        0.2      0.022          6.7646  1.011146      0.402811
    333   1      1   1   7     4  0.171749  0.907851      99.253        4.3        8.0      1.046        237.0978  1.011082      0.539063
    334   1     -2   4   5     4  0.171955  0.908202      99.322        0.8        1.4      0.242         57.8366  1.010564      0.422617
    335   1     -3   5   1     4  0.172902  0.909811      99.639        0.3        0.6      0.092         15.3220  1.008199      0.553814
    336   1      4   2   5     4  0.173217  0.910342      99.744        1.2        1.9      0.324         50.5215  1.007424      0.742826
    337   1      0   4   5     4  0.173560  0.910921      99.858        0.6        0.8      0.102         50.9639  1.006580      0.438005
    338   1      3   5   0     4  0.173686  0.911133      99.899        2.8        3.5      0.346        187.2188  1.006271      0.570158
    339   1     -8   0   2     2  0.173861  0.911426      99.957       22.1       26.8      1.869       2147.5298  1.005845      0.971679

     -----------------------------------------------------
     BRAGG R-Factors and weight fractions for Pattern #  1
     -----------------------------------------------------

 => Phase:  1      #(C) 2021 by FIZ Karlsruhe - Leibniz Institute for Information Infrastructure.  All rights reserved.
 => Bragg R-factor:   7.95       Vol:  327.966( 0.008)  Fract(%):  100.00( 0.59)
 => Rf-factor=  8.34             ATZ:         743.567   Brindley:  1.0000

     -----------------------------------------------------------------
      SYMBOLIC NAMES AND FINAL VALUES AND SIGMA OF REFINED PARAMETERS:
     -----------------------------------------------------------------

      ->  Parameter number    1 :                                          Zero_pat1    0.11186028E-01( +/-    0.60111284E-03 )
      ->  Parameter number    2 :                                     Scale_ph1_pat1    0.65014041E-02( +/-    0.27207130E-04 )
      ->  Parameter number    3 :                                    Cell_A_ph1_pat1     8.0576286    ( +/-    0.97399476E-04 )
      ->  Parameter number    4 :                                    Cell_B_ph1_pat1     5.4477024    ( +/-    0.83545834E-04 )
      ->  Parameter number    5 :                                    Cell_C_ph1_pat1     7.6463742    ( +/-    0.10214153E-03 )
      ->  Parameter number    6 :                                    Cell_E_ph1_pat1     102.27694    ( +/-    0.84722822E-03 )
      ->  Parameter number    7 :                                    U-Cagl_ph1_pat1    0.24834033E-01( +/-    0.15483847E-02 )
      ->  Parameter number    8 :                                    W-Cagl_ph1_pat1    0.60959375E-02( +/-    0.14240718E-03 )
      ->  Parameter number    9 :                                    V-Cagl_ph1_pat1   -0.93330992E-02( +/-    0.95257192E-03 )
      ->  Parameter number   10 :                                     EtaPV_ph1_pat1    0.40392798    ( +/-    0.13917372E-01 )
      ->  Parameter number   11 :                                     X-tan_ph1_pat1    0.50771609E-02( +/-    0.47989390E-03 )
      ->  Parameter number   12 :                                     Asym1_ph1_pat1    0.26518442E-01( +/-    0.31281754E-02 )
      ->  Parameter number   13 :                                     Asym2_ph1_pat1    0.13637714E-01( +/-    0.63867139E-03 )
      ->  Parameter number   14 :                                       Or1_ph1_pat1   -0.40543318    ( +/-    0.36833137E-02 )
      ->  Parameter number   15 :                                          X_Na1_ph1    0.37004495    ( +/-    0.45482416E-03 )
      ->  Parameter number   16 :                                          Y_Na1_ph1    0.78863537    ( +/-    0.12249508E-02 )
      ->  Parameter number   17 :                                          Z_Na1_ph1    0.11597824    ( +/-    0.61837601E-03 )
      ->  Parameter number   18 :                                          X_Nb1_ph1    0.15548791    ( +/-    0.13707731E-03 )
      ->  Parameter number   19 :                                          Y_Nb1_ph1    0.25658694    ( +/-    0.55727089E-03 )
      ->  Parameter number   20 :                                          Z_Nb1_ph1    0.31708622    ( +/-    0.20607583E-03 )
      ->  Parameter number   21 :                                           X_O1_ph1    0.18001789    ( +/-    0.85097254E-03 )
      ->  Parameter number   22 :                                           Y_O1_ph1    0.16521749    ( +/-    0.12928951E-02 )
      ->  Parameter number   23 :                                           Z_O1_ph1    0.57273805E-01( +/-    0.14385204E-02 )
      ->  Parameter number   24 :                                           X_O2_ph1    0.70268221E-01( +/-    0.76627673E-03 )
      ->  Parameter number   25 :                                           Y_O2_ph1    0.59159642    ( +/-    0.16113566E-02 )
      ->  Parameter number   26 :                                           Z_O2_ph1    0.23607603    ( +/-    0.10880093E-02 )
      ->  Parameter number   27 :                                           X_F1_ph1    0.36314654    ( +/-    0.75579324E-03 )
      ->  Parameter number   28 :                                           Y_F1_ph1    0.42825413    ( +/-    0.12112189E-02 )
      ->  Parameter number   29 :                                           Z_F1_ph1    0.30961290    ( +/-    0.99782669E-03 )
      ->  Parameter number   30 :                                           X_F2_ph1    0.31867972    ( +/-    0.74253546E-03 )
      ->  Parameter number   31 :                                           Y_F2_ph1    0.98098093    ( +/-    0.11032614E-02 )
      ->  Parameter number   32 :                                           Z_F2_ph1    0.37826493    ( +/-    0.10095866E-02 )

 ------------------------------------------------------------------
 => Number of bytes for floating point variables: 4
 => Dimensions of dynamic allocated arrays in this run of FullProf:
 ------------------------------------------------------------------

 => Total approximate array memory (dynamic + static): 128536585 bytes

    MaxPOINT=    60000 Max.num. of points(+int. Inten.)/diffraction pattern       
    MaxREFLT=    20000 Max.num. of reflections/diffraction pattern               
    MaxPARAM=      300 Max.num. of refinable parameters                          
    MaxOVERL=    18096 Max.num. of overlapping reflections                       

 ----------------------------------------------------------
 => Number of bytes for floating point arrays: 4
 => Dimensions of fixed arrays in this release of FullProf:
 ----------------------------------------------------------

    NPATT   =       80 Max.num. of powder diffraction patterns                    
    NATS    =      830 Max.num. of atoms (all kind) in asymmetric unit            
    MPAR    =     1800 Max.num. of non atomic parameters/phase                    
    IEXCL   =       30 Max.num. of excluded regions                               
    IBACP   =      377 Max.num. of background points for interpolation            
    NPHT    =       16 Max.num. of phases                                         
    NMAGM   =        8 Max.num. of rotation-matrices sets for magnetic structure  
    NBASIS  =       12 Max.num. of basis functions associated to a single atom    
    NIREPS  =        9 Max.num. of irreducible representations to be combined     
    N_EQ    =      384 Max.num. of user-supplied symmetry operators/propagation vectors
    NGL     =      400 Max.num. of global parameters/diffraction pattern          
    N_LINC  =       50 Max.num. of global linear restraints                        
    NAT_P   =       80 Max.num. of atomic parameters per atom                     
    NCONST  =      500 Max.num. of slack constraints per phase                    
    N_SPE   =       30 Max.num. of different chemical species                     
    N_FORM  =       60 Max.num. of scattering factor values in a table            
    NPR     =      150 Max.num. of points defining a numerical profile            
    INPR    =       25 Max.num. of different numerical peak shapes                
    NPRC    =      150 Max.num. of terms in the table for correcting intensities  
    NSOL    =       10 Max.num. of solutions to be stored in Montecarlo searchs   

 
              CPU Time:     1.031 seconds
                            0.017 minutes

 => Run finished at:     Date: 03/02/2023  Time: 18:35:35.753                              
