

        **********************************************************
        ** PROGRAM FullProf.2k (Version 7.30 - Mar2020-ILL JRC) **
        **********************************************************
                       M U L T I -- P A T T E R N                 
            Rietveld, Profile Matching & Integrated Intensity     
                 Refinement of X-ray and/or Neutron Data


    Date: 07/02/2023  Time: 13:32:36.410                              

 => PCR file code: NaTaO2F2
 => DAT file code: NaTaO2F2.dat         -> Relative contribution: 1.0000                                                            

 ==> CONDITIONS OF THIS RUN FOR PATTERN No.:  1

 => Global Refinement of X-ray powder diffraction data                                                                              
 => Global Refinement of X-ray powder diffraction data                                                                              
    Bragg-Brentano(X-rays) or Debye-Scherrer geometry(Neutrons)
 => Title:  #(C) 2021 by FIZ Karlsruhe - Leibniz Institute for Information Infrastructure.  All rights reserved.

 => Number of phases:    1
 => Number of excluded regions:    0
 => Number of scattering factors supplied:    0
 => Conventional weights: w=1.0/Variance(yobs)
 => Asymmetry correction as in J.Appl.Cryst. 26,128(1993)
 => Background linearly interpolated between the   23 points given
 => The    5th default profile function was selected
 => Pseudo-Voigt function (ETA variable)
                 X-parameter correspond to: ETA=ETA0+X*2theta
                       pV(x)= ETA*L(x)+(1-ETA)*G(x)

 ==> INPUT/OUTPUT OPTIONS:

 => Generate file *.PRF for plot
 => Output Integrated Intensities
 => Generate new input file *.PCR

 => X-Y type of data: 2theta/TOF/E(Kev) Intens sigma for pattern:  1
 => Plot pattern at each cycle
 => Wavelengths:  1.54056 1.54439
 => Alpha2/Alpha1 ratio:   0.5000
 => Cos(Monochromator angle)=   0.9100
 => Asymmetry correction for angles lower than   90.000 degrees
 => Absorption correction (AC), muR-eff =   0.0000  0.0000
 => Base of peaks: 2.0*HW*    8.00

 => Number of cycles:   33
 => Relaxation factors ==>    for coordinates:  1.00
 => for anisotropic temperature factors:  1.00
 => for halfwidth/strain/size parameters:  1.00
 => for lattice constants and propagation vectors:  1.00
 => EPS-value for convergence:    0.1
 => Background ==> 
    Position   Intensity
       10.21     6151.37        0.00
       12.48     5471.42        0.00
       13.59     5174.89        0.00
       15.68     4765.57        0.00
       18.26     4266.23        0.00
       21.47     3816.66        0.00
       25.76     3545.21        0.00
       30.61     3233.81        0.00
       35.67     2950.13        0.00
       38.41     2742.42        0.00
       42.52     2659.57        0.00
       45.12     2726.40        0.00
       53.99     2807.02        0.00
       62.58     2578.46        0.00
       66.11     2408.20        0.00
       74.87     2449.84        0.00
       77.89     2359.37        0.00
       81.38     2427.46        0.00
       85.98     2342.43        0.00
       88.75     2363.76        0.00

       93.25     2328.01        0.00
       95.57     2338.53        0.00
       98.01     2336.36        0.00

 
 => Number of Least-Squares parameters varied:    31

 =>--------------------------->
 =>------->  PATTERN number:  1
 =>--------------------------->
 => Global parameters and codes ==>
 => Zero-point:    -0.0086   11.0000
 => Displacement peak-shift parameter and code:     0.00    0.00
 => Transparency peak-shift parameter and code:     0.00    0.00

 => Reading Intensity data  =>>

 -> No recognizable heading in input data file X,Y,sigma
    First 6 lines are considered as COMMENTS (except for TSAMP keyword)
 -> COMMENT: 10.0116	6552.0000                                                                                                                   
 -> COMMENT: 10.0247	6490.0000                                                                                                                   
 -> COMMENT: 10.0379	6550.0000                                                                                                                   
 -> COMMENT: 10.0510	6551.0000                                                                                                                   
 -> COMMENT: 10.0641	6355.0000                                                                                                                   
 -> COMMENT: 10.0772	6425.0000                                                                                                                   
 ==> Angular range, step and number of points:
     2Thmin:      10.090400  2Thmax:      99.993401  Step:       0.013132  No. of points:   6848
 --------------------------------------------------------------------------------
 => Phase  No. 1
       #(C) 2021 by FIZ Karlsruhe - Leibniz Institute for Information Infras
 --------------------------------------------------------------------------------
 =>-------> Pattern#  1
 => Crystal Structure Refinement
 => Preferred orientation vector:   0.0000  0.0000  1.0000

 =>-------> Data for PHASE: 1
 => Number of atoms:    6
 => Number of distance  constraints:    0
 => Number of angle     constraints:    0

 => Symmetry information on space group: P 1 21/c 1          
 -> The multiplicity of the general position is:   4
 -> The space group is Centric (-1 at origin)   
 -> Lattice type  P: { 000 }                                       
 -> Reduced set of symmetry operators:

  No.  IT   Symmetry symbol    Rotation part     Associated Translation
   1: ( 1)   1            -->     ( x, y, z) + {  0.0000  0.0000  0.0000}
   2: ( 3)   2 ( 0, y, 0) -->     (-x, y,-z) + {  0.0000  0.5000  0.5000}


        Information on Space Group: 
        --------------------------- 

 =>   Number of Space group:  14
 =>  Hermann-Mauguin Symbol: P 1 21/c 1
 =>             Hall Symbol: -P 2ybc
 =>    Table Setting Choice: b1
 =>            Setting Type: IT (Generated from Hermann-Mauguin symbol)
 =>          Crystal System: Monoclinic
 =>              Laue Class: 2/m
 =>             Point Group: 2/m
 =>         Bravais Lattice: P
 =>          Lattice Symbol: mP
 =>  Reduced Number of S.O.:   2
 =>    General multiplicity:   4
 =>          Centrosymmetry: Centric (-1 at origin)
 =>  Generators (exc. -1&L):   1
 =>         Asymmetric unit:  0.000 <= x <=  1.000
                              0.000 <= y <=  0.250
                              0.000 <= z <=  1.000

 => List of S.O. without inversion and lattice centring translations
 => SYMM(  1): x,y,z                               => SYMM(  2): -x,y+1/2,-z+1/2


 => Initial parameters ==>
 Atom    Ntyp                  X         Y         Z         B         occ.         in  fin  Spc  Mult
                             B11       B22       B33       B12       B13       B23
 Na1    Na                 0.38120   0.78589   0.10473   1.11627   1.00000           0    0    0    4
                 Codes:  141.00000 151.00000 161.00000   0.00000   0.00000
 Ta1    Ta                 0.15941   0.25719   0.29618   0.47176   1.00000           0    0    0    4
                 Codes:  171.00000 181.00000 191.00000   0.00000   0.00000
 O1     O                  0.21693   0.15793   0.04920   0.58064   1.00000           0    0    0    4
                 Codes:  201.00000 211.00000 221.00000   0.00000   0.00000
 O2     O                  0.05608   0.54309   0.22012   0.58064   1.00000           0    0    0    4
                 Codes:  231.00000 241.00000 251.00000   0.00000   0.00000
 F1     F                  0.38179   0.47174   0.30932   1.12063   1.00000           0    0    0    4
                 Codes:  261.00000 271.00000 281.00000   0.00000   0.00000
 F2     F                  0.34208   0.98801   0.37447   1.12063   1.00000           0    0    0    4
                 Codes:  291.00000 301.00000 311.00000   0.00000   0.00000

 => IT IS ASSUMED THAT THE FIRST GIVEN SITE IS FULLY OCCUPIED 
    OR THE FIRST AND SECOND ATOMS ARE IN THE SAME SITE WITH TOTAL FULL OCCUPATION
  (If this is not the case, change the order of atoms to obtain correct values for the content of the unit cell)
    The given occupation factors have been obtained mutiplying m/M by   1.0000
      -> Atom: Na  ,  Chemical element: NA  Atomic Mass:    22.9898
      -> Atom: Ta  ,  Chemical element: TA  Atomic Mass:   180.9479
      -> Atom: O   ,  Chemical element: O   Atomic Mass:    15.9994
      -> Atom: O   ,  Chemical element: O   Atomic Mass:    15.9994
      -> Atom: F   ,  Chemical element: F   Atomic Mass:    18.9984
      -> Atom: F   ,  Chemical element: F   Atomic Mass:    18.9984
 => The given value of ATZ is       1095.73 the program has calculated:        1095.73
    The value of ATZ given in the input PCR file will be used for quantitative analysis
 => The chemical content of the unit cell is: 
       4.0000 Na   +   4.0000 Ta   +   4.0000 O    +   4.0000 O    +   4.0000 F    +   4.0000 F      
 => The normalized site occupation numbers in % are: 
     100.0000 Na1    :      100.0000 Ta1    :      100.0000 O1     :      100.0000 O2     :      100.0000 F1     :      100.0000 F2       
 => The density (volumic mass) of the compound is:    5.555 g/cm3

 =>-------> PROFILE PARAMETERS FOR PATTERN:  1

 => Overall scale factor:   0.201170E-02
 => ETA (p-Voigt) OR M (Pearson VII):   0.3923
 => Overall temperature factor:      0.00000
 => Halfwidth U,V,W:      0.06265    -0.03669     0.01213
 => X and Y parameters:       0.0017      0.0000
 => Direct cell parameters:    8.1377   5.4781   7.5231  90.0000 102.4217  90.0000
 => Preferred orientation parameters:   0.0000  0.0000
 => Asymmetry parameters     :      0.04394     0.00470     0.00000     0.00000
 => Strain parameters        :      0.00000     0.00000     0.00000
 => Size   parameters        :      0.00000     0.00000

 ==> CODEWORDS FOR PROFILE PARAMETERS of PATTERN#  1

 => Overall scale factor:   21.000
 => ETA (p-Voigt) OR M (Pearson VII):  101.000
 => Overall temperature factor:    0.000
 => Halfwidth U,V,W:   71.000  91.000  81.000
 => X and Y parameters:  111.000   0.000
 => Direct cell parameters:   31.000  41.000  51.000   0.000  61.000   0.000
 => Preferred orientation parameters:    0.000   0.000
 => Asymmetry parameters     :  121.000 131.000   0.000   0.000
 => Strain parameters        :    0.000   0.000   0.000
 => Size   parameters        :    0.000   0.000

 => Cell constraints according to Laue symmetry: 2/m  

        Metric information:
        -------------------

 => Direct cell parameters:

         a =       8.1377      b =       5.4781      c =       7.5231
     alpha =       90.000   beta =      102.422  gamma =       90.000
                        Direct Cell Volume =     327.5254

 => Reciprocal cell parameters:

         a*=     0.125830      b*=     0.182545      c*=     0.136110
     alpha*=       90.000   beta*=       77.578  gamma*=       90.000
                    Reciprocal Cell Volume =   0.00305320

 => Direct and Reciprocal Metric Tensors:

                   GD                                       GR
     66.2230      0.0000    -13.1690          0.015833    0.000000    0.003684
      0.0000     30.0096      0.0000          0.000000    0.033323    0.000000
    -13.1690      0.0000     56.5974          0.003684    0.000000    0.018526

 =>  Cartesian frame: z // c; y is in the bc-plane; x is y ^ z = a*  

     Crystal_to_Orthonormal_Matrix              Orthonormal_to_Crystal Matrix
              Cr_Orth_cel                               Orth_Cr_cel  
      8.1377      0.0000     -1.6183          0.122884   -0.000000    0.027067
      0.0000      5.4781      0.0000          0.000000    0.182545   -0.000000
      0.0000      0.0000      7.3470          0.000000    0.000000    0.136110

     Busing-Levy B-matrix: Hc=B.H            Inverse of the Busing-Levy B-matrix
                BL_M                                      BL_Minv  
    0.125830    0.000000    0.029278            7.9472     -0.0000     -1.7505
    0.000000    0.182545   -0.000000            0.0000      5.4781      0.0000
    0.000000    0.000000    0.132924            0.0000      0.0000      7.5231

 => Laue symmetry 2/m   will be used to generate HKL for pattern#   1
 => Reflections generated between S(1/d)min:  0.1139 A-1 and S(1/d)max:  1.0105 A-1
 =>                                    dmax:  8.7808 A   and      dmin:  0.9896 A
 => The number of reflections generated is:    358
 => The max. scatt. variable (gen.ref.) is:       102.2246
 => Scattering coefficients from internal table


 => X-ray scattering coeff. (A1, B1, A2,...C, f(0), Z, Dfp,Dfpp)

 NA      4.7626   3.2850   3.1736   8.8422   1.2674   0.3136   1.1128 129.4240   0.6760  10.9924  11.0000   0.1290   0.1240
 TA     29.2024   1.7733  15.2293   9.3705  14.5135   0.2960   4.7649  63.3644   9.2435  72.9537  73.0000  -6.3510   5.2710
 O       3.0485  13.2771   2.2868   5.7011   1.5463   0.3239   0.8670  32.9089   0.2508   7.9994   8.0000   0.0470   0.0320
 F       3.5392  10.2825   2.6412   4.2944   1.5170   0.2615   1.0243  26.1476   0.2776   8.9993   9.0000   0.0690   0.0530

     --------------------------------------------------------------
      SYMBOLIC NAMES AND INITIAL VALUES OF PARAMETERS TO BE VARIED:
     --------------------------------------------------------------

      ->  Parameter number    1   -> Symbolic Name:                                          Zero_pat1   -0.85500004E-02
      ->  Parameter number    2   -> Symbolic Name:                                     Scale_ph1_pat1    0.20117001E-02
      ->  Parameter number    3   -> Symbolic Name:                                    Cell_A_ph1_pat1     8.1377487    
      ->  Parameter number    4   -> Symbolic Name:                                    Cell_B_ph1_pat1     5.4780998    
      ->  Parameter number    5   -> Symbolic Name:                                    Cell_C_ph1_pat1     7.5231218    
      ->  Parameter number    6   -> Symbolic Name:                                    Cell_E_ph1_pat1     102.42173    
      ->  Parameter number    7   -> Symbolic Name:                                    U-Cagl_ph1_pat1    0.62650003E-01
      ->  Parameter number    8   -> Symbolic Name:                                    W-Cagl_ph1_pat1    0.12129000E-01
      ->  Parameter number    9   -> Symbolic Name:                                    V-Cagl_ph1_pat1   -0.36688000E-01
      ->  Parameter number   10   -> Symbolic Name:                                     EtaPV_ph1_pat1    0.39234000    
      ->  Parameter number   11   -> Symbolic Name:                                     X-tan_ph1_pat1    0.17410000E-02
      ->  Parameter number   12   -> Symbolic Name:                                     Asym1_ph1_pat1    0.43940000E-01
      ->  Parameter number   13   -> Symbolic Name:                                     Asym2_ph1_pat1    0.46999999E-02
      ->  Parameter number   14   -> Symbolic Name:                                          X_Na1_ph1    0.38119999    
      ->  Parameter number   15   -> Symbolic Name:                                          Y_Na1_ph1    0.78588998    
      ->  Parameter number   16   -> Symbolic Name:                                          Z_Na1_ph1    0.10473000    
      ->  Parameter number   17   -> Symbolic Name:                                          X_Ta1_ph1    0.15941000    
      ->  Parameter number   18   -> Symbolic Name:                                          Y_Ta1_ph1    0.25718999    
      ->  Parameter number   19   -> Symbolic Name:                                          Z_Ta1_ph1    0.29618001    
      ->  Parameter number   20   -> Symbolic Name:                                           X_O1_ph1    0.21693000    
      ->  Parameter number   21   -> Symbolic Name:                                           Y_O1_ph1    0.15793000    
      ->  Parameter number   22   -> Symbolic Name:                                           Z_O1_ph1    0.49199998E-01
      ->  Parameter number   23   -> Symbolic Name:                                           X_O2_ph1    0.56079999E-01
      ->  Parameter number   24   -> Symbolic Name:                                           Y_O2_ph1    0.54308999    
      ->  Parameter number   25   -> Symbolic Name:                                           Z_O2_ph1    0.22012000    
      ->  Parameter number   26   -> Symbolic Name:                                           X_F1_ph1    0.38179001    
      ->  Parameter number   27   -> Symbolic Name:                                           Y_F1_ph1    0.47174001    
      ->  Parameter number   28   -> Symbolic Name:                                           Z_F1_ph1    0.30932000    
      ->  Parameter number   29   -> Symbolic Name:                                           X_F2_ph1    0.34208000    
      ->  Parameter number   30   -> Symbolic Name:                                           Y_F2_ph1    0.98800999    
      ->  Parameter number   31   -> Symbolic Name:                                           Z_F2_ph1    0.37447000    
  
 
 => No optimization for routine tasks
 ++++++++++++++++++++++++++++++++++++++++++++++++++++++++++++++++++++++++++++++++++++++++++++++++++++++++++++++++++++++++

 => CYCLE No.:    1
 ---------------------------------------------------------------------------------------
 => Phase  1 Name:  #(C) 2021 by FIZ Karlsruhe - Leibniz Institute for Information Infras
 ---------------------------------------------------------------------------------------
 => New parameters, shifts, and standard deviations

 Atom        x       dx      sx       y       dy      sy       z       dz      sz       B       dB      sB      occ.    docc.   socc.

 Na1      0.38120-0.00000 0.00059  0.78589 0.00000 0.00143  0.10473 0.00000 0.00072  1.11627 0.00000 0.00000  1.00000 0.00000 0.00000
 Ta1      0.15941 0.00000 0.00010  0.25719-0.00000 0.00040  0.29618-0.00000 0.00012  0.47176 0.00000 0.00000  1.00000 0.00000 0.00000
 O1       0.21693-0.00000 0.00100  0.15793-0.00000 0.00129  0.04919-0.00001 0.00140  0.58064 0.00000 0.00000  1.00000 0.00000 0.00000
 O2       0.05608-0.00000 0.00121  0.54306-0.00003 0.00180  0.22012-0.00000 0.00157  0.58064 0.00000 0.00000  1.00000 0.00000 0.00000
 F1       0.38179 0.00000 0.00119  0.47171-0.00003 0.00167  0.30933 0.00001 0.00149  1.12063 0.00000 0.00000  1.00000 0.00000 0.00000
 F2       0.34207-0.00001 0.00106  0.98799-0.00002 0.00155  0.37446-0.00001 0.00134  1.12063 0.00000 0.00000  1.00000 0.00000 0.00000

 ==> PROFILE PARAMETERS FOR PATTERN#  1

 => Overall scale factor:      0.002011706     0.000000006     0.000003444
 => Eta(p-Voigt) or m(Pearson VII):   0.392310 -0.000030  0.011179
 => Overall tem. factor:     0.000000    0.000000    0.000000
 => Halfwidth parameters: 
         0.062643   -0.000007    0.001585
        -0.036684    0.000004    0.001115
         0.012128   -0.000001    0.000193
 => Cell parameters: 
        8.137749    0.000000    0.000085
        5.478100    0.000000    0.000060
        7.523122    0.000000    0.000077
       90.000000    0.000000    0.000000
      102.421730    0.000000    0.000635
       90.000000    0.000000    0.000000
 => Preferred orientation: 
         0.000000    0.000000    0.000000
         0.000000    0.000000    0.000000
 => Asymmetry parameters: 
         0.043920   -0.000020    0.002646
         0.004697   -0.000003    0.000685
         0.000000    0.000000    0.000000
         0.000000    0.000000    0.000000
 => X and Y parameters: 
         0.001740   -0.000001    0.000325
         0.000000    0.000000    0.000000
 => Strain parameters: 
         0.000000    0.000000    0.000000
         0.000000    0.000000    0.000000
         0.000000    0.000000    0.000000
 => Size   parameters (G,L): 
         0.000000    0.000000    0.000000
         0.000000    0.000000    0.000000

 ==> GLOBAL PARAMETERS FOR PATTERN#  1


 => Zero-point:    -0.0086   -0.0000    0.0005

 => Cos( theta)-shift parameter :   0.0000  0.0000  0.0000
 => Sin(2theta)-shift parameter :   0.0000  0.0000  0.0000

 ==> RELIABILITY FACTORS WITH ALL NON-EXCLUDED POINTS FOR PATTERN:  1

 => R-Factors:   3.62      5.06     Chi2:  11.4     DW-Stat.:  0.3378   Patt#:  1
 => Expected :            1.50                                1.9341
 => Deviance : 0.804E+05     Dev*:   11.79    
 => GoF-index:  3.4         Sqrt(Residual/N)
 => N-P+C:  6817

 =>    SumYdif       SumYobs      SumYcal      SumwYobsSQ     Residual    Condition
     0.1104E+07    0.3046E+08    0.3039E+08    0.3046E+08    0.7795E+05    0.7601E+10


 => Conventional Rietveld Rp,Rwp,Re and Chi2:   10.8      10.8      3.18      11.43    
 => (Values obtained using Ynet, but true sigma(y))
 =>  SumYnet, Sum(w Ynet**2):     0.1022E+08    0.6735E+07


 ==> RELIABILITY FACTORS FOR POINTS WITH BRAGG CONTRIBUTIONS FOR PATTERN:  1

 => R-Factors:   3.89      5.34     Chi2:  12.8     DW-Stat.:  0.3470   Patt#:
 => Expected :            1.49                                1.9301
 => Deviance : 0.783E+05     Dev*:   13.21    
 => GoF-index:  3.6         Sqrt(Residual/N)
 => N-P+C:  5924

 =>    SumYdif       SumYobs      SumYcal      SumwYobsSQ     Residual    Condition
     0.1035E+07    0.2660E+08    0.2654E+08    0.2660E+08    0.7587E+05    0.7601E+10


 => Conventional Rietveld Rp,Rwp,Re and Chi2:   10.1      10.6      2.97      12.81    
 => (Values obtained using Ynet, but true sigma(y))
 =>  SumYnet, Sum(w Ynet**2):     0.1020E+08    0.6732E+07


 => Global user-weigthed Chi2 (Bragg contrib.):   12.8    

 => ---------> Pattern#  1
 => Phase:  1
 =>    Bragg R-factor:  5.75    
 =>    RF-factor     :  4.46    


   Standard deviations have to be multiplied by: 3.2306
   (correlated residuals) See references:
  -J.F.Berar & P.Lelann, J. Appl. Cryst. 24, 1-5 (1991) 
  -J.F.Berar, Acc. in Pow. Diff. II,NIST Sp.Pub. 846, 63(1992) 

 ++++++++++++++++++++++++++++++++++++++++++++++++++++++++++++++++++++++++++++++++++++++++++++++++++++++++++++++++++++++++

 => CYCLE No.:    1
 =>  Convergence reached at this CYCLE !!!!
 =>  Parameter shifts set to zero
 ---------------------------------------------------------------------------------------
 => Phase  1 Name:  #(C) 2021 by FIZ Karlsruhe - Leibniz Institute for Information Infras
 ---------------------------------------------------------------------------------------
 => New parameters, shifts, and standard deviations

 Atom        x       dx      sx       y       dy      sy       z       dz      sz       B       dB      sB      occ.    docc.   socc.

 Na1      0.38120 0.00000 0.00059  0.78589 0.00000 0.00143  0.10473 0.00000 0.00072  1.11627 0.00000 0.00000  1.00000 0.00000 0.00000
 Ta1      0.15941 0.00000 0.00010  0.25719 0.00000 0.00040  0.29618 0.00000 0.00012  0.47176 0.00000 0.00000  1.00000 0.00000 0.00000
 O1       0.21693 0.00000 0.00100  0.15793 0.00000 0.00129  0.04919 0.00000 0.00140  0.58064 0.00000 0.00000  1.00000 0.00000 0.00000
 O2       0.05608 0.00000 0.00121  0.54306 0.00000 0.00180  0.22012 0.00000 0.00157  0.58064 0.00000 0.00000  1.00000 0.00000 0.00000
 F1       0.38179 0.00000 0.00119  0.47171 0.00000 0.00167  0.30933 0.00000 0.00149  1.12063 0.00000 0.00000  1.00000 0.00000 0.00000
 F2       0.34207 0.00000 0.00106  0.98799 0.00000 0.00155  0.37446 0.00000 0.00134  1.12063 0.00000 0.00000  1.00000 0.00000 0.00000

 ==> PROFILE PARAMETERS FOR PATTERN#  1

 => Overall scale factor:      0.002011706     0.000000000     0.000003444
 => Eta(p-Voigt) or m(Pearson VII):   0.392310  0.000000  0.011179
 => Overall tem. factor:     0.000000    0.000000    0.000000
 => Halfwidth parameters: 
         0.062643    0.000000    0.001585
        -0.036684    0.000000    0.001115
         0.012128    0.000000    0.000193
 => Cell parameters: 
        8.137749    0.000000    0.000085
        5.478100    0.000000    0.000060
        7.523122    0.000000    0.000077
       90.000000    0.000000    0.000000
      102.421730    0.000000    0.000635
       90.000000    0.000000    0.000000
 => Preferred orientation: 
         0.000000    0.000000    0.000000
         0.000000    0.000000    0.000000
 => Asymmetry parameters: 
         0.043920    0.000000    0.002646
         0.004697    0.000000    0.000685
         0.000000    0.000000    0.000000
         0.000000    0.000000    0.000000
 => X and Y parameters: 
         0.001740    0.000000    0.000325
         0.000000    0.000000    0.000000
 => Strain parameters: 
         0.000000    0.000000    0.000000
         0.000000    0.000000    0.000000
         0.000000    0.000000    0.000000
 => Size   parameters (G,L): 
         0.000000    0.000000    0.000000
         0.000000    0.000000    0.000000

 ==> GLOBAL PARAMETERS FOR PATTERN#  1


 => Zero-point:    -0.0086    0.0000    0.0005

 => Cos( theta)-shift parameter :   0.0000  0.0000  0.0000
 => Sin(2theta)-shift parameter :   0.0000  0.0000  0.0000

 ==> RELIABILITY FACTORS WITH ALL NON-EXCLUDED POINTS FOR PATTERN:  1

 => R-Factors:   3.62      5.06     Chi2:  11.4     DW-Stat.:  0.3378   Patt#:  1
 => Expected :            1.50                                1.9341
 => Deviance : 0.804E+05     Dev*:   11.79    
 => GoF-index:  3.4         Sqrt(Residual/N)
 => N-P+C:  6817

 =>    SumYdif       SumYobs      SumYcal      SumwYobsSQ     Residual    Condition
     0.1104E+07    0.3046E+08    0.3039E+08    0.3046E+08    0.7795E+05    0.7601E+10


 => Conventional Rietveld Rp,Rwp,Re and Chi2:   10.8      10.8      3.18      11.43    
 => (Values obtained using Ynet, but true sigma(y))
 =>  SumYnet, Sum(w Ynet**2):     0.1022E+08    0.6735E+07

 => N-sigma of the GoF:      609.212

 ==> RELIABILITY FACTORS FOR POINTS WITH BRAGG CONTRIBUTIONS FOR PATTERN:  1

 => R-Factors:   3.89      5.34     Chi2:  12.8     DW-Stat.:  0.3470   Patt#:
 => Expected :            1.49                                1.9301
 => Deviance : 0.783E+05     Dev*:   13.21    
 => GoF-index:  3.6         Sqrt(Residual/N)
 => N-P+C:  5924

 =>    SumYdif       SumYobs      SumYcal      SumwYobsSQ     Residual    Condition
     0.1035E+07    0.2660E+08    0.2654E+08    0.2660E+08    0.7587E+05    0.7601E+10


 => Conventional Rietveld Rp,Rwp,Re and Chi2:   10.1      10.6      2.97      12.81    
 => (Values obtained using Ynet, but true sigma(y))
 =>  SumYnet, Sum(w Ynet**2):     0.1020E+08    0.6732E+07

 => N-sigma of the GoF:      642.574

 => Global user-weigthed Chi2 (Bragg contrib.):   13.2    

 => ---------> Pattern#  1
 => Phase:  1
 =>    Bragg R-factor:  5.75    
 =>    RF-factor     :  4.46    

 --------------------------------------------------------------------------------------------------------------
 Pattern#  1 Phase No.:   1 Phase name:  #(C) 2021 by FIZ Karlsruhe - 
 --------------------------------------------------------------------------------------------------------------

   No.  Code     H   K   L  Mult      Hw      ETA/M    2theta/TOF     Icalc       Iobs      Sigma     StrFactor^2    d-hkl       CORR

      1   1      1   0   0     2  0.095658  0.411667      11.124     3947.5     3512.3      9.123       9941.2461  7.947250      1.000000
      2   1      1   1   0     4  0.087477  0.426531      19.666    10373.3    10177.0     11.321      41716.3047  4.510375      1.000000
      3   1      0   1   1     4  0.087071  0.427465      20.203       16.6       54.1      3.098         70.5993  4.391690      1.000000
      4   1     -1   1   1     4  0.085943  0.430259      21.809       28.0       57.1      4.453        139.5175  4.071856      1.000000
      5   1      2   0   0     2  0.085590  0.431209      22.355     1205.9     1292.1      5.949      12643.9922  3.973625      1.000000
      6   1      0   0   2     2  0.084513  0.434434      24.208     3765.6     3674.0      7.080      46605.0742  3.673506      1.000000
      7   1      1   1   1     4  0.084431  0.434706      24.364       14.3       14.4      0.026         89.5875  3.650273      1.000000
      8   1     -1   0   2     2  0.084418  0.434749      24.389     3963.8     3929.7      6.573      49829.8438  3.646615      1.000000
      9   1      2   1   0     4  0.083014  0.440530      27.711     7348.7     7506.1     10.025      60420.2383  3.216530      1.000000
     10   1     -2   1   1     4  0.082846  0.441485      28.260       84.5       60.7      1.992        724.2935  3.155267      1.000000
     11   1      1   0   2     2  0.082684  0.442531      28.862        4.1        5.2      0.338         72.6967  3.090887      1.000000
     12   1      0   1   2     4  0.082593  0.443202      29.247     2444.4     2649.7      6.395      22531.0410  3.051019      1.000000
     13   1     -2   0   2     2  0.082576  0.443332      29.322      119.1      128.7      0.302       2206.5183  3.043416      1.000000
     14   1     -1   1   2     4  0.082559  0.443467      29.399     1271.7     1381.5      3.813      11852.0068  3.035560      1.000000
     15   1      2   1   1     4  0.082212  0.448408      32.239       13.5        0.0      3.493        152.7874  2.774385      1.000000
     16   1      0   2   0     2  0.082206  0.449152      32.666     1541.6     1536.7      5.586      36000.1875  2.739050      1.000000
     17   1      1   1   2     4  0.082219  0.450175      33.254     2921.7     2931.1      6.174      35451.1055  2.691954      1.000000
     18   1     -2   1   2     4  0.082242  0.450881      33.660     2665.1     2678.3      5.687      33193.9414  2.660419      1.000000
     19   1      3   0   0     2  0.082253  0.451139      33.808      999.2     1078.6      2.975      25127.6387  2.649083      1.000000
     20   1      1   2   0     4  0.082340  0.452534      34.610      960.6     1008.5      4.620      12705.8652  2.589562      1.000000
     21   1      0   2   1     4  0.082388  0.453092      34.931       33.8       38.6      2.166        456.3401  2.566494      1.000000
     22   1     -1   2   1     4  0.082581  0.454820      35.924        2.3        0.0      2.990         32.5435  2.497802      1.000000
     23   1      2   0   2     2  0.082776  0.456144      36.685      574.8      594.2      4.874      17254.8594  2.447716      1.000000
     24   1     -3   1   1     4  0.082960  0.457193      37.287      186.0      172.0      1.064       2893.7156  2.409518      1.000000
     25   1     -3   0   2     2  0.082966  0.457223      37.304      621.3      573.7      3.063      19346.4805  2.408464      1.000000
     26   1      1   2   1     4  0.083065  0.457733      37.598       81.2       69.1      2.231       1285.4880  2.390336      1.000000
     27   1      3   1   0     4  0.083097  0.457889      37.687        8.7        8.0      0.445        138.2253  2.384872      1.000000
     28   1     -1   1   3     4  0.083931  0.461291      39.642      212.2      216.8      4.117       3773.3064  2.271646      1.000000
     29   1      2   2   0     4  0.084085  0.461815      39.944      545.2      513.0      3.284       9859.7842  2.255187      1.000000
     30   1      0   1   3     4  0.084278  0.462446      40.306        0.6        0.6      0.004         10.4685  2.235758      1.000000
     31   1      2   1   2     4  0.084288  0.462478      40.324      604.9      685.4      3.517      11170.8271  2.234778      1.000000
     32   1     -2   2   1     4  0.084298  0.462511      40.343        4.0        4.5      0.023         74.0970  2.233763      1.000000
     33   1     -3   1   2     4  0.084613  0.463475      40.897      863.5      867.4      3.763      16452.5938  2.204785      1.000000
     34   1      0   2   2     4  0.084717  0.463777      41.071      857.4      876.0      2.949      16489.5977  2.195845      1.000000
     35   1     -1   2   2     4  0.084786  0.463975      41.185     1024.9      959.0      3.193      19828.8652  2.190061      1.000000
     36   1      3   1   1     4  0.085307  0.465393      42.000        8.5        2.1      1.930        171.2099  2.149416      1.000000
     37   1     -2   1   3     4  0.085495  0.465874      42.276       11.7        7.5      2.360        239.2964  2.135994      1.000000
     38   1      2   2   1     4  0.086276  0.467738      43.348       35.3       63.1      3.892        764.6878  2.085665      1.000000
     39   1      1   2   2     4  0.086909  0.469120      44.142       96.0       93.5      2.339       2166.0574  2.049957      1.000000
     40   1      1   1   3     4  0.086911  0.469125      44.145       34.3       33.6      0.819        775.0546  2.049831      1.000000
     41   1     -2   2   2     4  0.087177  0.469678      44.462      309.0      301.9      3.326       7083.6807  2.035928      1.000000
     42   1      4   0   0     2  0.088210  0.471697      45.622      669.0      718.5      4.902      32491.9199  1.986813      1.000000
     43   1      3   0   2     2  0.088887  0.472928      46.330      479.0      401.7      3.614      24081.1133  1.958114      1.000000
     44   1     -4   0   2     2  0.089611  0.474176      47.047      684.0      669.2      4.079      35586.4766  1.929910      1.000000
     45   1     -3   2   1     4  0.089971  0.474776      47.392       20.3       20.4      0.766        536.3472  1.916671      1.000000
     46   1     -4   1   1     4  0.090316  0.475337      47.714        0.4        0.4      0.001          9.6796  1.904482      1.000000
     47   1      3   2   0     4  0.090324  0.475350      47.722     1878.5     1957.7      5.443      50440.8672  1.904196      1.000000
     48   1     -3   1   3     4  0.090369  0.475422      47.763       35.8       37.5      0.112        962.8726  1.902638      1.000000
     49   1     -1   0   4     2  0.091030  0.476461      48.360     1335.9     1532.0      4.825      73911.9766  1.880528      1.000000
     50   1      4   1   0     4  0.091431  0.477073      48.712      942.3     1050.9      4.097      26493.2559  1.867765      1.000000
     51   1     -1   2   3     4  0.092182  0.478186      49.352        8.1        7.1      0.267        234.3811  1.845055      1.000000
     52   1      3   1   2     4  0.092223  0.478245      49.386       83.4       73.9      1.913       2418.5098  1.843862      1.000000
     53   1      0   0   4     2  0.092469  0.478600      49.590       49.4       54.9      1.218       2889.9961  1.836753      1.000000
     54   1      0   2   3     4  0.092863  0.479160      49.911        1.4        1.4      0.005         42.4473  1.825670      1.000000
     55   1      2   2   2     4  0.092882  0.479187      49.927     1753.7     1713.6      4.949      52102.3984  1.825137      1.000000
     56   1     -2   0   4     2  0.092948  0.479280      49.980      188.7      184.3      0.577      11240.5088  1.823307      1.000000
     57   1     -4   1   2     4  0.093060  0.479436      50.070       13.4       13.7      0.052        401.3497  1.820255      1.000000
     58   1     -3   2   2     4  0.093491  0.480032      50.412     1133.4     1014.5      4.222      34409.8359  1.808689      1.000000
     59   1      2   1   3     4  0.093706  0.480325      50.581        1.5        1.4      0.014         46.3389  1.803056      1.000000
     60   1      1   3   0     4  0.094638  0.481566      51.294      668.8      605.0      4.021      21107.5000  1.779660      1.000000

   No.  Code     H   K   L  Mult      Hw      ETA/M    2theta/TOF     Icalc       Iobs      Sigma     StrFactor^2    d-hkl       CORR

     61   1     -1   1   4     4  0.094680  0.481620      51.325       16.3       14.4      0.097        513.6985  1.778646      1.000000
     62   1      3   2   1     4  0.094717  0.481669      51.353        1.7        1.5      0.012         54.8141  1.777742      1.000000
     63   1      0   3   1     4  0.094952  0.481973      51.528       65.9       58.8      1.183       2101.6482  1.772119      1.000000
     64   1     -2   2   3     4  0.095036  0.482082      51.590        5.7        4.2      0.178        180.9018  1.770126      1.000000
     65   1     -1   3   1     4  0.095956  0.483246      52.260        2.6        2.1      0.214         86.8820  1.749024      1.000000
     66   1      0   1   4     4  0.096299  0.483670      52.503      993.8      973.4      4.889      33044.6562  1.741472      1.000000
     67   1     -2   1   4     4  0.096834  0.484323      52.879      486.1      477.9      3.230      16423.4863  1.729999      1.000000
     68   1      4   1   1     4  0.096899  0.484401      52.923        0.0        0.0      0.000          0.7148  1.728638      1.000000
     69   1      1   2   3     4  0.097307  0.484891      53.205        0.1        0.0      0.011          3.4404  1.720152      1.000000
     70   1      1   3   1     4  0.097765  0.485432      53.516        0.4        0.4      0.008         13.1398  1.710886      1.000000
     71   1      1   0   4     2  0.097776  0.485445      53.523      144.8      139.8      3.001      10055.3174  1.710666      1.000000
     72   1     -3   0   4     2  0.098890  0.486730      54.262       81.9       18.8      3.015       5860.5708  1.689115      1.000000
     73   1      2   3   0     4  0.100553  0.488575      55.322     1062.3      958.7      5.399      39696.9336  1.659224      1.000000
     74   1     -4   1   3     4  0.100783  0.488824      55.465       22.3       20.9      0.126        837.8714  1.655284      1.000000
     75   1     -2   3   1     4  0.101058  0.489119      55.635       54.1       53.0      1.158       2045.7797  1.650636      1.000000
     76   1      0   3   2     4  0.101999  0.490117      56.208      339.1      326.9      2.061      13132.0195  1.635158      1.000000
     77   1      1   1   4     4  0.102140  0.490264      56.293      868.7      886.1      3.008      33743.9375  1.632902      1.000000
     78   1     -1   3   2     4  0.102149  0.490273      56.298      228.7      233.6      0.790       8885.3525  1.632765      1.000000
     79   1     -4   2   1     4  0.102226  0.490354      56.344       36.7       37.6      0.145       1430.2788  1.631527      1.000000
     80   1     -3   2   3     4  0.102299  0.490430      56.388        4.4        4.6      0.020        173.2611  1.630367      1.000000
     81   1     -3   1   4     4  0.103348  0.491507      57.007      989.8     1120.0      4.444      39543.4727  1.614126      1.000000
     82   1      4   0   2     2  0.103705  0.491867      57.214       33.1       43.8      0.192       2664.1042  1.608770      1.000000
     83   1      4   2   0     4  0.103738  0.491902      57.234      301.4      413.0      2.011      12148.3223  1.608265      1.000000
     84   1      3   2   2     4  0.104792  0.492950      57.837      596.8      730.4      3.809      24615.3223  1.592929      1.000000
     85   1      5   0   0     2  0.105038  0.493192      57.975      106.0      119.3      0.676       8792.1924  1.589450      1.000000
     86   1     -5   0   2     2  0.105098  0.493251      58.009       74.5       83.4      0.519       6182.9780  1.588602      1.000000
     87   1      2   3   1     4  0.105134  0.493285      58.029        1.1        1.3      0.009         46.7537  1.588104      1.000000
     88   1     -4   2   2     4  0.105891  0.494020      58.451      622.3      755.1      3.662      26272.5469  1.577634      1.000000
     89   1      1   3   2     4  0.106296  0.494408      58.674      675.6      748.9      2.950      28765.8574  1.572170      1.000000
     90   1      2   2   3     4  0.106731  0.494821      58.912       16.5       16.2      0.064        708.0553  1.566397      1.000000
     91   1     -2   3   2     4  0.106775  0.494863      58.936      850.2      836.8      3.327      36558.9531  1.565814      1.000000
     92   1      3   1   3     4  0.106921  0.495001      59.015        1.9        1.9      0.012         82.8961  1.563901      1.000000
     93   1     -5   1   1     4  0.107209  0.495273      59.171        2.1        2.2      0.033         89.6351  1.560148      1.000000
     94   1     -1   2   4     4  0.107981  0.495992      59.584      726.4      768.4      3.774      31996.9863  1.550312      1.000000
     95   1      2   0   4     2  0.108371  0.496351      59.791      225.4      232.1      0.923      20010.2695  1.545444      1.000000
     96   1      4   1   2     4  0.108522  0.496489      59.870      928.4      929.3      3.283      41322.1328  1.543584      1.000000
     97   1      5   1   0     4  0.109944  0.497777      60.611      533.0      584.0      2.119      24367.4980  1.526494      1.000000
     98   1     -5   1   2     4  0.110009  0.497835      60.644      856.5      906.5      2.877      39208.3945  1.525743      1.000000
     99   1      0   2   4     4  0.110029  0.497853      60.654       80.7       84.5      0.271       3696.3337  1.525510      1.000000
    100   1     -4   0   4     2  0.110356  0.498144      60.821      276.3      281.1      1.125      25452.9004  1.521708      1.000000
    101   1     -2   2   4     4  0.110698  0.498447      60.995      282.5      283.2      1.934      13095.7236  1.517780      1.000000
    102   1      4   2   1     4  0.110779  0.498518      61.036        6.5        6.9      0.060        300.4192  1.516861      1.000000
    103   1     -3   3   1     4  0.111426  0.499086      61.363        7.6        2.9      0.606        357.6350  1.509576      1.000000
    104   1      3   3   0     4  0.111980  0.499568      61.639        4.5        0.0      0.986        211.7548  1.503458      1.000000
    105   1      2   1   4     4  0.113486  0.500856      62.380       23.1        0.0      3.264       1124.2195  1.487388      1.000000
    106   1     -1   3   3     4  0.114814  0.501968      63.019        0.4        0.0      0.307         20.2717  1.473833      1.000000
    107   1     -4   2   3     4  0.115548  0.502573      63.367        1.3        1.4      0.098         66.1988  1.466571      1.000000
    108   1     -4   1   4     4  0.115587  0.502605      63.385       15.6       15.8      0.940        787.7050  1.466192      1.000000
    109   1      0   3   3     4  0.115822  0.502798      63.496        7.3        6.9      0.141        370.4010  1.463897      1.000000
    110   1      2   3   2     4  0.115851  0.502822      63.509      178.9      166.7      3.235       9048.2139  1.463621      1.000000
    111   1     -3   3   2     4  0.116741  0.503545      63.925      237.3      225.1      2.756      12167.7578  1.455098      1.000000
    112   1      1   2   4     4  0.117185  0.503902      64.130      204.8      177.7      1.899      10573.6523  1.450937      1.000000
    113   1     -1   1   5     4  0.117259  0.503962      64.165        9.4        7.9      0.109        484.2957  1.450247      1.000000
    114   1      3   3   1     4  0.118507  0.504954      64.735        4.3        2.8      0.314        224.8283  1.438838      1.000000
    115   1     -3   2   4     4  0.118632  0.505053      64.792       45.6       30.1      1.882       2407.0132  1.437717      1.000000
    116   1      5   1   1     4  0.118753  0.505149      64.847       13.2        9.7      0.533        697.0443  1.436632      1.000000
    117   1     -5   1   3     4  0.118894  0.505259      64.910       10.0        8.2      0.463        530.5789  1.435381      1.000000
    118   1     -2   3   3     4  0.118960  0.505311      64.940        5.6        4.6      0.274        298.0249  1.434791      1.000000
    119   1     -2   1   5     4  0.119020  0.505358      64.967        2.3        1.9      0.121        120.4965  1.434260      1.000000
    120   1      0   1   5     4  0.120757  0.506705      65.741        5.9        0.0      2.342        319.2216  1.419233      1.000000

   No.  Code     H   K   L  Mult      Hw      ETA/M    2theta/TOF     Icalc       Iobs      Sigma     StrFactor^2    d-hkl       CORR

    121   1      1   3   3     4  0.122136  0.507755      66.344       13.3        6.8      2.656        737.8028  1.407788      1.000000
    122   1      3   2   3     4  0.122868  0.508304      66.660       21.9       11.8      2.122       1227.6970  1.401883      1.000000
    123   1     -5   2   1     4  0.123207  0.508558      66.806        4.1        2.0      0.570        228.5396  1.399178      1.000000
    124   1      4   2   2     4  0.124748  0.509696      67.460        1.9        1.0      1.112        110.8023  1.387193      1.000000
    125   1      3   0   4     2  0.126094  0.510675      68.023      109.2      140.1      2.866      12746.0791  1.377080      1.000000
    126   1     -3   1   5     4  0.126292  0.510818      68.105        1.0        1.2      0.021         59.0158  1.375624      1.000000
    127   1      5   2   0     4  0.126411  0.510903      68.154       67.3       75.2      1.240       3941.4307  1.374749      1.000000
    128   1     -5   2   2     4  0.126486  0.510957      68.185       14.8       17.0      0.269        869.9390  1.374201      1.000000
    129   1      0   4   0     2  0.127130  0.511418      68.450      338.2      338.0      3.012      39972.0742  1.369525      1.000000
    130   1      4   1   3     4  0.128678  0.512515      69.080        0.8        0.9      0.047         48.5183  1.358562      1.000000
    131   1     -4   3   1     4  0.128765  0.512576      69.115        0.2        0.2      0.006          9.4825  1.357954      1.000000
    132   1     -3   3   3     4  0.128862  0.512644      69.154        0.4        0.4      0.011         25.3273  1.357285      1.000000
    133   1      5   0   2     2  0.129005  0.512744      69.212      156.7      172.6      2.107      18933.1465  1.356299      1.000000
    134   1     -5   0   4     2  0.129234  0.512905      69.304      188.4      196.5      1.816      22825.6680  1.354720      1.000000
    135   1      1   4   0     4  0.129981  0.513425      69.603       73.4       81.5      1.114       4485.4434  1.349632      1.000000
    136   1      1   1   5     4  0.130008  0.513443      69.613        3.2        3.6      0.050        197.6101  1.349452      1.000000
    137   1      0   4   1     4  0.130472  0.513764      69.798       19.5       19.8      0.110       1195.8220  1.346334      1.000000
    138   1      2   2   4     4  0.130526  0.513801      69.819      587.3      600.6      2.972      36112.6250  1.345977      1.000000
    139   1      4   3   0     4  0.130755  0.513959      69.910      191.3      187.9      1.056      11791.9092  1.344453      1.000000
    140   1     -6   0   2     2  0.131203  0.514267      70.087       63.6       64.8      0.537       7879.9268  1.341492      1.000000
    141   1     -1   4   1     4  0.132027  0.514829      70.410       11.5       11.7      0.106        718.4612  1.336122      1.000000
    142   1      3   1   4     4  0.132119  0.514892      70.446      315.1      324.2      2.481      19719.6270  1.335530      1.000000
    143   1      3   3   2     4  0.132131  0.514900      70.450       53.6       55.1      0.421       3356.4121  1.335455      1.000000
    144   1     -4   2   4     4  0.132952  0.515455      70.770      333.4      354.9      2.551      21052.2266  1.330209      1.000000
    145   1     -4   3   2     4  0.133558  0.515862      71.004       11.1       13.3      0.124        703.5479  1.326404      1.000000
    146   1      6   0   0     2  0.133857  0.516062      71.118      183.1      280.1      2.361      23335.8047  1.324542      1.000000
    147   1      2   3   3     4  0.134642  0.516585      71.419        2.6        3.4      0.078        165.6277  1.319705      1.000000
    148   1      1   4   1     4  0.134777  0.516674      71.470        8.6       10.6      0.265        553.6733  1.318887      1.000000
    149   1     -1   2   5     4  0.134878  0.516741      71.509        6.3        7.4      0.165        405.0946  1.318268      1.000000
    150   1      5   1   2     4  0.135162  0.516929      71.617      164.2      188.2      1.832      10608.4756  1.316548      1.000000
    151   1     -6   1   1     4  0.135294  0.517016      71.667        7.7        8.3      0.067        500.5676  1.315753      1.000000
    152   1     -5   1   4     4  0.135402  0.517087      71.707      217.4      223.3      1.870      14077.9736  1.315104      1.000000
    153   1     -1   3   4     4  0.136251  0.517644      72.028        7.8        8.4      0.393        507.2561  1.310042      1.000000
    154   1      5   2   1     4  0.136595  0.517869      72.157        0.6        0.7      0.057         40.6461  1.308017      1.000000
    155   1     -5   2   3     4  0.136757  0.517974      72.217        0.6        0.6      0.048         36.1549  1.307072      1.000000
    156   1     -2   2   5     4  0.136902  0.518068      72.271        2.0        2.3      0.155        132.8261  1.306226      1.000000
    157   1     -6   1   2     4  0.137459  0.518430      72.479      222.4      258.3      3.126      14700.4893  1.302992      1.000000
    158   1      0   3   4     4  0.138870  0.519336      73.000      233.3      234.2      2.462      15621.2227  1.294974      1.000000
    159   1      0   2   5     4  0.138893  0.519351      73.008        4.1        4.1      0.042        273.9470  1.294844      1.000000
    160   1      2   4   0     4  0.138904  0.519358      73.013       51.2       51.5      0.529       3430.2375  1.294781      1.000000
    161   1     -2   4   1     4  0.139640  0.519826      73.282       10.8       10.5      0.097        729.2740  1.290688      1.000000
    162   1     -2   3   4     4  0.139722  0.519878      73.312      201.9      196.4      1.881      13630.7832  1.290236      1.000000
    163   1      4   3   1     4  0.139825  0.519943      73.349        5.5        5.4      0.059        372.6108  1.289671      1.000000
    164   1     -4   1   5     4  0.140060  0.520092      73.435       22.0       22.3      0.294       1487.9790  1.288380      1.000000
    165   1      6   1   0     4  0.140231  0.520200      73.497       41.9       43.3      0.537       2840.9658  1.287443      1.000000
    166   1      0   4   2     4  0.141006  0.520688      73.777      319.5      292.0      2.172      21814.9551  1.283247      1.000000
    167   1     -1   4   2     4  0.141221  0.520823      73.854      363.2      322.4      2.393      24849.8848  1.282090      1.000000
    168   1     -3   2   5     4  0.145217  0.523284      75.269        3.2        0.0      0.829        228.4228  1.261470      1.000000
    169   1      2   4   1     4  0.145488  0.523448      75.363       10.4        4.2      1.500        737.9425  1.260124      1.000000
    170   1     -4   3   3     4  0.145851  0.523667      75.489        3.4        1.9      0.486        243.4645  1.258335      1.000000
    171   1      2   1   5     4  0.146243  0.523903      75.625        3.4        2.7      0.434        243.9439  1.256414      1.000000
    172   1     -6   1   3     4  0.147045  0.524384      75.901        9.2        8.1      0.386        663.5721  1.252525      1.000000
    173   1      1   4   2     4  0.147130  0.524435      75.930        1.3        1.2      0.042         94.7719  1.252119      1.000000
    174   1     -1   0   6     2  0.147277  0.524523      75.981       83.2       76.8      1.871      11972.9170  1.251413      1.000000
    175   1     -2   4   2     4  0.147804  0.524836      76.161        3.2        3.3      0.031        234.5238  1.248901      1.000000
    176   1      1   3   4     4  0.147906  0.524897      76.196      275.5      281.4      2.248      19920.3770  1.248417      1.000000
    177   1      4   2   3     4  0.147936  0.524914      76.206        0.4        0.4      0.003         25.7591  1.248275      1.000000
    178   1     -2   0   6     2  0.147951  0.524924      76.211      118.1      120.7      0.952      17086.9922  1.248200      1.000000
    179   1      1   2   5     4  0.149450  0.525808      76.719        7.0        7.3      0.120        508.7442  1.241196      1.000000
    180   1     -3   3   4     4  0.149717  0.525964      76.809      412.0      403.3      3.404      30196.7168  1.239967      1.000000

   No.  Code     H   K   L  Mult      Hw      ETA/M    2theta/TOF     Icalc       Iobs      Sigma     StrFactor^2    d-hkl       CORR

    181   1      3   2   4     4  0.151853  0.527204      77.522       89.0      124.6      2.597       6623.9595  1.230338      1.000000
    182   1      6   1   1     4  0.152999  0.527862      77.900        0.1        0.1      0.002          4.0440  1.225313      1.000000
    183   1      0   0   6     2  0.153186  0.527969      77.961        1.3        1.3      0.041        196.1508  1.224502      1.000000
    184   1      4   0   4     2  0.153335  0.528053      78.010       84.8       82.4      2.127      12754.6484  1.223858      1.000000
    185   1     -1   1   6     4  0.154238  0.528567      78.305      188.7      195.5      2.116      14277.5879  1.219985      1.000000
    186   1     -3   4   1     4  0.154282  0.528591      78.319       21.4       22.3      0.240       1620.5719  1.219800      1.000000
    187   1     -2   1   6     4  0.154942  0.528964      78.533       26.7       26.8      0.223       2026.7571  1.217008      1.000000
    188   1      3   3   3     4  0.155002  0.528998      78.552        1.9        1.9      0.015        147.5603  1.216758      1.000000
    189   1      3   4   0     4  0.155047  0.529023      78.567      188.6      188.7      1.380      14347.5381  1.216566      1.000000
    190   1     -3   0   6     2  0.155293  0.529161      78.646       28.3       28.1      0.195       4317.8369  1.215538      1.000000
    191   1      5   2   2     4  0.155314  0.529173      78.653       83.4       82.6      0.575       6354.2939  1.215449      1.000000
    192   1     -5   3   1     4  0.155424  0.529235      78.689       20.1       19.7      0.139       1529.3058  1.214987      1.000000
    193   1     -6   2   1     4  0.155464  0.529257      78.702        5.4        5.2      0.037        408.7569  1.214824      1.000000
    194   1     -5   2   4     4  0.155586  0.529326      78.741      187.9      183.9      1.351      14338.0674  1.214312      1.000000
    195   1      4   3   2     4  0.157340  0.530304      79.303      313.1      281.9      2.883      24164.6406  1.207115      1.000000
    196   1     -6   2   2     4  0.157926  0.530627      79.489       88.8       74.1      0.874       6881.4434  1.204759      1.000000
    197   1     -6   0   4     2  0.158057  0.530700      79.531        6.2        5.3      0.064        967.7711  1.204232      1.000000
    198   1     -1   4   3     4  0.158944  0.531187      79.811       11.2       10.7      0.182        874.9006  1.200709      1.000000
    199   1      5   3   0     4  0.159407  0.531440      79.956      215.8      197.2      1.456      16863.2812  1.198889      1.000000
    200   1     -5   3   2     4  0.159500  0.531491      79.985      270.4      247.2      1.712      21145.4141  1.198525      1.000000
    201   1      0   4   3     4  0.160326  0.531941      80.244        4.1        4.2      0.019        323.7984  1.195317      1.000000
    202   1      2   4   2     4  0.160365  0.531962      80.256      192.9      195.4      0.873      15163.9834  1.195168      1.000000
    203   1      0   1   6     4  0.160405  0.531983      80.268      229.7      233.4      1.030      18055.6895  1.195012      1.000000
    204   1      4   1   4     4  0.160561  0.532068      80.317      216.4      220.5      1.034      17023.6328  1.194414      1.000000
    205   1     -4   2   5     4  0.160882  0.532242      80.417        2.4        2.4      0.013        192.5169  1.193180      1.000000
    206   1      6   2   0     4  0.161077  0.532347      80.477      238.7      235.1      1.240      18833.4102  1.192436      1.000000
    207   1     -3   4   2     4  0.161583  0.532620      80.634      175.3      164.1      1.169      13870.9189  1.190513      1.000000
    208   1      5   1   3     4  0.161772  0.532721      80.692        0.4        0.3      0.003         29.6224  1.189798      1.000000
    209   1     -5   1   5     4  0.162150  0.532924      80.809        1.9        1.8      0.021        152.9328  1.188377      1.000000
    210   1     -3   1   6     4  0.162605  0.533167      80.949      214.9      210.4      2.172      17104.0684  1.186676      1.000000
    211   1      3   4   1     4  0.163993  0.533906      81.373        0.3        0.3      0.024         25.6861  1.181558      1.000000
    212   1      2   3   4     4  0.164514  0.534181      81.531        1.9        2.2      0.154        152.0981  1.179663      1.000000
    213   1     -2   4   3     4  0.164611  0.534232      81.560        4.5        5.4      0.350        360.7501  1.179314      1.000000
    214   1     -6   1   4     4  0.165492  0.534695      81.827      213.1      254.5      3.169      17225.6582  1.176149      1.000000
    215   1      1   0   6     2  0.166424  0.535182      82.107      102.8      115.2      1.492      16690.4941  1.172846      1.000000
    216   1     -4   3   4     4  0.167525  0.535754      82.435       15.1       16.5      0.245       1235.5044  1.169004      1.000000
    217   1      6   0   2     2  0.167699  0.535844      82.487      143.2      160.2      2.321      23401.4219  1.168403      1.000000
    218   1      2   2   5     4  0.167916  0.535956      82.551        0.0        0.0      0.001          2.8747  1.167655      1.000000
    219   1     -6   2   3     4  0.168829  0.536426      82.821        0.2        0.2      0.007         13.4410  1.164532      1.000000
    220   1      1   4   3     4  0.168932  0.536479      82.852        8.7        8.5      0.479        713.7296  1.164182      1.000000
    221   1     -1   3   5     4  0.169914  0.536980      83.140       27.6       27.2      0.978       2279.3821  1.160874      1.000000
    222   1     -4   0   6     2  0.170238  0.537145      83.235       74.2       65.0      1.728      12270.1406  1.159794      1.000000
    223   1     -7   0   2     2  0.171023  0.537544      83.464      151.7      147.3      2.286      25188.6250  1.157193      1.000000
    224   1      3   1   5     4  0.171664  0.537867      83.650        1.3        1.2      0.036        105.9417  1.155095      1.000000
    225   1      5   3   1     4  0.172045  0.538059      83.760        2.4        2.4      0.104        198.6093  1.153856      1.000000
    226   1     -5   3   3     4  0.172245  0.538159      83.817        0.1        0.1      0.009          9.5352  1.153207      1.000000
    227   1     -2   3   5     4  0.172425  0.538250      83.869        0.0        0.0      0.004          3.1094  1.152626      1.000000
    228   1      1   1   6     4  0.174236  0.539153      84.388       40.4       45.1      2.551       3403.3862  1.146856      1.000000
    229   1      0   3   5     4  0.174897  0.539480      84.577        0.1        0.1      0.007          7.5215  1.144783      1.000000
    230   1      6   1   2     4  0.175568  0.539811      84.767       16.7       17.4      1.142       1413.7050  1.142700      1.000000
    231   1      6   2   1     4  0.175612  0.539833      84.779        1.4        1.4      0.097        116.2702  1.142565      1.000000
    232   1     -1   2   6     4  0.177026  0.540525      85.177      123.0      136.5      2.345      10468.7207  1.138242      1.000000
    233   1     -2   2   6     4  0.177829  0.540916      85.401      196.1      220.2      1.797      16735.3398  1.135823      1.000000
    234   1     -4   4   1     4  0.177930  0.540964      85.429        9.3       10.4      0.079        791.0200  1.135523      1.000000
    235   1      7   0   0     2  0.177997  0.540997      85.448       29.1       32.5      0.243       4966.1914  1.135321      1.000000
    236   1     -3   4   3     4  0.178060  0.541028      85.466       11.1       12.3      0.093        945.3544  1.135132      1.000000
    237   1     -7   1   1     4  0.178064  0.541029      85.467        0.1        0.1      0.000          4.7349  1.135123      1.000000
    238   1     -4   1   6     4  0.178224  0.541107      85.511      134.2      146.8      1.231      11471.0479  1.134644      1.000000
    239   1     -7   1   2     4  0.179046  0.541504      85.740        4.5        4.7      0.072        382.8651  1.132208      1.000000
    240   1      4   4   0     4  0.180629  0.542263      86.176      171.6      145.0      2.836      14797.6309  1.127594      1.000000

   No.  Code     H   K   L  Mult      Hw      ETA/M    2theta/TOF     Icalc       Iobs      Sigma     StrFactor^2    d-hkl       CORR

    241   1      3   4   2     4  0.182498  0.543149      86.685      171.0      163.1      2.466      14840.5107  1.122269      1.000000
    242   1     -3   3   5     4  0.182763  0.543274      86.757       20.5       19.5      0.345       1784.4993  1.121525      1.000000
    243   1      0   2   6     4  0.184074  0.543890      87.111        1.3        1.2      0.018        112.9876  1.117879      1.000000
    244   1      4   2   4     4  0.184252  0.543973      87.158       49.6       46.5      0.602       4329.5894  1.117389      1.000000
    245   1     -4   4   2     4  0.184436  0.544059      87.208      199.7      187.3      2.309      17434.3516  1.116882      1.000000
    246   1      5   2   3     4  0.185639  0.544618      87.529        3.1        2.9      0.049        274.3938  1.113608      1.000000
    247   1      2   4   3     4  0.185911  0.544744      87.602       14.2       13.5      0.218       1243.7920  1.112873      1.000000
    248   1     -5   2   5     4  0.186071  0.544819      87.644        5.0        5.0      0.073        439.0350  1.112442      1.000000
    249   1      4   3   3     4  0.186153  0.544856      87.666       18.4       18.9      0.259       1618.0934  1.112221      1.000000
    250   1      7   1   0     4  0.186348  0.544947      87.718      124.3      130.9      1.665      10918.6406  1.111698      1.000000
    251   1     -3   2   6     4  0.186592  0.545059      87.783       46.6       47.0      0.681       4091.6560  1.111046      1.000000
    252   1      1   3   5     4  0.188044  0.545726      88.166        5.0        4.9      0.048        437.2671  1.107206      1.000000
    253   1     -1   4   4     4  0.188100  0.545751      88.180      272.3      268.6      2.647      24033.7871  1.107061      1.000000
    254   1      2   0   6     2  0.188812  0.546075      88.367       54.4       53.5      0.716       9613.8838  1.105205      1.000000
    255   1     -7   1   3     4  0.189455  0.546367      88.535        0.5        0.5      0.009         43.8792  1.103543      1.000000
    256   1     -6   2   4     4  0.189903  0.546570      88.651       18.1       16.8      0.513       1608.9872  1.102393      1.000000
    257   1      3   3   4     4  0.191050  0.547088      88.948      153.2      155.8      2.585      13628.1006  1.099477      1.000000
    258   1      0   4   4     4  0.191668  0.547365      89.108       17.4       17.6      0.395       1554.0088  1.097922      1.000000
    259   1     -2   4   4     4  0.192831  0.547884      89.406       78.8       80.3      1.787       7043.9644  1.095030      1.000000
    260   1      4   4   1     4  0.192971  0.547946      89.442        0.2        0.2      0.005         17.6044  1.094685      1.000000
    261   1      5   0   4     2  0.194337  0.548551      89.789      118.7      140.5      1.739      21286.9668  1.091347      1.000000
    262   1     -5   0   6     2  0.194905  0.548801      89.933      123.3      125.7      1.405      22136.3145  1.089976      1.000000
    263   1      5   3   2     4  0.195389  0.549014      90.056       63.3       71.5      0.686       5692.3643  1.088813      1.000000
    264   1     -6   3   1     4  0.195577  0.549097      90.103       11.3       12.7      0.123       1018.4366  1.088363      1.000000
    265   1     -5   3   4     4  0.195732  0.549164      90.142       71.5       77.3      0.802       6432.3652  1.087995      1.000000
    266   1     -6   1   5     4  0.195903  0.549239      90.185        2.6        2.7      0.031        232.9405  1.087587      1.000000
    267   1      1   5   0     4  0.196847  0.549651      90.422      115.2      128.9      1.547      10387.2988  1.085355      1.000000
    268   1      3   2   5     4  0.196999  0.549717      90.459        1.8        2.0      0.027        165.5025  1.084999      1.000000
    269   1      0   5   1     4  0.197581  0.549970      90.605        3.3        3.5      0.062        301.6293  1.083637      1.000000
    270   1      2   1   6     4  0.197693  0.550018      90.633       41.2       43.6      0.760       3720.9402  1.083376      1.000000
    271   1     -6   3   2     4  0.198673  0.550442      90.876      112.3      119.1      1.736      10159.0498  1.081108      1.000000
    272   1     -1   5   1     4  0.199907  0.550971      91.180        4.1        4.0      0.040        369.6052  1.078291      1.000000
    273   1      1   2   6     4  0.199963  0.550996      91.194      254.7      248.7      2.470      23102.7812  1.078162      1.000000
    274   1     -4   4   3     4  0.201225  0.551533      91.503        1.0        1.0      0.008         93.7323  1.075326      1.000000
    275   1      6   2   2     4  0.201502  0.551651      91.571      287.4      265.2      2.139      26146.3125  1.074708      1.000000
    276   1     -7   0   4     2  0.201537  0.551666      91.580       70.2       64.6      0.529      12771.8896  1.074629      1.000000
    277   1     -4   3   5     4  0.202401  0.552032      91.790        2.6        2.4      0.032        238.3533  1.072717      1.000000
    278   1      6   3   0     4  0.202647  0.552136      91.849       26.0       24.9      0.318       2373.4780  1.072176      1.000000
    279   1      5   1   4     4  0.203500  0.552494      92.056        5.7        6.1      0.132        522.6342  1.070314      1.000000
    280   1      1   5   1     4  0.204027  0.552716      92.183        3.2        3.5      0.064        293.5591  1.069171      1.000000
    281   1      1   4   4     4  0.204052  0.552726      92.189       46.2       50.8      0.902       4222.7930  1.069117      1.000000
    282   1     -5   1   6     4  0.204097  0.552745      92.199        0.2        0.2      0.003         15.2767  1.069021      1.000000
    283   1     -7   2   1     4  0.204386  0.552866      92.269        3.1        3.2      0.051        281.1923  1.068397      1.000000
    284   1     -4   2   6     4  0.204572  0.552943      92.314       83.2       82.6      1.274       7604.4414  1.067997      1.000000
    285   1      7   1   1     4  0.205291  0.553243      92.486        0.0        0.0      0.000          0.8207  1.066460      1.000000
    286   1     -7   2   2     4  0.205524  0.553339      92.541      290.5      271.4      2.654      26595.6914  1.065965      1.000000
    287   1     -3   4   4     4  0.206551  0.553765      92.786       14.5       13.5      0.223       1333.0016  1.063795      1.000000
    288   1      2   5   0     4  0.210242  0.555275      93.654      143.6      157.3      3.000      13233.2422  1.056207      1.000000
    289   1      4   1   5     4  0.210465  0.555365      93.705        0.0        0.0      0.001          3.9419  1.055759      1.000000
    290   1     -7   1   4     4  0.211079  0.555613      93.848       44.3       49.3      0.851       4087.1038  1.054530      1.000000
    291   1      2   3   5     4  0.211317  0.555710      93.903        0.2        0.2      0.004         18.4626  1.054055      1.000000
    292   1     -2   5   1     4  0.211354  0.555724      93.912       15.9       17.8      0.301       1463.9257  1.053982      1.000000
    293   1     -2   1   7     4  0.211672  0.555852      93.985       10.8       11.9      0.227        997.6937  1.053350      1.000000
    294   1      6   1   3     4  0.212087  0.556019      94.081        3.0        3.2      0.080        279.3680  1.052531      1.000000
    295   1     -6   3   3     4  0.212480  0.556177      94.172        4.2        4.4      0.121        386.2169  1.051756      1.000000
    296   1     -1   1   7     4  0.212878  0.556336      94.263        0.0        0.0      0.000          1.2237  1.050975      1.000000
    297   1      0   5   2     4  0.213421  0.556553      94.388       85.5       92.8      1.355       7902.9468  1.049918      1.000000
    298   1     -1   5   2     4  0.213748  0.556683      94.463       46.6       50.5      0.614       4310.8872  1.049284      1.000000
    299   1      3   4   3     4  0.213878  0.556735      94.492        2.6        2.8      0.034        241.2419  1.049031      1.000000
    300   1      7   2   0     4  0.214000  0.556783      94.520      129.8      138.0      1.752      12013.6689  1.048796      1.000000

   No.  Code     H   K   L  Mult      Hw      ETA/M    2theta/TOF     Icalc       Iobs      Sigma     StrFactor^2    d-hkl       CORR

    301   1     -5   4   1     4  0.214467  0.556969      94.627        0.7        0.7      0.013         67.8000  1.047895      1.000000
    302   1      4   4   2     4  0.217140  0.558021      95.232        4.0        6.9      0.626        370.3735  1.042832      1.000000
    303   1     -7   2   3     4  0.217620  0.558208      95.339        2.1        3.3      0.371        193.3492  1.041940      1.000000
    304   1     -3   1   7     4  0.219993  0.559129      95.868        1.2        1.2      0.065        112.0861  1.037589      1.000000
    305   1      5   4   0     4  0.220033  0.559144      95.877       21.0       20.6      1.104       1955.0848  1.037515      1.000000
    306   1     -5   4   2     4  0.220164  0.559195      95.906       15.5       15.1      0.755       1438.4222  1.037279      1.000000
    307   1      2   5   1     4  0.220241  0.559224      95.923       11.7       11.4      0.563       1092.0533  1.037140      1.000000
    308   1      6   3   1     4  0.221160  0.559577      96.126        2.6        2.4      0.131        242.2428  1.035488      1.000000
    309   1      1   5   2     4  0.222753  0.560186      96.476      205.1      187.8      2.246      19094.6074  1.032663      1.000000
    310   1     -1   3   6     4  0.222979  0.560271      96.525      102.4       94.2      0.980       9532.5303  1.032267      1.000000
    311   1     -2   5   2     4  0.223787  0.560578      96.701      156.9      147.0      1.432      14618.8984  1.030856      1.000000
    312   1      0   1   7     4  0.223805  0.560585      96.705        1.5        1.4      0.014        140.3219  1.030824      1.000000
    313   1     -2   3   6     4  0.224013  0.560663      96.750       23.2       21.7      0.218       2161.4170  1.030462      1.000000
    314   1      3   0   6     2  0.224109  0.560700      96.771        0.1        0.1      0.001         25.4606  1.030296      1.000000
    315   1     -6   2   5     4  0.225163  0.561097      96.999        1.9        1.8      0.034        177.1559  1.028478      1.000000
    316   1      2   4   4     4  0.227227  0.561868      97.442      129.9      132.0      1.708      12115.8291  1.024979      1.000000
    317   1      2   2   6     4  0.227264  0.561882      97.450      117.7      119.7      1.536      10982.6523  1.024915      1.000000
    318   1      7   0   2     2  0.227620  0.562014      97.526        3.0        3.0      0.044        557.9014  1.024320      1.000000
    319   1     -4   4   4     4  0.231498  0.563440      98.346      139.5      141.0      1.860      13039.6650  1.017964      1.000000
    320   1      0   3   6     4  0.232096  0.563658      98.471      135.8      146.4      1.241      12714.8643  1.017006      1.000000
    321   1      4   3   4     4  0.232327  0.563742      98.519      126.4      137.9      1.146      11833.6211  1.016638      1.000000
    322   1     -8   0   2     2  0.232987  0.563980      98.656       10.1       10.6      0.098       1901.3878  1.015591      1.000000
    323   1     -6   0   6     2  0.233696  0.564236      98.804       19.9       20.9      0.161       3745.0996  1.014472      1.000000
    324   1     -3   5   1     4  0.233801  0.564274      98.825        1.4        1.5      0.011        133.8336  1.014308      1.000000
    325   1      5   2   4     4  0.234102  0.564383      98.888      138.5      146.4      0.957      13036.5146  1.013835      1.000000
    326   1      5   3   3     4  0.234133  0.564394      98.894        2.3        2.4      0.015        212.1585  1.013787      1.000000
    327   1     -5   3   5     4  0.234697  0.564596      99.010        0.1        0.1      0.000          4.7793  1.012907      1.000000
    328   1     -5   2   6     4  0.234807  0.564636      99.033      162.4      164.1      0.894      15332.9023  1.012736      1.000000
    329   1     -1   4   5     4  0.234906  0.564671      99.053        7.3        7.3      0.040        686.1127  1.012582      1.000000
    330   1      3   1   6     4  0.234931  0.564680      99.059      215.5      216.7      1.173      20350.2793  1.012543      1.000000
    331   1      3   5   0     4  0.234994  0.564703      99.071        3.3        3.3      0.018        308.1230  1.012446      1.000000
    332   1     -3   3   6     4  0.235376  0.564840      99.150      197.8      197.6      1.171      18731.2188  1.011853      1.000000
    333   1      7   2   1     4  0.236219  0.565140      99.323        0.2        0.2      0.002         21.7922  1.010557      1.000000
    334   1      5   4   1     4  0.237958  0.565757      99.677        0.1        0.1      0.001          6.9134  1.007914      1.000000
    335   1     -5   4   3     4  0.238246  0.565858      99.736        3.7        3.6      0.056        371.7441  1.007482      1.000000
    336   1     -2   4   5     4  0.238504  0.565949      99.788        3.2        3.1      0.044        325.5537  1.007094      1.000000
    337   1      7   1   2     4  0.238654  0.566002      99.818      138.4      136.0      1.788      14440.8838  1.006869      1.000000
    338   1     -4   1   7     4  0.239239  0.566208      99.937        0.9        0.7      0.009        111.4357  1.005997      1.000000

     -----------------------------------------------------
     BRAGG R-Factors and weight fractions for Pattern #  1
     -----------------------------------------------------

 => Phase:  1      #(C) 2021 by FIZ Karlsruhe - Leibniz Institute for Information Infrastructure.  All rights reserved.
 => Bragg R-factor:   5.74       Vol:  327.525( 0.006)  Fract(%):  100.00( 0.24)
 => Rf-factor=  4.44             ATZ:        1095.733   Brindley:  1.0000

     -----------------------------------------------------------------
      SYMBOLIC NAMES AND FINAL VALUES AND SIGMA OF REFINED PARAMETERS:
     -----------------------------------------------------------------

      ->  Parameter number    1 :                                          Zero_pat1   -0.85529815E-02( +/-    0.50535292E-03 )
      ->  Parameter number    2 :                                     Scale_ph1_pat1    0.20117057E-02( +/-    0.34443274E-05 )
      ->  Parameter number    3 :                                    Cell_A_ph1_pat1     8.1377487    ( +/-    0.84816995E-04 )
      ->  Parameter number    4 :                                    Cell_B_ph1_pat1     5.4781003    ( +/-    0.60343664E-04 )
      ->  Parameter number    5 :                                    Cell_C_ph1_pat1     7.5231223    ( +/-    0.77146717E-04 )
      ->  Parameter number    6 :                                    Cell_E_ph1_pat1     102.42173    ( +/-    0.63453784E-03 )
      ->  Parameter number    7 :                                    U-Cagl_ph1_pat1    0.62642783E-01( +/-    0.15854666E-02 )
      ->  Parameter number    8 :                                    W-Cagl_ph1_pat1    0.12128212E-01( +/-    0.19312603E-03 )
      ->  Parameter number    9 :                                    V-Cagl_ph1_pat1   -0.36684178E-01( +/-    0.11154008E-02 )
      ->  Parameter number   10 :                                     EtaPV_ph1_pat1    0.39230993    ( +/-    0.11179128E-01 )
      ->  Parameter number   11 :                                     X-tan_ph1_pat1    0.17400839E-02( +/-    0.32548766E-03 )
      ->  Parameter number   12 :                                     Asym1_ph1_pat1    0.43919846E-01( +/-    0.26455331E-02 )
      ->  Parameter number   13 :                                     Asym2_ph1_pat1    0.46969722E-02( +/-    0.68541832E-03 )
      ->  Parameter number   14 :                                          X_Na1_ph1    0.38119704    ( +/-    0.58605359E-03 )
      ->  Parameter number   15 :                                          Y_Na1_ph1    0.78589326    ( +/-    0.14271459E-02 )
      ->  Parameter number   16 :                                          Z_Na1_ph1    0.10473159    ( +/-    0.71970525E-03 )
      ->  Parameter number   17 :                                          X_Ta1_ph1    0.15941043    ( +/-    0.95272677E-04 )
      ->  Parameter number   18 :                                          Y_Ta1_ph1    0.25718829    ( +/-    0.39590243E-03 )
      ->  Parameter number   19 :                                          Z_Ta1_ph1    0.29617935    ( +/-    0.11887441E-03 )
      ->  Parameter number   20 :                                           X_O1_ph1    0.21692641    ( +/-    0.10032261E-02 )
      ->  Parameter number   21 :                                           Y_O1_ph1    0.15792531    ( +/-    0.12860504E-02 )
      ->  Parameter number   22 :                                           Z_O1_ph1    0.49194872E-01( +/-    0.14006157E-02 )
      ->  Parameter number   23 :                                           X_O2_ph1    0.56078613E-01( +/-    0.12112347E-02 )
      ->  Parameter number   24 :                                           Y_O2_ph1    0.54305822    ( +/-    0.18028155E-02 )
      ->  Parameter number   25 :                                           Z_O2_ph1    0.22011623    ( +/-    0.15694426E-02 )
      ->  Parameter number   26 :                                           X_F1_ph1    0.38179213    ( +/-    0.11861959E-02 )
      ->  Parameter number   27 :                                           Y_F1_ph1    0.47170621    ( +/-    0.16695615E-02 )
      ->  Parameter number   28 :                                           Z_F1_ph1    0.30933380    ( +/-    0.14878319E-02 )
      ->  Parameter number   29 :                                           X_F2_ph1    0.34207046    ( +/-    0.10617888E-02 )
      ->  Parameter number   30 :                                           Y_F2_ph1    0.98799288    ( +/-    0.15519373E-02 )
      ->  Parameter number   31 :                                           Z_F2_ph1    0.37446344    ( +/-    0.13354878E-02 )

 ------------------------------------------------------------------
 => Number of bytes for floating point variables: 4
 => Dimensions of dynamic allocated arrays in this run of FullProf:
 ------------------------------------------------------------------

 => Total approximate array memory (dynamic + static): 128536585 bytes

    MaxPOINT=    60000 Max.num. of points(+int. Inten.)/diffraction pattern       
    MaxREFLT=    20000 Max.num. of reflections/diffraction pattern               
    MaxPARAM=      300 Max.num. of refinable parameters                          
    MaxOVERL=    18096 Max.num. of overlapping reflections                       

 ----------------------------------------------------------
 => Number of bytes for floating point arrays: 4
 => Dimensions of fixed arrays in this release of FullProf:
 ----------------------------------------------------------

    NPATT   =       80 Max.num. of powder diffraction patterns                    
    NATS    =      830 Max.num. of atoms (all kind) in asymmetric unit            
    MPAR    =     1800 Max.num. of non atomic parameters/phase                    
    IEXCL   =       30 Max.num. of excluded regions                               
    IBACP   =      377 Max.num. of background points for interpolation            
    NPHT    =       16 Max.num. of phases                                         
    NMAGM   =        8 Max.num. of rotation-matrices sets for magnetic structure  
    NBASIS  =       12 Max.num. of basis functions associated to a single atom    
    NIREPS  =        9 Max.num. of irreducible representations to be combined     
    N_EQ    =      384 Max.num. of user-supplied symmetry operators/propagation vectors
    NGL     =      400 Max.num. of global parameters/diffraction pattern          
    N_LINC  =       50 Max.num. of global linear restraints                        
    NAT_P   =       80 Max.num. of atomic parameters per atom                     
    NCONST  =      500 Max.num. of slack constraints per phase                    
    N_SPE   =       30 Max.num. of different chemical species                     
    N_FORM  =       60 Max.num. of scattering factor values in a table            
    NPR     =      150 Max.num. of points defining a numerical profile            
    INPR    =       25 Max.num. of different numerical peak shapes                
    NPRC    =      150 Max.num. of terms in the table for correcting intensities  
    NSOL    =       10 Max.num. of solutions to be stored in Montecarlo searchs   

 
              CPU Time:     1.070 seconds
                            0.018 minutes

 => Run finished at:     Date: 07/02/2023  Time: 13:32:37.507                              
