

        **********************************************************
        ** PROGRAM FullProf.2k (Version 7.30 - Mar2020-ILL JRC) **
        **********************************************************
                       M U L T I -- P A T T E R N                 
            Rietveld, Profile Matching & Integrated Intensity     
                 Refinement of X-ray and/or Neutron Data


    Date: 03/02/2023  Time: 19:18:25.665                              

 => PCR file code: NaNbO2F2
 => DAT file code: NaNbO2F2.dat         -> Relative contribution: 1.0000                                                            

 ==> CONDITIONS OF THIS RUN FOR PATTERN No.:  1

 => Global Refinement of X-ray powder diffraction data                                                                              
 => Global Refinement of X-ray powder diffraction data                                                                              
    Bragg-Brentano(X-rays) or Debye-Scherrer geometry(Neutrons)
 => Title:  #(C) 2021 by FIZ Karlsruhe - Leibniz Institute for Information Infrastructure.  All rights reserved.

 => Number of phases:    1
 => Number of excluded regions:    1
 => Number of scattering factors supplied:    0
 => Conventional weights: w=1.0/Variance(yobs)
 => Asymmetry correction as in J.Appl.Cryst. 26,128(1993)
 => Background linearly interpolated between the   23 points given
 => The    5th default profile function was selected
 => Pseudo-Voigt function (ETA variable)
                 X-parameter correspond to: ETA=ETA0+X*2theta
                       pV(x)= ETA*L(x)+(1-ETA)*G(x)

 ==> INPUT/OUTPUT OPTIONS:

 => Generate file *.PRF for plot
 => Output Integrated Intensities
 => Generate new input file *.PCR

 => X-Y type of data: 2theta/TOF/E(Kev) Intens sigma for pattern:  1
 => Plot pattern at each cycle
 => Wavelengths:  1.54056 1.54439
 => Alpha2/Alpha1 ratio:   0.5000
 => Cos(Monochromator angle)=   0.9100
 => Asymmetry correction for angles lower than   90.000 degrees
 => Absorption correction (AC), muR-eff =   0.0000  0.0000
 => Base of peaks: 2.0*HW*    8.00

 => Number of cycles:   33
 => Relaxation factors ==>    for coordinates:  1.00
 => for anisotropic temperature factors:  1.00
 => for halfwidth/strain/size parameters:  1.00
 => for lattice constants and propagation vectors:  1.00
 => EPS-value for convergence:    0.1
 => Background ==> 
    Position   Intensity
       10.10     7385.09        0.00
       12.18     7815.62        0.00
       13.95     7806.99        0.00
       16.24     7695.44        0.00
       18.74     7181.34        0.00
       20.97     7345.07        0.00
       25.43     7315.47        0.00
       30.53     7093.70        0.00
       35.49     6488.07        0.00
       38.22     6425.86        0.00
       42.29     6415.49        0.00
       45.27     6469.24        0.00
       54.01     6451.48        0.00
       62.26     6093.18        0.00
       67.15     5968.24        0.00
       75.06     5982.99        0.00
       78.24     5805.16        0.00
       83.61     5832.44        0.00
       87.28     5829.14        0.00
       90.53     5734.20        0.00

       95.93     5793.93        0.00
       97.78     5619.60        0.00
       99.96     5745.87        0.00

 

 => Excluded regions for Pattern#  1
    From     to
     14.0000     18.0000

 => Number of Least-Squares parameters varied:    32

 =>--------------------------->
 =>------->  PATTERN number:  1
 =>--------------------------->
 => Global parameters and codes ==>
 => Zero-point:     0.0256   11.0000
 => Displacement peak-shift parameter and code:     0.00    0.00
 => Transparency peak-shift parameter and code:     0.00    0.00

 => Reading Intensity data  =>>

 -> No recognizable heading in input data file X,Y,sigma
    First 6 lines are considered as COMMENTS (except for TSAMP keyword)
 -> COMMENT: 10.0116	7393.00000                                                                                                                  
 -> COMMENT: 10.0247	7329.00000                                                                                                                  
 -> COMMENT: 10.0379	7514.00000                                                                                                                  
 -> COMMENT: 10.0510	7297.00000                                                                                                                  
 -> COMMENT: 10.0641	7634.00000                                                                                                                  
 -> COMMENT: 10.0772	7344.00000                                                                                                                  
 ==> Angular range, step and number of points:
     2Thmin:      10.090400  2Thmax:      99.993401  Step:       0.013132  No. of points:   6848
 --------------------------------------------------------------------------------
 => Phase  No. 1
       #(C) 2021 by FIZ Karlsruhe - Leibniz Institute for Information Infras
 --------------------------------------------------------------------------------
 =>-------> Pattern#  1
 => Crystal Structure Refinement
 => Preferred orientation vector:   1.0000  0.0000  0.0000

 =>-------> Data for PHASE: 1
 => Number of atoms:    6
 => Number of distance  constraints:    0
 => Number of angle     constraints:    0

 => Symmetry information on space group: P 1 21/c 1          
 -> The multiplicity of the general position is:   4
 -> The space group is Centric (-1 at origin)   
 -> Lattice type  P: { 000 }                                       
 -> Reduced set of symmetry operators:

  No.  IT   Symmetry symbol    Rotation part     Associated Translation
   1: ( 1)   1            -->     ( x, y, z) + {  0.0000  0.0000  0.0000}
   2: ( 3)   2 ( 0, y, 0) -->     (-x, y,-z) + {  0.0000  0.5000  0.5000}


        Information on Space Group: 
        --------------------------- 

 =>   Number of Space group:  14
 =>  Hermann-Mauguin Symbol: P 1 21/c 1
 =>             Hall Symbol: -P 2ybc
 =>    Table Setting Choice: b1
 =>            Setting Type: IT (Generated from Hermann-Mauguin symbol)
 =>          Crystal System: Monoclinic
 =>              Laue Class: 2/m
 =>             Point Group: 2/m
 =>         Bravais Lattice: P
 =>          Lattice Symbol: mP
 =>  Reduced Number of S.O.:   2
 =>    General multiplicity:   4
 =>          Centrosymmetry: Centric (-1 at origin)
 =>  Generators (exc. -1&L):   1
 =>         Asymmetric unit:  0.000 <= x <=  1.000
                              0.000 <= y <=  0.250
                              0.000 <= z <=  1.000

 => List of S.O. without inversion and lattice centring translations
 => SYMM(  1): x,y,z                               => SYMM(  2): -x,y+1/2,-z+1/2


 => Initial parameters ==>
 Atom    Ntyp                  X         Y         Z         B         occ.         in  fin  Spc  Mult
                             B11       B22       B33       B12       B13       B23
 Na1    Na                 0.37152   0.78956   0.11414   1.12908   1.00000           0    0    0    4
                 Codes:  151.00000 161.00000 171.00000   0.00000   0.00000
 Nb1    Nb                 0.15620   0.25582   0.31437   1.31779   1.00000           0    0    0    4
                 Codes:  181.00000 191.00000 201.00000   0.00000   0.00000
 O1     O                  0.17794   0.16775   0.05841   1.45281   1.00000           0    0    0    4
                 Codes:  211.00000 221.00000 231.00000   0.00000   0.00000
 O2     O                  0.07060   0.59225   0.23492   1.45281   1.00000           0    0    0    4
                 Codes:  241.00000 251.00000 261.00000   0.00000   0.00000
 F1     F                  0.36119   0.42747   0.31467   1.79232   1.00000           0    0    0    4
                 Codes:  271.00000 281.00000 291.00000   0.00000   0.00000
 F2     F                  0.32157   0.98149   0.37286   1.79232   1.00000           0    0    0    4
                 Codes:  301.00000 311.00000 321.00000   0.00000   0.00000

 => IT IS ASSUMED THAT THE FIRST GIVEN SITE IS FULLY OCCUPIED 
    OR THE FIRST AND SECOND ATOMS ARE IN THE SAME SITE WITH TOTAL FULL OCCUPATION
  (If this is not the case, change the order of atoms to obtain correct values for the content of the unit cell)
    The given occupation factors have been obtained mutiplying m/M by   1.0000
      -> Atom: Na  ,  Chemical element: NA  Atomic Mass:    22.9898
      -> Atom: Nb  ,  Chemical element: NB  Atomic Mass:    92.9064
      -> Atom: O   ,  Chemical element: O   Atomic Mass:    15.9994
      -> Atom: O   ,  Chemical element: O   Atomic Mass:    15.9994
      -> Atom: F   ,  Chemical element: F   Atomic Mass:    18.9984
      -> Atom: F   ,  Chemical element: F   Atomic Mass:    18.9984
 => The given value of ATZ is        743.57 the program has calculated:         743.57
    The value of ATZ given in the input PCR file will be used for quantitative analysis
 => The chemical content of the unit cell is: 
       4.0000 Na   +   4.0000 Nb   +   4.0000 O    +   4.0000 O    +   4.0000 F    +   4.0000 F      
 => The normalized site occupation numbers in % are: 
     100.0000 Na1    :      100.0000 Nb1    :      100.0000 O1     :      100.0000 O2     :      100.0000 F1     :      100.0000 F2       
 => The density (volumic mass) of the compound is:    3.746 g/cm3

 =>-------> PROFILE PARAMETERS FOR PATTERN:  1

 => Overall scale factor:   0.648400E-02
 => ETA (p-Voigt) OR M (Pearson VII):   0.3719
 => Overall temperature factor:      0.00000
 => Halfwidth U,V,W:      0.02235    -0.01048     0.00619
 => X and Y parameters:       0.0069      0.0000
 => Direct cell parameters:    8.0763   5.4608   7.6519  90.0000 102.3821  90.0000
 => Preferred orientation parameters:  -0.4162  0.0000
 => Asymmetry parameters     :      0.04299     0.01306     0.00000     0.00000
 => Strain parameters        :      0.00000     0.00000     0.00000
 => Size   parameters        :      0.00000     0.00000

 ==> CODEWORDS FOR PROFILE PARAMETERS of PATTERN#  1

 => Overall scale factor:   21.000
 => ETA (p-Voigt) OR M (Pearson VII):  101.000
 => Overall temperature factor:    0.000
 => Halfwidth U,V,W:   71.000  91.000  81.000
 => X and Y parameters:  111.000   0.000
 => Direct cell parameters:   31.000  41.000  51.000   0.000  61.000   0.000
 => Preferred orientation parameters:  141.000   0.000
 => Asymmetry parameters     :  121.000 131.000   0.000   0.000
 => Strain parameters        :    0.000   0.000   0.000
 => Size   parameters        :    0.000   0.000

 => Cell constraints according to Laue symmetry: 2/m  

        Metric information:
        -------------------

 => Direct cell parameters:

         a =       8.0763      b =       5.4608      c =       7.6519
     alpha =       90.000   beta =      102.382  gamma =       90.000
                        Direct Cell Volume =     329.6255

 => Reciprocal cell parameters:

         a*=     0.126768      b*=     0.183122      c*=     0.133799
     alpha*=       90.000   beta*=       77.618  gamma*=       90.000
                    Reciprocal Cell Volume =   0.00303375

 => Direct and Reciprocal Metric Tensors:

                   GD                                       GR
     65.2268      0.0000    -13.2516          0.016070    0.000000    0.003637
      0.0000     29.8208      0.0000          0.000000    0.033534    0.000000
    -13.2516      0.0000     58.5516          0.003637    0.000000    0.017902

 =>  Cartesian frame: z // c; y is in the bc-plane; x is y ^ z = a*  

     Crystal_to_Orthonormal_Matrix              Orthonormal_to_Crystal Matrix
              Cr_Orth_cel                               Orth_Cr_cel  
      8.0763      0.0000     -1.6408          0.123819   -0.000000    0.027183
      0.0000      5.4608      0.0000          0.000000    0.183122   -0.000000
      0.0000      0.0000      7.4739          0.000000    0.000000    0.133799

     Busing-Levy B-matrix: Hc=B.H            Inverse of the Busing-Levy B-matrix
                BL_M                                      BL_Minv  
    0.126768    0.000000    0.028690            7.8885     -0.0000     -1.7318
    0.000000    0.183122   -0.000000            0.0000      5.4608      0.0000
    0.000000    0.000000    0.130687            0.0000      0.0000      7.6519

 => Laue symmetry 2/m   will be used to generate HKL for pattern#   1
 => Reflections generated between S(1/d)min:  0.1139 A-1 and S(1/d)max:  1.0080 A-1
 =>                                    dmax:  8.7808 A   and      dmin:  0.9920 A
 => The number of reflections generated is:    356
 => The max. scatt. variable (gen.ref.) is:       101.8781
 => Scattering coefficients from internal table


 => X-ray scattering coeff. (A1, B1, A2,...C, f(0), Z, Dfp,Dfpp)

 NA      4.7626   3.2850   3.1736   8.8422   1.2674   0.3136   1.1128 129.4240   0.6760  10.9924  11.0000   0.1290   0.1240
 NB     17.6142   1.1887  12.0144  11.7660   4.0418   0.2048   3.5335  69.7957   3.7559  40.9598  41.0000  -0.2480   2.4820
 O       3.0485  13.2771   2.2868   5.7011   1.5463   0.3239   0.8670  32.9089   0.2508   7.9994   8.0000   0.0470   0.0320
 F       3.5392  10.2825   2.6412   4.2944   1.5170   0.2615   1.0243  26.1476   0.2776   8.9993   9.0000   0.0690   0.0530

     --------------------------------------------------------------
      SYMBOLIC NAMES AND INITIAL VALUES OF PARAMETERS TO BE VARIED:
     --------------------------------------------------------------

      ->  Parameter number    1   -> Symbolic Name:                                          Zero_pat1    0.25620000E-01
      ->  Parameter number    2   -> Symbolic Name:                                     Scale_ph1_pat1    0.64840000E-02
      ->  Parameter number    3   -> Symbolic Name:                                    Cell_A_ph1_pat1     8.0763140    
      ->  Parameter number    4   -> Symbolic Name:                                    Cell_B_ph1_pat1     5.4608431    
      ->  Parameter number    5   -> Symbolic Name:                                    Cell_C_ph1_pat1     7.6518989    
      ->  Parameter number    6   -> Symbolic Name:                                    Cell_E_ph1_pat1     102.38206    
      ->  Parameter number    7   -> Symbolic Name:                                    U-Cagl_ph1_pat1    0.22348000E-01
      ->  Parameter number    8   -> Symbolic Name:                                    W-Cagl_ph1_pat1    0.61949999E-02
      ->  Parameter number    9   -> Symbolic Name:                                    V-Cagl_ph1_pat1   -0.10481000E-01
      ->  Parameter number   10   -> Symbolic Name:                                     EtaPV_ph1_pat1    0.37186000    
      ->  Parameter number   11   -> Symbolic Name:                                     X-tan_ph1_pat1    0.68890001E-02
      ->  Parameter number   12   -> Symbolic Name:                                     Asym1_ph1_pat1    0.42989999E-01
      ->  Parameter number   13   -> Symbolic Name:                                     Asym2_ph1_pat1    0.13060000E-01
      ->  Parameter number   14   -> Symbolic Name:                                       Or1_ph1_pat1   -0.41619000    
      ->  Parameter number   15   -> Symbolic Name:                                          X_Na1_ph1    0.37152001    
      ->  Parameter number   16   -> Symbolic Name:                                          Y_Na1_ph1    0.78956002    
      ->  Parameter number   17   -> Symbolic Name:                                          Z_Na1_ph1    0.11414000    
      ->  Parameter number   18   -> Symbolic Name:                                          X_Nb1_ph1    0.15620001    
      ->  Parameter number   19   -> Symbolic Name:                                          Y_Nb1_ph1    0.25582001    
      ->  Parameter number   20   -> Symbolic Name:                                          Z_Nb1_ph1    0.31437001    
      ->  Parameter number   21   -> Symbolic Name:                                           X_O1_ph1    0.17794000    
      ->  Parameter number   22   -> Symbolic Name:                                           Y_O1_ph1    0.16775000    
      ->  Parameter number   23   -> Symbolic Name:                                           Z_O1_ph1    0.58410000E-01
      ->  Parameter number   24   -> Symbolic Name:                                           X_O2_ph1    0.70600003E-01
      ->  Parameter number   25   -> Symbolic Name:                                           Y_O2_ph1    0.59224999    
      ->  Parameter number   26   -> Symbolic Name:                                           Z_O2_ph1    0.23492000    
      ->  Parameter number   27   -> Symbolic Name:                                           X_F1_ph1    0.36118999    
      ->  Parameter number   28   -> Symbolic Name:                                           Y_F1_ph1    0.42747000    
      ->  Parameter number   29   -> Symbolic Name:                                           Z_F1_ph1    0.31467000    
      ->  Parameter number   30   -> Symbolic Name:                                           X_F2_ph1    0.32157001    
      ->  Parameter number   31   -> Symbolic Name:                                           Y_F2_ph1    0.98149002    
      ->  Parameter number   32   -> Symbolic Name:                                           Z_F2_ph1    0.37286001    
  
 
 => No optimization for routine tasks
 ++++++++++++++++++++++++++++++++++++++++++++++++++++++++++++++++++++++++++++++++++++++++++++++++++++++++++++++++++++++++

 => CYCLE No.:    1
 ---------------------------------------------------------------------------------------
 => Phase  1 Name:  #(C) 2021 by FIZ Karlsruhe - Leibniz Institute for Information Infras
 ---------------------------------------------------------------------------------------
 => New parameters, shifts, and standard deviations

 Atom        x       dx      sx       y       dy      sy       z       dz      sz       B       dB      sB      occ.    docc.   socc.

 Na1      0.37152-0.00000 0.00046  0.78956-0.00000 0.00125  0.11414-0.00000 0.00063  1.12908 0.00000 0.00000  1.00000 0.00000 0.00000
 Nb1      0.15620 0.00000 0.00014  0.25582-0.00000 0.00058  0.31437-0.00000 0.00022  1.31779 0.00000 0.00000  1.00000 0.00000 0.00000
 O1       0.17794-0.00000 0.00087  0.16775-0.00000 0.00130  0.05841-0.00000 0.00157  1.45281 0.00000 0.00000  1.00000 0.00000 0.00000
 O2       0.07060-0.00000 0.00078  0.59225-0.00000 0.00164  0.23492-0.00000 0.00111  1.45281 0.00000 0.00000  1.00000 0.00000 0.00000
 F1       0.36119-0.00000 0.00080  0.42747-0.00000 0.00123  0.31467-0.00000 0.00106  1.79232 0.00000 0.00000  1.00000 0.00000 0.00000
 F2       0.32157-0.00000 0.00079  0.98149-0.00000 0.00113  0.37286-0.00001 0.00106  1.79232 0.00000 0.00000  1.00000 0.00000 0.00000

 ==> PROFILE PARAMETERS FOR PATTERN#  1

 => Overall scale factor:      0.006483952    -0.000000048     0.000027455
 => Eta(p-Voigt) or m(Pearson VII):   0.371849 -0.000011  0.014267
 => Overall tem. factor:     0.000000    0.000000    0.000000
 => Halfwidth parameters: 
         0.022348   -0.000000    0.001476
        -0.010482   -0.000001    0.000916
         0.006195    0.000000    0.000142
 => Cell parameters: 
        8.076314    0.000000    0.000094
        5.460843   -0.000000    0.000080
        7.651899    0.000000    0.000097
       90.000000    0.000000    0.000000
      102.382065    0.000000    0.000824
       90.000000    0.000000    0.000000
 => Preferred orientation: 
        -0.416190    0.000000    0.003708
         0.000000    0.000000    0.000000
 => Asymmetry parameters: 
         0.042983   -0.000007    0.002928
         0.013060    0.000000    0.000644
         0.000000    0.000000    0.000000
         0.000000    0.000000    0.000000
 => X and Y parameters: 
         0.006889   -0.000000    0.000491
         0.000000    0.000000    0.000000
 => Strain parameters: 
         0.000000    0.000000    0.000000
         0.000000    0.000000    0.000000
         0.000000    0.000000    0.000000
 => Size   parameters (G,L): 
         0.000000    0.000000    0.000000
         0.000000    0.000000    0.000000

 ==> GLOBAL PARAMETERS FOR PATTERN#  1


 => Zero-point:     0.0256   -0.0000    0.0006

 => Cos( theta)-shift parameter :   0.0000  0.0000  0.0000
 => Sin(2theta)-shift parameter :   0.0000  0.0000  0.0000

 ==> RELIABILITY FACTORS WITH ALL NON-EXCLUDED POINTS FOR PATTERN:  1

 => R-Factors:   2.24      3.41     Chi2:  8.67     DW-Stat.:  0.3353   Patt#:  1
 => Expected :            1.16                                1.9331
 => Deviance : 0.588E+05     Dev*:   9.026    
 => GoF-index:  2.9         Sqrt(Residual/N)
 => N-P+C:  6510

 =>    SumYdif       SumYobs      SumYcal      SumwYobsSQ     Residual    Condition
     0.1090E+07    0.4869E+08    0.4864E+08    0.4869E+08    0.5647E+05    0.1151E+11


 => Conventional Rietveld Rp,Rwp,Re and Chi2:   15.5      12.6      4.26      8.674    
 => (Values obtained using Ynet, but true sigma(y))
 =>  SumYnet, Sum(w Ynet**2):     0.7024E+07    0.3584E+07


 ==> RELIABILITY FACTORS FOR POINTS WITH BRAGG CONTRIBUTIONS FOR PATTERN:  1

 => R-Factors:   2.32      3.54     Chi2:  9.38     DW-Stat.:  0.3473   Patt#:
 => Expected :            1.15                                1.9298
 => Deviance : 0.568E+05     Dev*:   9.775    
 => GoF-index:  3.1         Sqrt(Residual/N)
 => N-P+C:  5812

 =>    SumYdif       SumYobs      SumYcal      SumwYobsSQ     Residual    Condition
     0.1011E+07    0.4359E+08    0.4353E+08    0.4359E+08    0.5452E+05    0.1151E+11


 => Conventional Rietveld Rp,Rwp,Re and Chi2:   14.4      12.3      4.03      9.381    
 => (Values obtained using Ynet, but true sigma(y))
 =>  SumYnet, Sum(w Ynet**2):     0.7029E+07    0.3582E+07


 => Global user-weigthed Chi2 (Bragg contrib.):   9.38    

 => ---------> Pattern#  1
 => Phase:  1
 =>    Bragg R-factor:  8.14    
 =>    RF-factor     :  8.34    


   Standard deviations have to be multiplied by: 3.4877
   (correlated residuals) See references:
  -J.F.Berar & P.Lelann, J. Appl. Cryst. 24, 1-5 (1991) 
  -J.F.Berar, Acc. in Pow. Diff. II,NIST Sp.Pub. 846, 63(1992) 

 ++++++++++++++++++++++++++++++++++++++++++++++++++++++++++++++++++++++++++++++++++++++++++++++++++++++++++++++++++++++++

 => CYCLE No.:    1
 =>  Convergence reached at this CYCLE !!!!
 =>  Parameter shifts set to zero
 ---------------------------------------------------------------------------------------
 => Phase  1 Name:  #(C) 2021 by FIZ Karlsruhe - Leibniz Institute for Information Infras
 ---------------------------------------------------------------------------------------
 => New parameters, shifts, and standard deviations

 Atom        x       dx      sx       y       dy      sy       z       dz      sz       B       dB      sB      occ.    docc.   socc.

 Na1      0.37152 0.00000 0.00046  0.78956 0.00000 0.00125  0.11414 0.00000 0.00063  1.12908 0.00000 0.00000  1.00000 0.00000 0.00000
 Nb1      0.15620 0.00000 0.00014  0.25582 0.00000 0.00058  0.31437 0.00000 0.00022  1.31779 0.00000 0.00000  1.00000 0.00000 0.00000
 O1       0.17794 0.00000 0.00087  0.16775 0.00000 0.00130  0.05841 0.00000 0.00157  1.45281 0.00000 0.00000  1.00000 0.00000 0.00000
 O2       0.07060 0.00000 0.00078  0.59225 0.00000 0.00164  0.23492 0.00000 0.00111  1.45281 0.00000 0.00000  1.00000 0.00000 0.00000
 F1       0.36119 0.00000 0.00080  0.42747 0.00000 0.00123  0.31467 0.00000 0.00106  1.79232 0.00000 0.00000  1.00000 0.00000 0.00000
 F2       0.32157 0.00000 0.00079  0.98149 0.00000 0.00113  0.37286 0.00000 0.00106  1.79232 0.00000 0.00000  1.00000 0.00000 0.00000

 ==> PROFILE PARAMETERS FOR PATTERN#  1

 => Overall scale factor:      0.006483952     0.000000000     0.000027455
 => Eta(p-Voigt) or m(Pearson VII):   0.371849  0.000000  0.014267
 => Overall tem. factor:     0.000000    0.000000    0.000000
 => Halfwidth parameters: 
         0.022348    0.000000    0.001476
        -0.010482    0.000000    0.000916
         0.006195    0.000000    0.000142
 => Cell parameters: 
        8.076314    0.000000    0.000094
        5.460843    0.000000    0.000080
        7.651899    0.000000    0.000097
       90.000000    0.000000    0.000000
      102.382065    0.000000    0.000824
       90.000000    0.000000    0.000000
 => Preferred orientation: 
        -0.416190    0.000000    0.003708
         0.000000    0.000000    0.000000
 => Asymmetry parameters: 
         0.042983    0.000000    0.002928
         0.013060    0.000000    0.000644
         0.000000    0.000000    0.000000
         0.000000    0.000000    0.000000
 => X and Y parameters: 
         0.006889    0.000000    0.000491
         0.000000    0.000000    0.000000
 => Strain parameters: 
         0.000000    0.000000    0.000000
         0.000000    0.000000    0.000000
         0.000000    0.000000    0.000000
 => Size   parameters (G,L): 
         0.000000    0.000000    0.000000
         0.000000    0.000000    0.000000

 ==> GLOBAL PARAMETERS FOR PATTERN#  1


 => Zero-point:     0.0256    0.0000    0.0006

 => Cos( theta)-shift parameter :   0.0000  0.0000  0.0000
 => Sin(2theta)-shift parameter :   0.0000  0.0000  0.0000

 ==> RELIABILITY FACTORS WITH ALL NON-EXCLUDED POINTS FOR PATTERN:  1

 => R-Factors:   2.24      3.41     Chi2:  8.67     DW-Stat.:  0.3353   Patt#:  1
 => Expected :            1.16                                1.9331
 => Deviance : 0.588E+05     Dev*:   9.026    
 => GoF-index:  2.9         Sqrt(Residual/N)
 => N-P+C:  6510

 =>    SumYdif       SumYobs      SumYcal      SumwYobsSQ     Residual    Condition
     0.1090E+07    0.4869E+08    0.4864E+08    0.4869E+08    0.5647E+05    0.1151E+11


 => Conventional Rietveld Rp,Rwp,Re and Chi2:   15.5      12.6      4.26      8.674    
 => (Values obtained using Ynet, but true sigma(y))
 =>  SumYnet, Sum(w Ynet**2):     0.7024E+07    0.3584E+07

 => N-sigma of the GoF:      437.799

 ==> RELIABILITY FACTORS FOR POINTS WITH BRAGG CONTRIBUTIONS FOR PATTERN:  1

 => R-Factors:   2.32      3.54     Chi2:  9.38     DW-Stat.:  0.3473   Patt#:
 => Expected :            1.15                                1.9298
 => Deviance : 0.568E+05     Dev*:   9.775    
 => GoF-index:  3.1         Sqrt(Residual/N)
 => N-P+C:  5812

 =>    SumYdif       SumYobs      SumYcal      SumwYobsSQ     Residual    Condition
     0.1011E+07    0.4359E+08    0.4353E+08    0.4359E+08    0.5452E+05    0.1151E+11


 => Conventional Rietveld Rp,Rwp,Re and Chi2:   14.4      12.3      4.03      9.381    
 => (Values obtained using Ynet, but true sigma(y))
 =>  SumYnet, Sum(w Ynet**2):     0.7029E+07    0.3582E+07

 => N-sigma of the GoF:      451.818

 => Global user-weigthed Chi2 (Bragg contrib.):   9.72    

 => ---------> Pattern#  1
 => Phase:  1
 =>    Bragg R-factor:  8.14    
 =>    RF-factor     :  8.34    

 --------------------------------------------------------------------------------------------------------------
 Pattern#  1 Phase No.:   1 Phase name:  #(C) 2021 by FIZ Karlsruhe - 
 --------------------------------------------------------------------------------------------------------------

   No.  Code     H   K   L  Mult      Hw      ETA/M    2theta/TOF     Icalc       Iobs      Sigma     StrFactor^2    d-hkl       CORR

      1   1      1   0   0     2  0.073361  0.449052      11.207     4783.8     4742.7      9.713       3800.6316  7.888454      1.000000
      2   1      1   1   0     4  0.071046  0.507944      19.757     7281.6     7152.0     10.745      13558.5195  4.489967      0.678551
      3   1      0   1   1     4  0.070985  0.510461      20.122       25.8       33.1      3.382         80.6523  4.409278      0.419893
      4   1     -1   1   1     4  0.070750  0.521979      21.794        2.4       38.0      5.402          6.3890  4.074622      0.571368
      5   1      2   0   0     2  0.070669  0.527006      22.524     1918.6     1999.1      8.351       6363.6069  3.944227      1.000000
      6   1      0   0   2     2  0.070561  0.535734      23.791     1779.0     1816.3      6.990      14199.3506  3.736955      0.465900
      7   1     -1   0   2     2  0.070544  0.537492      24.046     2564.0     2514.6      6.593      19942.7285  3.697865      0.488872
      8   1      1   1   1     4  0.070528  0.539378      24.320       14.9       11.6      2.718         42.8739  3.656856      0.678090
      9   1      2   1   0     4  0.070501  0.563904      27.880     7723.0     7560.8     11.075      23601.2031  3.197424      0.849723
     10   1     -2   1   1     4  0.070523  0.567237      28.364       52.8       37.9      1.474        183.9527  3.143975      0.773436
     11   1      1   0   2     2  0.070532  0.568278      28.515       74.8       78.0      2.100        596.9993  3.127651      0.683048
     12   1      0   1   2     4  0.070558  0.571120      28.928     2393.6     2541.4      6.774      15073.7607  3.083981      0.445982
     13   1     -1   1   2     4  0.070573  0.572589      29.141      316.3      362.2      2.120       1940.9529  3.061900      0.464839
     14   1     -2   0   2     2  0.070575  0.572712      29.159      325.0      392.2      2.295       2654.7937  3.060060      0.699327
     15   1      2   1   1     4  0.070947  0.594234      32.283       55.4        0.0      6.123        237.4885  2.770691      0.828200
     16   1      0   2   0     2  0.071031  0.597605      32.772      652.7      699.0      4.645      13379.5195  2.730421      0.358113
     17   1      1   1   2     4  0.071068  0.599008      32.976     1198.8     1139.7      4.664       7038.6919  2.714025      0.633420
     18   1     -2   1   2     4  0.071176  0.602907      33.542      898.8      844.4      5.026       5345.8301  2.669506      0.648732
     19   1      3   0   0     2  0.071285  0.606531      34.068      542.7      727.1      4.851       4331.4546  2.629485      1.000000
     20   1      1   2   0     4  0.071436  0.611151      34.739      562.4      567.5      5.363       4429.4922  2.580230      0.528648
     21   1      0   2   1     4  0.071488  0.612653      34.957       20.4       46.2      1.793        219.0116  2.564637      0.393422
     22   1     -1   2   1     4  0.071752  0.619752      35.987       28.0       66.4      5.243        260.9789  2.493520      0.482258
     23   1      2   0   2     2  0.071885  0.623043      36.465      478.6      334.9      5.454       5427.8809  2.461945      0.815971
     24   1     -3   0   2     2  0.072142  0.628980      37.327      215.1      123.8      3.752       2540.4199  2.407059      0.824730
     25   1     -3   1   1     4  0.072200  0.630251      37.511      358.7      382.9      3.244       2021.1693  2.395639      0.873858
     26   1      1   2   1     4  0.072240  0.631124      37.638      339.8      276.5      2.978       3039.1711  2.387861      0.554413
     27   1      3   1   0     4  0.072341  0.633251      37.947        6.2       15.2      2.532         34.2658  2.369138      0.919605
     28   1     -1   1   3     4  0.072747  0.641324      39.119      210.6      273.8      6.845       2819.5198  2.300824      0.403346
     29   1      0   1   3     4  0.072978  0.645566      39.735        0.3        0.2      0.262          3.1026  2.266574      0.455559
     30   1      2   2   0     4  0.073133  0.648311      40.133      190.8      340.4      4.594       1606.2615  2.244984      0.678551
     31   1      2   1   2     4  0.073137  0.648386      40.144       55.8       99.8      1.258        415.8063  2.244398      0.766953
     32   1     -2   2   1     4  0.073274  0.650739      40.486        0.2        0.4      0.071          2.1040  2.226246      0.633915
     33   1      0   2   2     4  0.073445  0.653594      40.900      179.9      173.6      2.059       2552.8169  2.204639      0.419893
     34   1     -3   1   2     4  0.073462  0.653869      40.940      449.5      438.7      3.573       3455.7288  2.202579      0.776554
     35   1     -1   2   2     4  0.073511  0.654681      41.058      257.7      263.1      2.434       3573.5100  2.196530      0.433183
     36   1     -2   1   3     4  0.073871  0.660356      41.882        9.4        2.2      3.454        107.3334  2.155210      0.548342
     37   1      3   1   1     4  0.073990  0.662175      42.146       19.6        0.0      4.193        138.9393  2.142315      0.900095
     38   1      2   2   1     4  0.074609  0.671121      43.444      105.9       97.4      5.962       1045.1398  2.081235      0.690678
     39   1      1   1   3     4  0.074692  0.672264      43.610       60.5       34.8      2.237        696.1998  2.073704      0.596789
     40   1      1   2   2     4  0.074882  0.674846      43.985       49.7       23.5      2.898        622.6820  2.056895      0.558897
     41   1     -2   2   2     4  0.075113  0.677913      44.430      703.6      662.1      5.938       8820.5840  2.037311      0.571368
     42   1      4   0   0     2  0.075968  0.688601      45.982     1222.5     1351.4      7.578      18915.9004  1.972114      1.000000
     43   1      3   0   2     2  0.076119  0.690396      46.243      119.5       89.6      2.270       2112.6387  1.961604      0.886375
     44   1     -4   0   2     2  0.076714  0.697248      47.237      407.8      282.1      5.332       7522.5776  1.922592      0.891036
     45   1     -1   0   4     2  0.076878  0.699076      47.503      592.7      614.4      3.954      26730.7344  1.912470      0.368947
     46   1     -3   1   3     4  0.076902  0.699335      47.540       14.7       14.5      0.119        181.7455  1.911042      0.673989
     47   1     -3   2   1     4  0.076961  0.699988      47.635       12.8       13.2      0.133        143.3528  1.907464      0.747787
     48   1      3   2   0     4  0.077188  0.702465      47.995     1440.2     1561.8      6.106      15663.6670  1.894005      0.783045
     49   1     -4   1   1     4  0.077229  0.702903      48.058       30.2       33.2      0.173        279.7596  1.891648      0.922725
     50   1      0   0   4     2  0.077641  0.707273      48.693       33.1      105.6      2.221       1250.5035  1.868478      0.465900
     51   1     -1   2   3     4  0.077825  0.709182      48.970        4.8        7.4      0.124        109.1962  1.858552      0.394434
     52   1      4   1   0     4  0.077895  0.709897      49.073     1027.1     1146.3      5.499       9665.8271  1.854864      0.951242
     53   1     -2   0   4     2  0.078008  0.711053      49.241      278.0      278.6      1.685      10260.4170  1.848932      0.488872
     54   1      3   1   2     4  0.078062  0.711606      49.321       76.0       70.7      0.855        812.2933  1.846111      0.847725
     55   1      0   2   3     4  0.078174  0.712739      49.486        2.9        2.6      0.106         61.3477  1.840359      0.436288
     56   1      2   2   2     4  0.078412  0.715114      49.831     1405.3     1428.4      5.921      19201.5801  1.828428      0.678090
     57   1      2   1   3     4  0.078627  0.717229      50.138        0.0        0.0      0.001          0.2942  1.817951      0.710948
     58   1     -4   1   2     4  0.078721  0.718139      50.270      114.8      104.4      2.511       1272.0238  1.813482      0.853388
     59   1     -3   2   2     4  0.078888  0.719756      50.505      393.0      425.2      3.478       5457.1973  1.805605      0.687795
     60   1     -1   1   4     4  0.078902  0.719885      50.523      104.9      117.4      0.983       2722.9365  1.804980      0.368333

   No.  Code     H   K   L  Mult      Hw      ETA/M    2theta/TOF     Icalc       Iobs      Sigma     StrFactor^2    d-hkl       CORR

     61   1     -2   2   3     4  0.079474  0.725284      51.307       21.1       19.5      1.509        407.9333  1.779231      0.512006
     62   1      1   3   0     4  0.079602  0.726473      51.480      224.6      206.9      3.136       4749.3145  1.773672      0.471520
     63   1      3   2   1     4  0.079642  0.726841      51.533       32.9       28.6      0.450        418.3906  1.771956      0.786235
     64   1      0   3   1     4  0.079721  0.727568      51.639       70.4       74.0      0.469       1849.2686  1.768583      0.382278
     65   1      0   1   4     4  0.079739  0.727725      51.661      652.5      693.8      4.123      14266.2314  1.767857      0.459712
     66   1     -2   1   4     4  0.080139  0.731347      52.187        5.5        4.7      1.125        118.3707  1.751275      0.481421
     67   1     -1   3   1     4  0.080302  0.732795      52.397        4.1        0.0      1.103         96.1153  1.744744      0.442918
     68   1      1   0   4     2  0.080509  0.734624      52.663      169.1      132.4      4.704       6083.3262  1.736572      0.583354
     69   1      1   2   3     4  0.080613  0.735533      52.795        5.9        3.4      0.248        112.0981  1.732539      0.552959
     70   1      4   1   1     4  0.080918  0.738177      53.179        2.9        0.0      1.957         33.2161  1.720938      0.936338
     71   1      1   3   1     4  0.081288  0.741325      53.636        0.0        0.0      0.242          0.7648  1.707348      0.493765
     72   1     -3   0   4     2  0.081338  0.741747      53.697        1.2        0.0      3.946         43.6216  1.705542      0.603920
     73   1     -4   1   3     4  0.082801  0.753653      55.425       71.3       57.5      2.407       1094.4756  1.656382      0.766609
     74   1      1   1   4     4  0.082848  0.754022      55.479      269.2      238.5      3.073       5556.4482  1.654909      0.571417
     75   1      2   3   0     4  0.082916  0.754561      55.557      847.5      770.1      4.772      17198.4805  1.652762      0.583110
     76   1     -2   3   1     4  0.083160  0.756463      55.833       39.9       46.9      1.160        863.3630  1.645242      0.553652
     77   1      0   3   2     4  0.083451  0.758708      56.159      205.7      287.2      3.376       6180.1299  1.636464      0.403479
     78   1     -3   2   3     4  0.083525  0.759275      56.242       11.0       14.4      0.249        214.7549  1.634263      0.621414
     79   1     -1   3   2     4  0.083563  0.759566      56.284       21.3       28.7      0.421        628.8331  1.633139      0.413213
     80   1     -3   1   4     4  0.083738  0.760902      56.478      589.7      580.9      4.291      12244.7656  1.627988      0.591214
     81   1     -4   2   1     4  0.083943  0.762446      56.702       55.4       58.6      1.295        832.7094  1.622085      0.823751
     82   1      4   0   2     2  0.084457  0.766278      57.258       33.9       25.6      2.595        927.3864  1.607641      0.924716
     83   1      4   2   0     4  0.084785  0.768687      57.608      382.3      402.2      4.413       5772.6333  1.598712      0.849723
     84   1      3   2   2     4  0.084996  0.770217      57.830      292.0      404.6      3.069       4928.9785  1.593098      0.766564
     85   1      2   3   1     4  0.085342  0.772711      58.192        1.0        1.5      0.091         22.3898  1.584046      0.600305
     86   1     -5   0   2     2  0.085504  0.773859      58.359      160.3      162.6      3.047       4563.2168  1.579918      0.927356
     87   1      5   0   0     2  0.085591  0.774481      58.449       30.7       37.7      0.688        813.3624  1.577691      1.000000
     88   1      2   2   3     4  0.085702  0.775265      58.563        5.3        5.5      0.070        107.4691  1.574896      0.656000
     89   1      1   3   2     4  0.085768  0.775733      58.631      248.1      258.9      1.751       6523.9976  1.573235      0.507347
     90   1     -4   2   2     4  0.085818  0.776085      58.682      535.6      521.7      2.958       9257.4434  1.571987      0.773436
     91   1      3   1   3     4  0.085824  0.776127      58.688       12.7       12.3      0.072        214.6785  1.571836      0.792274
     92   1     -1   2   4     4  0.086043  0.777657      58.910      177.2      176.8      1.334       6509.8774  1.566440      0.366974
     93   1     -2   3   2     4  0.086125  0.778232      58.993      436.4      436.9      2.838      11413.1523  1.564420      0.517065
     94   1      2   0   4     2  0.086150  0.778402      59.018       64.2       64.9      0.463       2546.6746  1.563825      0.683048
     95   1     -5   1   1     4  0.086776  0.782709      59.643       13.1       13.0      1.025        191.9558  1.548916      0.948640
     96   1      4   1   2     4  0.087067  0.784682      59.930      842.8      713.9      5.496      13178.2432  1.542199      0.895649
     97   1      0   2   4     4  0.087076  0.784743      59.939        5.1        4.3      0.033        160.3831  1.541991      0.445982
     98   1     -2   2   4     4  0.087567  0.788030      60.416      238.8      266.8      3.179       7322.9917  1.530950      0.464839
     99   1     -4   0   4     2  0.087608  0.788306      60.456       57.6       62.6      0.852       2351.2795  1.530030      0.699327
    100   1     -5   1   2     4  0.088178  0.792055      61.000      525.5      562.9      3.786       8509.5049  1.517676      0.899066
    101   1      5   1   0     4  0.088271  0.792661      61.088      537.8      645.9      3.076       8117.8970  1.515702      0.967614
    102   1      4   2   1     4  0.088516  0.794248      61.318        8.2        9.9      0.195        142.1884  1.510559      0.848695
    103   1      2   1   4     4  0.088864  0.796480      61.642      227.6      156.2      4.116       5071.9712  1.503395      0.668326
    104   1     -3   3   1     4  0.088870  0.796519      61.648        2.6        1.8      0.048         60.4735  1.503270      0.651925
    105   1      3   3   0     4  0.089197  0.798602      61.950        4.5        4.6      0.744        100.1620  1.496656      0.678551
    106   1     -1   3   3     4  0.090105  0.804278      62.774       10.0       14.6      1.972        399.9045  1.478977      0.386868
    107   1     -4   1   4     4  0.090407  0.806137      63.044      188.6      173.0      4.899       4309.6089  1.473294      0.684403
    108   1     -1   1   5     4  0.090414  0.806181      63.051        6.4        5.8      0.162        269.2230  1.473161      0.369716
    109   1      0   3   3     4  0.090598  0.807302      63.213        9.4        8.5      0.249        353.3403  1.469759      0.419893
    110   1     -4   2   3     4  0.090785  0.808437      63.378        7.7        7.0      0.190        171.7612  1.466337      0.710907
    111   1      1   2   4     4  0.090841  0.808776      63.427      198.2      187.4      3.003       5769.4780  1.465315      0.544233
    112   1      2   3   2     4  0.090932  0.809328      63.507       77.3       65.4      1.403       2027.9226  1.463661      0.605276
    113   1     -2   1   5     4  0.091440  0.812377      63.950        1.3        1.1      0.123         46.2262  1.454592      0.437184
    114   1     -3   3   2     4  0.091595  0.813300      64.084      210.3      181.0      4.363       5549.2051  1.451874      0.613865
    115   1     -3   2   4     4  0.091904  0.815127      64.349       12.7       11.1      1.006        369.7766  1.446528      0.562075
    116   1      0   1   5     4  0.092184  0.816776      64.589        4.6        4.8      1.108        164.6796  1.441745      0.461818
    117   1     -2   3   3     4  0.092404  0.818056      64.775        6.6        6.3      1.689        228.2892  1.438056      0.480213
    118   1      3   3   1     4  0.092635  0.819401      64.970        0.5        0.4      0.103         11.2518  1.434207      0.690144
    119   1     -5   1   3     4  0.092737  0.819988      65.055       30.6       21.4      3.135        616.5777  1.432535      0.830237
    120   1      5   1   1     4  0.092940  0.821156      65.225       26.1        5.0      2.485        458.1769  1.429219      0.956382

   No.  Code     H   K   L  Mult      Hw      ETA/M    2theta/TOF     Icalc       Iobs      Sigma     StrFactor^2    d-hkl       CORR

    121   1      1   3   3     4  0.093959  0.826944      66.065        1.5        9.3      2.272         50.0453  1.413064      0.513592
    122   1      3   2   3     4  0.094375  0.829265      66.402       25.3       34.5      4.662        598.9218  1.406708      0.737564
    123   1     -3   1   5     4  0.095419  0.835001      67.234        1.3        1.9      0.564         44.8370  1.391298      0.530055
    124   1     -5   2   1     4  0.095495  0.835412      67.294        0.6        0.9      0.139         13.1808  1.390208      0.873047
    125   1      3   0   4     2  0.095582  0.835887      67.363       42.0       43.5      4.402       1989.7855  1.388953      0.759716
    126   1      4   2   2     4  0.095836  0.837258      67.562       25.7       17.7      2.162        561.3455  1.385345      0.828200
    127   1      1   1   5     4  0.097021  0.843557      68.476        1.2        2.2      0.194         38.8798  1.369058      0.553665
    128   1     -5   2   2     4  0.097139  0.844174      68.566       20.6       32.5      1.370        460.3703  1.367488      0.832925
    129   1      5   2   0     4  0.097248  0.844743      68.649       84.0      115.7      2.746       1760.2805  1.366043      0.892031
    130   1      0   4   0     2  0.097310  0.845072      68.696       77.7      116.6      2.240       8131.3589  1.365211      0.358113
    131   1      4   1   3     4  0.097554  0.846339      68.880        0.1        0.2      0.004          2.7660  1.362012      0.847614
    132   1     -3   3   3     4  0.097847  0.847857      69.101        0.0        0.0      0.000          0.9490  1.358207      0.571368
    133   1     -5   0   4     2  0.097907  0.848167      69.146      281.9      250.6      2.447      13854.5645  1.357434      0.771796
    134   1      2   2   4     4  0.097940  0.848336      69.170      299.8      263.6      2.396       8984.5938  1.357013      0.633420
    135   1      5   0   2     2  0.098238  0.849867      69.392       80.2       76.1      0.995       3234.0054  1.353207      0.947060
    136   1     -4   3   1     4  0.098397  0.850682      69.511       20.1       16.8      0.620        527.9792  1.351192      0.730855
    137   1      3   1   4     4  0.098805  0.852759      69.812      266.9      233.2      3.669       6929.8335  1.346094      0.744786
    138   1      1   4   0     4  0.098877  0.853119      69.865       15.6       13.9      0.294        683.2507  1.345214      0.442609
    139   1      0   4   1     4  0.099057  0.854033      69.997        2.4        2.3      0.054        124.9961  1.342989      0.376388
    140   1      4   3   0     4  0.099502  0.856265      70.321       92.6       96.0      3.013       2411.6714  1.337593      0.753103
    141   1     -4   2   4     4  0.099739  0.857448      70.493       73.7       82.5      1.822       2239.2397  1.334753      0.648732
    142   1     -1   2   5     4  0.099748  0.857490      70.499        1.6        1.8      0.039         85.6492  1.334654      0.368617
    143   1      3   3   2     4  0.099777  0.857638      70.521       37.6       43.6      0.959       1076.5669  1.334300      0.688418
    144   1     -6   0   2     2  0.099893  0.858212      70.604        0.5        0.7      0.027         22.1781  1.332930      0.948661
    145   1     -1   4   1     4  0.099933  0.858408      70.632        1.4        2.0      0.076         63.6910  1.332462      0.422022
    146   1      2   3   3     4  0.100699  0.862180      71.180        0.1        0.1      0.024          2.3400  1.323551      0.601808
    147   1     -4   3   2     4  0.100850  0.862918      71.287        9.1       11.9      1.501        262.9186  1.321823      0.695397
    148   1     -2   2   5     4  0.100940  0.863357      71.351        0.8        1.1      0.117         37.9676  1.320799      0.429564
    149   1     -1   3   4     4  0.101142  0.864337      71.493       35.4       39.5      1.713       1960.7305  1.318520      0.365564
    150   1     -5   1   4     4  0.101246  0.864844      71.567       49.3       49.1      1.622       1323.1748  1.317345      0.757016
    151   1      1   4   1     4  0.101404  0.865608      71.678        7.2        8.8      0.149        317.4599  1.315580      0.460585
    152   1      6   0   0     2  0.101480  0.865971      71.730      222.8      283.5      3.175       9086.5391  1.314742      1.000000
    153   1      5   1   2     4  0.101594  0.866519      71.810       73.2       82.0      1.244       1617.3076  1.313480      0.925087
    154   1      0   2   5     4  0.101805  0.867532      71.957       20.3       23.4      0.445        920.0776  1.311159      0.451848
    155   1     -6   1   1     4  0.102282  0.869808      72.287        5.2        5.6      0.536        111.8473  1.305977      0.963665
    156   1     -5   2   3     4  0.102445  0.870585      72.400        0.4        0.4      0.018         10.0669  1.304220      0.778811
    157   1      0   3   4     4  0.102481  0.870754      72.425       77.0       89.6      3.175       3705.8152  1.303839      0.431747
    158   1      5   2   1     4  0.102681  0.871697      72.561       10.6       10.7      0.646        249.3009  1.301716      0.889369
    159   1     -4   1   5     4  0.102948  0.872957      72.744       23.2       23.9      1.312        789.6296  1.298892      0.616034
    160   1     -2   3   4     4  0.103115  0.873741      72.858       11.7       10.6      0.625        550.9042  1.297144      0.447584
    161   1     -6   1   2     4  0.103330  0.874745      73.004      221.8      216.9      3.878       5042.6680  1.294913      0.927244
    162   1      2   4   0     4  0.103798  0.876920      73.320       36.3       24.6      1.653       1461.5210  1.290115      0.528648
    163   1     -2   4   1     4  0.104154  0.878559      73.558       31.3       25.4      1.774       1319.5966  1.286529      0.507100
    164   1      4   3   1     4  0.104339  0.879413      73.682        3.2        3.2      0.295         89.9734  1.284671      0.760180
    165   1      0   4   2     4  0.104577  0.880498      73.839       41.9       65.0      1.607       2295.1199  1.282318      0.393422
    166   1     -1   4   2     4  0.104739  0.881240      73.947      115.6      178.6      2.829       6222.5361  1.280717      0.400974
    167   1      6   1   0     4  0.104995  0.882403      74.116       82.1      110.6      1.982       1821.0330  1.278219      0.977036
    168   1     -1   0   6     2  0.105517  0.884761      74.458        3.3        3.4      0.423        374.8167  1.273186      0.385690
    169   1     -3   2   5     4  0.105550  0.884910      74.479        5.7        6.2      0.787        243.5185  1.272871      0.514003
    170   1      2   1   5     4  0.105647  0.885347      74.543        4.4        5.2      0.810        151.5488  1.271945      0.636716
    171   1     -2   0   6     2  0.106012  0.886979      74.780       21.1        1.5      2.778       2277.6423  1.268501      0.408148
    172   1     -4   3   3     4  0.107250  0.892447      75.574        0.6        0.3      0.046         19.1251  1.257137      0.652369
    173   1      2   4   1     4  0.107307  0.892696      75.610       12.7        7.4      0.751        525.7505  1.256626      0.544663
    174   1      1   3   4     4  0.107322  0.892761      75.619       74.4       45.0      4.136       3246.2815  1.256493      0.515139
    175   1      1   2   5     4  0.107402  0.893111      75.670       10.0        6.5      0.577        420.8249  1.255775      0.535731
    176   1      1   4   2     4  0.107917  0.895351      75.995       10.7        5.6      1.261        511.7079  1.251208      0.474537
    177   1      4   2   3     4  0.108017  0.895784      76.058        0.4        0.2      0.057         10.9090  1.250330      0.798495
    178   1     -6   1   3     4  0.108306  0.897028      76.239        2.7        2.1      0.222         71.7346  1.247818      0.873366
    179   1     -2   4   2     4  0.108428  0.897554      76.315       22.3       17.5      1.045       1057.0225  1.246760      0.482258
    180   1      0   0   6     2  0.108556  0.898106      76.395       22.4       18.3      0.571       2196.4900  1.245652      0.465900

   No.  Code     H   K   L  Mult      Hw      ETA/M    2theta/TOF     Icalc       Iobs      Sigma     StrFactor^2    d-hkl       CORR

    181   1     -3   3   4     4  0.108680  0.898637      76.472      260.3      209.9      3.861      11242.8975  1.244588      0.530609
    182   1     -1   1   6     4  0.109229  0.900975      76.812      135.2      140.8      2.783       8111.4204  1.239932      0.384956
    183   1      3   2   4     4  0.109462  0.901962      76.955        5.5        5.5      0.245        179.6445  1.237982      0.707882
    184   1     -2   1   6     4  0.109748  0.903170      77.130       14.1       16.0      0.814        805.2553  1.235603      0.406808
    185   1     -3   0   6     2  0.110111  0.904693      77.351       57.3       63.5      2.076       5474.3267  1.232622      0.488872
    186   1      4   0   4     2  0.110314  0.905540      77.474      119.4      124.4      3.040       6853.9878  1.230972      0.815971
    187   1      3   3   3     4  0.111830  0.911805      78.384        6.6       11.5      0.846        233.9498  1.218952      0.678090
    188   1      6   1   1     4  0.111899  0.912083      78.424        5.2        8.1      0.535        127.9016  1.218425      0.968422
    189   1     -5   2   4     4  0.112279  0.913631      78.649      233.8      210.1      4.475       7794.6611  1.215508      0.720214
    190   1     -3   4   1     4  0.112327  0.913827      78.677        9.8        9.0      0.180        402.4761  1.215139      0.588128
    191   1      0   1   6     4  0.112417  0.914190      78.730       22.4       21.7      0.502       1163.7770  1.214457      0.463017
    192   1      5   2   2     4  0.112679  0.915252      78.884       42.6       39.0      0.701       1181.5198  1.212470      0.870593
    193   1      3   4   0     4  0.112790  0.915698      78.949       78.5       74.4      1.555       3114.2256  1.211638      0.608833
    194   1     -5   3   1     4  0.113255  0.917566      79.220        2.0        2.2      0.096         59.9154  1.208169      0.790865
    195   1     -6   2   1     4  0.113473  0.918438      79.347        7.4        8.1      0.374        199.0861  1.206561      0.905505
    196   1      4   3   2     4  0.113690  0.919300      79.472      169.2      189.2      3.527       5473.2827  1.204974      0.754438
    197   1     -6   0   4     2  0.113888  0.920088      79.586       20.4       22.0      0.595       1212.9896  1.203529      0.824730
    198   1     -3   1   6     4  0.114048  0.920721      79.678       14.2       15.6      0.337        714.4619  1.202372      0.485402
    199   1     -1   4   3     4  0.114071  0.920816      79.692        1.1        1.2      0.025         70.0330  1.202200      0.381399
    200   1     -4   2   5     4  0.114243  0.921492      79.790        6.6        6.7      0.139        270.8845  1.200967      0.593913
    201   1      4   1   4     4  0.114260  0.921561      79.800       98.8      101.1      2.183       3026.2659  1.200841      0.802215
    202   1     -6   2   2     4  0.114683  0.923228      80.042        2.4        2.8      0.104         68.1935  1.197820      0.873858
    203   1      0   4   3     4  0.114766  0.923552      80.089        0.3        0.4      0.018         20.5962  1.197234      0.408049
    204   1     -5   1   5     4  0.115171  0.925134      80.319        2.8        2.9      0.070        101.1080  1.194388      0.689561
    205   1      2   4   2     4  0.115236  0.925389      80.356      146.6      149.5      2.689       6564.7095  1.193931      0.554413
    206   1     -5   3   2     4  0.115346  0.925816      80.418       81.0       79.4      1.242       2648.7529  1.193167      0.759849
    207   1      5   3   0     4  0.115484  0.926354      80.496       74.6       71.7      1.193       2296.7834  1.192207      0.808765
    208   1      1   0   6     2  0.115562  0.926656      80.540       40.0       37.9      0.663       3649.6653  1.191667      0.545572
    209   1      5   1   3     4  0.115724  0.927284      80.631        0.3        0.2      0.005          7.4007  1.190549      0.885233
    210   1     -3   4   2     4  0.116169  0.929002      80.880       66.6       66.5      1.895       2971.6082  1.187507      0.561694
    211   1      2   3   4     4  0.116364  0.929749      80.989       29.3       31.9      0.913       1240.2645  1.186190      0.594022
    212   1      6   2   0     4  0.116605  0.930672      81.123      152.7      148.5      2.917       4182.0430  1.184569      0.919605
    213   1     -2   4   3     4  0.117306  0.933343      81.510        9.0       11.8      0.838        500.7813  1.179911      0.456891
    214   1      2   2   5     4  0.117358  0.933540      81.539        2.7        3.6      0.286        109.7665  1.179570      0.613510
    215   1      3   4   1     4  0.117632  0.934574      81.689        0.0        0.0      0.003          0.8597  1.177782      0.621952
    216   1     -6   1   4     4  0.118011  0.936002      81.896      112.4      121.9      4.033       3536.9766  1.175323      0.811270
    217   1     -4   0   6     2  0.118403  0.937473      82.110        0.0        0.0      0.001          0.9208  1.172808      0.567272
    218   1     -4   3   4     4  0.118651  0.938396      82.244       49.8       54.0      2.187       2102.0977  1.171236      0.608020
    219   1     -1   3   5     4  0.118661  0.938435      82.250        9.4       10.2      0.428        659.3837  1.171169      0.367322
    220   1      3   1   5     4  0.119397  0.941162      82.645        4.7        3.3      0.371        171.3282  1.166561      0.706600
    221   1      1   4   3     4  0.119490  0.941503      82.695       18.0       14.0      1.120        961.3784  1.165988      0.484238
    222   1      6   0   2     2  0.119729  0.942385      82.823      101.6      104.5      3.452       5478.2944  1.164510      0.960972
    223   1      1   1   6     4  0.119769  0.942530      82.844        5.5        5.6      0.196        266.0076  1.164268      0.540781
    224   1     -2   3   5     4  0.120177  0.944026      83.061        2.3        2.4      0.135        140.4463  1.161774      0.420599
    225   1     -6   2   3     4  0.120429  0.944945      83.195        5.0        5.7      0.770        157.8562  1.160251      0.828698
    226   1      0   3   5     4  0.121277  0.948016      83.640        3.3        2.4      1.226        199.2337  1.155197      0.440094
    227   1     -1   2   6     4  0.121497  0.948808      83.755        2.5        2.1      0.843        173.0240  1.153904      0.383061
    228   1     -5   3   3     4  0.122092  0.950939      84.065        0.9        1.0      0.067         33.5644  1.150443      0.719688
    229   1     -2   2   6     4  0.122098  0.950958      84.068       25.1       26.3      1.797       1641.4155  1.150412      0.403346
    230   1     -7   0   2     2  0.122309  0.951712      84.177       86.4       85.4      3.412       4753.3091  1.149196      0.962004
    231   1      5   3   1     4  0.122392  0.952005      84.220        1.2        1.1      0.049         37.5502  1.148723      0.812731
    232   1     -4   1   6     4  0.122754  0.953289      84.406       50.4       51.0      1.966       2380.9585  1.146662      0.562037
    233   1      6   1   2     4  0.124147  0.958179      85.116       24.4       17.0      3.386        692.2393  1.138903      0.944037
    234   1      6   2   1     4  0.124587  0.959707      85.338        8.7        2.0      1.183        254.1932  1.136510      0.916482
    235   1     -3   4   3     4  0.124944  0.960938      85.516       12.1        3.6      1.356        611.3800  1.134591      0.532542
    236   1      0   2   6     4  0.125188  0.961779      85.638       30.2       26.2      2.518       1792.1279  1.133287      0.455559
    237   1     -4   4   1     4  0.125716  0.963588      85.901       12.2       10.4      1.115        503.2975  1.130493      0.659883
    238   1     -3   3   5     4  0.126048  0.964720      86.065       13.1       15.6      1.414        717.1610  1.128755      0.494834
    239   1      7   0   0     2  0.126401  0.965920      86.240       14.4       25.1      1.319        786.1303  1.126922      1.000000
    240   1     -7   1   1     4  0.126473  0.966163      86.275        0.2        0.3      0.019          5.8465  1.126552      0.973044

   No.  Code     H   K   L  Mult      Hw      ETA/M    2theta/TOF     Icalc       Iobs      Sigma     StrFactor^2    d-hkl       CORR

    241   1     -7   1   2     4  0.126860  0.967471      86.465        1.3        1.7      0.073         38.3327  1.124564      0.945463
    242   1     -3   2   6     4  0.127079  0.968209      86.572       93.2      102.8      2.238       5350.4429  1.123448      0.476413
    243   1      4   4   0     4  0.127268  0.968842      86.664       75.3       73.4      1.193       3038.7932  1.122492      0.678551
    244   1      4   2   4     4  0.127326  0.969037      86.692      128.9      122.6      2.007       4604.3452  1.122199      0.766953
    245   1      2   0   6     2  0.127602  0.969962      86.826        0.1        0.1      0.002         11.3090  1.120808      0.619052
    246   1      3   4   2     4  0.127655  0.970138      86.852       67.8       64.2      1.248       2967.5840  1.120543      0.627481
    247   1     -5   2   5     4  0.128383  0.972561      87.204        5.3        3.9      0.419        220.1944  1.116927      0.664408
    248   1      1   3   5     4  0.128413  0.972659      87.218        0.0        0.0      0.004          2.2924  1.116781      0.514171
    249   1      2   4   3     4  0.128951  0.974434      87.475       13.0       14.1      0.750        644.3806  1.114154      0.558660
    250   1      5   2   3     4  0.129027  0.974684      87.512        4.8        5.3      0.218        158.6117  1.113786      0.843063
    251   1     -4   4   2     4  0.129164  0.975134      87.577       82.2       92.2      2.760       3590.8613  1.113123      0.633915
    252   1      4   3   3     4  0.129200  0.975254      87.594       13.5       15.4      0.455        505.2698  1.112947      0.740408
    253   1     -1   4   4     4  0.129574  0.976480      87.772       42.8       58.4      1.633       3261.5481  1.111148      0.364387
    254   1      3   3   4     4  0.131050  0.981264      88.467       93.5       89.9      2.643       3937.5813  1.104211      0.663707
    255   1      7   1   0     4  0.131168  0.981643      88.522       93.8       90.6      2.297       2670.2073  1.103667      0.982911
    256   1      0   4   4     4  0.131462  0.982584      88.659        9.2        8.8      0.327        613.3383  1.102319      0.419893
    257   1     -6   2   4     4  0.131687  0.983305      88.763        9.5        9.5      0.273        343.2694  1.101290      0.776554
    258   1     -5   0   6     2  0.132201  0.984942      89.001       44.1       39.5      1.191       3886.6111  1.098964      0.638278
    259   1     -2   4   4     4  0.132357  0.985436      89.073       63.1       59.5      1.397       4097.1763  1.098265      0.433183
    260   1     -7   1   3     4  0.132397  0.985562      89.091        5.7        5.4      0.129        178.2675  1.098087      0.902996
    261   1      2   1   6     4  0.132434  0.985679      89.108       56.3       53.0      1.324       2586.7319  1.097922      0.612938
    262   1      5   0   4     2  0.133040  0.987593      89.386       94.3       87.8      2.061       6212.4146  1.095227      0.856713
    263   1      3   2   5     4  0.133303  0.988419      89.506        3.5        3.0      0.132        144.8366  1.094071      0.681102
    264   1      1   2   6     4  0.133736  0.989776      89.703      134.8      128.1      3.099       7220.1709  1.092179      0.528287
    265   1      4   4   1     4  0.134087  0.990868      89.861        1.2        1.2      0.058         48.1516  1.090663      0.688641
    266   1     -6   1   5     4  0.134197  0.991209      89.911        5.9        5.7      0.285        224.5991  1.090190      0.749279
    267   1     -5   3   4     4  0.134668  0.992671      90.123        1.5        1.7      0.173         64.5561  1.088175      0.675679
    268   1      5   3   2     4  0.135184  0.994261      90.354       14.2       24.2      2.077        501.2950  1.085994      0.805095
    269   1      1   5   0     4  0.136181  0.997310      90.796       30.6       44.0      2.021       2056.7844  1.081849      0.425324
    270   1     -6   3   1     4  0.136207  0.997390      90.808       24.5       35.2      1.598        836.4923  1.081741      0.835500
    271   1      0   5   1     4  0.136463  0.998168      90.921        2.1        3.2      0.203        159.9420  1.080691      0.372782
    272   1     -4   3   5     4  0.137200  1.000394      91.244        0.2        0.2      0.007          8.3877  1.077704      0.566713
    273   1     -4   2   6     4  0.137225  1.000469      91.255        1.3        1.5      0.054         67.9662  1.077605      0.548342
    274   1     -5   1   6     4  0.137285  1.000649      91.281       70.4       80.8      2.664       3196.5847  1.077364      0.631910
    275   1     -6   3   2     4  0.137769  1.002103      91.492      115.8      102.4      2.787       4111.4160  1.075428      0.809207
    276   1     -1   5   1     4  0.137831  1.002289      91.519        2.0        1.8      0.047        139.2746  1.075182      0.409254
    277   1      5   1   4     4  0.138170  1.003300      91.666        0.5        0.5      0.016         17.4572  1.073843      0.844609
    278   1     -4   4   3     4  0.138216  1.003437      91.686        0.2        0.2      0.007         11.4586  1.073663      0.603373
    279   1      1   4   4     4  0.138318  1.003741      91.730       42.3       38.1      1.099       2482.6411  1.073262      0.490332
    280   1     -7   0   4     2  0.138642  1.004703      91.870       27.8       24.1      0.586       1858.4124  1.071995      0.863065
    281   1      6   2   2     4  0.138857  1.005340      91.962      159.8      142.1      2.928       5118.8003  1.071158      0.900095
    282   1     -2   1   7     4  0.139116  1.006104      92.073       10.1        9.2      0.296        753.2026  1.070158      0.385023
    283   1     -1   1   7     4  0.139547  1.007373      92.257        0.5        0.4      0.016         34.0437  1.068502      0.396160
    284   1      1   5   1     4  0.140138  1.009107      92.509        1.4        1.1      0.083         88.8269  1.066254      0.440116
    285   1     -3   4   4     4  0.140255  1.009447      92.558        0.4        0.3      0.023         22.6256  1.065814      0.503585
    286   1      6   3   0     4  0.140257  1.009452      92.559       49.3       41.8      2.924       1679.9153  1.065808      0.849723
    287   1      4   1   5     4  0.140799  1.011029      92.788        2.4        1.9      0.247         91.8961  1.063777      0.762827
    288   1      2   3   5     4  0.141234  1.012290      92.971        0.6        0.6      0.082         32.2454  1.062163      0.584713
    289   1     -7   2   1     4  0.141588  1.013309      93.119        4.2        4.2      0.397        131.9807  1.060863      0.927507
    290   1      7   1   1     4  0.141789  1.013889      93.203        3.0        3.3      0.174         88.4214  1.060126      0.976152
    291   1     -7   2   2     4  0.142043  1.014617      93.309      146.7      156.2      4.624       4726.0513  1.059203      0.902393
    292   1     -3   1   7     4  0.143907  1.019909      94.077        0.2        0.2      0.008         13.3821  1.052566      0.452280
    293   1      2   5   0     4  0.143909  1.019913      94.078       50.8       50.9      1.905       2998.9172  1.052561      0.494565
    294   1     -7   1   4     4  0.144093  1.020432      94.153      105.5      101.2      3.072       3622.2188  1.051918      0.851284
    295   1      6   1   3     4  0.144157  1.020610      94.179        1.4        1.3      0.044         46.2940  1.051697      0.911280
    296   1     -2   5   1     4  0.144470  1.021488      94.306        7.8        8.0      0.343        479.5423  1.050611      0.477703
    297   1      3   4   3     4  0.144769  1.022324      94.427        1.5        1.6      0.056         71.1445  1.049581      0.626881
    298   1      0   5   2     4  0.145140  1.023355      94.577       39.9       47.4      1.902       3018.3916  1.048314      0.386850
    299   1     -6   3   3     4  0.145235  1.023619      94.615        0.4        0.4      0.020         13.5268  1.047991      0.773436
    300   1      0   1   7     4  0.145273  1.023725      94.631        0.9        1.1      0.054         55.2976  1.047861      0.463760

   No.  Code     H   K   L  Mult      Hw      ETA/M    2theta/TOF     Icalc       Iobs      Sigma     StrFactor^2    d-hkl       CORR

    301   1     -1   5   2     4  0.145397  1.024070      94.681        5.3        6.5      0.420        396.9755  1.047439      0.392979
    302   1     -1   3   6     4  0.146631  1.027471      95.175       58.2       77.3      2.788       4483.2944  1.043307      0.380632
    303   1     -5   4   1     4  0.146823  1.027996      95.251        0.6        0.9      0.028         26.3068  1.042674      0.720235
    304   1      3   0   6     2  0.146861  1.028098      95.266        6.9        9.0      0.290        591.0571  1.042550      0.683048
    305   1      7   2   0     4  0.147124  1.028816      95.370       83.1      101.5      2.847       2602.0283  1.041686      0.938223
    306   1     -2   3   6     4  0.147419  1.029619      95.486        9.3        9.7      0.409        686.9730  1.040724      0.398912
    307   1      4   4   2     4  0.147451  1.029707      95.499        0.0        0.0      0.000          0.2994  1.040618      0.690678
    308   1     -7   2   3     4  0.148578  1.032753      95.941        4.5        0.0      0.837        152.4205  1.036991      0.865131
    309   1      2   2   6     4  0.148622  1.032870      95.959        1.6        0.0      0.310         77.8298  1.036852      0.596789
    310   1      2   5   1     4  0.149483  1.035175      96.293        7.0        6.5      1.009        405.3159  1.034136      0.508560
    311   1     -5   4   2     4  0.149852  1.036158      96.436       22.2       24.3      1.971        939.5150  1.032985      0.696111
    312   1      5   4   0     4  0.150053  1.036691      96.513        3.0        3.0      0.235        120.4846  1.032362      0.736380
    313   1      1   5   2     4  0.150459  1.037766      96.669       66.0       66.2      2.983       4294.7510  1.031110      0.452795
    314   1      6   3   1     4  0.150692  1.038380      96.758        0.0        0.0      0.002          1.3735  1.030397      0.851711
    315   1     -6   2   5     4  0.150713  1.038435      96.766        0.7        0.7      0.037         29.5641  1.030333      0.723603
    316   1     -2   5   2     4  0.151278  1.039919      96.982       46.7       43.0      1.445       3003.4182  1.028617      0.459116
    317   1      2   4   4     4  0.151334  1.040066      97.003       52.7       49.0      1.634       2782.1904  1.028447      0.558897
    318   1      0   3   6     4  0.151484  1.040460      97.060        6.2        5.9      0.243        412.3373  1.027994      0.445982
    319   1      3   1   6     4  0.152809  1.043904      97.560       81.2       69.6      3.366       3546.0986  1.024055      0.676267
    320   1     -3   3   6     4  0.153987  1.046931      98.000       41.3       41.1      1.389       2624.4277  1.020633      0.464839
    321   1      7   0   2     2  0.154153  1.047357      98.061        1.7        1.7      0.051        103.0914  1.020156      0.970136
    322   1     -6   0   6     2  0.154201  1.047478      98.079       26.5       26.2      0.785       2241.9202  1.020020      0.699327
    323   1      4   3   4     4  0.154314  1.047766      98.121       17.9       17.9      0.525        733.1311  1.019696      0.722370
    324   1     -5   2   6     4  0.154388  1.047955      98.148       51.9       52.3      1.572       2491.7930  1.019485      0.615024
    325   1     -4   4   4     4  0.154680  1.048697      98.256       14.4       14.9      0.554        742.4899  1.018656      0.571368
    326   1     -1   4   5     4  0.154695  1.048736      98.262        0.8        0.9      0.033         67.5854  1.018612      0.366116
    327   1     -4   1   7     4  0.154768  1.048922      98.289        0.0        0.0      0.000          0.2771  1.018404      0.519919
    328   1      5   2   4     4  0.155445  1.050634      98.537       64.2       74.9      2.479       2334.1401  1.016500      0.812650
    329   1     -5   3   5     4  0.155719  1.051323      98.637        1.9        2.4      0.126         89.5138  1.015736      0.632349
    330   1     -2   2   7     4  0.156575  1.053469      98.949        0.1        0.1      0.007          4.3455  1.013373      0.383570
    331   1      5   3   3     4  0.156575  1.053469      98.949        2.8        3.6      0.362        103.9836  1.013372      0.789718
    332   1     -2   4   5     4  0.156926  1.054346      99.076        0.3        0.6      0.078         24.2181  1.012412      0.412271
    333   1     -1   2   7     4  0.157090  1.054753      99.135        0.1        0.1      0.018          5.2800  1.011966      0.394097
    334   1      1   1   7     4  0.157326  1.055339      99.220        3.8        6.1      1.016        215.9109  1.011327      0.531084
    335   1     -3   5   1     4  0.157580  1.055968      99.312        0.4        0.5      0.119         22.2529  1.010642      0.545075
    336   1      3   5   0     4  0.158335  1.057829      99.582        2.8        2.1      0.407        155.6911  1.008625      0.561760
    337   1     -8   0   2     2  0.158477  1.058178      99.632       23.5       16.1      2.968       1519.6069  1.008249      0.970835
    338   1      0   4   5     4  0.158552  1.058362      99.659        0.2        0.1      0.032         17.9536  1.008051      0.429157
    339   1      4   2   5     4  0.158590  1.058455      99.673        1.1        0.6      0.146         46.6507  1.007950      0.737315

     -----------------------------------------------------
     BRAGG R-Factors and weight fractions for Pattern #  1
     -----------------------------------------------------

 => Phase:  1      #(C) 2021 by FIZ Karlsruhe - Leibniz Institute for Information Infrastructure.  All rights reserved.
 => Bragg R-factor:   8.14       Vol:  329.626( 0.007)  Fract(%):  100.00( 0.60)
 => Rf-factor=  8.27             ATZ:         743.567   Brindley:  1.0000

     -----------------------------------------------------------------
      SYMBOLIC NAMES AND FINAL VALUES AND SIGMA OF REFINED PARAMETERS:
     -----------------------------------------------------------------

      ->  Parameter number    1 :                                          Zero_pat1    0.25618736E-01( +/-    0.56809786E-03 )
      ->  Parameter number    2 :                                     Scale_ph1_pat1    0.64839520E-02( +/-    0.27455337E-04 )
      ->  Parameter number    3 :                                    Cell_A_ph1_pat1     8.0763140    ( +/-    0.94470466E-04 )
      ->  Parameter number    4 :                                    Cell_B_ph1_pat1     5.4608426    ( +/-    0.79862053E-04 )
      ->  Parameter number    5 :                                    Cell_C_ph1_pat1     7.6518993    ( +/-    0.96769538E-04 )
      ->  Parameter number    6 :                                    Cell_E_ph1_pat1     102.38206    ( +/-    0.82421862E-03 )
      ->  Parameter number    7 :                                    U-Cagl_ph1_pat1    0.22347756E-01( +/-    0.14758084E-02 )
      ->  Parameter number    8 :                                    W-Cagl_ph1_pat1    0.61951019E-02( +/-    0.14245039E-03 )
      ->  Parameter number    9 :                                    V-Cagl_ph1_pat1   -0.10481547E-01( +/-    0.91617351E-03 )
      ->  Parameter number   10 :                                     EtaPV_ph1_pat1    0.37184885    ( +/-    0.14267124E-01 )
      ->  Parameter number   11 :                                     X-tan_ph1_pat1    0.68886187E-02( +/-    0.49065356E-03 )
      ->  Parameter number   12 :                                     Asym1_ph1_pat1    0.42983133E-01( +/-    0.29278707E-02 )
      ->  Parameter number   13 :                                     Asym2_ph1_pat1    0.13060031E-01( +/-    0.64426078E-03 )
      ->  Parameter number   14 :                                       Or1_ph1_pat1   -0.41618964    ( +/-    0.37076804E-02 )
      ->  Parameter number   15 :                                          X_Na1_ph1    0.37151819    ( +/-    0.46008039E-03 )
      ->  Parameter number   16 :                                          Y_Na1_ph1    0.78955793    ( +/-    0.12453939E-02 )
      ->  Parameter number   17 :                                          Z_Na1_ph1    0.11413591    ( +/-    0.62926445E-03 )
      ->  Parameter number   18 :                                          X_Nb1_ph1    0.15620004    ( +/-    0.14293012E-03 )
      ->  Parameter number   19 :                                          Y_Nb1_ph1    0.25581953    ( +/-    0.58296375E-03 )
      ->  Parameter number   20 :                                          Z_Nb1_ph1    0.31436813    ( +/-    0.22403942E-03 )
      ->  Parameter number   21 :                                           X_O1_ph1    0.17793983    ( +/-    0.87130291E-03 )
      ->  Parameter number   22 :                                           Y_O1_ph1    0.16774797    ( +/-    0.13022230E-02 )
      ->  Parameter number   23 :                                           Z_O1_ph1    0.58408320E-01( +/-    0.15741667E-02 )
      ->  Parameter number   24 :                                           X_O2_ph1    0.70596375E-01( +/-    0.77811966E-03 )
      ->  Parameter number   25 :                                           Y_O2_ph1    0.59224772    ( +/-    0.16377992E-02 )
      ->  Parameter number   26 :                                           Z_O2_ph1    0.23491590    ( +/-    0.11135783E-02 )
      ->  Parameter number   27 :                                           X_F1_ph1    0.36118692    ( +/-    0.80078520E-03 )
      ->  Parameter number   28 :                                           Y_F1_ph1    0.42746720    ( +/-    0.12348711E-02 )
      ->  Parameter number   29 :                                           Z_F1_ph1    0.31466892    ( +/-    0.10605502E-02 )
      ->  Parameter number   30 :                                           X_F2_ph1    0.32156852    ( +/-    0.79046853E-03 )
      ->  Parameter number   31 :                                           Y_F2_ph1    0.98148733    ( +/-    0.11346788E-02 )
      ->  Parameter number   32 :                                           Z_F2_ph1    0.37285501    ( +/-    0.10611403E-02 )

 ------------------------------------------------------------------
 => Number of bytes for floating point variables: 4
 => Dimensions of dynamic allocated arrays in this run of FullProf:
 ------------------------------------------------------------------

 => Total approximate array memory (dynamic + static): 128536585 bytes

    MaxPOINT=    60000 Max.num. of points(+int. Inten.)/diffraction pattern       
    MaxREFLT=    20000 Max.num. of reflections/diffraction pattern               
    MaxPARAM=      300 Max.num. of refinable parameters                          
    MaxOVERL=    18096 Max.num. of overlapping reflections                       

 ----------------------------------------------------------
 => Number of bytes for floating point arrays: 4
 => Dimensions of fixed arrays in this release of FullProf:
 ----------------------------------------------------------

    NPATT   =       80 Max.num. of powder diffraction patterns                    
    NATS    =      830 Max.num. of atoms (all kind) in asymmetric unit            
    MPAR    =     1800 Max.num. of non atomic parameters/phase                    
    IEXCL   =       30 Max.num. of excluded regions                               
    IBACP   =      377 Max.num. of background points for interpolation            
    NPHT    =       16 Max.num. of phases                                         
    NMAGM   =        8 Max.num. of rotation-matrices sets for magnetic structure  
    NBASIS  =       12 Max.num. of basis functions associated to a single atom    
    NIREPS  =        9 Max.num. of irreducible representations to be combined     
    N_EQ    =      384 Max.num. of user-supplied symmetry operators/propagation vectors
    NGL     =      400 Max.num. of global parameters/diffraction pattern          
    N_LINC  =       50 Max.num. of global linear restraints                        
    NAT_P   =       80 Max.num. of atomic parameters per atom                     
    NCONST  =      500 Max.num. of slack constraints per phase                    
    N_SPE   =       30 Max.num. of different chemical species                     
    N_FORM  =       60 Max.num. of scattering factor values in a table            
    NPR     =      150 Max.num. of points defining a numerical profile            
    INPR    =       25 Max.num. of different numerical peak shapes                
    NPRC    =      150 Max.num. of terms in the table for correcting intensities  
    NSOL    =       10 Max.num. of solutions to be stored in Montecarlo searchs   

 
              CPU Time:     1.016 seconds
                            0.017 minutes

 => Run finished at:     Date: 03/02/2023  Time: 19:18:26.703                              
