

        **********************************************************
        ** PROGRAM FullProf.2k (Version 7.30 - Mar2020-ILL JRC) **
        **********************************************************
                       M U L T I -- P A T T E R N                 
            Rietveld, Profile Matching & Integrated Intensity     
                 Refinement of X-ray and/or Neutron Data


    Date: 07/02/2023  Time: 11:05:02.881                              

 => PCR file code: NaTaO2F2
 => DAT file code: NaTaO2F2.dat         -> Relative contribution: 1.0000                                                            

 ==> CONDITIONS OF THIS RUN FOR PATTERN No.:  1

 => Global Refinement of X-ray powder diffraction data                                                                              
 => Global Refinement of X-ray powder diffraction data                                                                              
    Bragg-Brentano(X-rays) or Debye-Scherrer geometry(Neutrons)
 => Title:  #(C) 2021 by FIZ Karlsruhe - Leibniz Institute for Information Infrastructure.  All rights reserved.

 => Number of phases:    1
 => Number of excluded regions:    0
 => Number of scattering factors supplied:    0
 => Conventional weights: w=1.0/Variance(yobs)
 => Asymmetry correction as in J.Appl.Cryst. 26,128(1993)
 => Background linearly interpolated between the   23 points given
 => The    5th default profile function was selected
 => Pseudo-Voigt function (ETA variable)
                 X-parameter correspond to: ETA=ETA0+X*2theta
                       pV(x)= ETA*L(x)+(1-ETA)*G(x)

 ==> INPUT/OUTPUT OPTIONS:

 => Generate file *.PRF for plot
 => Output Integrated Intensities
 => Generate new input file *.PCR

 => X-Y type of data: 2theta/TOF/E(Kev) Intens sigma for pattern:  1
 => Plot pattern at each cycle
 => Wavelengths:  1.54056 1.54439
 => Alpha2/Alpha1 ratio:   0.5000
 => Cos(Monochromator angle)=   0.9100
 => Asymmetry correction for angles lower than   90.000 degrees
 => Absorption correction (AC), muR-eff =   0.0000  0.0000
 => Base of peaks: 2.0*HW*    8.00

 => Number of cycles:   33
 => Relaxation factors ==>    for coordinates:  1.00
 => for anisotropic temperature factors:  1.00
 => for halfwidth/strain/size parameters:  1.00
 => for lattice constants and propagation vectors:  1.00
 => EPS-value for convergence:    0.1
 => Background ==> 
    Position   Intensity
       10.21     6805.59        0.00
       12.68     5994.66        0.00
       13.81     5566.74        0.00
       15.80     5162.10        0.00
       18.49     4466.73        0.00
       21.28     4030.49        0.00
       25.74     3629.13        0.00
       30.81     3228.00        0.00
       35.55     2982.64        0.00
       38.78     2739.99        0.00
       42.54     2637.15        0.00
       45.29     2666.82        0.00
       54.24     2728.82        0.00
       62.63     2503.18        0.00
       66.39     2356.21        0.00
       75.50     2406.30        0.00
       78.21     2332.69        0.00
       81.89     2353.78        0.00
       86.48     2275.28        0.00
       89.71     2350.28        0.00

       93.93     2261.36        0.00
       96.12     2279.79        0.00
       98.45     2306.33        0.00

 
 => Number of Least-Squares parameters varied:    31

 =>--------------------------->
 =>------->  PATTERN number:  1
 =>--------------------------->
 => Global parameters and codes ==>
 => Zero-point:    -0.0421   11.0000
 => Displacement peak-shift parameter and code:     0.00    0.00
 => Transparency peak-shift parameter and code:     0.00    0.00

 => Reading Intensity data  =>>

 -> No recognizable heading in input data file X,Y,sigma
    First 6 lines are considered as COMMENTS (except for TSAMP keyword)
 -> COMMENT: 10.0116	7130.0000                                                                                                                   
 -> COMMENT: 10.0247	7101.0000                                                                                                                   
 -> COMMENT: 10.0379	7258.0000                                                                                                                   
 -> COMMENT: 10.0510	7198.0000                                                                                                                   
 -> COMMENT: 10.0641	6955.0000                                                                                                                   
 -> COMMENT: 10.0772	7171.0000                                                                                                                   
 ==> Angular range, step and number of points:
     2Thmin:      10.090400  2Thmax:      99.993401  Step:       0.013132  No. of points:   6848
 --------------------------------------------------------------------------------
 => Phase  No. 1
       #(C) 2021 by FIZ Karlsruhe - Leibniz Institute for Information Infras
 --------------------------------------------------------------------------------
 =>-------> Pattern#  1
 => Crystal Structure Refinement
 => Preferred orientation vector:   0.0000  0.0000  1.0000

 =>-------> Data for PHASE: 1
 => Number of atoms:    6
 => Number of distance  constraints:    0
 => Number of angle     constraints:    0

 => Symmetry information on space group: P 1 21/c 1          
 -> The multiplicity of the general position is:   4
 -> The space group is Centric (-1 at origin)   
 -> Lattice type  P: { 000 }                                       
 -> Reduced set of symmetry operators:

  No.  IT   Symmetry symbol    Rotation part     Associated Translation
   1: ( 1)   1            -->     ( x, y, z) + {  0.0000  0.0000  0.0000}
   2: ( 3)   2 ( 0, y, 0) -->     (-x, y,-z) + {  0.0000  0.5000  0.5000}


        Information on Space Group: 
        --------------------------- 

 =>   Number of Space group:  14
 =>  Hermann-Mauguin Symbol: P 1 21/c 1
 =>             Hall Symbol: -P 2ybc
 =>    Table Setting Choice: b1
 =>            Setting Type: IT (Generated from Hermann-Mauguin symbol)
 =>          Crystal System: Monoclinic
 =>              Laue Class: 2/m
 =>             Point Group: 2/m
 =>         Bravais Lattice: P
 =>          Lattice Symbol: mP
 =>  Reduced Number of S.O.:   2
 =>    General multiplicity:   4
 =>          Centrosymmetry: Centric (-1 at origin)
 =>  Generators (exc. -1&L):   1
 =>         Asymmetric unit:  0.000 <= x <=  1.000
                              0.000 <= y <=  0.250
                              0.000 <= z <=  1.000

 => List of S.O. without inversion and lattice centring translations
 => SYMM(  1): x,y,z                               => SYMM(  2): -x,y+1/2,-z+1/2


 => Initial parameters ==>
 Atom    Ntyp                  X         Y         Z         B         occ.         in  fin  Spc  Mult
                             B11       B22       B33       B12       B13       B23
 Na1    Na                 0.38018   0.78454   0.10550   1.11627   1.00000           0    0    0    4
                 Codes:  141.00000 151.00000 161.00000   0.00000   0.00000
 Ta1    Ta                 0.15926   0.25858   0.29741   0.47176   1.00000           0    0    0    4
                 Codes:  171.00000 181.00000 191.00000   0.00000   0.00000
 O1     O                  0.21326   0.14849   0.05335   0.58064   1.00000           0    0    0    4
                 Codes:  201.00000 211.00000 221.00000   0.00000   0.00000
 O2     O                  0.06670   0.56030   0.22003   0.58064   1.00000           0    0    0    4
                 Codes:  231.00000 241.00000 251.00000   0.00000   0.00000
 F1     F                  0.37764   0.47680   0.30622   1.12063   1.00000           0    0    0    4
                 Codes:  261.00000 271.00000 281.00000   0.00000   0.00000
 F2     F                  0.34293   0.99296   0.37998   1.12063   1.00000           0    0    0    4
                 Codes:  291.00000 301.00000 311.00000   0.00000   0.00000

 => IT IS ASSUMED THAT THE FIRST GIVEN SITE IS FULLY OCCUPIED 
    OR THE FIRST AND SECOND ATOMS ARE IN THE SAME SITE WITH TOTAL FULL OCCUPATION
  (If this is not the case, change the order of atoms to obtain correct values for the content of the unit cell)
    The given occupation factors have been obtained mutiplying m/M by   1.0000
      -> Atom: Na  ,  Chemical element: NA  Atomic Mass:    22.9898
      -> Atom: Ta  ,  Chemical element: TA  Atomic Mass:   180.9479
      -> Atom: O   ,  Chemical element: O   Atomic Mass:    15.9994
      -> Atom: O   ,  Chemical element: O   Atomic Mass:    15.9994
      -> Atom: F   ,  Chemical element: F   Atomic Mass:    18.9984
      -> Atom: F   ,  Chemical element: F   Atomic Mass:    18.9984
 => The given value of ATZ is       1095.73 the program has calculated:        1095.73
    The value of ATZ given in the input PCR file will be used for quantitative analysis
 => The chemical content of the unit cell is: 
       4.0000 Na   +   4.0000 Ta   +   4.0000 O    +   4.0000 O    +   4.0000 F    +   4.0000 F      
 => The normalized site occupation numbers in % are: 
     100.0000 Na1    :      100.0000 Ta1    :      100.0000 O1     :      100.0000 O2     :      100.0000 F1     :      100.0000 F2       
 => The density (volumic mass) of the compound is:    5.622 g/cm3

 =>-------> PROFILE PARAMETERS FOR PATTERN:  1

 => Overall scale factor:   0.203850E-02
 => ETA (p-Voigt) OR M (Pearson VII):   0.4801
 => Overall temperature factor:      0.00000
 => Halfwidth U,V,W:      0.05240    -0.02926     0.01047
 => X and Y parameters:       0.0001      0.0000
 => Direct cell parameters:    8.1054   5.4466   7.5009  90.0000 102.2040  90.0000
 => Preferred orientation parameters:   0.0000  0.0000
 => Asymmetry parameters     :      0.00625     0.00463     0.00000     0.00000
 => Strain parameters        :      0.00000     0.00000     0.00000
 => Size   parameters        :      0.00000     0.00000

 ==> CODEWORDS FOR PROFILE PARAMETERS of PATTERN#  1

 => Overall scale factor:   21.000
 => ETA (p-Voigt) OR M (Pearson VII):  101.000
 => Overall temperature factor:    0.000
 => Halfwidth U,V,W:   71.000  91.000  81.000
 => X and Y parameters:  111.000   0.000
 => Direct cell parameters:   31.000  41.000  51.000   0.000  61.000   0.000
 => Preferred orientation parameters:    0.000   0.000
 => Asymmetry parameters     :  121.000 131.000   0.000   0.000
 => Strain parameters        :    0.000   0.000   0.000
 => Size   parameters        :    0.000   0.000

 => Cell constraints according to Laue symmetry: 2/m  

        Metric information:
        -------------------

 => Direct cell parameters:

         a =       8.1054      b =       5.4466      c =       7.5009
     alpha =       90.000   beta =      102.204  gamma =       90.000
                        Direct Cell Volume =     323.6587

 => Reciprocal cell parameters:

         a*=     0.126227      b*=     0.183601      c*=     0.136400
     alpha*=       90.000   beta*=       77.796  gamma*=       90.000
                    Reciprocal Cell Volume =   0.00308967

 => Direct and Reciprocal Metric Tensors:

                   GD                                       GR
     65.6981      0.0000    -12.8523          0.015933    0.000000    0.003640
      0.0000     29.6655      0.0000          0.000000    0.033709    0.000000
    -12.8523      0.0000     56.2633          0.003640    0.000000    0.018605

 =>  Cartesian frame: z // c; y is in the bc-plane; x is y ^ z = a*  

     Crystal_to_Orthonormal_Matrix              Orthonormal_to_Crystal Matrix
              Cr_Orth_cel                               Orth_Cr_cel  
      8.1054      0.0000     -1.5856          0.123374   -0.000000    0.026684
      0.0000      5.4466      0.0000          0.000000    0.183601   -0.000000
      0.0000      0.0000      7.3314          0.000000    0.000000    0.136400

     Busing-Levy B-matrix: Hc=B.H            Inverse of the Busing-Levy B-matrix
                BL_M                                      BL_Minv  
    0.126227    0.000000    0.028834            7.9223     -0.0000     -1.7134
    0.000000    0.183601   -0.000000            0.0000      5.4466      0.0000
    0.000000    0.000000    0.133318            0.0000      0.0000      7.5009

 => Laue symmetry 2/m   will be used to generate HKL for pattern#   1
 => Reflections generated between S(1/d)min:  0.1139 A-1 and S(1/d)max:  1.0101 A-1
 =>                                    dmax:  8.7808 A   and      dmin:  0.9900 A
 => The number of reflections generated is:    354
 => The max. scatt. variable (gen.ref.) is:       102.1690
 => Scattering coefficients from internal table


 => X-ray scattering coeff. (A1, B1, A2,...C, f(0), Z, Dfp,Dfpp)

 NA      4.7626   3.2850   3.1736   8.8422   1.2674   0.3136   1.1128 129.4240   0.6760  10.9924  11.0000   0.1290   0.1240
 TA     29.2024   1.7733  15.2293   9.3705  14.5135   0.2960   4.7649  63.3644   9.2435  72.9537  73.0000  -6.3510   5.2710
 O       3.0485  13.2771   2.2868   5.7011   1.5463   0.3239   0.8670  32.9089   0.2508   7.9994   8.0000   0.0470   0.0320
 F       3.5392  10.2825   2.6412   4.2944   1.5170   0.2615   1.0243  26.1476   0.2776   8.9993   9.0000   0.0690   0.0530

     --------------------------------------------------------------
      SYMBOLIC NAMES AND INITIAL VALUES OF PARAMETERS TO BE VARIED:
     --------------------------------------------------------------

      ->  Parameter number    1   -> Symbolic Name:                                          Zero_pat1   -0.42140000E-01
      ->  Parameter number    2   -> Symbolic Name:                                     Scale_ph1_pat1    0.20385000E-02
      ->  Parameter number    3   -> Symbolic Name:                                    Cell_A_ph1_pat1     8.1054344    
      ->  Parameter number    4   -> Symbolic Name:                                    Cell_B_ph1_pat1     5.4466009    
      ->  Parameter number    5   -> Symbolic Name:                                    Cell_C_ph1_pat1     7.5008879    
      ->  Parameter number    6   -> Symbolic Name:                                    Cell_E_ph1_pat1     102.20404    
      ->  Parameter number    7   -> Symbolic Name:                                    U-Cagl_ph1_pat1    0.52395001E-01
      ->  Parameter number    8   -> Symbolic Name:                                    W-Cagl_ph1_pat1    0.10469000E-01
      ->  Parameter number    9   -> Symbolic Name:                                    V-Cagl_ph1_pat1   -0.29259000E-01
      ->  Parameter number   10   -> Symbolic Name:                                     EtaPV_ph1_pat1    0.48012000    
      ->  Parameter number   11   -> Symbolic Name:                                     X-tan_ph1_pat1    0.10500000E-03
      ->  Parameter number   12   -> Symbolic Name:                                     Asym1_ph1_pat1    0.62500001E-02
      ->  Parameter number   13   -> Symbolic Name:                                     Asym2_ph1_pat1    0.46299999E-02
      ->  Parameter number   14   -> Symbolic Name:                                          X_Na1_ph1    0.38018000    
      ->  Parameter number   15   -> Symbolic Name:                                          Y_Na1_ph1    0.78454000    
      ->  Parameter number   16   -> Symbolic Name:                                          Z_Na1_ph1    0.10550000    
      ->  Parameter number   17   -> Symbolic Name:                                          X_Ta1_ph1    0.15926000    
      ->  Parameter number   18   -> Symbolic Name:                                          Y_Ta1_ph1    0.25858000    
      ->  Parameter number   19   -> Symbolic Name:                                          Z_Ta1_ph1    0.29741001    
      ->  Parameter number   20   -> Symbolic Name:                                           X_O1_ph1    0.21325999    
      ->  Parameter number   21   -> Symbolic Name:                                           Y_O1_ph1    0.14849000    
      ->  Parameter number   22   -> Symbolic Name:                                           Z_O1_ph1    0.53350002E-01
      ->  Parameter number   23   -> Symbolic Name:                                           X_O2_ph1    0.66699997E-01
      ->  Parameter number   24   -> Symbolic Name:                                           Y_O2_ph1    0.56029999    
      ->  Parameter number   25   -> Symbolic Name:                                           Z_O2_ph1    0.22002999    
      ->  Parameter number   26   -> Symbolic Name:                                           X_F1_ph1    0.37764001    
      ->  Parameter number   27   -> Symbolic Name:                                           Y_F1_ph1    0.47679999    
      ->  Parameter number   28   -> Symbolic Name:                                           Z_F1_ph1    0.30622000    
      ->  Parameter number   29   -> Symbolic Name:                                           X_F2_ph1    0.34292999    
      ->  Parameter number   30   -> Symbolic Name:                                           Y_F2_ph1    0.99295998    
      ->  Parameter number   31   -> Symbolic Name:                                           Z_F2_ph1    0.37998000    
  
 
 => No optimization for routine tasks
 ++++++++++++++++++++++++++++++++++++++++++++++++++++++++++++++++++++++++++++++++++++++++++++++++++++++++++++++++++++++++

 => CYCLE No.:    1
 ---------------------------------------------------------------------------------------
 => Phase  1 Name:  #(C) 2021 by FIZ Karlsruhe - Leibniz Institute for Information Infras
 ---------------------------------------------------------------------------------------
 => New parameters, shifts, and standard deviations

 Atom        x       dx      sx       y       dy      sy       z       dz      sz       B       dB      sB      occ.    docc.   socc.

 Na1      0.38017-0.00001 0.00062  0.78454 0.00000 0.00151  0.10551 0.00001 0.00072  1.11627 0.00000 0.00000  1.00000 0.00000 0.00000
 Ta1      0.15926-0.00000 0.00010  0.25858-0.00000 0.00038  0.29741 0.00000 0.00012  0.47176 0.00000 0.00000  1.00000 0.00000 0.00000
 O1       0.21326 0.00000 0.00111  0.14849 0.00000 0.00133  0.05331-0.00004 0.00150  0.58064 0.00000 0.00000  1.00000 0.00000 0.00000
 O2       0.06665-0.00005 0.00122  0.56024-0.00006 0.00171  0.22004 0.00001 0.00149  0.58064 0.00000 0.00000  1.00000 0.00000 0.00000
 F1       0.37766 0.00002 0.00120  0.47671-0.00009 0.00171  0.30619-0.00003 0.00143  1.12063 0.00000 0.00000  1.00000 0.00000 0.00000
 F2       0.34292-0.00001 0.00110  0.99295-0.00001 0.00159  0.37998-0.00000 0.00127  1.12063 0.00000 0.00000  1.00000 0.00000 0.00000

 ==> PROFILE PARAMETERS FOR PATTERN#  1

 => Overall scale factor:      0.002038192    -0.000000308     0.000003519
 => Eta(p-Voigt) or m(Pearson VII):   0.479983 -0.000137  0.011901
 => Overall tem. factor:     0.000000    0.000000    0.000000
 => Halfwidth parameters: 
         0.052383   -0.000012    0.001476
        -0.029247    0.000012    0.001065
         0.010469   -0.000000    0.000187
 => Cell parameters: 
        8.105434    0.000000    0.000087
        5.446600   -0.000000    0.000061
        7.500887   -0.000001    0.000078
       90.000000    0.000000    0.000000
      102.204041    0.000000    0.000637
       90.000000    0.000000    0.000000
 => Preferred orientation: 
         0.000000    0.000000    0.000000
         0.000000    0.000000    0.000000
 => Asymmetry parameters: 
         0.006247   -0.000003    0.002955
         0.004632    0.000002    0.000700
         0.000000    0.000000    0.000000
         0.000000    0.000000    0.000000
 => X and Y parameters: 
         0.000095   -0.000010    0.000345
         0.000000    0.000000    0.000000
 => Strain parameters: 
         0.000000    0.000000    0.000000
         0.000000    0.000000    0.000000
         0.000000    0.000000    0.000000
 => Size   parameters (G,L): 
         0.000000    0.000000    0.000000
         0.000000    0.000000    0.000000

 ==> GLOBAL PARAMETERS FOR PATTERN#  1


 => Zero-point:    -0.0421   -0.0000    0.0005

 => Cos( theta)-shift parameter :   0.0000  0.0000  0.0000
 => Sin(2theta)-shift parameter :   0.0000  0.0000  0.0000

 ==> RELIABILITY FACTORS WITH ALL NON-EXCLUDED POINTS FOR PATTERN:  1

 => R-Factors:   3.79      5.27     Chi2:  12.5     DW-Stat.:  0.3148   Patt#:  1
 => Expected :            1.49                                1.9341
 => Deviance : 0.878E+05     Dev*:   12.88    
 => GoF-index:  3.5         Sqrt(Residual/N)
 => N-P+C:  6817

 =>    SumYdif       SumYobs      SumYcal      SumwYobsSQ     Residual    Condition
     0.1159E+07    0.3061E+08    0.3053E+08    0.3061E+08    0.8497E+05    0.7939E+10


 => Conventional Rietveld Rp,Rwp,Re and Chi2:   11.4      11.3      3.19      12.46    
 => (Values obtained using Ynet, but true sigma(y))
 =>  SumYnet, Sum(w Ynet**2):     0.1019E+08    0.6703E+07


 ==> RELIABILITY FACTORS FOR POINTS WITH BRAGG CONTRIBUTIONS FOR PATTERN:  1

 => R-Factors:   4.10      5.59     Chi2:  14.0     DW-Stat.:  0.3252   Patt#:
 => Expected :            1.50                                1.9299
 => Deviance : 0.850E+05     Dev*:   14.42    
 => GoF-index:  3.7         Sqrt(Residual/N)
 => N-P+C:  5894

 =>    SumYdif       SumYobs      SumYcal      SumwYobsSQ     Residual    Condition
     0.1081E+07    0.2636E+08    0.2630E+08    0.2636E+08    0.8226E+05    0.7939E+10


 => Conventional Rietveld Rp,Rwp,Re and Chi2:   10.6      11.1      2.97      13.96    
 => (Values obtained using Ynet, but true sigma(y))
 =>  SumYnet, Sum(w Ynet**2):     0.1016E+08    0.6700E+07


 => Global user-weigthed Chi2 (Bragg contrib.):   14.0    

 => ---------> Pattern#  1
 => Phase:  1
 =>    Bragg R-factor:  6.12    
 =>    RF-factor     :  5.21    


   Standard deviations have to be multiplied by: 3.4745
   (correlated residuals) See references:
  -J.F.Berar & P.Lelann, J. Appl. Cryst. 24, 1-5 (1991) 
  -J.F.Berar, Acc. in Pow. Diff. II,NIST Sp.Pub. 846, 63(1992) 

 ++++++++++++++++++++++++++++++++++++++++++++++++++++++++++++++++++++++++++++++++++++++++++++++++++++++++++++++++++++++++

 => CYCLE No.:    1
 =>  Convergence reached at this CYCLE !!!!
 =>  Parameter shifts set to zero
 ---------------------------------------------------------------------------------------
 => Phase  1 Name:  #(C) 2021 by FIZ Karlsruhe - Leibniz Institute for Information Infras
 ---------------------------------------------------------------------------------------
 => New parameters, shifts, and standard deviations

 Atom        x       dx      sx       y       dy      sy       z       dz      sz       B       dB      sB      occ.    docc.   socc.

 Na1      0.38017 0.00000 0.00062  0.78454 0.00000 0.00151  0.10551 0.00000 0.00072  1.11627 0.00000 0.00000  1.00000 0.00000 0.00000
 Ta1      0.15926 0.00000 0.00010  0.25858 0.00000 0.00038  0.29741 0.00000 0.00012  0.47176 0.00000 0.00000  1.00000 0.00000 0.00000
 O1       0.21326 0.00000 0.00111  0.14849 0.00000 0.00133  0.05331 0.00000 0.00150  0.58064 0.00000 0.00000  1.00000 0.00000 0.00000
 O2       0.06665 0.00000 0.00122  0.56024 0.00000 0.00171  0.22004 0.00000 0.00149  0.58064 0.00000 0.00000  1.00000 0.00000 0.00000
 F1       0.37766 0.00000 0.00120  0.47671 0.00000 0.00171  0.30619 0.00000 0.00143  1.12063 0.00000 0.00000  1.00000 0.00000 0.00000
 F2       0.34292 0.00000 0.00110  0.99295 0.00000 0.00159  0.37998 0.00000 0.00127  1.12063 0.00000 0.00000  1.00000 0.00000 0.00000

 ==> PROFILE PARAMETERS FOR PATTERN#  1

 => Overall scale factor:      0.002038192     0.000000000     0.000003519
 => Eta(p-Voigt) or m(Pearson VII):   0.479983  0.000000  0.011901
 => Overall tem. factor:     0.000000    0.000000    0.000000
 => Halfwidth parameters: 
         0.052383    0.000000    0.001476
        -0.029247    0.000000    0.001065
         0.010469    0.000000    0.000187
 => Cell parameters: 
        8.105434    0.000000    0.000087
        5.446600    0.000000    0.000061
        7.500887    0.000000    0.000078
       90.000000    0.000000    0.000000
      102.204041    0.000000    0.000637
       90.000000    0.000000    0.000000
 => Preferred orientation: 
         0.000000    0.000000    0.000000
         0.000000    0.000000    0.000000
 => Asymmetry parameters: 
         0.006247    0.000000    0.002955
         0.004632    0.000000    0.000700
         0.000000    0.000000    0.000000
         0.000000    0.000000    0.000000
 => X and Y parameters: 
         0.000095    0.000000    0.000345
         0.000000    0.000000    0.000000
 => Strain parameters: 
         0.000000    0.000000    0.000000
         0.000000    0.000000    0.000000
         0.000000    0.000000    0.000000
 => Size   parameters (G,L): 
         0.000000    0.000000    0.000000
         0.000000    0.000000    0.000000

 ==> GLOBAL PARAMETERS FOR PATTERN#  1


 => Zero-point:    -0.0421    0.0000    0.0005

 => Cos( theta)-shift parameter :   0.0000  0.0000  0.0000
 => Sin(2theta)-shift parameter :   0.0000  0.0000  0.0000

 ==> RELIABILITY FACTORS WITH ALL NON-EXCLUDED POINTS FOR PATTERN:  1

 => R-Factors:   3.79      5.27     Chi2:  12.5     DW-Stat.:  0.3148   Patt#:  1
 => Expected :            1.49                                1.9341
 => Deviance : 0.878E+05     Dev*:   12.88    
 => GoF-index:  3.5         Sqrt(Residual/N)
 => N-P+C:  6817

 =>    SumYdif       SumYobs      SumYcal      SumwYobsSQ     Residual    Condition
     0.1159E+07    0.3061E+08    0.3053E+08    0.3061E+08    0.8497E+05    0.7939E+10


 => Conventional Rietveld Rp,Rwp,Re and Chi2:   11.4      11.3      3.19      12.46    
 => (Values obtained using Ynet, but true sigma(y))
 =>  SumYnet, Sum(w Ynet**2):     0.1019E+08    0.6703E+07

 => N-sigma of the GoF:      669.300

 ==> RELIABILITY FACTORS FOR POINTS WITH BRAGG CONTRIBUTIONS FOR PATTERN:  1

 => R-Factors:   4.10      5.59     Chi2:  14.0     DW-Stat.:  0.3252   Patt#:
 => Expected :            1.50                                1.9299
 => Deviance : 0.850E+05     Dev*:   14.42    
 => GoF-index:  3.7         Sqrt(Residual/N)
 => N-P+C:  5894

 =>    SumYdif       SumYobs      SumYcal      SumwYobsSQ     Residual    Condition
     0.1081E+07    0.2636E+08    0.2630E+08    0.2636E+08    0.8226E+05    0.7939E+10


 => Conventional Rietveld Rp,Rwp,Re and Chi2:   10.6      11.1      2.97      13.96    
 => (Values obtained using Ynet, but true sigma(y))
 =>  SumYnet, Sum(w Ynet**2):     0.1016E+08    0.6700E+07

 => N-sigma of the GoF:      703.374

 => Global user-weigthed Chi2 (Bragg contrib.):   14.4    

 => ---------> Pattern#  1
 => Phase:  1
 =>    Bragg R-factor:  6.12    
 =>    RF-factor     :  5.21    

 --------------------------------------------------------------------------------------------------------------
 Pattern#  1 Phase No.:   1 Phase name:  #(C) 2021 by FIZ Karlsruhe - 
 --------------------------------------------------------------------------------------------------------------

   No.  Code     H   K   L  Mult      Hw      ETA/M    2theta/TOF     Icalc       Iobs      Sigma     StrFactor^2    d-hkl       CORR

      1   1      1   0   0     2  0.090059  0.481048      11.159     4023.6     3622.0      9.266      10093.6436  7.922259      1.000000
      2   1      1   1   0     4  0.083438  0.481869      19.764    10076.4     9712.9     11.121      40489.6406  4.488214      1.000000
      3   1      0   1   1     4  0.083130  0.481920      20.295       18.3       54.1      3.098         77.8268  4.372100      1.000000
      4   1     -1   1   1     4  0.082262  0.482076      21.928       33.6       66.4      4.366        167.2781  4.049940      1.000000
      5   1      2   0   0     2  0.082023  0.482123      22.426     1284.0     1349.4      5.965      13403.3945  3.961130      1.000000
      6   1      0   0   2     2  0.081245  0.482298      24.260     3710.3     3674.7      7.227      45618.8438  3.665687      1.000000
      7   1      1   1   1     4  0.081177  0.482316      24.443       38.8       39.7      0.096        242.3241  3.638731      1.000000
      8   1     -1   0   2     2  0.081160  0.482320      24.487     3938.9     3917.0      6.749      49375.3008  3.632294      1.000000
      9   1      2   1   0     4  0.080226  0.482639      27.826     7247.4     7220.4      9.884      59427.5352  3.203518      1.000000
     10   1     -2   1   1     4  0.080124  0.482694      28.410      102.4       68.2      2.088        877.1998  3.139004      1.000000
     11   1      1   0   2     2  0.080054  0.482741      28.895        2.8        3.8      0.321         50.0755  3.087367      1.000000
     12   1      0   1   2     4  0.080000  0.482784      29.345     2576.5     2739.4      6.507      23647.5059  3.041085      1.000000
     13   1     -2   0   2     2  0.079987  0.482796      29.470      116.0      125.3      0.393       2148.3137  3.028420      1.000000
     14   1     -1   1   2     4  0.079981  0.482802      29.535     1169.7     1286.0      3.935      10882.0117  3.021937      1.000000
     15   1      2   1   1     4  0.079938  0.483068      32.326       15.2        0.0      4.030        171.8526  2.767066      1.000000
     16   1      0   2   0     2  0.079982  0.483119      32.861     1529.4     1568.5      5.403      35756.1953  2.723300      1.000000
     17   1      1   1   2     4  0.080034  0.483164      33.332     2939.2     2960.7      6.124      35427.1797  2.685874      1.000000
     18   1     -2   1   2     4  0.080106  0.483213      33.839     2608.8     2623.9      5.553      32476.8867  2.646793      1.000000
     19   1      3   0   0     2  0.080118  0.483220      33.918     1045.2     1104.6      2.256      26158.5547  2.640753      1.000000
     20   1      1   2   0     4  0.080284  0.483305      34.806     1006.9     1008.3      4.768      13322.9951  2.575386      1.000000
     21   1      0   2   1     4  0.080355  0.483335      35.123       22.7       38.0      1.930        305.9114  2.552866      1.000000
     22   1     -1   2   1     4  0.080622  0.483432      36.133        3.6        0.0      2.903         51.7827  2.483785      1.000000
     23   1      2   0   2     2  0.080807  0.483488      36.726      611.7      613.0      4.596      18191.3809  2.445071      1.000000
     24   1     -3   1   1     4  0.081071  0.483559      37.470      199.3      187.3      1.303       3095.6980  2.398179      1.000000
     25   1     -3   0   2     2  0.081082  0.483562      37.500      636.6      591.9      3.146      19810.4844  2.396334      1.000000
     26   1      1   2   1     4  0.081191  0.483589      37.780       82.7       71.6      2.156       1307.2201  2.379237      1.000000
     27   1      3   1   0     4  0.081211  0.483593      37.830       10.2        8.0      0.371        161.6259  2.376191      1.000000
     28   1     -1   1   3     4  0.082116  0.483781      39.798      240.5      252.5      4.304       4263.4189  2.263107      1.000000
     29   1      2   2   0     4  0.082303  0.483815      40.149      471.7      484.0      3.169       8523.1211  2.244107      1.000000
     30   1      2   1   2     4  0.082443  0.483839      40.403      560.2      643.4      3.231      10264.4551  2.230616      1.000000
     31   1      0   1   3     4  0.082453  0.483841      40.421        0.0        0.0      0.000          0.7661  2.229644      1.000000
     32   1     -2   2   1     4  0.082540  0.483855      40.574        5.7        7.0      0.155        104.6123  2.221586      1.000000
     33   1     -3   1   2     4  0.082859  0.483907      41.119      818.7      849.8      3.720      15592.3535  2.193425      1.000000
     34   1      0   2   2     4  0.082947  0.483921      41.264      901.4      909.4      2.934      17300.8184  2.186050      1.000000
     35   1     -1   2   2     4  0.083034  0.483935      41.405     1080.8     1003.1      3.379      20901.9023  2.178905      1.000000
     36   1      3   1   1     4  0.083488  0.484002      42.112        7.5        1.7      1.583        150.5895  2.143976      1.000000
     37   1     -2   1   3     4  0.083739  0.484037      42.481        8.8        5.5      2.525        179.5900  2.126163      1.000000
     38   1      2   2   1     4  0.084495  0.484137      43.530       52.3       87.0      4.045       1129.0258  2.077332      1.000000
     39   1      1   1   3     4  0.085041  0.484205      44.236       51.1       29.6      1.879       1143.2255  2.045828      1.000000
     40   1      1   2   2     4  0.085105  0.484212      44.316       90.2       81.8      1.846       2026.5803  2.042311      1.000000
     41   1     -2   2   2     4  0.085431  0.484251      44.716      346.0      330.4      3.415       7935.6260  2.024970      1.000000
     42   1      4   0   0     2  0.086341  0.484352      45.775      727.8      806.0      4.816      35162.6523  1.980565      1.000000
     43   1      3   0   2     2  0.086905  0.484411      46.394      487.2      408.4      3.553      24257.4941  1.955551      1.000000
     44   1     -4   0   2     2  0.087764  0.484496      47.291      699.8      681.2      4.299      36360.0547  1.920535      1.000000
     45   1     -3   2   1     4  0.088121  0.484531      47.649       24.5       27.8      0.827        646.7833  1.906916      1.000000
     46   1     -4   1   1     4  0.088412  0.484558      47.936        0.3        0.4      0.001          9.2790  1.896173      1.000000
     47   1      3   2   0     4  0.088422  0.484559      47.946     1812.2     1903.4      5.315      48561.8750  1.895806      1.000000
     48   1     -3   1   3     4  0.088498  0.484566      48.020       30.9       32.5      0.113        829.9885  1.893074      1.000000
     49   1     -1   0   4     2  0.089017  0.484613      48.517     1285.2     1438.1      4.635      70719.1953  1.874831      1.000000
     50   1      4   1   0     4  0.089418  0.484649      48.892      960.2     1063.3      4.119      26873.5391  1.861324      1.000000
     51   1      3   1   2     4  0.090067  0.484705      49.482      100.4       78.7      2.120       2886.5898  1.840515      1.000000
     52   1     -1   2   3     4  0.090184  0.484715      49.586        9.6        9.2      0.244        276.4630  1.836867      1.000000
     53   1      0   0   4     2  0.090315  0.484727      49.703       39.5       41.4      1.116       2292.7271  1.832844      1.000000
     54   1      2   2   2     4  0.090765  0.484764      50.096     1759.4     1767.9      5.171      52001.6328  1.819365      1.000000
     55   1      0   2   3     4  0.090783  0.484766      50.112        2.2        2.2      0.006         65.4222  1.818838      1.000000
     56   1     -2   0   4     2  0.090875  0.484773      50.191      218.6      221.1      0.734      12974.2803  1.816147      1.000000
     57   1     -4   1   2     4  0.091045  0.484787      50.337       10.1       11.3      0.114        302.4362  1.811233      1.000000
     58   1      2   1   3     4  0.091433  0.484818      50.666        2.1        2.0      0.013         64.0158  1.800232      1.000000
     59   1     -3   2   2     4  0.091476  0.484822      50.703     1074.3      996.6      4.310      32618.6133  1.799016      1.000000
     60   1     -1   1   4     4  0.092456  0.484899      51.509       33.2       29.8      0.703       1043.7856  1.772746      1.000000

   No.  Code     H   K   L  Mult      Hw      ETA/M    2theta/TOF     Icalc       Iobs      Sigma     StrFactor^2    d-hkl       CORR

     61   1      3   2   1     4  0.092506  0.484903      51.550        0.5        0.4      0.005         14.9258  1.771429      1.000000
     62   1      1   3   0     4  0.092575  0.484908      51.605      642.8      611.9      3.754      20303.1387  1.769658      1.000000
     63   1      0   3   1     4  0.092865  0.484930      51.836       65.9       64.2      1.208       2102.4709  1.762301      1.000000
     64   1     -2   2   3     4  0.092903  0.484933      51.867        3.2        3.0      0.081        101.1605  1.761342      1.000000
     65   1     -1   3   1     4  0.093818  0.485001      52.581        5.1        5.2      0.058        169.3817  1.739086      1.000000
     66   1      0   1   4     4  0.093902  0.485007      52.645     1032.6      996.6      4.801      34098.6953  1.737125      1.000000
     67   1      4   1   1     4  0.094461  0.485048      53.069        0.2        0.2      0.002          6.3141  1.724236      1.000000
     68   1     -2   1   4     4  0.094521  0.485052      53.114      436.5      403.1      3.166      14701.4697  1.722890      1.000000
     69   1      1   2   3     4  0.094881  0.485078      53.382        0.1        0.0      0.006          2.6185  1.714853      1.000000
     70   1      1   0   4     2  0.095188  0.485099      53.609      156.9      149.8      2.935      10791.4746  1.708142      1.000000
     71   1      1   3   1     4  0.095473  0.485119      53.817        1.5        1.1      0.135         52.5128  1.702018      1.000000
     72   1     -3   0   4     2  0.096471  0.485187      54.532       75.5        0.0      3.191       5394.1768  1.681380      1.000000
     73   1      2   3   0     4  0.098080  0.485293      55.642     1075.2     1017.4      5.485      40170.9492  1.650435      1.000000
     74   1     -4   1   3     4  0.098277  0.485306      55.775       19.6       19.0      0.109        737.3846  1.646811      1.000000
     75   1     -2   3   1     4  0.098576  0.485325      55.975       71.9       73.7      1.400       2721.7148  1.641414      1.000000
     76   1      1   1   4     4  0.099229  0.485366      56.407      835.8      943.2      3.919      32185.5840  1.629869      1.000000
     77   1      0   3   2     4  0.099399  0.485377      56.518      353.7      370.4      1.513      13679.1992  1.626924      1.000000
     78   1     -1   3   2     4  0.099571  0.485388      56.630      235.3      227.3      1.174       9139.9980  1.623972      1.000000
     79   1     -4   2   1     4  0.099580  0.485388      56.636       36.8       35.4      0.189       1428.2537  1.623806      1.000000
     80   1     -3   2   3     4  0.099695  0.485395      56.710        5.5        5.2      0.048        216.0663  1.621858      1.000000
     81   1     -3   1   4     4  0.100614  0.485452      57.300     1008.3     1150.9      4.424      40200.7031  1.606571      1.000000
     82   1      4   0   2     2  0.100632  0.485453      57.312       35.7       41.0      0.153       2844.1484  1.606263      1.000000
     83   1      4   2   0     4  0.100911  0.485469      57.488      289.9      366.4      1.589      11644.5205  1.601759      1.000000
     84   1      3   2   2     4  0.101757  0.485520      58.016      569.9      673.2      3.679      23356.2402  1.588441      1.000000
     85   1      5   0   0     2  0.102016  0.485535      58.176       93.0      106.8      0.685       7664.9546  1.584452      1.000000
     86   1     -5   0   2     2  0.102228  0.485548      58.306       88.3       91.8      1.169       7314.9497  1.581225      1.000000
     87   1      2   3   1     4  0.102270  0.485550      58.332        4.0        4.3      0.061        166.9071  1.580587      1.000000
     88   1     -4   2   2     4  0.103016  0.485593      58.784      613.3      729.9      3.621      25869.8340  1.569502      1.000000
     89   1      1   3   2     4  0.103325  0.485611      58.970      692.3      756.7      2.802      29408.5918  1.564996      1.000000
     90   1      2   2   3     4  0.103511  0.485621      59.080       28.2       28.9      0.183       1203.3099  1.562328      1.000000
     91   1      3   1   3     4  0.103561  0.485624      59.110        3.4        3.6      0.022        146.0112  1.561612      1.000000
     92   1     -2   3   2     4  0.103874  0.485642      59.296      869.9      846.2      3.548      37406.9688  1.557151      1.000000
     93   1     -5   1   1     4  0.104119  0.485656      59.441        5.6        5.4      0.034        243.9156  1.553712      1.000000
     94   1     -1   2   4     4  0.104804  0.485694      59.842      734.7      779.4      3.074      32229.5527  1.544261      1.000000
     95   1      2   0   4     2  0.104847  0.485696      59.866      233.7      247.8      0.909      20517.9668  1.543683      1.000000
     96   1      4   1   2     4  0.105070  0.485709      59.996      946.6      954.2      2.936      41756.8633  1.540662      1.000000
     97   1      5   1   0     4  0.106543  0.485789      60.836      549.4      700.2      3.173      24982.9141  1.521384      1.000000
     98   1      0   2   4     4  0.106609  0.485793      60.873       64.9       77.8      0.313       2953.9529  1.520543      1.000000
     99   1     -5   1   2     4  0.106768  0.485801      60.962      821.5      846.4      2.902      37521.0312  1.518527      1.000000
    100   1     -4   0   4     2  0.107113  0.485819      61.155      288.0      276.1      1.350      26488.2598  1.514210      1.000000
    101   1      4   2   1     4  0.107300  0.485829      61.259        4.1        4.1      0.027        188.5879  1.511876      1.000000
    102   1     -2   2   4     4  0.107374  0.485833      61.300      306.7      305.6      1.949      14179.3076  1.510969      1.000000
    103   1     -3   3   1     4  0.108151  0.485874      61.728        3.5        0.0      0.437        164.0967  1.501514      1.000000
    104   1      3   3   0     4  0.108608  0.485898      61.977        9.3        0.0      1.468        440.6507  1.496072      1.000000
    105   1      2   1   4     4  0.109545  0.485946      62.482       31.9        0.0      2.877       1538.8809  1.485185      1.000000
    106   1     -1   3   3     4  0.111218  0.486030      63.366        0.4        0.0      0.289         18.8667  1.466592      1.000000
    107   1     -4   1   4     4  0.111940  0.486066      63.740       24.4       22.9      0.806       1228.1174  1.458881      1.000000
    108   1     -4   2   3     4  0.111942  0.486066      63.741        1.1        1.0      0.036         55.4654  1.458865      1.000000
    109   1      2   3   2     4  0.112058  0.486072      63.801      177.2      163.6      3.402       8927.1924  1.457638      1.000000
    110   1      0   3   3     4  0.112084  0.486073      63.814        8.8        8.1      0.164        444.2823  1.457367      1.000000
    111   1     -3   3   2     4  0.113075  0.486122      64.320      259.8      237.4      2.024      13313.2969  1.447110      1.000000
    112   1      1   2   4     4  0.113082  0.486122      64.324      213.4      194.8      1.644      10933.7363  1.447048      1.000000
    113   1     -1   1   5     4  0.113201  0.486128      64.384        8.5        7.6      0.083        436.5930  1.445832      1.000000
    114   1      5   1   1     4  0.114501  0.486190      65.036        9.2        2.8      0.917        483.6375  1.432907      1.000000
    115   1      3   3   1     4  0.114529  0.486191      65.050        3.4        1.4      0.303        178.7800  1.432635      1.000000
    116   1     -3   2   4     4  0.114731  0.486201      65.150       31.8       23.1      1.570       1672.6803  1.430669      1.000000
    117   1     -2   1   5     4  0.114915  0.486209      65.241        2.2        1.8      0.107        116.4328  1.428901      1.000000
    118   1     -5   1   3     4  0.114993  0.486213      65.280       15.0       12.2      0.694        795.0951  1.428143      1.000000
    119   1     -2   3   3     4  0.115083  0.486217      65.324       14.2       11.0      0.713        750.5522  1.427283      1.000000
    120   1      0   1   5     4  0.116296  0.486274      65.917        8.2        0.0      2.272        443.1657  1.415866      1.000000

   No.  Code     H   K   L  Mult      Hw      ETA/M    2theta/TOF     Icalc       Iobs      Sigma     StrFactor^2    d-hkl       CORR

    121   1      1   3   3     4  0.117806  0.486343      66.643       14.8        8.4      2.499        816.1350  1.402207      1.000000
    122   1      3   2   3     4  0.118211  0.486362      66.835       24.2       13.8      1.924       1344.7970  1.398644      1.000000
    123   1     -5   2   1     4  0.118866  0.486391      67.144        4.7        0.0      1.354        262.2590  1.392959      1.000000
    124   1      4   2   2     4  0.119979  0.486441      67.662        0.2        0.0      0.226         11.0591  1.383533      1.000000
    125   1      3   0   4     2  0.120937  0.486483      68.103       99.6      130.1      3.586      11490.4893  1.375646      1.000000
    126   1     -3   1   5     4  0.121678  0.486515      68.441        0.5        0.5      0.014         29.6163  1.369679      1.000000
    127   1      5   2   0     4  0.121698  0.486516      68.450       69.3       62.5      1.932       4037.0247  1.369521      1.000000
    128   1     -5   2   2     4  0.121960  0.486527      68.569       13.3       13.8      0.526        777.9054  1.367436      1.000000
    129   1      0   4   0     2  0.122698  0.486559      68.901      315.3      332.3      3.145      37237.0273  1.361650      1.000000
    130   1      4   1   3     4  0.123364  0.486587      69.199        0.8        0.7      0.024         45.1028  1.356519      1.000000
    131   1      5   0   2     2  0.123708  0.486602      69.352      150.1      164.6      2.454      17955.2188  1.353898      1.000000
    132   1     -4   3   1     4  0.124079  0.486617      69.516        0.1        0.1      0.002          4.0605  1.351103      1.000000
    133   1     -3   3   3     4  0.124229  0.486624      69.582        0.4        0.4      0.007         22.1619  1.349980      1.000000
    134   1     -5   0   4     2  0.124511  0.486636      69.706      204.1      214.3      2.336      24662.9707  1.347881      1.000000
    135   1      1   1   5     4  0.124633  0.486641      69.760        3.7        4.0      0.052        226.6256  1.346976      1.000000
    136   1      2   2   4     4  0.125182  0.486664      70.000      560.9      596.9      3.020      34177.7930  1.342937      1.000000
    137   1      1   4   0     4  0.125314  0.486669      70.058       58.6       61.5      0.387       3577.7505  1.341972      1.000000
    138   1      0   4   1     4  0.125759  0.486688      70.251       31.5       33.7      0.213       1934.3037  1.338755      1.000000
    139   1      4   3   0     4  0.125819  0.486690      70.277      181.5      193.1      1.386      11144.2295  1.338323      1.000000
    140   1     -6   0   2     2  0.126211  0.486706      70.447       54.7       58.7      0.547       6752.8130  1.335516      1.000000
    141   1      3   1   4     4  0.126458  0.486716      70.553      331.7      338.7      2.334      20525.6992  1.333762      1.000000
    142   1      3   3   2     4  0.126918  0.486735      70.751       54.7       56.4      0.584       3404.1707  1.330525      1.000000
    143   1     -1   4   1     4  0.127209  0.486747      70.875       14.3       15.4      0.357        890.5085  1.328493      1.000000
    144   1     -4   2   4     4  0.127947  0.486777      71.189      312.1      340.6      2.868      19650.2773  1.323396      1.000000
    145   1      6   0   0     2  0.128391  0.486795      71.377      185.0      255.5      1.650      23416.8613  1.320377      1.000000
    146   1     -4   3   2     4  0.128546  0.486801      71.442        9.4       12.0      0.112        593.3660  1.319335      1.000000
    147   1      2   3   3     4  0.129183  0.486827      71.710        4.0        4.7      0.075        252.9645  1.315065      1.000000
    148   1      5   1   2     4  0.129357  0.486834      71.783      165.6      198.0      2.358      10594.3936  1.313913      1.000000
    149   1     -1   2   5     4  0.129399  0.486835      71.800        6.0        7.0      0.087        382.0161  1.313633      1.000000
    150   1      1   4   1     4  0.129685  0.486847      71.920        9.7       11.1      0.208        622.6226  1.311747      1.000000
    151   1     -6   1   1     4  0.129869  0.486854      71.996        4.0        4.7      0.069        259.1992  1.310545      1.000000
    152   1     -5   1   4     4  0.130196  0.486867      72.132      202.7      199.0      2.428      13085.1260  1.308411      1.000000
    153   1     -1   3   4     4  0.130844  0.486893      72.399        8.0        7.5      0.289        522.0293  1.304236      1.000000
    154   1      5   2   1     4  0.130894  0.486895      72.420        1.3        1.3      0.061         87.7019  1.303916      1.000000
    155   1     -2   2   5     4  0.131368  0.486913      72.614        3.6        3.5      0.314        236.8556  1.300896      1.000000
    156   1     -5   2   3     4  0.131459  0.486917      72.652        0.1        0.1      0.006          5.0134  1.300323      1.000000
    157   1     -6   1   2     4  0.131973  0.486937      72.862      229.4      253.9      3.122      15091.0361  1.297092      1.000000
    158   1      0   2   5     4  0.132954  0.486975      73.259        4.5        4.5      0.096        295.7215  1.291036      1.000000
    159   1      0   3   4     4  0.133148  0.486982      73.337      229.5      247.2      2.674      15282.3066  1.289852      1.000000
    160   1      2   4   0     4  0.133504  0.486996      73.480       54.8       57.0      0.760       3662.8083  1.287693      1.000000
    161   1      4   3   1     4  0.134027  0.487016      73.690        7.9        8.3      0.087        527.3716  1.284549      1.000000
    162   1     -2   3   4     4  0.134120  0.487019      73.727      182.8      199.5      1.851      12289.3818  1.283993      1.000000
    163   1     -2   4   1     4  0.134221  0.487023      73.767        7.7        8.6      0.085        517.8273  1.283395      1.000000
    164   1      6   1   0     4  0.134252  0.487024      73.779       43.9       48.7      0.512       2953.8904  1.283209      1.000000
    165   1     -4   1   5     4  0.134408  0.487030      73.841       21.7       22.7      0.323       1460.2268  1.282284      1.000000
    166   1      0   4   2     4  0.135406  0.487068      74.237      295.0      281.2      2.375      20083.5801  1.276433      1.000000
    167   1     -1   4   2     4  0.135652  0.487077      74.334      353.7      319.3      2.477      24129.2598  1.275006      1.000000
    168   1     -3   2   5     4  0.139110  0.487205      75.673        5.5        0.0      1.158        389.1515  1.255732      1.000000
    169   1      2   1   5     4  0.139329  0.487213      75.757        3.4        0.9      0.435        237.0734  1.254557      1.000000
    170   1      2   4   1     4  0.139492  0.487219      75.819       11.6        5.9      1.256        820.6976  1.253684      1.000000
    171   1     -4   3   3     4  0.139892  0.487233      75.970        3.0        1.3      0.337        210.1277  1.251558      1.000000
    172   1     -1   0   6     2  0.140565  0.487258      76.224       75.3       63.3      2.139      10730.8643  1.248016      1.000000
    173   1     -6   1   3     4  0.140878  0.487269      76.342        5.6        5.2      0.150        397.7448  1.246382      1.000000
    174   1      1   4   2     4  0.140978  0.487272      76.380        4.4        4.2      0.098        313.7281  1.245861      1.000000
    175   1      4   2   3     4  0.141035  0.487274      76.401        0.5        0.4      0.009         33.4232  1.245567      1.000000
    176   1      1   3   4     4  0.141324  0.487285      76.510      261.2      257.2      2.215      18744.8613  1.244073      1.000000
    177   1     -2   0   6     2  0.141333  0.487285      76.513      112.6      110.9      0.953      16156.5742  1.244027      1.000000
    178   1     -2   4   2     4  0.141749  0.487300      76.668        3.3        3.2      0.045        234.2279  1.241893      1.000000
    179   1      1   2   5     4  0.142483  0.487326      76.941        9.6        8.9      0.547        693.0141  1.238167      1.000000
    180   1     -3   3   4     4  0.143393  0.487358      77.277      414.7      411.8      3.559      30253.4961  1.233619      1.000000

   No.  Code     H   K   L  Mult      Hw      ETA/M    2theta/TOF     Icalc       Iobs      Sigma     StrFactor^2    d-hkl       CORR

    181   1      3   2   4     4  0.144564  0.487399      77.706       81.9       95.4      1.994       6032.4390  1.227880      1.000000
    182   1      4   0   4     2  0.145679  0.487438      78.110       86.8       88.5      2.186      12896.8408  1.222535      1.000000
    183   1      6   1   1     4  0.145776  0.487441      78.145        0.0        0.0      0.000          0.7840  1.222074      1.000000
    184   1      0   0   6     2  0.145814  0.487442      78.159        1.8        1.7      0.054        263.0786  1.221896      1.000000
    185   1     -1   1   6     4  0.146968  0.487482      78.573      207.4      235.1      2.820      15543.9619  1.216489      1.000000
    186   1     -3   4   1     4  0.147701  0.487507      78.834       23.7       24.4      0.276       1785.6741  1.213112      1.000000
    187   1      3   3   3     4  0.147745  0.487508      78.850        3.8        3.9      0.043        289.4763  1.212910      1.000000
    188   1     -2   1   6     4  0.147770  0.487509      78.859       18.6       18.9      0.208       1403.8131  1.212794      1.000000
    189   1      5   2   2     4  0.147870  0.487512      78.894       90.2       90.5      1.007       6805.7554  1.212341      1.000000
    190   1     -3   0   6     2  0.148216  0.487524      79.017       34.1       32.3      0.322       5153.4199  1.210765      1.000000
    191   1      3   4   0     4  0.148333  0.487528      79.058      181.5      175.0      1.539      13736.3711  1.210237      1.000000
    192   1     -6   2   1     4  0.148453  0.487532      79.101        8.7        8.5      0.071        658.0346  1.209693      1.000000
    193   1     -5   3   1     4  0.148563  0.487536      79.140       18.7       18.5      0.154       1418.9370  1.209197      1.000000
    194   1     -5   2   4     4  0.148826  0.487545      79.232      204.4      203.8      1.642      15523.5205  1.208015      1.000000
    195   1      4   3   2     4  0.149952  0.487582      79.627      307.8      293.7      2.709      23549.4844  1.203015      1.000000
    196   1     -6   2   2     4  0.150852  0.487612      79.940       80.7       73.7      1.140       6213.5425  1.199089      1.000000
    197   1     -6   0   4     2  0.151066  0.487619      80.014        4.2        4.0      0.096        652.4719  1.198167      1.000000
    198   1     -1   4   3     4  0.151929  0.487648      80.312       18.4       19.0      0.196       1429.5734  1.194471      1.000000
    199   1      5   3   0     4  0.152095  0.487653      80.369      209.1      214.0      1.431      16223.0449  1.193770      1.000000
    200   1      4   1   4     4  0.152311  0.487660      80.443      216.5      213.3      0.995      16820.6035  1.192856      1.000000
    201   1     -5   3   2     4  0.152422  0.487664      80.481      273.3      261.2      1.188      21251.9277  1.192388      1.000000
    202   1      0   1   6     4  0.152452  0.487665      80.491      229.5      217.8      1.003      17846.7871  1.192261      1.000000
    203   1      2   4   2     4  0.153083  0.487685      80.707      210.8      202.8      0.995      16457.7891  1.189619      1.000000
    204   1      0   4   3     4  0.153118  0.487687      80.719        5.2        5.0      0.025        409.0118  1.189471      1.000000
    205   1      6   2   0     4  0.153450  0.487697      80.832      242.0      221.3      1.512      18933.9258  1.188095      1.000000
    206   1      5   1   3     4  0.153499  0.487699      80.849        0.0        0.0      0.000          3.3448  1.187893      1.000000
    207   1     -4   2   5     4  0.153627  0.487703      80.892        1.7        1.6      0.014        134.3398  1.187361      1.000000
    208   1     -3   4   2     4  0.154479  0.487731      81.180      174.0      156.1      1.630      13702.9395  1.183875      1.000000
    209   1     -5   1   5     4  0.154824  0.487742      81.296        2.2        1.9      0.020        171.9702  1.182475      1.000000
    210   1     -3   1   6     4  0.154963  0.487746      81.343      208.8      181.4      1.899      16490.9141  1.181914      1.000000
    211   1      2   3   4     4  0.156437  0.487793      81.836        2.7        2.8      0.256        211.7383  1.176040      1.000000
    212   1      3   4   1     4  0.156470  0.487794      81.847        1.9        2.0      0.183        148.6738  1.175910      1.000000
    213   1     -2   4   3     4  0.157228  0.487818      82.098        5.5        7.7      0.349        439.2151  1.172945      1.000000
    214   1      1   0   6     2  0.157756  0.487835      82.272      112.6      138.5      1.535      18064.7539  1.170902      1.000000
    215   1     -6   1   4     4  0.157942  0.487841      82.334      216.4      259.3      2.309      17379.0762  1.170187      1.000000
    216   1      6   0   2     2  0.159006  0.487874      82.682      136.2      170.3      2.034      21992.7207  1.166134      1.000000
    217   1      2   2   5     4  0.159242  0.487881      82.759        0.2        0.2      0.004         13.0579  1.165246      1.000000
    218   1     -4   3   4     4  0.159882  0.487901      82.967       22.4       25.5      0.714       1817.8693  1.162850      1.000000
    219   1      1   4   3     4  0.160950  0.487934      83.312        6.1        5.1      0.620        498.1523  1.158908      1.000000
    220   1     -6   2   3     4  0.161011  0.487936      83.332        0.6        0.5      0.066         51.1204  1.158687      1.000000
    221   1     -1   3   5     4  0.161692  0.487957      83.551       26.7       27.5      1.284       2187.1746  1.156209      1.000000
    222   1     -4   0   6     2  0.162112  0.487970      83.685       68.2       58.6      1.732      11189.0596  1.154695      1.000000
    223   1      3   1   5     4  0.162415  0.487979      83.782        2.5        2.2      0.055        204.3348  1.153608      1.000000
    224   1     -7   0   2     2  0.162805  0.487991      83.906      149.1      138.0      2.249      24548.0840  1.152218      1.000000
    225   1      5   3   1     4  0.163555  0.488013      84.144        1.9        1.7      0.059        159.0327  1.149567      1.000000
    226   1     -2   3   5     4  0.164147  0.488031      84.330        0.1        0.1      0.011          6.8088  1.147496      1.000000
    227   1     -5   3   3     4  0.164260  0.488035      84.366        0.1        0.1      0.021         11.4831  1.147103      1.000000
    228   1      1   1   6     4  0.164941  0.488055      84.580       35.6       34.9      2.346       2960.4998  1.144748      1.000000
    229   1      0   3   5     4  0.166126  0.488090      84.949        0.2        0.1      0.014         14.8909  1.140712      1.000000
    230   1      6   1   2     4  0.166250  0.488094      84.988       18.1       14.7      1.457       1517.0470  1.140292      1.000000
    231   1      6   2   1     4  0.166611  0.488105      85.099        3.0        2.5      0.334        249.2170  1.139080      1.000000
    232   1     -1   2   6     4  0.167975  0.488145      85.520      120.1      143.0      2.638      10115.4785  1.134553      1.000000
    233   1      7   0   0     2  0.168833  0.488170      85.782       26.2       31.8      0.282       4430.0503  1.131751      1.000000
    234   1     -2   2   6     4  0.168894  0.488172      85.801      206.9      248.8      2.103      17486.4453  1.131554      1.000000
    235   1     -7   1   1     4  0.169137  0.488179      85.875        0.2        0.3      0.002         19.7729  1.130767      1.000000
    236   1     -4   1   6     4  0.169503  0.488189      85.986      138.4      149.3      1.407      11722.3994  1.129589      1.000000
    237   1     -4   4   1     4  0.169514  0.488190      85.990       14.4       15.5      0.146       1221.1422  1.129553      1.000000
    238   1     -3   4   3     4  0.169719  0.488196      86.052       14.2       15.6      0.161       1206.3678  1.128897      1.000000
    239   1     -7   1   2     4  0.170229  0.488210      86.206        3.8        3.8      0.075        320.9235  1.127270      1.000000
    240   1      4   4   0     4  0.171891  0.488258      86.706      179.3      150.7      2.938      15323.1318  1.122054      1.000000

   No.  Code     H   K   L  Mult      Hw      ETA/M    2theta/TOF     Icalc       Iobs      Sigma     StrFactor^2    d-hkl       CORR

    241   1      3   4   2     4  0.173393  0.488301      87.153      175.5      158.2      2.238      15078.3525  1.117446      1.000000
    242   1     -3   3   5     4  0.173825  0.488313      87.281       27.5       24.5      0.413       2366.4050  1.116140      1.000000
    243   1      4   2   4     4  0.174102  0.488321      87.362       58.6       55.6      0.873       5047.8569  1.115308      1.000000
    244   1      0   2   6     4  0.174264  0.488325      87.410        4.5        4.3      0.070        385.9118  1.114822      1.000000
    245   1      5   2   3     4  0.175466  0.488359      87.763        4.7        4.3      0.066        405.1714  1.111248      1.000000
    246   1     -4   4   2     4  0.175621  0.488363      87.808      199.7      179.9      2.483      17284.1250  1.110793      1.000000
    247   1      4   3   3     4  0.176239  0.488380      87.988       20.3       19.5      0.267       1761.6400  1.108984      1.000000
    248   1      2   4   3     4  0.176495  0.488387      88.062       14.8       15.3      0.159       1284.0098  1.108241      1.000000
    249   1      7   1   0     4  0.176549  0.488389      88.078      129.2      133.7      1.369      11212.6494  1.108082      1.000000
    250   1     -5   2   5     4  0.176990  0.488401      88.205        6.0        6.0      0.084        517.8332  1.106809      1.000000
    251   1     -3   2   6     4  0.177149  0.488405      88.252       51.9       53.7      0.802       4510.9976  1.106349      1.000000
    252   1      1   3   5     4  0.178058  0.488430      88.513        5.9        6.0      0.102        511.7715  1.103752      1.000000
    253   1      2   0   6     2  0.178064  0.488431      88.515       51.0       51.8      0.886       8895.6777  1.103734      1.000000
    254   1     -1   4   4     4  0.178771  0.488450      88.718      253.3      255.6      2.700      22139.8066  1.101736      1.000000
    255   1     -7   1   3     4  0.180005  0.488483      89.069        0.7        0.7      0.015         65.0917  1.098295      1.000000
    256   1     -6   2   4     4  0.180579  0.488499      89.232       12.2       12.4      0.204       1067.9619  1.096713      1.000000
    257   1      3   3   4     4  0.180677  0.488502      89.260      149.5      152.7      2.503      13130.5703  1.096446      1.000000
    258   1      0   4   4     4  0.181936  0.488535      89.614       12.0       10.7      0.402       1061.5068  1.093025      1.000000
    259   1      5   0   4     2  0.183047  0.488565      89.925      116.5      137.4      1.972      20587.6699  1.090056      1.000000
    260   1      4   4   1     4  0.183146  0.488568      89.952        1.1        1.3      0.017         98.3465  1.089793      1.000000
    261   1     -2   4   4     4  0.183274  0.488571      89.988       81.9       91.3      1.305       7245.9199  1.089453      1.000000
    262   1      5   3   2     4  0.184846  0.488613      90.423       54.5       59.8      0.817       4838.9805  1.085339      1.000000
    263   1     -5   0   6     2  0.185045  0.488618      90.478      123.7      130.0      1.782      21973.3242  1.084824      1.000000
    264   1     -6   3   1     4  0.185583  0.488632      90.626       12.1       13.5      0.217       1077.8865  1.083438      1.000000
    265   1      3   2   5     4  0.185742  0.488636      90.670        1.9        2.1      0.031        167.1527  1.083030      1.000000
    266   1     -5   3   4     4  0.186055  0.488644      90.755       68.7       68.5      0.891       6111.1812  1.082232      1.000000
    267   1     -6   1   5     4  0.186115  0.488646      90.772        5.5        5.4      0.071        488.6549  1.082078      1.000000
    268   1      2   1   6     4  0.186245  0.488649      90.807       49.8       47.9      0.696       4435.5918  1.081747      1.000000
    269   1      1   5   0     4  0.187267  0.488676      91.086      111.4      117.9      1.671       9938.7822  1.079166      1.000000
    270   1      0   5   1     4  0.187937  0.488693      91.267        3.3        3.3      0.064        290.5909  1.077491      1.000000
    271   1     -6   3   2     4  0.188620  0.488711      91.451      114.2      117.9      0.947      10219.5342  1.075800      1.000000
    272   1      1   2   6     4  0.188666  0.488712      91.464      257.2      264.0      2.125      23018.5469  1.075689      1.000000
    273   1     -1   5   1     4  0.190128  0.488749      91.856        5.4        4.7      0.042        480.6175  1.072119      1.000000
    274   1      6   2   2     4  0.190182  0.488751      91.870      292.4      254.6      2.364      26242.7383  1.071988      1.000000
    275   1     -4   4   3     4  0.191249  0.488778      92.154        3.9        3.5      0.045        346.8221  1.069429      1.000000
    276   1     -7   0   4     2  0.191304  0.488779      92.168       73.0       66.4      0.856      13129.4922  1.069299      1.000000
    277   1      5   1   4     4  0.191488  0.488784      92.217        4.9        4.4      0.065        439.1710  1.068860      1.000000
    278   1      6   3   0     4  0.191919  0.488795      92.331       29.3       27.9      0.651       2638.2952  1.067839      1.000000
    279   1     -4   3   5     4  0.192145  0.488800      92.391        1.0        1.0      0.025         87.3372  1.067306      1.000000
    280   1      1   4   4     4  0.193238  0.488828      92.678       52.9       55.9      1.263       4773.9067  1.064747      1.000000
    281   1     -7   2   1     4  0.193533  0.488835      92.756        5.6        5.7      0.122        507.6022  1.064064      1.000000
    282   1     -5   1   6     4  0.193592  0.488837      92.771        1.4        1.5      0.031        130.5908  1.063926      1.000000
    283   1      7   1   1     4  0.193737  0.488840      92.809        0.1        0.1      0.002          7.7131  1.063593      1.000000
    284   1      1   5   1     4  0.193881  0.488844      92.847        6.1        5.9      0.112        546.7626  1.063259      1.000000
    285   1     -4   2   6     4  0.193958  0.488846      92.867       71.9       69.5      1.267       6490.0347  1.063082      1.000000
    286   1     -7   2   2     4  0.194802  0.488867      93.086      285.2      270.9      2.740      25794.7012  1.061148      1.000000
    287   1     -3   4   4     4  0.196119  0.488899      93.427       10.1        9.3      0.238        917.4341  1.058172      1.000000
    288   1      4   1   5     4  0.197786  0.488940      93.855        0.1        0.1      0.023         12.6781  1.054474      1.000000
    289   1      2   3   5     4  0.199311  0.488977      94.242        0.4        0.4      0.016         35.0233  1.051157      1.000000
    290   1      6   1   3     4  0.199511  0.488982      94.293        4.4        4.7      0.118        399.7500  1.050727      1.000000
    291   1      2   5   0     4  0.199697  0.488986      94.340      139.0      154.7      2.735      12645.8174  1.050328      1.000000
    292   1     -2   1   7     4  0.199889  0.488991      94.388       10.6       12.0      0.184        968.2693  1.049915      1.000000
    293   1     -7   1   4     4  0.200192  0.488998      94.464       48.6       55.9      0.915       4426.9170  1.049269      1.000000
    294   1     -1   1   7     4  0.200745  0.489012      94.603        0.1        0.1      0.002          6.8610  1.048094      1.000000
    295   1     -2   5   1     4  0.200793  0.489013      94.615       15.1       18.2      0.311       1375.9626  1.047991      1.000000
    296   1     -6   3   3     4  0.201579  0.489032      94.812        4.1        4.8      0.088        370.7936  1.046335      1.000000
    297   1      7   2   0     4  0.202172  0.489046      94.960      137.9      157.4      1.919      12583.6982  1.045096      1.000000
    298   1      3   4   3     4  0.202211  0.489047      94.970        4.0        4.5      0.054        361.7984  1.045015      1.000000
    299   1      0   5   2     4  0.202609  0.489056      95.069       90.4       97.9      1.215       8246.5244  1.044190      1.000000
    300   1     -1   5   2     4  0.202987  0.489065      95.162       42.7       43.6      0.675       3897.0005  1.043409      1.000000

   No.  Code     H   K   L  Mult      Hw      ETA/M    2theta/TOF     Icalc       Iobs      Sigma     StrFactor^2    d-hkl       CORR

    301   1     -5   4   1     4  0.203362  0.489074      95.255        0.2        0.2      0.003         14.9011  1.042637      1.000000
    302   1      4   4   2     4  0.205319  0.489120      95.737        3.9        5.1      0.664        358.0692  1.038666      1.000000
    303   1     -7   2   3     4  0.206219  0.489141      95.956        2.8        2.8      0.590        251.8641  1.036873      1.000000
    304   1     -3   1   7     4  0.207840  0.489178      96.349        0.8        0.8      0.110         75.6474  1.033685      1.000000
    305   1      5   4   0     4  0.208349  0.489190      96.471       19.7       16.5      1.312       1803.0417  1.032698      1.000000
    306   1      6   3   1     4  0.208799  0.489200      96.580        1.5        1.4      0.075        138.8763  1.031829      1.000000
    307   1     -5   4   2     4  0.208812  0.489201      96.583       15.2       13.6      0.749       1394.7628  1.031803      1.000000
    308   1      2   5   1     4  0.208905  0.489203      96.605       13.9       12.6      0.688       1278.6490  1.031626      1.000000
    309   1      3   0   6     2  0.210217  0.489233      96.918        0.0        0.0      0.001          8.2853  1.029122      1.000000
    310   1      0   1   7     4  0.210547  0.489240      96.997        1.9        1.8      0.030        172.1639  1.028497      1.000000
    311   1     -1   3   6     4  0.210567  0.489240      97.001      110.7      108.8      1.748      10155.9893  1.028461      1.000000
    312   1      1   5   2     4  0.211209  0.489255      97.154      199.0      198.8      2.155      18259.4707  1.027254      1.000000
    313   1     -2   3   6     4  0.211760  0.489267      97.284       19.6       17.8      0.211       1797.6432  1.026225      1.000000
    314   1     -2   5   2     4  0.212407  0.489282      97.436      157.3      147.6      1.523      14446.1836  1.025026      1.000000
    315   1     -6   2   5     4  0.213404  0.489304      97.670        1.4        1.3      0.017        125.8506  1.023194      1.000000
    316   1      2   2   6     4  0.213558  0.489308      97.706      110.6      107.8      1.315      10157.5781  1.022914      1.000000
    317   1      7   0   2     2  0.213956  0.489317      97.799        2.0        2.0      0.024        374.8897  1.022190      1.000000
    318   1      2   4   4     4  0.214527  0.489329      97.932      136.5      138.7      1.798      12543.9492  1.021156      1.000000
    319   1      4   3   4     4  0.218552  0.489418      98.858      118.5      125.5      1.526      10944.3271  1.014060      1.000000
    320   1      0   3   6     4  0.218764  0.489422      98.906      134.5      140.9      1.390      12424.0537  1.013695      1.000000
    321   1     -4   4   4     4  0.219470  0.489438      99.066      125.8      130.5      0.921      11653.7236  1.012485      1.000000
    322   1      5   2   4     4  0.219757  0.489444      99.131      147.3      157.2      0.967      13659.0039  1.011997      1.000000
    323   1     -8   0   2     2  0.220136  0.489452      99.217       12.9       13.8      0.083       2396.7920  1.011353      1.000000
    324   1      3   1   6     4  0.220209  0.489453      99.233      221.0      235.3      1.440      20547.9668  1.011230      1.000000
    325   1      5   3   3     4  0.220341  0.489456      99.263        1.5        1.6      0.010        138.7196  1.011006      1.000000
    326   1     -6   0   6     2  0.221252  0.489476      99.468       21.6       22.6      0.192       4059.4529  1.009473      1.000000
    327   1     -3   5   1     4  0.221738  0.489486      99.577        0.8        0.8      0.006         75.1407  1.008663      1.000000
    328   1     -1   4   5     4  0.222081  0.489494      99.653        9.4        9.2      0.070        895.9365  1.008093      1.000000
    329   1     -5   2   6     4  0.222254  0.489497      99.692      160.4      154.0      1.168      15330.2314  1.007807      1.000000
    330   1     -5   3   5     4  0.222343  0.489499      99.712        0.2        0.2      0.001         16.1393  1.007660      1.000000
    331   1      7   2   1     4  0.222425  0.489501      99.730        0.6        0.6      0.005         60.1408  1.007523      1.000000
    332   1     -3   3   6     4  0.222553  0.489504      99.759      186.5      179.2      1.504      18038.1816  1.007312      1.000000
    333   1      3   5   0     4  0.222737  0.489508      99.800        2.6        2.5      0.023        251.0637  1.007008      1.000000

     -----------------------------------------------------
     BRAGG R-Factors and weight fractions for Pattern #  1
     -----------------------------------------------------

 => Phase:  1      #(C) 2021 by FIZ Karlsruhe - Leibniz Institute for Information Infrastructure.  All rights reserved.
 => Bragg R-factor:   6.12       Vol:  323.659( 0.006)  Fract(%):  100.00( 0.24)
 => Rf-factor=  5.22             ATZ:        1095.733   Brindley:  1.0000

     -----------------------------------------------------------------
      SYMBOLIC NAMES AND FINAL VALUES AND SIGMA OF REFINED PARAMETERS:
     -----------------------------------------------------------------

      ->  Parameter number    1 :                                          Zero_pat1   -0.42143285E-01( +/-    0.53761963E-03 )
      ->  Parameter number    2 :                                     Scale_ph1_pat1    0.20381918E-02( +/-    0.35189773E-05 )
      ->  Parameter number    3 :                                    Cell_A_ph1_pat1     8.1054344    ( +/-    0.86679662E-04 )
      ->  Parameter number    4 :                                    Cell_B_ph1_pat1     5.4466004    ( +/-    0.60723487E-04 )
      ->  Parameter number    5 :                                    Cell_C_ph1_pat1     7.5008869    ( +/-    0.78352081E-04 )
      ->  Parameter number    6 :                                    Cell_E_ph1_pat1     102.20404    ( +/-    0.63655432E-03 )
      ->  Parameter number    7 :                                    U-Cagl_ph1_pat1    0.52382596E-01( +/-    0.14755877E-02 )
      ->  Parameter number    8 :                                    W-Cagl_ph1_pat1    0.10468649E-01( +/-    0.18736359E-03 )
      ->  Parameter number    9 :                                    V-Cagl_ph1_pat1   -0.29247167E-01( +/-    0.10647788E-02 )
      ->  Parameter number   10 :                                     EtaPV_ph1_pat1    0.47998315    ( +/-    0.11901223E-01 )
      ->  Parameter number   11 :                                     X-tan_ph1_pat1    0.95434902E-04( +/-    0.34468842E-03 )
      ->  Parameter number   12 :                                     Asym1_ph1_pat1    0.62469221E-02( +/-    0.29548227E-02 )
      ->  Parameter number   13 :                                     Asym2_ph1_pat1    0.46323179E-02( +/-    0.69971837E-03 )
      ->  Parameter number   14 :                                          X_Na1_ph1    0.38017499    ( +/-    0.62234304E-03 )
      ->  Parameter number   15 :                                          Y_Na1_ph1    0.78454238    ( +/-    0.15068292E-02 )
      ->  Parameter number   16 :                                          Z_Na1_ph1    0.10550664    ( +/-    0.72205509E-03 )
      ->  Parameter number   17 :                                          X_Ta1_ph1    0.15925539    ( +/-    0.98217628E-04 )
      ->  Parameter number   18 :                                          Y_Ta1_ph1    0.25857919    ( +/-    0.37590496E-03 )
      ->  Parameter number   19 :                                          Z_Ta1_ph1    0.29741067    ( +/-    0.12302508E-03 )
      ->  Parameter number   20 :                                           X_O1_ph1    0.21326144    ( +/-    0.11069187E-02 )
      ->  Parameter number   21 :                                           Y_O1_ph1    0.14849070    ( +/-    0.13276516E-02 )
      ->  Parameter number   22 :                                           Z_O1_ph1    0.53307403E-01( +/-    0.15045478E-02 )
      ->  Parameter number   23 :                                           X_O2_ph1    0.66650987E-01( +/-    0.12198719E-02 )
      ->  Parameter number   24 :                                           Y_O2_ph1    0.56023550    ( +/-    0.17134479E-02 )
      ->  Parameter number   25 :                                           Z_O2_ph1    0.22003719    ( +/-    0.14857801E-02 )
      ->  Parameter number   26 :                                           X_F1_ph1    0.37765715    ( +/-    0.11952303E-02 )
      ->  Parameter number   27 :                                           Y_F1_ph1    0.47670928    ( +/-    0.17095205E-02 )
      ->  Parameter number   28 :                                           Z_F1_ph1    0.30619448    ( +/-    0.14256088E-02 )
      ->  Parameter number   29 :                                           X_F2_ph1    0.34292054    ( +/-    0.10950071E-02 )
      ->  Parameter number   30 :                                           Y_F2_ph1    0.99294692    ( +/-    0.15934126E-02 )
      ->  Parameter number   31 :                                           Z_F2_ph1    0.37997562    ( +/-    0.12725524E-02 )

 ------------------------------------------------------------------
 => Number of bytes for floating point variables: 4
 => Dimensions of dynamic allocated arrays in this run of FullProf:
 ------------------------------------------------------------------

 => Total approximate array memory (dynamic + static): 128536585 bytes

    MaxPOINT=    60000 Max.num. of points(+int. Inten.)/diffraction pattern       
    MaxREFLT=    20000 Max.num. of reflections/diffraction pattern               
    MaxPARAM=      300 Max.num. of refinable parameters                          
    MaxOVERL=    18096 Max.num. of overlapping reflections                       

 ----------------------------------------------------------
 => Number of bytes for floating point arrays: 4
 => Dimensions of fixed arrays in this release of FullProf:
 ----------------------------------------------------------

    NPATT   =       80 Max.num. of powder diffraction patterns                    
    NATS    =      830 Max.num. of atoms (all kind) in asymmetric unit            
    MPAR    =     1800 Max.num. of non atomic parameters/phase                    
    IEXCL   =       30 Max.num. of excluded regions                               
    IBACP   =      377 Max.num. of background points for interpolation            
    NPHT    =       16 Max.num. of phases                                         
    NMAGM   =        8 Max.num. of rotation-matrices sets for magnetic structure  
    NBASIS  =       12 Max.num. of basis functions associated to a single atom    
    NIREPS  =        9 Max.num. of irreducible representations to be combined     
    N_EQ    =      384 Max.num. of user-supplied symmetry operators/propagation vectors
    NGL     =      400 Max.num. of global parameters/diffraction pattern          
    N_LINC  =       50 Max.num. of global linear restraints                        
    NAT_P   =       80 Max.num. of atomic parameters per atom                     
    NCONST  =      500 Max.num. of slack constraints per phase                    
    N_SPE   =       30 Max.num. of different chemical species                     
    N_FORM  =       60 Max.num. of scattering factor values in a table            
    NPR     =      150 Max.num. of points defining a numerical profile            
    INPR    =       25 Max.num. of different numerical peak shapes                
    NPRC    =      150 Max.num. of terms in the table for correcting intensities  
    NSOL    =       10 Max.num. of solutions to be stored in Montecarlo searchs   

 
              CPU Time:     1.000 seconds
                            0.017 minutes

 => Run finished at:     Date: 07/02/2023  Time: 11:05:03.916                              
