

        **********************************************************
        ** PROGRAM FullProf.2k (Version 7.30 - Mar2020-ILL JRC) **
        **********************************************************
                       M U L T I -- P A T T E R N                 
            Rietveld, Profile Matching & Integrated Intensity     
                 Refinement of X-ray and/or Neutron Data


    Date: 03/02/2023  Time: 17:28:00.713                              

 => PCR file code: NaNbO2F2
 => DAT file code: NaNbO2F2.dat         -> Relative contribution: 1.0000                                                            

 ==> CONDITIONS OF THIS RUN FOR PATTERN No.:  1

 => Global Refinement of X-ray powder diffraction data                                                                              
 => Global Refinement of X-ray powder diffraction data                                                                              
    Bragg-Brentano(X-rays) or Debye-Scherrer geometry(Neutrons)
 => Title: #(C) 2021 by FIZ Karlsruhe - Leibniz Institute for Information Infrastructure.

 => Number of phases:    1
 => Number of excluded regions:    1
 => Number of scattering factors supplied:    0
 => Conventional weights: w=1.0/Variance(yobs)
 => Asymmetry correction as in J.Appl.Cryst. 26,128(1993)
 => Background linearly interpolated between the   23 points given
 => The    5th default profile function was selected
 => Pseudo-Voigt function (ETA variable)
                 X-parameter correspond to: ETA=ETA0+X*2theta
                       pV(x)= ETA*L(x)+(1-ETA)*G(x)

 ==> INPUT/OUTPUT OPTIONS:

 => Generate file *.PRF for plot
 => Output Integrated Intensities
 => Generate new input file *.PCR

 => X-Y type of data: 2theta/TOF/E(Kev) Intens sigma for pattern:  1
 => Plot pattern at each cycle
 => Wavelengths:  1.54056 1.54439
 => Alpha2/Alpha1 ratio:   0.5000
 => Cos(Monochromator angle)=   0.9100
 => Asymmetry correction for angles lower than   90.000 degrees
 => Absorption correction (AC), muR-eff =   0.0000  0.0000
 => Base of peaks: 2.0*HW*    8.00

 => Number of cycles:   33
 => Relaxation factors ==>    for coordinates:  1.00
 => for anisotropic temperature factors:  1.00
 => for halfwidth/strain/size parameters:  1.00
 => for lattice constants and propagation vectors:  1.00
 => EPS-value for convergence:    0.1
 => Background ==> 
    Position   Intensity
       10.10     7574.12        0.00
       11.96     7860.13        0.00
       13.37     8013.10        0.00
       15.57     7648.70        0.00
       18.29     7415.02        0.00
       20.67     7355.34        0.00
       25.41     7339.22        0.00
       30.33     7078.47        0.00
       35.53     6483.14        0.00
       38.29     6414.57        0.00
       42.16     6361.85        0.00
       45.35     6497.57        0.00
       53.82     6400.42        0.00
       62.47     6080.30        0.00
       66.96     5948.67        0.00
       75.12     5989.30        0.00
       78.18     5784.70        0.00
       82.04     5854.41        0.00
       86.20     5806.31        0.00
       90.63     5748.06        0.00

       94.33     5782.64        0.00
       96.80     5713.24        0.00
       99.94     5671.59        0.00

 

 => Excluded regions for Pattern#  1
    From     to
     14.0000     18.0000

 => Number of Least-Squares parameters varied:    32

 =>--------------------------->
 =>------->  PATTERN number:  1
 =>--------------------------->
 => Global parameters and codes ==>
 => Zero-point:     0.0030   11.0000
 => Displacement peak-shift parameter and code:     0.00    0.00
 => Transparency peak-shift parameter and code:     0.00    0.00

 => Reading Intensity data  =>>

 -> No recognizable heading in input data file X,Y,sigma
    First 6 lines are considered as COMMENTS (except for TSAMP keyword)
 -> COMMENT: 10.0116	7494.00000                                                                                                                  
 -> COMMENT: 10.0247	7600.00000                                                                                                                  
 -> COMMENT: 10.0379	7620.00000                                                                                                                  
 -> COMMENT: 10.0510	7581.00000                                                                                                                  
 -> COMMENT: 10.0641	7645.00000                                                                                                                  
 -> COMMENT: 10.0772	7766.00000                                                                                                                  
 ==> Angular range, step and number of points:
     2Thmin:      10.090400  2Thmax:      99.993401  Step:       0.013132  No. of points:   6848
 --------------------------------------------------------------------------------
 => Phase  No. 1
       #(C) 2021 by FIZ Karlsruhe - Leibniz Institute for Information Infras
 --------------------------------------------------------------------------------
 =>-------> Pattern#  1
 => Crystal Structure Refinement
 => Preferred orientation vector:   1.0000  0.0000  0.0000

 =>-------> Data for PHASE: 1
 => Number of atoms:    6
 => Number of distance  constraints:    0
 => Number of angle     constraints:    0

 => Symmetry information on space group: P 1 21/c 1          
 -> The multiplicity of the general position is:   4
 -> The space group is Centric (-1 at origin)   
 -> Lattice type  P: { 000 }                                       
 -> Reduced set of symmetry operators:

  No.  IT   Symmetry symbol    Rotation part     Associated Translation
   1: ( 1)   1            -->     ( x, y, z) + {  0.0000  0.0000  0.0000}
   2: ( 3)   2 ( 0, y, 0) -->     (-x, y,-z) + {  0.0000  0.5000  0.5000}


        Information on Space Group: 
        --------------------------- 

 =>   Number of Space group:  14
 =>  Hermann-Mauguin Symbol: P 1 21/c 1
 =>             Hall Symbol: -P 2ybc
 =>    Table Setting Choice: b1
 =>            Setting Type: IT (Generated from Hermann-Mauguin symbol)
 =>          Crystal System: Monoclinic
 =>              Laue Class: 2/m
 =>             Point Group: 2/m
 =>         Bravais Lattice: P
 =>          Lattice Symbol: mP
 =>  Reduced Number of S.O.:   2
 =>    General multiplicity:   4
 =>          Centrosymmetry: Centric (-1 at origin)
 =>  Generators (exc. -1&L):   1
 =>         Asymmetric unit:  0.000 <= x <=  1.000
                              0.000 <= y <=  0.250
                              0.000 <= z <=  1.000

 => List of S.O. without inversion and lattice centring translations
 => SYMM(  1): x,y,z                               => SYMM(  2): -x,y+1/2,-z+1/2


 => Initial parameters ==>
 Atom    Ntyp                  X         Y         Z         B         occ.         in  fin  Spc  Mult
                             B11       B22       B33       B12       B13       B23
 Na1    Na                 0.36980   0.78954   0.11723   1.12908   1.00000           0    0    0    4
                 Codes:  151.00000 161.00000 171.00000   0.00000   0.00000
 Nb1    Nb                 0.15535   0.25640   0.31761   1.31779   1.00000           0    0    0    4
                 Codes:  181.00000 191.00000 201.00000   0.00000   0.00000
 O1     O                  0.18202   0.16631   0.05712   1.45281   1.00000           0    0    0    4
                 Codes:  211.00000 221.00000 231.00000   0.00000   0.00000
 O2     O                  0.07026   0.58764   0.23567   1.45281   1.00000           0    0    0    4
                 Codes:  241.00000 251.00000 261.00000   0.00000   0.00000
 F1     F                  0.36528   0.42794   0.30710   1.79232   1.00000           0    0    0    4
                 Codes:  271.00000 281.00000 291.00000   0.00000   0.00000
 F2     F                  0.31658   0.97917   0.38079   1.79232   1.00000           0    0    0    4
                 Codes:  301.00000 311.00000 321.00000   0.00000   0.00000

 => IT IS ASSUMED THAT THE FIRST GIVEN SITE IS FULLY OCCUPIED 
    OR THE FIRST AND SECOND ATOMS ARE IN THE SAME SITE WITH TOTAL FULL OCCUPATION
  (If this is not the case, change the order of atoms to obtain correct values for the content of the unit cell)
    The given occupation factors have been obtained mutiplying m/M by   1.0000
      -> Atom: Na  ,  Chemical element: NA  Atomic Mass:    22.9898
      -> Atom: Nb  ,  Chemical element: NB  Atomic Mass:    92.9064
      -> Atom: O   ,  Chemical element: O   Atomic Mass:    15.9994
      -> Atom: O   ,  Chemical element: O   Atomic Mass:    15.9994
      -> Atom: F   ,  Chemical element: F   Atomic Mass:    18.9984
      -> Atom: F   ,  Chemical element: F   Atomic Mass:    18.9984
 => The given value of ATZ is        743.57 the program has calculated:         743.57
    The value of ATZ given in the input PCR file will be used for quantitative analysis
 => The chemical content of the unit cell is: 
       4.0000 Na   +   4.0000 Nb   +   4.0000 O    +   4.0000 O    +   4.0000 F    +   4.0000 F      
 => The normalized site occupation numbers in % are: 
     100.0000 Na1    :      100.0000 Nb1    :      100.0000 O1     :      100.0000 O2     :      100.0000 F1     :      100.0000 F2       
 => The density (volumic mass) of the compound is:    3.777 g/cm3

 =>-------> PROFILE PARAMETERS FOR PATTERN:  1

 => Overall scale factor:   0.644990E-02
 => ETA (p-Voigt) OR M (Pearson VII):   0.4339
 => Overall temperature factor:      0.00000
 => Halfwidth U,V,W:      0.03658    -0.01094     0.00630
 => X and Y parameters:       0.0028      0.0000
 => Direct cell parameters:    8.0479   5.4397   7.6411  90.0000 102.2081  90.0000
 => Preferred orientation parameters:  -0.3959  0.0000
 => Asymmetry parameters     :      0.02167     0.01300     0.00000     0.00000
 => Strain parameters        :      0.00000     0.00000     0.00000
 => Size   parameters        :      0.00000     0.00000

 ==> CODEWORDS FOR PROFILE PARAMETERS of PATTERN#  1

 => Overall scale factor:   21.000
 => ETA (p-Voigt) OR M (Pearson VII):  101.000
 => Overall temperature factor:    0.000
 => Halfwidth U,V,W:   71.000  91.000  81.000
 => X and Y parameters:  111.000   0.000
 => Direct cell parameters:   31.000  41.000  51.000   0.000  61.000   0.000
 => Preferred orientation parameters:  141.000   0.000
 => Asymmetry parameters     :  121.000 131.000   0.000   0.000
 => Strain parameters        :    0.000   0.000   0.000
 => Size   parameters        :    0.000   0.000

 => Cell constraints according to Laue symmetry: 2/m  

        Metric information:
        -------------------

 => Direct cell parameters:

         a =       8.0479      b =       5.4397      c =       7.6411
     alpha =       90.000   beta =      102.208  gamma =       90.000
                        Direct Cell Volume =     326.9484

 => Reciprocal cell parameters:

         a*=     0.127132      b*=     0.183832      c*=     0.133900
     alpha*=       90.000   beta*=       77.792  gamma*=       90.000
                    Reciprocal Cell Volume =   0.00305859

 => Direct and Reciprocal Metric Tensors:

                   GD                                       GR
     64.7681      0.0000    -13.0037          0.016162    0.000000    0.003600
      0.0000     29.5908      0.0000          0.000000    0.033794    0.000000
    -13.0037      0.0000     58.3859          0.003600    0.000000    0.017929

 =>  Cartesian frame: z // c; y is in the bc-plane; x is y ^ z = a*  

     Crystal_to_Orthonormal_Matrix              Orthonormal_to_Crystal Matrix
              Cr_Orth_cel                               Orth_Cr_cel  
      8.0479      0.0000     -1.6158          0.124257   -0.000000    0.026884
      0.0000      5.4397      0.0000          0.000000    0.183832   -0.000000
      0.0000      0.0000      7.4683          0.000000    0.000000    0.133900

     Busing-Levy B-matrix: Hc=B.H            Inverse of the Busing-Levy B-matrix
                BL_M                                      BL_Minv  
    0.127132    0.000000    0.028315            7.8659     -0.0000     -1.7018
    0.000000    0.183832   -0.000000            0.0000      5.4397      0.0000
    0.000000    0.000000    0.130872            0.0000      0.0000      7.6411

 => Laue symmetry 2/m   will be used to generate HKL for pattern#   1
 => Reflections generated between S(1/d)min:  0.1139 A-1 and S(1/d)max:  1.0110 A-1
 =>                                    dmax:  8.7808 A   and      dmin:  0.9892 A
 => The number of reflections generated is:    356
 => The max. scatt. variable (gen.ref.) is:       102.2884
 => Scattering coefficients from internal table


 => X-ray scattering coeff. (A1, B1, A2,...C, f(0), Z, Dfp,Dfpp)

 NA      4.7626   3.2850   3.1736   8.8422   1.2674   0.3136   1.1128 129.4240   0.6760  10.9924  11.0000   0.1290   0.1240
 NB     17.6142   1.1887  12.0144  11.7660   4.0418   0.2048   3.5335  69.7957   3.7559  40.9598  41.0000  -0.2480   2.4820
 O       3.0485  13.2771   2.2868   5.7011   1.5463   0.3239   0.8670  32.9089   0.2508   7.9994   8.0000   0.0470   0.0320
 F       3.5392  10.2825   2.6412   4.2944   1.5170   0.2615   1.0243  26.1476   0.2776   8.9993   9.0000   0.0690   0.0530

     --------------------------------------------------------------
      SYMBOLIC NAMES AND INITIAL VALUES OF PARAMETERS TO BE VARIED:
     --------------------------------------------------------------

      ->  Parameter number    1   -> Symbolic Name:                                          Zero_pat1    0.30199999E-02
      ->  Parameter number    2   -> Symbolic Name:                                     Scale_ph1_pat1    0.64499001E-02
      ->  Parameter number    3   -> Symbolic Name:                                    Cell_A_ph1_pat1     8.0478621    
      ->  Parameter number    4   -> Symbolic Name:                                    Cell_B_ph1_pat1     5.4397449    
      ->  Parameter number    5   -> Symbolic Name:                                    Cell_C_ph1_pat1     7.6410651    
      ->  Parameter number    6   -> Symbolic Name:                                    Cell_E_ph1_pat1     102.20805    
      ->  Parameter number    7   -> Symbolic Name:                                    U-Cagl_ph1_pat1    0.36580000E-01
      ->  Parameter number    8   -> Symbolic Name:                                    W-Cagl_ph1_pat1    0.62950002E-02
      ->  Parameter number    9   -> Symbolic Name:                                    V-Cagl_ph1_pat1   -0.10945000E-01
      ->  Parameter number   10   -> Symbolic Name:                                     EtaPV_ph1_pat1    0.43390000    
      ->  Parameter number   11   -> Symbolic Name:                                     X-tan_ph1_pat1    0.28480000E-02
      ->  Parameter number   12   -> Symbolic Name:                                     Asym1_ph1_pat1    0.21670001E-01
      ->  Parameter number   13   -> Symbolic Name:                                     Asym2_ph1_pat1    0.13000000E-01
      ->  Parameter number   14   -> Symbolic Name:                                       Or1_ph1_pat1   -0.39588001    
      ->  Parameter number   15   -> Symbolic Name:                                          X_Na1_ph1    0.36980000    
      ->  Parameter number   16   -> Symbolic Name:                                          Y_Na1_ph1    0.78953999    
      ->  Parameter number   17   -> Symbolic Name:                                          Z_Na1_ph1    0.11723000    
      ->  Parameter number   18   -> Symbolic Name:                                          X_Nb1_ph1    0.15535000    
      ->  Parameter number   19   -> Symbolic Name:                                          Y_Nb1_ph1    0.25639999    
      ->  Parameter number   20   -> Symbolic Name:                                          Z_Nb1_ph1    0.31761000    
      ->  Parameter number   21   -> Symbolic Name:                                           X_O1_ph1    0.18201999    
      ->  Parameter number   22   -> Symbolic Name:                                           Y_O1_ph1    0.16631000    
      ->  Parameter number   23   -> Symbolic Name:                                           Z_O1_ph1    0.57119999E-01
      ->  Parameter number   24   -> Symbolic Name:                                           X_O2_ph1    0.70260003E-01
      ->  Parameter number   25   -> Symbolic Name:                                           Y_O2_ph1    0.58763999    
      ->  Parameter number   26   -> Symbolic Name:                                           Z_O2_ph1    0.23567000    
      ->  Parameter number   27   -> Symbolic Name:                                           X_F1_ph1    0.36528000    
      ->  Parameter number   28   -> Symbolic Name:                                           Y_F1_ph1    0.42794001    
      ->  Parameter number   29   -> Symbolic Name:                                           Z_F1_ph1    0.30710000    
      ->  Parameter number   30   -> Symbolic Name:                                           X_F2_ph1    0.31658000    
      ->  Parameter number   31   -> Symbolic Name:                                           Y_F2_ph1    0.97917002    
      ->  Parameter number   32   -> Symbolic Name:                                           Z_F2_ph1    0.38079000    
  
 
 => No optimization for routine tasks
 ++++++++++++++++++++++++++++++++++++++++++++++++++++++++++++++++++++++++++++++++++++++++++++++++++++++++++++++++++++++++

 => CYCLE No.:    1
 ---------------------------------------------------------------------------------------
 => Phase  1 Name:  #(C) 2021 by FIZ Karlsruhe - Leibniz Institute for Information Infras
 ---------------------------------------------------------------------------------------
 => New parameters, shifts, and standard deviations

 Atom        x       dx      sx       y       dy      sy       z       dz      sz       B       dB      sB      occ.    docc.   socc.

 Na1      0.36980-0.00000 0.00047  0.78955 0.00001 0.00125  0.11723-0.00000 0.00064  1.12908 0.00000 0.00000  1.00000 0.00000 0.00000
 Nb1      0.15535-0.00000 0.00014  0.25640-0.00000 0.00058  0.31761-0.00000 0.00021  1.31779 0.00000 0.00000  1.00000 0.00000 0.00000
 O1       0.18202-0.00000 0.00087  0.16631-0.00000 0.00135  0.05711-0.00001 0.00143  1.45281 0.00000 0.00000  1.00000 0.00000 0.00000
 O2       0.07025-0.00001 0.00079  0.58759-0.00005 0.00168  0.23566-0.00001 0.00112  1.45281 0.00000 0.00000  1.00000 0.00000 0.00000
 F1       0.36528-0.00000 0.00076  0.42790-0.00004 0.00123  0.30711 0.00001 0.00101  1.79232 0.00000 0.00000  1.00000 0.00000 0.00000
 F2       0.31656-0.00002 0.00074  0.97914-0.00003 0.00111  0.38079-0.00000 0.00103  1.79232 0.00000 0.00000  1.00000 0.00000 0.00000

 ==> PROFILE PARAMETERS FOR PATTERN#  1

 => Overall scale factor:      0.006448818    -0.000001082     0.000027831
 => Eta(p-Voigt) or m(Pearson VII):   0.433722 -0.000178  0.013985
 => Overall tem. factor:     0.000000    0.000000    0.000000
 => Halfwidth parameters: 
         0.036574   -0.000006    0.001843
        -0.010958   -0.000013    0.001100
         0.006295    0.000000    0.000157
 => Cell parameters: 
        8.047864    0.000002    0.000108
        5.439746    0.000001    0.000094
        7.641066    0.000001    0.000113
       90.000000    0.000000    0.000000
      102.208061    0.000008    0.001004
       90.000000    0.000000    0.000000
 => Preferred orientation: 
        -0.395825    0.000055    0.003779
         0.000000    0.000000    0.000000
 => Asymmetry parameters: 
         0.021677    0.000007    0.003359
         0.012996   -0.000004    0.000662
         0.000000    0.000000    0.000000
         0.000000    0.000000    0.000000
 => X and Y parameters: 
         0.002838   -0.000010    0.000475
         0.000000    0.000000    0.000000
 => Strain parameters: 
         0.000000    0.000000    0.000000
         0.000000    0.000000    0.000000
         0.000000    0.000000    0.000000
 => Size   parameters (G,L): 
         0.000000    0.000000    0.000000
         0.000000    0.000000    0.000000

 ==> GLOBAL PARAMETERS FOR PATTERN#  1


 => Zero-point:     0.0030    0.0000    0.0007

 => Cos( theta)-shift parameter :   0.0000  0.0000  0.0000
 => Sin(2theta)-shift parameter :   0.0000  0.0000  0.0000

 ==> RELIABILITY FACTORS WITH ALL NON-EXCLUDED POINTS FOR PATTERN:  1

 => R-Factors:   2.34      3.38     Chi2:  8.57     DW-Stat.:  0.3885   Patt#:  1
 => Expected :            1.16                                1.9331
 => Deviance : 0.567E+05     Dev*:   8.710    
 => GoF-index:  2.9         Sqrt(Residual/N)
 => N-P+C:  6510

 =>    SumYdif       SumYobs      SumYcal      SumwYobsSQ     Residual    Condition
     0.1140E+07    0.4875E+08    0.4871E+08    0.4875E+08    0.5579E+05    0.8623E+10


 => Conventional Rietveld Rp,Rwp,Re and Chi2:   16.1      12.5      4.25      8.570    
 => (Values obtained using Ynet, but true sigma(y))
 =>  SumYnet, Sum(w Ynet**2):     0.7069E+07    0.3599E+07


 ==> RELIABILITY FACTORS FOR POINTS WITH BRAGG CONTRIBUTIONS FOR PATTERN:  1

 => R-Factors:   2.41      3.49     Chi2:  9.15     DW-Stat.:  0.4036   Patt#:
 => Expected :            1.16                                1.9301
 => Deviance : 0.546E+05     Dev*:   9.305    
 => GoF-index:  3.0         Sqrt(Residual/N)
 => N-P+C:  5871

 =>    SumYdif       SumYobs      SumYcal      SumwYobsSQ     Residual    Condition
     0.1060E+07    0.4400E+08    0.4395E+08    0.4400E+08    0.5371E+05    0.8623E+10


 => Conventional Rietveld Rp,Rwp,Re and Chi2:   15.0      12.2      4.04      9.149    
 => (Values obtained using Ynet, but true sigma(y))
 =>  SumYnet, Sum(w Ynet**2):     0.7080E+07    0.3597E+07


 => Global user-weigthed Chi2 (Bragg contrib.):   9.15    

 => ---------> Pattern#  1
 => Phase:  1
 =>    Bragg R-factor:  8.03    
 =>    RF-factor     :  7.96    


   Standard deviations have to be multiplied by: 3.3924
   (correlated residuals) See references:
  -J.F.Berar & P.Lelann, J. Appl. Cryst. 24, 1-5 (1991) 
  -J.F.Berar, Acc. in Pow. Diff. II,NIST Sp.Pub. 846, 63(1992) 

 ++++++++++++++++++++++++++++++++++++++++++++++++++++++++++++++++++++++++++++++++++++++++++++++++++++++++++++++++++++++++

 => CYCLE No.:    1
 =>  Convergence reached at this CYCLE !!!!
 =>  Parameter shifts set to zero
 ---------------------------------------------------------------------------------------
 => Phase  1 Name:  #(C) 2021 by FIZ Karlsruhe - Leibniz Institute for Information Infras
 ---------------------------------------------------------------------------------------
 => New parameters, shifts, and standard deviations

 Atom        x       dx      sx       y       dy      sy       z       dz      sz       B       dB      sB      occ.    docc.   socc.

 Na1      0.36980 0.00000 0.00047  0.78955 0.00000 0.00125  0.11723 0.00000 0.00064  1.12908 0.00000 0.00000  1.00000 0.00000 0.00000
 Nb1      0.15535 0.00000 0.00014  0.25640 0.00000 0.00058  0.31761 0.00000 0.00021  1.31779 0.00000 0.00000  1.00000 0.00000 0.00000
 O1       0.18202 0.00000 0.00087  0.16631 0.00000 0.00135  0.05711 0.00000 0.00143  1.45281 0.00000 0.00000  1.00000 0.00000 0.00000
 O2       0.07025 0.00000 0.00079  0.58759 0.00000 0.00168  0.23566 0.00000 0.00112  1.45281 0.00000 0.00000  1.00000 0.00000 0.00000
 F1       0.36528 0.00000 0.00076  0.42790 0.00000 0.00123  0.30711 0.00000 0.00101  1.79232 0.00000 0.00000  1.00000 0.00000 0.00000
 F2       0.31656 0.00000 0.00074  0.97914 0.00000 0.00111  0.38079 0.00000 0.00103  1.79232 0.00000 0.00000  1.00000 0.00000 0.00000

 ==> PROFILE PARAMETERS FOR PATTERN#  1

 => Overall scale factor:      0.006448818     0.000000000     0.000027831
 => Eta(p-Voigt) or m(Pearson VII):   0.433722  0.000000  0.013985
 => Overall tem. factor:     0.000000    0.000000    0.000000
 => Halfwidth parameters: 
         0.036574    0.000000    0.001843
        -0.010958    0.000000    0.001100
         0.006295    0.000000    0.000157
 => Cell parameters: 
        8.047864    0.000000    0.000108
        5.439746    0.000000    0.000094
        7.641066    0.000000    0.000113
       90.000000    0.000000    0.000000
      102.208061    0.000000    0.001004
       90.000000    0.000000    0.000000
 => Preferred orientation: 
        -0.395825    0.000000    0.003779
         0.000000    0.000000    0.000000
 => Asymmetry parameters: 
         0.021677    0.000000    0.003359
         0.012996    0.000000    0.000662
         0.000000    0.000000    0.000000
         0.000000    0.000000    0.000000
 => X and Y parameters: 
         0.002838    0.000000    0.000475
         0.000000    0.000000    0.000000
 => Strain parameters: 
         0.000000    0.000000    0.000000
         0.000000    0.000000    0.000000
         0.000000    0.000000    0.000000
 => Size   parameters (G,L): 
         0.000000    0.000000    0.000000
         0.000000    0.000000    0.000000

 ==> GLOBAL PARAMETERS FOR PATTERN#  1


 => Zero-point:     0.0030    0.0000    0.0007

 => Cos( theta)-shift parameter :   0.0000  0.0000  0.0000
 => Sin(2theta)-shift parameter :   0.0000  0.0000  0.0000

 ==> RELIABILITY FACTORS WITH ALL NON-EXCLUDED POINTS FOR PATTERN:  1

 => R-Factors:   2.34      3.38     Chi2:  8.57     DW-Stat.:  0.3885   Patt#:  1
 => Expected :            1.16                                1.9331
 => Deviance : 0.567E+05     Dev*:   8.710    
 => GoF-index:  2.9         Sqrt(Residual/N)
 => N-P+C:  6510

 =>    SumYdif       SumYobs      SumYcal      SumwYobsSQ     Residual    Condition
     0.1140E+07    0.4875E+08    0.4871E+08    0.4875E+08    0.5579E+05    0.8623E+10


 => Conventional Rietveld Rp,Rwp,Re and Chi2:   16.1      12.5      4.25      8.570    
 => (Values obtained using Ynet, but true sigma(y))
 =>  SumYnet, Sum(w Ynet**2):     0.7069E+07    0.3599E+07

 => N-sigma of the GoF:      431.900

 ==> RELIABILITY FACTORS FOR POINTS WITH BRAGG CONTRIBUTIONS FOR PATTERN:  1

 => R-Factors:   2.41      3.49     Chi2:  9.15     DW-Stat.:  0.4036   Patt#:
 => Expected :            1.16                                1.9301
 => Deviance : 0.546E+05     Dev*:   9.305    
 => GoF-index:  3.0         Sqrt(Residual/N)
 => N-P+C:  5871

 =>    SumYdif       SumYobs      SumYcal      SumwYobsSQ     Residual    Condition
     0.1060E+07    0.4400E+08    0.4395E+08    0.4400E+08    0.5371E+05    0.8623E+10


 => Conventional Rietveld Rp,Rwp,Re and Chi2:   15.0      12.2      4.04      9.149    
 => (Values obtained using Ynet, but true sigma(y))
 =>  SumYnet, Sum(w Ynet**2):     0.7080E+07    0.3597E+07

 => N-sigma of the GoF:      441.488

 => Global user-weigthed Chi2 (Bragg contrib.):   9.50    

 => ---------> Pattern#  1
 => Phase:  1
 =>    Bragg R-factor:  8.03    
 =>    RF-factor     :  7.96    

 --------------------------------------------------------------------------------------------------------------
 Pattern#  1 Phase No.:   1 Phase name:  #(C) 2021 by FIZ Karlsruhe - 
 --------------------------------------------------------------------------------------------------------------

   No.  Code     H   K   L  Mult      Hw      ETA/M    2theta/TOF     Icalc       Iobs      Sigma     StrFactor^2    d-hkl       CORR

      1   1      1   0   0     2  0.074647  0.465616      11.240     4825.6     4732.9      9.798       3879.4250  7.865870      1.000000
      2   1      1   1   0     4  0.074158  0.489985      19.827     7189.0     6994.1     10.810      13300.7705  4.474074      0.691266
      3   1      0   1   1     4  0.074200  0.490982      20.179       16.9       36.0      3.303         51.3011  4.396999      0.437044
      4   1     -1   1   1     4  0.074472  0.495801      21.877        3.3       58.6      5.736          8.8110  4.059328      0.588073
      5   1      2   0   0     2  0.074620  0.497822      22.589     1910.1     2016.4      8.460       6400.6001  3.932935      1.000000
      6   1      0   0   2     2  0.074922  0.501283      23.809     1707.8     1741.2      7.011      13250.1240  3.734136      0.482019
      7   1     -1   0   2     2  0.075005  0.502121      24.104     2567.4     2482.0      6.724      19382.7109  3.689051      0.508154
      8   1      1   1   1     4  0.075082  0.502876      24.370       23.2       21.3      2.813         65.9055  3.649411      0.690297
      9   1      2   1   0     4  0.076408  0.513095      27.972     7722.5     7575.5     11.133      23662.9062  3.187172      0.856301
     10   1     -2   1   1     4  0.076637  0.514536      28.479       33.1       29.1      0.748        115.1029  3.131516      0.783645
     11   1      1   0   2     2  0.076657  0.514658      28.522      102.1       94.7      1.742        803.4298  3.126866      0.694999
     12   1      0   1   2     4  0.076873  0.515955      28.979     2566.1     2692.0      6.981      15690.0000  3.078587      0.462544
     13   1     -1   1   2     4  0.076993  0.516655      29.226      229.4      256.3      1.704       1364.8193  3.053175      0.484032
     14   1     -2   0   2     2  0.077013  0.516771      29.267      524.3      642.5      3.564       4246.7915  3.048997      0.713168
     15   1      2   1   1     4  0.078725  0.525513      32.348       56.1        0.0      6.313        240.2093  2.765304      0.835463
     16   1      0   2   0     2  0.079074  0.527089      32.903      659.2      678.5      4.236      12995.4092  2.719873      0.376516
     17   1      1   1   2     4  0.079146  0.527407      33.015     1204.7     1166.7      4.346       6963.1138  2.710912      0.646687
     18   1     -2   1   2     4  0.079576  0.529264      33.669      855.7      847.1      5.085       5027.0474  2.659697      0.663840
     19   1      3   0   0     2  0.079915  0.530681      34.169      537.9      705.1      4.809       4331.7466  2.621957      1.000000
     20   1      1   2   0     4  0.080411  0.532682      34.874      552.9      559.7      5.511       4268.2534  2.570537      0.545185
     21   1      0   2   1     4  0.080563  0.533277      35.084       27.5       53.3      1.783        285.5808  2.555663      0.411151
     22   1     -1   2   1     4  0.081344  0.536247      36.130       24.5       34.1      3.610        222.4957  2.483989      0.500217
     23   1      2   0   2     2  0.081619  0.537255      36.486      503.0      350.5      5.834       5668.5854  2.460608      0.823774
     24   1     -3   0   2     2  0.082416  0.540083      37.482      174.9      110.2      3.475       2066.4541  2.397440      0.833458
     25   1     -3   1   1     4  0.082563  0.540591      37.661      444.2      444.2      3.594       2512.0144  2.386458      0.879828
     26   1      1   2   1     4  0.082644  0.540869      37.759      347.5      318.3      2.841       3051.8516  2.380494      0.569924
     27   1      3   1   0     4  0.082902  0.541744      38.068        1.9        4.2      0.696         10.6009  2.361909      0.923245
     28   1     -1   1   3     4  0.083886  0.544978      39.207      264.7      312.9      7.149       3398.6685  2.295844      0.423216
     29   1      0   1   3     4  0.084407  0.546627      39.788        1.2        2.8      0.862         14.6299  2.263645      0.471906
     30   1      2   1   2     4  0.084776  0.547768      40.190       45.8       88.2      2.386        338.8379  2.241915      0.776383
     31   1      2   2   0     4  0.084860  0.548028      40.282      192.1      337.2      3.953       1603.1287  2.237037      0.691266
     32   1     -2   2   1     4  0.085206  0.549077      40.652        0.5        0.4      0.151          4.9041  2.217534      0.648478
     33   1      0   2   2     4  0.085554  0.550120      41.019      170.1      157.4      2.569       2336.7378  2.198500      0.437044
     34   1     -3   1   2     4  0.085642  0.550380      41.111      538.2      489.1      3.750       4126.2080  2.193825      0.787037
     35   1     -1   2   2     4  0.085729  0.550638      41.202      265.6      254.4      2.105       3561.2195  2.189189      0.452225
     36   1     -2   1   3     4  0.086525  0.552949      42.016       18.4       15.7      3.335        206.2105  2.148626      0.566321
     37   1      3   1   1     4  0.086744  0.553574      42.236       25.8        8.0      3.868        182.7800  2.137927      0.904533
     38   1      2   2   1     4  0.088114  0.557363      43.572      105.1       90.4      4.987       1026.8715  2.075445      0.702679
     39   1      1   1   3     4  0.088193  0.557577      43.647       77.1       57.9      2.400        869.6262  2.072045      0.610851
     40   1      1   2   2     4  0.088666  0.558840      44.092       29.6       15.7      2.709        363.3975  2.052152      0.574023
     41   1     -2   2   2     4  0.089221  0.560300      44.607      741.7      742.3      6.582       9120.5430  2.029664      0.588073
     42   1      4   0   0     2  0.090914  0.564599      46.122     1168.1     1308.6      8.003      18200.1934  1.966467      1.000000
     43   1      3   0   2     2  0.091106  0.565073      46.289      114.4      111.8      1.193       2016.3616  1.959749      0.891500
     44   1     -4   0   2     2  0.092455  0.568337      47.439      460.1      300.2      4.717       8515.2939  1.914879      0.896630
     45   1     -1   0   4     2  0.092621  0.568733      47.578      520.0      490.2      3.271      22325.3730  1.909596      0.389021
     46   1     -3   1   3     4  0.092797  0.569148      47.725       11.3       11.4      0.155        138.4596  1.904075      0.688485
     47   1     -3   2   1     4  0.092924  0.569447      47.830        9.1        9.6      0.376        101.3135  1.900132      0.758611
     48   1      3   2   0     4  0.093332  0.570400      48.166     1389.8     1547.3      6.090      15063.1533  1.887670      0.792205
     49   1     -4   1   1     4  0.093430  0.570629      48.247       27.4       31.5      0.148        254.3754  1.884698      0.926450
     50   1      0   0   4     2  0.094028  0.572005      48.732       43.3      123.8      2.330       1583.8224  1.867068      0.482019
     51   1     -1   2   3     4  0.094505  0.573090      49.114        2.5        3.8      0.074         54.2860  1.853430      0.414006
     52   1      4   1   0     4  0.094651  0.573418      49.230     1029.2     1138.1      5.516       9731.6367  1.849339      0.953481
     53   1     -2   0   4     2  0.094823  0.573807      49.367      334.3      341.9      1.584      11934.7441  1.844525      0.508154
     54   1      3   1   2     4  0.094852  0.573870      49.389       86.1       86.2      0.467        915.5473  1.843748      0.854292
     55   1      0   2   3     4  0.095120  0.574472      49.601        1.9        1.6      0.069         38.6639  1.836364      0.453070
     56   1      2   2   2     4  0.095553  0.575432      49.939     1458.9     1437.3      5.970      19672.5293  1.824705      0.690297
     57   1      2   1   3     4  0.095858  0.576102      50.176        0.8        0.9      0.023         10.7512  1.816673      0.722120
     58   1     -4   1   2     4  0.096261  0.576982      50.486      167.9      138.4      2.966       1861.7051  1.806236      0.860545
     59   1     -1   1   4     4  0.096434  0.577360      50.619      119.0      135.4      1.501       2940.2517  1.801800      0.388310
     60   1     -3   2   2     4  0.096565  0.577643      50.718      304.1      344.3      3.040       4179.8779  1.798494      0.701132

   No.  Code     H   K   L  Mult      Hw      ETA/M    2theta/TOF     Icalc       Iobs      Sigma     StrFactor^2    d-hkl       CORR

     61   1     -2   2   3     4  0.097589  0.579833      51.490       15.8        9.4      1.006        296.2751  1.773337      0.530290
     62   1      3   2   1     4  0.097843  0.580368      51.679       34.1       32.1      0.293        431.0371  1.767308      0.795075
     63   1      1   3   0     4  0.097860  0.580403      51.691      231.3      224.9      1.744       4756.5986  1.766909      0.489026
     64   1      0   1   4     4  0.097901  0.580489      51.722      686.2      687.6      4.358      14519.8281  1.765945      0.475966
     65   1      0   3   1     4  0.098066  0.580837      51.844       76.4       79.8      0.623       1932.1230  1.762056      0.400234
     66   1     -2   1   4     4  0.098728  0.582216      52.330        0.2        0.1      0.051          3.6337  1.746834      0.500677
     67   1     -1   3   1     4  0.099121  0.583025      52.615        3.1        1.6      0.202         70.9605  1.738039      0.461200
     68   1      1   0   4     2  0.099214  0.583216      52.682      179.0      133.8      4.645       6285.8999  1.735979      0.597641
     69   1      1   2   3     4  0.099507  0.583815      52.893        6.3        0.1      0.671        116.8694  1.729545      0.568048
     70   1      4   1   1     4  0.100080  0.584978      53.303        4.5        0.0      2.662         52.0005  1.717210      0.939240
     71   1      1   3   1     4  0.100837  0.586493      53.837        0.0        0.0      0.289          1.0596  1.701430      0.510552
     72   1     -3   0   4     2  0.100896  0.586612      53.879        0.9        0.0      3.598         31.7718  1.700209      0.620781
     73   1      1   1   4     4  0.103286  0.591265      55.519      230.9      209.3      5.531       4649.9204  1.653806      0.585974
     74   1     -4   1   3     4  0.103500  0.591673      55.663       92.4       86.5      1.158       1410.1663  1.649880      0.777662
     75   1      2   3   0     4  0.103677  0.592008      55.781      856.2      790.6      4.800      17057.5977  1.646667      0.598457
     76   1     -2   3   1     4  0.104112  0.592830      56.071       50.5       60.2      1.435       1068.8815  1.638841      0.570072
     77   1      0   3   2     4  0.104549  0.593651      56.360      239.2      330.1      3.521       6933.3677  1.631113      0.420993
     78   1     -3   2   3     4  0.104716  0.593962      56.469        8.9       11.6      0.164        171.3041  1.628210      0.637136
     79   1     -1   3   2     4  0.104768  0.594060      56.504       13.6       17.6      0.230        385.4364  1.627300      0.432131
     80   1     -3   1   4     4  0.105029  0.594545      56.675      557.4      566.7      4.132      11321.8740  1.622791      0.608269
     81   1     -4   2   1     4  0.105425  0.595278      56.933       65.7       70.1      1.770        986.2521  1.616044      0.831632
     82   1      4   0   2     2  0.106051  0.596427      57.338       31.9       20.0      2.429        871.3163  1.605588      0.928234
     83   1      4   2   0     4  0.106789  0.597768      57.811      402.3      478.0      4.521       6064.7637  1.593586      0.856301
     84   1      3   2   2     4  0.107013  0.598172      57.953      288.0      384.3      2.494       4817.7881  1.590004      0.776017
     85   1      2   3   1     4  0.107719  0.599438      58.399        1.1        1.2      0.118         23.4385  1.578918      0.614905
     86   1     -5   0   2     2  0.108057  0.600039      58.611      150.8      169.3      2.832       4311.0063  1.573714      0.931132
     87   1      5   0   0     2  0.108093  0.600102      58.633       26.5       30.4      0.460        705.2539  1.573174      1.000000
     88   1      2   2   3     4  0.108134  0.600175      58.659        6.8        8.0      0.121        135.1582  1.572542      0.668735
     89   1      3   1   3     4  0.108265  0.600407      58.741       13.2       14.9      0.200        220.4765  1.570548      0.800870
     90   1      1   3   2     4  0.108394  0.600636      58.821      237.9      264.6      2.112       6093.3960  1.568589      0.523619
     91   1     -4   2   2     4  0.108582  0.600967      58.938      540.5      517.0      2.983       9293.8252  1.565758      0.783645
     92   1      2   0   4     2  0.108738  0.601241      59.034       66.4       67.9      0.413       2581.9324  1.563433      0.694999
     93   1     -1   2   4     4  0.108776  0.601308      59.058      176.2      176.6      1.104       6166.1167  1.562866      0.386735
     94   1     -2   3   2     4  0.109072  0.601826      59.241      463.7      447.3      3.148      11819.9531  1.558478      0.534617
     95   1     -5   1   1     4  0.110112  0.603632      59.877       20.4       15.7      0.669        299.3987  1.543425      0.951135
     96   1      4   1   2     4  0.110360  0.604060      60.028      846.4      723.2      5.205      13187.3438  1.539911      0.900325
     97   1      0   2   4     4  0.110404  0.604135      60.054       17.6       15.2      0.107        532.9250  1.539293      0.462544
     98   1     -2   2   4     4  0.111322  0.605702      60.606      252.7      306.5      3.682       7477.3257  1.526588      0.484032
     99   1     -4   0   4     2  0.111476  0.605962      60.698       61.7       68.8      0.992       2487.3601  1.524498      0.713168
    100   1     -5   1   2     4  0.112433  0.607573      61.266      476.8      569.2      3.029       7734.1123  1.511724      0.904087
    101   1      5   1   0     4  0.112470  0.607634      61.288      510.4      612.2      2.952       7729.5259  1.511245      0.969112
    102   1      4   2   1     4  0.112819  0.608216      61.493        8.5        9.8      0.098        147.6531  1.506697      0.855197
    103   1      2   1   4     4  0.113136  0.608743      61.678      282.3      214.1      3.694       6170.8584  1.502604      0.680671
    104   1     -3   3   1     4  0.113538  0.609408      61.913        3.6        2.1      0.180         80.7288  1.497481      0.665780
    105   1      3   3   0     4  0.114026  0.610209      62.195        4.9        2.8      1.305        107.5460  1.491358      0.691266
    106   1     -1   3   3     4  0.115426  0.612483      62.996        6.6        8.8      1.345        251.4094  1.474300      0.406194
    107   1     -1   1   5     4  0.115710  0.612941      63.158        7.8        8.7      0.633        315.2997  1.470924      0.386528
    108   1     -4   1   4     4  0.115964  0.613347      63.301      238.5      212.2      4.639       5371.8066  1.467941      0.698635
    109   1      0   3   3     4  0.116159  0.613658      63.410       10.0        9.3      0.197        362.4562  1.465667      0.437044
    110   1      1   2   4     4  0.116360  0.613980      63.524      222.9      209.6      2.848       6318.2021  1.463322      0.559401
    111   1     -4   2   3     4  0.116596  0.614356      63.656        4.4        3.5      0.081         97.5450  1.460600      0.723738
    112   1      2   3   2     4  0.116673  0.614478      63.699       71.7       54.6      1.321       1846.4231  1.459718      0.619526
    113   1     -2   1   5     4  0.117403  0.615631      64.105        1.5        0.7      0.279         52.5307  1.451443      0.456968
    114   1     -3   3   2     4  0.117874  0.616370      64.366      208.2      187.4      4.581       5396.0186  1.446195      0.629166
    115   1     -3   2   4     4  0.118283  0.617007      64.591       16.6       14.4      0.666        470.7015  1.441706      0.579538
    116   1      0   1   5     4  0.118408  0.617202      64.659        8.3        7.6      0.693        285.8531  1.440343      0.478026
    117   1     -2   3   3     4  0.119088  0.618255      65.030        6.3        6.1      1.915        212.0321  1.433018      0.498693
    118   1      3   3   1     4  0.119388  0.618717      65.193        0.9        1.4      0.265         21.6981  1.429831      0.702251
    119   1     -5   1   3     4  0.119677  0.619161      65.350       30.6       22.0      2.449        614.3945  1.426787      0.838565
    120   1      5   1   1     4  0.119754  0.619279      65.391       27.3       16.0      2.093        480.7056  1.425982      0.958400

   No.  Code     H   K   L  Mult      Hw      ETA/M    2theta/TOF     Icalc       Iobs      Sigma     StrFactor^2    d-hkl       CORR

    121   1      1   3   3     4  0.121354  0.621709      66.247        1.1        6.3      1.569         37.3233  1.409610      0.529558
    122   1      3   2   3     4  0.121849  0.622451      66.509       24.4       28.9      4.531        570.6979  1.404700      0.747940
    123   1      3   0   4     2  0.123535  0.624951      67.390       29.7       35.8      4.504       1385.8918  1.388459      0.769417
    124   1     -3   1   5     4  0.123645  0.625113      67.447        1.4        1.5      0.218         46.6511  1.387426      0.548547
    125   1     -5   2   1     4  0.123884  0.625463      67.570        1.3        1.0      0.183         25.9758  1.385193      0.878856
    126   1      4   2   2     4  0.124157  0.625863      67.711       28.9       23.7      3.178        625.8286  1.382652      0.835463
    127   1      1   1   5     4  0.125750  0.628170      68.524        1.8        4.9      0.732         60.2435  1.368218      0.568541
    128   1     -5   2   2     4  0.126441  0.629159      68.873       39.1       42.9      1.429        871.5375  1.362139      0.840690
    129   1      5   2   0     4  0.126482  0.629217      68.893       74.5       83.9      2.356       1558.6716  1.361789      0.896857
    130   1      4   1   3     4  0.126614  0.629405      68.960        0.1        0.2      0.003          2.7861  1.360641      0.854216
    131   1      0   4   0     2  0.126695  0.629521      69.000       81.2      108.7      2.010       8120.2183  1.359936      0.376516
    132   1      2   2   4     4  0.127216  0.630260      69.261      286.1      301.1      3.452       8391.3633  1.355456      0.646687
    133   1     -3   3   3     4  0.127492  0.630650      69.398        0.0        0.0      0.001          1.4395  1.353109      0.588073
    134   1     -5   0   4     2  0.127603  0.630806      69.453      250.2      239.9      2.236      12192.4336  1.352167      0.782825
    135   1      5   0   2     2  0.127725  0.630978      69.514       80.6       80.1      0.889       3243.0781  1.351140      0.949588
    136   1     -4   3   1     4  0.128327  0.631823      69.812       14.2       12.3      0.203        367.6180  1.346103      0.742144
    137   1      3   1   4     4  0.128420  0.631954      69.858      265.3      230.1      3.461       6779.4873  1.345327      0.754943
    138   1      1   4   0     4  0.129062  0.632848      70.173       18.1       20.2      1.049        766.9151  1.340056      0.460483
    139   1      0   4   1     4  0.129323  0.633210      70.301        3.3        5.0      0.368        164.3112  1.337935      0.394460
    140   1      4   3   0     4  0.129932  0.634052      70.597       82.2       97.8      3.160       2120.7095  1.333041      0.763347
    141   1     -1   2   5     4  0.130054  0.634220      70.656        1.1        1.4      0.040         58.0255  1.332065      0.385577
    142   1      3   3   2     4  0.130196  0.634415      70.725       40.7       51.5      1.323       1149.6768  1.330942      0.700418
    143   1     -4   2   4     4  0.130334  0.634604      70.792       38.6       48.4      1.236       1150.2025  1.329848      0.663840
    144   1     -6   0   2     2  0.130590  0.634956      70.916        4.8        6.6      0.268        199.7020  1.327831      0.951344
    145   1     -1   4   1     4  0.130654  0.635043      70.947        2.2        3.2      0.142        101.3073  1.327329      0.440411
    146   1      2   3   3     4  0.131515  0.636217      71.360        0.1        0.1      0.046          3.7751  1.320649      0.615995
    147   1     -2   2   5     4  0.131922  0.636767      71.554        0.6        0.9      0.098         28.9618  1.317545      0.449218
    148   1     -4   3   2     4  0.132043  0.636931      71.612       16.1       19.4      1.477        459.0788  1.316623      0.708205
    149   1     -1   3   4     4  0.132271  0.637238      71.720       49.7       57.3      2.280       2621.8164  1.314902      0.385105
    150   1     -5   1   4     4  0.132626  0.637716      71.889       36.9       42.1      0.761        979.8588  1.312235      0.768533
    151   1      5   1   2     4  0.132752  0.637885      71.948       72.1       86.0      1.011       1586.7233  1.311296      0.928527
    152   1      6   0   0     2  0.132795  0.637942      71.968      205.4      246.1      2.794       8398.3271  1.310978      1.000000
    153   1      1   4   1     4  0.132818  0.637973      71.979        8.5       10.2      0.116        362.3750  1.310807      0.477944
    154   1      0   2   5     4  0.133031  0.638259      72.080       19.8       24.0      0.388        865.5936  1.309226      0.468278
    155   1     -6   1   1     4  0.134091  0.639670      72.577        7.2        6.1      0.396        155.4889  1.301476      0.965436
    156   1      0   3   4     4  0.134189  0.639799      72.623       78.4       67.7      3.264       3631.4690  1.300771      0.448631
    157   1     -5   2   3     4  0.134432  0.640121      72.736        1.5        1.1      0.084         39.6572  1.299020      0.789048
    158   1      5   2   1     4  0.134517  0.640233      72.776        9.2        7.0      0.503        215.0242  1.298413      0.894240
    159   1     -4   1   5     4  0.135049  0.640934      73.022       24.9       17.9      1.719        827.9670  1.294631      0.632464
    160   1     -2   3   4     4  0.135270  0.641223      73.124        7.5        6.0      0.528        337.4993  1.293077      0.466701
    161   1     -6   1   2     4  0.135716  0.641807      73.330      247.1      220.2      4.211       5618.9326  1.289957      0.930897
    162   1      2   4   0     4  0.136396  0.642691      73.642       34.9       28.7      1.497       1366.9646  1.285269      0.545185
    163   1     -2   4   1     4  0.136944  0.643400      73.892       31.4       25.3      1.777       1286.7742  1.281537      0.524347
    164   1      4   3   1     4  0.137035  0.643518      73.933        3.3        2.8      0.215         92.9378  1.280921      0.769993
    165   1      0   4   2     4  0.137495  0.644110      74.142       39.8       61.2      1.536       2090.8494  1.277832      0.411151
    166   1     -1   4   2     4  0.137771  0.644464      74.266      124.1      168.4      2.658       6407.1562  1.275996      0.419802
    167   1      6   1   0     4  0.137999  0.644755      74.369       82.6      102.2      1.805       1835.1295  1.274489      0.978103
    168   1     -1   0   6     2  0.138434  0.645310      74.565        0.9        0.9      0.037         95.5989  1.271627      0.402399
    169   1      2   1   5     4  0.138473  0.645361      74.582        6.2        6.3      0.292        208.0181  1.271369      0.649848
    170   1     -3   2   5     4  0.138821  0.645803      74.738        8.4        5.9      1.063        347.4867  1.269104      0.532577
    171   1     -2   0   6     2  0.139268  0.646368      74.938       12.7        4.1      2.019       1305.5624  1.266222      0.428183
    172   1      1   2   5     4  0.141154  0.648733      75.771       11.3        2.4      0.909        459.3408  1.254353      0.550999
    173   1      1   3   4     4  0.141219  0.648815      75.800       58.3       19.7      3.834       2467.4797  1.253950      0.530947
    174   1      2   4   1     4  0.141494  0.649155      75.920       13.0        6.4      0.892        522.8459  1.252266      0.560602
    175   1     -4   3   3     4  0.141499  0.649161      75.922        0.7        0.4      0.050         24.5997  1.252236      0.666847
    176   1      4   2   3     4  0.142112  0.649920      76.189        0.3        0.1      0.038          7.5790  1.248508      0.806842
    177   1      1   4   2     4  0.142346  0.650208      76.291       12.6        7.9      1.555        582.1294  1.247094      0.491452
    178   1      0   0   6     2  0.142744  0.650698      76.463       25.4       28.7      1.836       2405.4465  1.244712      0.482019
    179   1     -6   1   3     4  0.143062  0.651087      76.601        2.4        2.5      0.117         61.6524  1.242821      0.879703
    180   1     -2   4   2     4  0.143202  0.651258      76.661       29.7       31.1      0.993       1361.6515  1.241995      0.500217

   No.  Code     H   K   L  Mult      Hw      ETA/M    2theta/TOF     Icalc       Iobs      Sigma     StrFactor^2    d-hkl       CORR

    181   1     -3   3   4     4  0.143496  0.651617      76.787      248.3      239.7      3.455      10397.8984  1.240267      0.548449
    182   1     -1   1   6     4  0.143842  0.652038      76.936      136.3      141.4      1.889       7818.6577  1.238244      0.401708
    183   1      3   2   4     4  0.144117  0.652372      77.053        2.3        2.3      0.046         74.2917  1.236645      0.719149
    184   1     -2   1   6     4  0.144706  0.653085      77.305       30.3       30.3      1.390       1648.1034  1.233252      0.426796
    185   1      4   0   4     2  0.145224  0.653709      77.524      130.3      129.2      2.685       7383.6489  1.230304      0.823774
    186   1     -3   0   6     2  0.145334  0.653840      77.571       81.5       79.9      1.705       7488.4668  1.229684      0.508154
    187   1      3   3   3     4  0.147731  0.656689      78.575        4.7        9.7      0.922        161.2420  1.216470      0.690297
    188   1      6   1   1     4  0.147898  0.656886      78.644        6.5       11.8      0.963        158.8823  1.215571      0.969897
    189   1      0   1   6     4  0.148314  0.657373      78.816       14.2       19.0      1.032        711.7492  1.213353      0.479198
    190   1     -5   2   4     4  0.148797  0.657938      79.015      241.5      236.1      4.108       7930.7441  1.210796      0.732888
    191   1     -3   4   1     4  0.148862  0.658013      79.041        9.8        9.5      0.157        389.7188  1.210454      0.603638
    192   1      5   2   2     4  0.148937  0.658101      79.072       45.9       45.6      0.778       1262.4738  1.210058      0.876226
    193   1      3   4   0     4  0.149481  0.658734      79.295       77.9       73.2      1.508       3023.5891  1.207214      0.623534
    194   1     -5   3   1     4  0.150155  0.659513      79.570        1.6        1.8      0.056         49.9703  1.203736      0.799945
    195   1     -6   2   1     4  0.150430  0.659830      79.682        7.3        7.7      0.147        196.5058  1.202329      0.909887
    196   1      4   3   2     4  0.150481  0.659889      79.702      170.2      178.0      3.202       5432.2856  1.202067      0.764345
    197   1      4   1   4     4  0.150889  0.660358      79.868       86.5       85.5      1.615       2609.8098  1.199995      0.810480
    198   1     -3   1   6     4  0.151003  0.660489      79.914        7.7        7.6      0.142        371.3623  1.199420      0.504672
    199   1     -6   0   4     2  0.151142  0.660648      79.970       26.5       27.0      0.592       1561.4266  1.198720      0.833458
    200   1     -1   4   3     4  0.151263  0.660786      80.019        1.6        1.6      0.044         95.3808  1.198112      0.400550
    201   1     -4   2   5     4  0.151500  0.661057      80.114        4.4        4.7      0.176        176.5956  1.196925      0.610721
    202   1      0   4   3     4  0.152197  0.661851      80.394        0.4        0.4      0.037         21.9828  1.193465      0.425463
    203   1     -6   2   2     4  0.152245  0.661905      80.413        1.5        1.6      0.144         43.0649  1.193229      0.879828
    204   1      1   0   6     2  0.152670  0.662386      80.582       41.9       42.9      1.267       3707.8030  1.191145      0.560562
    205   1      2   4   2     4  0.152854  0.662594      80.656      150.3      148.9      2.828       6548.8281  1.190247      0.569924
    206   1     -5   1   5     4  0.152893  0.662638      80.671        3.0        2.9      0.054        105.9958  1.190056      0.703660
    207   1      5   1   3     4  0.153085  0.662855      80.748        0.3        0.3      0.005          8.9359  1.189122      0.890364
    208   1     -5   3   2     4  0.153211  0.662997      80.798       64.9       60.2      1.031       2096.8445  1.188514      0.770357
    209   1      5   3   0     4  0.153259  0.663051      80.817       74.6       69.3      1.187       2272.8506  1.188281      0.816956
    210   1      2   3   4     4  0.154139  0.664038      81.164       34.3       35.5      1.044       1413.4973  1.184067      0.608294
    211   1     -3   4   2     4  0.154389  0.664317      81.263       62.9       60.4      1.704       2729.9058  1.182881      0.578129
    212   1      6   2   0     4  0.154798  0.664772      81.423      161.3      162.6      3.037       4397.3433  1.180954      0.923245
    213   1      2   2   5     4  0.155329  0.665362      81.631        2.7        3.2      0.094        107.6862  1.178471      0.627220
    214   1     -2   4   3     4  0.155942  0.666040      81.870       10.1       16.5      1.200        541.3475  1.175638      0.475465
    215   1      3   4   1     4  0.156327  0.666463      82.019        0.0        0.0      0.005          1.1561  1.173876      0.636069
    216   1     -6   1   4     4  0.157042  0.667247      82.295       91.8       94.2      3.874       2857.7673  1.170634      0.820502
    217   1     -4   0   6     2  0.157317  0.667547      82.401        1.3        1.6      0.070        117.7046  1.169400      0.585060
    218   1     -1   3   5     4  0.157545  0.667796      82.489       10.0       11.7      0.458        665.7018  1.168378      0.384458
    219   1     -4   3   4     4  0.157882  0.668162      82.618       62.5       56.3      2.172       2573.1660  1.166882      0.624023
    220   1      3   1   5     4  0.158071  0.668367      82.690        7.1        6.6      0.338        254.9562  1.166046      0.717898
    221   1      1   1   6     4  0.158633  0.668975      82.904       11.6       10.2      0.401        538.0488  1.163576      0.555874
    222   1      1   4   3     4  0.158854  0.669214      82.988       17.8       17.2      0.507        919.8553  1.162609      0.500812
    223   1      6   0   2     2  0.158877  0.669238      82.997      104.4      101.2      3.024       5601.8657  1.162511      0.962864
    224   1     -2   3   5     4  0.159795  0.670225      83.345        4.8        5.2      0.564        281.4536  1.158543      0.440104
    225   1     -6   2   3     4  0.160480  0.670956      83.602        2.9        3.3      0.914         90.0286  1.155627      0.836837
    226   1      0   3   5     4  0.161134  0.671650      83.847        3.5        0.8      1.326        202.8019  1.152875      0.456790
    227   1     -1   2   6     4  0.161357  0.671886      83.930        0.6        0.0      0.251         38.3679  1.151945      0.399926
    228   1     -2   2   6     4  0.162330  0.672912      84.292       24.5       26.6      3.021       1525.6755  1.147922      0.423216
    229   1     -5   3   3     4  0.162829  0.673435      84.476        0.7        0.7      0.052         25.6436  1.145888      0.731918
    230   1      5   3   1     4  0.162932  0.673543      84.514        0.9        0.9      0.048         27.8914  1.145471      0.820643
    231   1     -7   0   2     2  0.163071  0.673688      84.565       77.9       81.6      3.194       4278.2959  1.144909      0.963994
    232   1     -4   1   6     4  0.163475  0.674109      84.714       51.1       58.0      2.083       2335.5051  1.143281      0.579880
    233   1      6   1   2     4  0.165102  0.675793      85.307       25.5       24.3      3.280        721.3653  1.136840      0.946649
    234   1      6   2   1     4  0.165932  0.676644      85.607        7.9        6.2      0.849        230.5482  1.133622      0.920218
    235   1      0   2   6     4  0.166401  0.677123      85.776       50.4       34.6      3.145       2876.7146  1.131822      0.471906
    236   1     -3   4   3     4  0.166803  0.677532      85.920       11.3        5.7      0.911        552.0928  1.130295      0.549877
    237   1     -4   4   1     4  0.167892  0.678634      86.308       14.8       13.4      1.465        595.3868  1.126202      0.673412
    238   1     -3   3   5     4  0.168162  0.678907      86.404       15.2       17.1      1.303        802.7748  1.125196      0.513486
    239   1      7   0   0     2  0.168569  0.679315      86.548       16.3       22.2      1.125        887.0158  1.123696      1.000000
    240   1     -7   1   1     4  0.168825  0.679571      86.638        0.1        0.1      0.005          2.7531  1.122755      0.974359

   No.  Code     H   K   L  Mult      Hw      ETA/M    2theta/TOF     Icalc       Iobs      Sigma     StrFactor^2    d-hkl       CORR

    241   1      4   2   4     4  0.169317  0.680063      86.812      141.1      148.7      2.671       4954.7041  1.120957      0.776383
    242   1      2   0   6     2  0.169445  0.680191      86.857        1.3        1.4      0.023        112.7463  1.120493      0.632581
    243   1     -3   2   6     4  0.169446  0.680192      86.857       92.0       97.2      1.595       5062.9438  1.120488      0.495651
    244   1     -7   1   2     4  0.169481  0.680227      86.869        4.8        5.1      0.085        139.2505  1.120363      0.948214
    245   1      4   4   0     4  0.169991  0.680735      87.048       77.3       74.9      1.350       3057.4146  1.118519      0.691266
    246   1      3   4   2     4  0.170337  0.681078      87.169       65.6       64.3      1.392       2798.2756  1.117278      0.641268
    247   1      1   3   5     4  0.171013  0.681745      87.404        0.2        0.2      0.008          8.2868  1.114877      0.529908
    248   1     -5   2   5     4  0.171591  0.682313      87.605        6.4        6.7      0.587        261.1043  1.112842      0.679141
    249   1      5   2   3     4  0.171809  0.682528      87.680        6.0        6.6      0.506        193.8976  1.112079      0.849785
    250   1      2   4   3     4  0.172071  0.682784      87.770       14.5       16.7      0.981        694.9730  1.111168      0.573913
    251   1      4   3   3     4  0.172186  0.682897      87.810       15.9       18.2      0.988        582.8565  1.110767      0.750723
    252   1     -4   4   2     4  0.172765  0.683462      88.009       84.3      105.9      2.717       3592.0908  1.108767      0.648478
    253   1     -1   4   4     4  0.173065  0.683753      88.112       36.6       51.8      1.340       2640.1914  1.107739      0.383746
    254   1      3   3   4     4  0.174650  0.685284      88.652       96.5      107.2      3.306       3971.5586  1.102388      0.676257
    255   1      7   1   0     4  0.175230  0.685840      88.848       79.4       77.4      2.133       2250.7388  1.100462      0.983707
    256   1      0   4   4     4  0.175598  0.686192      88.972       14.0       14.4      0.408        892.0073  1.099250      0.437044
    257   1      2   1   6     4  0.176148  0.686715      89.156       67.4       65.5      1.634       3007.8682  1.097453      0.626613
    258   1     -6   2   4     4  0.176314  0.686873      89.212       23.5       21.9      0.581        834.6857  1.096913      0.787037
    259   1     -5   0   6     2  0.176807  0.687341      89.376       45.6       41.5      0.899       3909.8547  1.095317      0.654149
    260   1     -2   4   4     4  0.177032  0.687553      89.451       74.0       69.9      1.218       4587.3037  1.094594      0.452225
    261   1      5   0   4     2  0.177090  0.687608      89.471       90.7       85.8      1.521       5897.5024  1.094407      0.863008
    262   1     -7   1   3     4  0.177298  0.687804      89.540        5.9        5.4      0.124        182.8664  1.093744      0.907907
    263   1      3   2   5     4  0.177488  0.687983      89.603        2.9        2.5      0.071        115.7129  1.093135      0.693118
    264   1      1   2   6     4  0.178130  0.688587      89.815      122.7      120.0      2.776       6350.1782  1.091099      0.543649
    265   1      4   4   1     4  0.179380  0.689753      90.227        1.1        0.9      0.127         44.3667  1.087192      0.700848
    266   1     -6   1   5     4  0.179766  0.690111      90.353        4.8        5.0      0.915        176.4816  1.086002      0.761146
    267   1     -5   3   4     4  0.180433  0.690729      90.570        0.0        0.0      0.001          0.1356  1.083959      0.689637
    268   1      5   3   2     4  0.180607  0.690889      90.627       14.2       21.6      2.386        494.3188  1.083430      0.813225
    269   1     -6   3   1     4  0.182463  0.692589      91.226       28.1       37.7      1.944        948.5221  1.077871      0.842807
    270   1      1   5   0     4  0.182524  0.692645      91.246       29.5       39.5      1.944       1892.2019  1.077690      0.443375
    271   1      0   5   1     4  0.182900  0.692986      91.366        2.3        3.3      0.189        171.3169  1.076586      0.390923
    272   1     -4   2   6     4  0.183679  0.693691      91.614        9.1       10.5      0.334        460.5313  1.074313      0.566321
    273   1     -4   3   5     4  0.183796  0.693797      91.652        0.0        0.0      0.000          0.6415  1.073973      0.583942
    274   1     -5   1   6     4  0.183868  0.693861      91.674       87.5       96.3      2.788       3857.8340  1.073766      0.647906
    275   1      5   1   4     4  0.184165  0.694129      91.769        1.9        1.9      0.063         63.7714  1.072909      0.851339
    276   1     -6   3   2     4  0.184726  0.694633      91.946      132.5      121.9      2.466       4636.1533  1.071301      0.817780
    277   1     -1   5   1     4  0.184819  0.694716      91.975        1.6        1.5      0.029        110.0365  1.071037      0.427684
    278   1      1   4   4     4  0.184988  0.694868      92.029       43.3       40.5      0.770       2449.3281  1.070554      0.506665
    279   1     -4   4   3     4  0.185365  0.695204      92.147        0.1        0.1      0.001          3.2458  1.069487      0.619042
    280   1      6   2   2     4  0.185550  0.695369      92.206      161.4      142.8      2.531       5117.0840  1.068963      0.904533
    281   1     -2   1   7     4  0.185777  0.695572      92.277        9.6        8.5      0.175        678.7595  1.068324      0.405073
    282   1     -7   0   4     2  0.186008  0.695776      92.349       14.3       12.8      0.350        945.2849  1.067678      0.870013
    283   1     -1   1   7     4  0.186192  0.695940      92.407        0.6        0.5      0.016         38.2878  1.067163      0.412855
    284   1      4   1   5     4  0.187618  0.697199      92.851        2.1        1.6      0.165         78.4185  1.063223      0.772417
    285   1      6   3   0     4  0.187922  0.697467      92.945       56.9       42.7      3.390       1914.1096  1.062391      0.856301
    286   1      1   5   1     4  0.187956  0.697496      92.955        1.0        0.8      0.061         64.0708  1.062300      0.457777
    287   1     -3   4   4     4  0.188065  0.697592      92.989        2.1        1.6      0.136        115.1717  1.062002      0.521692
    288   1      2   3   5     4  0.188590  0.698052      93.151        1.2        0.8      0.112         56.9263  1.060581      0.599129
    289   1      7   1   1     4  0.189713  0.699029      93.495        4.5        3.4      0.546        134.3453  1.057578      0.977274
    290   1     -7   2   1     4  0.189845  0.699143      93.536        4.6        3.9      0.494        141.9468  1.057228      0.930896
    291   1     -7   2   2     4  0.190604  0.699799      93.767      145.5      138.1      4.708       4638.9429  1.055230      0.907065
    292   1      6   1   3     4  0.192531  0.701449      94.348        1.7        1.3      0.200         55.3235  1.050253      0.915336
    293   1     -3   1   7     4  0.192532  0.701450      94.349        0.1        0.0      0.007          3.5050  1.050250      0.471966
    294   1      2   5   0     4  0.193195  0.702013      94.547       51.3       53.3      2.076       2911.7554  1.048569      0.511717
    295   1     -7   1   4     4  0.193545  0.702309      94.651      110.9      116.8      3.121       3752.3665  1.047688      0.858707
    296   1      0   1   7     4  0.193840  0.702558      94.739        0.8        0.8      0.025         45.4841  1.046950      0.479925
    297   1      3   4   3     4  0.193841  0.702559      94.739        1.4        1.6      0.047         64.4670  1.046947      0.640551
    298   1     -2   5   1     4  0.194004  0.702696      94.788        9.1       10.4      0.329        535.2468  1.046540      0.495368
    299   1      0   5   2     4  0.194818  0.703381      95.029       43.1       55.5      1.646       3095.3359  1.044519      0.404715
    300   1     -6   3   3     4  0.195095  0.703613      95.111        0.6        0.8      0.033         23.1205  1.043839      0.783645

   No.  Code     H   K   L  Mult      Hw      ETA/M    2theta/TOF     Icalc       Iobs      Sigma     StrFactor^2    d-hkl       CORR

    301   1     -1   5   2     4  0.195226  0.703723      95.150        4.1        5.2      0.243        289.4819  1.043516      0.411741
    302   1      3   0   6     2  0.195728  0.704142      95.297       10.9       15.1      0.594        911.3506  1.042289      0.694999
    303   1     -1   3   6     4  0.196209  0.704542      95.438       64.1       88.9      2.701       4695.3198  1.041122      0.397644
    304   1     -5   4   1     4  0.197177  0.705344      95.721        0.3        0.4      0.011         12.2930  1.038796      0.731818
    305   1      7   2   0     4  0.197279  0.705428      95.751       78.7      101.1      2.745       2438.9595  1.038552      0.941044
    306   1     -2   3   6     4  0.197448  0.705568      95.800       16.5       21.2      0.651       1151.1683  1.038150      0.418633
    307   1      4   4   2     4  0.197628  0.705716      95.852        0.0        0.0      0.002          1.4835  1.037723      0.702679
    308   1      2   2   6     4  0.198349  0.706307      96.060        0.1        0.1      0.005          3.1773  1.036022      0.610851
    309   1     -7   2   3     4  0.199691  0.707402      96.446        2.5        3.2      0.757         83.0286  1.032900      0.871648
    310   1      2   5   1     4  0.200776  0.708281      96.756        7.7        8.0      1.270        426.5222  1.030417      0.525240
    311   1     -5   4   2     4  0.201417  0.708797      96.938       25.0       22.4      1.925       1030.7598  1.028966      0.708741
    312   1      5   4   0     4  0.201484  0.708851      96.957        1.4        1.3      0.102         56.1177  1.028815      0.747207
    313   1      6   3   1     4  0.202054  0.709309      97.118        0.0        0.0      0.001          0.5638  1.027537      0.858118
    314   1      1   5   2     4  0.202057  0.709311      97.119       68.3       62.1      2.757       4252.9897  1.027529      0.470092
    315   1     -6   2   5     4  0.202578  0.709727      97.265        1.1        0.9      0.037         42.6679  1.026372      0.736265
    316   1      0   3   6     4  0.202657  0.709790      97.288        2.4        2.0      0.082        154.5804  1.026196      0.462544
    317   1      2   4   4     4  0.202711  0.709833      97.303       50.8       40.7      1.684       2591.6533  1.026076      0.574023
    318   1     -2   5   2     4  0.203349  0.710340      97.482       42.4       32.6      1.217       2604.2534  1.024671      0.477284
    319   1      3   1   6     4  0.203808  0.710704      97.610       68.6       49.5      2.113       2919.7405  1.023667      0.688399
    320   1      7   0   2     2  0.206331  0.712686      98.308        1.2        1.4      0.089         70.9719  1.018255      0.971598
    321   1      4   3   4     4  0.206416  0.712752      98.331       15.4       18.4      1.054        617.3846  1.018077      0.733225
    322   1     -3   3   6     4  0.206583  0.712881      98.377       33.8       40.9      1.960       2048.4275  1.017725      0.484032
    323   1     -6   0   6     2  0.207248  0.713398      98.559       23.8       27.2      0.887       1957.6454  1.016332      0.713168
    324   1     -5   2   6     4  0.207396  0.713513      98.599       37.3       42.1      1.241       1734.8944  1.016024      0.631341
    325   1     -1   4   5     4  0.207496  0.713590      98.627        1.5        1.7      0.046        112.6192  1.015816      0.383416
    326   1     -4   1   7     4  0.207556  0.713636      98.643        0.0        0.0      0.001          1.2096  1.015692      0.538645
    327   1      5   2   4     4  0.207746  0.713783      98.695       61.5       68.3      1.947       2205.5703  1.015298      0.820510
    328   1     -4   4   4     4  0.207971  0.713957      98.756       11.4       12.3      0.424        571.1008  1.014832      0.588073
    329   1     -5   3   5     4  0.209363  0.715025      99.133        0.8        0.8      0.086         35.2351  1.011986      0.647831
    330   1      5   3   3     4  0.209646  0.715242      99.209        2.8        3.0      0.443        104.5869  1.011411      0.798373
    331   1     -2   2   7     4  0.209647  0.715242      99.209        0.1        0.1      0.019          8.8252  1.011410      0.403526
    332   1      1   1   7     4  0.209985  0.715500      99.300        4.4        4.5      0.979        243.3236  1.010730      0.546333
    333   1     -1   2   7     4  0.210136  0.715616      99.341        0.1        0.1      0.034          9.9040  1.010425      0.410882
    334   1     -2   4   5     4  0.210682  0.716030      99.487        0.8        0.5      0.277         58.4896  1.009333      0.431636
    335   1      4   2   5     4  0.211822  0.716891      99.790        1.1        1.9      0.398         48.1923  1.007078      0.747695
    336   1     -3   5   1     4  0.211993  0.717020      99.835        0.3        0.5      0.092         16.4135  1.006743      0.561519

     -----------------------------------------------------
     BRAGG R-Factors and weight fractions for Pattern #  1
     -----------------------------------------------------

 => Phase:  1      #(C) 2021 by FIZ Karlsruhe - Leibniz Institute for Information Infrastructure.  All rights reserved.
 => Bragg R-factor:   8.02       Vol:  326.949( 0.009)  Fract(%):  100.00( 0.61)
 => Rf-factor=  7.90             ATZ:         743.567   Brindley:  1.0000

     -----------------------------------------------------------------
      SYMBOLIC NAMES AND FINAL VALUES AND SIGMA OF REFINED PARAMETERS:
     -----------------------------------------------------------------

      ->  Parameter number    1 :                                          Zero_pat1    0.30303691E-02( +/-    0.65829407E-03 )
      ->  Parameter number    2 :                                     Scale_ph1_pat1    0.64488179E-02( +/-    0.27831138E-04 )
      ->  Parameter number    3 :                                    Cell_A_ph1_pat1     8.0478640    ( +/-    0.10756926E-03 )
      ->  Parameter number    4 :                                    Cell_B_ph1_pat1     5.4397459    ( +/-    0.94339433E-04 )
      ->  Parameter number    5 :                                    Cell_C_ph1_pat1     7.6410661    ( +/-    0.11254087E-03 )
      ->  Parameter number    6 :                                    Cell_E_ph1_pat1     102.20806    ( +/-    0.10043326E-02 )
      ->  Parameter number    7 :                                    U-Cagl_ph1_pat1    0.36574323E-01( +/-    0.18431299E-02 )
      ->  Parameter number    8 :                                    W-Cagl_ph1_pat1    0.62953276E-02( +/-    0.15652885E-03 )
      ->  Parameter number    9 :                                    V-Cagl_ph1_pat1   -0.10957847E-01( +/-    0.10999059E-02 )
      ->  Parameter number   10 :                                     EtaPV_ph1_pat1    0.43372175    ( +/-    0.13984884E-01 )
      ->  Parameter number   11 :                                     X-tan_ph1_pat1    0.28376493E-02( +/-    0.47478863E-03 )
      ->  Parameter number   12 :                                     Asym1_ph1_pat1    0.21676779E-01( +/-    0.33588333E-02 )
      ->  Parameter number   13 :                                     Asym2_ph1_pat1    0.12996170E-01( +/-    0.66185696E-03 )
      ->  Parameter number   14 :                                       Or1_ph1_pat1   -0.39582461    ( +/-    0.37787429E-02 )
      ->  Parameter number   15 :                                          X_Na1_ph1    0.36979604    ( +/-    0.46621307E-03 )
      ->  Parameter number   16 :                                          Y_Na1_ph1    0.78954756    ( +/-    0.12546896E-02 )
      ->  Parameter number   17 :                                          Z_Na1_ph1    0.11722679    ( +/-    0.64208545E-03 )
      ->  Parameter number   18 :                                          X_Nb1_ph1    0.15534820    ( +/-    0.13881583E-03 )
      ->  Parameter number   19 :                                          Y_Nb1_ph1    0.25639862    ( +/-    0.57973992E-03 )
      ->  Parameter number   20 :                                          Z_Nb1_ph1    0.31760836    ( +/-    0.20585622E-03 )
      ->  Parameter number   21 :                                           X_O1_ph1    0.18201646    ( +/-    0.86981535E-03 )
      ->  Parameter number   22 :                                           Y_O1_ph1    0.16630948    ( +/-    0.13523221E-02 )
      ->  Parameter number   23 :                                           Z_O1_ph1    0.57113480E-01( +/-    0.14277360E-02 )
      ->  Parameter number   24 :                                           X_O2_ph1    0.70249833E-01( +/-    0.78567903E-03 )
      ->  Parameter number   25 :                                           Y_O2_ph1    0.58759093    ( +/-    0.16761764E-02 )
      ->  Parameter number   26 :                                           Z_O2_ph1    0.23565741    ( +/-    0.11175848E-02 )
      ->  Parameter number   27 :                                           X_F1_ph1    0.36527535    ( +/-    0.76348410E-03 )
      ->  Parameter number   28 :                                           Y_F1_ph1    0.42790237    ( +/-    0.12276941E-02 )
      ->  Parameter number   29 :                                           Z_F1_ph1    0.30711025    ( +/-    0.10102073E-02 )
      ->  Parameter number   30 :                                           X_F2_ph1    0.31656450    ( +/-    0.74345258E-03 )
      ->  Parameter number   31 :                                           Y_F2_ph1    0.97914261    ( +/-    0.11131919E-02 )
      ->  Parameter number   32 :                                           Z_F2_ph1    0.38078699    ( +/-    0.10289111E-02 )

 ------------------------------------------------------------------
 => Number of bytes for floating point variables: 4
 => Dimensions of dynamic allocated arrays in this run of FullProf:
 ------------------------------------------------------------------

 => Total approximate array memory (dynamic + static): 128536585 bytes

    MaxPOINT=    60000 Max.num. of points(+int. Inten.)/diffraction pattern       
    MaxREFLT=    20000 Max.num. of reflections/diffraction pattern               
    MaxPARAM=      300 Max.num. of refinable parameters                          
    MaxOVERL=    18096 Max.num. of overlapping reflections                       

 ----------------------------------------------------------
 => Number of bytes for floating point arrays: 4
 => Dimensions of fixed arrays in this release of FullProf:
 ----------------------------------------------------------

    NPATT   =       80 Max.num. of powder diffraction patterns                    
    NATS    =      830 Max.num. of atoms (all kind) in asymmetric unit            
    MPAR    =     1800 Max.num. of non atomic parameters/phase                    
    IEXCL   =       30 Max.num. of excluded regions                               
    IBACP   =      377 Max.num. of background points for interpolation            
    NPHT    =       16 Max.num. of phases                                         
    NMAGM   =        8 Max.num. of rotation-matrices sets for magnetic structure  
    NBASIS  =       12 Max.num. of basis functions associated to a single atom    
    NIREPS  =        9 Max.num. of irreducible representations to be combined     
    N_EQ    =      384 Max.num. of user-supplied symmetry operators/propagation vectors
    NGL     =      400 Max.num. of global parameters/diffraction pattern          
    N_LINC  =       50 Max.num. of global linear restraints                        
    NAT_P   =       80 Max.num. of atomic parameters per atom                     
    NCONST  =      500 Max.num. of slack constraints per phase                    
    N_SPE   =       30 Max.num. of different chemical species                     
    N_FORM  =       60 Max.num. of scattering factor values in a table            
    NPR     =      150 Max.num. of points defining a numerical profile            
    INPR    =       25 Max.num. of different numerical peak shapes                
    NPRC    =      150 Max.num. of terms in the table for correcting intensities  
    NSOL    =       10 Max.num. of solutions to be stored in Montecarlo searchs   

 
              CPU Time:     1.062 seconds
                            0.018 minutes

 => Run finished at:     Date: 03/02/2023  Time: 17:28:01.798                              
