

        **********************************************************
        ** PROGRAM FullProf.2k (Version 7.30 - Mar2020-ILL JRC) **
        **********************************************************
                       M U L T I -- P A T T E R N                 
            Rietveld, Profile Matching & Integrated Intensity     
                 Refinement of X-ray and/or Neutron Data


    Date: 03/02/2023  Time: 16:18:23.280                              

 => PCR file code: NaNbO2F2
 => DAT file code: NaNbO2F2.dat         -> Relative contribution: 1.0000                                                            

 ==> CONDITIONS OF THIS RUN FOR PATTERN No.:  1

 => Global Refinement of X-ray powder diffraction data                                                                              
 => Global Refinement of X-ray powder diffraction data                                                                              
    Bragg-Brentano(X-rays) or Debye-Scherrer geometry(Neutrons)
 => Title:  #(C) 2021 by FIZ Karlsruhe - Leibniz Institute for Information Infrastructure.  All rights reserved.

 => Number of phases:    1
 => Number of excluded regions:    1
 => Number of scattering factors supplied:    0
 => Conventional weights: w=1.0/Variance(yobs)
 => Asymmetry correction as in J.Appl.Cryst. 26,128(1993)
 => Background linearly interpolated between the   23 points given
 => The    5th default profile function was selected
 => Pseudo-Voigt function (ETA variable)
                 X-parameter correspond to: ETA=ETA0+X*2theta
                       pV(x)= ETA*L(x)+(1-ETA)*G(x)

 ==> INPUT/OUTPUT OPTIONS:

 => Generate file *.PRF for plot
 => Output Integrated Intensities
 => Generate new input file *.PCR

 => X-Y type of data: 2theta/TOF/E(Kev) Intens sigma for pattern:  1
 => Plot pattern at each cycle
 => Wavelengths:  1.54056 1.54439
 => Alpha2/Alpha1 ratio:   0.5000
 => Cos(Monochromator angle)=   0.9100
 => Asymmetry correction for angles lower than   90.000 degrees
 => Absorption correction (AC), muR-eff =   0.0000  0.0000
 => Base of peaks: 2.0*HW*    8.00

 => Number of cycles:   33
 => Relaxation factors ==>    for coordinates:  1.00
 => for anisotropic temperature factors:  1.00
 => for halfwidth/strain/size parameters:  1.00
 => for lattice constants and propagation vectors:  1.00
 => EPS-value for convergence:    0.1
 => Background ==> 
    Position   Intensity
       10.14     7999.88        0.00
       11.98     8209.28        0.00
       13.57     8291.66        0.00
       15.62     7896.87        0.00
       18.43     7460.66        0.00
       21.04     7470.43        0.00
       25.54     7387.91        0.00
       30.95     7043.30        0.00
       35.82     6475.47        0.00
       38.82     6433.50        0.00
       43.00     6317.02        0.00
       45.57     6484.01        0.00
       54.52     6350.90        0.00
       62.59     6047.15        0.00
       67.36     5905.41        0.00
       75.54     5974.35        0.00
       78.39     5778.34        0.00
       82.50     5830.76        0.00
       86.55     5781.83        0.00
       90.71     5741.77        0.00

       94.84     5751.52        0.00
       96.92     5722.75        0.00
       99.84     5639.91        0.00

 

 => Excluded regions for Pattern#  1
    From     to
     14.0000     18.0000

 => Number of Least-Squares parameters varied:    32

 =>--------------------------->
 =>------->  PATTERN number:  1
 =>--------------------------->
 => Global parameters and codes ==>
 => Zero-point:    -0.0150   11.0000
 => Displacement peak-shift parameter and code:     0.00    0.00
 => Transparency peak-shift parameter and code:     0.00    0.00

 => Reading Intensity data  =>>

 -> No recognizable heading in input data file X,Y,sigma
    First 6 lines are considered as COMMENTS (except for TSAMP keyword)
 -> COMMENT: 10.0116	7951.00000                                                                                                                  
 -> COMMENT: 10.0247	8184.00000                                                                                                                  
 -> COMMENT: 10.0379	8428.00000                                                                                                                  
 -> COMMENT: 10.0510	8254.00000                                                                                                                  
 -> COMMENT: 10.0641	8254.00000                                                                                                                  
 -> COMMENT: 10.0772	8050.00000                                                                                                                  
 ==> Angular range, step and number of points:
     2Thmin:      10.090400  2Thmax:      99.993401  Step:       0.013132  No. of points:   6848
 --------------------------------------------------------------------------------
 => Phase  No. 1
       #(C) 2021 by FIZ Karlsruhe - Leibniz Institute for Information Infras
 --------------------------------------------------------------------------------
 =>-------> Pattern#  1
 => Crystal Structure Refinement
 => Preferred orientation vector:   1.0000  0.0000  0.0000

 =>-------> Data for PHASE: 1
 => Number of atoms:    6
 => Number of distance  constraints:    0
 => Number of angle     constraints:    0

 => Symmetry information on space group: P 1 21/c 1          
 -> The multiplicity of the general position is:   4
 -> The space group is Centric (-1 at origin)   
 -> Lattice type  P: { 000 }                                       
 -> Reduced set of symmetry operators:

  No.  IT   Symmetry symbol    Rotation part     Associated Translation
   1: ( 1)   1            -->     ( x, y, z) + {  0.0000  0.0000  0.0000}
   2: ( 3)   2 ( 0, y, 0) -->     (-x, y,-z) + {  0.0000  0.5000  0.5000}


        Information on Space Group: 
        --------------------------- 

 =>   Number of Space group:  14
 =>  Hermann-Mauguin Symbol: P 1 21/c 1
 =>             Hall Symbol: -P 2ybc
 =>    Table Setting Choice: b1
 =>            Setting Type: IT (Generated from Hermann-Mauguin symbol)
 =>          Crystal System: Monoclinic
 =>              Laue Class: 2/m
 =>             Point Group: 2/m
 =>         Bravais Lattice: P
 =>          Lattice Symbol: mP
 =>  Reduced Number of S.O.:   2
 =>    General multiplicity:   4
 =>          Centrosymmetry: Centric (-1 at origin)
 =>  Generators (exc. -1&L):   1
 =>         Asymmetric unit:  0.000 <= x <=  1.000
                              0.000 <= y <=  0.250
                              0.000 <= z <=  1.000

 => List of S.O. without inversion and lattice centring translations
 => SYMM(  1): x,y,z                               => SYMM(  2): -x,y+1/2,-z+1/2


 => Initial parameters ==>
 Atom    Ntyp                  X         Y         Z         B         occ.         in  fin  Spc  Mult
                             B11       B22       B33       B12       B13       B23
 Na1    Na                 0.36615   0.78624   0.11963   1.12908   1.00000           0    0    0    4
                 Codes:  151.00000 161.00000 171.00000   0.00000   0.00000
 Nb1    Nb                 0.15501   0.25681   0.31835   1.31779   1.00000           0    0    0    4
                 Codes:  181.00000 191.00000 201.00000   0.00000   0.00000
 O1     O                  0.18272   0.15533   0.06658   1.45281   1.00000           0    0    0    4
                 Codes:  211.00000 221.00000 231.00000   0.00000   0.00000
 O2     O                  0.07406   0.58803   0.23041   1.45281   1.00000           0    0    0    4
                 Codes:  241.00000 251.00000 261.00000   0.00000   0.00000
 F1     F                  0.36670   0.42711   0.30381   1.79232   1.00000           0    0    0    4
                 Codes:  271.00000 281.00000 291.00000   0.00000   0.00000
 F2     F                  0.31753   0.97759   0.38467   1.79232   1.00000           0    0    0    4
                 Codes:  301.00000 311.00000 321.00000   0.00000   0.00000

 => IT IS ASSUMED THAT THE FIRST GIVEN SITE IS FULLY OCCUPIED 
    OR THE FIRST AND SECOND ATOMS ARE IN THE SAME SITE WITH TOTAL FULL OCCUPATION
  (If this is not the case, change the order of atoms to obtain correct values for the content of the unit cell)
    The given occupation factors have been obtained mutiplying m/M by   1.0000
      -> Atom: Na  ,  Chemical element: NA  Atomic Mass:    22.9898
      -> Atom: Nb  ,  Chemical element: NB  Atomic Mass:    92.9064
      -> Atom: O   ,  Chemical element: O   Atomic Mass:    15.9994
      -> Atom: O   ,  Chemical element: O   Atomic Mass:    15.9994
      -> Atom: F   ,  Chemical element: F   Atomic Mass:    18.9984
      -> Atom: F   ,  Chemical element: F   Atomic Mass:    18.9984
 => The given value of ATZ is        743.57 the program has calculated:         743.57
    The value of ATZ given in the input PCR file will be used for quantitative analysis
 => The chemical content of the unit cell is: 
       4.0000 Na   +   4.0000 Nb   +   4.0000 O    +   4.0000 O    +   4.0000 F    +   4.0000 F      
 => The normalized site occupation numbers in % are: 
     100.0000 Na1    :      100.0000 Nb1    :      100.0000 O1     :      100.0000 O2     :      100.0000 F1     :      100.0000 F2       
 => The density (volumic mass) of the compound is:    3.814 g/cm3

 =>-------> PROFILE PARAMETERS FOR PATTERN:  1

 => Overall scale factor:   0.651480E-02
 => ETA (p-Voigt) OR M (Pearson VII):   0.4559
 => Overall temperature factor:      0.00000
 => Halfwidth U,V,W:      0.02877    -0.00964     0.00630
 => X and Y parameters:       0.0035      0.0000
 => Direct cell parameters:    8.0147   5.4151   7.6271  90.0000 101.9986  90.0000
 => Preferred orientation parameters:  -0.3948  0.0000
 => Asymmetry parameters     :      0.02812     0.01149     0.00000     0.00000
 => Strain parameters        :      0.00000     0.00000     0.00000
 => Size   parameters        :      0.00000     0.00000

 ==> CODEWORDS FOR PROFILE PARAMETERS of PATTERN#  1

 => Overall scale factor:   21.000
 => ETA (p-Voigt) OR M (Pearson VII):  101.000
 => Overall temperature factor:    0.000
 => Halfwidth U,V,W:   71.000  91.000  81.000
 => X and Y parameters:  111.000   0.000
 => Direct cell parameters:   31.000  41.000  51.000   0.000  61.000   0.000
 => Preferred orientation parameters:  141.000   0.000
 => Asymmetry parameters     :  121.000 131.000   0.000   0.000
 => Strain parameters        :    0.000   0.000   0.000
 => Size   parameters        :    0.000   0.000

 => Cell constraints according to Laue symmetry: 2/m  

        Metric information:
        -------------------

 => Direct cell parameters:

         a =       8.0147      b =       5.4151      c =       7.6271
     alpha =       90.000   beta =      101.999  gamma =       90.000
                        Direct Cell Volume =     323.7830

 => Reciprocal cell parameters:

         a*=     0.127557      b*=     0.184670      c*=     0.134041
     alpha*=       90.000   beta*=       78.001  gamma*=       90.000
                    Reciprocal Cell Volume =   0.00308849

 => Direct and Reciprocal Metric Tensors:

                   GD                                       GR
     64.2355      0.0000    -12.7079          0.016271    0.000000    0.003554
      0.0000     29.3228      0.0000          0.000000    0.034103    0.000000
    -12.7079      0.0000     58.1720          0.003554    0.000000    0.017967

 =>  Cartesian frame: z // c; y is in the bc-plane; x is y ^ z = a*  

     Crystal_to_Orthonormal_Matrix              Orthonormal_to_Crystal Matrix
              Cr_Orth_cel                               Orth_Cr_cel  
      8.0147      0.0000     -1.5856          0.124771   -0.000000    0.026518
      0.0000      5.4151      0.0000          0.000000    0.184670   -0.000000
      0.0000      0.0000      7.4604          0.000000    0.000000    0.134041

     Busing-Levy B-matrix: Hc=B.H            Inverse of the Busing-Levy B-matrix
                BL_M                                      BL_Minv  
    0.127557    0.000000    0.027865            7.8396     -0.0000     -1.6662
    0.000000    0.184670   -0.000000            0.0000      5.4151      0.0000
    0.000000    0.000000    0.131112            0.0000      0.0000      7.6271

 => Laue symmetry 2/m   will be used to generate HKL for pattern#   1
 => Reflections generated between S(1/d)min:  0.1139 A-1 and S(1/d)max:  1.0100 A-1
 =>                                    dmax:  8.7808 A   and      dmin:  0.9901 A
 => The number of reflections generated is:    353
 => The max. scatt. variable (gen.ref.) is:       102.1485
 => Scattering coefficients from internal table


 => X-ray scattering coeff. (A1, B1, A2,...C, f(0), Z, Dfp,Dfpp)

 NA      4.7626   3.2850   3.1736   8.8422   1.2674   0.3136   1.1128 129.4240   0.6760  10.9924  11.0000   0.1290   0.1240
 NB     17.6142   1.1887  12.0144  11.7660   4.0418   0.2048   3.5335  69.7957   3.7559  40.9598  41.0000  -0.2480   2.4820
 O       3.0485  13.2771   2.2868   5.7011   1.5463   0.3239   0.8670  32.9089   0.2508   7.9994   8.0000   0.0470   0.0320
 F       3.5392  10.2825   2.6412   4.2944   1.5170   0.2615   1.0243  26.1476   0.2776   8.9993   9.0000   0.0690   0.0530

     --------------------------------------------------------------
      SYMBOLIC NAMES AND INITIAL VALUES OF PARAMETERS TO BE VARIED:
     --------------------------------------------------------------

      ->  Parameter number    1   -> Symbolic Name:                                          Zero_pat1   -0.15030000E-01
      ->  Parameter number    2   -> Symbolic Name:                                     Scale_ph1_pat1    0.65147998E-02
      ->  Parameter number    3   -> Symbolic Name:                                    Cell_A_ph1_pat1     8.0147047    
      ->  Parameter number    4   -> Symbolic Name:                                    Cell_B_ph1_pat1     5.4150562    
      ->  Parameter number    5   -> Symbolic Name:                                    Cell_C_ph1_pat1     7.6270561    
      ->  Parameter number    6   -> Symbolic Name:                                    Cell_E_ph1_pat1     101.99860    
      ->  Parameter number    7   -> Symbolic Name:                                    U-Cagl_ph1_pat1    0.28774999E-01
      ->  Parameter number    8   -> Symbolic Name:                                    W-Cagl_ph1_pat1    0.63040000E-02
      ->  Parameter number    9   -> Symbolic Name:                                    V-Cagl_ph1_pat1   -0.96439999E-02
      ->  Parameter number   10   -> Symbolic Name:                                     EtaPV_ph1_pat1    0.45587000    
      ->  Parameter number   11   -> Symbolic Name:                                     X-tan_ph1_pat1    0.34960001E-02
      ->  Parameter number   12   -> Symbolic Name:                                     Asym1_ph1_pat1    0.28120000E-01
      ->  Parameter number   13   -> Symbolic Name:                                     Asym2_ph1_pat1    0.11490000E-01
      ->  Parameter number   14   -> Symbolic Name:                                       Or1_ph1_pat1   -0.39478001    
      ->  Parameter number   15   -> Symbolic Name:                                          X_Na1_ph1    0.36614999    
      ->  Parameter number   16   -> Symbolic Name:                                          Y_Na1_ph1    0.78623998    
      ->  Parameter number   17   -> Symbolic Name:                                          Z_Na1_ph1    0.11963000    
      ->  Parameter number   18   -> Symbolic Name:                                          X_Nb1_ph1    0.15501000    
      ->  Parameter number   19   -> Symbolic Name:                                          Y_Nb1_ph1    0.25681001    
      ->  Parameter number   20   -> Symbolic Name:                                          Z_Nb1_ph1    0.31834999    
      ->  Parameter number   21   -> Symbolic Name:                                           X_O1_ph1    0.18272001    
      ->  Parameter number   22   -> Symbolic Name:                                           Y_O1_ph1    0.15533000    
      ->  Parameter number   23   -> Symbolic Name:                                           Z_O1_ph1    0.66579998E-01
      ->  Parameter number   24   -> Symbolic Name:                                           X_O2_ph1    0.74060000E-01
      ->  Parameter number   25   -> Symbolic Name:                                           Y_O2_ph1    0.58802998    
      ->  Parameter number   26   -> Symbolic Name:                                           Z_O2_ph1    0.23040999    
      ->  Parameter number   27   -> Symbolic Name:                                           X_F1_ph1    0.36669999    
      ->  Parameter number   28   -> Symbolic Name:                                           Y_F1_ph1    0.42710999    
      ->  Parameter number   29   -> Symbolic Name:                                           Z_F1_ph1    0.30381000    
      ->  Parameter number   30   -> Symbolic Name:                                           X_F2_ph1    0.31753001    
      ->  Parameter number   31   -> Symbolic Name:                                           Y_F2_ph1    0.97759002    
      ->  Parameter number   32   -> Symbolic Name:                                           Z_F2_ph1    0.38466999    
  
 
 => No optimization for routine tasks
 ++++++++++++++++++++++++++++++++++++++++++++++++++++++++++++++++++++++++++++++++++++++++++++++++++++++++++++++++++++++++

 => CYCLE No.:    1
 ---------------------------------------------------------------------------------------
 => Phase  1 Name:  #(C) 2021 by FIZ Karlsruhe - Leibniz Institute for Information Infras
 ---------------------------------------------------------------------------------------
 => New parameters, shifts, and standard deviations

 Atom        x       dx      sx       y       dy      sy       z       dz      sz       B       dB      sB      occ.    docc.   socc.

 Na1      0.36615-0.00000 0.00046  0.78623-0.00001 0.00134  0.11963-0.00000 0.00065  1.12908 0.00000 0.00000  1.00000 0.00000 0.00000
 Nb1      0.15501-0.00000 0.00013  0.25682 0.00001 0.00056  0.31835-0.00000 0.00020  1.31779 0.00000 0.00000  1.00000 0.00000 0.00000
 O1       0.18271-0.00001 0.00087  0.15535 0.00002 0.00137  0.06657-0.00001 0.00139  1.45281 0.00000 0.00000  1.00000 0.00000 0.00000
 O2       0.07406-0.00000 0.00076  0.58800-0.00003 0.00164  0.23041 0.00000 0.00110  1.45281 0.00000 0.00000  1.00000 0.00000 0.00000
 F1       0.36669-0.00001 0.00074  0.42707-0.00004 0.00121  0.30380-0.00001 0.00099  1.79232 0.00000 0.00000  1.00000 0.00000 0.00000
 F2       0.31752-0.00001 0.00070  0.97756-0.00003 0.00110  0.38469 0.00002 0.00103  1.79232 0.00000 0.00000  1.00000 0.00000 0.00000

 ==> PROFILE PARAMETERS FOR PATTERN#  1

 => Overall scale factor:      0.006513957    -0.000000842     0.000028075
 => Eta(p-Voigt) or m(Pearson VII):   0.455779 -0.000091  0.013863
 => Overall tem. factor:     0.000000    0.000000    0.000000
 => Halfwidth parameters: 
         0.028765   -0.000010    0.001622
        -0.009659   -0.000015    0.001000
         0.006304    0.000000    0.000150
 => Cell parameters: 
        8.014704   -0.000001    0.000099
        5.415056    0.000000    0.000084
        7.627056    0.000000    0.000102
       90.000000    0.000000    0.000000
      101.998604    0.000000    0.000910
       90.000000    0.000000    0.000000
 => Preferred orientation: 
        -0.394708    0.000072    0.003792
         0.000000    0.000000    0.000000
 => Asymmetry parameters: 
         0.028098   -0.000022    0.003061
         0.011490    0.000000    0.000625
         0.000000    0.000000    0.000000
         0.000000    0.000000    0.000000
 => X and Y parameters: 
         0.003487   -0.000009    0.000463
         0.000000    0.000000    0.000000
 => Strain parameters: 
         0.000000    0.000000    0.000000
         0.000000    0.000000    0.000000
         0.000000    0.000000    0.000000
 => Size   parameters (G,L): 
         0.000000    0.000000    0.000000
         0.000000    0.000000    0.000000

 ==> GLOBAL PARAMETERS FOR PATTERN#  1


 => Zero-point:    -0.0150    0.0000    0.0006

 => Cos( theta)-shift parameter :   0.0000  0.0000  0.0000
 => Sin(2theta)-shift parameter :   0.0000  0.0000  0.0000

 ==> RELIABILITY FACTORS WITH ALL NON-EXCLUDED POINTS FOR PATTERN:  1

 => R-Factors:   2.29      3.29     Chi2:  8.12     DW-Stat.:  0.3727   Patt#:  1
 => Expected :            1.16                                1.9331
 => Deviance : 0.541E+05     Dev*:   8.305    
 => GoF-index:  2.8         Sqrt(Residual/N)
 => N-P+C:  6510

 =>    SumYdif       SumYobs      SumYcal      SumwYobsSQ     Residual    Condition
     0.1117E+07    0.4878E+08    0.4874E+08    0.4878E+08    0.5283E+05    0.9331E+10


 => Conventional Rietveld Rp,Rwp,Re and Chi2:   15.9      12.2      4.27      8.116    
 => (Values obtained using Ynet, but true sigma(y))
 =>  SumYnet, Sum(w Ynet**2):     0.7031E+07    0.3572E+07


 ==> RELIABILITY FACTORS FOR POINTS WITH BRAGG CONTRIBUTIONS FOR PATTERN:  1

 => R-Factors:   2.37      3.41     Chi2:  8.70     DW-Stat.:  0.3862   Patt#:
 => Expected :            1.16                                1.9301
 => Deviance : 0.522E+05     Dev*:   8.903    
 => GoF-index:  2.9         Sqrt(Residual/N)
 => N-P+C:  5864

 =>    SumYdif       SumYobs      SumYcal      SumwYobsSQ     Residual    Condition
     0.1041E+07    0.4388E+08    0.4385E+08    0.4388E+08    0.5099E+05    0.9331E+10


 => Conventional Rietveld Rp,Rwp,Re and Chi2:   14.8      12.0      4.05      8.695    
 => (Values obtained using Ynet, but true sigma(y))
 =>  SumYnet, Sum(w Ynet**2):     0.7024E+07    0.3570E+07


 => Global user-weigthed Chi2 (Bragg contrib.):   8.70    

 => ---------> Pattern#  1
 => Phase:  1
 =>    Bragg R-factor:  8.14    
 =>    RF-factor     :  9.00    


   Standard deviations have to be multiplied by: 3.5354
   (correlated residuals) See references:
  -J.F.Berar & P.Lelann, J. Appl. Cryst. 24, 1-5 (1991) 
  -J.F.Berar, Acc. in Pow. Diff. II,NIST Sp.Pub. 846, 63(1992) 

 ++++++++++++++++++++++++++++++++++++++++++++++++++++++++++++++++++++++++++++++++++++++++++++++++++++++++++++++++++++++++

 => CYCLE No.:    1
 =>  Convergence reached at this CYCLE !!!!
 =>  Parameter shifts set to zero
 ---------------------------------------------------------------------------------------
 => Phase  1 Name:  #(C) 2021 by FIZ Karlsruhe - Leibniz Institute for Information Infras
 ---------------------------------------------------------------------------------------
 => New parameters, shifts, and standard deviations

 Atom        x       dx      sx       y       dy      sy       z       dz      sz       B       dB      sB      occ.    docc.   socc.

 Na1      0.36615 0.00000 0.00046  0.78623 0.00000 0.00134  0.11963 0.00000 0.00065  1.12908 0.00000 0.00000  1.00000 0.00000 0.00000
 Nb1      0.15501 0.00000 0.00013  0.25682 0.00000 0.00056  0.31835 0.00000 0.00020  1.31779 0.00000 0.00000  1.00000 0.00000 0.00000
 O1       0.18271 0.00000 0.00087  0.15535 0.00000 0.00137  0.06657 0.00000 0.00139  1.45281 0.00000 0.00000  1.00000 0.00000 0.00000
 O2       0.07406 0.00000 0.00076  0.58800 0.00000 0.00164  0.23041 0.00000 0.00110  1.45281 0.00000 0.00000  1.00000 0.00000 0.00000
 F1       0.36669 0.00000 0.00074  0.42707 0.00000 0.00121  0.30380 0.00000 0.00099  1.79232 0.00000 0.00000  1.00000 0.00000 0.00000
 F2       0.31752 0.00000 0.00070  0.97756 0.00000 0.00110  0.38469 0.00000 0.00103  1.79232 0.00000 0.00000  1.00000 0.00000 0.00000

 ==> PROFILE PARAMETERS FOR PATTERN#  1

 => Overall scale factor:      0.006513957     0.000000000     0.000028075
 => Eta(p-Voigt) or m(Pearson VII):   0.455779  0.000000  0.013863
 => Overall tem. factor:     0.000000    0.000000    0.000000
 => Halfwidth parameters: 
         0.028765    0.000000    0.001622
        -0.009659    0.000000    0.001000
         0.006304    0.000000    0.000150
 => Cell parameters: 
        8.014704    0.000000    0.000099
        5.415056    0.000000    0.000084
        7.627056    0.000000    0.000102
       90.000000    0.000000    0.000000
      101.998604    0.000000    0.000910
       90.000000    0.000000    0.000000
 => Preferred orientation: 
        -0.394708    0.000000    0.003792
         0.000000    0.000000    0.000000
 => Asymmetry parameters: 
         0.028098    0.000000    0.003061
         0.011490    0.000000    0.000625
         0.000000    0.000000    0.000000
         0.000000    0.000000    0.000000
 => X and Y parameters: 
         0.003487    0.000000    0.000463
         0.000000    0.000000    0.000000
 => Strain parameters: 
         0.000000    0.000000    0.000000
         0.000000    0.000000    0.000000
         0.000000    0.000000    0.000000
 => Size   parameters (G,L): 
         0.000000    0.000000    0.000000
         0.000000    0.000000    0.000000

 ==> GLOBAL PARAMETERS FOR PATTERN#  1


 => Zero-point:    -0.0150    0.0000    0.0006

 => Cos( theta)-shift parameter :   0.0000  0.0000  0.0000
 => Sin(2theta)-shift parameter :   0.0000  0.0000  0.0000

 ==> RELIABILITY FACTORS WITH ALL NON-EXCLUDED POINTS FOR PATTERN:  1

 => R-Factors:   2.29      3.29     Chi2:  8.12     DW-Stat.:  0.3727   Patt#:  1
 => Expected :            1.16                                1.9331
 => Deviance : 0.541E+05     Dev*:   8.305    
 => GoF-index:  2.8         Sqrt(Residual/N)
 => N-P+C:  6510

 =>    SumYdif       SumYobs      SumYcal      SumwYobsSQ     Residual    Condition
     0.1117E+07    0.4878E+08    0.4874E+08    0.4878E+08    0.5283E+05    0.9331E+10


 => Conventional Rietveld Rp,Rwp,Re and Chi2:   15.9      12.2      4.27      8.116    
 => (Values obtained using Ynet, but true sigma(y))
 =>  SumYnet, Sum(w Ynet**2):     0.7031E+07    0.3572E+07

 => N-sigma of the GoF:      405.974

 ==> RELIABILITY FACTORS FOR POINTS WITH BRAGG CONTRIBUTIONS FOR PATTERN:  1

 => R-Factors:   2.37      3.41     Chi2:  8.70     DW-Stat.:  0.3862   Patt#:
 => Expected :            1.16                                1.9301
 => Deviance : 0.522E+05     Dev*:   8.903    
 => GoF-index:  2.9         Sqrt(Residual/N)
 => N-P+C:  5864

 =>    SumYdif       SumYobs      SumYcal      SumwYobsSQ     Residual    Condition
     0.1041E+07    0.4388E+08    0.4385E+08    0.4388E+08    0.5099E+05    0.9331E+10


 => Conventional Rietveld Rp,Rwp,Re and Chi2:   14.8      12.0      4.05      8.695    
 => (Values obtained using Ynet, but true sigma(y))
 =>  SumYnet, Sum(w Ynet**2):     0.7024E+07    0.3570E+07

 => N-sigma of the GoF:      416.675

 => Global user-weigthed Chi2 (Bragg contrib.):   9.01    

 => ---------> Pattern#  1
 => Phase:  1
 =>    Bragg R-factor:  8.14    
 =>    RF-factor     :  9.00    

 --------------------------------------------------------------------------------------------------------------
 Pattern#  1 Phase No.:   1 Phase name:  #(C) 2021 by FIZ Karlsruhe - 
 --------------------------------------------------------------------------------------------------------------

   No.  Code     H   K   L  Mult      Hw      ETA/M    2theta/TOF     Icalc       Iobs      Sigma     StrFactor^2    d-hkl       CORR

      1   1      1   0   0     2  0.075049  0.495106      11.277     4850.8     4715.6      9.908       3892.1055  7.839604      1.000000
      2   1      1   1   0     4  0.074147  0.525213      19.911     6887.0     6663.7     10.696      12735.7412  4.455503      0.691678
      3   1      0   1   1     4  0.074158  0.526384      20.247       11.9       27.2      3.225         36.0707  4.382341      0.436850
      4   1     -1   1   1     4  0.074272  0.532415      21.976        1.6       38.9      5.176          4.3309  4.041203      0.589969
      5   1      2   0   0     2  0.074344  0.534820      22.666     1981.6     2062.1      8.466       6631.7700  3.919802      1.000000
      6   1      0   0   2     2  0.074500  0.538894      23.834     1752.7     1784.6      7.031      13540.4102  3.730212      0.481105
      7   1     -1   0   2     2  0.074555  0.540091      24.177     2406.3     2290.3      6.627      18016.1348  3.678045      0.511343
      8   1      1   1   1     4  0.074597  0.540972      24.430       30.5       26.0      2.787         86.3564  3.640583      0.690074
      9   1      2   1   0     4  0.075444  0.553696      28.079     7618.1     7528.9     11.064      23330.5977  3.175215      0.856428
     10   1      1   0   2     2  0.075580  0.555281      28.534       82.8       86.2      1.634        647.1765  3.125668      0.694610
     11   1     -2   1   1     4  0.075605  0.555569      28.616       33.8       34.3      0.752        117.4709  3.116855      0.784687
     12   1      0   1   2     4  0.075740  0.557061      29.044     2576.4     2749.0      7.028      15717.6992  3.071901      0.461909
     13   1     -1   1   2     4  0.075834  0.558059      29.330      220.3      352.7      2.223       1301.7245  3.042568      0.486753
     14   1     -2   0   2     2  0.075857  0.558297      29.398      498.2      653.4      3.861       4026.6172  3.035665      0.715588
     15   1      2   1   1     4  0.077023  0.568847      32.424       43.5        0.0      6.363        185.5504  2.758987      0.835400
     16   1      0   2   0     2  0.077306  0.571057      33.057      638.0      617.1      2.510      12562.8350  2.707528      0.377539
     17   1      1   1   2     4  0.077308  0.571077      33.063     1273.8     1232.0      4.825       7330.8149  2.707063      0.646242
     18   1     -2   1   2     4  0.077665  0.573727      33.823      882.2      842.3      5.189       5174.3589  2.647962      0.666050
     19   1      3   0   0     2  0.077892  0.575344      34.287      540.0      655.0      4.705       4345.1182  2.613202      1.000000
     20   1      1   2   0     4  0.078273  0.577948      35.034      539.6      557.0      5.598       4165.6802  2.559199      0.545906
     21   1      0   2   1     4  0.078378  0.578647      35.234       23.9       52.3      1.650        247.9037  2.545103      0.411462
     22   1     -1   2   1     4  0.078961  0.582363      36.300       18.0       25.2      2.137        163.2951  2.472784      0.501752
     23   1      2   0   2     2  0.079081  0.583101      36.511      496.5      363.2      6.394       5558.4438  2.458950      0.823772
     24   1     -3   0   2     2  0.079764  0.587137      37.668      177.7      121.0      3.518       2101.4243  2.386014      0.834936
     25   1     -3   1   1     4  0.079868  0.587729      37.838      499.8      480.4      3.696       2830.6682  2.375695      0.880364
     26   1      1   2   1     4  0.079908  0.587952      37.902      368.8      356.1      2.675       3238.5388  2.371833      0.570005
     27   1      3   1   0     4  0.080099  0.589022      38.209        0.6        1.2      0.109          3.1482  2.353487      0.923295
     28   1     -1   1   3     4  0.080815  0.592888      39.318      300.3      299.1      7.088       3821.7639  2.289647      0.426115
     29   1      0   1   3     4  0.081178  0.594769      39.857        1.6        1.5      1.001         19.1728  2.259893      0.471130
     30   1      2   1   2     4  0.081447  0.596126      40.246       51.1       85.2      3.404        375.9056  2.238925      0.776222
     31   1      2   2   0     4  0.081594  0.596861      40.457      186.0      304.0      3.826       1553.1904  2.227751      0.691678
     32   1     -2   2   1     4  0.081871  0.598226      40.848        1.4        0.8      0.349         13.0820  2.207311      0.649607
     33   1      0   2   2     4  0.082098  0.599322      41.163      194.0      158.1      3.215       2665.9954  2.191171      0.436850
     34   1     -3   1   2     4  0.082208  0.599853      41.315      509.5      456.8      3.434       3909.1433  2.183450      0.788514
     35   1     -1   2   2     4  0.082252  0.600060      41.374      280.4      267.2      2.091       3745.3569  2.180450      0.454389
     36   1     -2   1   3     4  0.082854  0.602872      42.181       12.6       17.6      3.022        140.3981  2.140609      0.569149
     37   1      3   1   1     4  0.082977  0.603436      42.343       22.9       19.6      3.726        161.7317  2.132808      0.904539
     38   1      1   1   3     4  0.084041  0.608152      43.695       89.1       70.0      3.836       1000.6877  2.069889      0.610270
     39   1      2   2   1     4  0.084063  0.608247      43.722       97.6       89.1      3.280        953.2222  2.068657      0.702666
     40   1      1   2   2     4  0.084471  0.609985      44.220       25.9       13.5      2.851        317.5176  2.046498      0.573745
     41   1     -2   2   2     4  0.084971  0.612067      44.818      748.7      771.6      6.724       9199.0547  2.020602      0.589969
     42   1      4   0   0     2  0.086248  0.617184      46.285     1200.2     1290.3      7.775      18701.2637  1.959901      1.000000
     43   1      3   0   2     2  0.086301  0.617389      46.344      135.6      141.8      0.869       2376.8733  1.957554      0.891623
     44   1     -1   0   4     2  0.087526  0.622039      47.677      457.8      377.9      3.315      19444.1094  1.905867      0.392037
     45   1     -4   0   2     2  0.087528  0.622048      47.680      516.3      426.3      3.688       9580.0771  1.905779      0.897531
     46   1     -3   1   3     4  0.087782  0.622986      47.949       11.6       10.1      0.492        141.3632  1.895711      0.690799
     47   1     -3   2   1     4  0.087889  0.623378      48.061       15.1       13.0      0.720        168.8970  1.891543      0.759351
     48   1      3   2   0     4  0.088182  0.624446      48.367     1280.9     1462.8      5.866      13898.7217  1.880275      0.792429
     49   1     -4   1   1     4  0.088281  0.624800      48.469       21.8       26.3      0.129        203.5942  1.876569      0.926750
     50   1      0   0   4     2  0.088589  0.625907      48.786       55.1      129.0      2.280       2008.6610  1.865106      0.481105
     51   1     -1   2   3     4  0.089085  0.627661      49.289        4.5        5.8      0.133         96.6873  1.847237      0.416502
     52   1      4   1   0     4  0.089208  0.628092      49.413     1055.3     1108.4      5.385       9981.4834  1.842907      0.953507
     53   1      3   1   2     4  0.089263  0.628287      49.469       83.3       86.8      0.391        881.5231  1.840955      0.854287
     54   1     -2   0   4     2  0.089319  0.628481      49.524      361.9      367.4      1.613      12832.1152  1.839022      0.511343
     55   1      0   2   3     4  0.089537  0.629237      49.741        0.3        0.2      0.008          5.5086  1.831506      0.452590
     56   1      2   2   2     4  0.089869  0.630379      50.069     1515.0     1473.8      6.010      20394.5586  1.820292      0.690074
     57   1      2   1   3     4  0.090027  0.630918      50.223        2.1        2.1      0.016         27.6260  1.815058      0.721823
     58   1     -1   1   4     4  0.090561  0.632721      50.740      131.1      125.3      1.714       3208.2603  1.797768      0.391207
     59   1     -4   1   2     4  0.090563  0.632728      50.743      170.5      163.2      2.203       1894.1158  1.797695      0.861498
     60   1     -3   2   2     4  0.090804  0.633533      50.973      280.5      306.3      3.299       3862.0054  1.790101      0.702581

   No.  Code     H   K   L  Mult      Hw      ETA/M    2theta/TOF     Icalc       Iobs      Sigma     StrFactor^2    d-hkl       CORR

     61   1     -2   2   3     4  0.091588  0.636107      51.711       10.0        7.5      0.247        187.2085  1.766264      0.532723
     62   1      0   1   4     4  0.091683  0.636418      51.801      709.2      713.1      5.244      14964.7588  1.763437      0.475133
     63   1      3   2   1     4  0.091737  0.636590      51.850       35.5       33.4      0.254        448.1831  1.761874      0.795051
     64   1      1   3   0     4  0.091835  0.636908      51.941      207.9      212.2      1.465       4280.3623  1.758997      0.489862
     65   1      0   3   1     4  0.091994  0.637418      52.087       71.7       79.6      1.201       1816.4713  1.754400      0.400769
     66   1     -2   1   4     4  0.092453  0.638884      52.508        1.7        0.0      0.305         33.9104  1.741342      0.503716
     67   1      1   0   4     2  0.092678  0.639597      52.712      182.6      131.7      4.416       6377.2588  1.735064      0.596956
     68   1     -1   3   1     4  0.092857  0.640157      52.873        2.7        1.5      0.123         61.8373  1.730174      0.462575
     69   1      1   2   3     4  0.093014  0.640649      53.014        9.4        0.0      1.576        174.9449  1.725904      0.567578
     70   1      4   1   1     4  0.093503  0.642166      53.449        3.2        0.0      2.768         36.9429  1.712871      0.939266
     71   1      1   3   1     4  0.094218  0.644352      54.076        0.0        0.0      0.124          0.7605  1.694490      0.510896
     72   1     -3   0   4     2  0.094249  0.644448      54.103        1.7        0.0      4.603         59.2794  1.693695      0.623700
     73   1      1   1   4     4  0.095980  0.649575      55.573      208.6      156.6      6.702       4183.2378  1.652318      0.585306
     74   1     -4   1   3     4  0.096432  0.650881      55.948       81.9       81.4      1.277       1252.4072  1.642142      0.779393
     75   1      2   3   0     4  0.096549  0.651218      56.045      834.5      794.5      4.607      16656.4512  1.639539      0.599064
     76   1     -2   3   1     4  0.096924  0.652287      56.351       49.8       63.0      1.502       1055.1332  1.631339      0.571210
     77   1      0   3   2     4  0.097229  0.653151      56.599      259.4      347.2      3.503       7528.8062  1.624791      0.421107
     78   1     -3   2   3     4  0.097408  0.653655      56.743        7.0        8.8      0.116        135.4800  1.620993      0.639234
     79   1     -1   3   2     4  0.097436  0.653733      56.766       14.5       17.6      0.230        410.0772  1.620406      0.433972
     80   1     -3   1   4     4  0.097623  0.654259      56.917      535.5      518.7      4.009      10844.9141  1.616471      0.611073
     81   1     -4   2   1     4  0.097985  0.655268      57.206       63.9       78.9      2.042        961.5201  1.608977      0.832108
     82   1      4   0   2     2  0.098270  0.656056      57.432       32.3       27.5      1.797        877.6500  1.603188      0.928376
     83   1      4   2   0     4  0.099056  0.658207      58.049      393.9      548.8      4.050       5947.2651  1.587608      0.856428
     84   1      3   2   2     4  0.099120  0.658382      58.099      293.9      389.4      2.526       4906.1572  1.586360      0.775884
     85   1      2   3   1     4  0.099826  0.660282      58.644        1.4        1.4      0.169         29.2193  1.572910      0.615096
     86   1      2   2   3     4  0.099998  0.660741      58.776       10.4       13.1      0.550        206.8704  1.569699      0.668386
     87   1      3   1   3     4  0.100036  0.660844      58.805       11.0       13.9      0.445        183.1763  1.568981      0.800779
     88   1      5   0   0     2  0.100094  0.660997      58.849       19.8       23.5      0.538        528.0912  1.567921      1.000000
     89   1     -5   0   2     2  0.100175  0.661212      58.911      140.1      146.9      2.303       4015.8508  1.566422      0.931712
     90   1      1   3   2     4  0.100356  0.661692      59.048      236.3      257.0      2.151       6058.9087  1.563102      0.523595
     91   1      2   0   4     2  0.100370  0.661731      59.059       63.7       68.9      0.568       2464.3159  1.562834      0.694610
     92   1     -1   2   4     4  0.100610  0.662364      59.241      171.7      166.3      0.886       5961.4502  1.558476      0.389374
     93   1     -4   2   2     4  0.100613  0.662371      59.243      556.9      539.4      2.880       9597.5898  1.558428      0.784687
     94   1     -2   3   2     4  0.101002  0.663390      59.535      505.6      476.8      3.500      12888.7490  1.551472      0.536292
     95   1      4   1   2     4  0.101819  0.665511      60.143      859.9      773.0      5.142      13350.1758  1.537232      0.900382
     96   1     -5   1   1     4  0.101832  0.665544      60.153       22.1       20.0      0.129        324.3918  1.537010      0.951319
     97   1      0   2   4     4  0.101894  0.665704      60.199       25.0       22.5      0.178        757.0191  1.535950      0.461909
     98   1     -2   2   4     4  0.102771  0.667941      60.840      267.0      342.4      4.130       7863.4639  1.521284      0.486753
     99   1     -4   0   4     2  0.102983  0.668474      60.993       68.7       78.8      1.117       2769.1396  1.517832      0.715588
    100   1      5   1   0     4  0.103719  0.670317      61.521      479.0      594.8      3.598       7258.8389  1.506059      0.969128
    101   1     -5   1   2     4  0.103803  0.670527      61.582      428.6      500.9      2.600       6973.3906  1.504730      0.904718
    102   1      4   2   1     4  0.103966  0.670930      61.697        6.2        6.6      0.040        107.9165  1.502190      0.855183
    103   1      2   1   4     4  0.104007  0.671031      61.726      307.1      307.9      2.024       6678.8989  1.501549      0.680250
    104   1     -3   3   1     4  0.104714  0.672772      62.225        2.4        0.4      0.494         55.2612  1.490701      0.666647
    105   1      3   3   0     4  0.105083  0.673671      62.483        6.4        3.0      2.068        139.8109  1.485168      0.691678
    106   1     -1   3   3     4  0.106213  0.676390      63.263        4.9        2.2      0.732        187.9784  1.468724      0.408365
    107   1     -1   1   5     4  0.106261  0.676504      63.296       10.1        5.8      1.246        410.1415  1.468048      0.385672
    108   1     -4   1   4     4  0.106726  0.677607      63.612      291.7      236.2      3.886       6568.4937  1.461505      0.700993
    109   1      1   2   4     4  0.106773  0.677719      63.644      221.7      185.9      2.604       6269.6997  1.460844      0.558818
    110   1      0   3   3     4  0.106777  0.677730      63.647       12.1       10.1      0.142        437.0780  1.460780      0.436850
    111   1      2   3   2     4  0.107191  0.678704      63.927       68.8       42.5      1.933       1770.5605  1.455071      0.619437
    112   1     -4   2   3     4  0.107284  0.678922      63.989        2.3        1.3      0.115         51.4875  1.453798      0.725412
    113   1     -2   1   5     4  0.107750  0.680010      64.301        1.0        0.2      0.245         34.3884  1.447498      0.460049
    114   1     -3   3   2     4  0.108352  0.681405      64.701      199.7      175.4      4.712       5182.7231  1.439512      0.630564
    115   1      0   1   5     4  0.108431  0.681587      64.753        6.8        6.2      0.178        232.1526  1.438476      0.477165
    116   1     -3   2   4     4  0.108629  0.682043      64.884       18.6       17.0      0.580        527.2326  1.435895      0.582085
    117   1     -2   3   3     4  0.109321  0.683623      65.337        9.8        6.6      2.195        326.1185  1.427028      0.500804
    118   1      3   3   1     4  0.109505  0.684040      65.457        0.3        0.3      0.083          7.7556  1.424710      0.702347
    119   1      5   1   1     4  0.109704  0.684490      65.586       26.9       18.0      2.364        472.5877  1.422219      0.958429
    120   1     -5   1   3     4  0.109884  0.684895      65.702       37.5       21.0      2.615        754.8327  1.419984      0.839827

   No.  Code     H   K   L  Mult      Hw      ETA/M    2theta/TOF     Icalc       Iobs      Sigma     StrFactor^2    d-hkl       CORR

    121   1      1   3   3     4  0.111078  0.687562      66.467        1.5        4.9      1.192         50.4580  1.405488      0.529288
    122   1      3   2   3     4  0.111348  0.688158      66.638       27.4       42.2      4.277        636.7833  1.402299      0.747728
    123   1      3   0   4     2  0.112607  0.690909      67.427       22.7       26.7      4.343       1053.7803  1.387798      0.769265
    124   1     -3   1   5     4  0.113067  0.691900      67.711        2.6        2.1      0.804         83.6346  1.382661      0.551579
    125   1      4   2   2     4  0.113353  0.692516      67.888       32.0       23.0      3.694        693.2128  1.379493      0.835400
    126   1     -5   2   1     4  0.113368  0.692548      67.896        1.0        0.8      0.121         21.4710  1.379333      0.879170
    127   1      1   1   5     4  0.114507  0.694969      68.591        3.8        8.1      2.034        124.8236  1.367056      0.567818
    128   1      4   1   3     4  0.115277  0.696585      69.054        0.1        0.1      0.016          2.5055  1.359009      0.854240
    129   1      5   2   0     4  0.115488  0.697026      69.181       60.7       50.7      2.310       1271.7214  1.356832      0.896934
    130   1     -5   2   2     4  0.115583  0.697223      69.237       36.2       35.8      0.992        810.4501  1.355860      0.841432
    131   1      0   4   0     2  0.115789  0.697651      69.360       77.5       93.7      1.018       7749.1582  1.353764      0.377539
    132   1      2   2   4     4  0.115812  0.697698      69.373      264.4      316.9      3.315       7727.8135  1.353531      0.646242
    133   1      5   0   2     2  0.116288  0.698683      69.656       80.1       92.9      1.422       3210.7759  1.348732      0.949720
    134   1     -3   3   3     4  0.116455  0.699027      69.754        0.1        0.1      0.002          4.4822  1.347068      0.589969
    135   1     -5   0   4     2  0.116576  0.699274      69.825      244.3      226.0      2.474      11916.7432  1.345875      0.784731
    136   1      3   1   4     4  0.116730  0.699590      69.916      257.4      239.9      2.412       6542.6143  1.344351      0.754738
    137   1     -4   3   1     4  0.117159  0.700467      70.167       12.0        9.1      0.406        312.2620  1.340148      0.742777
    138   1      1   4   0     4  0.117795  0.701757      70.538       16.3       16.1      1.963        690.8750  1.334020      0.461373
    139   1      0   4   1     4  0.118006  0.702184      70.660        3.4        6.8      0.532        168.8387  1.332012      0.395114
    140   1     -1   2   5     4  0.118343  0.702860      70.854        0.5        0.7      0.036         26.2089  1.328839      0.384897
    141   1      4   3   0     4  0.118462  0.703099      70.922       75.7       90.9      2.729       1954.8208  1.327724      0.763621
    142   1      3   3   2     4  0.118540  0.703256      70.967       42.2       50.9      1.488       1191.0024  1.326994      0.700319
    143   1     -4   2   4     4  0.118865  0.703905      71.153       25.6       34.0      1.102        763.2108  1.323981      0.666050
    144   1     -6   0   2     2  0.119096  0.704365      71.285        6.2        7.9      0.623        258.9318  1.321852      0.951740
    145   1     -1   4   1     4  0.119155  0.704481      71.319        2.2        2.8      0.236         97.6583  1.321316      0.441700
    146   1      2   3   3     4  0.119608  0.705379      71.576        0.2        0.5      0.072          6.9323  1.317196      0.615726
    147   1     -2   2   5     4  0.120015  0.706181      71.806        0.4        0.6      0.097         18.7858  1.313541      0.452070
    148   1     -1   3   4     4  0.120353  0.706843      71.996       47.3       52.1      2.014       2479.6318  1.310543      0.387479
    149   1     -4   3   2     4  0.120356  0.706849      71.998       16.6       18.3      0.697        476.0088  1.310515      0.709307
    150   1      5   1   2     4  0.120556  0.707242      72.110       81.3       88.0      1.934       1783.4899  1.308748      0.928603
    151   1      0   2   5     4  0.120780  0.707678      72.235       17.3       22.4      0.239        754.8762  1.306788      0.467556
    152   1      6   0   0     2  0.120802  0.707720      72.247      208.8      272.4      2.838       8535.0293  1.306601      1.000000
    153   1     -5   1   4     4  0.120855  0.707823      72.277       31.8       41.7      0.456        844.3330  1.306137      0.770418
    154   1      1   4   1     4  0.120961  0.708029      72.336       10.4       13.6      0.206        445.9439  1.305215      0.478451
    155   1      0   3   4     4  0.121913  0.709868      72.863       69.9       59.7      3.299       3239.7666  1.297063      0.448227
    156   1     -6   1   1     4  0.122013  0.710060      72.918        5.1        4.2      0.282        110.5147  1.296223      0.965559
    157   1      5   2   1     4  0.122210  0.710438      73.027        9.0        5.6      0.572        209.9207  1.294563      0.894236
    158   1     -5   2   3     4  0.122412  0.710824      73.138        3.5        2.5      0.317         93.2528  1.292877      0.790336
    159   1     -4   1   5     4  0.122825  0.711611      73.363       22.8       21.3      1.998        753.5319  1.289456      0.635224
    160   1     -2   3   4     4  0.122979  0.711903      73.447        5.6        4.9      0.544        252.5831  1.288195      0.469111
    161   1     -6   1   2     4  0.123476  0.712844      73.717      253.0      246.2      4.434       5765.6274  1.284146      0.931334
    162   1      2   4   0     4  0.124043  0.713909      74.022       31.6       26.8      1.370       1238.4545  1.279600      0.545906
    163   1      4   3   1     4  0.124430  0.714632      74.229        3.4        2.7      0.225         93.7521  1.276540      0.770042
    164   1     -2   4   1     4  0.124538  0.714833      74.287       25.6       23.9      1.589       1047.8208  1.275690      0.525476
    165   1      0   4   2     4  0.124940  0.715580      74.501       39.3       58.2      1.588       2065.5525  1.272552      0.411462
    166   1      2   1   5     4  0.125196  0.716055      74.638        6.5        9.0      0.124        217.2504  1.270567      0.649331
    167   1     -1   4   2     4  0.125212  0.716085      74.646      127.1      175.1      2.368       6550.6958  1.270441      0.421454
    168   1      6   1   0     4  0.125250  0.716155      74.666       80.3      107.8      1.500       1782.6371  1.270149      0.978113
    169   1     -1   0   6     2  0.125326  0.716295      74.706        0.9        1.2      0.021         98.7859  1.269566      0.401460
    170   1     -3   2   5     4  0.125989  0.717515      75.056       11.2        4.4      1.216        458.8799  1.264517      0.535384
    171   1     -2   0   6     2  0.126149  0.717808      75.140        8.7        0.0      1.271        882.4728  1.263310      0.431310
    172   1      1   2   5     4  0.127609  0.720456      75.900        8.9        0.0      1.640        360.0876  1.252547      0.550343
    173   1      1   3   4     4  0.127841  0.720873      76.019       50.9       12.2      3.796       2152.8489  1.250875      0.530516
    174   1      2   4   1     4  0.128361  0.721804      76.286       12.1        4.9      1.160        485.8113  1.247160      0.560965
    175   1     -4   3   3     4  0.128462  0.721985      76.338        0.5        0.2      0.073         17.7182  1.246443      0.668448
    176   1      4   2   3     4  0.128475  0.722008      76.345        0.1        0.0      0.019          3.6281  1.246349      0.806738
    177   1      0   0   6     2  0.128894  0.722753      76.558       24.1       18.7      2.004       2273.0776  1.243404      0.481105
    178   1      1   4   2     4  0.129059  0.723045      76.642       12.9       11.5      1.180        595.7021  1.242254      0.491634
    179   1     -6   1   3     4  0.129831  0.724406      77.032        1.2        1.2      0.036         31.0918  1.236929      0.880629
    180   1     -2   4   2     4  0.129909  0.724545      77.072       36.0       37.7      0.715       1648.8734  1.236392      0.501752

   No.  Code     H   K   L  Mult      Hw      ETA/M    2theta/TOF     Icalc       Iobs      Sigma     StrFactor^2    d-hkl       CORR

    181   1     -1   1   6     4  0.129960  0.724633      77.097      130.7      136.7      2.067       7484.3970  1.236049      0.400819
    182   1     -3   3   4     4  0.130098  0.724876      77.167      227.1      228.9      2.826       9483.0449  1.235105      0.550733
    183   1      3   2   4     4  0.130112  0.724900      77.174        1.9        2.0      0.024         62.0851  1.235013      0.718859
    184   1     -2   1   6     4  0.130817  0.726130      77.527       33.5       32.4      0.704       1808.0507  1.230274      0.429858
    185   1      4   0   4     2  0.130937  0.726338      77.586      136.4      138.3      2.840       7681.5000  1.229475      0.823772
    186   1     -3   0   6     2  0.131461  0.727246      77.847       75.6       72.7      2.200       6903.3276  1.226015      0.511343
    187   1      3   3   3     4  0.133410  0.730578      78.802        2.4        4.5      0.695         81.6969  1.213528      0.690074
    188   1      6   1   1     4  0.133615  0.730923      78.901        5.6       10.4      0.808        136.4903  1.212254      0.969924
    189   1      0   1   6     4  0.133677  0.731028      78.931       15.4       28.4      2.015        767.3654  1.211866      0.478322
    190   1      5   2   2     4  0.134428  0.732291      79.293       45.5       57.1      1.938       1248.7642  1.207239      0.876207
    191   1     -5   2   4     4  0.134765  0.732854      79.455      232.5      218.6      3.833       7626.8550  1.205189      0.734717
    192   1     -3   4   1     4  0.134802  0.732915      79.472        9.6        9.1      0.156        381.4903  1.204970      0.604572
    193   1      3   4   0     4  0.135288  0.733725      79.704       67.8       62.6      1.218       2631.3975  1.202041      0.624088
    194   1      4   1   4     4  0.135807  0.734583      79.951       76.2       75.0      1.099       2288.8940  1.198960      0.810424
    195   1      4   3   2     4  0.135858  0.734667      79.975      180.0      176.7      2.537       5733.3647  1.198657      0.764263
    196   1     -5   3   1     4  0.135876  0.734697      79.983        1.2        1.2      0.018         37.9200  1.198552      0.800401
    197   1     -6   2   1     4  0.136074  0.735023      80.077        8.9        8.8      0.214        237.3189  1.197387      0.910102
    198   1     -3   1   6     4  0.136353  0.735483      80.209        9.2        9.0      0.215        441.8019  1.195750      0.507791
    199   1     -1   4   3     4  0.136780  0.736182      80.409        1.8        1.7      0.085        109.2845  1.193273      0.402493
    200   1     -6   0   4     2  0.136826  0.736257      80.431       35.3       32.2      1.679       2075.8770  1.193007      0.834936
    201   1     -4   2   5     4  0.136993  0.736529      80.509        6.5        5.6      0.365        262.5926  1.192047      0.613311
    202   1      1   0   6     2  0.137286  0.737008      80.646       45.2       44.4      1.985       3980.9746  1.190365      0.559784
    203   1      0   4   3     4  0.137526  0.737397      80.758        0.4        0.3      0.022         21.0464  1.189001      0.425489
    204   1     -6   2   2     4  0.137729  0.737727      80.852        1.7        1.4      0.088         46.6069  1.187848      0.880364
    205   1      5   1   3     4  0.137801  0.737843      80.886        0.1        0.1      0.004          2.6868  1.187442      0.890442
    206   1      2   4   2     4  0.138073  0.738282      81.011      161.0      151.0      3.315       7010.8989  1.185916      0.570005
    207   1     -5   1   5     4  0.138264  0.738591      81.100        2.0        1.8      0.046         69.0687  1.184843      0.706039
    208   1      5   3   0     4  0.138469  0.738921      81.195       70.7       66.2      1.296       2152.4780  1.183701      0.817140
    209   1     -5   3   2     4  0.138586  0.739108      81.248       65.9       64.6      1.117       2128.4473  1.183056      0.771203
    210   1      2   3   4     4  0.138866  0.739557      81.377       33.9       39.7      0.905       1393.1472  1.181507      0.607904
    211   1     -3   4   2     4  0.139609  0.740744      81.717       62.5       63.9      1.287       2707.6274  1.177447      0.579475
    212   1      2   2   5     4  0.139678  0.740853      81.749        2.7        2.7      0.050        109.5391  1.177076      0.626699
    213   1      6   2   0     4  0.139739  0.740950      81.777      165.8      165.9      3.053       4515.5894  1.176743      0.923295
    214   1     -2   4   3     4  0.140894  0.742774      82.299       11.1       16.4      1.588        592.3828  1.170586      0.477354
    215   1      3   4   1     4  0.141138  0.743156      82.409        0.3        0.4      0.054         10.6367  1.169306      0.636315
    216   1      3   1   5     4  0.141898  0.744344      82.750        9.5       10.8      0.416        338.7035  1.165357      0.717584
    217   1     -4   0   6     2  0.141926  0.744387      82.762        1.6        1.8      0.064        135.6058  1.165212      0.588108
    218   1     -6   1   4     4  0.141954  0.744431      82.775       84.1       97.7      3.272       2614.9812  1.165067      0.821981
    219   1     -1   3   5     4  0.141972  0.744458      82.783        7.6        8.8      0.290        503.3915  1.164977      0.383986
    220   1      1   1   6     4  0.142435  0.745177      82.989        9.4       10.6      0.340        435.1053  1.162606      0.555113
    221   1     -4   3   4     4  0.142614  0.745453      83.068       64.9       69.1      1.658       2662.0535  1.161699      0.626067
    222   1      6   0   2     2  0.142913  0.745916      83.200      102.8      116.2      2.623       5497.7656  1.160184      0.962977
    223   1      1   4   3     4  0.143227  0.746398      83.339       13.8       14.1      0.522        712.0001  1.158608      0.500741
    224   1     -2   3   5     4  0.144029  0.747626      83.691        6.1        5.6      1.251        355.0331  1.154627      0.442696
    225   1     -6   2   3     4  0.144942  0.749012      84.088        3.2        0.0      0.939         99.8618  1.150180      0.837821
    226   1      0   3   5     4  0.144973  0.749058      84.102        4.2        0.0      1.231        238.5245  1.150033      0.456248
    227   1     -1   2   6     4  0.145089  0.749234      84.152        1.1        0.0      0.369         69.4681  1.149472      0.399167
    228   1     -2   2   6     4  0.146065  0.750702      84.573       26.6       14.1      3.546       1643.4464  1.144823      0.426115
    229   1      5   3   1     4  0.146738  0.751705      84.861        0.4        0.3      0.045         12.9026  1.141675      0.820669
    230   1     -5   3   3     4  0.146988  0.752076      84.967        0.9        0.8      0.056         33.3831  1.140517      0.733221
    231   1     -7   0   2     2  0.147124  0.752278      85.025       68.9       65.8      2.830       3782.3044  1.139889      0.964278
    232   1     -4   1   6     4  0.147287  0.752519      85.094       49.3       49.9      1.978       2239.7671  1.139138      0.582866
    233   1      6   1   2     4  0.148320  0.754041      85.531       28.7       19.9      2.672        808.4624  1.134439      0.946725
    234   1      6   2   1     4  0.149258  0.755409      85.923        7.7        4.7      0.453        222.8376  1.130261      0.920221
    235   1      0   2   6     4  0.149329  0.755513      85.953       57.2       34.4      3.299       3252.0356  1.129947      0.471130
    236   1     -3   4   3     4  0.150412  0.757079      86.402       10.8        3.2      1.682        528.0741  1.125223      0.551615
    237   1     -4   4   1     4  0.151358  0.758434      86.790       15.1       12.5      0.939        606.0393  1.121181      0.674154
    238   1     -3   3   5     4  0.151423  0.758527      86.817       12.2       11.1      0.643        642.6379  1.120906      0.516039
    239   1      2   0   6     2  0.151638  0.758834      86.905        1.1        1.1      0.032         92.0197  1.119997      0.631996
    240   1      7   0   0     2  0.151651  0.758852      86.910       15.2       15.0      0.446        826.6113  1.119943      1.000000

   No.  Code     H   K   L  Mult      Hw      ETA/M    2theta/TOF     Icalc       Iobs      Sigma     StrFactor^2    d-hkl       CORR

    241   1      4   2   4     4  0.151765  0.759014      86.957      136.4      133.0      3.352       4766.2241  1.119463      0.776222
    242   1     -7   1   1     4  0.152037  0.759400      87.067        0.8        0.8      0.023         20.9092  1.118326      0.974446
    243   1     -3   2   6     4  0.152392  0.759902      87.211       87.3      106.3      1.953       4763.9829  1.116849      0.498592
    244   1     -7   1   2     4  0.152732  0.760382      87.349        3.9        4.6      0.137        111.9328  1.115443      0.948530
    245   1      4   4   0     4  0.153113  0.760919      87.503       78.4       90.8      1.736       3095.3372  1.113876      0.691678
    246   1      3   4   2     4  0.153219  0.761067      87.545       66.2       75.1      1.604       2820.1489  1.113444      0.641286
    247   1      1   3   5     4  0.153440  0.761378      87.634        0.2        0.2      0.007          8.7064  1.112543      0.529369
    248   1      5   2   3     4  0.154052  0.762233      87.880        8.7       10.1      0.520        282.0220  1.110070      0.849752
    249   1      4   3   3     4  0.154522  0.762885      88.067       16.8       18.1      1.193        613.0113  1.108193      0.750561
    250   1     -5   2   5     4  0.154584  0.762972      88.092        4.4        5.0      0.312        179.3916  1.107946      0.681416
    251   1      2   4   3     4  0.154662  0.763079      88.122       15.2       17.9      1.109        728.2059  1.107637      0.573786
    252   1     -1   4   4     4  0.155670  0.764471      88.521       33.9       46.4      1.072       2426.7402  1.103673      0.385902
    253   1     -4   4   2     4  0.155674  0.764477      88.523       89.0      121.8      2.811       3781.0691  1.103655      0.649607
    254   1      3   3   4     4  0.156569  0.765701      88.874       94.2      104.7      2.613       3858.0393  1.100202      0.675945
    255   1      2   1   6     4  0.157469  0.766925      89.225       69.2       70.2      1.513       3073.8584  1.096783      0.626025
    256   1      7   1   0     4  0.157483  0.766943      89.230       69.4       70.2      1.523       1961.5298  1.096733      0.983714
    257   1      0   4   4     4  0.157788  0.767356      89.349       14.7       14.5      0.498        938.0970  1.095585      0.436850
    258   1      5   0   4     2  0.158370  0.768138      89.573       87.2       87.6      1.969       5636.7686  1.093422      0.863090
    259   1      3   2   5     4  0.158765  0.768668      89.725        3.0        2.8      0.081        121.7102  1.091963      0.692751
    260   1     -6   2   4     4  0.158830  0.768755      89.750       34.3       31.9      0.863       1214.8845  1.091725      0.788514
    261   1     -5   0   6     2  0.159059  0.769061      89.838       47.4       46.4      0.872       4036.1382  1.090886      0.656914
    262   1     -2   4   4     4  0.159240  0.769303      89.907       74.6       77.2      1.202       4594.5889  1.090225      0.454389
    263   1      1   2   6     4  0.159385  0.769495      89.962      119.1      122.5      2.092       6140.5361  1.089699      0.542943
    264   1     -7   1   3     4  0.159679  0.769886      90.074        4.9        4.6      0.131        150.6197  1.088634      0.908599
    265   1      4   4   1     4  0.161223  0.771924      90.659        0.9        0.0      0.313         36.6842  1.083133      0.701010
    266   1     -6   1   5     4  0.161834  0.772724      90.888        4.4        1.6      0.875        162.5627  1.080995      0.763131
    267   1      5   3   2     4  0.161997  0.772936      90.949       14.7       13.1      2.613        509.7323  1.080430      0.813168
    268   1     -5   3   4     4  0.162423  0.773490      91.108        0.0        0.0      0.002          0.2942  1.078959      0.691391
    269   1     -6   3   1     4  0.164079  0.775625      91.720       28.7       43.1      2.308        967.5931  1.073351      0.843140
    270   1      1   5   0     4  0.164237  0.775828      91.778       25.9       37.2      1.747       1655.8447  1.072823      0.444296
    271   1      5   1   4     4  0.164548  0.776225      91.892        2.1        3.0      0.162         71.1945  1.071790      0.851373
    272   1      0   5   1     4  0.164552  0.776230      91.894        1.6        2.3      0.125        119.4950  1.071777      0.391650
    273   1     -4   2   6     4  0.164999  0.776799      92.057       13.2       14.8      0.549        659.4540  1.070305      0.569149
    274   1     -4   3   5     4  0.165245  0.777111      92.146        0.1        0.1      0.003          5.1588  1.069499      0.586329
    275   1     -5   1   6     4  0.165275  0.777149      92.157       82.6       85.6      2.503       3612.6296  1.069401      0.650626
    276   1      1   4   4     4  0.165914  0.777958      92.389       38.1       33.5      0.719       2146.4939  1.067322      0.506406
    277   1     -6   3   2     4  0.166181  0.778294      92.485      151.7      131.2      1.890       5288.8047  1.066463      0.818426
    278   1      6   2   2     4  0.166199  0.778317      92.492      167.1      145.0      2.091       5272.3828  1.066404      0.904539
    279   1     -1   5   1     4  0.166268  0.778404      92.517        1.2        1.1      0.016         81.9043  1.066181      0.428921
    280   1     -2   1   7     4  0.166331  0.778483      92.540        8.0        7.2      0.118        560.7444  1.065979      0.408098
    281   1     -1   1   7     4  0.166511  0.778709      92.604        0.7        0.7      0.014         49.3253  1.065405      0.411949
    282   1     -4   4   3     4  0.166774  0.779039      92.699        0.6        0.5      0.014         28.2185  1.064565      0.620571
    283   1     -7   0   4     2  0.167403  0.779826      92.925       14.0       11.7      0.744        916.5635  1.062570      0.871160
    284   1      4   1   5     4  0.167421  0.779848      92.931        1.5        1.3      0.085         56.2561  1.062515      0.772265
    285   1      2   3   5     4  0.168662  0.781387      93.372        0.8        0.4      0.047         38.6873  1.058647      0.598652
    286   1      6   3   0     4  0.168741  0.781484      93.400       64.4       33.9      3.571       2156.8943  1.058405      0.856428
    287   1      1   5   1     4  0.168981  0.781780      93.485        0.7        0.4      0.053         43.8105  1.057668      0.458388
    288   1     -3   4   4     4  0.169044  0.781857      93.507        2.3        1.4      0.197        126.8067  1.057475      0.523761
    289   1      7   1   1     4  0.169985  0.783011      93.838        5.7        1.0      0.788        169.0594  1.054616      0.977298
    290   1     -7   2   1     4  0.170528  0.783673      94.028        4.3        1.6      0.674        132.4788  1.052987      0.931050
    291   1     -7   2   2     4  0.171340  0.784657      94.310      135.3      138.4      4.812       4296.7334  1.050579      0.907461
    292   1      6   1   3     4  0.172028  0.785486      94.548        2.2        2.3      0.123         69.8439  1.048563      0.915436
    293   1     -3   1   7     4  0.172447  0.785989      94.692        0.0        0.9      0.000          0.0049  1.047346      0.475103
    294   1      0   1   7     4  0.173014  0.786667      94.886        0.6        0.5      0.080         36.2683  1.045714      0.479039
    295   1      2   5   0     4  0.173651  0.787424      95.103       53.2       56.5      2.424       3003.3506  1.043900      0.512507
    296   1      3   4   3     4  0.173672  0.787450      95.111        1.1        1.1      0.047         48.1176  1.043838      0.640407
    297   1     -7   1   4     4  0.174080  0.787933      95.249      106.4      120.1      2.911       3578.3474  1.042686      0.859865
    298   1      3   0   6     2  0.174364  0.788268      95.345       12.2       15.9      0.374       1014.6957  1.041889      0.694610
    299   1     -2   5   1     4  0.174405  0.788316      95.359        9.0       11.9      0.283        524.5962  1.041774      0.496485
    300   1      0   5   2     4  0.175019  0.789039      95.567       46.5       62.8      1.324       3326.8940  1.040062      0.405157

   No.  Code     H   K   L  Mult      Hw      ETA/M    2theta/TOF     Icalc       Iobs      Sigma     StrFactor^2    d-hkl       CORR

    301   1     -6   3   3     4  0.175421  0.789510      95.702        0.1        0.1      0.003          3.6527  1.038952      0.784687
    302   1     -1   5   2     4  0.175436  0.789528      95.707        3.8        5.3      0.127        268.8094  1.038909      0.413272
    303   1     -1   3   6     4  0.175611  0.789732      95.765       65.9       93.0      2.319       4810.8994  1.038430      0.397051
    304   1     -2   3   6     4  0.176873  0.791201      96.186       19.4       23.9      0.719       1338.1304  1.034999      0.421329
    305   1      2   2   6     4  0.176893  0.791224      96.193        0.0        0.0      0.001          1.1949  1.034945      0.610270
    306   1      7   2   0     4  0.176909  0.791242      96.198       76.8       93.8      2.924       2366.7100  1.034902      0.941079
    307   1      4   4   2     4  0.177123  0.791489      96.269        0.4        0.4      0.020         15.2344  1.034329      0.702666
    308   1     -5   4   1     4  0.177148  0.791518      96.278        0.1        0.2      0.007          5.1860  1.034261      0.732396
    309   1     -7   2   3     4  0.179495  0.794205      97.048        1.9        0.0      0.627         62.8974  1.028090      0.872403
    310   1      2   5   1     4  0.180286  0.795100      97.305        8.9        8.9      1.344        490.6440  1.026061      0.525728
    311   1      5   4   0     4  0.180833  0.795716      97.481        0.8        0.6      0.058         32.7246  1.024673      0.747511
    312   1     -5   4   2     4  0.180999  0.795902      97.535       23.3       17.3      1.127        953.6348  1.024254      0.709662
    313   1      6   3   1     4  0.181020  0.795926      97.542        0.0        0.0      0.000          0.1631  1.024201      0.858135
    314   1      0   3   6     4  0.181113  0.796030      97.571        1.4        1.1      0.054         88.9586  1.023967      0.461909
    315   1      1   5   2     4  0.181369  0.796317      97.654       68.1       57.3      1.748       4213.6504  1.023324      0.470422
    316   1      2   4   4     4  0.181399  0.796350      97.663       50.7       42.6      1.279       2569.2397  1.023249      0.573745
    317   1      3   1   6     4  0.181449  0.796407      97.679       69.6       58.2      1.743       2943.3333  1.023123      0.687994
    318   1     -6   2   5     4  0.182042  0.797067      97.869        0.5        0.4      0.019         20.3367  1.021648      0.738201
    319   1     -2   5   2     4  0.182694  0.797791      98.076       42.5       30.3      1.757       2582.9995  1.020040      0.478725
    320   1      4   3   4     4  0.184300  0.799560      98.584       14.5       16.6      1.450        577.8772  1.016145      0.732999
    321   1      7   0   2     2  0.184342  0.799606      98.597        0.6        0.7      0.057         34.3495  1.016045      0.971695
    322   1     -3   3   6     4  0.185122  0.800457      98.841       33.5       37.6      1.484       2013.7764  1.014189      0.486753
    323   1      5   2   4     4  0.185259  0.800605      98.883       61.3       68.3      2.439       2186.6003  1.013867      0.820443
    324   1     -1   4   5     4  0.185860  0.801257      99.070        1.3        1.4      0.059         99.6584  1.012455      0.383139
    325   1     -4   1   7     4  0.185908  0.801309      99.085        0.0        0.0      0.001          1.3371  1.012342      0.541746
    326   1     -6   0   6     2  0.186102  0.801519      99.146       19.7       22.3      0.763       1621.9780  1.011888      0.715588
    327   1     -5   2   6     4  0.186121  0.801540      99.151       36.5       41.7      1.409       1698.2289  1.011844      0.633943
    328   1     -4   4   4     4  0.186787  0.802257      99.357        7.7        9.8      0.523        388.0110  1.010301      0.589969
    329   1      1   1   7     4  0.186966  0.802450      99.412        5.5        6.8      0.398        298.3289  1.009888      0.545545
    330   1      5   3   3     4  0.187308  0.802816      99.517        2.1        2.6      0.206         79.2034  1.009105      0.798266
    331   1     -2   2   7     4  0.187378  0.802891      99.539        0.0        0.0      0.001          0.3879  1.008944      0.406434
    332   1     -1   2   7     4  0.187592  0.803119      99.604        0.5        0.4      0.068         33.8536  1.008457      0.410072
    333   1     -5   3   5     4  0.188009  0.803565      99.732        0.6        0.2      0.126         26.4825  1.007508      0.649974
    334   1      4   2   5     4  0.188677  0.804274      99.935        0.4        0.5      0.155         20.2173  1.006005      0.747467
    335   1     -2   4   5     4  0.188840  0.804447      99.985        0.4        0.7      0.150         43.9183  1.005639      0.433998

     -----------------------------------------------------
     BRAGG R-Factors and weight fractions for Pattern #  1
     -----------------------------------------------------

 => Phase:  1      #(C) 2021 by FIZ Karlsruhe - Leibniz Institute for Information Infrastructure.  All rights reserved.
 => Bragg R-factor:   8.14       Vol:  323.783( 0.008)  Fract(%):  100.00( 0.61)
 => Rf-factor=  9.00             ATZ:         743.567   Brindley:  1.0000

     -----------------------------------------------------------------
      SYMBOLIC NAMES AND FINAL VALUES AND SIGMA OF REFINED PARAMETERS:
     -----------------------------------------------------------------

      ->  Parameter number    1 :                                          Zero_pat1   -0.15027290E-01( +/-    0.60762564E-03 )
      ->  Parameter number    2 :                                     Scale_ph1_pat1    0.65139574E-02( +/-    0.28075307E-04 )
      ->  Parameter number    3 :                                    Cell_A_ph1_pat1     8.0147038    ( +/-    0.99286000E-04 )
      ->  Parameter number    4 :                                    Cell_B_ph1_pat1     5.4150562    ( +/-    0.84411877E-04 )
      ->  Parameter number    5 :                                    Cell_C_ph1_pat1     7.6270561    ( +/-    0.10168650E-03 )
      ->  Parameter number    6 :                                    Cell_E_ph1_pat1     101.99860    ( +/-    0.91009529E-03 )
      ->  Parameter number    7 :                                    U-Cagl_ph1_pat1    0.28765434E-01( +/-    0.16222621E-02 )
      ->  Parameter number    8 :                                    W-Cagl_ph1_pat1    0.63040578E-02( +/-    0.15029882E-03 )
      ->  Parameter number    9 :                                    V-Cagl_ph1_pat1   -0.96587148E-02( +/-    0.99994009E-03 )
      ->  Parameter number   10 :                                     EtaPV_ph1_pat1    0.45577917    ( +/-    0.13863335E-01 )
      ->  Parameter number   11 :                                     X-tan_ph1_pat1    0.34871986E-02( +/-    0.46290344E-03 )
      ->  Parameter number   12 :                                     Asym1_ph1_pat1    0.28098214E-01( +/-    0.30609146E-02 )
      ->  Parameter number   13 :                                     Asym2_ph1_pat1    0.11490270E-01( +/-    0.62528497E-03 )
      ->  Parameter number   14 :                                       Or1_ph1_pat1   -0.39470848    ( +/-    0.37922501E-02 )
      ->  Parameter number   15 :                                          X_Na1_ph1    0.36614776    ( +/-    0.46021055E-03 )
      ->  Parameter number   16 :                                          Y_Na1_ph1    0.78622717    ( +/-    0.13441565E-02 )
      ->  Parameter number   17 :                                          Z_Na1_ph1    0.11962757    ( +/-    0.64531178E-03 )
      ->  Parameter number   18 :                                          X_Nb1_ph1    0.15500912    ( +/-    0.12859656E-03 )
      ->  Parameter number   19 :                                          Y_Nb1_ph1    0.25682214    ( +/-    0.56144147E-03 )
      ->  Parameter number   20 :                                          Z_Nb1_ph1    0.31834659    ( +/-    0.19612497E-03 )
      ->  Parameter number   21 :                                           X_O1_ph1    0.18271109    ( +/-    0.86603785E-03 )
      ->  Parameter number   22 :                                           Y_O1_ph1    0.15534660    ( +/-    0.13654372E-02 )
      ->  Parameter number   23 :                                           Z_O1_ph1    0.66574454E-01( +/-    0.13879325E-02 )
      ->  Parameter number   24 :                                           X_O2_ph1    0.74055284E-01( +/-    0.75906340E-03 )
      ->  Parameter number   25 :                                           Y_O2_ph1    0.58800209    ( +/-    0.16441137E-02 )
      ->  Parameter number   26 :                                           Z_O2_ph1    0.23041105    ( +/-    0.10964792E-02 )
      ->  Parameter number   27 :                                           X_F1_ph1    0.36668858    ( +/-    0.74285094E-03 )
      ->  Parameter number   28 :                                           Y_F1_ph1    0.42707461    ( +/-    0.12089813E-02 )
      ->  Parameter number   29 :                                           Z_F1_ph1    0.30380425    ( +/-    0.99055970E-03 )
      ->  Parameter number   30 :                                           X_F2_ph1    0.31752297    ( +/-    0.70013280E-03 )
      ->  Parameter number   31 :                                           Y_F2_ph1    0.97756499    ( +/-    0.11045525E-02 )
      ->  Parameter number   32 :                                           Z_F2_ph1    0.38468850    ( +/-    0.10289775E-02 )

 ------------------------------------------------------------------
 => Number of bytes for floating point variables: 4
 => Dimensions of dynamic allocated arrays in this run of FullProf:
 ------------------------------------------------------------------

 => Total approximate array memory (dynamic + static): 128536585 bytes

    MaxPOINT=    60000 Max.num. of points(+int. Inten.)/diffraction pattern       
    MaxREFLT=    20000 Max.num. of reflections/diffraction pattern               
    MaxPARAM=      300 Max.num. of refinable parameters                          
    MaxOVERL=    18096 Max.num. of overlapping reflections                       

 ----------------------------------------------------------
 => Number of bytes for floating point arrays: 4
 => Dimensions of fixed arrays in this release of FullProf:
 ----------------------------------------------------------

    NPATT   =       80 Max.num. of powder diffraction patterns                    
    NATS    =      830 Max.num. of atoms (all kind) in asymmetric unit            
    MPAR    =     1800 Max.num. of non atomic parameters/phase                    
    IEXCL   =       30 Max.num. of excluded regions                               
    IBACP   =      377 Max.num. of background points for interpolation            
    NPHT    =       16 Max.num. of phases                                         
    NMAGM   =        8 Max.num. of rotation-matrices sets for magnetic structure  
    NBASIS  =       12 Max.num. of basis functions associated to a single atom    
    NIREPS  =        9 Max.num. of irreducible representations to be combined     
    N_EQ    =      384 Max.num. of user-supplied symmetry operators/propagation vectors
    NGL     =      400 Max.num. of global parameters/diffraction pattern          
    N_LINC  =       50 Max.num. of global linear restraints                        
    NAT_P   =       80 Max.num. of atomic parameters per atom                     
    NCONST  =      500 Max.num. of slack constraints per phase                    
    N_SPE   =       30 Max.num. of different chemical species                     
    N_FORM  =       60 Max.num. of scattering factor values in a table            
    NPR     =      150 Max.num. of points defining a numerical profile            
    INPR    =       25 Max.num. of different numerical peak shapes                
    NPRC    =      150 Max.num. of terms in the table for correcting intensities  
    NSOL    =       10 Max.num. of solutions to be stored in Montecarlo searchs   

 
              CPU Time:     1.141 seconds
                            0.019 minutes

 => Run finished at:     Date: 03/02/2023  Time: 16:18:24.444                              
