

        **********************************************************
        ** PROGRAM FullProf.2k (Version 7.30 - Mar2020-ILL JRC) **
        **********************************************************
                       M U L T I -- P A T T E R N                 
            Rietveld, Profile Matching & Integrated Intensity     
                 Refinement of X-ray and/or Neutron Data


    Date: 03/02/2023  Time: 17:18:31.524                              

 => PCR file code: NaNbO2F2
 => DAT file code: NaNbO2F2.dat         -> Relative contribution: 1.0000                                                            

 ==> CONDITIONS OF THIS RUN FOR PATTERN No.:  1

 => Global Refinement of X-ray powder diffraction data                                                                              
 => Global Refinement of X-ray powder diffraction data                                                                              
    Bragg-Brentano(X-rays) or Debye-Scherrer geometry(Neutrons)
 => Title:  #(C) 2021 by FIZ Karlsruhe - Leibniz Institute for Information Infrastructure.  All rights reserved.

 => Number of phases:    1
 => Number of excluded regions:    1
 => Number of scattering factors supplied:    0
 => Conventional weights: w=1.0/Variance(yobs)
 => Asymmetry correction as in J.Appl.Cryst. 26,128(1993)
 => Background linearly interpolated between the   23 points given
 => The    5th default profile function was selected
 => Pseudo-Voigt function (ETA variable)
                 X-parameter correspond to: ETA=ETA0+X*2theta
                       pV(x)= ETA*L(x)+(1-ETA)*G(x)

 ==> INPUT/OUTPUT OPTIONS:

 => Generate file *.PRF for plot
 => Output Integrated Intensities
 => Generate new input file *.PCR

 => X-Y type of data: 2theta/TOF/E(Kev) Intens sigma for pattern:  1
 => Plot pattern at each cycle
 => Wavelengths:  1.54056 1.54439
 => Alpha2/Alpha1 ratio:   0.5000
 => Cos(Monochromator angle)=   0.9100
 => Asymmetry correction for angles lower than   90.000 degrees
 => Absorption correction (AC), muR-eff =   0.0000  0.0000
 => Base of peaks: 2.0*HW*    8.00

 => Number of cycles:   33
 => Relaxation factors ==>    for coordinates:  1.00
 => for anisotropic temperature factors:  1.00
 => for halfwidth/strain/size parameters:  1.00
 => for lattice constants and propagation vectors:  1.00
 => EPS-value for convergence:    0.1
 => Background ==> 
    Position   Intensity
       10.09     7597.94        0.00
       12.26     7963.31        0.00
       13.53     7999.92        0.00
       15.57     7561.15        0.00
       18.15     7093.79        0.00
       20.85     7428.00        0.00
       25.21     7323.82        0.00
       30.55     7066.80        0.00
       34.54     6588.96        0.00
       38.39     6395.06        0.00
       42.14     6372.99        0.00
       45.43     6491.70        0.00
       53.95     6404.39        0.00
       62.40     6089.97        0.00
       67.07     5939.32        0.00
       75.43     5974.19        0.00
       78.42     5775.05        0.00
       82.02     5851.50        0.00
       86.07     5798.62        0.00
       90.98     5747.22        0.00

       94.37     5775.72        0.00
       96.59     5736.07        0.00
       99.68     5644.53        0.00

 

 => Excluded regions for Pattern#  1
    From     to
     14.0000     18.0000

 => Number of Least-Squares parameters varied:    32

 =>--------------------------->
 =>------->  PATTERN number:  1
 =>--------------------------->
 => Global parameters and codes ==>
 => Zero-point:     0.0019   11.0000
 => Displacement peak-shift parameter and code:     0.00    0.00
 => Transparency peak-shift parameter and code:     0.00    0.00

 => Reading Intensity data  =>>

 -> No recognizable heading in input data file X,Y,sigma
    First 6 lines are considered as COMMENTS (except for TSAMP keyword)
 -> COMMENT: 10.0116	7637.00000                                                                                                                  
 -> COMMENT: 10.0247	7839.00000                                                                                                                  
 -> COMMENT: 10.0379	7703.00000                                                                                                                  
 -> COMMENT: 10.0510	7587.00000                                                                                                                  
 -> COMMENT: 10.0641	7439.00000                                                                                                                  
 -> COMMENT: 10.0772	7683.00000                                                                                                                  
 ==> Angular range, step and number of points:
     2Thmin:      10.090400  2Thmax:      99.993401  Step:       0.013132  No. of points:   6848
 --------------------------------------------------------------------------------
 => Phase  No. 1
       #(C) 2021 by FIZ Karlsruhe - Leibniz Institute for Information Infras
 --------------------------------------------------------------------------------
 =>-------> Pattern#  1
 => Crystal Structure Refinement
 => Preferred orientation vector:   1.0000  0.0000  0.0000

 =>-------> Data for PHASE: 1
 => Number of atoms:    6
 => Number of distance  constraints:    0
 => Number of angle     constraints:    0

 => Symmetry information on space group: P 1 21/c 1          
 -> The multiplicity of the general position is:   4
 -> The space group is Centric (-1 at origin)   
 -> Lattice type  P: { 000 }                                       
 -> Reduced set of symmetry operators:

  No.  IT   Symmetry symbol    Rotation part     Associated Translation
   1: ( 1)   1            -->     ( x, y, z) + {  0.0000  0.0000  0.0000}
   2: ( 3)   2 ( 0, y, 0) -->     (-x, y,-z) + {  0.0000  0.5000  0.5000}


        Information on Space Group: 
        --------------------------- 

 =>   Number of Space group:  14
 =>  Hermann-Mauguin Symbol: P 1 21/c 1
 =>             Hall Symbol: -P 2ybc
 =>    Table Setting Choice: b1
 =>            Setting Type: IT (Generated from Hermann-Mauguin symbol)
 =>          Crystal System: Monoclinic
 =>              Laue Class: 2/m
 =>             Point Group: 2/m
 =>         Bravais Lattice: P
 =>          Lattice Symbol: mP
 =>  Reduced Number of S.O.:   2
 =>    General multiplicity:   4
 =>          Centrosymmetry: Centric (-1 at origin)
 =>  Generators (exc. -1&L):   1
 =>         Asymmetric unit:  0.000 <= x <=  1.000
                              0.000 <= y <=  0.250
                              0.000 <= z <=  1.000

 => List of S.O. without inversion and lattice centring translations
 => SYMM(  1): x,y,z                               => SYMM(  2): -x,y+1/2,-z+1/2


 => Initial parameters ==>
 Atom    Ntyp                  X         Y         Z         B         occ.         in  fin  Spc  Mult
                             B11       B22       B33       B12       B13       B23
 Na1    Na                 0.36919   0.78758   0.11683   1.12908   1.00000           0    0    0    4
                 Codes:  151.00000 161.00000 171.00000   0.00000   0.00000
 Nb1    Nb                 0.15552   0.25602   0.31761   1.31779   1.00000           0    0    0    4
                 Codes:  181.00000 191.00000 201.00000   0.00000   0.00000
 O1     O                  0.18151   0.16572   0.05676   1.45281   1.00000           0    0    0    4
                 Codes:  211.00000 221.00000 231.00000   0.00000   0.00000
 O2     O                  0.07000   0.58568   0.23495   1.45281   1.00000           0    0    0    4
                 Codes:  241.00000 251.00000 261.00000   0.00000   0.00000
 F1     F                  0.36633   0.42749   0.30589   1.79232   1.00000           0    0    0    4
                 Codes:  271.00000 281.00000 291.00000   0.00000   0.00000
 F2     F                  0.31694   0.97827   0.38084   1.79232   1.00000           0    0    0    4
                 Codes:  301.00000 311.00000 321.00000   0.00000   0.00000

 => IT IS ASSUMED THAT THE FIRST GIVEN SITE IS FULLY OCCUPIED 
    OR THE FIRST AND SECOND ATOMS ARE IN THE SAME SITE WITH TOTAL FULL OCCUPATION
  (If this is not the case, change the order of atoms to obtain correct values for the content of the unit cell)
    The given occupation factors have been obtained mutiplying m/M by   1.0000
      -> Atom: Na  ,  Chemical element: NA  Atomic Mass:    22.9898
      -> Atom: Nb  ,  Chemical element: NB  Atomic Mass:    92.9064
      -> Atom: O   ,  Chemical element: O   Atomic Mass:    15.9994
      -> Atom: O   ,  Chemical element: O   Atomic Mass:    15.9994
      -> Atom: F   ,  Chemical element: F   Atomic Mass:    18.9984
      -> Atom: F   ,  Chemical element: F   Atomic Mass:    18.9984
 => The given value of ATZ is        743.57 the program has calculated:         743.57
    The value of ATZ given in the input PCR file will be used for quantitative analysis
 => The chemical content of the unit cell is: 
       4.0000 Na   +   4.0000 Nb   +   4.0000 O    +   4.0000 O    +   4.0000 F    +   4.0000 F      
 => The normalized site occupation numbers in % are: 
     100.0000 Na1    :      100.0000 Nb1    :      100.0000 O1     :      100.0000 O2     :      100.0000 F1     :      100.0000 F2       
 => The density (volumic mass) of the compound is:    3.781 g/cm3

 =>-------> PROFILE PARAMETERS FOR PATTERN:  1

 => Overall scale factor:   0.647990E-02
 => ETA (p-Voigt) OR M (Pearson VII):   0.4620
 => Overall temperature factor:      0.00000
 => Halfwidth U,V,W:      0.03432    -0.01070     0.00616
 => X and Y parameters:       0.0025      0.0000
 => Direct cell parameters:    8.0439   5.4365   7.6390  90.0000 102.1803  90.0000
 => Preferred orientation parameters:  -0.3980  0.0000
 => Asymmetry parameters     :      0.02704     0.01265     0.00000     0.00000
 => Strain parameters        :      0.00000     0.00000     0.00000
 => Size   parameters        :      0.00000     0.00000

 ==> CODEWORDS FOR PROFILE PARAMETERS of PATTERN#  1

 => Overall scale factor:   21.000
 => ETA (p-Voigt) OR M (Pearson VII):   91.000
 => Overall temperature factor:    0.000
 => Halfwidth U,V,W:   71.000 111.000  81.000
 => X and Y parameters:  101.000   0.000
 => Direct cell parameters:   31.000  41.000  51.000   0.000  61.000   0.000
 => Preferred orientation parameters:  141.000   0.000
 => Asymmetry parameters     :  121.000 131.000   0.000   0.000
 => Strain parameters        :    0.000   0.000   0.000
 => Size   parameters        :    0.000   0.000

 => Cell constraints according to Laue symmetry: 2/m  

        Metric information:
        -------------------

 => Direct cell parameters:

         a =       8.0439      b =       5.4365      c =       7.6390
     alpha =       90.000   beta =      102.180  gamma =       90.000
                        Direct Cell Volume =     326.5392

 => Reciprocal cell parameters:

         a*=     0.127181      b*=     0.183940      c*=     0.133922
     alpha*=       90.000   beta*=       77.820  gamma*=       90.000
                    Reciprocal Cell Volume =   0.00306242

 => Direct and Reciprocal Metric Tensors:

                   GD                                       GR
     64.7039      0.0000    -12.9646          0.016175    0.000000    0.003594
      0.0000     29.5560      0.0000          0.000000    0.033834    0.000000
    -12.9646      0.0000     58.3541          0.003594    0.000000    0.017935

 =>  Cartesian frame: z // c; y is in the bc-plane; x is y ^ z = a*  

     Crystal_to_Orthonormal_Matrix              Orthonormal_to_Crystal Matrix
              Cr_Orth_cel                               Orth_Cr_cel  
      8.0439      0.0000     -1.6117          0.124318   -0.000000    0.026834
      0.0000      5.4365      0.0000          0.000000    0.183940   -0.000000
      0.0000      0.0000      7.4670          0.000000    0.000000    0.133922

     Busing-Levy B-matrix: Hc=B.H            Inverse of the Busing-Levy B-matrix
                BL_M                                      BL_Minv  
    0.127181    0.000000    0.028256            7.8628     -0.0000     -1.6972
    0.000000    0.183940   -0.000000            0.0000      5.4365      0.0000
    0.000000    0.000000    0.130907            0.0000      0.0000      7.6390

 => Laue symmetry 2/m   will be used to generate HKL for pattern#   1
 => Reflections generated between S(1/d)min:  0.1139 A-1 and S(1/d)max:  1.0105 A-1
 =>                                    dmax:  8.7808 A   and      dmin:  0.9896 A
 => The number of reflections generated is:    355
 => The max. scatt. variable (gen.ref.) is:       102.2229
 => Scattering coefficients from internal table


 => X-ray scattering coeff. (A1, B1, A2,...C, f(0), Z, Dfp,Dfpp)

 NA      4.7626   3.2850   3.1736   8.8422   1.2674   0.3136   1.1128 129.4240   0.6760  10.9924  11.0000   0.1290   0.1240
 NB     17.6142   1.1887  12.0144  11.7660   4.0418   0.2048   3.5335  69.7957   3.7559  40.9598  41.0000  -0.2480   2.4820
 O       3.0485  13.2771   2.2868   5.7011   1.5463   0.3239   0.8670  32.9089   0.2508   7.9994   8.0000   0.0470   0.0320
 F       3.5392  10.2825   2.6412   4.2944   1.5170   0.2615   1.0243  26.1476   0.2776   8.9993   9.0000   0.0690   0.0530

     --------------------------------------------------------------
      SYMBOLIC NAMES AND INITIAL VALUES OF PARAMETERS TO BE VARIED:
     --------------------------------------------------------------

      ->  Parameter number    1   -> Symbolic Name:                                          Zero_pat1    0.19000000E-02
      ->  Parameter number    2   -> Symbolic Name:                                     Scale_ph1_pat1    0.64798999E-02
      ->  Parameter number    3   -> Symbolic Name:                                    Cell_A_ph1_pat1     8.0438709    
      ->  Parameter number    4   -> Symbolic Name:                                    Cell_B_ph1_pat1     5.4365420    
      ->  Parameter number    5   -> Symbolic Name:                                    Cell_C_ph1_pat1     7.6389880    
      ->  Parameter number    6   -> Symbolic Name:                                    Cell_E_ph1_pat1     102.18031    
      ->  Parameter number    7   -> Symbolic Name:                                    U-Cagl_ph1_pat1    0.34322001E-01
      ->  Parameter number    8   -> Symbolic Name:                                    W-Cagl_ph1_pat1    0.61559998E-02
      ->  Parameter number    9   -> Symbolic Name:                                     EtaPV_ph1_pat1    0.46197000    
      ->  Parameter number   10   -> Symbolic Name:                                     X-tan_ph1_pat1    0.25390000E-02
      ->  Parameter number   11   -> Symbolic Name:                                    V-Cagl_ph1_pat1   -0.10698000E-01
      ->  Parameter number   12   -> Symbolic Name:                                     Asym1_ph1_pat1    0.27039999E-01
      ->  Parameter number   13   -> Symbolic Name:                                     Asym2_ph1_pat1    0.12650000E-01
      ->  Parameter number   14   -> Symbolic Name:                                       Or1_ph1_pat1   -0.39798999    
      ->  Parameter number   15   -> Symbolic Name:                                          X_Na1_ph1    0.36919001    
      ->  Parameter number   16   -> Symbolic Name:                                          Y_Na1_ph1    0.78758001    
      ->  Parameter number   17   -> Symbolic Name:                                          Z_Na1_ph1    0.11683000    
      ->  Parameter number   18   -> Symbolic Name:                                          X_Nb1_ph1    0.15552001    
      ->  Parameter number   19   -> Symbolic Name:                                          Y_Nb1_ph1    0.25602001    
      ->  Parameter number   20   -> Symbolic Name:                                          Z_Nb1_ph1    0.31761000    
      ->  Parameter number   21   -> Symbolic Name:                                           X_O1_ph1    0.18151000    
      ->  Parameter number   22   -> Symbolic Name:                                           Y_O1_ph1    0.16572000    
      ->  Parameter number   23   -> Symbolic Name:                                           Z_O1_ph1    0.56759998E-01
      ->  Parameter number   24   -> Symbolic Name:                                           X_O2_ph1    0.70000000E-01
      ->  Parameter number   25   -> Symbolic Name:                                           Y_O2_ph1    0.58568001    
      ->  Parameter number   26   -> Symbolic Name:                                           Z_O2_ph1    0.23495001    
      ->  Parameter number   27   -> Symbolic Name:                                           X_F1_ph1    0.36633000    
      ->  Parameter number   28   -> Symbolic Name:                                           Y_F1_ph1    0.42749000    
      ->  Parameter number   29   -> Symbolic Name:                                           Z_F1_ph1    0.30588999    
      ->  Parameter number   30   -> Symbolic Name:                                           X_F2_ph1    0.31694001    
      ->  Parameter number   31   -> Symbolic Name:                                           Y_F2_ph1    0.97826999    
      ->  Parameter number   32   -> Symbolic Name:                                           Z_F2_ph1    0.38084000    
  
 
 => No optimization for routine tasks
 ++++++++++++++++++++++++++++++++++++++++++++++++++++++++++++++++++++++++++++++++++++++++++++++++++++++++++++++++++++++++

 => CYCLE No.:    1
 ---------------------------------------------------------------------------------------
 => Phase  1 Name:  #(C) 2021 by FIZ Karlsruhe - Leibniz Institute for Information Infras
 ---------------------------------------------------------------------------------------
 => New parameters, shifts, and standard deviations

 Atom        x       dx      sx       y       dy      sy       z       dz      sz       B       dB      sB      occ.    docc.   socc.

 Na1      0.36919-0.00000 0.00045  0.78759 0.00001 0.00127  0.11684 0.00001 0.00063  1.12908 0.00000 0.00000  1.00000 0.00000 0.00000
 Nb1      0.15552 0.00000 0.00014  0.25602 0.00000 0.00058  0.31761 0.00000 0.00020  1.31779 0.00000 0.00000  1.00000 0.00000 0.00000
 O1       0.18151-0.00000 0.00086  0.16572-0.00000 0.00133  0.05676-0.00000 0.00140  1.45281 0.00000 0.00000  1.00000 0.00000 0.00000
 O2       0.07000-0.00000 0.00077  0.58566-0.00002 0.00166  0.23495-0.00000 0.00110  1.45281 0.00000 0.00000  1.00000 0.00000 0.00000
 F1       0.36633-0.00000 0.00075  0.42746-0.00003 0.00121  0.30590 0.00001 0.00099  1.79232 0.00000 0.00000  1.00000 0.00000 0.00000
 F2       0.31693-0.00001 0.00072  0.97825-0.00002 0.00110  0.38084-0.00000 0.00101  1.79232 0.00000 0.00000  1.00000 0.00000 0.00000

 ==> PROFILE PARAMETERS FOR PATTERN#  1

 => Overall scale factor:      0.006479435    -0.000000465     0.000027498
 => Eta(p-Voigt) or m(Pearson VII):   0.461941 -0.000029  0.013812
 => Overall tem. factor:     0.000000    0.000000    0.000000
 => Halfwidth parameters: 
         0.034319   -0.000003    0.001721
        -0.010709   -0.000011    0.001045
         0.006156   -0.000000    0.000152
 => Cell parameters: 
        8.043871    0.000000    0.000101
        5.436542   -0.000000    0.000089
        7.638988    0.000000    0.000107
       90.000000    0.000000    0.000000
      102.180313    0.000000    0.000959
       90.000000    0.000000    0.000000
 => Preferred orientation: 
        -0.397979    0.000011    0.003718
         0.000000    0.000000    0.000000
 => Asymmetry parameters: 
         0.027026   -0.000014    0.003171
         0.012649   -0.000001    0.000633
         0.000000    0.000000    0.000000
         0.000000    0.000000    0.000000
 => X and Y parameters: 
         0.002533   -0.000006    0.000467
         0.000000    0.000000    0.000000
 => Strain parameters: 
         0.000000    0.000000    0.000000
         0.000000    0.000000    0.000000
         0.000000    0.000000    0.000000
 => Size   parameters (G,L): 
         0.000000    0.000000    0.000000
         0.000000    0.000000    0.000000

 ==> GLOBAL PARAMETERS FOR PATTERN#  1


 => Zero-point:     0.0019   -0.0000    0.0006

 => Cos( theta)-shift parameter :   0.0000  0.0000  0.0000
 => Sin(2theta)-shift parameter :   0.0000  0.0000  0.0000

 ==> RELIABILITY FACTORS WITH ALL NON-EXCLUDED POINTS FOR PATTERN:  1

 => R-Factors:   2.30      3.33     Chi2:  8.32     DW-Stat.:  0.3809   Patt#:  1
 => Expected :            1.16                                1.9331
 => Deviance : 0.550E+05     Dev*:   8.443    
 => GoF-index:  2.9         Sqrt(Residual/N)
 => N-P+C:  6510

 =>    SumYdif       SumYobs      SumYcal      SumwYobsSQ     Residual    Condition
     0.1123E+07    0.4875E+08    0.4869E+08    0.4875E+08    0.5418E+05    0.9265E+10


 => Conventional Rietveld Rp,Rwp,Re and Chi2:   15.8      12.3      4.25      8.323    
 => (Values obtained using Ynet, but true sigma(y))
 =>  SumYnet, Sum(w Ynet**2):     0.7095E+07    0.3606E+07


 ==> RELIABILITY FACTORS FOR POINTS WITH BRAGG CONTRIBUTIONS FOR PATTERN:  1

 => R-Factors:   2.37      3.44     Chi2:  8.88     DW-Stat.:  0.3965   Patt#:
 => Expected :            1.16                                1.9301
 => Deviance : 0.528E+05     Dev*:   9.010    
 => GoF-index:  3.0         Sqrt(Residual/N)
 => N-P+C:  5862

 =>    SumYdif       SumYobs      SumYcal      SumwYobsSQ     Residual    Condition
     0.1043E+07    0.4393E+08    0.4389E+08    0.4393E+08    0.5206E+05    0.9265E+10


 => Conventional Rietveld Rp,Rwp,Re and Chi2:   14.7      12.0      4.03      8.881    
 => (Values obtained using Ynet, but true sigma(y))
 =>  SumYnet, Sum(w Ynet**2):     0.7074E+07    0.3604E+07


 => Global user-weigthed Chi2 (Bragg contrib.):   8.88    

 => ---------> Pattern#  1
 => Phase:  1
 =>    Bragg R-factor:  7.99    
 =>    RF-factor     :  8.45    


   Standard deviations have to be multiplied by: 3.4314
   (correlated residuals) See references:
  -J.F.Berar & P.Lelann, J. Appl. Cryst. 24, 1-5 (1991) 
  -J.F.Berar, Acc. in Pow. Diff. II,NIST Sp.Pub. 846, 63(1992) 

 ++++++++++++++++++++++++++++++++++++++++++++++++++++++++++++++++++++++++++++++++++++++++++++++++++++++++++++++++++++++++

 => CYCLE No.:    1
 =>  Convergence reached at this CYCLE !!!!
 =>  Parameter shifts set to zero
 ---------------------------------------------------------------------------------------
 => Phase  1 Name:  #(C) 2021 by FIZ Karlsruhe - Leibniz Institute for Information Infras
 ---------------------------------------------------------------------------------------
 => New parameters, shifts, and standard deviations

 Atom        x       dx      sx       y       dy      sy       z       dz      sz       B       dB      sB      occ.    docc.   socc.

 Na1      0.36919 0.00000 0.00045  0.78759 0.00000 0.00127  0.11684 0.00000 0.00063  1.12908 0.00000 0.00000  1.00000 0.00000 0.00000
 Nb1      0.15552 0.00000 0.00014  0.25602 0.00000 0.00058  0.31761 0.00000 0.00020  1.31779 0.00000 0.00000  1.00000 0.00000 0.00000
 O1       0.18151 0.00000 0.00086  0.16572 0.00000 0.00133  0.05676 0.00000 0.00140  1.45281 0.00000 0.00000  1.00000 0.00000 0.00000
 O2       0.07000 0.00000 0.00077  0.58566 0.00000 0.00166  0.23495 0.00000 0.00110  1.45281 0.00000 0.00000  1.00000 0.00000 0.00000
 F1       0.36633 0.00000 0.00075  0.42746 0.00000 0.00121  0.30590 0.00000 0.00099  1.79232 0.00000 0.00000  1.00000 0.00000 0.00000
 F2       0.31693 0.00000 0.00072  0.97825 0.00000 0.00110  0.38084 0.00000 0.00101  1.79232 0.00000 0.00000  1.00000 0.00000 0.00000

 ==> PROFILE PARAMETERS FOR PATTERN#  1

 => Overall scale factor:      0.006479435     0.000000000     0.000027498
 => Eta(p-Voigt) or m(Pearson VII):   0.461941  0.000000  0.013812
 => Overall tem. factor:     0.000000    0.000000    0.000000
 => Halfwidth parameters: 
         0.034319    0.000000    0.001721
        -0.010709    0.000000    0.001045
         0.006156    0.000000    0.000152
 => Cell parameters: 
        8.043871    0.000000    0.000101
        5.436542    0.000000    0.000089
        7.638988    0.000000    0.000107
       90.000000    0.000000    0.000000
      102.180313    0.000000    0.000959
       90.000000    0.000000    0.000000
 => Preferred orientation: 
        -0.397979    0.000000    0.003718
         0.000000    0.000000    0.000000
 => Asymmetry parameters: 
         0.027026    0.000000    0.003171
         0.012649    0.000000    0.000633
         0.000000    0.000000    0.000000
         0.000000    0.000000    0.000000
 => X and Y parameters: 
         0.002533    0.000000    0.000467
         0.000000    0.000000    0.000000
 => Strain parameters: 
         0.000000    0.000000    0.000000
         0.000000    0.000000    0.000000
         0.000000    0.000000    0.000000
 => Size   parameters (G,L): 
         0.000000    0.000000    0.000000
         0.000000    0.000000    0.000000

 ==> GLOBAL PARAMETERS FOR PATTERN#  1


 => Zero-point:     0.0019    0.0000    0.0006

 => Cos( theta)-shift parameter :   0.0000  0.0000  0.0000
 => Sin(2theta)-shift parameter :   0.0000  0.0000  0.0000

 ==> RELIABILITY FACTORS WITH ALL NON-EXCLUDED POINTS FOR PATTERN:  1

 => R-Factors:   2.30      3.33     Chi2:  8.32     DW-Stat.:  0.3809   Patt#:  1
 => Expected :            1.16                                1.9331
 => Deviance : 0.550E+05     Dev*:   8.443    
 => GoF-index:  2.9         Sqrt(Residual/N)
 => N-P+C:  6510

 =>    SumYdif       SumYobs      SumYcal      SumwYobsSQ     Residual    Condition
     0.1123E+07    0.4875E+08    0.4869E+08    0.4875E+08    0.5418E+05    0.9265E+10


 => Conventional Rietveld Rp,Rwp,Re and Chi2:   15.8      12.3      4.25      8.323    
 => (Values obtained using Ynet, but true sigma(y))
 =>  SumYnet, Sum(w Ynet**2):     0.7095E+07    0.3606E+07

 => N-sigma of the GoF:      417.784

 ==> RELIABILITY FACTORS FOR POINTS WITH BRAGG CONTRIBUTIONS FOR PATTERN:  1

 => R-Factors:   2.37      3.44     Chi2:  8.88     DW-Stat.:  0.3965   Patt#:
 => Expected :            1.16                                1.9301
 => Deviance : 0.528E+05     Dev*:   9.010    
 => GoF-index:  3.0         Sqrt(Residual/N)
 => N-P+C:  5862

 =>    SumYdif       SumYobs      SumYcal      SumwYobsSQ     Residual    Condition
     0.1043E+07    0.4393E+08    0.4389E+08    0.4393E+08    0.5206E+05    0.9265E+10


 => Conventional Rietveld Rp,Rwp,Re and Chi2:   14.7      12.0      4.03      8.881    
 => (Values obtained using Ynet, but true sigma(y))
 =>  SumYnet, Sum(w Ynet**2):     0.7074E+07    0.3604E+07

 => N-sigma of the GoF:      426.667

 => Global user-weigthed Chi2 (Bragg contrib.):   9.24    

 => ---------> Pattern#  1
 => Phase:  1
 =>    Bragg R-factor:  7.99    
 =>    RF-factor     :  8.45    

 --------------------------------------------------------------------------------------------------------------
 Pattern#  1 Phase No.:   1 Phase name:  #(C) 2021 by FIZ Karlsruhe - 
 --------------------------------------------------------------------------------------------------------------

   No.  Code     H   K   L  Mult      Hw      ETA/M    2theta/TOF     Icalc       Iobs      Sigma     StrFactor^2    d-hkl       CORR

      1   1      1   0   0     2  0.073726  0.490427      11.244     4814.6     4698.9      9.732       3860.0520  7.862792      1.000000
      2   1      1   1   0     4  0.073040  0.512199      19.838     7171.1     7011.0     10.742      13257.3955  4.471726      0.689858
      3   1      0   1   1     4  0.073070  0.513085      20.188       13.7       28.9      3.281         41.7375  4.395053      0.434963
      4   1     -1   1   1     4  0.073285  0.517397      21.890        2.7       40.8      5.576          7.1209  4.056970      0.586534
      5   1      2   0   0     2  0.073408  0.519191      22.598     1908.3     1990.6      8.408       6376.0298  3.931396      1.000000
      6   1      0   0   2     2  0.073663  0.522269      23.813     1705.7     1738.9      7.077      13243.7246  3.733512      0.479896
      7   1     -1   0   2     2  0.073735  0.523032      24.114     2538.4     2433.1      6.668      19166.1250  3.687525      0.506601
      8   1      1   1   1     4  0.073801  0.523700      24.378       24.4       21.5      2.811         69.3106  3.648284      0.688801
      9   1      2   1   0     4  0.074976  0.532837      27.985     7767.3     7629.1     11.119      23752.4922  3.185709      0.855553
     10   1     -2   1   1     4  0.075184  0.534134      28.496       29.8       27.4      0.606        103.4606  3.129665      0.782680
     11   1      1   0   2     2  0.075195  0.534204      28.524      102.2       96.8      1.742        802.9743  3.126676      0.693493
     12   1      0   1   2     4  0.075393  0.535380      28.988     2562.5     2709.7      7.003      15688.7373  3.077656      0.460432
     13   1     -1   1   2     4  0.075504  0.536017      29.240      233.2      272.8      1.782       1388.1293  3.051744      0.482381
     14   1     -2   0   2     2  0.075523  0.536129      29.284      525.5      662.3      3.597       4251.7842  3.047255      0.712092
     15   1      2   1   1     4  0.077079  0.543914      32.357       52.5        0.0      6.358        224.3767  2.764540      0.834590
     16   1      0   2   0     2  0.077405  0.545348      32.923      657.3      675.6      4.098      12988.3057  2.718271      0.374561
     17   1      1   1   2     4  0.077463  0.545598      33.021     1220.2     1179.7      4.349       7047.6777  2.710392      0.645013
     18   1     -2   1   2     4  0.077867  0.547290      33.689      857.2      841.6      5.090       5032.1865  2.658166      0.662565
     19   1      3   0   0     2  0.078176  0.548539      34.183      540.2      695.1      4.791       4336.0747  2.620931      1.000000
     20   1      1   2   0     4  0.078638  0.550343      34.894      540.6      545.0      5.508       4175.1357  2.569078      0.543393
     21   1      0   2   1     4  0.078777  0.550871      35.103       26.0       45.6      1.789        270.5886  2.554285      0.409115
     22   1     -1   2   1     4  0.079502  0.553529      36.152       23.5       18.3      3.614        213.8349  2.482534      0.498441
     23   1      2   0   2     2  0.079744  0.554381      36.489      502.2      332.0      5.847       5645.4170  2.460413      0.822849
     24   1     -3   0   2     2  0.080499  0.556958      37.506      175.9      113.2      3.468       2074.6692  2.395991      0.832770
     25   1     -3   1   1     4  0.080635  0.557407      37.683      460.5      463.7      3.637       2599.0312  2.385127      0.879247
     26   1      1   2   1     4  0.080708  0.557646      37.778      350.8      328.9      2.804       3080.5447  2.379376      0.568106
     27   1      3   1   0     4  0.080947  0.558424      38.085        1.5        3.9      0.643          8.1004  2.360896      0.922826
     28   1     -1   1   3     4  0.081863  0.561307      39.223      265.8      317.0      7.138       3415.1477  2.294981      0.421520
     29   1      0   1   3     4  0.082345  0.562766      39.798        0.6        3.4      0.517          7.4147  2.263101      0.469788
     30   1      2   1   2     4  0.082686  0.563777      40.197       43.2       84.5      2.495        318.5732  2.241543      0.775230
     31   1      2   2   0     4  0.082779  0.564047      40.304      201.6      350.6      4.098       1680.4231  2.235863      0.689858
     32   1     -2   2   1     4  0.083104  0.564991      40.677        0.4        0.8      0.119          3.7666  2.216226      0.647017
     33   1      0   2   2     4  0.083425  0.565907      41.038      166.1      156.6      2.623       2285.5945  2.197527      0.434963
     34   1     -3   1   2     4  0.083513  0.566156      41.137      542.9      496.4      3.765       4154.8853  2.192505      0.786141
     35   1     -1   2   2     4  0.083592  0.566379      41.225      265.5      256.0      2.096       3562.4536  2.188035      0.450462
     36   1     -2   1   3     4  0.084337  0.568440      42.038       19.3       17.3      3.381        216.0301  2.147550      0.564844
     37   1      3   1   1     4  0.084534  0.568974      42.249       26.0        0.0      3.876        183.2740  2.137324      0.904010
     38   1      2   2   1     4  0.085827  0.572374      43.591       99.6       93.2      4.851        972.1666  2.074589      0.701256
     39   1      1   1   3     4  0.085889  0.572534      43.654       76.4       59.2      2.497        861.6501  2.071733      0.609051
     40   1      1   2   2     4  0.086344  0.573686      44.109       28.3       15.7      2.729        347.3831  2.051410      0.572167
     41   1     -2   2   2     4  0.086877  0.575017      44.634      736.0      732.2      6.549       9051.0371  2.028485      0.586534
     42   1      4   0   0     2  0.088464  0.578833      46.141     1172.0     1341.9      8.031      18201.7617  1.965698      1.000000
     43   1      3   0   2     2  0.088631  0.579224      46.295      114.8      115.1      1.063       2016.3303  1.959504      0.890921
     44   1     -4   0   2     2  0.089931  0.582199      47.469      470.4      310.6      4.702       8688.2998  1.913745      0.896179
     45   1     -1   0   4     2  0.090071  0.582513      47.593      515.4      481.8      3.220      22151.0430  1.909050      0.387323
     46   1     -3   1   3     4  0.090254  0.582921      47.754       12.5       12.0      0.207        152.6910  1.902983      0.687307
     47   1     -3   2   1     4  0.090374  0.583187      47.859       10.4        9.7      0.446        115.5233  1.899051      0.757503
     48   1      3   2   0     4  0.090754  0.584027      48.191     1380.3     1525.2      6.065      14930.3691  1.886752      0.791175
     49   1     -4   1   1     4  0.090850  0.584237      48.274       25.3       29.0      0.141        234.6722  1.883706      0.926079
     50   1      0   0   4     2  0.091394  0.585419      48.740       41.8      124.3      2.296       1528.7645  1.866756      0.479896
     51   1     -1   2   3     4  0.091863  0.586425      49.137        2.2        3.0      0.062         47.0079  1.852596      0.412253
     52   1      4   1   0     4  0.091998  0.586714      49.251     1049.4     1145.1      5.571       9893.3838  1.848573      0.953223
     53   1     -2   0   4     2  0.092162  0.587062      49.389      331.8      335.6      1.564      11842.6514  1.843763      0.506601
     54   1      3   1   2     4  0.092174  0.587086      49.398       86.1       86.2      0.426        912.3765  1.843418      0.853514
     55   1      0   2   3     4  0.092440  0.587648      49.620        1.5        1.3      0.056         30.5901  1.835704      0.450967
     56   1      2   2   2     4  0.092847  0.588499      49.956     1475.8     1451.5      5.994      19876.2188  1.824142      0.688801
     57   1      2   1   3     4  0.093123  0.589071      50.182        0.9        0.9      0.021         11.0636  1.816458      0.720728
     58   1     -4   1   2     4  0.093536  0.589922      50.518      164.2      136.5      2.915       1816.9657  1.805167      0.859921
     59   1     -1   1   4     4  0.093683  0.590222      50.636      116.9      133.2      1.560       2891.7710  1.801225      0.386597
     60   1     -3   2   2     4  0.093826  0.590513      50.751      309.8      349.5      3.119       4254.1558  1.797419      0.699891

   No.  Code     H   K   L  Mult      Hw      ETA/M    2theta/TOF     Icalc       Iobs      Sigma     StrFactor^2    d-hkl       CORR

     61   1     -2   2   3     4  0.094793  0.592460      51.519       16.6       10.0      1.002        312.4857  1.772400      0.528685
     62   1      3   2   1     4  0.095023  0.592917      51.700       33.4       31.9      0.281        421.2322  1.766638      0.794024
     63   1      1   3   0     4  0.095053  0.592977      51.723      229.3      227.6      1.552       4719.4478  1.765887      0.487142
     64   1      0   1   4     4  0.095066  0.593002      51.733      683.3      680.8      4.414      14466.9609  1.765571      0.473846
     65   1      0   3   1     4  0.095249  0.593362      51.876       73.5       78.6      0.653       1864.0869  1.761060      0.398222
     66   1     -2   1   4     4  0.095868  0.594575      52.354        0.2        0.1      0.049          3.4990  1.746080      0.499093
     67   1     -1   3   1     4  0.096253  0.595320      52.648        2.7        2.0      0.111         60.7126  1.737018      0.459347
     68   1      1   0   4     2  0.096304  0.595419      52.687      181.0      147.0      4.708       6351.6523  1.735822      0.595790
     69   1      1   2   3     4  0.096597  0.595982      52.910        6.5        0.1      0.791        120.6658  1.729054      0.566152
     70   1      4   1   1     4  0.097143  0.597022      53.320        4.2        0.0      2.685         48.2982  1.716704      0.938903
     71   1      1   3   1     4  0.097880  0.598410      53.868        0.1        0.0      0.306          1.1192  1.700532      0.508641
     72   1     -3   0   4     2  0.097936  0.598514      53.909        0.9        0.0      3.664         32.5823  1.699338      0.619460
     73   1      1   1   4     4  0.100179  0.602614      55.527      235.3      202.4      5.829       4734.8506  1.653580      0.584095
     74   1     -4   1   3     4  0.100423  0.603048      55.699       89.2       82.1      1.078       1359.6702  1.648890      0.776757
     75   1      2   3   0     4  0.100587  0.603341      55.814      859.4      774.0      4.704      17124.0723  1.645754      0.596781
     76   1     -2   3   1     4  0.101005  0.604081      56.107       45.1       53.1      1.369        955.2615  1.637876      0.568391
     77   1      0   3   2     4  0.101415  0.604802      56.391      244.8      330.4      3.547       7106.7212  1.630284      0.418938
     78   1     -3   2   3     4  0.101579  0.605090      56.505        7.9       10.5      0.147        152.4510  1.627269      0.635761
     79   1     -1   3   2     4  0.101627  0.605174      56.538       14.7       19.2      0.248        418.3658  1.626397      0.430307
     80   1     -3   1   4     4  0.101873  0.605602      56.707      562.5      575.9      4.148      11415.0479  1.621948      0.606898
     81   1     -4   2   1     4  0.102253  0.606260      56.967       63.7       70.7      1.780        954.0394  1.615166      0.830811
     82   1      4   0   2     2  0.102815  0.607227      57.349       29.0       19.0      2.335        788.9081  1.605320      0.927850
     83   1      4   2   0     4  0.103546  0.608471      57.840      402.0      478.7      4.524       6046.2495  1.592854      0.855553
     84   1      3   2   2     4  0.103744  0.608804      57.971      288.3      380.7      2.492       4812.3867  1.589553      0.774868
     85   1      2   3   1     4  0.104437  0.609968      58.430        1.8        2.0      0.200         37.9435  1.578149      0.613221
     86   1     -5   0   2     2  0.104768  0.610519      58.648      144.9      152.8      2.714       4129.9204  1.572816      0.930821
     87   1      5   0   0     2  0.104784  0.610545      58.658       27.9       29.6      0.496        739.8224  1.572558      1.000000
     88   1      2   2   3     4  0.104809  0.610586      58.674        5.5        5.9      0.096        109.2914  1.572170      0.667147
     89   1      3   1   3     4  0.104922  0.610774      58.749       13.3       14.4      0.238        221.3509  1.570356      0.799831
     90   1      1   3   2     4  0.105079  0.611033      58.851      234.9      257.1      2.168       6021.2012  1.567874      0.521685
     91   1     -4   2   2     4  0.105272  0.611351      58.976      539.4      509.0      2.943       9259.0488  1.564832      0.782680
     92   1      2   0   4     2  0.105367  0.611508      59.038       65.5       66.4      0.387       2543.1140  1.563338      0.693493
     93   1     -1   2   4     4  0.105436  0.611621      59.083      178.2      180.6      1.152       6244.1821  1.562262      0.384989
     94   1     -2   3   2     4  0.105739  0.612118      59.279      471.0      453.7      3.233      12005.9834  1.557567      0.532924
     95   1     -5   1   1     4  0.106724  0.613718      59.910       18.9       15.9      0.544        276.1437  1.542648      0.950883
     96   1      4   1   2     4  0.106930  0.614049      60.041      845.7      741.8      5.234      13132.0869  1.539602      0.899784
     97   1      0   2   4     4  0.106983  0.614133      60.074       18.7       16.5      0.119        567.3405  1.538828      0.460432
     98   1     -2   2   4     4  0.107877  0.615560      60.638      251.3      311.8      3.735       7439.3950  1.525872      0.482381
     99   1     -4   0   4     2  0.108035  0.615811      60.737       64.7       74.2      1.064       2604.9622  1.523628      0.712092
    100   1     -5   1   2     4  0.108951  0.617250      61.305      479.5      563.7      2.937       7758.9468  1.510859      0.903640
    101   1      5   1   0     4  0.108968  0.617276      61.315      506.4      596.6      2.964       7644.8555  1.510631      0.968939
    102   1      4   2   1     4  0.109297  0.617788      61.517        8.0        9.0      0.082        138.1693  1.506151      0.854425
    103   1      2   1   4     4  0.109571  0.618214      61.685      282.7      208.1      3.566       6168.0273  1.502452      0.679112
    104   1     -3   3   1     4  0.110009  0.618890      61.952        3.7        2.4      0.279         83.4738  1.496617      0.664343
    105   1      3   3   0     4  0.110470  0.619597      62.231        4.3        0.6      1.313         93.4624  1.490576      0.689858
    106   1     -1   3   3     4  0.111808  0.621625      63.032        6.1        9.0      1.289        233.0800  1.473561      0.404395
    107   1     -1   1   5     4  0.112054  0.621995      63.178        8.5        9.1      0.794        345.6950  1.470506      0.384332
    108   1     -4   1   4     4  0.112331  0.622409      63.341      240.1      209.4      4.684       5400.3203  1.467101      0.697498
    109   1      0   3   3     4  0.112502  0.622664      63.442        9.0        8.0      0.171        326.7867  1.465018      0.434963
    110   1      1   2   4     4  0.112670  0.622914      63.541      224.6      206.3      2.788       6362.8154  1.462978      0.557469
    111   1     -4   2   3     4  0.112940  0.623315      63.699        4.0        3.2      0.072         87.4008  1.459727      0.722609
    112   1      2   3   2     4  0.112991  0.623390      63.728       69.7       54.3      1.358       1792.9015  1.459121      0.617819
    113   1     -2   1   5     4  0.113686  0.624414      64.133        1.3        0.2      0.280         47.2748  1.450891      0.455327
    114   1     -3   3   2     4  0.114164  0.625114      64.409      201.6      183.3      4.614       5222.4229  1.445335      0.627680
    115   1     -3   2   4     4  0.114548  0.625673      64.629       15.7       13.7      0.636        445.6006  1.440936      0.578058
    116   1      0   1   5     4  0.114625  0.625784      64.673        8.2        7.0      0.564        282.9198  1.440060      0.475905
    117   1     -2   3   3     4  0.115322  0.626790      65.071        6.0        8.8      1.912        201.5880  1.432230      0.496988
    118   1      3   3   1     4  0.115597  0.627185      65.226        1.0        1.8      0.303         23.3495  1.429185      0.700842
    119   1     -5   1   3     4  0.115893  0.627609      65.394       30.9       17.2      2.329        619.5804  1.425929      0.837874
    120   1      5   1   1     4  0.115929  0.627659      65.414       28.2       15.0      2.079        494.6776  1.425545      0.958168

   No.  Code     H   K   L  Mult      Hw      ETA/M    2theta/TOF     Icalc       Iobs      Sigma     StrFactor^2    d-hkl       CORR

    121   1      1   3   3     4  0.117473  0.629845      66.276        0.9        3.2      1.344         30.3568  1.409066      0.527603
    122   1      3   2   3     4  0.117924  0.630475      66.525       24.5       30.1      4.588        571.9119  1.404397      0.746663
    123   1      3   0   4     2  0.119519  0.632679      67.395       29.5       16.9      4.498       1372.7388  1.388373      0.768233
    124   1     -3   1   5     4  0.119682  0.632901      67.483        1.4        1.0      0.257         46.7981  1.386778      0.547055
    125   1     -5   2   1     4  0.119918  0.633224      67.610        1.1        0.6      0.157         23.1169  1.384473      0.878242
    126   1      4   2   2     4  0.120146  0.633534      67.733       30.5       24.6      3.301        659.3476  1.382270      0.834590
    127   1      1   1   5     4  0.121653  0.635566      68.535        2.0        6.4      0.903         65.5786  1.368036      0.566611
    128   1     -5   2   2     4  0.122382  0.636538      68.918       37.5       42.1      1.318        833.5373  1.361356      0.839945
    129   1      5   2   0     4  0.122401  0.636562      68.928       74.5       85.5      2.453       1555.5458  1.361189      0.896304
    130   1      4   1   3     4  0.122482  0.636670      68.971        0.2        0.3      0.006          4.8318  1.360451      0.853440
    131   1      0   4   0     2  0.122628  0.636863      69.047       82.7      114.8      2.032       8287.7910  1.359136      0.374561
    132   1      2   2   4     4  0.123068  0.637444      69.276      284.1      314.1      3.468       8321.8154  1.355196      0.645013
    133   1     -3   3   3     4  0.123392  0.637871      69.444        0.0        0.0      0.000          0.9007  1.352323      0.586534
    134   1     -5   0   4     2  0.123501  0.638014      69.501      248.3      245.6      2.263      12074.6934  1.351359      0.781964
    135   1      5   0   2     2  0.123557  0.638087      69.530       81.8       82.3      0.841       3280.4194  1.350870      0.949319
    136   1     -4   3   1     4  0.124190  0.638914      69.856       13.5       11.2      0.166        348.6935  1.345353      0.740957
    137   1      3   1   4     4  0.124208  0.638937      69.865      267.0      221.7      3.345       6804.7520  1.345200      0.753693
    138   1      1   4   0     4  0.124901  0.639835      70.220       18.0       19.2      1.326        762.4523  1.339275      0.458567
    139   1      0   4   1     4  0.125150  0.640157      70.347        2.8        3.9      0.354        140.9321  1.337166      0.392461
    140   1      4   3   0     4  0.125723  0.640893      70.638       82.1       99.0      3.167       2113.2524  1.332377      0.762200
    141   1     -1   2   5     4  0.125815  0.641011      70.684        1.0        1.2      0.034         49.3387  1.331614      0.383404
    142   1      3   3   2     4  0.125957  0.641192      70.756       40.0       52.1      1.371       1127.1393  1.330443      0.698975
    143   1     -4   2   4     4  0.126122  0.641403      70.839       37.4       49.0      1.257       1113.9788  1.329083      0.662565
    144   1     -6   0   2     2  0.126364  0.641712      70.961        4.6        6.9      0.272        189.8199  1.327101      0.951119
    145   1     -1   4   1     4  0.126432  0.641798      70.995        2.3        3.6      0.160        103.9667  1.326549      0.438524
    146   1      2   3   3     4  0.127219  0.642795      71.388        0.1        0.3      0.058          4.5509  1.320200      0.614253
    147   1     -2   2   5     4  0.127622  0.643303      71.589        0.6        1.1      0.101         27.2943  1.316996      0.447540
    148   1     -4   3   2     4  0.127768  0.643486      71.661       16.7       23.3      1.438        476.3593  1.315846      0.706946
    149   1     -1   3   4     4  0.127963  0.643730      71.757       49.8       61.3      2.261       2629.3264  1.314317      0.383325
    150   1     -5   1   4     4  0.128330  0.644189      71.938       38.8       45.5      0.690       1028.1606  1.311451      0.767609
    151   1      5   1   2     4  0.128388  0.644261      71.967       71.0       86.1      1.039       1557.7166  1.311004      0.928137
    152   1      6   0   0     2  0.128457  0.644347      72.001      208.1      257.2      2.815       8474.5762  1.310465      1.000000
    153   1      1   4   1     4  0.128507  0.644409      72.025        8.9       11.0      0.128        380.6080  1.310083      0.476002
    154   1      0   2   5     4  0.128663  0.644603      72.102       18.5       22.9      0.363        810.2753  1.308879      0.466162
    155   1     -6   1   1     4  0.129719  0.645910      72.618        8.0        8.5      0.418        170.5927  1.300844      0.965255
    156   1      0   3   4     4  0.129796  0.646004      72.655       77.0       78.2      3.254       3573.5938  1.300271      0.446533
    157   1     -5   2   3     4  0.130068  0.646338      72.787        1.9        1.5      0.111         51.1606  1.298241      0.788138
    158   1      5   2   1     4  0.130107  0.646386      72.806        9.1        7.2      0.511        212.5800  1.297952      0.893663
    159   1     -4   1   5     4  0.130649  0.647050      73.068       25.5       25.2      1.823        846.3459  1.293943      0.631158
    160   1     -2   3   4     4  0.130857  0.647302      73.167        7.8        6.4      0.572        349.9710  1.292426      0.464987
    161   1     -6   1   2     4  0.131295  0.647834      73.377      245.7      227.4      4.209       5570.5127  1.289244      0.930567
    162   1      2   4   0     4  0.131951  0.648627      73.690       34.8       32.3      1.545       1360.1383  1.284539      0.543393
    163   1     -2   4   1     4  0.132483  0.649266      73.942       30.7       24.3      1.768       1256.2682  1.280782      0.522564
    164   1      4   3   1     4  0.132541  0.649335      73.970        3.2        2.7      0.201         88.8984  1.280377      0.768844
    165   1      0   4   2     4  0.133004  0.649889      74.188       40.3       60.0      1.576       2119.9822  1.277143      0.409115
    166   1     -1   4   2     4  0.133275  0.650212      74.316      123.8      174.4      2.613       6399.6831  1.275271      0.417944
    167   1      6   1   0     4  0.133463  0.650435      74.404       81.1      103.1      1.754       1793.9946  1.273976      0.977979
    168   1     -1   0   6     2  0.133852  0.650896      74.586        0.8        0.8      0.030         85.9219  1.271318      0.400197
    169   1      2   1   5     4  0.133863  0.650909      74.591        6.3        6.7      0.246        212.9336  1.271246      0.648173
    170   1     -3   2   5     4  0.134271  0.651390      74.781        8.7        2.5      1.106        358.1312  1.268487      0.531022
    171   1     -2   0   6     2  0.134671  0.651861      74.967       12.3        1.2      1.981       1269.4692  1.265804      0.426520
    172   1      1   2   5     4  0.136461  0.653945      75.789       11.1        0.0      1.002        450.2758  1.254096      0.549038
    173   1      1   3   4     4  0.136548  0.654046      75.829       57.9        9.2      3.888       2450.1860  1.253537      0.528974
    174   1      2   4   1     4  0.136850  0.654394      75.967       12.0        4.8      0.861        480.5349  1.251609      0.558798
    175   1     -4   3   3     4  0.136869  0.654416      75.975        0.9        0.4      0.068         31.8166  1.251490      0.665506
    176   1      4   2   3     4  0.137383  0.655005      76.208        0.4        0.2      0.066         12.3258  1.248244      0.805831
    177   1      1   4   2     4  0.137668  0.655331      76.336       11.4        7.0      1.427        526.7012  1.246465      0.489488
    178   1      0   0   6     2  0.137983  0.655690      76.478       24.9       27.7      1.953       2357.9326  1.244504      0.479896
    179   1     -6   1   3     4  0.138375  0.656136      76.654        2.8        3.3      0.144         73.5052  1.242086      0.879170
    180   1     -2   4   2     4  0.138508  0.656287      76.714       31.3       35.1      1.025       1433.5708  1.241267      0.498441

   No.  Code     H   K   L  Mult      Hw      ETA/M    2theta/TOF     Icalc       Iobs      Sigma     StrFactor^2    d-hkl       CORR

    181   1     -3   3   4     4  0.138784  0.656599      76.837      248.5      238.1      3.352      10400.6260  1.239587      0.546863
    182   1     -1   1   6     4  0.139058  0.656909      76.959      135.8      139.6      1.852       7801.6934  1.237921      0.399513
    183   1      3   2   4     4  0.139305  0.657187      77.069        2.6        2.5      0.045         83.3592  1.236433      0.717748
    184   1     -2   1   6     4  0.139907  0.657863      77.336       30.0       28.0      1.361       1635.6847  1.232829      0.425123
    185   1      4   0   4     2  0.140351  0.658359      77.532      131.6      125.0      2.784       7432.3931  1.230206      0.822849
    186   1     -3   0   6     2  0.140527  0.658554      77.609       82.3       76.0      1.824       7562.1436  1.229175      0.506601
    187   1      3   3   3     4  0.142812  0.661074      78.604        4.5       10.3      0.948        154.7050  1.216095      0.688801
    188   1      6   1   1     4  0.142975  0.661252      78.674        6.8       13.8      1.065        165.9594  1.215186      0.969729
    189   1      0   1   6     4  0.143347  0.661657      78.833       14.5       22.2      1.232        724.5016  1.213125      0.477077
    190   1     -5   2   4     4  0.143902  0.662259      79.071      242.2      235.4      4.061       7938.1719  1.210074      0.731814
    191   1     -3   4   1     4  0.143962  0.662323      79.096        9.1        8.8      0.146        360.8642  1.209751      0.602019
    192   1      5   2   2     4  0.143967  0.662328      79.098       45.7       44.4      0.740       1251.7919  1.209723      0.875555
    193   1      3   4   0     4  0.144551  0.662958      79.347       76.5       70.9      1.493       2966.5737  1.206554      0.621923
    194   1     -5   3   1     4  0.145199  0.663652      79.621        1.5        1.7      0.048         46.2604  1.203089      0.798978
    195   1     -6   2   1     4  0.145456  0.663927      79.730        7.0        7.3      0.128        187.6618  1.201726      0.909419
    196   1      4   3   2     4  0.145471  0.663944      79.736      172.5      177.6      3.099       5491.8730  1.201643      0.763154
    197   1      4   1   4     4  0.145808  0.664302      79.878       84.5       85.8      1.635       2542.0234  1.199870      0.809488
    198   1     -3   1   6     4  0.145990  0.664496      79.954        7.9        7.9      0.155        381.4595  1.198913      0.503105
    199   1     -6   0   4     2  0.146166  0.664683      80.028       26.4       27.2      0.656       1547.5238  1.197996      0.832770
    200   1     -1   4   3     4  0.146266  0.664788      80.070        1.4        1.5      0.042         86.6748  1.197476      0.398719
    201   1     -4   2   5     4  0.146496  0.665033      80.166        4.0        4.2      0.193        159.2309  1.196280      0.609330
    202   1      0   4   3     4  0.147157  0.665730      80.441        0.4        0.5      0.039         24.1395  1.192878      0.423400
    203   1     -6   2   2     4  0.147219  0.665795      80.467        1.8        2.1      0.160         51.6169  1.192563      0.879247
    204   1      1   0   6     2  0.147523  0.666115      80.593       42.7       43.3      1.559       3773.2136  1.191013      0.558606
    205   1      2   4   2     4  0.147785  0.666389      80.701      153.3      157.4      2.886       6677.1104  1.189688      0.568106
    206   1     -5   1   5     4  0.147847  0.666454      80.727        2.5        2.6      0.045         88.1788  1.189375      0.702544
    207   1      5   1   3     4  0.147936  0.666546      80.763        0.3        0.3      0.006          8.9484  1.188930      0.889774
    208   1     -5   3   2     4  0.148155  0.666776      80.854       65.7       65.0      1.050       2119.8357  1.187827      0.769311
    209   1      5   3   0     4  0.148177  0.666799      80.863       73.6       72.7      1.178       2238.6946  1.187716      0.816030
    210   1      2   3   4     4  0.148980  0.667633      81.192       34.9       38.8      1.085       1434.9604  1.183728      0.606514
    211   1     -3   4   2     4  0.149295  0.667959      81.321       64.7       66.8      1.741       2808.1758  1.182180      0.576494
    212   1      6   2   0     4  0.149650  0.668325      81.466      166.4      164.4      3.040       4520.0625  1.180448      0.922826
    213   1      2   2   5     4  0.150098  0.668786      81.648        2.6        2.8      0.088        105.9208  1.178275      0.625476
    214   1     -2   4   3     4  0.150786  0.669491      81.926        9.3       13.0      1.215        498.4718  1.174977      0.473697
    215   1      3   4   1     4  0.151141  0.669853      82.069        0.0        0.0      0.004          0.9110  1.173293      0.634456
    216   1     -6   1   4     4  0.151858  0.670581      82.356       91.6       88.6      3.876       2845.3806  1.169927      0.819754
    217   1     -4   0   6     2  0.152093  0.670818      82.450        1.1        1.3      0.058         98.0022  1.168834      0.583657
    218   1     -1   3   5     4  0.152291  0.671018      82.529        9.8       12.1      0.491        654.2587  1.167915      0.382312
    219   1     -4   3   4     4  0.152662  0.671392      82.676       61.7       64.9      2.134       2534.9917  1.166206      0.622603
    220   1      3   1   5     4  0.152718  0.671448      82.698        7.3        7.8      0.274        260.0268  1.165949      0.716487
    221   1      1   1   6     4  0.153272  0.672004      82.918       12.0       11.3      0.452        554.4436  1.163421      0.553910
    222   1      6   0   2     2  0.153531  0.672263      83.020      102.6       93.0      2.895       5483.1953  1.162248      0.962666
    223   1      1   4   3     4  0.153567  0.672299      83.034       18.1       16.2      0.534        931.3568  1.162085      0.498830
    224   1     -2   3   5     4  0.154477  0.673203      83.391        4.6        3.9      0.666        271.3422  1.158015      0.438383
    225   1     -6   2   3     4  0.155173  0.673892      83.663        3.0        0.0      1.005         92.2451  1.154944      0.836104
    226   1      0   3   5     4  0.155737  0.674446      83.882        3.4        0.0      1.324        196.0515  1.152486      0.454683
    227   1     -1   2   6     4  0.155943  0.674649      83.962        0.6        0.0      0.261         39.2058  1.151593      0.397747
    228   1     -2   2   6     4  0.156902  0.675584      84.331       24.8       28.9      3.154       1544.7823  1.147491      0.421520
    229   1     -5   3   3     4  0.157443  0.676109      84.538        0.6        0.6      0.045         22.2703  1.145204      0.730775
    230   1      5   3   1     4  0.157490  0.676155      84.556        0.7        0.7      0.046         23.7241  1.145005      0.819714
    231   1     -7   0   2     2  0.157659  0.676318      84.621       77.1       74.0      3.164       4219.9844  1.144298      0.963825
    232   1     -4   1   6     4  0.158037  0.676683      84.765       51.9       52.8      2.116       2372.2659  1.142722      0.578456
    233   1      6   1   2     4  0.159538  0.678121      85.332       27.2       20.9      3.292        766.6575  1.136565      0.946357
    234   1      6   2   1     4  0.160370  0.678911      85.644        7.2        4.6      0.757        207.8716  1.133223      0.919777
    235   1      0   2   6     4  0.160791  0.679309      85.801       50.8       38.6      3.259       2896.1033  1.131551      0.469788
    236   1     -3   4   3     4  0.161277  0.679767      85.982       10.8        7.5      0.931        530.1136  1.129636      0.548225
    237   1     -4   4   1     4  0.162324  0.680748      86.369       13.6       14.7      1.430        548.0624  1.125564      0.671984
    238   1     -3   3   5     4  0.162568  0.680975      86.459       13.9       17.2      1.222        732.1172  1.124624      0.511863
    239   1      7   0   0     2  0.162926  0.681308      86.590       16.1       21.5      1.120        869.2463  1.123256      1.000000
    240   1     -7   1   1     4  0.163197  0.681559      86.690        0.2        0.2      0.011          6.1604  1.122224      0.974224

   No.  Code     H   K   L  Mult      Hw      ETA/M    2theta/TOF     Icalc       Iobs      Sigma     StrFactor^2    d-hkl       CORR

    241   1      4   2   4     4  0.163582  0.681915      86.830      141.4      148.5      2.830       4950.7778  1.120772      0.775230
    242   1      2   0   6     2  0.163678  0.682004      86.865        1.4        1.5      0.025        120.1502  1.120408      0.630843
    243   1     -3   2   6     4  0.163789  0.682106      86.905       91.9      101.9      1.692       5052.5630  1.119991      0.494046
    244   1     -7   1   2     4  0.163850  0.682162      86.928        4.4        4.9      0.085        126.2935  1.119763      0.947962
    245   1      4   4   0     4  0.164340  0.682613      87.106       78.7       80.2      1.364       3105.4529  1.117932      0.689858
    246   1      3   4   2     4  0.164648  0.682896      87.217       65.2       67.5      1.466       2779.4229  1.116789      0.639641
    247   1      1   3   5     4  0.165254  0.683450      87.436        0.1        0.1      0.005          5.4962  1.114558      0.527918
    248   1     -5   2   5     4  0.165900  0.684038      87.668        5.8        7.1      0.549        234.7473  1.112203      0.677925
    249   1      5   2   3     4  0.166001  0.684129      87.704        5.9        7.2      0.540        191.1434  1.111839      0.848982
    250   1      2   4   3     4  0.166314  0.684413      87.816       13.1       15.6      0.954        627.4891  1.110710      0.572077
    251   1      4   3   3     4  0.166388  0.684480      87.842       15.1       18.0      1.060        552.5676  1.110445      0.749465
    252   1     -4   4   2     4  0.167040  0.685069      88.075       85.5      106.0      2.763       3638.5120  1.108113      0.647017
    253   1     -1   4   4     4  0.167298  0.685300      88.166       37.7       53.2      1.386       2722.7603  1.107199      0.381937
    254   1      3   3   4     4  0.168755  0.686603      88.680       97.2      102.6      3.311       3992.5911  1.102105      0.674699
    255   1      7   1   0     4  0.169361  0.687140      88.893       79.1       79.2      2.142       2233.9041  1.100022      0.983614
    256   1      0   4   4     4  0.169731  0.687467      89.021       14.2       12.9      0.414        909.7789  1.098763      0.434963
    257   1      2   1   6     4  0.170149  0.687835      89.167       66.9       62.4      1.695       2978.3328  1.097347      0.624857
    258   1     -6   2   4     4  0.170474  0.688121      89.280       23.0       21.6      0.638        816.1399  1.096252      0.786141
    259   1     -5   0   6     2  0.170930  0.688520      89.437       46.1       43.9      0.828       3944.9526  1.094729      0.652911
    260   1      5   0   4     2  0.171060  0.688634      89.482       92.4       88.4      1.513       5984.0474  1.094295      0.862281
    261   1     -2   4   4     4  0.171144  0.688707      89.511       74.0       70.3      1.258       4590.1260  1.094018      0.450462
    262   1     -7   1   3     4  0.171417  0.688946      89.605        5.7        5.1      0.135        174.4452  1.093111      0.907487
    263   1      3   2   5     4  0.171458  0.688981      89.619        2.7        2.4      0.067        109.4714  1.092978      0.691610
    264   1      1   2   6     4  0.172092  0.689533      89.837      123.4      123.8      2.692       6383.0781  1.090894      0.541666
    265   1      4   4   1     4  0.173394  0.690658      90.281        1.4        1.4      0.209         55.9807  1.086680      0.699442
    266   1     -6   1   5     4  0.173809  0.691013      90.421        4.4        3.9      0.978        164.1899  1.085357      0.760204
    267   1     -5   3   4     4  0.174455  0.691565      90.639        0.0        0.0      0.001          0.1424  1.083315      0.688393
    268   1      5   3   2     4  0.174535  0.691634      90.666       14.1       19.3      2.461        490.8388  1.083062      0.812250
    269   1     -6   3   1     4  0.176391  0.693205      91.287       27.1       41.5      2.010        913.9047  1.077313      0.842021
    270   1      1   5   0     4  0.176474  0.693275      91.314       28.1       43.0      1.940       1807.0179  1.077059      0.441444
    271   1      0   5   1     4  0.176835  0.693579      91.434        2.2        3.2      0.186        157.7716  1.075961      0.388932
    272   1     -4   2   6     4  0.177560  0.694185      91.673        9.2       10.3      0.350        464.7422  1.073775      0.564844
    273   1     -4   3   5     4  0.177691  0.694294      91.716        0.0        0.0      0.000          0.3817  1.073384      0.582453
    274   1     -5   1   6     4  0.177757  0.694349      91.738       86.4       93.3      2.785       3801.0513  1.073188      0.646643
    275   1      5   1   4     4  0.177894  0.694463      91.783        1.9        2.0      0.063         64.4219  1.072779      0.850550
    276   1     -6   3   2     4  0.178596  0.695046      92.013      135.5      116.0      2.423       4727.1226  1.070697      0.816917
    277   1     -1   5   1     4  0.178694  0.695127      92.045        1.7        1.4      0.028        113.4259  1.070407      0.425779
    278   1      1   4   4     4  0.178790  0.695206      92.076       42.4       36.3      0.698       2396.2083  1.070127      0.504668
    279   1     -4   4   3     4  0.179224  0.695565      92.218        0.1        0.0      0.001          2.5337  1.068852      0.617542
    280   1      6   2   2     4  0.179290  0.695619      92.239      162.6      140.2      2.514       5132.8701  1.068662      0.904010
    281   1     -2   1   7     4  0.179521  0.695810      92.315        9.4        8.4      0.167        667.9733  1.067987      0.403382
    282   1     -7   0   4     2  0.179849  0.696079      92.421       14.6       13.1      0.375        957.1180  1.067037      0.869458
    283   1     -1   1   7     4  0.179896  0.696118      92.436        0.4        0.4      0.010         27.2354  1.066901      0.410664
    284   1      4   1   5     4  0.181213  0.697194      92.861        2.1        1.3      0.196         76.3267  1.063132      0.771246
    285   1      6   3   0     4  0.181648  0.697547      93.000       57.3       36.7      3.440       1918.8607  1.061903      0.855553
    286   1      1   5   1     4  0.181721  0.697606      93.024        1.1        0.7      0.067         68.4881  1.061699      0.455822
    287   1     -3   4   4     4  0.181824  0.697690      93.057        1.9        1.2      0.130        103.4538  1.061409      0.520023
    288   1      2   3   5     4  0.182213  0.698004      93.181        1.0        0.7      0.104         49.8601  1.060320      0.597311
    289   1      7   1   1     4  0.183329  0.698902      93.535        4.7        4.1      0.624        136.9022  1.057234      0.977147
    290   1     -7   2   1     4  0.183518  0.699053      93.595        4.2        3.5      0.499        131.1028  1.056714      0.930531
    291   1     -7   2   2     4  0.184274  0.699657      93.833      146.8      140.7      4.762       4664.0361  1.054659      0.906605
    292   1      6   1   3     4  0.185995  0.701019      94.371        1.6        1.4      0.210         51.9551  1.050061      0.914879
    293   1     -3   1   7     4  0.186078  0.701084      94.396        0.1        0.1      0.009          4.1896  1.049844      0.470350
    294   1      2   5   0     4  0.186794  0.701646      94.618       52.7       54.0      2.171       2989.4041  1.047967      0.509866
    295   1     -7   1   4     4  0.187143  0.701919      94.726      110.5      116.8      3.108       3725.2285  1.047059      0.858099
    296   1      0   1   7     4  0.187260  0.702010      94.762        0.8        0.9      0.023         48.0654  1.046758      0.477803
    297   1      3   4   3     4  0.187341  0.702073      94.787        1.2        1.4      0.039         55.6577  1.046548      0.638900
    298   1     -2   5   1     4  0.187583  0.702261      94.861        8.6       10.7      0.319        503.2094  1.045924      0.493531
    299   1      0   5   2     4  0.188358  0.702863      95.099       44.1       60.0      1.623       3174.7605  1.043939      0.402693
    300   1     -6   3   3     4  0.188640  0.703081      95.185        0.6        0.8      0.028         20.9774  1.043222      0.782680

   No.  Code     H   K   L  Mult      Hw      ETA/M    2theta/TOF     Icalc       Iobs      Sigma     StrFactor^2    d-hkl       CORR

    301   1     -1   5   2     4  0.188760  0.703174      95.222        4.3        5.5      0.236        300.8032  1.042916      0.409863
    302   1      3   0   6     2  0.189034  0.703385      95.305       11.6       14.2      0.662        967.2339  1.042225      0.693493
    303   1     -1   3   6     4  0.189621  0.703837      95.483       65.5       89.9      2.684       4802.6870  1.040750      0.395486
    304   1     -5   4   1     4  0.190638  0.704616      95.791        0.2        0.3      0.008          9.0881  1.038225      0.730583
    305   1      7   2   0     4  0.190683  0.704649      95.804       78.0       94.4      2.758       2407.0576  1.038116      0.940719
    306   1     -2   3   6     4  0.190844  0.704772      95.852       16.0       18.2      0.646       1113.4030  1.037719      0.416908
    307   1      4   4   2     4  0.191017  0.704904      95.904        0.1        0.1      0.005          3.5448  1.037294      0.701256
    308   1      2   2   6     4  0.191602  0.705348      96.080        0.1        0.1      0.005          3.0982  1.035866      0.609051
    309   1     -7   2   3     4  0.193084  0.706465      96.521        2.1        1.4      0.712         69.5059  1.032301      0.871053
    310   1      2   5   1     4  0.194120  0.707240      96.826        7.2        5.6      1.283        400.7603  1.029855      0.523376
    311   1     -5   4   2     4  0.194757  0.707713      97.013       24.4       23.6      1.919       1004.8412  1.028368      0.707461
    312   1      5   4   0     4  0.194788  0.707736      97.022        1.6        1.5      0.118         61.1478  1.028296      0.745998
    313   1      6   3   1     4  0.195291  0.708108      97.169        0.0        0.0      0.000          0.0309  1.027131      0.857365
    314   1      1   5   2     4  0.195355  0.708156      97.188       67.9       64.9      2.719       4223.1553  1.026983      0.468115
    315   1      0   3   6     4  0.195833  0.708508      97.327        2.2        1.8      0.075        138.9203  1.025885      0.460432
    316   1     -6   2   5     4  0.195886  0.708548      97.343        1.1        0.9      0.038         44.2794  1.025763      0.735217
    317   1      2   4   4     4  0.195912  0.708566      97.350       50.0       41.3      1.688       2547.4546  1.025705      0.572167
    318   1     -2   5   2     4  0.196630  0.709094      97.558       41.9       33.7      1.126       2570.6943  1.024070      0.475461
    319   1      3   1   6     4  0.196844  0.709251      97.620       68.0       53.9      1.937       2883.8567  1.023586      0.686868
    320   1      7   0   2     2  0.199360  0.711076      98.341        1.2        1.4      0.102         69.9885  1.018004      0.971447
    321   1      4   3   4     4  0.199438  0.711133      98.363       15.0       17.8      1.173        596.0197  1.017832      0.731888
    322   1     -3   3   6     4  0.199707  0.711326      98.439       34.6       40.4      2.046       2091.1060  1.017248      0.482381
    323   1     -6   0   6     2  0.200400  0.711822      98.635       23.2       23.9      0.797       1904.7908  1.015752      0.712092
    324   1     -5   2   6     4  0.200530  0.711915      98.672       37.9       39.2      1.175       1760.9769  1.015472      0.630012
    325   1     -1   4   5     4  0.200579  0.711951      98.686        1.4        1.4      0.042        106.8982  1.015366      0.381295
    326   1     -4   1   7     4  0.200641  0.711994      98.703        0.0        0.0      0.000          0.4663  1.015234      0.537141
    327   1      5   2   4     4  0.200691  0.712031      98.718       62.5       65.6      1.898       2232.1899  1.015126      0.819564
    328   1     -4   4   4     4  0.201105  0.712325      98.834       11.0       11.6      0.474        550.7181  1.014242      0.586534
    329   1     -5   3   5     4  0.202451  0.713279      99.210        0.7        0.9      0.094         32.7050  1.011402      0.646495
    330   1      5   3   3     4  0.202582  0.713371      99.247        2.9        4.0      0.456        109.5252  1.011128      0.797325
    331   1     -2   2   7     4  0.202613  0.713394      99.255        0.1        0.2      0.022          9.9842  1.011063      0.401820
    332   1      1   1   7     4  0.202838  0.713552      99.318        4.5        6.2      0.935        244.9894  1.010595      0.544344
    333   1     -1   2   7     4  0.203056  0.713705      99.379        0.2        0.2      0.044         12.2980  1.010141      0.408701
    334   1     -2   4   5     4  0.203686  0.714147      99.553        0.7        1.2      0.261         52.4369  1.008840      0.429878
    335   1      4   2   5     4  0.204615  0.714795      99.809        0.9        1.0      0.391         40.8591  1.006940      0.746413
    336   1     -3   5   1     4  0.205002  0.715064      99.915        0.3        0.5      0.104         19.6044  1.006156      0.559796

     -----------------------------------------------------
     BRAGG R-Factors and weight fractions for Pattern #  1
     -----------------------------------------------------

 => Phase:  1      #(C) 2021 by FIZ Karlsruhe - Leibniz Institute for Information Infrastructure.  All rights reserved.
 => Bragg R-factor:   7.99       Vol:  326.539( 0.008)  Fract(%):  100.00( 0.60)
 => Rf-factor=  8.40             ATZ:         743.567   Brindley:  1.0000

     -----------------------------------------------------------------
      SYMBOLIC NAMES AND FINAL VALUES AND SIGMA OF REFINED PARAMETERS:
     -----------------------------------------------------------------

      ->  Parameter number    1 :                                          Zero_pat1    0.18991425E-02( +/-    0.62309322E-03 )
      ->  Parameter number    2 :                                     Scale_ph1_pat1    0.64794347E-02( +/-    0.27498172E-04 )
      ->  Parameter number    3 :                                    Cell_A_ph1_pat1     8.0438709    ( +/-    0.10113243E-03 )
      ->  Parameter number    4 :                                    Cell_B_ph1_pat1     5.4365416    ( +/-    0.88841232E-04 )
      ->  Parameter number    5 :                                    Cell_C_ph1_pat1     7.6389880    ( +/-    0.10659836E-03 )
      ->  Parameter number    6 :                                    Cell_E_ph1_pat1     102.18031    ( +/-    0.95868128E-03 )
      ->  Parameter number    7 :                                    U-Cagl_ph1_pat1    0.34318767E-01( +/-    0.17207493E-02 )
      ->  Parameter number    8 :                                    W-Cagl_ph1_pat1    0.61558392E-02( +/-    0.15220734E-03 )
      ->  Parameter number    9 :                                     EtaPV_ph1_pat1    0.46194148    ( +/-    0.13812491E-01 )
      ->  Parameter number   10 :                                     X-tan_ph1_pat1    0.25333832E-02( +/-    0.46653984E-03 )
      ->  Parameter number   11 :                                    V-Cagl_ph1_pat1   -0.10708708E-01( +/-    0.10446251E-02 )
      ->  Parameter number   12 :                                     Asym1_ph1_pat1    0.27026383E-01( +/-    0.31707948E-02 )
      ->  Parameter number   13 :                                     Asym2_ph1_pat1    0.12648852E-01( +/-    0.63295499E-03 )
      ->  Parameter number   14 :                                       Or1_ph1_pat1   -0.39797878    ( +/-    0.37177221E-02 )
      ->  Parameter number   15 :                                          X_Na1_ph1    0.36918661    ( +/-    0.45462244E-03 )
      ->  Parameter number   16 :                                          Y_Na1_ph1    0.78758562    ( +/-    0.12733844E-02 )
      ->  Parameter number   17 :                                          Z_Na1_ph1    0.11683527    ( +/-    0.62990998E-03 )
      ->  Parameter number   18 :                                          X_Nb1_ph1    0.15552227    ( +/-    0.13594430E-03 )
      ->  Parameter number   19 :                                          Y_Nb1_ph1    0.25602421    ( +/-    0.58164779E-03 )
      ->  Parameter number   20 :                                          Z_Nb1_ph1    0.31761009    ( +/-    0.20078910E-03 )
      ->  Parameter number   21 :                                           X_O1_ph1    0.18150802    ( +/-    0.85954985E-03 )
      ->  Parameter number   22 :                                           Y_O1_ph1    0.16571888    ( +/-    0.13349138E-02 )
      ->  Parameter number   23 :                                           Z_O1_ph1    0.56756217E-01( +/-    0.13974697E-02 )
      ->  Parameter number   24 :                                           X_O2_ph1    0.69997676E-01( +/-    0.77368965E-03 )
      ->  Parameter number   25 :                                           Y_O2_ph1    0.58566272    ( +/-    0.16596285E-02 )
      ->  Parameter number   26 :                                           Z_O2_ph1    0.23494843    ( +/-    0.11046421E-02 )
      ->  Parameter number   27 :                                           X_F1_ph1    0.36632776    ( +/-    0.74550480E-03 )
      ->  Parameter number   28 :                                           Y_F1_ph1    0.42746109    ( +/-    0.12081066E-02 )
      ->  Parameter number   29 :                                           Z_F1_ph1    0.30589971    ( +/-    0.99464809E-03 )
      ->  Parameter number   30 :                                           X_F2_ph1    0.31693399    ( +/-    0.72396541E-03 )
      ->  Parameter number   31 :                                           Y_F2_ph1    0.97825378    ( +/-    0.10950185E-02 )
      ->  Parameter number   32 :                                           Z_F2_ph1    0.38083786    ( +/-    0.10097370E-02 )

 ------------------------------------------------------------------
 => Number of bytes for floating point variables: 4
 => Dimensions of dynamic allocated arrays in this run of FullProf:
 ------------------------------------------------------------------

 => Total approximate array memory (dynamic + static): 128536585 bytes

    MaxPOINT=    60000 Max.num. of points(+int. Inten.)/diffraction pattern       
    MaxREFLT=    20000 Max.num. of reflections/diffraction pattern               
    MaxPARAM=      300 Max.num. of refinable parameters                          
    MaxOVERL=    18096 Max.num. of overlapping reflections                       

 ----------------------------------------------------------
 => Number of bytes for floating point arrays: 4
 => Dimensions of fixed arrays in this release of FullProf:
 ----------------------------------------------------------

    NPATT   =       80 Max.num. of powder diffraction patterns                    
    NATS    =      830 Max.num. of atoms (all kind) in asymmetric unit            
    MPAR    =     1800 Max.num. of non atomic parameters/phase                    
    IEXCL   =       30 Max.num. of excluded regions                               
    IBACP   =      377 Max.num. of background points for interpolation            
    NPHT    =       16 Max.num. of phases                                         
    NMAGM   =        8 Max.num. of rotation-matrices sets for magnetic structure  
    NBASIS  =       12 Max.num. of basis functions associated to a single atom    
    NIREPS  =        9 Max.num. of irreducible representations to be combined     
    N_EQ    =      384 Max.num. of user-supplied symmetry operators/propagation vectors
    NGL     =      400 Max.num. of global parameters/diffraction pattern          
    N_LINC  =       50 Max.num. of global linear restraints                        
    NAT_P   =       80 Max.num. of atomic parameters per atom                     
    NCONST  =      500 Max.num. of slack constraints per phase                    
    N_SPE   =       30 Max.num. of different chemical species                     
    N_FORM  =       60 Max.num. of scattering factor values in a table            
    NPR     =      150 Max.num. of points defining a numerical profile            
    INPR    =       25 Max.num. of different numerical peak shapes                
    NPRC    =      150 Max.num. of terms in the table for correcting intensities  
    NSOL    =       10 Max.num. of solutions to be stored in Montecarlo searchs   

 
              CPU Time:     1.047 seconds
                            0.017 minutes

 => Run finished at:     Date: 03/02/2023  Time: 17:18:32.591                              
