

        **********************************************************
        ** PROGRAM FullProf.2k (Version 7.30 - Mar2020-ILL JRC) **
        **********************************************************
                       M U L T I -- P A T T E R N                 
            Rietveld, Profile Matching & Integrated Intensity     
                 Refinement of X-ray and/or Neutron Data


    Date: 07/02/2023  Time: 11:20:28.059                              

 => PCR file code: NaTaO2F2
 => DAT file code: NaTaO2F2.dat         -> Relative contribution: 1.0000                                                            

 ==> CONDITIONS OF THIS RUN FOR PATTERN No.:  1

 => Global Refinement of X-ray powder diffraction data                                                                              
 => Global Refinement of X-ray powder diffraction data                                                                              
    Bragg-Brentano(X-rays) or Debye-Scherrer geometry(Neutrons)
 => Title:  #(C) 2021 by FIZ Karlsruhe - Leibniz Institute for Information Infrastructure.  All rights reserved.

 => Number of phases:    1
 => Number of excluded regions:    0
 => Number of scattering factors supplied:    0
 => Conventional weights: w=1.0/Variance(yobs)
 => Asymmetry correction as in J.Appl.Cryst. 26,128(1993)
 => Background linearly interpolated between the   23 points given
 => The    5th default profile function was selected
 => Pseudo-Voigt function (ETA variable)
                 X-parameter correspond to: ETA=ETA0+X*2theta
                       pV(x)= ETA*L(x)+(1-ETA)*G(x)

 ==> INPUT/OUTPUT OPTIONS:

 => Generate file *.PRF for plot
 => Output Integrated Intensities
 => Generate new input file *.PCR

 => X-Y type of data: 2theta/TOF/E(Kev) Intens sigma for pattern:  1
 => Plot pattern at each cycle
 => Wavelengths:  1.54056 1.54439
 => Alpha2/Alpha1 ratio:   0.5000
 => Cos(Monochromator angle)=   0.9100
 => Asymmetry correction for angles lower than   90.000 degrees
 => Absorption correction (AC), muR-eff =   0.0000  0.0000
 => Base of peaks: 2.0*HW*    8.00

 => Number of cycles:   33
 => Relaxation factors ==>    for coordinates:  1.00
 => for anisotropic temperature factors:  1.00
 => for halfwidth/strain/size parameters:  1.00
 => for lattice constants and propagation vectors:  1.00
 => EPS-value for convergence:    0.1
 => Background ==> 
    Position   Intensity
       10.20     6615.02        0.00
       12.35     5933.74        0.00
       13.59     5501.63        0.00
       15.70     5051.57        0.00
       18.31     4434.59        0.00
       21.53     3933.79        0.00
       25.74     3595.56        0.00
       30.73     3222.83        0.00
       35.82     2959.18        0.00
       38.55     2753.43        0.00
       42.50     2649.61        0.00
       45.34     2693.45        0.00
       54.18     2758.86        0.00
       62.72     2526.18        0.00
       66.20     2370.78        0.00
       75.41     2419.86        0.00
       78.18     2330.41        0.00
       81.82     2390.12        0.00
       86.38     2286.84        0.00
       89.58     2356.49        0.00

       93.72     2282.56        0.00
       96.08     2282.32        0.00
       98.27     2324.93        0.00

 
 => Number of Least-Squares parameters varied:    31

 =>--------------------------->
 =>------->  PATTERN number:  1
 =>--------------------------->
 => Global parameters and codes ==>
 => Zero-point:    -0.0352   11.0000
 => Displacement peak-shift parameter and code:     0.00    0.00
 => Transparency peak-shift parameter and code:     0.00    0.00

 => Reading Intensity data  =>>

 -> No recognizable heading in input data file X,Y,sigma
    First 6 lines are considered as COMMENTS (except for TSAMP keyword)
 -> COMMENT: 10.0116	7127.0000                                                                                                                   
 -> COMMENT: 10.0247	6951.0000                                                                                                                   
 -> COMMENT: 10.0379	7091.0000                                                                                                                   
 -> COMMENT: 10.0510	6933.0000                                                                                                                   
 -> COMMENT: 10.0641	6847.0000                                                                                                                   
 -> COMMENT: 10.0772	6962.0000                                                                                                                   
 ==> Angular range, step and number of points:
     2Thmin:      10.090400  2Thmax:      99.993401  Step:       0.013132  No. of points:   6848
 --------------------------------------------------------------------------------
 => Phase  No. 1
       #(C) 2021 by FIZ Karlsruhe - Leibniz Institute for Information Infras
 --------------------------------------------------------------------------------
 =>-------> Pattern#  1
 => Crystal Structure Refinement
 => Preferred orientation vector:   0.0000  0.0000  1.0000

 =>-------> Data for PHASE: 1
 => Number of atoms:    6
 => Number of distance  constraints:    0
 => Number of angle     constraints:    0

 => Symmetry information on space group: P 1 21/c 1          
 -> The multiplicity of the general position is:   4
 -> The space group is Centric (-1 at origin)   
 -> Lattice type  P: { 000 }                                       
 -> Reduced set of symmetry operators:

  No.  IT   Symmetry symbol    Rotation part     Associated Translation
   1: ( 1)   1            -->     ( x, y, z) + {  0.0000  0.0000  0.0000}
   2: ( 3)   2 ( 0, y, 0) -->     (-x, y,-z) + {  0.0000  0.5000  0.5000}


        Information on Space Group: 
        --------------------------- 

 =>   Number of Space group:  14
 =>  Hermann-Mauguin Symbol: P 1 21/c 1
 =>             Hall Symbol: -P 2ybc
 =>    Table Setting Choice: b1
 =>            Setting Type: IT (Generated from Hermann-Mauguin symbol)
 =>          Crystal System: Monoclinic
 =>              Laue Class: 2/m
 =>             Point Group: 2/m
 =>         Bravais Lattice: P
 =>          Lattice Symbol: mP
 =>  Reduced Number of S.O.:   2
 =>    General multiplicity:   4
 =>          Centrosymmetry: Centric (-1 at origin)
 =>  Generators (exc. -1&L):   1
 =>         Asymmetric unit:  0.000 <= x <=  1.000
                              0.000 <= y <=  0.250
                              0.000 <= z <=  1.000

 => List of S.O. without inversion and lattice centring translations
 => SYMM(  1): x,y,z                               => SYMM(  2): -x,y+1/2,-z+1/2


 => Initial parameters ==>
 Atom    Ntyp                  X         Y         Z         B         occ.         in  fin  Spc  Mult
                             B11       B22       B33       B12       B13       B23
 Na1    Na                 0.38089   0.78621   0.10504   1.11627   1.00000           0    0    0    4
                 Codes:  141.00000 151.00000 161.00000   0.00000   0.00000
 Ta1    Ta                 0.15929   0.25827   0.29721   0.47176   1.00000           0    0    0    4
                 Codes:  171.00000 181.00000 191.00000   0.00000   0.00000
 O1     O                  0.21419   0.15077   0.05171   0.58064   1.00000           0    0    0    4
                 Codes:  201.00000 211.00000 221.00000   0.00000   0.00000
 O2     O                  0.06369   0.55426   0.22358   0.58064   1.00000           0    0    0    4
                 Codes:  231.00000 241.00000 251.00000   0.00000   0.00000
 F1     F                  0.37801   0.47577   0.30816   1.12063   1.00000           0    0    0    4
                 Codes:  261.00000 271.00000 281.00000   0.00000   0.00000
 F2     F                  0.34404   0.99171   0.38109   1.12063   1.00000           0    0    0    4
                 Codes:  291.00000 301.00000 311.00000   0.00000   0.00000

 => IT IS ASSUMED THAT THE FIRST GIVEN SITE IS FULLY OCCUPIED 
    OR THE FIRST AND SECOND ATOMS ARE IN THE SAME SITE WITH TOTAL FULL OCCUPATION
  (If this is not the case, change the order of atoms to obtain correct values for the content of the unit cell)
    The given occupation factors have been obtained mutiplying m/M by   1.0000
      -> Atom: Na  ,  Chemical element: NA  Atomic Mass:    22.9898
      -> Atom: Ta  ,  Chemical element: TA  Atomic Mass:   180.9479
      -> Atom: O   ,  Chemical element: O   Atomic Mass:    15.9994
      -> Atom: O   ,  Chemical element: O   Atomic Mass:    15.9994
      -> Atom: F   ,  Chemical element: F   Atomic Mass:    18.9984
      -> Atom: F   ,  Chemical element: F   Atomic Mass:    18.9984
 => The given value of ATZ is       1095.73 the program has calculated:        1095.73
    The value of ATZ given in the input PCR file will be used for quantitative analysis
 => The chemical content of the unit cell is: 
       4.0000 Na   +   4.0000 Ta   +   4.0000 O    +   4.0000 O    +   4.0000 F    +   4.0000 F      
 => The normalized site occupation numbers in % are: 
     100.0000 Na1    :      100.0000 Ta1    :      100.0000 O1     :      100.0000 O2     :      100.0000 F1     :      100.0000 F2       
 => The density (volumic mass) of the compound is:    5.606 g/cm3

 =>-------> PROFILE PARAMETERS FOR PATTERN:  1

 => Overall scale factor:   0.202800E-02
 => ETA (p-Voigt) OR M (Pearson VII):   0.4795
 => Overall temperature factor:      0.00000
 => Halfwidth U,V,W:      0.05473    -0.03070     0.01065
 => X and Y parameters:      -0.0001      0.0000
 => Direct cell parameters:    8.1131   5.4541   7.5060  90.0000 102.2556  90.0000
 => Preferred orientation parameters:   0.0000  0.0000
 => Asymmetry parameters     :      0.01069     0.00435     0.00000     0.00000
 => Strain parameters        :      0.00000     0.00000     0.00000
 => Size   parameters        :      0.00000     0.00000

 ==> CODEWORDS FOR PROFILE PARAMETERS of PATTERN#  1

 => Overall scale factor:   21.000
 => ETA (p-Voigt) OR M (Pearson VII):  101.000
 => Overall temperature factor:    0.000
 => Halfwidth U,V,W:   71.000  91.000  81.000
 => X and Y parameters:  111.000   0.000
 => Direct cell parameters:   31.000  41.000  51.000   0.000  61.000   0.000
 => Preferred orientation parameters:    0.000   0.000
 => Asymmetry parameters     :  121.000 131.000   0.000   0.000
 => Strain parameters        :    0.000   0.000   0.000
 => Size   parameters        :    0.000   0.000

 => Cell constraints according to Laue symmetry: 2/m  

        Metric information:
        -------------------

 => Direct cell parameters:

         a =       8.1131      b =       5.4541      c =       7.5060
     alpha =       90.000   beta =      102.256  gamma =       90.000
                        Direct Cell Volume =     324.5685

 => Reciprocal cell parameters:

         a*=     0.126133      b*=     0.183348      c*=     0.136333
     alpha*=       90.000   beta*=       77.744  gamma*=       90.000
                    Reciprocal Cell Volume =   0.00308101

 => Direct and Reciprocal Metric Tensors:

                   GD                                       GR
     65.8217      0.0000    -12.9267          0.015909    0.000000    0.003650
      0.0000     29.7472      0.0000          0.000000    0.033617    0.000000
    -12.9267      0.0000     56.3406          0.003650    0.000000    0.018587

 =>  Cartesian frame: z // c; y is in the bc-plane; x is y ^ z = a*  

     Crystal_to_Orthonormal_Matrix              Orthonormal_to_Crystal Matrix
              Cr_Orth_cel                               Orth_Cr_cel  
      8.1131      0.0000     -1.5933          0.123258   -0.000000    0.026775
      0.0000      5.4541      0.0000          0.000000    0.183348   -0.000000
      0.0000      0.0000      7.3350          0.000000    0.000000    0.136333

     Busing-Levy B-matrix: Hc=B.H            Inverse of the Busing-Levy B-matrix
                BL_M                                      BL_Minv  
    0.126133    0.000000    0.028940            7.9282     -0.0000     -1.7222
    0.000000    0.183348   -0.000000            0.0000      5.4541      0.0000
    0.000000    0.000000    0.133226            0.0000      0.0000      7.5060

 => Laue symmetry 2/m   will be used to generate HKL for pattern#   1
 => Reflections generated between S(1/d)min:  0.1139 A-1 and S(1/d)max:  1.0101 A-1
 =>                                    dmax:  8.7808 A   and      dmin:  0.9900 A
 => The number of reflections generated is:    355
 => The max. scatt. variable (gen.ref.) is:       102.1715
 => Scattering coefficients from internal table


 => X-ray scattering coeff. (A1, B1, A2,...C, f(0), Z, Dfp,Dfpp)

 NA      4.7626   3.2850   3.1736   8.8422   1.2674   0.3136   1.1128 129.4240   0.6760  10.9924  11.0000   0.1290   0.1240
 TA     29.2024   1.7733  15.2293   9.3705  14.5135   0.2960   4.7649  63.3644   9.2435  72.9537  73.0000  -6.3510   5.2710
 O       3.0485  13.2771   2.2868   5.7011   1.5463   0.3239   0.8670  32.9089   0.2508   7.9994   8.0000   0.0470   0.0320
 F       3.5392  10.2825   2.6412   4.2944   1.5170   0.2615   1.0243  26.1476   0.2776   8.9993   9.0000   0.0690   0.0530

     --------------------------------------------------------------
      SYMBOLIC NAMES AND INITIAL VALUES OF PARAMETERS TO BE VARIED:
     --------------------------------------------------------------

      ->  Parameter number    1   -> Symbolic Name:                                          Zero_pat1   -0.35230000E-01
      ->  Parameter number    2   -> Symbolic Name:                                     Scale_ph1_pat1    0.20280001E-02
      ->  Parameter number    3   -> Symbolic Name:                                    Cell_A_ph1_pat1     8.1130552    
      ->  Parameter number    4   -> Symbolic Name:                                    Cell_B_ph1_pat1     5.4541001    
      ->  Parameter number    5   -> Symbolic Name:                                    Cell_C_ph1_pat1     7.5060382    
      ->  Parameter number    6   -> Symbolic Name:                                    Cell_E_ph1_pat1     102.25557    
      ->  Parameter number    7   -> Symbolic Name:                                    U-Cagl_ph1_pat1    0.54733001E-01
      ->  Parameter number    8   -> Symbolic Name:                                    W-Cagl_ph1_pat1    0.10652000E-01
      ->  Parameter number    9   -> Symbolic Name:                                    V-Cagl_ph1_pat1   -0.30702000E-01
      ->  Parameter number   10   -> Symbolic Name:                                     EtaPV_ph1_pat1    0.47950000    
      ->  Parameter number   11   -> Symbolic Name:                                     X-tan_ph1_pat1   -0.10900000E-03
      ->  Parameter number   12   -> Symbolic Name:                                     Asym1_ph1_pat1    0.10690000E-01
      ->  Parameter number   13   -> Symbolic Name:                                     Asym2_ph1_pat1    0.43500001E-02
      ->  Parameter number   14   -> Symbolic Name:                                          X_Na1_ph1    0.38089001    
      ->  Parameter number   15   -> Symbolic Name:                                          Y_Na1_ph1    0.78621000    
      ->  Parameter number   16   -> Symbolic Name:                                          Z_Na1_ph1    0.10504000    
      ->  Parameter number   17   -> Symbolic Name:                                          X_Ta1_ph1    0.15929000    
      ->  Parameter number   18   -> Symbolic Name:                                          Y_Ta1_ph1    0.25827000    
      ->  Parameter number   19   -> Symbolic Name:                                          Z_Ta1_ph1    0.29721001    
      ->  Parameter number   20   -> Symbolic Name:                                           X_O1_ph1    0.21419001    
      ->  Parameter number   21   -> Symbolic Name:                                           Y_O1_ph1    0.15076999    
      ->  Parameter number   22   -> Symbolic Name:                                           Z_O1_ph1    0.51709998E-01
      ->  Parameter number   23   -> Symbolic Name:                                           X_O2_ph1    0.63689999E-01
      ->  Parameter number   24   -> Symbolic Name:                                           Y_O2_ph1    0.55426002    
      ->  Parameter number   25   -> Symbolic Name:                                           Z_O2_ph1    0.22358000    
      ->  Parameter number   26   -> Symbolic Name:                                           X_F1_ph1    0.37801000    
      ->  Parameter number   27   -> Symbolic Name:                                           Y_F1_ph1    0.47577000    
      ->  Parameter number   28   -> Symbolic Name:                                           Z_F1_ph1    0.30816001    
      ->  Parameter number   29   -> Symbolic Name:                                           X_F2_ph1    0.34404001    
      ->  Parameter number   30   -> Symbolic Name:                                           Y_F2_ph1    0.99171001    
      ->  Parameter number   31   -> Symbolic Name:                                           Z_F2_ph1    0.38108999    
  
 
 => No optimization for routine tasks
 ++++++++++++++++++++++++++++++++++++++++++++++++++++++++++++++++++++++++++++++++++++++++++++++++++++++++++++++++++++++++

 => CYCLE No.:    1
 ---------------------------------------------------------------------------------------
 => Phase  1 Name:  #(C) 2021 by FIZ Karlsruhe - Leibniz Institute for Information Infras
 ---------------------------------------------------------------------------------------
 => New parameters, shifts, and standard deviations

 Atom        x       dx      sx       y       dy      sy       z       dz      sz       B       dB      sB      occ.    docc.   socc.

 Na1      0.38089-0.00000 0.00061  0.78622 0.00001 0.00145  0.10505 0.00001 0.00072  1.11627 0.00000 0.00000  1.00000 0.00000 0.00000
 Ta1      0.15929-0.00000 0.00010  0.25827-0.00000 0.00038  0.29721-0.00000 0.00012  0.47176 0.00000 0.00000  1.00000 0.00000 0.00000
 O1       0.21420 0.00001 0.00108  0.15077 0.00000 0.00132  0.05168-0.00003 0.00147  0.58064 0.00000 0.00000  1.00000 0.00000 0.00000
 O2       0.06364-0.00005 0.00120  0.55420-0.00006 0.00174  0.22359 0.00001 0.00152  0.58064 0.00000 0.00000  1.00000 0.00000 0.00000
 F1       0.37803 0.00002 0.00119  0.47571-0.00006 0.00169  0.30814-0.00002 0.00142  1.12063 0.00000 0.00000  1.00000 0.00000 0.00000
 F2       0.34402-0.00002 0.00109  0.99170-0.00001 0.00158  0.38108-0.00001 0.00128  1.12063 0.00000 0.00000  1.00000 0.00000 0.00000

 ==> PROFILE PARAMETERS FOR PATTERN#  1

 => Overall scale factor:      0.002027713    -0.000000287     0.000003469
 => Eta(p-Voigt) or m(Pearson VII):   0.479425 -0.000075  0.011730
 => Overall tem. factor:     0.000000    0.000000    0.000000
 => Halfwidth parameters: 
         0.054718   -0.000015    0.001478
        -0.030685    0.000017    0.001058
         0.010651   -0.000001    0.000186
 => Cell parameters: 
        8.113055    0.000000    0.000087
        5.454100    0.000000    0.000060
        7.506038   -0.000000    0.000078
       90.000000    0.000000    0.000000
      102.255569    0.000000    0.000628
       90.000000    0.000000    0.000000
 => Preferred orientation: 
         0.000000    0.000000    0.000000
         0.000000    0.000000    0.000000
 => Asymmetry parameters: 
         0.010684   -0.000006    0.002903
         0.004346   -0.000004    0.000692
         0.000000    0.000000    0.000000
         0.000000    0.000000    0.000000
 => X and Y parameters: 
        -0.000119   -0.000010    0.000342
         0.000000    0.000000    0.000000
 => Strain parameters: 
         0.000000    0.000000    0.000000
         0.000000    0.000000    0.000000
         0.000000    0.000000    0.000000
 => Size   parameters (G,L): 
         0.000000    0.000000    0.000000
         0.000000    0.000000    0.000000

 ==> GLOBAL PARAMETERS FOR PATTERN#  1


 => Zero-point:    -0.0352   -0.0000    0.0005

 => Cos( theta)-shift parameter :   0.0000  0.0000  0.0000
 => Sin(2theta)-shift parameter :   0.0000  0.0000  0.0000

 ==> RELIABILITY FACTORS WITH ALL NON-EXCLUDED POINTS FOR PATTERN:  1

 => R-Factors:   3.74      5.21     Chi2:  12.2     DW-Stat.:  0.3179   Patt#:  1
 => Expected :            1.49                                1.9341
 => Deviance : 0.856E+05     Dev*:   12.55    
 => GoF-index:  3.5         Sqrt(Residual/N)
 => N-P+C:  6817

 =>    SumYdif       SumYobs      SumYcal      SumwYobsSQ     Residual    Condition
     0.1143E+07    0.3056E+08    0.3048E+08    0.3056E+08    0.8291E+05    0.7830E+10


 => Conventional Rietveld Rp,Rwp,Re and Chi2:   11.2      11.1      3.19      12.16    
 => (Values obtained using Ynet, but true sigma(y))
 =>  SumYnet, Sum(w Ynet**2):     0.1018E+08    0.6706E+07


 ==> RELIABILITY FACTORS FOR POINTS WITH BRAGG CONTRIBUTIONS FOR PATTERN:  1

 => R-Factors:   4.04      5.52     Chi2:  13.6     DW-Stat.:  0.3278   Patt#:
 => Expected :            1.49                                1.9299
 => Deviance : 0.830E+05     Dev*:   14.08    
 => GoF-index:  3.7         Sqrt(Residual/N)
 => N-P+C:  5895

 =>    SumYdif       SumYobs      SumYcal      SumwYobsSQ     Residual    Condition
     0.1066E+07    0.2639E+08    0.2634E+08    0.2639E+08    0.8039E+05    0.7830E+10


 => Conventional Rietveld Rp,Rwp,Re and Chi2:   10.5      11.0      2.97      13.64    
 => (Values obtained using Ynet, but true sigma(y))
 =>  SumYnet, Sum(w Ynet**2):     0.1016E+08    0.6703E+07


 => Global user-weigthed Chi2 (Bragg contrib.):   13.6    

 => ---------> Pattern#  1
 => Phase:  1
 =>    Bragg R-factor:  6.03    
 =>    RF-factor     :  4.98    


   Standard deviations have to be multiplied by: 3.4100
   (correlated residuals) See references:
  -J.F.Berar & P.Lelann, J. Appl. Cryst. 24, 1-5 (1991) 
  -J.F.Berar, Acc. in Pow. Diff. II,NIST Sp.Pub. 846, 63(1992) 

 ++++++++++++++++++++++++++++++++++++++++++++++++++++++++++++++++++++++++++++++++++++++++++++++++++++++++++++++++++++++++

 => CYCLE No.:    1
 =>  Convergence reached at this CYCLE !!!!
 =>  Parameter shifts set to zero
 ---------------------------------------------------------------------------------------
 => Phase  1 Name:  #(C) 2021 by FIZ Karlsruhe - Leibniz Institute for Information Infras
 ---------------------------------------------------------------------------------------
 => New parameters, shifts, and standard deviations

 Atom        x       dx      sx       y       dy      sy       z       dz      sz       B       dB      sB      occ.    docc.   socc.

 Na1      0.38089 0.00000 0.00061  0.78622 0.00000 0.00145  0.10505 0.00000 0.00072  1.11627 0.00000 0.00000  1.00000 0.00000 0.00000
 Ta1      0.15929 0.00000 0.00010  0.25827 0.00000 0.00038  0.29721 0.00000 0.00012  0.47176 0.00000 0.00000  1.00000 0.00000 0.00000
 O1       0.21420 0.00000 0.00108  0.15077 0.00000 0.00132  0.05168 0.00000 0.00147  0.58064 0.00000 0.00000  1.00000 0.00000 0.00000
 O2       0.06364 0.00000 0.00120  0.55420 0.00000 0.00174  0.22359 0.00000 0.00152  0.58064 0.00000 0.00000  1.00000 0.00000 0.00000
 F1       0.37803 0.00000 0.00119  0.47571 0.00000 0.00169  0.30814 0.00000 0.00142  1.12063 0.00000 0.00000  1.00000 0.00000 0.00000
 F2       0.34402 0.00000 0.00109  0.99170 0.00000 0.00158  0.38108 0.00000 0.00128  1.12063 0.00000 0.00000  1.00000 0.00000 0.00000

 ==> PROFILE PARAMETERS FOR PATTERN#  1

 => Overall scale factor:      0.002027713     0.000000000     0.000003469
 => Eta(p-Voigt) or m(Pearson VII):   0.479425  0.000000  0.011730
 => Overall tem. factor:     0.000000    0.000000    0.000000
 => Halfwidth parameters: 
         0.054718    0.000000    0.001478
        -0.030685    0.000000    0.001058
         0.010651    0.000000    0.000186
 => Cell parameters: 
        8.113055    0.000000    0.000087
        5.454100    0.000000    0.000060
        7.506038    0.000000    0.000078
       90.000000    0.000000    0.000000
      102.255569    0.000000    0.000628
       90.000000    0.000000    0.000000
 => Preferred orientation: 
         0.000000    0.000000    0.000000
         0.000000    0.000000    0.000000
 => Asymmetry parameters: 
         0.010684    0.000000    0.002903
         0.004346    0.000000    0.000692
         0.000000    0.000000    0.000000
         0.000000    0.000000    0.000000
 => X and Y parameters: 
        -0.000119    0.000000    0.000342
         0.000000    0.000000    0.000000
 => Strain parameters: 
         0.000000    0.000000    0.000000
         0.000000    0.000000    0.000000
         0.000000    0.000000    0.000000
 => Size   parameters (G,L): 
         0.000000    0.000000    0.000000
         0.000000    0.000000    0.000000

 ==> GLOBAL PARAMETERS FOR PATTERN#  1


 => Zero-point:    -0.0352    0.0000    0.0005

 => Cos( theta)-shift parameter :   0.0000  0.0000  0.0000
 => Sin(2theta)-shift parameter :   0.0000  0.0000  0.0000

 ==> RELIABILITY FACTORS WITH ALL NON-EXCLUDED POINTS FOR PATTERN:  1

 => R-Factors:   3.74      5.21     Chi2:  12.2     DW-Stat.:  0.3179   Patt#:  1
 => Expected :            1.49                                1.9341
 => Deviance : 0.856E+05     Dev*:   12.55    
 => GoF-index:  3.5         Sqrt(Residual/N)
 => N-P+C:  6817

 =>    SumYdif       SumYobs      SumYcal      SumwYobsSQ     Residual    Condition
     0.1143E+07    0.3056E+08    0.3048E+08    0.3056E+08    0.8291E+05    0.7830E+10


 => Conventional Rietveld Rp,Rwp,Re and Chi2:   11.2      11.1      3.19      12.16    
 => (Values obtained using Ynet, but true sigma(y))
 =>  SumYnet, Sum(w Ynet**2):     0.1018E+08    0.6706E+07

 => N-sigma of the GoF:      651.648

 ==> RELIABILITY FACTORS FOR POINTS WITH BRAGG CONTRIBUTIONS FOR PATTERN:  1

 => R-Factors:   4.04      5.52     Chi2:  13.6     DW-Stat.:  0.3278   Patt#:
 => Expected :            1.49                                1.9299
 => Deviance : 0.830E+05     Dev*:   14.08    
 => GoF-index:  3.7         Sqrt(Residual/N)
 => N-P+C:  5895

 =>    SumYdif       SumYobs      SumYcal      SumwYobsSQ     Residual    Condition
     0.1066E+07    0.2639E+08    0.2634E+08    0.2639E+08    0.8039E+05    0.7830E+10


 => Conventional Rietveld Rp,Rwp,Re and Chi2:   10.5      11.0      2.97      13.64    
 => (Values obtained using Ynet, but true sigma(y))
 =>  SumYnet, Sum(w Ynet**2):     0.1016E+08    0.6703E+07

 => N-sigma of the GoF:      686.088

 => Global user-weigthed Chi2 (Bragg contrib.):   14.1    

 => ---------> Pattern#  1
 => Phase:  1
 =>    Bragg R-factor:  6.03    
 =>    RF-factor     :  4.98    

 --------------------------------------------------------------------------------------------------------------
 Pattern#  1 Phase No.:   1 Phase name:  #(C) 2021 by FIZ Karlsruhe - 
 --------------------------------------------------------------------------------------------------------------

   No.  Code     H   K   L  Mult      Hw      ETA/M    2theta/TOF     Icalc       Iobs      Sigma     StrFactor^2    d-hkl       CORR

      1   1      1   0   0     2  0.090424  0.478098      11.151     3980.6     3578.0      9.224      10020.1963  7.928163      1.000000
      2   1      1   1   0     4  0.083468  0.477077      19.741    10153.9     9816.2     11.138      40903.6758  4.493484      1.000000
      3   1      0   1   1     4  0.083141  0.477013      20.273       21.0       65.0      3.136         89.4720  4.376743      1.000000
      4   1     -1   1   1     4  0.082224  0.476820      21.900       31.8       62.5      4.376        158.6095  4.055128      1.000000
      5   1      2   0   0     2  0.081963  0.476759      22.409     1249.1     1322.1      5.922      13082.0244  3.964082      1.000000
      6   1      0   0   2     2  0.081132  0.476541      24.248     3672.1     3596.0      7.100      45323.7617  3.667490      1.000000
      7   1      1   1   1     4  0.081062  0.476520      24.424       36.0       36.6      0.083        225.6068  3.641466      1.000000
      8   1     -1   0   2     2  0.081046  0.476515      24.464     4016.1     3991.0      6.773      50491.2188  3.635637      1.000000
      9   1      2   1   0     4  0.080038  0.476118      27.799     7269.7     7269.7      9.881      59785.4609  3.206605      1.000000
     10   1     -2   1   1     4  0.079927  0.476050      28.374       98.8       68.6      2.105        848.4928  3.142851      1.000000
     11   1      1   0   2     2  0.079845  0.475989      28.888        3.2        4.1      0.344         57.6672  3.088167      1.000000
     12   1      0   1   2     4  0.079787  0.475937      29.322     2533.1     2677.2      6.440      23323.7227  3.043419      1.000000
     13   1     -2   0   2     2  0.079774  0.475924      29.435      122.5      132.8      0.383       2274.8701  3.031939      1.000000
     14   1     -1   1   2     4  0.079766  0.475916      29.503     1194.6     1312.3      3.911      11143.6289  3.025143      1.000000
     15   1      2   1   1     4  0.079694  0.475582      32.306       15.4        0.0      3.900        174.0612  2.768797      1.000000
     16   1      0   2   0     2  0.079732  0.475522      32.814     1518.0     1551.6      5.418      35550.3555  2.727050      1.000000
     17   1      1   1   2     4  0.079785  0.475462      33.313     2920.3     2941.8      6.139      35326.8320  2.687300      1.000000
     18   1     -2   1   2     4  0.079851  0.475405      33.796     2622.1     2634.5      5.625      32716.2305  2.650003      1.000000
     19   1      3   0   0     2  0.079866  0.475394      33.892     1030.2     1092.8      2.365      25868.2871  2.642721      1.000000
     20   1      1   2   0     4  0.080027  0.475291      34.759      991.3     1019.0      4.726      13144.4434  2.578760      1.000000
     21   1      0   2   1     4  0.080098  0.475253      35.077       26.8       36.7      2.032        362.3661  2.556107      1.000000
     22   1     -1   2   1     4  0.080365  0.475133      36.083        3.1        0.0      3.010         44.9127  2.487116      1.000000
     23   1      2   0   2     2  0.080566  0.475058      36.716      600.6      618.9      4.670      17934.5039  2.445678      1.000000
     24   1     -3   1   1     4  0.080823  0.474973      37.427      190.1      179.0      1.233       2959.2991  2.400860      1.000000
     25   1     -3   0   2     2  0.080833  0.474970      37.454      621.9      577.4      3.120      19395.9707  2.399187      1.000000
     26   1      1   2   1     4  0.080945  0.474936      37.736       80.4       65.3      2.181       1274.1831  2.381877      1.000000
     27   1      3   1   0     4  0.080969  0.474929      37.796        9.7        7.4      0.397        154.8944  2.378247      1.000000
     28   1     -1   1   3     4  0.081896  0.474696      39.761      234.2      252.7      4.249       4164.0703  2.265107      1.000000
     29   1      2   2   0     4  0.082081  0.474655      40.100      491.3      491.5      3.202       8897.4219  2.246742      1.000000
     30   1      2   1   2     4  0.082241  0.474621      40.384      565.5      643.1      3.312      10401.6426  2.231592      1.000000
     31   1      0   1   3     4  0.082247  0.474620      40.394        0.2        0.2      0.001          2.9627  2.231071      1.000000
     32   1     -2   2   1     4  0.082320  0.474605      40.519        5.3        6.3      0.073         98.2575  2.224476      1.000000
     33   1     -3   1   2     4  0.082649  0.474540      41.066      838.2      862.3      3.762      15998.4248  2.196104      1.000000
     34   1      0   2   2     4  0.082744  0.474522      41.218      890.8      902.7      2.948      17138.3223  2.188372      1.000000
     35   1     -1   2   2     4  0.082829  0.474506      41.353     1049.3      972.5      3.313      20333.6523  2.181547      1.000000
     36   1      3   1   1     4  0.083314  0.474419      42.085        7.3        0.0      1.725        147.8479  2.145262      1.000000
     37   1     -2   1   3     4  0.083557  0.474378      42.433        9.7        7.5      2.518        198.8163  2.128471      1.000000
     38   1      2   2   1     4  0.084340  0.474252      43.487       48.0       83.5      4.019       1038.7555  2.079313      1.000000
     39   1      1   1   3     4  0.084922  0.474166      44.214       49.3       31.3      1.711       1107.5259  2.046759      1.000000
     40   1      1   2   2     4  0.084972  0.474159      44.274       86.5       80.8      1.863       1949.1355  2.044124      1.000000
     41   1     -2   2   2     4  0.085292  0.474113      44.655      332.5      319.8      3.401       7639.8984  2.027564      1.000000
     42   1      4   0   0     2  0.086252  0.473985      45.739      714.4      778.1      4.844      34624.9648  1.982041      1.000000
     43   1      3   0   2     2  0.086856  0.473908      46.379      492.6      410.7      3.586      24629.5742  1.956147      1.000000
     44   1     -4   0   2     2  0.087702  0.473807      47.233      684.6      673.9      4.241      35647.3672  1.922743      1.000000
     45   1     -3   2   1     4  0.088066  0.473765      47.588       24.8       23.6      0.849        656.3700  1.909230      1.000000
     46   1     -4   1   1     4  0.088376  0.473730      47.884        0.2        0.2      0.001          4.6712  1.898137      1.000000
     47   1      3   2   0     4  0.088386  0.473728      47.893     1835.0     1931.3      5.371      49271.4414  1.897799      1.000000
     48   1     -3   1   3     4  0.088456  0.473721      47.959       31.0       32.7      0.111        835.7014  1.895322      1.000000
     49   1     -1   0   4     2  0.089019  0.473659      48.480     1305.6     1484.6      4.722      72047.3516  1.876154      1.000000
     50   1      4   1   0     4  0.089427  0.473615      48.849      947.9     1067.4      4.133      26602.1758  1.862848      1.000000
     51   1      3   1   2     4  0.090121  0.473542      49.459       97.1       74.3      2.086       2801.0439  1.841301      1.000000
     52   1     -1   2   3     4  0.090205  0.473534      49.531        8.9        7.7      0.236        257.6760  1.838799      1.000000
     53   1      0   0   4     2  0.090375  0.473516      49.677       42.4       42.1      1.160       2472.8618  1.833745      1.000000
     54   1      2   2   2     4  0.090823  0.473471      50.056     1762.2     1735.5      5.110      52224.9453  1.820733      1.000000
     55   1      0   2   3     4  0.090833  0.473470      50.064        1.6        1.6      0.005         47.4481  1.820450      1.000000
     56   1     -2   0   4     2  0.090926  0.473461      50.142      218.7      215.3      0.723      13015.3213  1.817819      1.000000
     57   1     -4   1   2     4  0.091084  0.473445      50.273       10.7       11.3      0.095        320.0348  1.813361      1.000000
     58   1     -3   2   2     4  0.091523  0.473402      50.634     1090.8     1015.9      4.327      33171.4297  1.801304      1.000000
     59   1      2   1   3     4  0.091539  0.473401      50.646        2.0        1.8      0.008         59.8856  1.800888      1.000000
     60   1     -1   1   4     4  0.092568  0.473303      51.466       28.8       25.4      0.418        908.5242  1.774123      1.000000

   No.  Code     H   K   L  Mult      Hw      ETA/M    2theta/TOF     Icalc       Iobs      Sigma     StrFactor^2    d-hkl       CORR

     61   1      3   2   1     4  0.092616  0.473299      51.503        0.8        0.8      0.006         26.0217  1.772928      1.000000
     62   1      1   3   0     4  0.092651  0.473296      51.531      649.7      604.1      3.847      20548.2070  1.772039      1.000000
     63   1      0   3   1     4  0.092951  0.473268      51.763       67.3       61.9      1.221       2150.9800  1.764637      1.000000
     64   1     -2   2   3     4  0.093001  0.473264      51.801        4.2        3.6      0.114        133.4795  1.763415      1.000000
     65   1     -1   3   1     4  0.093932  0.473180      52.504        4.4        4.5      0.105        144.5046  1.741449      1.000000
     66   1      0   1   4     4  0.094077  0.473167      52.612     1017.2      994.7      4.836      33695.3789  1.738135      1.000000
     67   1      4   1   1     4  0.094653  0.473117      53.035        0.3        0.3      0.002          9.1763  1.725276      1.000000
     68   1     -2   1   4     4  0.094686  0.473114      53.058      449.6      416.6      3.193      15180.0811  1.724555      1.000000
     69   1      1   2   3     4  0.095077  0.473081      53.340        0.0        0.0      0.001          0.2860  1.716103      1.000000
     70   1      1   0   4     2  0.095427  0.473051      53.589      149.6      147.3      2.983      10330.5967  1.708719      1.000000
     71   1      1   3   1     4  0.095647  0.473032      53.745        0.8        0.8      0.033         28.8373  1.704129      1.000000
     72   1     -3   0   4     2  0.096690  0.472946      54.469       73.6        2.0      3.151       5267.0288  1.683191      1.000000
     73   1      2   3   0     4  0.098332  0.472816      55.566     1063.4      985.1      5.476      39792.2344  1.652527      1.000000
     74   1     -4   1   3     4  0.098541  0.472800      55.702       22.4       21.6      0.126        843.9384  1.648805      1.000000
     75   1     -2   3   1     4  0.098837  0.472777      55.894       66.9       65.8      1.359       2538.0317  1.643606      1.000000
     76   1      1   1   4     4  0.099597  0.472719      56.380      836.6      918.7      3.712      32333.2715  1.630571      1.000000
     77   1      0   3   2     4  0.099698  0.472711      56.444      351.6      368.0      1.437      13620.4521  1.628880      1.000000
     78   1     -1   3   2     4  0.099867  0.472699      56.551      228.4      230.7      0.979       8885.1338  1.626060      1.000000
     79   1     -4   2   1     4  0.099892  0.472697      56.567       37.8       38.0      0.174       1471.5677  1.625636      1.000000
     80   1     -3   2   3     4  0.099999  0.472689      56.634        6.1        5.8      0.048        236.9669  1.623866      1.000000
     81   1     -3   1   4     4  0.100960  0.472618      57.231     1000.5     1149.6      4.465      39969.1836  1.608343      1.000000
     82   1      4   0   2     2  0.101055  0.472611      57.289       34.5       43.6      0.189       2760.5811  1.606850      1.000000
     83   1      4   2   0     4  0.101281  0.472594      57.427      288.9      377.6      1.683      11628.5605  1.603303      1.000000
     84   1      3   2   2     4  0.102184  0.472530      57.973      566.2      685.7      3.727      23271.9883  1.589504      1.000000
     85   1      5   0   0     2  0.102444  0.472511      58.128       97.7      111.2      0.697       8075.6611  1.585633      1.000000
     86   1     -5   0   2     2  0.102625  0.472498      58.235       86.5       89.4      1.047       7179.8467  1.582965      1.000000
     87   1      2   3   1     4  0.102665  0.472495      58.259        3.2        3.4      0.045        134.3554  1.582376      1.000000
     88   1     -4   2   2     4  0.103422  0.472443      58.705      618.0      742.7      3.663      26111.8477  1.571426      1.000000
     89   1      1   3   2     4  0.103757  0.472419      58.899      692.7      758.3      2.857      29484.1523  1.566700      1.000000
     90   1      2   2   3     4  0.104001  0.472403      59.040       24.8       25.9      0.156       1059.9552  1.563287      1.000000
     91   1      3   1   3     4  0.104083  0.472397      59.088        4.2        4.4      0.026        178.3758  1.562145      1.000000
     92   1     -2   3   2     4  0.104296  0.472382      59.210      858.7      840.4      3.507      36975.3320  1.559207      1.000000
     93   1     -5   1   1     4  0.104587  0.472363      59.377        4.4        4.4      0.029        188.8557  1.555233      1.000000
     94   1     -1   2   4     4  0.105300  0.472315      59.781      724.8      774.1      3.329      31871.4629  1.545684      1.000000
     95   1      2   0   4     2  0.105421  0.472306      59.849      236.0      251.8      1.024      20804.3184  1.544084      1.000000
     96   1      4   1   2     4  0.105630  0.472292      59.966      938.6      950.1      2.990      41550.7891  1.541349      1.000000
     97   1      5   1   0     4  0.107108  0.472195      60.782      546.7      677.4      3.004      24923.5859  1.522593      1.000000
     98   1      0   2   4     4  0.107179  0.472191      60.821       67.1       76.7      0.286       3061.2507  1.521710      1.000000
     99   1     -5   1   2     4  0.107300  0.472183      60.887      831.3      847.5      2.883      38041.8633  1.520230      1.000000
    100   1     -4   0   4     2  0.107649  0.472160      61.076      279.9      268.5      1.296      25788.1426  1.515969      1.000000
    101   1      4   2   1     4  0.107890  0.472145      61.206        4.8        4.8      0.032        222.3426  1.513058      1.000000
    102   1     -2   2   4     4  0.107931  0.472142      61.228      293.6      295.2      1.929      13599.8066  1.512571      1.000000
    103   1     -3   3   1     4  0.108704  0.472093      61.641        4.7        0.9      0.532        218.7689  1.503429      1.000000
    104   1      3   3   0     4  0.109187  0.472063      61.897        8.2        0.0      1.412        387.3314  1.497828      1.000000
    105   1      2   1   4     4  0.110263  0.471996      62.459       30.6        0.0      2.980       1477.5543  1.485693      1.000000
    106   1     -1   3   3     4  0.111874  0.471898      63.283        0.3        0.0      0.273         16.6703  1.468308      1.000000
    107   1     -4   2   3     4  0.112608  0.471854      63.652        1.1        1.1      0.046         55.9420  1.460684      1.000000
    108   1     -4   1   4     4  0.112616  0.471854      63.656       21.8       20.7      0.844       1097.2520  1.460599      1.000000
    109   1      2   3   2     4  0.112766  0.471845      63.731      178.7      152.6      3.381       9020.2715  1.459060      1.000000
    110   1      0   3   3     4  0.112780  0.471844      63.738        7.8        6.6      0.144        393.1265  1.458914      1.000000
    111   1     -3   3   2     4  0.113765  0.471786      64.226      256.2      230.3      2.266      13148.0908  1.449004      1.000000
    112   1      1   2   4     4  0.113870  0.471780      64.278      219.3      193.9      1.681      11273.4043  1.447961      1.000000
    113   1     -1   1   5     4  0.113982  0.471773      64.333        7.5        6.5      0.073        388.7701  1.446860      1.000000
    114   1      3   3   1     4  0.115301  0.471697      64.975        3.8        1.9      0.349        200.4950  1.434110      1.000000
    115   1      5   1   1     4  0.115336  0.471695      64.991        9.8        5.4      0.743        515.1333  1.433787      1.000000
    116   1     -3   2   4     4  0.115490  0.471686      65.065       34.3       22.5      1.583       1806.9253  1.432329      1.000000
    117   1     -2   1   5     4  0.115722  0.471673      65.177        3.1        2.5      0.149        165.2833  1.430153      1.000000
    118   1     -5   1   3     4  0.115754  0.471671      65.192       12.8       10.1      0.600        676.3740  1.429848      1.000000
    119   1     -2   3   3     4  0.115839  0.471666      65.233       10.7        7.4      0.553        568.3300  1.429061      1.000000
    120   1      0   1   5     4  0.117195  0.471590      65.876        8.7        0.0      2.367        471.3129  1.416647      1.000000

   No.  Code     H   K   L  Mult      Hw      ETA/M    2theta/TOF     Icalc       Iobs      Sigma     StrFactor^2    d-hkl       CORR

    121   1      1   3   3     4  0.118687  0.471507      66.572       14.3        8.4      2.568        792.6974  1.403530      1.000000
    122   1      3   2   3     4  0.119169  0.471480      66.793       23.4       17.8      1.977       1304.7860  1.399408      1.000000
    123   1     -5   2   1     4  0.119758  0.471448      67.063        4.4        0.0      1.114        247.4303  1.394432      1.000000
    124   1      4   2   2     4  0.120976  0.471383      67.614        0.5        0.0      0.525         27.7936  1.384399      1.000000
    125   1      3   0   4     2  0.122030  0.471327      68.085      102.0      130.2      3.467      11811.0049  1.375973      1.000000
    126   1     -3   1   5     4  0.122656  0.471294      68.362        0.6        0.6      0.015         36.1538  1.371071      1.000000
    127   1      5   2   0     4  0.122696  0.471292      68.380       68.0       67.2      1.695       3974.0291  1.370761      1.000000
    128   1     -5   2   2     4  0.122919  0.471280      68.478       13.8       15.0      0.519        810.0461  1.369036      1.000000
    129   1      0   4   0     2  0.123639  0.471243      68.793      320.7      327.6      3.110      37924.1406  1.363525      1.000000
    130   1      4   1   3     4  0.124510  0.471198      69.171        0.7        0.7      0.043         44.0348  1.356996      1.000000
    131   1      5   0   2     2  0.124853  0.471180      69.319      151.5      170.7      2.557      18192.0156  1.354462      1.000000
    132   1     -4   3   1     4  0.125089  0.471168      69.421        0.1        0.1      0.003          6.6285  1.352729      1.000000
    133   1     -3   3   3     4  0.125229  0.471161      69.480        0.2        0.2      0.004         11.6418  1.351709      1.000000
    134   1     -5   0   4     2  0.125535  0.471145      69.611      200.2      215.4      2.216      24235.0703  1.349488      1.000000
    135   1      1   1   5     4  0.125804  0.471132      69.726        3.7        4.2      0.068        226.5790  1.347548      1.000000
    136   1      1   4   0     4  0.126328  0.471105      69.949       63.6       67.6      0.351       3884.4182  1.343796      1.000000
    137   1      2   2   4     4  0.126349  0.471104      69.958      562.1      597.9      3.067      34363.8047  1.343650      1.000000
    138   1      0   4   1     4  0.126787  0.471082      70.143       29.1       30.8      0.183       1788.7567  1.340559      1.000000
    139   1      4   3   0     4  0.126898  0.471077      70.190      183.9      193.8      1.216      11313.7744  1.339779      1.000000
    140   1     -6   0   2     2  0.127307  0.471056      70.361       58.0       60.9      0.656       7169.9253  1.336926      1.000000
    141   1      3   1   4     4  0.127705  0.471036      70.528      329.2      331.0      2.468      20448.1426  1.334170      1.000000
    142   1      3   3   2     4  0.128067  0.471018      70.679       55.0       54.3      0.583       3431.4956  1.331696      1.000000
    143   1     -1   4   1     4  0.128270  0.471008      70.764       13.4       14.0      0.182        837.7930  1.330308      1.000000
    144   1     -4   2   4     4  0.129059  0.470969      71.090      320.9      351.2      2.932      20241.0938  1.325001      1.000000
    145   1      6   0   0     2  0.129608  0.470943      71.316      183.6      247.1      1.711      23306.7871  1.321360      1.000000
    146   1     -4   3   2     4  0.129661  0.470940      71.338        9.8       13.1      0.102        624.1392  1.321011      1.000000
    147   1      2   3   3     4  0.130404  0.470904      71.641        3.5        4.1      0.086        224.3677  1.316165      1.000000
    148   1     -1   2   5     4  0.130628  0.470893      71.732        5.8        7.1      0.086        371.0801  1.314719      1.000000
    149   1      5   1   2     4  0.130657  0.470892      71.743      164.1      200.0      2.376      10534.2480  1.314533      1.000000
    150   1      1   4   1     4  0.130826  0.470884      71.812        9.5       10.7      0.171        608.0976  1.313447      1.000000
    151   1     -6   1   1     4  0.131087  0.470871      71.918        4.8        5.5      0.082        310.4889  1.311776      1.000000
    152   1     -5   1   4     4  0.131369  0.470858      72.031      204.3      202.2      2.247      13212.7803  1.309985      1.000000
    153   1     -1   3   4     4  0.132065  0.470824      72.311        8.8        7.7      0.353        573.2902  1.305608      1.000000
    154   1      5   2   1     4  0.132180  0.470819      72.357        1.2        1.0      0.076         76.4724  1.304888      1.000000
    155   1     -2   2   5     4  0.132622  0.470798      72.534        2.8        2.8      0.247        183.4535  1.302147      1.000000
    156   1     -5   2   3     4  0.132660  0.470796      72.548        0.3        0.3      0.023         17.3406  1.301916      1.000000
    157   1     -6   1   2     4  0.133220  0.470770      72.771      228.3      258.5      3.145      15049.3389  1.298485      1.000000
    158   1      0   2   5     4  0.134309  0.470718      73.200        4.7        4.7      0.084        311.2248  1.291927      1.000000
    159   1      0   3   4     4  0.134454  0.470712      73.257      233.2      245.6      2.640      15566.6982  1.291063      1.000000
    160   1      2   4   0     4  0.134739  0.470698      73.368       52.9       54.7      0.721       3540.4709  1.289380      1.000000
    161   1      4   3   1     4  0.135355  0.470670      73.608        8.2        8.5      0.083        552.3027  1.285767      1.000000
    162   1     -2   3   4     4  0.135406  0.470668      73.628      185.9      194.8      1.856      12525.3389  1.285468      1.000000
    163   1     -2   4   1     4  0.135465  0.470665      73.651        9.0        9.6      0.093        609.2739  1.285129      1.000000
    164   1      6   1   0     4  0.135623  0.470658      73.712       43.4       47.1      0.560       2928.5547  1.284210      1.000000
    165   1     -4   1   5     4  0.135709  0.470654      73.746       22.6       24.0      0.320       1524.1426  1.283714      1.000000
    166   1      0   4   2     4  0.136698  0.470608      74.127      301.2      285.8      2.330      20543.5117  1.278053      1.000000
    167   1     -1   4   2     4  0.136939  0.470597      74.219      360.9      325.3      2.484      24666.6543  1.276690      1.000000
    168   1     -3   2   5     4  0.140541  0.470436      75.578        4.5        0.0      1.116        317.2686  1.257080      1.000000
    169   1      2   4   1     4  0.140897  0.470420      75.710       11.7        6.5      1.357        825.1257  1.255217      1.000000
    170   1      2   1   5     4  0.140942  0.470418      75.726        2.6        1.6      0.294        184.1696  1.254984      1.000000
    171   1     -4   3   3     4  0.141293  0.470403      75.856        3.5        1.5      0.428        245.5124  1.253162      1.000000
    172   1     -1   0   6     2  0.142141  0.470366      76.168       77.6       64.7      2.107      11098.1641  1.248803      1.000000
    173   1     -6   1   3     4  0.142332  0.470357      76.238        6.7        6.3      0.169        477.5265  1.247830      1.000000
    174   1      1   4   2     4  0.142427  0.470353      76.272        3.4        3.3      0.083        242.2526  1.247350      1.000000
    175   1      4   2   3     4  0.142653  0.470343      76.355        0.5        0.5      0.008         38.3852  1.246205      1.000000
    176   1      1   3   4     4  0.142873  0.470334      76.435      266.0      262.4      2.220      19138.9180  1.245099      1.000000
    177   1     -2   0   6     2  0.142893  0.470333      76.442      117.1      115.9      0.975      16852.1562  1.244998      1.000000
    178   1     -2   4   2     4  0.143181  0.470320      76.547        3.1        3.1      0.041        223.7104  1.243558      1.000000
    179   1      1   2   5     4  0.144126  0.470280      76.889        9.3       10.4      0.522        673.3677  1.238875      1.000000
    180   1     -3   3   4     4  0.144897  0.470247      77.166      416.0      400.3      3.508      30411.5586  1.235118      1.000000

   No.  Code     H   K   L  Mult      Hw      ETA/M    2theta/TOF     Icalc       Iobs      Sigma     StrFactor^2    d-hkl       CORR

    181   1      3   2   4     4  0.146290  0.470188      77.663       82.6      101.8      2.247       6103.8462  1.228456      1.000000
    182   1      6   1   1     4  0.147493  0.470137      78.087        0.0        0.0      0.000          0.8956  1.222839      1.000000
    183   1      4   0   4     2  0.147493  0.470137      78.087       87.4       84.9      2.226      13027.4971  1.222839      1.000000
    184   1      0   0   6     2  0.147567  0.470134      78.113        1.4        1.3      0.038        209.4037  1.222497      1.000000
    185   1     -1   1   6     4  0.148705  0.470087      78.511      204.3      234.4      2.709      15362.3467  1.217302      1.000000
    186   1     -3   4   1     4  0.149283  0.470063      78.711       23.1       25.0      0.335       1746.7360  1.214702      1.000000
    187   1      3   3   3     4  0.149480  0.470055      78.779        3.7        3.7      0.040        281.0176  1.213822      1.000000
    188   1     -2   1   6     4  0.149490  0.470055      78.783       19.9       19.9      0.214       1506.0276  1.213777      1.000000
    189   1      5   2   2     4  0.149647  0.470048      78.837       89.4       87.7      0.859       6767.8599  1.213076      1.000000
    190   1     -3   0   6     2  0.149917  0.470037      78.930       34.6       33.8      0.283       5240.0562  1.211879      1.000000
    191   1      3   4   0     4  0.149948  0.470036      78.941      183.7      180.5      1.494      13934.8037  1.211742      1.000000
    192   1     -6   2   1     4  0.150137  0.470028      79.006        7.6        7.5      0.062        575.4980  1.210908      1.000000
    193   1     -5   3   1     4  0.150213  0.470025      79.032       19.9       19.8      0.162       1511.2882  1.210571      1.000000
    194   1     -5   2   4     4  0.150457  0.470015      79.116      200.0      201.4      1.561      15220.3184  1.209499      1.000000
    195   1      4   3   2     4  0.151728  0.469963      79.550      308.3      289.5      2.810      23663.8164  1.203988      1.000000
    196   1     -6   2   2     4  0.152563  0.469930      79.833       81.8       69.5      1.016       6313.3027  1.200430      1.000000
    197   1     -6   0   4     2  0.152761  0.469922      79.900        4.6        4.0      0.092        716.1599  1.199594      1.000000
    198   1     -1   4   3     4  0.153631  0.469887      80.192       17.3       17.9      0.228       1340.6167  1.195952      1.000000
    199   1      5   3   0     4  0.153864  0.469878      80.270      211.2      212.4      1.603      16435.2988  1.194985      1.000000
    200   1     -5   3   2     4  0.154141  0.469867      80.363      269.6      266.6      1.302      21009.2754  1.193842      1.000000
    201   1      4   1   4     4  0.154293  0.469861      80.414      216.8      212.6      0.968      16909.9688  1.193217      1.000000
    202   1      0   1   6     4  0.154370  0.469857      80.440      227.9      221.6      1.024      17784.9258  1.192898      1.000000
    203   1      2   4   2     4  0.154850  0.469838      80.599      203.0      199.2      0.994      15888.3496  1.190939      1.000000
    204   1      0   4   3     4  0.154869  0.469838      80.606        5.1        5.0      0.025        400.6948  1.190860      1.000000
    205   1      6   2   0     4  0.155297  0.469821      80.748      240.7      225.7      1.455      18890.4082  1.189124      1.000000
    206   1     -4   2   5     4  0.155395  0.469817      80.780        2.2        2.0      0.015        170.2032  1.188730      1.000000
    207   1      5   1   3     4  0.155492  0.469813      80.812        0.1        0.1      0.000          4.2974  1.188339      1.000000
    208   1     -3   4   2     4  0.156213  0.469785      81.050      172.9      156.0      1.573      13642.1816  1.185451      1.000000
    209   1     -5   1   5     4  0.156613  0.469769      81.181        1.5        1.3      0.016        117.3165  1.183861      1.000000
    210   1     -3   1   6     4  0.156824  0.469761      81.251      207.8      185.0      1.953      16454.4941  1.183027      1.000000
    211   1      3   4   1     4  0.158307  0.469704      81.734        1.3        1.6      0.133        102.4203  1.177254      1.000000
    212   1      2   3   4     4  0.158400  0.469700      81.764        2.3        3.0      0.249        182.4088  1.176896      1.000000
    213   1     -2   4   3     4  0.159038  0.469675      81.970        5.6        7.5      0.452        451.2322  1.174456      1.000000
    214   1     -6   1   4     4  0.159796  0.469646      82.214      217.9      261.0      2.492      17541.3867  1.171590      1.000000
    215   1      1   0   6     2  0.159860  0.469644      82.234      109.5      129.6      1.194      17639.0215  1.171348      1.000000
    216   1      6   0   2     2  0.161119  0.469596      82.636      135.6      166.1      2.254      21978.7793  1.166668      1.000000
    217   1      2   2   5     4  0.161353  0.469587      82.711        0.1        0.1      0.002          7.0490  1.165808      1.000000
    218   1     -4   3   4     4  0.161764  0.469572      82.841       21.5       23.4      0.570       1745.7262  1.164303      1.000000
    219   1      1   4   3     4  0.162911  0.469529      83.202        6.8        6.0      0.716        559.4500  1.160161      1.000000
    220   1     -6   2   3     4  0.162937  0.469528      83.211        0.5        0.4      0.049         37.8796  1.160067      1.000000
    221   1     -1   3   5     4  0.163713  0.469499      83.453       27.0       27.4      1.254       2217.7551  1.157308      1.000000
    222   1     -4   0   6     2  0.164116  0.469484      83.579       68.3       58.5      1.745      11238.1133  1.155888      1.000000
    223   1      3   1   5     4  0.164669  0.469464      83.751        2.5        2.4      0.043        207.4775  1.153950      1.000000
    224   1     -7   0   2     2  0.164829  0.469458      83.801      149.0      143.9      2.274      24598.0508  1.153392      1.000000
    225   1      5   3   1     4  0.165642  0.469428      84.052        1.9        1.8      0.062        157.1935  1.150585      1.000000
    226   1     -2   3   5     4  0.166191  0.469408      84.221        0.0        0.0      0.004          2.3174  1.148705      1.000000
    227   1     -5   3   3     4  0.166238  0.469406      84.235        0.2        0.2      0.027         14.0420  1.148547      1.000000
    228   1      1   1   6     4  0.167218  0.469370      84.535       35.1       33.9      2.427       2928.4094  1.145234      1.000000
    229   1      0   3   5     4  0.168289  0.469332      84.861        0.2        0.2      0.015         16.4585  1.141671      1.000000
    230   1      6   1   2     4  0.168535  0.469323      84.936       17.7       17.8      1.430       1488.9260  1.140859      1.000000
    231   1      6   2   1     4  0.168826  0.469312      85.023        2.5        2.5      0.272        211.9410  1.139905      1.000000
    232   1     -1   2   6     4  0.170210  0.469263      85.439      117.6      146.0      2.598       9933.5342  1.135416      1.000000
    233   1      7   0   0     2  0.171095  0.469231      85.703       26.5       31.9      0.271       4496.1357  1.132595      1.000000
    234   1     -2   2   6     4  0.171108  0.469231      85.707      203.0      243.5      2.046      17211.1855  1.132553      1.000000
    235   1     -7   1   1     4  0.171347  0.469222      85.778        0.1        0.1      0.001          8.9805  1.131797      1.000000
    236   1     -4   4   1     4  0.171609  0.469213      85.856       12.9       14.1      0.129       1099.6465  1.130972      1.000000
    237   1     -4   1   6     4  0.171672  0.469211      85.875      138.1      148.9      1.389      11730.0889  1.130773      1.000000
    238   1     -3   4   3     4  0.171798  0.469207      85.912       12.9       13.9      0.136       1097.2782  1.130376      1.000000
    239   1     -7   1   2     4  0.172419  0.469185      86.096        3.6        3.6      0.069        307.3899  1.128436      1.000000
    240   1      4   4   0     4  0.174068  0.469127      86.579      177.7      144.1      2.934      15231.2842  1.123371      1.000000

   No.  Code     H   K   L  Mult      Hw      ETA/M    2theta/TOF     Icalc       Iobs      Sigma     StrFactor^2    d-hkl       CORR

    241   1      3   4   2     4  0.175658  0.469072      87.041      176.0      161.6      2.352      15173.1406  1.118593      1.000000
    242   1     -3   3   5     4  0.176058  0.469059      87.156       26.3       23.1      0.446       2268.3811  1.117410      1.000000
    243   1      4   2   4     4  0.176606  0.469040      87.314       56.0       53.1      0.879       4839.6826  1.115796      1.000000
    244   1      0   2   6     4  0.176695  0.469037      87.340        4.4        4.1      0.072        379.0528  1.115536      1.000000
    245   1     -4   4   2     4  0.177830  0.468998      87.665      199.9      181.2      2.484      17354.0508  1.112238      1.000000
    246   1      5   2   3     4  0.177981  0.468993      87.707        4.3        3.8      0.057        369.5868  1.111804      1.000000
    247   1      4   3   3     4  0.178698  0.468969      87.911       20.5       20.5      0.261       1786.3866  1.109751      1.000000
    248   1      2   4   3     4  0.178842  0.468964      87.952       14.8       15.6      0.167       1291.2059  1.109341      1.000000
    249   1      7   1   0     4  0.178984  0.468959      87.992      128.0      136.8      1.434      11150.0156  1.108937      1.000000
    250   1     -5   2   5     4  0.179268  0.468950      88.073        5.9        6.1      0.082        518.2895  1.108135      1.000000
    251   1     -3   2   6     4  0.179510  0.468941      88.141       50.0       51.8      0.821       4362.5171  1.107451      1.000000
    252   1      1   3   5     4  0.180542  0.468907      88.431        6.1        6.0      0.101        537.7979  1.104565      1.000000
    253   1      2   0   6     2  0.180720  0.468901      88.481       51.5       51.2      0.692       9011.7637  1.104070      1.000000
    254   1     -1   4   4     4  0.181108  0.468888      88.590      256.4      259.7      2.636      22477.8770  1.102998      1.000000
    255   1     -7   1   3     4  0.182376  0.468846      88.943        0.5        0.5      0.012         47.7171  1.099533      1.000000
    256   1     -6   2   4     4  0.182924  0.468828      89.094       13.5       12.5      0.303       1187.4139  1.098052      1.000000
    257   1      3   3   4     4  0.183256  0.468817      89.186      149.8      148.6      2.597      13213.1553  1.097162      1.000000
    258   1      0   4   4     4  0.184375  0.468781      89.494       13.4       12.2      0.373       1182.1044  1.094186      1.000000
    259   1      4   4   1     4  0.185609  0.468741      89.830        0.9        1.0      0.016         77.8342  1.090956      1.000000
    260   1     -2   4   4     4  0.185679  0.468738      89.850       82.9       92.8      1.396       7353.0923  1.090774      1.000000
    261   1      5   0   4     2  0.185841  0.468733      89.893      114.3      129.6      1.788      20282.1055  1.090354      1.000000
    262   1      5   3   2     4  0.187477  0.468680      90.336       56.2       60.4      0.755       5008.6450  1.086163      1.000000
    263   1     -5   0   6     2  0.187529  0.468679      90.350      124.0      133.0      1.680      22099.8633  1.086032      1.000000
    264   1     -6   3   1     4  0.188094  0.468661      90.501       11.8       13.2      0.208       1054.6381  1.084606      1.000000
    265   1     -5   3   4     4  0.188498  0.468648      90.609       67.3       69.4      0.945       6004.9492  1.083593      1.000000
    266   1      3   2   5     4  0.188540  0.468647      90.621        1.8        1.8      0.024        157.9105  1.083489      1.000000
    267   1     -6   1   5     4  0.188586  0.468645      90.633        4.7        4.7      0.064        416.3775  1.083373      1.000000
    268   1      2   1   6     4  0.189089  0.468629      90.767       48.6       49.5      0.761       4344.8481  1.082121      1.000000
    269   1      1   5   0     4  0.189688  0.468610      90.926      112.7      120.1      1.667      10088.4189  1.080639      1.000000
    270   1      0   5   1     4  0.190375  0.468589      91.108        3.3        3.4      0.070        297.4822  1.078954      1.000000
    271   1     -6   3   2     4  0.191155  0.468564      91.314      112.1      119.3      1.110      10060.7686  1.077057      1.000000
    272   1      1   2   6     4  0.191484  0.468554      91.401      258.2      264.1      2.273      23193.1465  1.076265      1.000000
    273   1     -1   5   1     4  0.192603  0.468519      91.694        5.3        4.8      0.047        477.8225  1.073588      1.000000
    274   1      6   2   2     4  0.193007  0.468506      91.799      294.3      257.4      2.356      26515.2656  1.072631      1.000000
    275   1     -4   4   3     4  0.193775  0.468483      91.999        2.8        2.6      0.033        250.4573  1.070827      1.000000
    276   1     -7   0   4     2  0.193892  0.468479      92.029       71.0       66.8      0.834      12815.6143  1.070554      1.000000
    277   1      5   1   4     4  0.194474  0.468461      92.180        4.9        4.8      0.079        440.8413  1.069198      1.000000
    278   1      6   3   0     4  0.194616  0.468457      92.216       27.9       28.0      0.531       2520.9148  1.068868      1.000000
    279   1     -4   3   5     4  0.194740  0.468453      92.248        1.5        1.5      0.032        133.0438  1.068582      1.000000
    280   1      1   4   4     4  0.195960  0.468416      92.562       50.3       56.5      1.210       4550.0303  1.065783      1.000000
    281   1     -5   1   6     4  0.196251  0.468407      92.636        1.0        1.1      0.022         93.3251  1.065121      1.000000
    282   1     -7   2   1     4  0.196265  0.468406      92.640        4.9        5.3      0.104        447.6757  1.065089      1.000000
    283   1      1   5   1     4  0.196451  0.468401      92.687        5.4        5.6      0.104        486.6436  1.064667      1.000000
    284   1      7   1   1     4  0.196627  0.468395      92.732        0.0        0.0      0.000          2.2327  1.064270      1.000000
    285   1     -4   2   6     4  0.196642  0.468395      92.736       74.6       75.4      1.310       6762.8887  1.064235      1.000000
    286   1     -7   2   2     4  0.197509  0.468369      92.957      288.7      269.0      2.739      26199.3359  1.062287      1.000000
    287   1     -3   4   4     4  0.198765  0.468331      93.274       10.9       10.1      0.221        989.5466  1.059503      1.000000
    288   1      4   1   5     4  0.200944  0.468266      93.820        0.1        0.1      0.021         11.1227  1.054770      1.000000
    289   1      2   3   5     4  0.202322  0.468225      94.162        0.5        0.6      0.012         48.5001  1.051840      1.000000
    290   1      2   5   0     4  0.202375  0.468224      94.175      138.2      150.7      2.846      12622.6738  1.051727      1.000000
    291   1      6   1   3     4  0.202649  0.468216      94.243        4.5        4.9      0.078        408.4420  1.051150      1.000000
    292   1     -2   1   7     4  0.202857  0.468210      94.294       11.6       12.7      0.208       1055.3915  1.050715      1.000000
    293   1     -7   1   4     4  0.202955  0.468207      94.318       48.4       53.6      0.899       4425.6729  1.050508      1.000000
    294   1     -2   5   1     4  0.203478  0.468191      94.447       15.8       18.3      0.322       1445.4779  1.049417      1.000000
    295   1     -1   1   7     4  0.203793  0.468182      94.524        0.1        0.1      0.002          9.0039  1.048763      1.000000
    296   1     -6   3   3     4  0.204348  0.468166      94.660        4.0        4.4      0.101        365.6857  1.047617      1.000000
    297   1      7   2   0     4  0.205151  0.468143      94.856      138.6      151.8      1.816      12691.7822  1.045972      1.000000
    298   1      3   4   3     4  0.205152  0.468143      94.856        3.7        4.0      0.048        338.4904  1.045968      1.000000
    299   1      0   5   2     4  0.205356  0.468137      94.906       87.9       94.3      1.106       8051.6743  1.045553      1.000000
    300   1     -1   5   2     4  0.205724  0.468126      94.995       43.0       43.6      0.671       3943.7905  1.044806      1.000000

   No.  Code     H   K   L  Mult      Hw      ETA/M    2theta/TOF     Icalc       Iobs      Sigma     StrFactor^2    d-hkl       CORR

    301   1     -5   4   1     4  0.206179  0.468113      95.105        0.3        0.3      0.006         30.1788  1.043886      1.000000
    302   1      4   4   2     4  0.208304  0.468052      95.616        3.8        4.7      0.687        346.6648  1.039656      1.000000
    303   1     -7   2   3     4  0.209115  0.468029      95.809        2.7        3.8      0.593        246.1396  1.038069      1.000000
    304   1     -3   1   7     4  0.210915  0.467979      96.236        0.7        0.7      0.074         60.8687  1.034596      1.000000
    305   1      5   4   0     4  0.211311  0.467968      96.329       19.7       19.3      1.266       1811.0721  1.033843      1.000000
    306   1     -5   4   2     4  0.211702  0.467957      96.421       16.2       16.6      0.796       1487.6960  1.033102      1.000000
    307   1      2   5   1     4  0.211788  0.467954      96.441       13.8       14.3      0.680       1266.9453  1.032939      1.000000
    308   1      6   3   1     4  0.211916  0.467951      96.471        1.8        1.9      0.094        170.1476  1.032697      1.000000
    309   1      3   0   6     2  0.213687  0.467902      96.885        0.0        0.0      0.000          5.8720  1.029389      1.000000
    310   1     -1   3   6     4  0.213705  0.467901      96.889      108.5      106.2      1.523       9991.2969  1.029355      1.000000
    311   1      0   1   7     4  0.213878  0.467896      96.929        1.5        1.5      0.018        142.4338  1.029035      1.000000
    312   1      1   5   2     4  0.214146  0.467889      96.991      200.5      194.2      2.112      18473.3320  1.028541      1.000000
    313   1     -2   3   6     4  0.214866  0.467869      97.158       20.0       17.7      0.207       1841.2394  1.027221      1.000000
    314   1     -2   5   2     4  0.215311  0.467857      97.260      157.3      144.7      1.518      14498.1836  1.026412      1.000000
    315   1     -6   2   5     4  0.216404  0.467827      97.511        1.6        1.4      0.024        147.3072  1.024438      1.000000
    316   1      2   2   6     4  0.216996  0.467811      97.647      111.7      112.8      1.374      10304.8799  1.023379      1.000000
    317   1      7   0   2     2  0.217382  0.467800      97.735        2.3        2.3      0.028        418.5921  1.022691      1.000000
    318   1      2   4   4     4  0.217737  0.467791      97.816      135.4      141.1      1.860      12485.5303  1.022062      1.000000
    319   1      4   3   4     4  0.222016  0.467676      98.778      119.5      127.5      1.374      11069.1328  1.014669      1.000000
    320   1      0   3   6     4  0.222132  0.467673      98.803      136.9      145.4      1.388      12685.8145  1.014473      1.000000
    321   1     -4   4   4     4  0.222543  0.467662      98.895      130.4      133.1      1.095      12098.9307  1.013782      1.000000
    322   1      5   2   4     4  0.223353  0.467641      99.074      148.8      161.5      1.049      13842.5098  1.012428      1.000000
    323   1     -8   0   2     2  0.223398  0.467640      99.084       11.8       12.9      0.082       2196.0701  1.012354      1.000000
    324   1      5   3   3     4  0.223813  0.467629      99.175        1.6        1.8      0.011        152.1478  1.011664      1.000000
    325   1      3   1   6     4  0.223894  0.467627      99.193      220.3      238.5      1.467      20551.1445  1.011531      1.000000
    326   1     -6   0   6     2  0.224430  0.467613      99.311       22.2       22.9      0.180       4149.4170  1.010646      1.000000
    327   1     -3   5   1     4  0.224820  0.467603      99.397        1.0        1.0      0.008         91.8084  1.010006      1.000000
    328   1     -1   4   5     4  0.225342  0.467589      99.511        9.7        9.8      0.067        916.4452  1.009154      1.000000
    329   1     -5   2   6     4  0.225458  0.467586      99.536      160.4      160.2      1.084      15167.4434  1.008965      1.000000
    330   1     -5   3   5     4  0.225499  0.467585      99.545        0.1        0.1      0.001          7.2421  1.008897      1.000000
    331   1     -3   3   6     4  0.225817  0.467577      99.615      192.2      189.0      1.459      18286.7227  1.008381      1.000000
    332   1      3   5   0     4  0.225866  0.467576      99.625        2.8        2.7      0.022        264.7726  1.008302      1.000000
    333   1      7   2   1     4  0.225904  0.467575      99.633        0.5        0.5      0.004         44.7423  1.008241      1.000000

     -----------------------------------------------------
     BRAGG R-Factors and weight fractions for Pattern #  1
     -----------------------------------------------------

 => Phase:  1      #(C) 2021 by FIZ Karlsruhe - Leibniz Institute for Information Infrastructure.  All rights reserved.
 => Bragg R-factor:   6.04       Vol:  324.569( 0.006)  Fract(%):  100.00( 0.24)
 => Rf-factor=  5.00             ATZ:        1095.733   Brindley:  1.0000

     -----------------------------------------------------------------
      SYMBOLIC NAMES AND FINAL VALUES AND SIGMA OF REFINED PARAMETERS:
     -----------------------------------------------------------------

      ->  Parameter number    1 :                                          Zero_pat1   -0.35231214E-01( +/-    0.52985747E-03 )
      ->  Parameter number    2 :                                     Scale_ph1_pat1    0.20277128E-02( +/-    0.34691041E-05 )
      ->  Parameter number    3 :                                    Cell_A_ph1_pat1     8.1130552    ( +/-    0.87214619E-04 )
      ->  Parameter number    4 :                                    Cell_B_ph1_pat1     5.4541001    ( +/-    0.60218998E-04 )
      ->  Parameter number    5 :                                    Cell_C_ph1_pat1     7.5060377    ( +/-    0.78198755E-04 )
      ->  Parameter number    6 :                                    Cell_E_ph1_pat1     102.25557    ( +/-    0.62762399E-03 )
      ->  Parameter number    7 :                                    U-Cagl_ph1_pat1    0.54717537E-01( +/-    0.14782497E-02 )
      ->  Parameter number    8 :                                    W-Cagl_ph1_pat1    0.10651007E-01( +/-    0.18579935E-03 )
      ->  Parameter number    9 :                                    V-Cagl_ph1_pat1   -0.30685093E-01( +/-    0.10582942E-02 )
      ->  Parameter number   10 :                                     EtaPV_ph1_pat1    0.47942466    ( +/-    0.11730037E-01 )
      ->  Parameter number   11 :                                     X-tan_ph1_pat1   -0.11893664E-03( +/-    0.34217199E-03 )
      ->  Parameter number   12 :                                     Asym1_ph1_pat1    0.10684283E-01( +/-    0.29032433E-02 )
      ->  Parameter number   13 :                                     Asym2_ph1_pat1    0.43461733E-02( +/-    0.69152645E-03 )
      ->  Parameter number   14 :                                          X_Na1_ph1    0.38088742    ( +/-    0.61404146E-03 )
      ->  Parameter number   15 :                                          Y_Na1_ph1    0.78622115    ( +/-    0.14488634E-02 )
      ->  Parameter number   16 :                                          Z_Na1_ph1    0.10504837    ( +/-    0.72286464E-03 )
      ->  Parameter number   17 :                                          X_Ta1_ph1    0.15928978    ( +/-    0.97236341E-04 )
      ->  Parameter number   18 :                                          Y_Ta1_ph1    0.25826573    ( +/-    0.37723119E-03 )
      ->  Parameter number   19 :                                          Z_Ta1_ph1    0.29720908    ( +/-    0.12228962E-03 )
      ->  Parameter number   20 :                                           X_O1_ph1    0.21420445    ( +/-    0.10775520E-02 )
      ->  Parameter number   21 :                                           Y_O1_ph1    0.15077412    ( +/-    0.13164110E-02 )
      ->  Parameter number   22 :                                           Z_O1_ph1    0.51678173E-01( +/-    0.14700303E-02 )
      ->  Parameter number   23 :                                           X_O2_ph1    0.63642122E-01( +/-    0.12028270E-02 )
      ->  Parameter number   24 :                                           Y_O2_ph1    0.55419570    ( +/-    0.17417165E-02 )
      ->  Parameter number   25 :                                           Z_O2_ph1    0.22358540    ( +/-    0.15155721E-02 )
      ->  Parameter number   26 :                                           X_F1_ph1    0.37803179    ( +/-    0.11921974E-02 )
      ->  Parameter number   27 :                                           Y_F1_ph1    0.47570795    ( +/-    0.16892967E-02 )
      ->  Parameter number   28 :                                           Z_F1_ph1    0.30813819    ( +/-    0.14194824E-02 )
      ->  Parameter number   29 :                                           X_F2_ph1    0.34402373    ( +/-    0.10875107E-02 )
      ->  Parameter number   30 :                                           Y_F2_ph1    0.99170208    ( +/-    0.15804267E-02 )
      ->  Parameter number   31 :                                           Z_F2_ph1    0.38108134    ( +/-    0.12833591E-02 )

 ------------------------------------------------------------------
 => Number of bytes for floating point variables: 4
 => Dimensions of dynamic allocated arrays in this run of FullProf:
 ------------------------------------------------------------------

 => Total approximate array memory (dynamic + static): 128536585 bytes

    MaxPOINT=    60000 Max.num. of points(+int. Inten.)/diffraction pattern       
    MaxREFLT=    20000 Max.num. of reflections/diffraction pattern               
    MaxPARAM=      300 Max.num. of refinable parameters                          
    MaxOVERL=    18096 Max.num. of overlapping reflections                       

 ----------------------------------------------------------
 => Number of bytes for floating point arrays: 4
 => Dimensions of fixed arrays in this release of FullProf:
 ----------------------------------------------------------

    NPATT   =       80 Max.num. of powder diffraction patterns                    
    NATS    =      830 Max.num. of atoms (all kind) in asymmetric unit            
    MPAR    =     1800 Max.num. of non atomic parameters/phase                    
    IEXCL   =       30 Max.num. of excluded regions                               
    IBACP   =      377 Max.num. of background points for interpolation            
    NPHT    =       16 Max.num. of phases                                         
    NMAGM   =        8 Max.num. of rotation-matrices sets for magnetic structure  
    NBASIS  =       12 Max.num. of basis functions associated to a single atom    
    NIREPS  =        9 Max.num. of irreducible representations to be combined     
    N_EQ    =      384 Max.num. of user-supplied symmetry operators/propagation vectors
    NGL     =      400 Max.num. of global parameters/diffraction pattern          
    N_LINC  =       50 Max.num. of global linear restraints                        
    NAT_P   =       80 Max.num. of atomic parameters per atom                     
    NCONST  =      500 Max.num. of slack constraints per phase                    
    N_SPE   =       30 Max.num. of different chemical species                     
    N_FORM  =       60 Max.num. of scattering factor values in a table            
    NPR     =      150 Max.num. of points defining a numerical profile            
    INPR    =       25 Max.num. of different numerical peak shapes                
    NPRC    =      150 Max.num. of terms in the table for correcting intensities  
    NSOL    =       10 Max.num. of solutions to be stored in Montecarlo searchs   

 
              CPU Time:     1.023 seconds
                            0.017 minutes

 => Run finished at:     Date: 07/02/2023  Time: 11:20:29.109                              
