

        **********************************************************
        ** PROGRAM FullProf.2k (Version 7.30 - Mar2020-ILL JRC) **
        **********************************************************
                       M U L T I -- P A T T E R N                 
            Rietveld, Profile Matching & Integrated Intensity     
                 Refinement of X-ray and/or Neutron Data


    Date: 07/02/2023  Time: 11:37:02.474                              

 => PCR file code: NaTaO2F2
 => DAT file code: NaTaO2F2.dat         -> Relative contribution: 1.0000                                                            

 ==> CONDITIONS OF THIS RUN FOR PATTERN No.:  1

 => Global Refinement of X-ray powder diffraction data                                                                              
 => Global Refinement of X-ray powder diffraction data                                                                              
    Bragg-Brentano(X-rays) or Debye-Scherrer geometry(Neutrons)
 => Title:  #(C) 2021 by FIZ Karlsruhe - Leibniz Institute for Information Infrastructure.  All rights reserved.

 => Number of phases:    1
 => Number of excluded regions:    0
 => Number of scattering factors supplied:    0
 => Conventional weights: w=1.0/Variance(yobs)
 => Asymmetry correction as in J.Appl.Cryst. 26,128(1993)
 => Background linearly interpolated between the   23 points given
 => The    5th default profile function was selected
 => Pseudo-Voigt function (ETA variable)
                 X-parameter correspond to: ETA=ETA0+X*2theta
                       pV(x)= ETA*L(x)+(1-ETA)*G(x)

 ==> INPUT/OUTPUT OPTIONS:

 => Generate file *.PRF for plot
 => Output Integrated Intensities
 => Generate new input file *.PCR

 => X-Y type of data: 2theta/TOF/E(Kev) Intens sigma for pattern:  1
 => Plot pattern at each cycle
 => Wavelengths:  1.54056 1.54439
 => Alpha2/Alpha1 ratio:   0.5000
 => Cos(Monochromator angle)=   0.9100
 => Asymmetry correction for angles lower than   90.000 degrees
 => Absorption correction (AC), muR-eff =   0.0000  0.0000
 => Base of peaks: 2.0*HW*    8.00

 => Number of cycles:   33
 => Relaxation factors ==>    for coordinates:  1.00
 => for anisotropic temperature factors:  1.00
 => for halfwidth/strain/size parameters:  1.00
 => for lattice constants and propagation vectors:  1.00
 => EPS-value for convergence:    0.1
 => Background ==> 
    Position   Intensity
       10.26     6398.06        0.00
       12.64     5706.71        0.00
       13.69     5367.60        0.00
       15.54     4975.48        0.00
       18.24     4387.19        0.00
       21.47     3896.31        0.00
       25.63     3581.02        0.00
       30.56     3233.60        0.00
       35.57     2978.78        0.00
       38.70     2750.15        0.00
       42.61     2649.97        0.00
       45.23     2721.16        0.00
       54.15     2780.26        0.00
       62.78     2549.34        0.00
       66.31     2387.21        0.00
       75.16     2432.45        0.00
       78.16     2339.36        0.00
       81.70     2409.24        0.00
       86.20     2310.46        0.00
       89.50     2359.37        0.00

       93.64     2307.79        0.00
       95.90     2308.61        0.00
       98.31     2332.37        0.00

 
 => Number of Least-Squares parameters varied:    31

 =>--------------------------->
 =>------->  PATTERN number:  1
 =>--------------------------->
 => Global parameters and codes ==>
 => Zero-point:    -0.0267   11.0000
 => Displacement peak-shift parameter and code:     0.00    0.00
 => Transparency peak-shift parameter and code:     0.00    0.00

 => Reading Intensity data  =>>

 -> No recognizable heading in input data file X,Y,sigma
    First 6 lines are considered as COMMENTS (except for TSAMP keyword)
 -> COMMENT: 10.0116	6742.0000                                                                                                                   
 -> COMMENT: 10.0247	6863.0000                                                                                                                   
 -> COMMENT: 10.0379	6889.0000                                                                                                                   
 -> COMMENT: 10.0510	6972.0000                                                                                                                   
 -> COMMENT: 10.0641	6856.0000                                                                                                                   
 -> COMMENT: 10.0772	6733.0000                                                                                                                   
 ==> Angular range, step and number of points:
     2Thmin:      10.090400  2Thmax:      99.993401  Step:       0.013132  No. of points:   6848
 --------------------------------------------------------------------------------
 => Phase  No. 1
       #(C) 2021 by FIZ Karlsruhe - Leibniz Institute for Information Infras
 --------------------------------------------------------------------------------
 =>-------> Pattern#  1
 => Crystal Structure Refinement
 => Preferred orientation vector:   0.0000  0.0000  1.0000

 =>-------> Data for PHASE: 1
 => Number of atoms:    6
 => Number of distance  constraints:    0
 => Number of angle     constraints:    0

 => Symmetry information on space group: P 1 21/c 1          
 -> The multiplicity of the general position is:   4
 -> The space group is Centric (-1 at origin)   
 -> Lattice type  P: { 000 }                                       
 -> Reduced set of symmetry operators:

  No.  IT   Symmetry symbol    Rotation part     Associated Translation
   1: ( 1)   1            -->     ( x, y, z) + {  0.0000  0.0000  0.0000}
   2: ( 3)   2 ( 0, y, 0) -->     (-x, y,-z) + {  0.0000  0.5000  0.5000}


        Information on Space Group: 
        --------------------------- 

 =>   Number of Space group:  14
 =>  Hermann-Mauguin Symbol: P 1 21/c 1
 =>             Hall Symbol: -P 2ybc
 =>    Table Setting Choice: b1
 =>            Setting Type: IT (Generated from Hermann-Mauguin symbol)
 =>          Crystal System: Monoclinic
 =>              Laue Class: 2/m
 =>             Point Group: 2/m
 =>         Bravais Lattice: P
 =>          Lattice Symbol: mP
 =>  Reduced Number of S.O.:   2
 =>    General multiplicity:   4
 =>          Centrosymmetry: Centric (-1 at origin)
 =>  Generators (exc. -1&L):   1
 =>         Asymmetric unit:  0.000 <= x <=  1.000
                              0.000 <= y <=  0.250
                              0.000 <= z <=  1.000

 => List of S.O. without inversion and lattice centring translations
 => SYMM(  1): x,y,z                               => SYMM(  2): -x,y+1/2,-z+1/2


 => Initial parameters ==>
 Atom    Ntyp                  X         Y         Z         B         occ.         in  fin  Spc  Mult
                             B11       B22       B33       B12       B13       B23
 Na1    Na                 0.38101   0.78783   0.10473   1.11627   1.00000           0    0    0    4
                 Codes:  141.00000 151.00000 161.00000   0.00000   0.00000
 Ta1    Ta                 0.15939   0.25812   0.29691   0.47176   1.00000           0    0    0    4
                 Codes:  171.00000 181.00000 191.00000   0.00000   0.00000
 O1     O                  0.21387   0.15249   0.04965   0.58064   1.00000           0    0    0    4
                 Codes:  201.00000 211.00000 221.00000   0.00000   0.00000
 O2     O                  0.06185   0.55135   0.22278   0.58064   1.00000           0    0    0    4
                 Codes:  231.00000 241.00000 251.00000   0.00000   0.00000
 F1     F                  0.37814   0.47396   0.30880   1.12063   1.00000           0    0    0    4
                 Codes:  261.00000 271.00000 281.00000   0.00000   0.00000
 F2     F                  0.34388   0.99128   0.38083   1.12063   1.00000           0    0    0    4
                 Codes:  291.00000 301.00000 311.00000   0.00000   0.00000

 => IT IS ASSUMED THAT THE FIRST GIVEN SITE IS FULLY OCCUPIED 
    OR THE FIRST AND SECOND ATOMS ARE IN THE SAME SITE WITH TOTAL FULL OCCUPATION
  (If this is not the case, change the order of atoms to obtain correct values for the content of the unit cell)
    The given occupation factors have been obtained mutiplying m/M by   1.0000
      -> Atom: Na  ,  Chemical element: NA  Atomic Mass:    22.9898
      -> Atom: Ta  ,  Chemical element: TA  Atomic Mass:   180.9479
      -> Atom: O   ,  Chemical element: O   Atomic Mass:    15.9994
      -> Atom: O   ,  Chemical element: O   Atomic Mass:    15.9994
      -> Atom: F   ,  Chemical element: F   Atomic Mass:    18.9984
      -> Atom: F   ,  Chemical element: F   Atomic Mass:    18.9984
 => The given value of ATZ is       1095.73 the program has calculated:        1095.73
    The value of ATZ given in the input PCR file will be used for quantitative analysis
 => The chemical content of the unit cell is: 
       4.0000 Na   +   4.0000 Ta   +   4.0000 O    +   4.0000 O    +   4.0000 F    +   4.0000 F      
 => The normalized site occupation numbers in % are: 
     100.0000 Na1    :      100.0000 Ta1    :      100.0000 O1     :      100.0000 O2     :      100.0000 F1     :      100.0000 F2       
 => The density (volumic mass) of the compound is:    5.590 g/cm3

 =>-------> PROFILE PARAMETERS FOR PATTERN:  1

 => Overall scale factor:   0.202160E-02
 => ETA (p-Voigt) OR M (Pearson VII):   0.4584
 => Overall temperature factor:      0.00000
 => Halfwidth U,V,W:      0.05717    -0.03254     0.01108
 => X and Y parameters:       0.0002      0.0000
 => Direct cell parameters:    8.1210   5.4618   7.5115  90.0000 102.3094  90.0000
 => Preferred orientation parameters:   0.0000  0.0000
 => Asymmetry parameters     :      0.02166     0.00463     0.00000     0.00000
 => Strain parameters        :      0.00000     0.00000     0.00000
 => Size   parameters        :      0.00000     0.00000

 ==> CODEWORDS FOR PROFILE PARAMETERS of PATTERN#  1

 => Overall scale factor:   21.000
 => ETA (p-Voigt) OR M (Pearson VII):  101.000
 => Overall temperature factor:    0.000
 => Halfwidth U,V,W:   71.000  91.000  81.000
 => X and Y parameters:  111.000   0.000
 => Direct cell parameters:   31.000  41.000  51.000   0.000  61.000   0.000
 => Preferred orientation parameters:    0.000   0.000
 => Asymmetry parameters     :  121.000 131.000   0.000   0.000
 => Strain parameters        :    0.000   0.000   0.000
 => Size   parameters        :    0.000   0.000

 => Cell constraints according to Laue symmetry: 2/m  

        Metric information:
        -------------------

 => Direct cell parameters:

         a =       8.1210      b =       5.4618      c =       7.5115
     alpha =       90.000   beta =      102.309  gamma =       90.000
                        Direct Cell Volume =     325.5194

 => Reciprocal cell parameters:

         a*=     0.126035      b*=     0.183088      c*=     0.136262
     alpha*=       90.000   beta*=       77.691  gamma*=       90.000
                    Reciprocal Cell Volume =   0.00307201

 => Direct and Reciprocal Metric Tensors:

                   GD                                       GR
     65.9511      0.0000    -13.0049          0.015885    0.000000    0.003661
      0.0000     29.8317      0.0000          0.000000    0.033521    0.000000
    -13.0049      0.0000     56.4228          0.003661    0.000000    0.018567

 =>  Cartesian frame: z // c; y is in the bc-plane; x is y ^ z = a*  

     Crystal_to_Orthonormal_Matrix              Orthonormal_to_Crystal Matrix
              Cr_Orth_cel                               Orth_Cr_cel  
      8.1210      0.0000     -1.6014          0.123137   -0.000000    0.026869
      0.0000      5.4618      0.0000          0.000000    0.183088   -0.000000
      0.0000      0.0000      7.3388          0.000000    0.000000    0.136262

     Busing-Levy B-matrix: Hc=B.H            Inverse of the Busing-Levy B-matrix
                BL_M                                      BL_Minv  
    0.126035    0.000000    0.029050            7.9343     -0.0000     -1.7313
    0.000000    0.183088   -0.000000            0.0000      5.4618      0.0000
    0.000000    0.000000    0.133129            0.0000      0.0000      7.5115

 => Laue symmetry 2/m   will be used to generate HKL for pattern#   1
 => Reflections generated between S(1/d)min:  0.1139 A-1 and S(1/d)max:  1.0102 A-1
 =>                                    dmax:  8.7808 A   and      dmin:  0.9899 A
 => The number of reflections generated is:    356
 => The max. scatt. variable (gen.ref.) is:       102.1845
 => Scattering coefficients from internal table


 => X-ray scattering coeff. (A1, B1, A2,...C, f(0), Z, Dfp,Dfpp)

 NA      4.7626   3.2850   3.1736   8.8422   1.2674   0.3136   1.1128 129.4240   0.6760  10.9924  11.0000   0.1290   0.1240
 TA     29.2024   1.7733  15.2293   9.3705  14.5135   0.2960   4.7649  63.3644   9.2435  72.9537  73.0000  -6.3510   5.2710
 O       3.0485  13.2771   2.2868   5.7011   1.5463   0.3239   0.8670  32.9089   0.2508   7.9994   8.0000   0.0470   0.0320
 F       3.5392  10.2825   2.6412   4.2944   1.5170   0.2615   1.0243  26.1476   0.2776   8.9993   9.0000   0.0690   0.0530

     --------------------------------------------------------------
      SYMBOLIC NAMES AND INITIAL VALUES OF PARAMETERS TO BE VARIED:
     --------------------------------------------------------------

      ->  Parameter number    1   -> Symbolic Name:                                          Zero_pat1   -0.26690001E-01
      ->  Parameter number    2   -> Symbolic Name:                                     Scale_ph1_pat1    0.20216000E-02
      ->  Parameter number    3   -> Symbolic Name:                                    Cell_A_ph1_pat1     8.1210270    
      ->  Parameter number    4   -> Symbolic Name:                                    Cell_B_ph1_pat1     5.4618421    
      ->  Parameter number    5   -> Symbolic Name:                                    Cell_C_ph1_pat1     7.5115142    
      ->  Parameter number    6   -> Symbolic Name:                                    Cell_E_ph1_pat1     102.30939    
      ->  Parameter number    7   -> Symbolic Name:                                    U-Cagl_ph1_pat1    0.57165001E-01
      ->  Parameter number    8   -> Symbolic Name:                                    W-Cagl_ph1_pat1    0.11081000E-01
      ->  Parameter number    9   -> Symbolic Name:                                    V-Cagl_ph1_pat1   -0.32543998E-01
      ->  Parameter number   10   -> Symbolic Name:                                     EtaPV_ph1_pat1    0.45837000    
      ->  Parameter number   11   -> Symbolic Name:                                     X-tan_ph1_pat1    0.17000000E-03
      ->  Parameter number   12   -> Symbolic Name:                                     Asym1_ph1_pat1    0.21660000E-01
      ->  Parameter number   13   -> Symbolic Name:                                     Asym2_ph1_pat1    0.46299999E-02
      ->  Parameter number   14   -> Symbolic Name:                                          X_Na1_ph1    0.38101000    
      ->  Parameter number   15   -> Symbolic Name:                                          Y_Na1_ph1    0.78783000    
      ->  Parameter number   16   -> Symbolic Name:                                          Z_Na1_ph1    0.10473000    
      ->  Parameter number   17   -> Symbolic Name:                                          X_Ta1_ph1    0.15939000    
      ->  Parameter number   18   -> Symbolic Name:                                          Y_Ta1_ph1    0.25812000    
      ->  Parameter number   19   -> Symbolic Name:                                          Z_Ta1_ph1    0.29690999    
      ->  Parameter number   20   -> Symbolic Name:                                           X_O1_ph1    0.21387000    
      ->  Parameter number   21   -> Symbolic Name:                                           Y_O1_ph1    0.15249000    
      ->  Parameter number   22   -> Symbolic Name:                                           Z_O1_ph1    0.49649999E-01
      ->  Parameter number   23   -> Symbolic Name:                                           X_O2_ph1    0.61850000E-01
      ->  Parameter number   24   -> Symbolic Name:                                           Y_O2_ph1    0.55135000    
      ->  Parameter number   25   -> Symbolic Name:                                           Z_O2_ph1    0.22278000    
      ->  Parameter number   26   -> Symbolic Name:                                           X_F1_ph1    0.37814000    
      ->  Parameter number   27   -> Symbolic Name:                                           Y_F1_ph1    0.47396001    
      ->  Parameter number   28   -> Symbolic Name:                                           Z_F1_ph1    0.30880001    
      ->  Parameter number   29   -> Symbolic Name:                                           X_F2_ph1    0.34388000    
      ->  Parameter number   30   -> Symbolic Name:                                           Y_F2_ph1    0.99128002    
      ->  Parameter number   31   -> Symbolic Name:                                           Z_F2_ph1    0.38082999    
  
 
 => No optimization for routine tasks
 ++++++++++++++++++++++++++++++++++++++++++++++++++++++++++++++++++++++++++++++++++++++++++++++++++++++++++++++++++++++++

 => CYCLE No.:    1
 ---------------------------------------------------------------------------------------
 => Phase  1 Name:  #(C) 2021 by FIZ Karlsruhe - Leibniz Institute for Information Infras
 ---------------------------------------------------------------------------------------
 => New parameters, shifts, and standard deviations

 Atom        x       dx      sx       y       dy      sy       z       dz      sz       B       dB      sB      occ.    docc.   socc.

 Na1      0.38101 0.00000 0.00061  0.78783 0.00000 0.00141  0.10473 0.00000 0.00073  1.11627 0.00000 0.00000  1.00000 0.00000 0.00000
 Ta1      0.15939-0.00000 0.00010  0.25812 0.00000 0.00038  0.29691-0.00000 0.00012  0.47176 0.00000 0.00000  1.00000 0.00000 0.00000
 O1       0.21387-0.00000 0.00107  0.15249-0.00000 0.00132  0.04964-0.00001 0.00147  0.58064 0.00000 0.00000  1.00000 0.00000 0.00000
 O2       0.06184-0.00001 0.00121  0.55132-0.00003 0.00176  0.22278-0.00000 0.00155  0.58064 0.00000 0.00000  1.00000 0.00000 0.00000
 F1       0.37815 0.00001 0.00121  0.47392-0.00004 0.00168  0.30880 0.00000 0.00145  1.12063 0.00000 0.00000  1.00000 0.00000 0.00000
 F2       0.34387-0.00001 0.00109  0.99126-0.00002 0.00158  0.38083-0.00000 0.00131  1.12063 0.00000 0.00000  1.00000 0.00000 0.00000

 ==> PROFILE PARAMETERS FOR PATTERN#  1

 => Overall scale factor:      0.002021528    -0.000000072     0.000003490
 => Eta(p-Voigt) or m(Pearson VII):   0.458354 -0.000016  0.011674
 => Overall tem. factor:     0.000000    0.000000    0.000000
 => Halfwidth parameters: 
         0.057159   -0.000006    0.001500
        -0.032541    0.000003    0.001073
         0.011081   -0.000000    0.000188
 => Cell parameters: 
        8.121026   -0.000001    0.000088
        5.461841   -0.000001    0.000061
        7.511513   -0.000001    0.000079
       90.000000    0.000000    0.000000
      102.309395    0.000000    0.000631
       90.000000    0.000000    0.000000
 => Preferred orientation: 
         0.000000    0.000000    0.000000
         0.000000    0.000000    0.000000
 => Asymmetry parameters: 
         0.021642   -0.000018    0.002874
         0.004633    0.000003    0.000697
         0.000000    0.000000    0.000000
         0.000000    0.000000    0.000000
 => X and Y parameters: 
         0.000167   -0.000003    0.000341
         0.000000    0.000000    0.000000
 => Strain parameters: 
         0.000000    0.000000    0.000000
         0.000000    0.000000    0.000000
         0.000000    0.000000    0.000000
 => Size   parameters (G,L): 
         0.000000    0.000000    0.000000
         0.000000    0.000000    0.000000

 ==> GLOBAL PARAMETERS FOR PATTERN#  1


 => Zero-point:    -0.0267   -0.0000    0.0005

 => Cos( theta)-shift parameter :   0.0000  0.0000  0.0000
 => Sin(2theta)-shift parameter :   0.0000  0.0000  0.0000

 ==> RELIABILITY FACTORS WITH ALL NON-EXCLUDED POINTS FOR PATTERN:  1

 => R-Factors:   3.74      5.23     Chi2:  12.2     DW-Stat.:  0.3164   Patt#:  1
 => Expected :            1.49                                1.9341
 => Deviance : 0.862E+05     Dev*:   12.65    
 => GoF-index:  3.5         Sqrt(Residual/N)
 => N-P+C:  6817

 =>    SumYdif       SumYobs      SumYcal      SumwYobsSQ     Residual    Condition
     0.1141E+07    0.3056E+08    0.3047E+08    0.3056E+08    0.8346E+05    0.7704E+10


 => Conventional Rietveld Rp,Rwp,Re and Chi2:   11.2      11.1      3.19      12.24    
 => (Values obtained using Ynet, but true sigma(y))
 =>  SumYnet, Sum(w Ynet**2):     0.1020E+08    0.6719E+07


 ==> RELIABILITY FACTORS FOR POINTS WITH BRAGG CONTRIBUTIONS FOR PATTERN:  1

 => R-Factors:   4.01      5.52     Chi2:  13.7     DW-Stat.:  0.3271   Patt#:
 => Expected :            1.49                                1.9299
 => Deviance : 0.834E+05     Dev*:   14.14    
 => GoF-index:  3.7         Sqrt(Residual/N)
 => N-P+C:  5901

 =>    SumYdif       SumYobs      SumYcal      SumwYobsSQ     Residual    Condition
     0.1062E+07    0.2648E+08    0.2642E+08    0.2648E+08    0.8073E+05    0.7704E+10


 => Conventional Rietveld Rp,Rwp,Re and Chi2:   10.4      11.0      2.96      13.68    
 => (Values obtained using Ynet, but true sigma(y))
 =>  SumYnet, Sum(w Ynet**2):     0.1018E+08    0.6717E+07


 => Global user-weigthed Chi2 (Bragg contrib.):   13.7    

 => ---------> Pattern#  1
 => Phase:  1
 =>    Bragg R-factor:  6.15    
 =>    RF-factor     :  4.95    


   Standard deviations have to be multiplied by: 3.3668
   (correlated residuals) See references:
  -J.F.Berar & P.Lelann, J. Appl. Cryst. 24, 1-5 (1991) 
  -J.F.Berar, Acc. in Pow. Diff. II,NIST Sp.Pub. 846, 63(1992) 

 ++++++++++++++++++++++++++++++++++++++++++++++++++++++++++++++++++++++++++++++++++++++++++++++++++++++++++++++++++++++++

 => CYCLE No.:    1
 =>  Convergence reached at this CYCLE !!!!
 =>  Parameter shifts set to zero
 ---------------------------------------------------------------------------------------
 => Phase  1 Name:  #(C) 2021 by FIZ Karlsruhe - Leibniz Institute for Information Infras
 ---------------------------------------------------------------------------------------
 => New parameters, shifts, and standard deviations

 Atom        x       dx      sx       y       dy      sy       z       dz      sz       B       dB      sB      occ.    docc.   socc.

 Na1      0.38101 0.00000 0.00061  0.78783 0.00000 0.00141  0.10473 0.00000 0.00073  1.11627 0.00000 0.00000  1.00000 0.00000 0.00000
 Ta1      0.15939 0.00000 0.00010  0.25812 0.00000 0.00038  0.29691 0.00000 0.00012  0.47176 0.00000 0.00000  1.00000 0.00000 0.00000
 O1       0.21387 0.00000 0.00107  0.15249 0.00000 0.00132  0.04964 0.00000 0.00147  0.58064 0.00000 0.00000  1.00000 0.00000 0.00000
 O2       0.06184 0.00000 0.00121  0.55132 0.00000 0.00176  0.22278 0.00000 0.00155  0.58064 0.00000 0.00000  1.00000 0.00000 0.00000
 F1       0.37815 0.00000 0.00121  0.47392 0.00000 0.00168  0.30880 0.00000 0.00145  1.12063 0.00000 0.00000  1.00000 0.00000 0.00000
 F2       0.34387 0.00000 0.00109  0.99126 0.00000 0.00158  0.38083 0.00000 0.00131  1.12063 0.00000 0.00000  1.00000 0.00000 0.00000

 ==> PROFILE PARAMETERS FOR PATTERN#  1

 => Overall scale factor:      0.002021528     0.000000000     0.000003490
 => Eta(p-Voigt) or m(Pearson VII):   0.458354  0.000000  0.011674
 => Overall tem. factor:     0.000000    0.000000    0.000000
 => Halfwidth parameters: 
         0.057159    0.000000    0.001500
        -0.032541    0.000000    0.001073
         0.011081    0.000000    0.000188
 => Cell parameters: 
        8.121026    0.000000    0.000088
        5.461841    0.000000    0.000061
        7.511513    0.000000    0.000079
       90.000000    0.000000    0.000000
      102.309395    0.000000    0.000631
       90.000000    0.000000    0.000000
 => Preferred orientation: 
         0.000000    0.000000    0.000000
         0.000000    0.000000    0.000000
 => Asymmetry parameters: 
         0.021642    0.000000    0.002874
         0.004633    0.000000    0.000697
         0.000000    0.000000    0.000000
         0.000000    0.000000    0.000000
 => X and Y parameters: 
         0.000167    0.000000    0.000341
         0.000000    0.000000    0.000000
 => Strain parameters: 
         0.000000    0.000000    0.000000
         0.000000    0.000000    0.000000
         0.000000    0.000000    0.000000
 => Size   parameters (G,L): 
         0.000000    0.000000    0.000000
         0.000000    0.000000    0.000000

 ==> GLOBAL PARAMETERS FOR PATTERN#  1


 => Zero-point:    -0.0267    0.0000    0.0005

 => Cos( theta)-shift parameter :   0.0000  0.0000  0.0000
 => Sin(2theta)-shift parameter :   0.0000  0.0000  0.0000

 ==> RELIABILITY FACTORS WITH ALL NON-EXCLUDED POINTS FOR PATTERN:  1

 => R-Factors:   3.74      5.23     Chi2:  12.2     DW-Stat.:  0.3164   Patt#:  1
 => Expected :            1.49                                1.9341
 => Deviance : 0.862E+05     Dev*:   12.65    
 => GoF-index:  3.5         Sqrt(Residual/N)
 => N-P+C:  6817

 =>    SumYdif       SumYobs      SumYcal      SumwYobsSQ     Residual    Condition
     0.1141E+07    0.3056E+08    0.3047E+08    0.3056E+08    0.8346E+05    0.7704E+10


 => Conventional Rietveld Rp,Rwp,Re and Chi2:   11.2      11.1      3.19      12.24    
 => (Values obtained using Ynet, but true sigma(y))
 =>  SumYnet, Sum(w Ynet**2):     0.1020E+08    0.6719E+07

 => N-sigma of the GoF:      656.385

 ==> RELIABILITY FACTORS FOR POINTS WITH BRAGG CONTRIBUTIONS FOR PATTERN:  1

 => R-Factors:   4.01      5.52     Chi2:  13.7     DW-Stat.:  0.3271   Patt#:
 => Expected :            1.49                                1.9299
 => Deviance : 0.834E+05     Dev*:   14.14    
 => GoF-index:  3.7         Sqrt(Residual/N)
 => N-P+C:  5901

 =>    SumYdif       SumYobs      SumYcal      SumwYobsSQ     Residual    Condition
     0.1062E+07    0.2648E+08    0.2642E+08    0.2648E+08    0.8073E+05    0.7704E+10


 => Conventional Rietveld Rp,Rwp,Re and Chi2:   10.4      11.0      2.96      13.68    
 => (Values obtained using Ynet, but true sigma(y))
 =>  SumYnet, Sum(w Ynet**2):     0.1018E+08    0.6717E+07

 => N-sigma of the GoF:      688.782

 => Global user-weigthed Chi2 (Bragg contrib.):   14.1    

 => ---------> Pattern#  1
 => Phase:  1
 =>    Bragg R-factor:  6.15    
 =>    RF-factor     :  4.95    

 --------------------------------------------------------------------------------------------------------------
 Pattern#  1 Phase No.:   1 Phase name:  #(C) 2021 by FIZ Karlsruhe - 
 --------------------------------------------------------------------------------------------------------------

   No.  Code     H   K   L  Mult      Hw      ETA/M    2theta/TOF     Icalc       Iobs      Sigma     StrFactor^2    d-hkl       CORR

      1   1      1   0   0     2  0.091926  0.460213      11.142     3981.1     3569.0      9.134      10030.3096  7.934330      1.000000
      2   1      1   1   0     4  0.084569  0.461644      19.717    10237.9     9943.3     11.190      41241.1250  4.498936      1.000000
      3   1      0   1   1     4  0.084216  0.461733      20.250       21.2       55.3      3.125         90.0377  4.381561      1.000000
      4   1     -1   1   1     4  0.083230  0.462003      21.871       32.7       76.1      4.433        162.9809  4.060523      1.000000
      5   1      2   0   0     2  0.082940  0.462090      22.392     1242.5     1307.7      5.912      13024.2012  3.967165      1.000000
      6   1      0   0   2     2  0.082030  0.462397      24.235     3660.9     3565.8      7.056      45247.6797  3.669415      1.000000
      7   1      1   1   1     4  0.081955  0.462426      24.405       31.7       31.8      0.067        198.5182  3.644304      1.000000
      8   1     -1   0   2     2  0.081940  0.462432      24.440     4028.6     3976.8      6.730      50670.7812  3.639169      1.000000
      9   1      2   1   0     4  0.080804  0.462987      27.770     7278.5     7339.7      9.922      59877.6133  3.209810      1.000000
     10   1     -2   1   1     4  0.080675  0.463082      28.337       97.7       68.6      2.097        838.4946  3.146858      1.000000
     11   1      1   0   2     2  0.080569  0.463172      28.879        3.3        4.4      0.324         59.0044  3.089031      1.000000
     12   1      0   1   2     4  0.080499  0.463242      29.298     2519.0     2703.5      6.463      23211.7695  3.045864      1.000000
     13   1     -2   0   2     2  0.080484  0.463259      29.399      119.6      129.8      0.345       2220.4319  3.035638      1.000000
     14   1     -1   1   2     4  0.080474  0.463271      29.469     1218.7     1341.1      3.887      11369.7822  3.028499      1.000000
     15   1      2   1   1     4  0.080315  0.463740      32.284       15.4        0.0      3.802        174.6487  2.770599      1.000000
     16   1      0   2   0     2  0.080338  0.463821      32.766     1517.8     1550.3      5.461      35529.9766  2.730922      1.000000
     17   1      1   1   2     4  0.080380  0.463909      33.294     2917.5     2935.7      6.153      35338.9375  2.688795      1.000000
     18   1     -2   1   2     4  0.080431  0.463985      33.752     2631.8     2654.9      5.678      32830.0977  2.653361      1.000000
     19   1      3   0   0     2  0.080446  0.464004      33.865     1023.6     1091.2      2.552      25722.9922  2.644777      1.000000
     20   1      1   2   0     4  0.080583  0.464145      34.711      984.7     1020.2      4.711      13047.7334  2.582246      1.000000
     21   1      0   2   1     4  0.080647  0.464198      35.030       31.3       39.3      2.131        423.0872  2.559457      1.000000
     22   1     -1   2   1     4  0.080891  0.464365      36.032        2.6        0.0      3.013         36.9974  2.490563      1.000000
     23   1      2   0   2     2  0.081092  0.464478      36.706      591.7      621.0      4.754      17704.8711  2.446328      1.000000
     24   1     -3   1   1     4  0.081325  0.464591      37.382      185.8      175.3      1.162       2891.9841  2.403656      1.000000
     25   1     -3   0   2     2  0.081334  0.464595      37.406      626.4      590.2      3.136      19531.4395  2.402180      1.000000
     26   1      1   2   1     4  0.081442  0.464642      37.692       80.5       65.2      2.182       1275.2845  2.384606      1.000000
     27   1      3   1   0     4  0.081469  0.464654      37.761        9.4        7.5      0.413        149.6779  2.380387      1.000000
     28   1     -1   1   3     4  0.082368  0.464981      39.723      233.7      249.3      4.263       4156.1938  2.267211      1.000000
     29   1      2   2   0     4  0.082543  0.465036      40.050      504.2      486.8      3.198       9130.1230  2.249468      1.000000
     30   1      2   1   2     4  0.082719  0.465088      40.365      566.5      658.6      3.398      10434.3926  2.232615      1.000000
     31   1      0   1   3     4  0.082719  0.465089      40.366        0.1        0.1      0.000          1.3112  2.232576      1.000000
     32   1     -2   2   1     4  0.082774  0.465105      40.462        5.4        6.4      0.045        100.4316  2.227473      1.000000
     33   1     -3   1   2     4  0.083100  0.465196      41.012      840.5      869.9      3.783      16035.3203  2.198905      1.000000
     34   1      0   2   2     4  0.083198  0.465223      41.171      888.3      900.0      2.975      17094.5742  2.190780      1.000000
     35   1     -1   2   2     4  0.083278  0.465244      41.298     1038.6      953.5      3.261      20123.3379  2.184292      1.000000
     36   1      3   1   1     4  0.083776  0.465371      42.058        6.9        4.3      1.796        140.0709  2.146602      1.000000
     37   1     -2   1   3     4  0.084001  0.465425      42.382       10.4        6.2      2.482        212.9866  2.130894      1.000000
     38   1      2   2   1     4  0.084785  0.465602      43.442       47.7       71.7      3.998       1033.0564  2.081362      1.000000
     39   1      1   1   3     4  0.085385  0.465727      44.192       45.6       34.4      1.451       1026.7827  2.047743      1.000000
     40   1      1   2   2     4  0.085418  0.465734      44.232       86.1       79.5      1.926       1942.6493  2.046004      1.000000
     41   1     -2   2   2     4  0.085722  0.465794      44.593      323.0      311.7      3.388       7417.5410  2.030261      1.000000
     42   1      4   0   0     2  0.086707  0.465979      45.701      705.1      788.6      4.918      34203.7812  1.983582      1.000000
     43   1      3   0   2     2  0.087336  0.466089      46.363      486.2      409.3      3.605      24354.7754  1.956777      1.000000
     44   1     -4   0   2     2  0.088143  0.466224      47.173      679.0      647.8      4.163      35350.7188  1.925057      1.000000
     45   1     -3   2   1     4  0.088507  0.466283      47.525       24.1       24.6      0.859        636.9172  1.911632      1.000000
     46   1     -4   1   1     4  0.088829  0.466334      47.829        0.1        0.1      0.000          2.6221  1.900187      1.000000
     47   1      3   2   0     4  0.088838  0.466335      47.837     1853.4     1940.2      5.403      49776.0312  1.899864      1.000000
     48   1     -3   1   3     4  0.088900  0.466345      47.896       31.3       32.9      0.108        842.8829  1.897681      1.000000
     49   1     -1   0   4     2  0.089495  0.466436      48.442     1310.2     1501.2      4.768      72378.1172  1.877558      1.000000
     50   1      4   1   0     4  0.089902  0.466496      48.805      950.1     1081.5      4.162      26684.1289  1.864436      1.000000
     51   1      3   1   2     4  0.090628  0.466602      49.435       93.5       73.1      2.038       2701.7197  1.842124      1.000000
     52   1     -1   2   3     4  0.090672  0.466608      49.473        8.9        7.4      0.208        258.7180  1.840814      1.000000
     53   1      0   0   4     2  0.090879  0.466637      49.649       45.4       49.2      1.214       2651.2993  1.834707      1.000000
     54   1      2   2   2     4  0.091317  0.466698      50.014     1757.3     1734.2      5.073      52124.6875  1.822152      1.000000
     55   1      0   2   3     4  0.091317  0.466698      50.015        1.4        1.3      0.004         40.5646  1.822131      1.000000
     56   1     -2   0   4     2  0.091408  0.466711      50.090      209.9      203.0      0.681      12497.4824  1.819584      1.000000
     57   1     -4   1   2     4  0.091552  0.466731      50.208       11.8       12.1      0.079        351.9525  1.815587      1.000000
     58   1     -3   2   2     4  0.091989  0.466790      50.562     1098.8     1025.3      4.317      33402.4219  1.803687      1.000000
     59   1      2   1   3     4  0.092068  0.466800      50.625        2.2        2.0      0.011         65.5812  1.801582      1.000000
     60   1     -1   1   4     4  0.093081  0.466933      51.420       24.4       21.9      0.215        769.2983  1.775577      1.000000

   No.  Code     H   K   L  Mult      Hw      ETA/M    2theta/TOF     Icalc       Iobs      Sigma     StrFactor^2    d-hkl       CORR

     61   1      1   3   0     4  0.093124  0.466938      51.454      654.3      602.9      3.936      20684.0957  1.774498      1.000000
     62   1      3   2   1     4  0.093125  0.466939      51.454        1.1        1.0      0.006         33.2391  1.774482      1.000000
     63   1      0   3   1     4  0.093429  0.466977      51.687       69.5       61.3      1.240       2220.3315  1.767051      1.000000
     64   1     -2   2   3     4  0.093490  0.466985      51.733        4.5        3.6      0.129        142.9760  1.765578      1.000000
     65   1     -1   3   1     4  0.094418  0.467100      52.425        4.2        4.0      0.174        139.7649  1.743893      1.000000
     66   1      0   1   4     4  0.094626  0.467126      52.577     1009.1      993.2      4.856      33476.4219  1.739205      1.000000
     67   1      4   1   1     4  0.095211  0.467196      52.999        0.2        0.2      0.001          6.5882  1.726361      1.000000
     68   1     -2   1   4     4  0.095213  0.467196      53.000      463.0      429.4      3.208      15633.3711  1.726307      1.000000
     69   1      1   2   3     4  0.095631  0.467246      53.297        0.0        0.0      0.005          1.6423  1.717406      1.000000
     70   1      1   0   4     2  0.096018  0.467291      53.568      145.6      143.9      2.994      10073.4180  1.709339      1.000000
     71   1      1   3   1     4  0.096166  0.467308      53.671        0.6        0.6      0.021         22.4972  1.706309      1.000000
     72   1     -3   0   4     2  0.097236  0.467430      54.402       77.1        3.2      3.117       5518.5308  1.685099      1.000000
     73   1      2   3   0     4  0.098886  0.467611      55.487     1060.6      972.6      5.445      39675.5508  1.654688      1.000000
     74   1     -4   1   3     4  0.099102  0.467634      55.625       23.4       22.4      0.132        880.3037  1.650895      1.000000
     75   1     -2   3   1     4  0.099391  0.467665      55.810       65.0       65.4      1.337       2461.3145  1.645874      1.000000
     76   1      1   1   4     4  0.100254  0.467756      56.352      847.9      907.6      3.441      32826.7539  1.631316      1.000000
     77   1      0   3   2     4  0.100279  0.467758      56.368      342.3      363.4      1.303      13260.4854  1.630905      1.000000
     78   1     -1   3   2     4  0.100442  0.467775      56.469      225.7      225.8      0.933       8778.8789  1.628222      1.000000
     79   1     -4   2   1     4  0.100484  0.467779      56.495       38.9       39.5      0.164       1515.6091  1.627538      1.000000
     80   1     -3   2   3     4  0.100580  0.467789      56.554        5.9        5.9      0.037        229.7213  1.625963      1.000000
     81   1     -3   1   4     4  0.101570  0.467890      57.158      993.4     1105.3      4.447      39687.2539  1.610206      1.000000
     82   1      4   0   2     2  0.101747  0.467908      57.265       33.4       41.3      0.193       2681.2361  1.607467      1.000000
     83   1      4   2   0     4  0.101913  0.467925      57.365      289.1      379.8      1.781      11641.2100  1.604905      1.000000
     84   1      3   2   2     4  0.102864  0.468019      57.929      571.3      714.1      3.792      23509.1777  1.590608      1.000000
     85   1      5   0   0     2  0.103120  0.468044      58.079      100.8      116.5      0.699       8340.8994  1.586866      1.000000
     86   1     -5   0   2     2  0.103263  0.468058      58.162       83.7       90.7      0.888       6949.3174  1.584785      1.000000
     87   1      2   3   1     4  0.103302  0.468061      58.185        2.9        3.2      0.037        120.9659  1.584224      1.000000
     88   1     -4   2   2     4  0.104060  0.468134      58.623      620.4      751.3      3.687      26209.9941  1.573429      1.000000
     89   1      1   3   2     4  0.104417  0.468168      58.826      691.0      769.8      2.922      29419.0664  1.568464      1.000000
     90   1      2   2   3     4  0.104721  0.468197      58.999       22.5       23.5      0.132        964.2125  1.564288      1.000000
     91   1      3   1   3     4  0.104837  0.468208      59.065        4.2        4.1      0.020        179.7343  1.562707      1.000000
     92   1     -2   3   2     4  0.104938  0.468218      59.121      858.7      828.4      3.444      36958.4883  1.561338      1.000000
     93   1     -5   1   1     4  0.105274  0.468249      59.310        4.0        4.0      0.034        172.0016  1.556821      1.000000
     94   1     -1   2   4     4  0.106007  0.468317      59.717      726.3      767.7      3.544      31952.8789  1.547174      1.000000
     95   1      2   0   4     2  0.106212  0.468336      59.831      236.4      248.2      1.063      20887.0879  1.544516      1.000000
     96   1      4   1   2     4  0.106403  0.468353      59.935      931.2      935.6      3.083      41299.9609  1.542068      1.000000
     97   1      5   1   0     4  0.107865  0.468485      60.727      546.4      655.5      2.774      24932.8027  1.523853      1.000000
     98   1      0   2   4     4  0.107941  0.468492      60.767       72.0       79.9      0.272       3288.1421  1.522932      1.000000
     99   1     -5   1   2     4  0.108017  0.468499      60.808      838.5      866.0      2.869      38372.4180  1.522010      1.000000
    100   1     -4   0   4     2  0.108367  0.468530      60.994      279.1      269.7      1.251      25720.4512  1.517819      1.000000
    101   1      4   2   1     4  0.108665  0.468556      61.151        5.3        5.4      0.036        245.9691  1.514286      1.000000
    102   1     -2   2   4     4  0.108668  0.468557      61.153      286.8      292.2      1.927      13288.5303  1.514249      1.000000
    103   1     -3   3   1     4  0.109427  0.468623      61.551        5.5        0.9      0.564        256.5967  1.505412      1.000000
    104   1      3   3   0     4  0.109933  0.468667      61.813        7.2        0.0      1.354        340.6327  1.499645      1.000000
    105   1      2   1   4     4  0.111145  0.468770      62.433       27.8        0.0      3.071       1344.5802  1.486234      1.000000
    106   1     -1   3   3     4  0.112669  0.468898      63.198        0.4        0.0      0.319         19.4699  1.470089      1.000000
    107   1     -4   2   3     4  0.113403  0.468958      63.560        1.2        1.2      0.062         60.3781  1.462583      1.000000
    108   1     -4   1   4     4  0.113421  0.468960      63.569       19.5       19.3      0.885        980.0906  1.462402      1.000000
    109   1      2   3   2     4  0.113607  0.468975      63.660      180.2      167.3      3.362       9101.0605  1.460531      1.000000
    110   1      0   3   3     4  0.113608  0.468975      63.660        7.6        7.1      0.142        384.1927  1.460520      1.000000
    111   1     -3   3   2     4  0.114573  0.469053      64.129      252.6      221.2      2.522      12960.6787  1.450970      1.000000
    112   1      1   2   4     4  0.114784  0.469070      64.231      218.0      187.6      1.762      11221.1963  1.448917      1.000000
    113   1     -1   1   5     4  0.114884  0.469078      64.279        7.5        6.3      0.068        384.5027  1.447948      1.000000
    114   1      3   3   1     4  0.116183  0.469181      64.897        4.0        2.4      0.381        212.9033  1.435636      1.000000
    115   1      5   1   1     4  0.116283  0.469189      64.944       10.5        7.4      0.560        554.7944  1.434705      1.000000
    116   1     -3   2   4     4  0.116352  0.469195      64.977       36.8       26.6      1.618       1942.5815  1.434065      1.000000
    117   1     -5   1   3     4  0.116615  0.469215      65.101       12.4       10.2      0.583        654.3436  1.431633      1.000000
    118   1     -2   1   5     4  0.116633  0.469217      65.109        3.5        2.9      0.165        185.7160  1.431474      1.000000
    119   1     -2   3   3     4  0.116694  0.469221      65.138        8.9        7.2      0.445        471.1251  1.430908      1.000000
    120   1      0   1   5     4  0.118190  0.469337      65.833        8.4        0.0      2.405        457.3315  1.417476      1.000000

   No.  Code     H   K   L  Mult      Hw      ETA/M    2theta/TOF     Icalc       Iobs      Sigma     StrFactor^2    d-hkl       CORR

    121   1      1   3   3     4  0.119648  0.469448      66.498       14.2       11.2      2.621        787.4027  1.404903      1.000000
    122   1      3   2   3     4  0.120208  0.469490      66.750       23.7       15.0      2.040       1321.9608  1.400204      1.000000
    123   1     -5   2   1     4  0.120720  0.469529      66.980        4.4        0.0      0.829        248.1806  1.395965      1.000000
    124   1      4   2   2     4  0.122039  0.469626      67.565        0.7        0.8      0.709         40.5251  1.385299      1.000000
    125   1      3   0   4     2  0.123185  0.469710      68.065      104.4      137.2      3.347      12117.2529  1.376325      1.000000
    126   1     -3   1   5     4  0.123679  0.469745      68.279        0.7        0.7      0.014         38.6106  1.372537      1.000000
    127   1      5   2   0     4  0.123743  0.469750      68.307       68.8       73.7      1.479       4022.6562  1.372049      1.000000
    128   1     -5   2   2     4  0.123920  0.469763      68.383       13.3       14.1      0.431        780.4546  1.370703      1.000000
    129   1      0   4   0     2  0.124618  0.469813      68.682      322.2      325.5      3.080      38098.9180  1.365461      1.000000
    130   1      4   1   3     4  0.125700  0.469889      69.142        0.8        0.8      0.054         46.4356  1.357498      1.000000
    131   1      5   0   2     2  0.126038  0.469913      69.284      152.1      169.5      2.559      18298.6836  1.355053      1.000000
    132   1     -4   3   1     4  0.126127  0.469919      69.322        0.1        0.1      0.002          6.7883  1.354416      1.000000
    133   1     -3   3   3     4  0.126253  0.469928      69.375        0.1        0.1      0.003          8.1269  1.353507      1.000000
    134   1     -5   0   4     2  0.126580  0.469951      69.512      196.6      209.6      2.056      23805.6289  1.351175      1.000000
    135   1      1   1   5     4  0.127006  0.469981      69.690        3.8        4.1      0.061        229.7048  1.348156      1.000000
    136   1      1   4   0     4  0.127360  0.470005      69.837       67.0       70.6      0.574       4093.0581  1.345679      1.000000
    137   1      2   2   4     4  0.127544  0.470018      69.913      566.0      596.5      3.073      34664.1211  1.344397      1.000000
    138   1      0   4   1     4  0.127829  0.470038      70.031       27.6       28.3      0.179       1698.7755  1.342422      1.000000
    139   1      4   3   0     4  0.127993  0.470049      70.099      186.9      195.3      1.111      11505.4824  1.341288      1.000000
    140   1     -6   0   2     2  0.128414  0.470078      70.272       60.1       63.8      0.683       7431.5381  1.338401      1.000000
    141   1      3   1   4     4  0.128975  0.470116      70.502      327.0      329.5      2.520      20358.5410  1.334604      1.000000
    142   1      3   3   2     4  0.129228  0.470134      70.605       56.1       54.0      0.571       3500.4736  1.332908      1.000000
    143   1     -1   4   1     4  0.129336  0.470141      70.649       12.9       12.8      0.138        806.3040  1.332184      1.000000
    144   1     -4   2   4     4  0.130168  0.470197      70.986      326.1      353.1      2.906      20568.9668  1.326680      1.000000
    145   1     -4   3   2     4  0.130771  0.470238      71.229       11.0       15.1      0.105        698.8283  1.322751      1.000000
    146   1      6   0   0     2  0.130828  0.470241      71.252      185.4      258.5      1.936      23564.2676  1.322388      1.000000
    147   1      2   3   3     4  0.131621  0.470294      71.569        3.3        4.0      0.100        213.9958  1.317306      1.000000
    148   1     -1   2   5     4  0.131849  0.470310      71.660        6.5        7.7      0.116        420.0249  1.315861      1.000000
    149   1      1   4   1     4  0.131954  0.470316      71.701        9.5       11.3      0.134        609.4698  1.315202      1.000000
    150   1      5   1   2     4  0.131957  0.470317      71.703      163.2      194.5      2.304      10497.7480  1.315182      1.000000
    151   1     -6   1   1     4  0.132295  0.470339      71.836        5.2        5.6      0.078        338.4382  1.313061      1.000000
    152   1     -5   1   4     4  0.132523  0.470354      71.927      208.5      213.6      2.086      13489.9004  1.311636      1.000000
    153   1     -1   3   4     4  0.133268  0.470403      72.219        8.6        8.9      0.388        559.7983  1.307037      1.000000
    154   1      5   2   1     4  0.133454  0.470415      72.292        1.2        1.4      0.098         75.4007  1.305898      1.000000
    155   1     -5   2   3     4  0.133835  0.470440      72.441        0.4        0.4      0.034         25.1275  1.303580      1.000000
    156   1     -2   2   5     4  0.133855  0.470441      72.449        2.5        2.7      0.219        165.4971  1.303460      1.000000
    157   1     -6   1   2     4  0.134440  0.470479      72.676      225.4      262.5      3.150      14871.6045  1.299941      1.000000
    158   1      0   2   5     4  0.135638  0.470556      73.138        4.5        4.6      0.065        298.7877  1.292865      1.000000
    159   1      0   3   4     4  0.135731  0.470562      73.174      232.3      243.5      2.590      15517.4414  1.292323      1.000000
    160   1      2   4   0     4  0.135937  0.470575      73.253       52.9       52.9      0.661       3539.7273  1.291123      1.000000
    161   1      4   3   1     4  0.136649  0.470621      73.524        8.4        8.9      0.084        569.3750  1.287027      1.000000
    162   1     -2   3   4     4  0.136652  0.470621      73.526      191.0      202.3      1.897      12872.1641  1.287004      1.000000
    163   1     -2   4   1     4  0.136667  0.470622      73.531        9.8       10.4      0.098        661.4279  1.286923      1.000000
    164   1      6   1   0     4  0.136960  0.470640      73.643       42.1       45.5      0.574       2843.3596  1.285254      1.000000
    165   1     -4   1   5     4  0.136966  0.470641      73.645       22.0       23.8      0.302       1489.4869  1.285217      1.000000
    166   1      0   4   2     4  0.137942  0.470702      74.013      305.6      281.3      2.261      20848.2285  1.279729      1.000000
    167   1     -1   4   2     4  0.138175  0.470717      74.101      363.8      319.9      2.465      24868.1895  1.278431      1.000000
    168   1     -3   2   5     4  0.141904  0.470947      75.478        4.2        0.0      1.071        297.8558  1.258494      1.000000
    169   1      2   4   1     4  0.142233  0.470966      75.597       12.0        5.2      1.466        848.0755  1.256800      1.000000
    170   1      2   1   5     4  0.142499  0.470983      75.694        2.8        2.0      0.330        200.6101  1.255440      1.000000
    171   1     -4   3   3     4  0.142619  0.470990      75.737        3.6        2.7      0.433        256.6484  1.254830      1.000000
    172   1     -1   0   6     2  0.143648  0.471052      76.108       78.3       72.6      2.052      11218.2725  1.249640      1.000000
    173   1     -6   1   3     4  0.143707  0.471055      76.129        7.1        6.8      0.172        507.5434  1.249346      1.000000
    174   1      1   4   2     4  0.143799  0.471061      76.162        2.8        2.8      0.066        200.0666  1.248888      1.000000
    175   1      4   2   3     4  0.144206  0.471085      76.307        0.4        0.4      0.005         31.7672  1.246871      1.000000
    176   1      1   3   4     4  0.144348  0.471093      76.358      267.6      268.0      2.230      19284.4707  1.246168      1.000000
    177   1     -2   0   6     2  0.144377  0.471095      76.368      117.8      118.7      0.977      16984.3984  1.246027      1.000000
    178   1     -2   4   2     4  0.144528  0.471104      76.422        2.8        2.9      0.029        200.2126  1.245281      1.000000
    179   1      1   2   5     4  0.145693  0.471173      76.835        9.4        9.5      0.446        684.2435  1.239620      1.000000
    180   1     -3   3   4     4  0.146307  0.471209      77.051      414.8      378.5      3.431      30344.5117  1.236681      1.000000

   No.  Code     H   K   L  Mult      Hw      ETA/M    2theta/TOF     Icalc       Iobs      Sigma     StrFactor^2    d-hkl       CORR

    181   1      3   2   4     4  0.147933  0.471303      77.617       84.6      110.4      2.423       6265.7686  1.229060      1.000000
    182   1      6   1   1     4  0.149119  0.471372      78.026        0.0        0.0      0.001          2.1273  1.223638      1.000000
    183   1      4   0   4     2  0.149223  0.471378      78.062       87.6       88.0      2.251      13087.9229  1.223164      1.000000
    184   1      0   0   6     2  0.149229  0.471378      78.064        1.3        1.3      0.034        196.0919  1.223138      1.000000
    185   1     -1   1   6     4  0.150341  0.471441      78.444      200.9      225.3      2.531      15131.5781  1.218163      1.000000
    186   1     -3   4   1     4  0.150752  0.471465      78.584       23.4       27.2      0.385       1766.3733  1.216347      1.000000
    187   1     -2   1   6     4  0.151101  0.471484      78.702       21.8       22.4      0.227       1652.9558  1.214816      1.000000
    188   1      3   3   3     4  0.151112  0.471485      78.706        3.1        3.2      0.032        236.4414  1.214768      1.000000
    189   1      5   2   2     4  0.151324  0.471497      78.778       88.1       87.9      0.698       6678.4165  1.213841      1.000000
    190   1      3   4   0     4  0.151449  0.471504      78.820      185.6      183.9      1.399      14088.5811  1.213299      1.000000
    191   1     -3   0   6     2  0.151505  0.471507      78.839       33.1       32.7      0.251       5021.6826  1.213056      1.000000
    192   1     -6   2   1     4  0.151709  0.471519      78.907        7.0        6.9      0.056        531.5046  1.212173      1.000000
    193   1     -5   3   1     4  0.151749  0.471521      78.921       20.5       20.2      0.163       1558.2352  1.211997      1.000000
    194   1     -5   2   4     4  0.151968  0.471533      78.995      195.2      195.8      1.493      14868.9121  1.211051      1.000000
    195   1      4   3   2     4  0.153390  0.471613      79.470      307.9      293.8      2.889      23669.6348  1.204997      1.000000
    196   1     -6   2   2     4  0.154148  0.471655      79.721       84.1       73.0      0.935       6499.9844  1.201828      1.000000
    197   1     -6   0   4     2  0.154325  0.471664      79.780        5.3        4.6      0.083        815.2699  1.201090      1.000000
    198   1     -1   4   3     4  0.155202  0.471712      80.069       16.2       16.2      0.242       1260.5186  1.197486      1.000000
    199   1      5   3   0     4  0.155506  0.471729      80.169      211.2      203.8      1.594      16449.8223  1.196246      1.000000
    200   1     -5   3   2     4  0.155726  0.471741      80.241      268.1      254.7      1.527      20913.8496  1.195354      1.000000
    201   1      4   1   4     4  0.156161  0.471765      80.383      218.2      217.3      0.987      17067.1914  1.193599      1.000000
    202   1      0   1   6     4  0.156167  0.471765      80.385      228.5      227.5      1.030      17867.0410  1.193575      1.000000
    203   1      2   4   2     4  0.156484  0.471782      80.488      198.6      193.8      0.955      15566.2969  1.192303      1.000000
    204   1      0   4   3     4  0.156485  0.471782      80.488        4.7        4.6      0.023        371.3776  1.192297      1.000000
    205   1      6   2   0     4  0.157014  0.471811      80.660      240.4      229.7      1.354      18897.7676  1.190194      1.000000
    206   1     -4   2   5     4  0.157021  0.471811      80.662        2.4        2.3      0.013        186.0978  1.190164      1.000000
    207   1      5   1   3     4  0.157364  0.471830      80.773        0.1        0.0      0.000          4.1462  1.188808      1.000000
    208   1     -3   4   2     4  0.157803  0.471854      80.915      173.3      157.3      1.486      13684.3447  1.187084      1.000000
    209   1     -5   1   5     4  0.158256  0.471878      81.061        1.4        1.3      0.016        110.9243  1.185317      1.000000
    210   1     -3   1   6     4  0.158543  0.471893      81.153      210.0      195.8      2.024      16649.9453  1.184201      1.000000
    211   1      3   4   1     4  0.159996  0.471971      81.617        1.0        1.0      0.097         78.6877  1.178643      1.000000
    212   1      2   3   4     4  0.160223  0.471983      81.689        2.1        2.1      0.228        168.3929  1.177786      1.000000
    213   1     -2   4   3     4  0.160693  0.472008      81.837        5.5        6.4      0.470        443.0005  1.176023      1.000000
    214   1     -6   1   4     4  0.161490  0.472049      82.088      217.4      258.9      2.807      17517.2676  1.173061      1.000000
    215   1      1   0   6     2  0.161825  0.472067      82.194      108.0      121.9      1.306      17441.7402  1.171826      1.000000
    216   1      6   0   2     2  0.163088  0.472133      82.588      136.2      162.7      2.282      22133.0215  1.167227      1.000000
    217   1      2   2   5     4  0.163318  0.472145      82.659        0.1        0.1      0.001          4.5034  1.166400      1.000000
    218   1     -4   3   4     4  0.163480  0.472153      82.710       19.5       19.7      0.495       1585.1368  1.165819      1.000000
    219   1     -6   2   3     4  0.164694  0.472216      83.085        0.4        0.3      0.042         34.8922  1.161508      1.000000
    220   1      1   4   3     4  0.164708  0.472216      83.089        7.6        6.2      0.757        624.3094  1.161458      1.000000
    221   1     -1   3   5     4  0.165567  0.472260      83.352       27.5       28.3      1.191       2261.0898  1.158457      1.000000
    222   1     -4   0   6     2  0.165946  0.472280      83.468       70.5       61.0      1.758      11618.9150  1.157145      1.000000
    223   1     -7   0   2     2  0.166681  0.472317      83.692      149.1      138.7      2.266      24644.2539  1.154620      1.000000
    224   1      3   1   5     4  0.166771  0.472321      83.719        2.2        1.9      0.035        177.8024  1.154315      1.000000
    225   1      5   3   1     4  0.167559  0.472361      83.957        1.8        1.7      0.065        150.4404  1.151641      1.000000
    226   1     -5   3   3     4  0.168033  0.472385      84.100        0.2        0.2      0.028         17.0369  1.150051      1.000000
    227   1     -2   3   5     4  0.168057  0.472386      84.107        0.0        0.0      0.004          2.3648  1.149968      1.000000
    228   1      1   1   6     4  0.169329  0.472450      84.488       35.7       37.6      2.492       2988.1592  1.145752      1.000000
    229   1      0   3   5     4  0.170273  0.472497      84.769        0.2        0.2      0.012         13.3681  1.142673      1.000000
    230   1      6   1   2     4  0.170651  0.472515      84.881       17.5       18.6      1.371       1474.5176  1.141453      1.000000
    231   1      6   2   1     4  0.170865  0.472526      84.944        2.3        2.3      0.216        189.6416  1.140764      1.000000
    232   1     -1   2   6     4  0.172261  0.472594      85.355      119.5      146.4      2.544      10117.7051  1.136324      1.000000
    233   1     -2   2   6     4  0.173129  0.472637      85.608      202.1      239.8      1.984      17167.5332  1.133605      1.000000
    234   1      7   0   0     2  0.173171  0.472639      85.621       26.5       31.3      0.251       4502.5410  1.133476      1.000000
    235   1     -7   1   1     4  0.173366  0.472648      85.677        0.1        0.1      0.001          5.2322  1.132871      1.000000
    236   1     -4   4   1     4  0.173505  0.472655      85.718       12.3       13.5      0.114       1044.8646  1.132441      1.000000
    237   1     -4   1   6     4  0.173641  0.472661      85.757      137.2      147.0      1.341      11676.6309  1.132019      1.000000
    238   1     -3   4   3     4  0.173676  0.472663      85.768       13.0       13.9      0.130       1109.6466  1.131910      1.000000
    239   1     -7   1   2     4  0.174411  0.472699      85.980        3.9        4.2      0.071        337.1105  1.129654      1.000000
    240   1      4   4   0     4  0.176040  0.472777      86.448      173.9      145.5      2.922      14930.5664  1.124734      1.000000

   No.  Code     H   K   L  Mult      Hw      ETA/M    2theta/TOF     Icalc       Iobs      Sigma     StrFactor^2    d-hkl       CORR

    241   1      3   4   2     4  0.177718  0.472856      86.926      176.8      160.8      2.414      15263.7393  1.119779      1.000000
    242   1     -3   3   5     4  0.178077  0.472873      87.027       26.0       22.3      0.455       2246.3540  1.118736      1.000000
    243   1      4   2   4     4  0.178918  0.472913      87.264       54.0       52.0      0.910       4679.0732  1.116307      1.000000
    244   1      0   2   6     4  0.178924  0.472913      87.266        3.6        3.5      0.061        313.3999  1.116288      1.000000
    245   1     -4   4   2     4  0.179819  0.472955      87.517      199.4      184.2      2.460      17337.7129  1.113736      1.000000
    246   1      5   2   3     4  0.180297  0.472977      87.650        3.9        3.4      0.070        338.2681  1.112385      1.000000
    247   1      4   3   3     4  0.180952  0.473008      87.832       20.7       20.6      0.248       1808.1656  1.110547      1.000000
    248   1      2   4   3     4  0.180976  0.473009      87.839       14.9       14.9      0.176       1299.2164  1.110480      1.000000
    249   1      7   1   0     4  0.181209  0.473020      87.904      128.6      133.9      1.539      11230.5820  1.109829      1.000000
    250   1     -5   2   5     4  0.181319  0.473025      87.934        6.0        6.2      0.076        521.1962  1.109523      1.000000
    251   1     -3   2   6     4  0.181649  0.473040      88.025       48.1       48.3      0.786       4209.0635  1.108608      1.000000
    252   1      1   3   5     4  0.182812  0.473093      88.346        6.4        6.3      0.092        558.0974  1.105415      1.000000
    253   1      2   0   6     2  0.183174  0.473110      88.445       51.8       51.9      0.517       9102.0947  1.104431      1.000000
    254   1     -1   4   4     4  0.183219  0.473112      88.457      257.8      257.1      2.565      22642.2695  1.104308      1.000000
    255   1     -7   1   3     4  0.184514  0.473171      88.810        0.5        0.4      0.010         40.3976  1.100827      1.000000
    256   1     -6   2   4     4  0.185032  0.473194      88.951       15.1       12.2      0.462       1329.2983  1.099452      1.000000
    257   1      3   3   4     4  0.185618  0.473221      89.109      151.4      149.0      2.644      13384.0586  1.097907      1.000000
    258   1      0   4   4     4  0.186582  0.473264      89.369       14.6       15.0      0.362       1291.1086  1.095390      1.000000
    259   1      4   4   1     4  0.187837  0.473320      89.705        0.7        0.7      0.014         60.2156  1.092160      1.000000
    260   1     -2   4   4     4  0.187843  0.473320      89.706       83.0       82.5      1.752       7374.9609  1.092146      1.000000
    261   1      5   0   4     2  0.188423  0.473346      89.860      116.0      140.0      1.928      20642.1445  1.090672      1.000000
    262   1     -5   0   6     2  0.189764  0.473405      90.215      124.3      138.9      1.533      22201.3262  1.087303      1.000000
    263   1      5   3   2     4  0.189878  0.473410      90.245       57.6       64.3      0.729       5146.5557  1.087018      1.000000
    264   1     -6   3   1     4  0.190361  0.473431      90.372       12.0       13.1      0.187       1068.6677  1.085819      1.000000
    265   1     -5   3   4     4  0.190688  0.473446      90.458       68.8       70.9      0.987       6155.4727  1.085013      1.000000
    266   1     -6   1   5     4  0.190803  0.473451      90.488        4.5        4.5      0.063        400.1101  1.084732      1.000000
    267   1      3   2   5     4  0.191112  0.473464      90.569        1.7        1.8      0.027        156.6156  1.083973      1.000000
    268   1      2   1   6     4  0.191707  0.473490      90.724       46.4       50.2      0.625       4160.8320  1.082521      1.000000
    269   1      1   5   0     4  0.191855  0.473497      90.763      114.8      124.6      1.589      10298.9775  1.082161      1.000000
    270   1      0   5   1     4  0.192557  0.473527      90.945        3.4        3.6      0.075        307.4113  1.080465      1.000000
    271   1     -6   3   2     4  0.193435  0.473565      91.172      111.3      116.5      1.381      10017.9922  1.078365      1.000000
    272   1      1   2   6     4  0.194065  0.473592      91.334      255.9      255.4      2.381      23056.1387  1.076873      1.000000
    273   1     -1   5   1     4  0.194817  0.473624      91.528        5.1        4.7      0.060        462.0880  1.075105      1.000000
    274   1      6   2   2     4  0.195592  0.473657      91.726      292.0      257.8      2.271      26378.9512  1.073301      1.000000
    275   1     -4   4   3     4  0.196035  0.473676      91.838        2.3        1.9      0.023        203.5720  1.072278      1.000000
    276   1     -7   0   4     2  0.196213  0.473684      91.883       71.1       61.9      0.801      12865.6650  1.071869      1.000000
    277   1      6   3   0     4  0.197058  0.473719      92.097       26.8       26.1      0.420       2430.8828  1.069937      1.000000
    278   1     -4   3   5     4  0.197067  0.473720      92.100        1.8        1.7      0.028        162.2131  1.069915      1.000000
    279   1      5   1   4     4  0.197225  0.473726      92.140        5.0        4.9      0.094        449.5657  1.069555      1.000000
    280   1      1   4   4     4  0.198422  0.473777      92.441       48.9       55.5      1.141       4434.6108  1.066858      1.000000
    281   1     -5   1   6     4  0.198637  0.473786      92.495        0.6        0.7      0.013         58.6756  1.066378      1.000000
    282   1     -7   2   1     4  0.198735  0.473790      92.520        4.6        5.0      0.091        420.9763  1.066157      1.000000
    283   1      1   5   1     4  0.198752  0.473790      92.524        4.9        5.3      0.096        445.7290  1.066120      1.000000
    284   1     -4   2   6     4  0.199054  0.473803      92.599       77.3       79.2      1.321       7022.9590  1.065447      1.000000
    285   1      7   1   1     4  0.199266  0.473812      92.652        0.0        0.0      0.000          1.1428  1.064977      1.000000
    286   1     -7   2   2     4  0.199947  0.473840      92.822      288.7      268.7      2.722      26266.6523  1.063475      1.000000
    287   1     -3   4   4     4  0.201133  0.473889      93.116       12.0       11.5      0.218       1095.0984  1.060887      1.000000
    288   1      4   1   5     4  0.203853  0.474001      93.784        0.1        0.1      0.012          9.9649  1.055085      1.000000
    289   1      2   5   0     4  0.204769  0.474038      94.006      136.2      150.6      2.934      12473.2109  1.053173      1.000000
    290   1      2   3   5     4  0.205069  0.474050      94.079        0.5        0.6      0.010         50.0707  1.052552      1.000000
    291   1     -7   1   4     4  0.205430  0.474064      94.166       46.5       51.0      0.871       4257.9341  1.051806      1.000000
    292   1      6   1   3     4  0.205533  0.474068      94.191        4.4        4.9      0.083        402.9661  1.051594      1.000000
    293   1     -2   1   7     4  0.205549  0.474069      94.195       11.6       12.9      0.220       1064.8239  1.051562      1.000000
    294   1     -2   5   1     4  0.205876  0.474082      94.273       16.5       18.8      0.329       1514.5762  1.050889      1.000000
    295   1     -1   1   7     4  0.206570  0.474110      94.440        0.1        0.1      0.002          7.3431  1.049473      1.000000
    296   1     -6   3   3     4  0.206826  0.474120      94.502        3.8        4.0      0.107        349.1595  1.048953      1.000000
    297   1      0   5   2     4  0.207814  0.474160      94.738       86.2       91.9      1.102       7912.7432  1.046961      1.000000
    298   1      3   4   3     4  0.207816  0.474160      94.738        3.6        3.8      0.046        329.9497  1.046956      1.000000
    299   1      7   2   0     4  0.207852  0.474161      94.747      137.0      145.8      1.731      12582.6201  1.046884      1.000000
    300   1     -1   5   2     4  0.208169  0.474174      94.822       43.7       44.0      0.623       4010.9795  1.046250      1.000000

   No.  Code     H   K   L  Mult      Hw      ETA/M    2theta/TOF     Icalc       Iobs      Sigma     StrFactor^2    d-hkl       CORR

    301   1     -5   4   1     4  0.208707  0.474195      94.950        0.4        0.4      0.009         40.8130  1.045180      1.000000
    302   1      4   4   2     4  0.211003  0.474286      95.492        3.8        4.8      0.690        347.2001  1.040681      1.000000
    303   1     -7   2   3     4  0.211711  0.474313      95.657        2.6        4.1      0.560        238.9685  1.039319      1.000000
    304   1     -3   1   7     4  0.213693  0.474390      96.117        0.8        0.8      0.068         70.0450  1.035559      1.000000
    305   1      5   4   0     4  0.213976  0.474401      96.183       19.6       20.2      1.196       1806.9755  1.035028      1.000000
    306   1     -5   4   2     4  0.214286  0.474413      96.254       16.1       16.5      0.797       1487.6996  1.034450      1.000000
    307   1      2   5   1     4  0.214370  0.474416      96.273       13.8       14.2      0.682       1277.7849  1.034294      1.000000
    308   1      6   3   1     4  0.214744  0.474430      96.360        2.0        2.0      0.110        183.8365  1.033598      1.000000
    309   1     -1   3   6     4  0.216545  0.474499      96.771      105.2      102.3      1.288       9720.5361  1.030292      1.000000
    310   1      1   5   2     4  0.216777  0.474508      96.824      202.7      196.5      2.116      18737.7090  1.029871      1.000000
    311   1      3   0   6     2  0.216884  0.474512      96.849        0.0        0.0      0.000          2.4299  1.029677      1.000000
    312   1      0   1   7     4  0.216922  0.474513      96.857        1.4        1.3      0.014        126.3661  1.029608      1.000000
    313   1     -2   3   6     4  0.217667  0.474542      97.026       20.8       18.9      0.203       1927.0845  1.028265      1.000000
    314   1     -2   5   2     4  0.217901  0.474550      97.079      157.2      145.5      1.493      14535.7959  1.027846      1.000000
    315   1     -6   2   5     4  0.219083  0.474595      97.345        1.8        1.7      0.032        167.8885  1.025741      1.000000
    316   1      2   2   6     4  0.220147  0.474635      97.584      113.0      115.8      1.473      10453.6104  1.023871      1.000000
    317   1      7   0   2     2  0.220522  0.474649      97.667        2.4        2.5      0.031        445.4346  1.023216      1.000000
    318   1      2   4   4     4  0.220646  0.474653      97.695      134.5      137.5      1.808      12442.7822  1.023002      1.000000
    319   1      4   3   4     4  0.225182  0.474820      98.694      120.2      126.0      1.177      11172.9072  1.015303      1.000000
    320   1      0   3   6     4  0.225191  0.474820      98.696      137.5      144.1      1.337      12772.9219  1.015288      1.000000
    321   1     -4   4   4     4  0.225286  0.474824      98.717      134.0      140.5      1.232      12450.6182  1.015131      1.000000
    322   1     -8   0   2     2  0.226338  0.474862      98.945       11.1       11.7      0.094       2064.0674  1.013399      1.000000
    323   1      5   2   4     4  0.226656  0.474873      99.014      147.8      158.9      1.061      13790.2197  1.012880      1.000000
    324   1      5   3   3     4  0.226982  0.474885      99.084        1.9        2.0      0.012        174.6035  1.012349      1.000000
    325   1     -6   0   6     2  0.227271  0.474895      99.147       21.3       22.5      0.143       3988.1912  1.011879      1.000000
    326   1      3   1   6     4  0.227288  0.474896      99.150      217.7      230.0      1.461      20371.2480  1.011853      1.000000
    327   1     -3   5   1     4  0.227572  0.474906      99.211        1.0        1.1      0.007         97.9045  1.011394      1.000000
    328   1     -1   4   5     4  0.228277  0.474931      99.363        9.5        9.3      0.062        897.9317  1.010259      1.000000
    329   1     -5   3   5     4  0.228320  0.474933      99.372        0.0        0.0      0.000          4.4382  1.010190      1.000000
    330   1     -5   2   6     4  0.228326  0.474933      99.373      160.7      156.8      1.030      15141.5908  1.010180      1.000000
    331   1      3   5   0     4  0.228664  0.474945      99.446        3.0        3.0      0.020        282.8638  1.009639      1.000000
    332   1     -3   3   6     4  0.228751  0.474948      99.464      194.8      193.8      1.332      18428.6758  1.009500      1.000000
    333   1      7   2   1     4  0.229072  0.474960      99.533        0.3        0.3      0.003         30.9624  1.008989      1.000000
    334   1      5   4   1     4  0.231143  0.475033      99.973        0.1        0.2      0.002         18.7458  1.005729      1.000000
    335   1      7   1   2     4  0.231149  0.475033      99.974      104.2      114.9      1.148      14289.9229  1.005720      1.000000

     -----------------------------------------------------
     BRAGG R-Factors and weight fractions for Pattern #  1
     -----------------------------------------------------

 => Phase:  1      #(C) 2021 by FIZ Karlsruhe - Leibniz Institute for Information Infrastructure.  All rights reserved.
 => Bragg R-factor:   6.15       Vol:  325.519( 0.006)  Fract(%):  100.00( 0.24)
 => Rf-factor=  4.96             ATZ:        1095.733   Brindley:  1.0000

     -----------------------------------------------------------------
      SYMBOLIC NAMES AND FINAL VALUES AND SIGMA OF REFINED PARAMETERS:
     -----------------------------------------------------------------

      ->  Parameter number    1 :                                          Zero_pat1   -0.26695643E-01( +/-    0.53079473E-03 )
      ->  Parameter number    2 :                                     Scale_ph1_pat1    0.20215276E-02( +/-    0.34898424E-05 )
      ->  Parameter number    3 :                                    Cell_A_ph1_pat1     8.1210260    ( +/-    0.88202338E-04 )
      ->  Parameter number    4 :                                    Cell_B_ph1_pat1     5.4618411    ( +/-    0.60947677E-04 )
      ->  Parameter number    5 :                                    Cell_C_ph1_pat1     7.5115132    ( +/-    0.78942256E-04 )
      ->  Parameter number    6 :                                    Cell_E_ph1_pat1     102.30939    ( +/-    0.63106167E-03 )
      ->  Parameter number    7 :                                    U-Cagl_ph1_pat1    0.57158612E-01( +/-    0.15001737E-02 )
      ->  Parameter number    8 :                                    W-Cagl_ph1_pat1    0.11080567E-01( +/-    0.18839409E-03 )
      ->  Parameter number    9 :                                    V-Cagl_ph1_pat1   -0.32541413E-01( +/-    0.10729554E-02 )
      ->  Parameter number   10 :                                     EtaPV_ph1_pat1    0.45835409    ( +/-    0.11674187E-01 )
      ->  Parameter number   11 :                                     X-tan_ph1_pat1    0.16683611E-03( +/-    0.34100286E-03 )
      ->  Parameter number   12 :                                     Asym1_ph1_pat1    0.21641579E-01( +/-    0.28741332E-02 )
      ->  Parameter number   13 :                                     Asym2_ph1_pat1    0.46334635E-02( +/-    0.69721439E-03 )
      ->  Parameter number   14 :                                          X_Na1_ph1    0.38101059    ( +/-    0.61233877E-03 )
      ->  Parameter number   15 :                                          Y_Na1_ph1    0.78783119    ( +/-    0.14147288E-02 )
      ->  Parameter number   16 :                                          Z_Na1_ph1    0.10473404    ( +/-    0.73364639E-03 )
      ->  Parameter number   17 :                                          X_Ta1_ph1    0.15938853    ( +/-    0.97848424E-04 )
      ->  Parameter number   18 :                                          Y_Ta1_ph1    0.25812134    ( +/-    0.37884607E-03 )
      ->  Parameter number   19 :                                          Z_Ta1_ph1    0.29690829    ( +/-    0.12401931E-03 )
      ->  Parameter number   20 :                                           X_O1_ph1    0.21386977    ( +/-    0.10679109E-02 )
      ->  Parameter number   21 :                                           Y_O1_ph1    0.15248834    ( +/-    0.13190978E-02 )
      ->  Parameter number   22 :                                           Z_O1_ph1    0.49637750E-01( +/-    0.14707054E-02 )
      ->  Parameter number   23 :                                           X_O2_ph1    0.61840255E-01( +/-    0.12101182E-02 )
      ->  Parameter number   24 :                                           Y_O2_ph1    0.55131757    ( +/-    0.17635382E-02 )
      ->  Parameter number   25 :                                           Z_O2_ph1    0.22277988    ( +/-    0.15514153E-02 )
      ->  Parameter number   26 :                                           X_F1_ph1    0.37815177    ( +/-    0.12050740E-02 )
      ->  Parameter number   27 :                                           Y_F1_ph1    0.47392109    ( +/-    0.16813317E-02 )
      ->  Parameter number   28 :                                           Z_F1_ph1    0.30880016    ( +/-    0.14456057E-02 )
      ->  Parameter number   29 :                                           X_F2_ph1    0.34386984    ( +/-    0.10940478E-02 )
      ->  Parameter number   30 :                                           Y_F2_ph1    0.99125761    ( +/-    0.15813207E-02 )
      ->  Parameter number   31 :                                           Z_F2_ph1    0.38082594    ( +/-    0.13101581E-02 )

 ------------------------------------------------------------------
 => Number of bytes for floating point variables: 4
 => Dimensions of dynamic allocated arrays in this run of FullProf:
 ------------------------------------------------------------------

 => Total approximate array memory (dynamic + static): 128536585 bytes

    MaxPOINT=    60000 Max.num. of points(+int. Inten.)/diffraction pattern       
    MaxREFLT=    20000 Max.num. of reflections/diffraction pattern               
    MaxPARAM=      300 Max.num. of refinable parameters                          
    MaxOVERL=    18096 Max.num. of overlapping reflections                       

 ----------------------------------------------------------
 => Number of bytes for floating point arrays: 4
 => Dimensions of fixed arrays in this release of FullProf:
 ----------------------------------------------------------

    NPATT   =       80 Max.num. of powder diffraction patterns                    
    NATS    =      830 Max.num. of atoms (all kind) in asymmetric unit            
    MPAR    =     1800 Max.num. of non atomic parameters/phase                    
    IEXCL   =       30 Max.num. of excluded regions                               
    IBACP   =      377 Max.num. of background points for interpolation            
    NPHT    =       16 Max.num. of phases                                         
    NMAGM   =        8 Max.num. of rotation-matrices sets for magnetic structure  
    NBASIS  =       12 Max.num. of basis functions associated to a single atom    
    NIREPS  =        9 Max.num. of irreducible representations to be combined     
    N_EQ    =      384 Max.num. of user-supplied symmetry operators/propagation vectors
    NGL     =      400 Max.num. of global parameters/diffraction pattern          
    N_LINC  =       50 Max.num. of global linear restraints                        
    NAT_P   =       80 Max.num. of atomic parameters per atom                     
    NCONST  =      500 Max.num. of slack constraints per phase                    
    N_SPE   =       30 Max.num. of different chemical species                     
    N_FORM  =       60 Max.num. of scattering factor values in a table            
    NPR     =      150 Max.num. of points defining a numerical profile            
    INPR    =       25 Max.num. of different numerical peak shapes                
    NPRC    =      150 Max.num. of terms in the table for correcting intensities  
    NSOL    =       10 Max.num. of solutions to be stored in Montecarlo searchs   

 
              CPU Time:     1.039 seconds
                            0.017 minutes

 => Run finished at:     Date: 07/02/2023  Time: 11:37:03.536                              
