

        **********************************************************
        ** PROGRAM FullProf.2k (Version 7.30 - Mar2020-ILL JRC) **
        **********************************************************
                       M U L T I -- P A T T E R N                 
            Rietveld, Profile Matching & Integrated Intensity     
                 Refinement of X-ray and/or Neutron Data


    Date: 03/02/2023  Time: 18:25:40.622                              

 => PCR file code: NaNbO2F2
 => DAT file code: NaNbO2F2.dat         -> Relative contribution: 1.0000                                                            

 ==> CONDITIONS OF THIS RUN FOR PATTERN No.:  1

 => Global Refinement of X-ray powder diffraction data                                                                              
 => Global Refinement of X-ray powder diffraction data                                                                              
    Bragg-Brentano(X-rays) or Debye-Scherrer geometry(Neutrons)
 => Title: #(C) 2021 by FIZ Karlsruhe - Leibniz Institute for Information Infrastructure.

 => Number of phases:    1
 => Number of excluded regions:    1
 => Number of scattering factors supplied:    0
 => Conventional weights: w=1.0/Variance(yobs)
 => Asymmetry correction as in J.Appl.Cryst. 26,128(1993)
 => Background linearly interpolated between the   23 points given
 => The    5th default profile function was selected
 => Pseudo-Voigt function (ETA variable)
                 X-parameter correspond to: ETA=ETA0+X*2theta
                       pV(x)= ETA*L(x)+(1-ETA)*G(x)

 ==> INPUT/OUTPUT OPTIONS:

 => Generate file *.PRF for plot
 => Output Integrated Intensities
 => Generate new input file *.PCR

 => X-Y type of data: 2theta/TOF/E(Kev) Intens sigma for pattern:  1
 => Plot pattern at each cycle
 => Wavelengths:  1.54056 1.54439
 => Alpha2/Alpha1 ratio:   0.5000
 => Cos(Monochromator angle)=   0.9100
 => Asymmetry correction for angles lower than   90.000 degrees
 => Absorption correction (AC), muR-eff =   0.0000  0.0000
 => Base of peaks: 2.0*HW*    8.00

 => Number of cycles:   33
 => Relaxation factors ==>    for coordinates:  1.00
 => for anisotropic temperature factors:  1.00
 => for halfwidth/strain/size parameters:  1.00
 => for lattice constants and propagation vectors:  1.00
 => EPS-value for convergence:    0.1
 => Background ==> 
    Position   Intensity
       10.13     7523.34        0.00
       11.86     7768.96        0.00
       13.55     7953.52        0.00
       15.69     7641.77        0.00
       18.41     7179.08        0.00
       20.89     7379.76        0.00
       25.43     7296.55        0.00
       30.28     7094.13        0.00
       35.43     6487.14        0.00
       38.43     6431.14        0.00
       42.55     6364.45        0.00
       45.34     6482.89        0.00
       54.01     6418.50        0.00
       62.40     6084.56        0.00
       67.15     5957.74        0.00
       75.44     5961.12        0.00
       78.18     5788.62        0.00
       81.94     5844.35        0.00
       86.08     5826.59        0.00
       90.81     5743.51        0.00

       96.22     5777.97        0.00
       97.94     5626.77        0.00
       99.95     5741.20        0.00

 

 => Excluded regions for Pattern#  1
    From     to
     14.0000     18.0000

 => Number of Least-Squares parameters varied:    32

 =>--------------------------->
 =>------->  PATTERN number:  1
 =>--------------------------->
 => Global parameters and codes ==>
 => Zero-point:     0.0085   11.0000
 => Displacement peak-shift parameter and code:     0.00    0.00
 => Transparency peak-shift parameter and code:     0.00    0.00

 => Reading Intensity data  =>>

 -> No recognizable heading in input data file X,Y,sigma
    First 6 lines are considered as COMMENTS (except for TSAMP keyword)
 -> COMMENT: 10.0116	7409.00000                                                                                                                  
 -> COMMENT: 10.0247	7627.00000                                                                                                                  
 -> COMMENT: 10.0379	7484.00000                                                                                                                  
 -> COMMENT: 10.0510	7401.00000                                                                                                                  
 -> COMMENT: 10.0641	7422.00000                                                                                                                  
 -> COMMENT: 10.0772	7572.00000                                                                                                                  
 ==> Angular range, step and number of points:
     2Thmin:      10.090400  2Thmax:      99.993401  Step:       0.013132  No. of points:   6848
 --------------------------------------------------------------------------------
 => Phase  No. 1
       #(C) 2021 by FIZ Karlsruhe - Leibniz Institute for Information Infras
 --------------------------------------------------------------------------------
 =>-------> Pattern#  1
 => Crystal Structure Refinement
 => Preferred orientation vector:   1.0000  0.0000  0.0000

 =>-------> Data for PHASE: 1
 => Number of atoms:    6
 => Number of distance  constraints:    0
 => Number of angle     constraints:    0

 => Symmetry information on space group: P 1 21/c 1          
 -> The multiplicity of the general position is:   4
 -> The space group is Centric (-1 at origin)   
 -> Lattice type  P: { 000 }                                       
 -> Reduced set of symmetry operators:

  No.  IT   Symmetry symbol    Rotation part     Associated Translation
   1: ( 1)   1            -->     ( x, y, z) + {  0.0000  0.0000  0.0000}
   2: ( 3)   2 ( 0, y, 0) -->     (-x, y,-z) + {  0.0000  0.5000  0.5000}


        Information on Space Group: 
        --------------------------- 

 =>   Number of Space group:  14
 =>  Hermann-Mauguin Symbol: P 1 21/c 1
 =>             Hall Symbol: -P 2ybc
 =>    Table Setting Choice: b1
 =>            Setting Type: IT (Generated from Hermann-Mauguin symbol)
 =>          Crystal System: Monoclinic
 =>              Laue Class: 2/m
 =>             Point Group: 2/m
 =>         Bravais Lattice: P
 =>          Lattice Symbol: mP
 =>  Reduced Number of S.O.:   2
 =>    General multiplicity:   4
 =>          Centrosymmetry: Centric (-1 at origin)
 =>  Generators (exc. -1&L):   1
 =>         Asymmetric unit:  0.000 <= x <=  1.000
                              0.000 <= y <=  0.250
                              0.000 <= z <=  1.000

 => List of S.O. without inversion and lattice centring translations
 => SYMM(  1): x,y,z                               => SYMM(  2): -x,y+1/2,-z+1/2


 => Initial parameters ==>
 Atom    Ntyp                  X         Y         Z         B         occ.         in  fin  Spc  Mult
                             B11       B22       B33       B12       B13       B23
 Na1    Na                 0.37032   0.78806   0.11582   1.12908   1.00000           0    0    0    4
                 Codes:  151.00000 161.00000 171.00000   0.00000   0.00000
 Nb1    Nb                 0.15539   0.25592   0.31685   1.31779   1.00000           0    0    0    4
                 Codes:  181.00000 191.00000 201.00000   0.00000   0.00000
 O1     O                  0.18111   0.16659   0.05638   1.45281   1.00000           0    0    0    4
                 Codes:  211.00000 221.00000 231.00000   0.00000   0.00000
 O2     O                  0.07058   0.59082   0.23624   1.45281   1.00000           0    0    0    4
                 Codes:  241.00000 251.00000 261.00000   0.00000   0.00000
 F1     F                  0.36404   0.42825   0.30899   1.79232   1.00000           0    0    0    4
                 Codes:  271.00000 281.00000 291.00000   0.00000   0.00000
 F2     F                  0.31779   0.98183   0.37904   1.79232   1.00000           0    0    0    4
                 Codes:  301.00000 311.00000 321.00000   0.00000   0.00000

 => IT IS ASSUMED THAT THE FIRST GIVEN SITE IS FULLY OCCUPIED 
    OR THE FIRST AND SECOND ATOMS ARE IN THE SAME SITE WITH TOTAL FULL OCCUPATION
  (If this is not the case, change the order of atoms to obtain correct values for the content of the unit cell)
    The given occupation factors have been obtained mutiplying m/M by   1.0000
      -> Atom: Na  ,  Chemical element: NA  Atomic Mass:    22.9898
      -> Atom: Nb  ,  Chemical element: NB  Atomic Mass:    92.9064
      -> Atom: O   ,  Chemical element: O   Atomic Mass:    15.9994
      -> Atom: O   ,  Chemical element: O   Atomic Mass:    15.9994
      -> Atom: F   ,  Chemical element: F   Atomic Mass:    18.9984
      -> Atom: F   ,  Chemical element: F   Atomic Mass:    18.9984
 => The given value of ATZ is        743.57 the program has calculated:         743.57
    The value of ATZ given in the input PCR file will be used for quantitative analysis
 => The chemical content of the unit cell is: 
       4.0000 Na   +   4.0000 Nb   +   4.0000 O    +   4.0000 O    +   4.0000 F    +   4.0000 F      
 => The normalized site occupation numbers in % are: 
     100.0000 Na1    :      100.0000 Nb1    :      100.0000 O1     :      100.0000 O2     :      100.0000 F1     :      100.0000 F2       
 => The density (volumic mass) of the compound is:    3.768 g/cm3

 =>-------> PROFILE PARAMETERS FOR PATTERN:  1

 => Overall scale factor:   0.650770E-02
 => ETA (p-Voigt) OR M (Pearson VII):   0.4127
 => Overall temperature factor:      0.00000
 => Halfwidth U,V,W:      0.02863    -0.00949     0.00615
 => X and Y parameters:       0.0042      0.0000
 => Direct cell parameters:    8.0544   5.4452   7.6450  90.0000 102.2568  90.0000
 => Preferred orientation parameters:  -0.4055  0.0000
 => Asymmetry parameters     :      0.02601     0.01423     0.00000     0.00000
 => Strain parameters        :      0.00000     0.00000     0.00000
 => Size   parameters        :      0.00000     0.00000

 ==> CODEWORDS FOR PROFILE PARAMETERS of PATTERN#  1

 => Overall scale factor:   21.000
 => ETA (p-Voigt) OR M (Pearson VII):  101.000
 => Overall temperature factor:    0.000
 => Halfwidth U,V,W:   71.000  91.000  81.000
 => X and Y parameters:  111.000   0.000
 => Direct cell parameters:   31.000  41.000  51.000   0.000  61.000   0.000
 => Preferred orientation parameters:  141.000   0.000
 => Asymmetry parameters     :  121.000 131.000   0.000   0.000
 => Strain parameters        :    0.000   0.000   0.000
 => Size   parameters        :    0.000   0.000

 => Cell constraints according to Laue symmetry: 2/m  

        Metric information:
        -------------------

 => Direct cell parameters:

         a =       8.0544      b =       5.4452      c =       7.6450
     alpha =       90.000   beta =      102.257  gamma =       90.000
                        Direct Cell Volume =     327.6545

 => Reciprocal cell parameters:

         a*=     0.127051      b*=     0.183647      c*=     0.133855
     alpha*=       90.000   beta*=       77.743  gamma*=       90.000
                    Reciprocal Cell Volume =   0.00305199

 => Direct and Reciprocal Metric Tensors:

                   GD                                       GR
     64.8741      0.0000    -13.0723          0.016142    0.000000    0.003610
      0.0000     29.6505      0.0000          0.000000    0.033726    0.000000
    -13.0723      0.0000     58.4464          0.003610    0.000000    0.017917

 =>  Cartesian frame: z // c; y is in the bc-plane; x is y ^ z = a*  

     Crystal_to_Orthonormal_Matrix              Orthonormal_to_Crystal Matrix
              Cr_Orth_cel                               Orth_Cr_cel  
      8.0544      0.0000     -1.6230          0.124155   -0.000000    0.026972
      0.0000      5.4452      0.0000          0.000000    0.183647   -0.000000
      0.0000      0.0000      7.4708          0.000000    0.000000    0.133855

     Busing-Levy B-matrix: Hc=B.H            Inverse of the Busing-Levy B-matrix
                BL_M                                      BL_Minv  
    0.127051    0.000000    0.028417            7.8709     -0.0000     -1.7099
    0.000000    0.183647   -0.000000            0.0000      5.4452      0.0000
    0.000000    0.000000    0.130804            0.0000      0.0000      7.6450

 => Laue symmetry 2/m   will be used to generate HKL for pattern#   1
 => Reflections generated between S(1/d)min:  0.1139 A-1 and S(1/d)max:  1.0099 A-1
 =>                                    dmax:  8.7808 A   and      dmin:  0.9902 A
 => The number of reflections generated is:    355
 => The max. scatt. variable (gen.ref.) is:       102.1336
 => Scattering coefficients from internal table


 => X-ray scattering coeff. (A1, B1, A2,...C, f(0), Z, Dfp,Dfpp)

 NA      4.7626   3.2850   3.1736   8.8422   1.2674   0.3136   1.1128 129.4240   0.6760  10.9924  11.0000   0.1290   0.1240
 NB     17.6142   1.1887  12.0144  11.7660   4.0418   0.2048   3.5335  69.7957   3.7559  40.9598  41.0000  -0.2480   2.4820
 O       3.0485  13.2771   2.2868   5.7011   1.5463   0.3239   0.8670  32.9089   0.2508   7.9994   8.0000   0.0470   0.0320
 F       3.5392  10.2825   2.6412   4.2944   1.5170   0.2615   1.0243  26.1476   0.2776   8.9993   9.0000   0.0690   0.0530

     --------------------------------------------------------------
      SYMBOLIC NAMES AND INITIAL VALUES OF PARAMETERS TO BE VARIED:
     --------------------------------------------------------------

      ->  Parameter number    1   -> Symbolic Name:                                          Zero_pat1    0.84899999E-02
      ->  Parameter number    2   -> Symbolic Name:                                     Scale_ph1_pat1    0.65076998E-02
      ->  Parameter number    3   -> Symbolic Name:                                    Cell_A_ph1_pat1     8.0544453    
      ->  Parameter number    4   -> Symbolic Name:                                    Cell_B_ph1_pat1     5.4452229    
      ->  Parameter number    5   -> Symbolic Name:                                    Cell_C_ph1_pat1     7.6450229    
      ->  Parameter number    6   -> Symbolic Name:                                    Cell_E_ph1_pat1     102.25678    
      ->  Parameter number    7   -> Symbolic Name:                                    U-Cagl_ph1_pat1    0.28625000E-01
      ->  Parameter number    8   -> Symbolic Name:                                    W-Cagl_ph1_pat1    0.61519998E-02
      ->  Parameter number    9   -> Symbolic Name:                                    V-Cagl_ph1_pat1   -0.94860001E-02
      ->  Parameter number   10   -> Symbolic Name:                                     EtaPV_ph1_pat1    0.41269001    
      ->  Parameter number   11   -> Symbolic Name:                                     X-tan_ph1_pat1    0.42229998E-02
      ->  Parameter number   12   -> Symbolic Name:                                     Asym1_ph1_pat1    0.26009999E-01
      ->  Parameter number   13   -> Symbolic Name:                                     Asym2_ph1_pat1    0.14230000E-01
      ->  Parameter number   14   -> Symbolic Name:                                       Or1_ph1_pat1   -0.40549001    
      ->  Parameter number   15   -> Symbolic Name:                                          X_Na1_ph1    0.37031999    
      ->  Parameter number   16   -> Symbolic Name:                                          Y_Na1_ph1    0.78806001    
      ->  Parameter number   17   -> Symbolic Name:                                          Z_Na1_ph1    0.11582000    
      ->  Parameter number   18   -> Symbolic Name:                                          X_Nb1_ph1    0.15538999    
      ->  Parameter number   19   -> Symbolic Name:                                          Y_Nb1_ph1    0.25591999    
      ->  Parameter number   20   -> Symbolic Name:                                          Z_Nb1_ph1    0.31685001    
      ->  Parameter number   21   -> Symbolic Name:                                           X_O1_ph1    0.18110999    
      ->  Parameter number   22   -> Symbolic Name:                                           Y_O1_ph1    0.16659001    
      ->  Parameter number   23   -> Symbolic Name:                                           Z_O1_ph1    0.56380000E-01
      ->  Parameter number   24   -> Symbolic Name:                                           X_O2_ph1    0.70579998E-01
      ->  Parameter number   25   -> Symbolic Name:                                           Y_O2_ph1    0.59082001    
      ->  Parameter number   26   -> Symbolic Name:                                           Z_O2_ph1    0.23624000    
      ->  Parameter number   27   -> Symbolic Name:                                           X_F1_ph1    0.36403999    
      ->  Parameter number   28   -> Symbolic Name:                                           Y_F1_ph1    0.42825001    
      ->  Parameter number   29   -> Symbolic Name:                                           Z_F1_ph1    0.30899000    
      ->  Parameter number   30   -> Symbolic Name:                                           X_F2_ph1    0.31779000    
      ->  Parameter number   31   -> Symbolic Name:                                           Y_F2_ph1    0.98183000    
      ->  Parameter number   32   -> Symbolic Name:                                           Z_F2_ph1    0.37904000    
  
 
 => No optimization for routine tasks
 ++++++++++++++++++++++++++++++++++++++++++++++++++++++++++++++++++++++++++++++++++++++++++++++++++++++++++++++++++++++++

 => CYCLE No.:    1
 ---------------------------------------------------------------------------------------
 => Phase  1 Name:  #(C) 2021 by FIZ Karlsruhe - Leibniz Institute for Information Infras
 ---------------------------------------------------------------------------------------
 => New parameters, shifts, and standard deviations

 Atom        x       dx      sx       y       dy      sy       z       dz      sz       B       dB      sB      occ.    docc.   socc.

 Na1      0.37032-0.00000 0.00045  0.78806-0.00000 0.00125  0.11582-0.00000 0.00062  1.12908 0.00000 0.00000  1.00000 0.00000 0.00000
 Nb1      0.15539 0.00000 0.00014  0.25592-0.00000 0.00058  0.31685-0.00000 0.00020  1.31779 0.00000 0.00000  1.00000 0.00000 0.00000
 O1       0.18111-0.00000 0.00085  0.16660 0.00001 0.00131  0.05638-0.00000 0.00143  1.45281 0.00000 0.00000  1.00000 0.00000 0.00000
 O2       0.07057-0.00001 0.00076  0.59080-0.00002 0.00162  0.23623-0.00001 0.00109  1.45281 0.00000 0.00000  1.00000 0.00000 0.00000
 F1       0.36403-0.00001 0.00075  0.42823-0.00002 0.00121  0.30899 0.00000 0.00100  1.79232 0.00000 0.00000  1.00000 0.00000 0.00000
 F2       0.31777-0.00002 0.00074  0.98181-0.00002 0.00111  0.37905 0.00001 0.00101  1.79232 0.00000 0.00000  1.00000 0.00000 0.00000

 ==> PROFILE PARAMETERS FOR PATTERN#  1

 => Overall scale factor:      0.006506856    -0.000000844     0.000027300
 => Eta(p-Voigt) or m(Pearson VII):   0.412639 -0.000051  0.013812
 => Overall tem. factor:     0.000000    0.000000    0.000000
 => Halfwidth parameters: 
         0.028627    0.000002    0.001653
        -0.009497   -0.000011    0.001005
         0.006152   -0.000000    0.000147
 => Cell parameters: 
        8.054444   -0.000001    0.000101
        5.445223    0.000000    0.000088
        7.645023    0.000000    0.000106
       90.000000    0.000000    0.000000
      102.256783    0.000000    0.000901
       90.000000    0.000000    0.000000
 => Preferred orientation: 
        -0.405475    0.000015    0.003684
         0.000000    0.000000    0.000000
 => Asymmetry parameters: 
         0.025999   -0.000011    0.003203
         0.014228   -0.000002    0.000644
         0.000000    0.000000    0.000000
         0.000000    0.000000    0.000000
 => X and Y parameters: 
         0.004216   -0.000007    0.000475
         0.000000    0.000000    0.000000
 => Strain parameters: 
         0.000000    0.000000    0.000000
         0.000000    0.000000    0.000000
         0.000000    0.000000    0.000000
 => Size   parameters (G,L): 
         0.000000    0.000000    0.000000
         0.000000    0.000000    0.000000

 ==> GLOBAL PARAMETERS FOR PATTERN#  1


 => Zero-point:     0.0085   -0.0000    0.0006

 => Cos( theta)-shift parameter :   0.0000  0.0000  0.0000
 => Sin(2theta)-shift parameter :   0.0000  0.0000  0.0000

 ==> RELIABILITY FACTORS WITH ALL NON-EXCLUDED POINTS FOR PATTERN:  1

 => R-Factors:   2.26      3.33     Chi2:  8.31     DW-Stat.:  0.3750   Patt#:  1
 => Expected :            1.16                                1.9331
 => Deviance : 0.553E+05     Dev*:   8.501    
 => GoF-index:  2.9         Sqrt(Residual/N)
 => N-P+C:  6510

 =>    SumYdif       SumYobs      SumYcal      SumwYobsSQ     Residual    Condition
     0.1099E+07    0.4873E+08    0.4868E+08    0.4873E+08    0.5409E+05    0.9442E+10


 => Conventional Rietveld Rp,Rwp,Re and Chi2:   15.5      12.2      4.24      8.309    
 => (Values obtained using Ynet, but true sigma(y))
 =>  SumYnet, Sum(w Ynet**2):     0.7096E+07    0.3616E+07


 ==> RELIABILITY FACTORS FOR POINTS WITH BRAGG CONTRIBUTIONS FOR PATTERN:  1

 => R-Factors:   2.33      3.45     Chi2:  8.91     DW-Stat.:  0.3884   Patt#:
 => Expected :            1.15                                1.9301
 => Deviance : 0.535E+05     Dev*:   9.123    
 => GoF-index:  3.0         Sqrt(Residual/N)
 => N-P+C:  5860

 =>    SumYdif       SumYobs      SumYcal      SumwYobsSQ     Residual    Condition
     0.1024E+07    0.4393E+08    0.4388E+08    0.4393E+08    0.5222E+05    0.9442E+10


 => Conventional Rietveld Rp,Rwp,Re and Chi2:   14.4      12.0      4.03      8.911    
 => (Values obtained using Ynet, but true sigma(y))
 =>  SumYnet, Sum(w Ynet**2):     0.7087E+07    0.3614E+07


 => Global user-weigthed Chi2 (Bragg contrib.):   8.91    

 => ---------> Pattern#  1
 => Phase:  1
 =>    Bragg R-factor:  7.78    
 =>    RF-factor     :  7.98    


   Standard deviations have to be multiplied by: 3.4149
   (correlated residuals) See references:
  -J.F.Berar & P.Lelann, J. Appl. Cryst. 24, 1-5 (1991) 
  -J.F.Berar, Acc. in Pow. Diff. II,NIST Sp.Pub. 846, 63(1992) 

 ++++++++++++++++++++++++++++++++++++++++++++++++++++++++++++++++++++++++++++++++++++++++++++++++++++++++++++++++++++++++

 => CYCLE No.:    1
 =>  Convergence reached at this CYCLE !!!!
 =>  Parameter shifts set to zero
 ---------------------------------------------------------------------------------------
 => Phase  1 Name:  #(C) 2021 by FIZ Karlsruhe - Leibniz Institute for Information Infras
 ---------------------------------------------------------------------------------------
 => New parameters, shifts, and standard deviations

 Atom        x       dx      sx       y       dy      sy       z       dz      sz       B       dB      sB      occ.    docc.   socc.

 Na1      0.37032 0.00000 0.00045  0.78806 0.00000 0.00125  0.11582 0.00000 0.00062  1.12908 0.00000 0.00000  1.00000 0.00000 0.00000
 Nb1      0.15539 0.00000 0.00014  0.25592 0.00000 0.00058  0.31685 0.00000 0.00020  1.31779 0.00000 0.00000  1.00000 0.00000 0.00000
 O1       0.18111 0.00000 0.00085  0.16660 0.00000 0.00131  0.05638 0.00000 0.00143  1.45281 0.00000 0.00000  1.00000 0.00000 0.00000
 O2       0.07057 0.00000 0.00076  0.59080 0.00000 0.00162  0.23623 0.00000 0.00109  1.45281 0.00000 0.00000  1.00000 0.00000 0.00000
 F1       0.36403 0.00000 0.00075  0.42823 0.00000 0.00121  0.30899 0.00000 0.00100  1.79232 0.00000 0.00000  1.00000 0.00000 0.00000
 F2       0.31777 0.00000 0.00074  0.98181 0.00000 0.00111  0.37905 0.00000 0.00101  1.79232 0.00000 0.00000  1.00000 0.00000 0.00000

 ==> PROFILE PARAMETERS FOR PATTERN#  1

 => Overall scale factor:      0.006506856     0.000000000     0.000027300
 => Eta(p-Voigt) or m(Pearson VII):   0.412639  0.000000  0.013812
 => Overall tem. factor:     0.000000    0.000000    0.000000
 => Halfwidth parameters: 
         0.028627    0.000000    0.001653
        -0.009497    0.000000    0.001005
         0.006152    0.000000    0.000147
 => Cell parameters: 
        8.054444    0.000000    0.000101
        5.445223    0.000000    0.000088
        7.645023    0.000000    0.000106
       90.000000    0.000000    0.000000
      102.256783    0.000000    0.000901
       90.000000    0.000000    0.000000
 => Preferred orientation: 
        -0.405475    0.000000    0.003684
         0.000000    0.000000    0.000000
 => Asymmetry parameters: 
         0.025999    0.000000    0.003203
         0.014228    0.000000    0.000644
         0.000000    0.000000    0.000000
         0.000000    0.000000    0.000000
 => X and Y parameters: 
         0.004216    0.000000    0.000475
         0.000000    0.000000    0.000000
 => Strain parameters: 
         0.000000    0.000000    0.000000
         0.000000    0.000000    0.000000
         0.000000    0.000000    0.000000
 => Size   parameters (G,L): 
         0.000000    0.000000    0.000000
         0.000000    0.000000    0.000000

 ==> GLOBAL PARAMETERS FOR PATTERN#  1


 => Zero-point:     0.0085    0.0000    0.0006

 => Cos( theta)-shift parameter :   0.0000  0.0000  0.0000
 => Sin(2theta)-shift parameter :   0.0000  0.0000  0.0000

 ==> RELIABILITY FACTORS WITH ALL NON-EXCLUDED POINTS FOR PATTERN:  1

 => R-Factors:   2.26      3.33     Chi2:  8.31     DW-Stat.:  0.3750   Patt#:  1
 => Expected :            1.16                                1.9331
 => Deviance : 0.553E+05     Dev*:   8.501    
 => GoF-index:  2.9         Sqrt(Residual/N)
 => N-P+C:  6510

 =>    SumYdif       SumYobs      SumYcal      SumwYobsSQ     Residual    Condition
     0.1099E+07    0.4873E+08    0.4868E+08    0.4873E+08    0.5409E+05    0.9442E+10


 => Conventional Rietveld Rp,Rwp,Re and Chi2:   15.5      12.2      4.24      8.309    
 => (Values obtained using Ynet, but true sigma(y))
 =>  SumYnet, Sum(w Ynet**2):     0.7096E+07    0.3616E+07

 => N-sigma of the GoF:      416.971

 ==> RELIABILITY FACTORS FOR POINTS WITH BRAGG CONTRIBUTIONS FOR PATTERN:  1

 => R-Factors:   2.33      3.45     Chi2:  8.91     DW-Stat.:  0.3884   Patt#:
 => Expected :            1.15                                1.9301
 => Deviance : 0.535E+05     Dev*:   9.123    
 => GoF-index:  3.0         Sqrt(Residual/N)
 => N-P+C:  5860

 =>    SumYdif       SumYobs      SumYcal      SumwYobsSQ     Residual    Condition
     0.1024E+07    0.4393E+08    0.4388E+08    0.4393E+08    0.5222E+05    0.9442E+10


 => Conventional Rietveld Rp,Rwp,Re and Chi2:   14.4      12.0      4.03      8.911    
 => (Values obtained using Ynet, but true sigma(y))
 =>  SumYnet, Sum(w Ynet**2):     0.7087E+07    0.3614E+07

 => N-sigma of the GoF:      428.241

 => Global user-weigthed Chi2 (Bragg contrib.):   9.23    

 => ---------> Pattern#  1
 => Phase:  1
 =>    Bragg R-factor:  7.78    
 =>    RF-factor     :  7.98    

 --------------------------------------------------------------------------------------------------------------
 Pattern#  1 Phase No.:   1 Phase name:  #(C) 2021 by FIZ Karlsruhe - 
 --------------------------------------------------------------------------------------------------------------

   No.  Code     H   K   L  Mult      Hw      ETA/M    2theta/TOF     Icalc       Iobs      Sigma     StrFactor^2    d-hkl       CORR

      1   1      1   0   0     2  0.074135  0.459998      11.232     4870.8     4776.7      9.773       3875.2571  7.870852      1.000000
      2   1      1   1   0     4  0.073269  0.496161      19.810     7244.0     7078.4     10.790      13379.0498  4.478039      0.685192
      3   1      0   1   1     4  0.073282  0.497650      20.163       17.8       29.8      3.297         54.3683  4.400400      0.428626
      4   1     -1   1   1     4  0.073400  0.504784      21.855        2.6       53.3      5.514          7.0140  4.063404      0.580342
      5   1      2   0   0     2  0.073478  0.507819      22.575     1920.2     2019.3      8.488       6370.7998  3.935426      1.000000
      6   1      0   0   2     2  0.073649  0.512989      23.801     1707.4     1736.9      7.079      13346.1934  3.735381      0.473998
      7   1     -1   0   2     2  0.073696  0.514190      24.086     2592.2     2518.7      6.700      19715.9336  3.691838      0.499403
      8   1      1   1   1     4  0.073743  0.515334      24.357       22.5       24.2      2.808         63.8027  3.651333      0.684360
      9   1      2   1   0     4  0.074593  0.530482      27.950     7740.0     7612.5     11.130      23568.0879  3.189599      0.853159
     10   1     -2   1   1     4  0.074745  0.532590      28.450       33.5       26.6      0.904        116.0959  3.134658      0.778941
     11   1      1   0   2     2  0.074767  0.532880      28.519       96.2       91.9      1.777        756.5930  3.127258      0.689187
     12   1      0   1   2     4  0.074910  0.534754      28.963     2543.1     2631.7      6.910      15684.2461  3.080277      0.454345
     13   1     -1   1   2     4  0.074989  0.535757      29.201      247.1      268.8      1.753       1482.6011  3.055723      0.475212
     14   1     -2   0   2     2  0.075001  0.535908      29.237      483.3      579.1      3.296       3908.2673  3.052047      0.707002
     15   1      2   1   1     4  0.076208  0.548960      32.332       53.5        0.0      6.210        227.9769  2.766563      0.831966
     16   1      0   2   0     2  0.076449  0.551222      32.869      661.7      694.0      4.409      13217.4736  2.722611      0.367693
     17   1      1   1   2     4  0.076511  0.551788      33.003     1199.9     1158.7      4.407       6946.5239  2.711845      0.640197
     18   1     -2   1   2     4  0.076811  0.554450      33.635      861.4      837.8      5.069       5061.3701  2.662362      0.656987
     19   1      3   0   0     2  0.077063  0.556608      34.147      542.3      722.7      4.843       4326.2085  2.623617      1.000000
     20   1      1   2   0     4  0.077419  0.559529      34.839      563.7      576.7      5.522       4371.8794  2.573023      0.537278
     21   1      0   2   1     4  0.077530  0.560417      35.050       21.0       46.2      1.579        220.2268  2.558035      0.402536
     22   1     -1   2   1     4  0.078103  0.564814      36.093       26.1       39.8      4.240        238.4375  2.486488      0.491764
     23   1      2   0   2     2  0.078325  0.566449      36.481      501.1      338.0      5.667       5627.2822  2.460938      0.820057
     24   1     -3   0   2     2  0.078897  0.570503      37.442      182.7      108.7      3.549       2146.8271  2.399923      0.829590
     25   1     -3   1   1     4  0.079009  0.571273      37.625      425.4      424.7      3.496       2389.9487  2.388690      0.877074
     26   1      1   2   1     4  0.079073  0.571707      37.728      340.7      307.3      2.822       3003.0422  2.382404      0.562402
     27   1      3   1   0     4  0.079269  0.573023      38.040        2.9        9.6      1.524         16.0003  2.363570      0.921506
     28   1     -1   1   3     4  0.080009  0.577827      39.179      247.5      286.3      7.004       3219.2195  2.297419      0.414065
     29   1      0   1   3     4  0.080410  0.580316      39.770        0.8        2.0      0.623          9.0621  2.264664      0.463792
     30   1      2   1   2     4  0.080694  0.582041      40.179       45.3       86.6      2.039        333.8144  2.242548      0.771832
     31   1      2   2   0     4  0.080741  0.582319      40.245      185.7      333.5      4.101       1548.4531  2.239019      0.685192
     32   1     -2   2   1     4  0.081000  0.583856      40.609        0.5        0.2      0.141          4.4441  2.219763      0.641645
     33   1      0   2   2     4  0.081272  0.585446      40.986      172.8      160.7      2.475       2398.1094  2.200200      0.428626
     34   1     -3   1   2     4  0.081331  0.585784      41.067      519.9      487.7      3.718       3969.9111  2.196086      0.782304
     35   1     -1   2   2     4  0.081401  0.586188      41.162      265.4      255.0      2.166       3595.1543  2.191199      0.443349
     36   1     -2   1   3     4  0.082011  0.589623      41.977       17.1       16.6      3.442        191.8221  2.150539      0.558162
     37   1      3   1   1     4  0.082194  0.590631      42.216       23.9        5.4      4.099        167.8805  2.138905      0.902411
     38   1      2   2   1     4  0.083241  0.596213      43.540      102.6      112.8      5.325       1001.6761  2.076890      0.696874
     39   1      1   1   3     4  0.083318  0.596609      43.634       73.0       60.3      2.283        826.1522  2.072633      0.603945
     40   1      1   2   2     4  0.083671  0.598419      44.063       37.1       17.7      2.817        457.7923  2.053438      0.566627
     41   1     -2   2   2     4  0.084087  0.600512      44.560      749.4      725.6      6.393       9246.3066  2.031702      0.580342
     42   1      4   0   0     2  0.085422  0.606967      46.091     1196.2     1362.3      7.944      18476.6855  1.967713      1.000000
     43   1      3   0   2     2  0.085592  0.607762      46.279      118.1      101.2      1.479       2070.6707  1.960141      0.889092
     44   1     -4   0   2     2  0.086614  0.612440      47.389      446.1      296.0      4.843       8199.1260  1.916797      0.894152
     45   1     -1   0   4     2  0.086767  0.613125      47.551      540.1      520.9      3.449      23556.1309  1.910631      0.379770
     46   1     -3   1   3     4  0.086884  0.613644      47.674       11.1       11.8      0.120        135.5682  1.905981      0.681964
     47   1     -3   2   1     4  0.086985  0.614096      47.781        9.8       10.1      0.353        108.4441  1.901959      0.753535
     48   1      3   2   0     4  0.087314  0.615541      48.124     1406.3     1550.0      6.120      15186.9580  1.889205      0.787830
     49   1     -4   1   1     4  0.087389  0.615868      48.202       27.7       31.1      0.154        256.1732  1.886349      0.924728
     50   1      0   0   4     2  0.087888  0.618029      48.714       39.7      115.6      2.261       1463.5706  1.867691      0.473998
     51   1     -1   2   3     4  0.088242  0.619538      49.072        2.1        3.3      0.068         46.6175  1.854908      0.404916
     52   1      4   1   0     4  0.088364  0.620052      49.194     1025.3     1134.1      5.527       9621.1826  1.850590      0.952411
     53   1     -2   0   4     2  0.088497  0.620612      49.327      317.7      326.6      1.522      11440.9922  1.845919      0.499403
     54   1      3   1   2     4  0.088543  0.620808      49.374       82.6       82.4      0.567        874.3063  1.844287      0.851156
     55   1      0   2   3     4  0.088738  0.621624      49.567        2.1        1.9      0.077         42.0705  1.837540      0.444787
     56   1      2   2   2     4  0.089088  0.623076      49.911     1449.9     1451.0      5.978      19563.7930  1.825667      0.684360
     57   1      2   1   3     4  0.089348  0.624141      50.164        0.4        0.5      0.015          5.6412  1.817061      0.716700
     58   1     -4   1   2     4  0.089625  0.625269      50.432      159.3      122.9      2.894       1756.4141  1.808046      0.857316
     59   1     -1   1   4     4  0.089786  0.625923      50.587      116.9      134.9      1.389       2933.5295  1.802868      0.379083
     60   1     -3   2   2     4  0.089866  0.626245      50.663      325.9      357.0      3.111       4477.3232  1.800334      0.694981

   No.  Code     H   K   L  Mult      Hw      ETA/M    2theta/TOF     Icalc       Iobs      Sigma     StrFactor^2    d-hkl       CORR

     61   1     -2   2   3     4  0.090688  0.629516      51.439       19.1       11.2      1.260        361.6212  1.774982      0.521879
     62   1      1   3   0     4  0.090901  0.630349      51.636      222.8      206.3      2.092       4619.2603  1.768655      0.480650
     63   1      3   2   1     4  0.090908  0.630380      51.644       32.6       30.9      0.283        411.2713  1.768424      0.790810
     64   1      0   1   4     4  0.090968  0.630613      51.699      670.9      700.9      4.274      14328.9990  1.766659      0.467890
     65   1      0   3   1     4  0.091067  0.630998      51.790       73.0       75.7      0.582       1870.4587  1.763765      0.391546
     66   1     -2   1   4     4  0.091608  0.633088      52.286        0.7        0.1      0.187         13.5851  1.748199      0.491903
     67   1     -1   3   1     4  0.091909  0.634235      52.558        3.5        0.7      0.444         80.1165  1.739788      0.452541
     68   1      1   0   4     2  0.092035  0.634713      52.672      177.4      142.7      4.709       6259.7349  1.736310      0.590608
     69   1      1   2   3     4  0.092251  0.635528      52.865        6.2        2.2      0.538        115.3160  1.730414      0.560638
     70   1      4   1   1     4  0.092714  0.637262      53.276        3.7        0.0      2.569         42.7207  1.718026      0.937859
     71   1      1   3   1     4  0.093294  0.639407      53.785        0.0        0.0      0.356          0.6952  1.702966      0.502439
     72   1     -3   0   4     2  0.093341  0.639581      53.826        0.4        0.0      2.976         13.1706  1.701762      0.613216
     73   1      1   1   4     4  0.095318  0.646652      55.503      241.9      216.2      5.108       4896.6738  1.654246      0.578804
     74   1     -4   1   3     4  0.095435  0.647061      55.600       87.2       78.9      1.169       1326.8654  1.651587      0.772711
     75   1      2   3   0     4  0.095585  0.647582      55.724      868.4      806.9      4.753      17360.0469  1.648217      0.591122
     76   1     -2   3   1     4  0.095933  0.648786      56.009       46.8       53.9      1.347        994.0684  1.640490      0.562313
     77   1      0   3   2     4  0.096297  0.650037      56.306      230.5      319.6      3.489       6759.0923  1.632546      0.412449
     78   1     -3   2   3     4  0.096423  0.650466      56.408        8.2       10.3      0.163        158.9514  1.629842      0.629948
     79   1     -1   3   2     4  0.096469  0.650622      56.445       15.3       19.4      0.267        439.4699  1.628859      0.423241
     80   1     -3   1   4     4  0.096683  0.651353      56.618      566.9      581.1      4.177      11558.5273  1.624287      0.600577
     81   1     -4   2   1     4  0.097006  0.652443      56.877       61.3       72.2      1.761        916.1014  1.617515      0.827934
     82   1      4   0   2     2  0.097566  0.654319      57.322       33.3       20.1      2.501        905.6819  1.606012      0.926596
     83   1      4   2   0     4  0.098128  0.656177      57.762      404.2      457.1      4.528       6064.4604  1.594800      0.853159
     84   1      3   2   2     4  0.098334  0.656854      57.923      289.9      383.9      2.558       4839.9160  1.590760      0.771444
     85   1      2   3   1     4  0.098882  0.658639      58.346        1.3        1.5      0.134         27.4401  1.580224      0.607858
     86   1     -5   0   2     2  0.099147  0.659496      58.549      158.6      167.4      2.933       4501.3027  1.575221      0.929457
     87   1      5   0   0     2  0.099203  0.659677      58.592       26.4       30.4      0.478        698.8147  1.574170      1.000000
     88   1      2   2   3     4  0.099255  0.659846      58.632        5.9        6.8      0.116        117.8861  1.573190      0.662521
     89   1      3   1   3     4  0.099380  0.660246      58.727       13.4       14.8      0.149        222.9793  1.570873      0.796744
     90   1      1   3   2     4  0.099437  0.660428      58.771      242.3      267.9      2.050       6249.2769  1.569820      0.515693
     91   1     -4   2   2     4  0.099572  0.660861      58.873      543.8      521.1      3.035       9322.0430  1.567329      0.778941
     92   1     -1   2   4     4  0.099756  0.661450      59.013      177.9      179.6      1.113       6323.1592  1.563952      0.377564
     93   1      2   0   4     2  0.099774  0.661506      59.026       66.3       66.4      0.415       2583.2991  1.563629      0.689187
     94   1     -2   3   2     4  0.099972  0.662135      59.175      450.7      439.2      3.031      11565.0908  1.560044      0.526405
     95   1     -5   1   1     4  0.100838  0.664863      59.822       18.9       17.1      0.809        275.0608  1.544709      0.949980
     96   1      4   1   2     4  0.101088  0.665639      60.006      851.8      728.6      5.289      13206.6953  1.540409      0.898108
     97   1      0   2   4     4  0.101103  0.665688      60.018       13.3       11.4      0.081        407.6001  1.540138      0.454345
     98   1     -2   2   4     4  0.101831  0.667933      60.551      246.5      297.4      3.539       7367.3008  1.527862      0.475212
     99   1     -4   0   4     2  0.101942  0.668273      60.631       59.7       66.0      0.995       2407.3015  1.526023      0.707002
    100   1     -5   1   2     4  0.102732  0.670675      61.201      490.1      573.6      3.268       7901.3203  1.513177      0.901819
    101   1      5   1   0     4  0.102791  0.670851      61.243      523.3      629.9      2.979       7866.9839  1.512246      0.968397
    102   1      4   2   1     4  0.103084  0.671733      61.452        7.3        8.3      0.105        126.1426  1.507596      0.852068
    103   1      2   1   4     4  0.103385  0.672633      61.665      266.9      184.0      3.770       5846.0420  1.502893      0.674653
    104   1     -3   3   1     4  0.103640  0.673392      61.845        3.0        2.1      0.088         68.3732  1.498946      0.659240
    105   1      3   3   0     4  0.104050  0.674608      62.134        5.0        3.4      1.291        109.6767  1.492679      0.685192
    106   1     -1   3   3     4  0.105207  0.677987      62.935        7.0       10.5      1.472        273.7152  1.475589      0.397156
    107   1     -1   1   5     4  0.105477  0.678766      63.120        7.3        6.8      0.486        298.4693  1.471711      0.378128
    108   1     -4   1   4     4  0.105638  0.679231      63.230      222.0      193.1      4.817       5002.4839  1.469410      0.692257
    109   1      0   3   3     4  0.105823  0.679760      63.356        8.6        8.2      0.205        313.6871  1.466800      0.428626
    110   1      1   2   4     4  0.106026  0.680342      63.494      216.2      216.5      2.988       6166.3071  1.463946      0.551932
    111   1     -4   2   3     4  0.106158  0.680719      63.583        5.4        4.7      0.108        117.9811  1.462102      0.717891
    112   1      2   3   2     4  0.106256  0.680998      63.649       74.6       62.5      1.330       1925.9081  1.460740      0.612600
    113   1     -2   1   5     4  0.106860  0.682710      64.055        1.6        1.1      0.271         56.5345  1.452456      0.447917
    114   1     -3   3   2     4  0.107216  0.683711      64.293      212.4      193.1      4.546       5519.0298  1.447666      0.622026
    115   1     -3   2   4     4  0.107563  0.684680      64.523       16.2       14.1      0.720        461.4872  1.443061      0.571576
    116   1      0   1   5     4  0.107728  0.685140      64.632        7.9        7.2      0.876        273.1514  1.440892      0.469968
    117   1     -2   3   3     4  0.108229  0.686527      64.961        6.7        6.7      1.922        225.5880  1.434386      0.490103
    118   1      3   3   1     4  0.108499  0.687273      65.138        0.6        0.9      0.173         14.4830  1.430919      0.696413
    119   1     -5   1   3     4  0.108709  0.687849      65.274       30.0       14.1      2.719        600.8598  1.428251      0.834839
    120   1      5   1   1     4  0.108833  0.688189      65.355       26.6        7.8      2.249        465.4388  1.426685      0.957442

   No.  Code     H   K   L  Mult      Hw      ETA/M    2theta/TOF     Icalc       Iobs      Sigma     StrFactor^2    d-hkl       CORR

    121   1      1   3   3     4  0.110144  0.691741      66.197        1.0        3.6      1.618         32.9175  1.410557      0.521739
    122   1      3   2   3     4  0.110592  0.692939      66.481       23.7       37.2      4.636        552.8550  1.405215      0.742911
    123   1      3   0   4     2  0.112030  0.696733      67.381       34.1       26.4      4.509       1589.6700  1.388619      0.764752
    124   1     -3   1   5     4  0.112032  0.696740      67.383        1.6        1.3      0.212         53.3990  1.388590      0.540173
    125   1     -5   2   1     4  0.112228  0.697251      67.504        1.1        0.7      0.187         23.4231  1.386393      0.876127
    126   1      4   2   2     4  0.112507  0.697977      67.676       28.4       19.9      2.989        614.6492  1.383282      0.831966
    127   1      1   1   5     4  0.113864  0.701466      68.504        1.7        3.4      0.638         55.3970  1.368577      0.561200
    128   1     -5   2   2     4  0.114350  0.702701      68.797       35.5       42.4      1.495        789.6999  1.363461      0.837111
    129   1      5   2   0     4  0.114416  0.702867      68.836       76.2       94.6      2.387       1586.0123  1.362779      0.894551
    130   1      0   4   0     2  0.114557  0.703225      68.921       81.3      113.5      2.126       8258.8672  1.361306      0.367693
    131   1      4   1   3     4  0.114592  0.703311      68.942        0.2        0.3      0.005          4.0412  1.360952      0.851074
    132   1      2   2   4     4  0.115081  0.704543      69.234      288.0      290.7      3.266       8473.7100  1.355923      0.640197
    133   1     -3   3   3     4  0.115224  0.704901      69.319        0.0        0.0      0.000          1.1075  1.354468      0.580342
    134   1     -5   0   4     2  0.115313  0.705124      69.371      259.2      241.8      2.309      12605.3350  1.353565      0.777929
    135   1      5   0   2     2  0.115511  0.705618      69.489       79.6       82.7      0.951       3187.7507  1.351567      0.948418
    136   1     -4   3   1     4  0.115931  0.706663      69.737       16.2       14.5      0.362        420.1830  1.347368      0.736816
    137   1      3   1   4     4  0.116115  0.707117      69.844      269.5      236.9      3.576       6888.2515  1.345555      0.750040
    138   1      1   4   0     4  0.116539  0.708165      70.093       16.3       16.5      0.561        697.0675  1.341391      0.451928
    139   1      0   4   1     4  0.116759  0.708706      70.221        2.7        3.6      0.261        133.5722  1.339253      0.385736
    140   1      4   3   0     4  0.117291  0.710006      70.529       86.3       98.5      3.224       2224.9709  1.334154      0.758454
    141   1     -1   2   5     4  0.117424  0.710330      70.606        1.1        1.4      0.042         58.9713  1.332891      0.377138
    142   1      3   3   2     4  0.117540  0.710613      70.674       39.8       48.2      1.198       1124.7748  1.331786      0.694600
    143   1     -4   2   4     4  0.117605  0.710769      70.710       45.7       53.8      1.323       1366.6097  1.331181      0.656987
    144   1     -6   0   2     2  0.117831  0.711319      70.841        3.6        4.7      0.203        151.2851  1.329050      0.950153
    145   1     -1   4   1     4  0.117872  0.711419      70.864        1.9        2.5      0.112         87.9838  1.328665      0.431674
    146   1      2   3   3     4  0.118656  0.713305      71.312        0.2        0.1      0.080          6.7514  1.321425      0.609070
    147   1     -2   2   5     4  0.118973  0.714064      71.492        0.8        1.1      0.112         35.9356  1.318536      0.440180
    148   1     -4   3   2     4  0.119039  0.714220      71.529       15.1       18.4      1.586        432.6796  1.317946      0.702235
    149   1     -1   3   4     4  0.119262  0.714752      71.655       45.6       52.8      2.221       2444.4961  1.315936      0.375990
    150   1     -5   1   4     4  0.119524  0.715375      71.803       38.6       42.9      1.050       1022.9995  1.313589      0.763390
    151   1      1   4   1     4  0.119698  0.715787      71.901        7.4        8.7      0.102        317.5461  1.312046      0.469572
    152   1      6   0   0     2  0.119725  0.715850      71.916      210.2      249.3      2.822       8530.9668  1.311809      1.000000
    153   1      5   1   2     4  0.119730  0.715863      71.919       74.7       88.6      1.002       1636.4457  1.311763      0.926905
    154   1      0   2   5     4  0.119945  0.716370      72.039       19.3       22.0      0.404        855.9083  1.309867      0.460131
    155   1     -6   1   1     4  0.120791  0.718355      72.510        7.0        6.7      0.423        150.4640  1.302518      0.964615
    156   1      0   3   4     4  0.120891  0.718590      72.565       77.8       78.4      3.217       3648.3928  1.301655      0.440310
    157   1     -5   2   3     4  0.121044  0.718946      72.650        1.2        1.0      0.068         31.4109  1.300349      0.784390
    158   1      5   2   1     4  0.121183  0.719270      72.727        9.6        8.5      0.534        224.2247  1.299167      0.891900
    159   1     -4   1   5     4  0.121576  0.720181      72.943       24.9       24.1      1.666        828.8599  1.295848      0.625079
    160   1     -2   3   4     4  0.121771  0.720631      73.049        7.6        7.6      0.551        348.3680  1.294219      0.457846
    161   1     -6   1   2     4  0.122140  0.721483      73.251      244.3      226.3      4.170       5523.4058  1.291148      0.929245
    162   1      2   4   0     4  0.122706  0.722778      73.559       35.9       24.7      1.512       1416.2112  1.286512      0.537278
    163   1     -2   4   1     4  0.123162  0.723816      73.805       29.8       23.8      1.721       1229.5564  1.282827      0.516168
    164   1      4   3   1     4  0.123286  0.724098      73.872        2.5        2.3      0.196         70.1769  1.281832      0.765267
    165   1      0   4   2     4  0.123639  0.724898      74.061       39.5       63.4      1.564       2101.9592  1.279018      0.402536
    166   1     -1   4   2     4  0.123864  0.725405      74.182      120.8      171.5      2.753       6323.1484  1.277242      0.410913
    167   1      6   1   0     4  0.124108  0.725955      74.312       85.4      107.3      1.943       1884.9283  1.275322      0.977593
    168   1     -1   0   6     2  0.124507  0.726848      74.524        1.2        1.2      0.059        129.5669  1.272222      0.394043
    169   1      2   1   5     4  0.124586  0.727024      74.566        5.5        5.6      0.359        185.7365  1.271611      0.643423
    170   1     -3   2   5     4  0.124768  0.727432      74.663        7.6        7.1      0.979        314.7342  1.270204      0.524105
    171   1     -2   0   6     2  0.125187  0.728364      74.884       14.8       11.3      2.219       1545.3478  1.267002      0.419000
    172   1      1   2   5     4  0.126823  0.731962      75.737       11.4        5.8      0.772        467.4088  1.254832      0.543467
    173   1      1   3   4     4  0.126844  0.732008      75.748       64.6       33.7      4.069       2755.0811  1.254678      0.523179
    174   1     -4   3   3     4  0.127004  0.732357      75.831        0.8        0.4      0.054         28.2250  1.253516      0.660164
    175   1      2   4   1     4  0.127022  0.732396      75.840       12.3        5.9      0.829        499.2491  1.253385      0.552921
    176   1      4   2   3     4  0.127640  0.733735      76.157        0.3        0.1      0.046          9.4811  1.248947      0.802821
    177   1      1   4   2     4  0.127748  0.733969      76.213       12.2        3.6      1.570        571.1180  1.248175      0.483240
    178   1      0   0   6     2  0.128179  0.734897      76.433       24.5       25.3      1.579       2340.4390  1.245127      0.473998
    179   1     -6   1   3     4  0.128330  0.735222      76.510        2.5        2.7      0.121         65.2553  1.244067      0.876868
    180   1     -2   4   2     4  0.128448  0.735474      76.570       28.1       28.5      0.989       1300.3516  1.243244      0.491764

   No.  Code     H   K   L  Mult      Hw      ETA/M    2theta/TOF     Icalc       Iobs      Sigma     StrFactor^2    d-hkl       CORR

    181   1     -3   3   4     4  0.128705  0.736024      76.700      253.0      228.8      3.588      10676.4863  1.241454      0.540231
    182   1     -1   1   6     4  0.129081  0.736825      76.890      137.5      139.3      1.948       8004.7090  1.238858      0.393340
    183   1      3   2   4     4  0.129350  0.737397      77.026        3.1        3.0      0.091        100.9075  1.237015      0.713676
    184   1     -2   1   6     4  0.129789  0.738326      77.246       26.0       27.6      1.327       1438.0051  1.234037      0.417622
    185   1     -3   0   6     2  0.130299  0.739401      77.501       77.1       72.5      1.628       7167.0562  1.230613      0.499403
    186   1      4   0   4     2  0.130321  0.739446      77.512      126.5      118.3      2.653       7162.0659  1.230469      0.820057
    187   1      3   3   3     4  0.132377  0.743718      78.525        5.6       10.7      1.012        192.5617  1.217111      0.684360
    188   1      6   1   1     4  0.132523  0.744017      78.596        6.1       11.7      0.848        150.2554  1.216190      0.969198
    189   1      0   1   6     4  0.132904  0.744797      78.781       15.7       20.1      0.817        795.5013  1.213798      0.471152
    190   1     -5   2   4     4  0.133186  0.745372      78.918      243.8      240.5      4.245       8010.0913  1.212041      0.727157
    191   1     -3   4   1     4  0.133249  0.745500      78.948        9.3        9.3      0.155        374.1627  1.211651      0.596291
    192   1      5   2   2     4  0.133417  0.745844      79.029       44.1       45.0      0.882       1209.7408  1.210606      0.873524
    193   1      3   4   0     4  0.133787  0.746594      79.207       76.3       70.8      1.501       2973.5249  1.208334      0.616509
    194   1     -5   3   1     4  0.134365  0.747761      79.484        1.4        1.5      0.058         42.8228  1.204820      0.795658
    195   1     -6   2   1     4  0.134612  0.748259      79.602        7.5        7.8      0.180        199.8065  1.203327      0.907826
    196   1      4   3   2     4  0.134704  0.748444      79.646      172.6      178.5      3.377       5504.8423  1.202776      0.759553
    197   1     -3   1   6     4  0.135113  0.749262      79.840        8.4        8.7      0.153        414.0488  1.200341      0.495911
    198   1      4   1   4     4  0.135135  0.749306      79.851       91.1       93.3      1.622       2748.4736  1.200207      0.806524
    199   1     -6   0   4     2  0.135177  0.749389      79.870       25.0       25.5      0.449       1466.1487  1.199961      0.829590
    200   1     -1   4   3     4  0.135303  0.749642      79.930        1.3        1.3      0.033         81.6581  1.199214      0.391550
    201   1     -4   2   5     4  0.135498  0.750031      80.023        4.7        5.1      0.179        190.1287  1.198062      0.603103
    202   1      0   4   3     4  0.136111  0.751248      80.311        0.3        0.4      0.027         15.6333  1.194482      0.416953
    203   1     -6   2   2     4  0.136135  0.751295      80.322        1.4        1.9      0.139         37.9197  1.194345      0.877074
    204   1      1   0   6     2  0.136643  0.752297      80.560       41.7       44.6      0.881       3717.2854  1.191418      0.553154
    205   1     -5   1   5     4  0.136673  0.752356      80.574        3.1        3.3      0.059        108.9822  1.191246      0.697355
    206   1      2   4   2     4  0.136680  0.752371      80.578      151.4      159.5      2.862       6638.5972  1.191202      0.562402
    207   1     -5   3   2     4  0.136948  0.752896      80.702       70.3       68.3      1.132       2271.6523  1.189677      0.765460
    208   1      5   1   3     4  0.136991  0.752982      80.722        0.3        0.3      0.004          7.2211  1.189431      0.887939
    209   1      5   3   0     4  0.137027  0.753053      80.739       74.0       72.4      1.185       2252.0784  1.189225      0.813043
    210   1      2   3   4     4  0.137838  0.754638      81.115       33.7       36.2      0.972       1396.2264  1.184660      0.601308
    211   1     -3   4   2     4  0.137943  0.754840      81.163       64.8       66.3      1.768       2832.2781  1.184080      0.570409
    212   1      6   2   0     4  0.138357  0.755644      81.354      157.6      162.9      3.030       4276.0889  1.181785      0.921506
    213   1      2   2   5     4  0.138897  0.756686      81.601        2.6        3.0      0.103        105.8290  1.178830      0.620499
    214   1     -2   4   3     4  0.139275  0.757413      81.773        9.1       14.4      1.040        492.8892  1.176781      0.466773
    215   1      3   4   1     4  0.139631  0.758096      81.935        0.0        0.0      0.003          0.7936  1.174864      0.629271
    216   1     -6   1   4     4  0.140198  0.759178      82.192       95.9      109.0      3.945       2980.9529  1.171845      0.816386
    217   1     -4   0   6     2  0.140469  0.759692      82.314        0.8        0.9      0.047         69.8428  1.170416      0.577052
    218   1     -1   3   5     4  0.140700  0.760129      82.418        9.7       11.4      0.407        657.8461  1.169207      0.375971
    219   1     -4   3   4     4  0.140921  0.760548      82.517       60.2       58.8      2.253       2490.3655  1.168052      0.616681
    220   1      3   1   5     4  0.141273  0.761210      82.674        6.7        5.9      0.434        239.2652  1.166230      0.712418
    221   1      1   1   6     4  0.141729  0.762068      82.877       10.6        8.6      0.396        495.0603  1.163884      0.548416
    222   1      1   4   3     4  0.141801  0.762203      82.910       17.5       14.1      0.564        912.0876  1.163515      0.492723
    223   1      6   0   2     2  0.141917  0.762419      82.961      104.4       84.2      3.184       5576.4072  1.162926      0.961992
    224   1     -2   3   5     4  0.142598  0.763690      83.262        3.7        2.9      0.316        219.5378  1.159482      0.431081
    225   1     -6   2   3     4  0.143138  0.764691      83.500        3.7        0.0      1.041        115.3331  1.156786      0.833135
    226   1      0   3   5     4  0.143789  0.765893      83.785        3.6        0.0      1.287        210.8917  1.153573      0.448539
    227   1     -1   2   6     4  0.143990  0.766261      83.872        0.8        0.0      0.355         55.4342  1.152595      0.391526
    228   1     -2   2   6     4  0.144794  0.767732      84.221       24.4       23.6      2.856       1544.8276  1.148709      0.414065
    229   1     -5   3   3     4  0.145140  0.768361      84.370        0.4        0.4      0.036         16.1850  1.147056      0.726281
    230   1      5   3   1     4  0.145311  0.768672      84.444        1.0        1.0      0.047         32.3211  1.146244      0.816836
    231   1     -7   0   2     2  0.145379  0.768795      84.473       81.0       81.7      3.239       4421.5298  1.145922      0.963109
    232   1     -4   1   6     4  0.145727  0.769424      84.622       51.3       54.7      2.088       2363.5239  1.144282      0.571829
    233   1      6   1   2     4  0.147240  0.772139      85.266       25.0       21.6      3.338        704.3004  1.137279      0.945422
    234   1      6   2   1     4  0.147904  0.773319      85.546        7.5        4.1      0.885        219.2288  1.134273      0.918426
    235   1      0   2   6     4  0.148338  0.774086      85.728       44.5       40.4      2.939       2569.6470  1.132332      0.463792
    236   1     -3   4   3     4  0.148541  0.774443      85.813       11.3       10.1      0.901        557.7318  1.131431      0.541790
    237   1     -4   4   1     4  0.149484  0.776098      86.205       12.8       14.7      1.383        518.4395  1.127283      0.667006
    238   1     -3   3   5     4  0.149732  0.776531      86.308       14.9       17.4      1.445        795.1039  1.126205      0.504912
    239   1      7   0   0     2  0.150149  0.777256      86.480       16.2       25.1      1.205        875.0625  1.124407      1.000000
    240   1     -7   1   1     4  0.150331  0.777571      86.555        0.1        0.2      0.009          3.8200  1.123627      0.973749

   No.  Code     H   K   L  Mult      Hw      ETA/M    2theta/TOF     Icalc       Iobs      Sigma     StrFactor^2    d-hkl       CORR

    241   1     -3   2   6     4  0.150858  0.778483      86.771       93.6      100.0      1.684       5210.7485  1.121382      0.486862
    242   1     -7   1   2     4  0.150863  0.778492      86.773        4.3        4.6      0.077        123.1824  1.121360      0.946968
    243   1      4   2   4     4  0.150884  0.778527      86.781      138.6      146.8      2.405       4870.5864  1.121274      0.771832
    244   1      2   0   6     2  0.151026  0.778772      86.839        0.9        0.9      0.016         76.1344  1.120674      0.625948
    245   1      4   4   0     4  0.151302  0.779247      86.952       79.2       79.4      1.467       3140.8533  1.119510      0.685192
    246   1      3   4   2     4  0.151636  0.779821      87.088       66.3       63.8      1.291       2842.2805  1.118110      0.634590
    247   1      1   3   5     4  0.152278  0.780918      87.348        0.1        0.1      0.006          5.4019  1.115449      0.522157
    248   1     -5   2   5     4  0.152642  0.781536      87.495        6.1        5.6      0.597        247.3339  1.113957      0.672492
    249   1      5   2   3     4  0.153006  0.782154      87.641        5.5        6.5      0.477        179.2688  1.112472      0.846563
    250   1      2   4   3     4  0.153133  0.782368      87.692       12.9       15.4      0.917        624.1783  1.111957      0.566480
    251   1      4   3   3     4  0.153293  0.782639      87.757       14.1       16.6      0.810        519.9022  1.111309      0.745724
    252   1     -4   4   2     4  0.153647  0.783237      87.898       83.0       98.0      2.726       3552.1736  1.109882      0.641645
    253   1     -1   4   4     4  0.153947  0.783742      88.018       38.4       51.0      1.456       2815.8069  1.108681      0.374677
    254   1      3   3   4     4  0.155422  0.786203      88.602       96.2      100.6      3.282       3972.6899  1.102878      0.670140
    255   1      7   1   0     4  0.155863  0.786933      88.775       82.9       81.8      2.205       2336.6011  1.101175      0.983326
    256   1      0   4   4     4  0.156143  0.787395      88.885       13.7       13.5      0.397        889.0370  1.100100      0.428626
    257   1     -6   2   4     4  0.156684  0.788284      89.095       19.9       18.3      0.487        707.5339  1.098043      0.782304
    258   1      2   1   6     4  0.156783  0.788446      89.134       64.4       59.4      1.520       2891.4026  1.097668      0.619904
    259   1     -5   0   6     2  0.157131  0.789016      89.269       44.8       41.1      1.009       3856.9822  1.096357      0.647048
    260   1     -2   4   4     4  0.157333  0.789346      89.347       71.0       67.2      1.335       4466.2261  1.095600      0.443349
    261   1     -7   1   3     4  0.157544  0.789691      89.429        6.1        5.9      0.110        188.9310  1.094808      0.905708
    262   1      5   0   4     2  0.157604  0.789787      89.452       92.6       87.2      1.734       6009.8188  1.094588      0.860032
    263   1      3   2   5     4  0.157918  0.790299      89.573        2.7        2.4      0.069        109.8361  1.093420      0.687266
    264   1      1   2   6     4  0.158443  0.791149      89.775      126.3      120.4      2.903       6597.0278  1.091485      0.536061
    265   1      4   4   1     4  0.159387  0.792669      90.135        1.1        0.9      0.091         45.8595  1.088055      0.694973
    266   1     -6   1   5     4  0.159647  0.793086      90.234        5.4        5.1      0.783        199.5096  1.087120      0.755854
    267   1     -5   3   4     4  0.160222  0.794003      90.452        0.1        0.1      0.014          2.6467  1.085069      0.683249
    268   1      5   3   2     4  0.160513  0.794466      90.562       14.2       19.6      2.367        494.9420  1.084039      0.809302
    269   1     -6   3   1     4  0.162016  0.796840      91.125       26.4       39.5      1.786        891.9398  1.078804      0.839356
    270   1      1   5   0     4  0.162027  0.796857      91.129       30.0       45.2      2.011       1955.6520  1.078767      0.434733
    271   1      0   5   1     4  0.162352  0.797366      91.249        2.0        3.6      0.180        151.6874  1.077655      0.382177
    272   1     -4   2   6     4  0.163054  0.798462      91.510        6.5        7.9      0.246        333.1036  1.075269      0.558162
    273   1     -4   3   5     4  0.163133  0.798584      91.538        0.0        0.0      0.000          0.5473  1.075005      0.576060
    274   1     -5   1   6     4  0.163197  0.798684      91.562       85.5       97.2      2.842       3789.7761  1.074788      0.640731
    275   1      5   1   4     4  0.163695  0.799456      91.745        1.3        1.2      0.040         43.0080  1.073121      0.848141
    276   1     -6   3   2     4  0.163936  0.799830      91.834      128.1      111.2      2.547       4481.6553  1.072317      0.813784
    277   1     -1   5   1     4  0.163997  0.799924      91.856        1.9        1.7      0.036        129.4095  1.072115      0.418912
    278   1      1   4   4     4  0.164244  0.800304      91.946       43.4       39.2      0.955       2480.3379  1.071300      0.498661
    279   1     -4   4   3     4  0.164463  0.800642      92.026        0.0        0.0      0.001          1.7877  1.070576      0.611748
    280   1      6   2   2     4  0.164806  0.801168      92.151      162.4      142.9      2.602       5132.1733  1.069452      0.902411
    281   1     -2   1   7     4  0.164958  0.801402      92.207        9.9        8.6      0.189        712.4800  1.068955      0.395847
    282   1     -7   0   4     2  0.165015  0.801489      92.227       16.6       14.4      0.353       1092.1659  1.068769      0.866935
    283   1     -1   1   7     4  0.165355  0.802010      92.351        0.5        0.4      0.017         35.6579  1.067663      0.404517
    284   1      4   1   5     4  0.166692  0.804040      92.832        2.1        1.6      0.126         79.5051  1.063383      0.767802
    285   1      1   5   1     4  0.166710  0.804067      92.839        1.2        1.0      0.073         79.4033  1.063326      0.449271
    286   1      6   3   0     4  0.166750  0.804128      92.853       56.7       44.9      3.314       1903.2170  1.063200      0.853159
    287   1     -3   4   4     4  0.166803  0.804208      92.872        1.5        1.3      0.093         86.1566  1.063033      0.513286
    288   1      2   3   5     4  0.167435  0.805160      93.098        0.8        0.8      0.079         40.6259  1.061046      0.592057
    289   1      7   1   1     4  0.168376  0.806567      93.432        4.3        4.3      0.463        125.8053  1.058130      0.976743
    290   1     -7   2   1     4  0.168393  0.806593      93.438        4.3        4.4      0.459        134.2037  1.058077      0.929301
    291   1     -7   2   2     4  0.169012  0.807514      93.656      146.2      138.4      4.660       4650.3652  1.056183      0.904908
    292   1     -3   1   7     4  0.170743  0.810063      94.261        0.1        0.1      0.011          6.6200  1.050995      0.462984
    293   1      6   1   3     4  0.170891  0.810279      94.312        1.5        1.7      0.125         47.7161  1.050559      0.913429
    294   1      2   5   0     4  0.171218  0.810757      94.426       52.5       57.2      2.052       3013.0735  1.049597      0.503512
    295   1     -7   1   4     4  0.171505  0.811175      94.525      111.6      119.9      3.115       3772.3257  1.048759      0.855399
    296   1      3   4   3     4  0.171893  0.811739      94.658        1.5        1.8      0.058         69.3741  1.047629      0.633903
    297   1     -2   5   1     4  0.171905  0.811756      94.663        8.0        9.3      0.305        473.9577  1.047594      0.486972
    298   1      0   1   7     4  0.171998  0.811891      94.695        0.8        1.0      0.032         51.3421  1.047325      0.471885
    299   1      0   5   2     4  0.172626  0.812799      94.910       43.8       53.6      1.728       3198.3982  1.045516      0.396055
    300   1     -6   3   3     4  0.172847  0.813117      94.985        0.7        0.9      0.039         25.3210  1.044886      0.778941

   No.  Code     H   K   L  Mult      Hw      ETA/M    2theta/TOF     Icalc       Iobs      Sigma     StrFactor^2    d-hkl       CORR

    301   1     -1   5   2     4  0.172966  0.813289      95.026        4.9        6.1      0.331        351.3193  1.044546      0.402857
    302   1      3   0   6     2  0.173717  0.814366      95.282       10.0       13.2      0.472        843.5153  1.042419      0.689187
    303   1     -1   3   6     4  0.173940  0.814684      95.357       63.4       83.0      2.747       4721.8149  1.041795      0.389202
    304   1     -5   4   1     4  0.174670  0.815723      95.603        0.3        0.4      0.013         12.8474  1.039760      0.726334
    305   1      7   2   0     4  0.174849  0.815976      95.663       80.4       93.6      2.786       2483.7000  1.039266      0.939696
    306   1     -2   3   6     4  0.174974  0.816153      95.705       14.4       16.6      0.555       1017.5305  1.038922      0.409512
    307   1      4   4   2     4  0.175147  0.816398      95.764        0.0        0.0      0.000          0.2573  1.038445      0.696874
    308   1      2   2   6     4  0.175927  0.817497      96.024        0.2        0.1      0.019          9.7549  1.036316      0.603945
    309   1     -7   2   3     4  0.176820  0.818749      96.321        2.6        0.0      0.760         87.5039  1.033909      0.868682
    310   1      2   5   1     4  0.177775  0.820077      96.636        7.1        6.0      1.189        400.5433  1.031375      0.517212
    311   1     -5   4   2     4  0.178306  0.820812      96.810       24.2       22.8      1.983       1004.2829  1.029980      0.702818
    312   1      5   4   0     4  0.178419  0.820968      96.847        1.8        1.7      0.127         69.6385  1.029686      0.742035
    313   1      1   5   2     4  0.178889  0.821615      97.001       67.1       64.9      2.862       4230.5928  1.028466      0.461714
    314   1      6   3   1     4  0.178989  0.821753      97.034        0.0        0.0      0.000          0.0065  1.028205      0.855039
    315   1     -6   2   5     4  0.179292  0.822168      97.132        1.1        1.0      0.042         42.6315  1.027426      0.730567
    316   1      0   3   6     4  0.179552  0.822523      97.216        3.3        3.0      0.111        213.3615  1.026759      0.454345
    317   1      2   4   4     4  0.179567  0.822545      97.221       51.0       46.7      1.692       2624.6743  1.026719      0.566627
    318   1     -2   5   2     4  0.179966  0.823089      97.350       44.4       39.4      1.425       2764.3594  1.025702      0.468701
    319   1      3   1   6     4  0.180707  0.824096      97.589       72.7       60.2      2.394       3105.4722  1.023827      0.682492
    320   1      7   0   2     2  0.182798  0.826909      98.256        1.2        1.5      0.068         72.6332  1.018651      0.970926
    321   1     -3   3   6     4  0.182830  0.826951      98.267       35.0       44.2      1.887       2146.5234  1.018574      0.475212
    322   1      4   3   4     4  0.182863  0.826996      98.277       15.7       19.8      0.819        630.8593  1.018493      0.727956
    323   1     -6   0   6     2  0.183335  0.827624      98.426       25.0       28.8      0.977       2062.3562  1.017349      0.707002
    324   1     -5   2   6     4  0.183481  0.827818      98.472       40.4       45.3      1.470       1889.0271  1.016997      0.623974
    325   1     -1   4   5     4  0.183642  0.828032      98.523        1.1        1.2      0.039         87.7706  1.016610      0.374886
    326   1     -4   1   7     4  0.183679  0.828081      98.535        0.0        0.0      0.001          1.3718  1.016520      0.530166
    327   1     -4   4   4     4  0.183958  0.828451      98.622       11.5       11.9      0.367        579.0673  1.015851      0.580342
    328   1      5   2   4     4  0.184070  0.828598      98.657       63.1       64.4      2.085       2258.8203  1.015585      0.816738
    329   1     -5   3   5     4  0.185161  0.830035      98.998        1.0        1.0      0.081         45.2112  1.013000      0.640774
    330   1     -2   2   7     4  0.185566  0.830566      99.124        0.1        0.1      0.009          4.2312  1.012051      0.394322
    331   1      5   3   3     4  0.185639  0.830660      99.146        2.7        2.7      0.448         99.9950  1.011883      0.794193
    332   1      1   1   7     4  0.186018  0.831156      99.264        4.2        5.0      1.000        231.2395  1.011001      0.538790
    333   1     -1   2   7     4  0.186038  0.831181      99.270        0.1        0.1      0.027          8.2078  1.010955      0.402517
    334   1     -2   4   5     4  0.186365  0.831607      99.371        0.7        1.3      0.232         51.5524  1.010198      0.422630
    335   1     -3   5   1     4  0.187438  0.832996      99.700        0.3        0.2      0.106         17.5680  1.007744      0.553712
    336   1      4   2   5     4  0.187625  0.833238      99.758        1.0        0.7      0.317         43.7610  1.007319      0.742672
    337   1      0   4   5     4  0.188085  0.833829      99.898        0.5        0.3      0.094         46.3037  1.006283      0.437757
    338   1      3   5   0     4  0.188285  0.834086      99.959        2.3        1.3      0.257        187.6184  1.005833      0.570029

     -----------------------------------------------------
     BRAGG R-Factors and weight fractions for Pattern #  1
     -----------------------------------------------------

 => Phase:  1      #(C) 2021 by FIZ Karlsruhe - Leibniz Institute for Information Infrastructure.  All rights reserved.
 => Bragg R-factor:   7.78       Vol:  327.655( 0.008)  Fract(%):  100.00( 0.59)
 => Rf-factor=  7.94             ATZ:         743.567   Brindley:  1.0000

     -----------------------------------------------------------------
      SYMBOLIC NAMES AND FINAL VALUES AND SIGMA OF REFINED PARAMETERS:
     -----------------------------------------------------------------

      ->  Parameter number    1 :                                          Zero_pat1    0.84896116E-02( +/-    0.62141602E-03 )
      ->  Parameter number    2 :                                     Scale_ph1_pat1    0.65068561E-02( +/-    0.27300010E-04 )
      ->  Parameter number    3 :                                    Cell_A_ph1_pat1     8.0544443    ( +/-    0.10089187E-03 )
      ->  Parameter number    4 :                                    Cell_B_ph1_pat1     5.4452229    ( +/-    0.87501590E-04 )
      ->  Parameter number    5 :                                    Cell_C_ph1_pat1     7.6450229    ( +/-    0.10598364E-03 )
      ->  Parameter number    6 :                                    Cell_E_ph1_pat1     102.25678    ( +/-    0.90133335E-03 )
      ->  Parameter number    7 :                                    U-Cagl_ph1_pat1    0.28627068E-01( +/-    0.16533920E-02 )
      ->  Parameter number    8 :                                    W-Cagl_ph1_pat1    0.61518508E-02( +/-    0.14711691E-03 )
      ->  Parameter number    9 :                                    V-Cagl_ph1_pat1   -0.94965193E-02( +/-    0.10052636E-02 )
      ->  Parameter number   10 :                                     EtaPV_ph1_pat1    0.41263938    ( +/-    0.13811906E-01 )
      ->  Parameter number   11 :                                     X-tan_ph1_pat1    0.42162058E-02( +/-    0.47492108E-03 )
      ->  Parameter number   12 :                                     Asym1_ph1_pat1    0.25998740E-01( +/-    0.32027967E-02 )
      ->  Parameter number   13 :                                     Asym2_ph1_pat1    0.14227788E-01( +/-    0.64410700E-03 )
      ->  Parameter number   14 :                                       Or1_ph1_pat1   -0.40547502    ( +/-    0.36835999E-02 )
      ->  Parameter number   15 :                                          X_Na1_ph1    0.37031737    ( +/-    0.45276081E-03 )
      ->  Parameter number   16 :                                          Y_Na1_ph1    0.78805882    ( +/-    0.12455221E-02 )
      ->  Parameter number   17 :                                          Z_Na1_ph1    0.11581784    ( +/-    0.62127499E-03 )
      ->  Parameter number   18 :                                          X_Nb1_ph1    0.15539087    ( +/-    0.13633576E-03 )
      ->  Parameter number   19 :                                          Y_Nb1_ph1    0.25591838    ( +/-    0.57618838E-03 )
      ->  Parameter number   20 :                                          Z_Nb1_ph1    0.31684837    ( +/-    0.20447573E-03 )
      ->  Parameter number   21 :                                           X_O1_ph1    0.18110746    ( +/-    0.84864948E-03 )
      ->  Parameter number   22 :                                           Y_O1_ph1    0.16659953    ( +/-    0.13145468E-02 )
      ->  Parameter number   23 :                                           Z_O1_ph1    0.56379825E-01( +/-    0.14263452E-02 )
      ->  Parameter number   24 :                                           X_O2_ph1    0.70572473E-01( +/-    0.76279079E-03 )
      ->  Parameter number   25 :                                           Y_O2_ph1    0.59079647    ( +/-    0.16170581E-02 )
      ->  Parameter number   26 :                                           Z_O2_ph1    0.23622528    ( +/-    0.10891393E-02 )
      ->  Parameter number   27 :                                           X_F1_ph1    0.36403066    ( +/-    0.75386942E-03 )
      ->  Parameter number   28 :                                           Y_F1_ph1    0.42822972    ( +/-    0.12140367E-02 )
      ->  Parameter number   29 :                                           Z_F1_ph1    0.30899408    ( +/-    0.10005865E-02 )
      ->  Parameter number   30 :                                           X_F2_ph1    0.31777376    ( +/-    0.73743908E-03 )
      ->  Parameter number   31 :                                           Y_F2_ph1    0.98181117    ( +/-    0.11070241E-02 )
      ->  Parameter number   32 :                                           Z_F2_ph1    0.37904516    ( +/-    0.10135843E-02 )

 ------------------------------------------------------------------
 => Number of bytes for floating point variables: 4
 => Dimensions of dynamic allocated arrays in this run of FullProf:
 ------------------------------------------------------------------

 => Total approximate array memory (dynamic + static): 128536585 bytes

    MaxPOINT=    60000 Max.num. of points(+int. Inten.)/diffraction pattern       
    MaxREFLT=    20000 Max.num. of reflections/diffraction pattern               
    MaxPARAM=      300 Max.num. of refinable parameters                          
    MaxOVERL=    18096 Max.num. of overlapping reflections                       

 ----------------------------------------------------------
 => Number of bytes for floating point arrays: 4
 => Dimensions of fixed arrays in this release of FullProf:
 ----------------------------------------------------------

    NPATT   =       80 Max.num. of powder diffraction patterns                    
    NATS    =      830 Max.num. of atoms (all kind) in asymmetric unit            
    MPAR    =     1800 Max.num. of non atomic parameters/phase                    
    IEXCL   =       30 Max.num. of excluded regions                               
    IBACP   =      377 Max.num. of background points for interpolation            
    NPHT    =       16 Max.num. of phases                                         
    NMAGM   =        8 Max.num. of rotation-matrices sets for magnetic structure  
    NBASIS  =       12 Max.num. of basis functions associated to a single atom    
    NIREPS  =        9 Max.num. of irreducible representations to be combined     
    N_EQ    =      384 Max.num. of user-supplied symmetry operators/propagation vectors
    NGL     =      400 Max.num. of global parameters/diffraction pattern          
    N_LINC  =       50 Max.num. of global linear restraints                        
    NAT_P   =       80 Max.num. of atomic parameters per atom                     
    NCONST  =      500 Max.num. of slack constraints per phase                    
    N_SPE   =       30 Max.num. of different chemical species                     
    N_FORM  =       60 Max.num. of scattering factor values in a table            
    NPR     =      150 Max.num. of points defining a numerical profile            
    INPR    =       25 Max.num. of different numerical peak shapes                
    NPRC    =      150 Max.num. of terms in the table for correcting intensities  
    NSOL    =       10 Max.num. of solutions to be stored in Montecarlo searchs   

 
              CPU Time:     1.031 seconds
                            0.017 minutes

 => Run finished at:     Date: 03/02/2023  Time: 18:25:41.675                              
