

        **********************************************************
        ** PROGRAM FullProf.2k (Version 7.30 - Mar2020-ILL JRC) **
        **********************************************************
                       M U L T I -- P A T T E R N                 
            Rietveld, Profile Matching & Integrated Intensity     
                 Refinement of X-ray and/or Neutron Data


    Date: 08/02/2023  Time: 11:21:46.140                              

 => PCR file code: NaTaO2F2
 => DAT file code: NaTaO2F2.dat         -> Relative contribution: 1.0000                                                            

 ==> CONDITIONS OF THIS RUN FOR PATTERN No.:  1

 => Global Refinement of X-ray powder diffraction data                                                                              
 => Global Refinement of X-ray powder diffraction data                                                                              
    Bragg-Brentano(X-rays) or Debye-Scherrer geometry(Neutrons)
 => Title:  #(C) 2021 by FIZ Karlsruhe - Leibniz Institute for Information Infrastructure.  All rights reserved.

 => Number of phases:    1
 => Number of excluded regions:    0
 => Number of scattering factors supplied:    0
 => Conventional weights: w=1.0/Variance(yobs)
 => Asymmetry correction as in J.Appl.Cryst. 26,128(1993)
 => Background linearly interpolated between the   23 points given
 => The    5th default profile function was selected
 => Pseudo-Voigt function (ETA variable)
                 X-parameter correspond to: ETA=ETA0+X*2theta
                       pV(x)= ETA*L(x)+(1-ETA)*G(x)

 ==> INPUT/OUTPUT OPTIONS:

 => Generate file *.PRF for plot
 => Output Integrated Intensities
 => Generate new input file *.PCR

 => X-Y type of data: 2theta/TOF/E(Kev) Intens sigma for pattern:  1
 => Plot pattern at each cycle
 => Wavelengths:  1.54056 1.54439
 => Alpha2/Alpha1 ratio:   0.5000
 => Cos(Monochromator angle)=   0.9100
 => Asymmetry correction for angles lower than   90.000 degrees
 => Absorption correction (AC), muR-eff =   0.0000  0.0000
 => Base of peaks: 2.0*HW*    8.00

 => Number of cycles:   33
 => Relaxation factors ==>    for coordinates:  1.00
 => for anisotropic temperature factors:  1.00
 => for halfwidth/strain/size parameters:  1.00
 => for lattice constants and propagation vectors:  1.00
 => EPS-value for convergence:    0.1
 => Background ==> 
    Position   Intensity
       10.30     5951.93        0.00
       12.64     5306.15        0.00
       13.56     5056.46        0.00
       15.51     4708.21        0.00
       18.36     4156.57        0.00
       21.48     3767.26        0.00
       25.58     3531.64        0.00
       30.55     3250.36        0.00
       35.54     2980.40        0.00
       38.35     2759.12        0.00
       42.41     2684.68        0.00
       45.00     2755.68        0.00
       54.61     2843.04        0.00
       62.25     2611.99        0.00
       66.40     2434.10        0.00
       75.10     2480.66        0.00
       77.85     2368.26        0.00
       81.40     2451.49        0.00
       85.83     2373.37        0.00
       88.72     2369.47        0.00

       93.20     2348.85        0.00
       95.50     2363.42        0.00
       97.90     2350.96        0.00

 
 => Number of Least-Squares parameters varied:    31

 =>--------------------------->
 =>------->  PATTERN number:  1
 =>--------------------------->
 => Global parameters and codes ==>
 => Zero-point:     0.0032   11.0000
 => Displacement peak-shift parameter and code:     0.00    0.00
 => Transparency peak-shift parameter and code:     0.00    0.00

 => Reading Intensity data  =>>

 -> No recognizable heading in input data file X,Y,sigma
    First 6 lines are considered as COMMENTS (except for TSAMP keyword)
 -> COMMENT: 10.0116	6293.0000                                                                                                                   
 -> COMMENT: 10.0247	6540.0000                                                                                                                   
 -> COMMENT: 10.0379	6425.0000                                                                                                                   
 -> COMMENT: 10.0510	6237.0000                                                                                                                   
 -> COMMENT: 10.0641	6274.0000                                                                                                                   
 -> COMMENT: 10.0772	6248.0000                                                                                                                   
 ==> Angular range, step and number of points:
     2Thmin:      10.090400  2Thmax:      99.993401  Step:       0.013132  No. of points:   6848
 --------------------------------------------------------------------------------
 => Phase  No. 1
       #(C) 2021 by FIZ Karlsruhe - Leibniz Institute for Information Infras
 --------------------------------------------------------------------------------
 =>-------> Pattern#  1
 => Crystal Structure Refinement
 => Preferred orientation vector:   0.0000  0.0000  1.0000

 =>-------> Data for PHASE: 1
 => Number of atoms:    6
 => Number of distance  constraints:    0
 => Number of angle     constraints:    0

 => Symmetry information on space group: P 1 21/c 1          
 -> The multiplicity of the general position is:   4
 -> The space group is Centric (-1 at origin)   
 -> Lattice type  P: { 000 }                                       
 -> Reduced set of symmetry operators:

  No.  IT   Symmetry symbol    Rotation part     Associated Translation
   1: ( 1)   1            -->     ( x, y, z) + {  0.0000  0.0000  0.0000}
   2: ( 3)   2 ( 0, y, 0) -->     (-x, y,-z) + {  0.0000  0.5000  0.5000}


        Information on Space Group: 
        --------------------------- 

 =>   Number of Space group:  14
 =>  Hermann-Mauguin Symbol: P 1 21/c 1
 =>             Hall Symbol: -P 2ybc
 =>    Table Setting Choice: b1
 =>            Setting Type: IT (Generated from Hermann-Mauguin symbol)
 =>          Crystal System: Monoclinic
 =>              Laue Class: 2/m
 =>             Point Group: 2/m
 =>         Bravais Lattice: P
 =>          Lattice Symbol: mP
 =>  Reduced Number of S.O.:   2
 =>    General multiplicity:   4
 =>          Centrosymmetry: Centric (-1 at origin)
 =>  Generators (exc. -1&L):   1
 =>         Asymmetric unit:  0.000 <= x <=  1.000
                              0.000 <= y <=  0.250
                              0.000 <= z <=  1.000

 => List of S.O. without inversion and lattice centring translations
 => SYMM(  1): x,y,z                               => SYMM(  2): -x,y+1/2,-z+1/2


 => Initial parameters ==>
 Atom    Ntyp                  X         Y         Z         B         occ.         in  fin  Spc  Mult
                             B11       B22       B33       B12       B13       B23
 Na1    Na                 0.38101   0.78984   0.10326   1.11627   1.00000           0    0    0    4
                 Codes:  141.00000 151.00000 161.00000   0.00000   0.00000
 Ta1    Ta                 0.15935   0.25600   0.29563   0.47176   1.00000           0    0    0    4
                 Codes:  171.00000 181.00000 191.00000   0.00000   0.00000
 O1     O                  0.21655   0.15801   0.04652   0.58064   1.00000           0    0    0    4
                 Codes:  201.00000 211.00000 221.00000   0.00000   0.00000
 O2     O                  0.04986   0.53837   0.21439   0.58064   1.00000           0    0    0    4
                 Codes:  231.00000 241.00000 251.00000   0.00000   0.00000
 F1     F                  0.38559   0.46893   0.31176   1.12063   1.00000           0    0    0    4
                 Codes:  261.00000 271.00000 281.00000   0.00000   0.00000
 F2     F                  0.34109   0.98747   0.37007   1.12063   1.00000           0    0    0    4
                 Codes:  291.00000 301.00000 311.00000   0.00000   0.00000

 => IT IS ASSUMED THAT THE FIRST GIVEN SITE IS FULLY OCCUPIED 
    OR THE FIRST AND SECOND ATOMS ARE IN THE SAME SITE WITH TOTAL FULL OCCUPATION
  (If this is not the case, change the order of atoms to obtain correct values for the content of the unit cell)
    The given occupation factors have been obtained mutiplying m/M by   1.0000
      -> Atom: Na  ,  Chemical element: NA  Atomic Mass:    22.9898
      -> Atom: Ta  ,  Chemical element: TA  Atomic Mass:   180.9479
      -> Atom: O   ,  Chemical element: O   Atomic Mass:    15.9994
      -> Atom: O   ,  Chemical element: O   Atomic Mass:    15.9994
      -> Atom: F   ,  Chemical element: F   Atomic Mass:    18.9984
      -> Atom: F   ,  Chemical element: F   Atomic Mass:    18.9984
 => The given value of ATZ is       1095.73 the program has calculated:        1095.73
    The value of ATZ given in the input PCR file will be used for quantitative analysis
 => The chemical content of the unit cell is: 
       4.0000 Na   +   4.0000 Ta   +   4.0000 O    +   4.0000 O    +   4.0000 F    +   4.0000 F      
 => The normalized site occupation numbers in % are: 
     100.0000 Na1    :      100.0000 Ta1    :      100.0000 O1     :      100.0000 O2     :      100.0000 F1     :      100.0000 F2       
 => The density (volumic mass) of the compound is:    5.533 g/cm3

 =>-------> PROFILE PARAMETERS FOR PATTERN:  1

 => Overall scale factor:   0.198800E-02
 => ETA (p-Voigt) OR M (Pearson VII):   0.3700
 => Overall temperature factor:      0.00000
 => Halfwidth U,V,W:      0.06755    -0.04118     0.01316
 => X and Y parameters:       0.0022      0.0000
 => Direct cell parameters:    8.1486   5.4886   7.5309  90.0000 102.4947  90.0000
 => Preferred orientation parameters:   0.0000  0.0000
 => Asymmetry parameters     :      0.05191     0.00473     0.00000     0.00000
 => Strain parameters        :      0.00000     0.00000     0.00000
 => Size   parameters        :      0.00000     0.00000

 ==> CODEWORDS FOR PROFILE PARAMETERS of PATTERN#  1

 => Overall scale factor:   21.000
 => ETA (p-Voigt) OR M (Pearson VII):  101.000
 => Overall temperature factor:    0.000
 => Halfwidth U,V,W:   71.000  91.000  81.000
 => X and Y parameters:  111.000   0.000
 => Direct cell parameters:   31.000  41.000  51.000   0.000  61.000   0.000
 => Preferred orientation parameters:    0.000   0.000
 => Asymmetry parameters     :  121.000 131.000   0.000   0.000
 => Strain parameters        :    0.000   0.000   0.000
 => Size   parameters        :    0.000   0.000

 => Cell constraints according to Laue symmetry: 2/m  

        Metric information:
        -------------------

 => Direct cell parameters:

         a =       8.1486      b =       5.4886      c =       7.5309
     alpha =       90.000   beta =      102.495  gamma =       90.000
                        Direct Cell Volume =     328.8381

 => Reciprocal cell parameters:

         a*=     0.125698      b*=     0.182195      c*=     0.136008
     alpha*=       90.000   beta*=       77.505  gamma*=       90.000
                    Reciprocal Cell Volume =   0.00304101

 => Direct and Reciprocal Metric Tensors:

                   GD                                       GR
     66.3994      0.0000    -13.2765          0.015800    0.000000    0.003699
      0.0000     30.1250      0.0000          0.000000    0.033195    0.000000
    -13.2765      0.0000     56.7143          0.003699    0.000000    0.018498

 =>  Cartesian frame: z // c; y is in the bc-plane; x is y ^ z = a*  

     Crystal_to_Orthonormal_Matrix              Orthonormal_to_Crystal Matrix
              Cr_Orth_cel                               Orth_Cr_cel  
      8.1486      0.0000     -1.6293          0.122721   -0.000000    0.027195
      0.0000      5.4886      0.0000          0.000000    0.182195   -0.000000
      0.0000      0.0000      7.3525          0.000000    0.000000    0.136008

     Busing-Levy B-matrix: Hc=B.H            Inverse of the Busing-Levy B-matrix
                BL_M                                      BL_Minv  
    0.125698    0.000000    0.029425            7.9556     -0.0000     -1.7629
    0.000000    0.182195   -0.000000            0.0000      5.4886      0.0000
    0.000000    0.000000    0.132786            0.0000      0.0000      7.5309

 => Laue symmetry 2/m   will be used to generate HKL for pattern#   1
 => Reflections generated between S(1/d)min:  0.1139 A-1 and S(1/d)max:  1.0105 A-1
 =>                                    dmax:  8.7808 A   and      dmin:  0.9896 A
 => The number of reflections generated is:    358
 => The max. scatt. variable (gen.ref.) is:       102.2246
 => Scattering coefficients from internal table


 => X-ray scattering coeff. (A1, B1, A2,...C, f(0), Z, Dfp,Dfpp)

 NA      4.7626   3.2850   3.1736   8.8422   1.2674   0.3136   1.1128 129.4240   0.6760  10.9924  11.0000   0.1290   0.1240
 TA     29.2024   1.7733  15.2293   9.3705  14.5135   0.2960   4.7649  63.3644   9.2435  72.9537  73.0000  -6.3510   5.2710
 O       3.0485  13.2771   2.2868   5.7011   1.5463   0.3239   0.8670  32.9089   0.2508   7.9994   8.0000   0.0470   0.0320
 F       3.5392  10.2825   2.6412   4.2944   1.5170   0.2615   1.0243  26.1476   0.2776   8.9993   9.0000   0.0690   0.0530

     --------------------------------------------------------------
      SYMBOLIC NAMES AND INITIAL VALUES OF PARAMETERS TO BE VARIED:
     --------------------------------------------------------------

      ->  Parameter number    1   -> Symbolic Name:                                          Zero_pat1    0.32400000E-02
      ->  Parameter number    2   -> Symbolic Name:                                     Scale_ph1_pat1    0.19880000E-02
      ->  Parameter number    3   -> Symbolic Name:                                    Cell_A_ph1_pat1     8.1485806    
      ->  Parameter number    4   -> Symbolic Name:                                    Cell_B_ph1_pat1     5.4886231    
      ->  Parameter number    5   -> Symbolic Name:                                    Cell_C_ph1_pat1     7.5308919    
      ->  Parameter number    6   -> Symbolic Name:                                    Cell_E_ph1_pat1     102.49473    
      ->  Parameter number    7   -> Symbolic Name:                                    U-Cagl_ph1_pat1    0.67548998E-01
      ->  Parameter number    8   -> Symbolic Name:                                    W-Cagl_ph1_pat1    0.13156000E-01
      ->  Parameter number    9   -> Symbolic Name:                                    V-Cagl_ph1_pat1   -0.41175999E-01
      ->  Parameter number   10   -> Symbolic Name:                                     EtaPV_ph1_pat1    0.37002000    
      ->  Parameter number   11   -> Symbolic Name:                                     X-tan_ph1_pat1    0.22249999E-02
      ->  Parameter number   12   -> Symbolic Name:                                     Asym1_ph1_pat1    0.51910002E-01
      ->  Parameter number   13   -> Symbolic Name:                                     Asym2_ph1_pat1    0.47300002E-02
      ->  Parameter number   14   -> Symbolic Name:                                          X_Na1_ph1    0.38101000    
      ->  Parameter number   15   -> Symbolic Name:                                          Y_Na1_ph1    0.78983998    
      ->  Parameter number   16   -> Symbolic Name:                                          Z_Na1_ph1    0.10326000    
      ->  Parameter number   17   -> Symbolic Name:                                          X_Ta1_ph1    0.15934999    
      ->  Parameter number   18   -> Symbolic Name:                                          Y_Ta1_ph1    0.25600001    
      ->  Parameter number   19   -> Symbolic Name:                                          Z_Ta1_ph1    0.29563001    
      ->  Parameter number   20   -> Symbolic Name:                                           X_O1_ph1    0.21654999    
      ->  Parameter number   21   -> Symbolic Name:                                           Y_O1_ph1    0.15801001    
      ->  Parameter number   22   -> Symbolic Name:                                           Z_O1_ph1    0.46519998E-01
      ->  Parameter number   23   -> Symbolic Name:                                           X_O2_ph1    0.49860001E-01
      ->  Parameter number   24   -> Symbolic Name:                                           Y_O2_ph1    0.53837001    
      ->  Parameter number   25   -> Symbolic Name:                                           Z_O2_ph1    0.21438999    
      ->  Parameter number   26   -> Symbolic Name:                                           X_F1_ph1    0.38558999    
      ->  Parameter number   27   -> Symbolic Name:                                           Y_F1_ph1    0.46893001    
      ->  Parameter number   28   -> Symbolic Name:                                           Z_F1_ph1    0.31176001    
      ->  Parameter number   29   -> Symbolic Name:                                           X_F2_ph1    0.34108999    
      ->  Parameter number   30   -> Symbolic Name:                                           Y_F2_ph1    0.98746997    
      ->  Parameter number   31   -> Symbolic Name:                                           Z_F2_ph1    0.37007001    
  
 
 => No optimization for routine tasks
 ++++++++++++++++++++++++++++++++++++++++++++++++++++++++++++++++++++++++++++++++++++++++++++++++++++++++++++++++++++++++

 => CYCLE No.:    1
 ---------------------------------------------------------------------------------------
 => Phase  1 Name:  #(C) 2021 by FIZ Karlsruhe - Leibniz Institute for Information Infras
 ---------------------------------------------------------------------------------------
 => New parameters, shifts, and standard deviations

 Atom        x       dx      sx       y       dy      sy       z       dz      sz       B       dB      sB      occ.    docc.   socc.

 Na1      0.38102 0.00001 0.00059  0.78985 0.00001 0.00131  0.10326 0.00000 0.00073  1.11627 0.00000 0.00000  1.00000 0.00000 0.00000
 Ta1      0.15935 0.00000 0.00010  0.25600-0.00000 0.00042  0.29563-0.00000 0.00012  0.47176 0.00000 0.00000  1.00000 0.00000 0.00000
 O1       0.21654-0.00001 0.00099  0.15802 0.00001 0.00127  0.04651-0.00001 0.00140  0.58064 0.00000 0.00000  1.00000 0.00000 0.00000
 O2       0.04986 0.00000 0.00127  0.53833-0.00004 0.00186  0.21441 0.00002 0.00160  0.58064 0.00000 0.00000  1.00000 0.00000 0.00000
 F1       0.38560 0.00001 0.00119  0.46891-0.00002 0.00166  0.31174-0.00002 0.00153  1.12063 0.00000 0.00000  1.00000 0.00000 0.00000
 F2       0.34108-0.00001 0.00105  0.98747-0.00000 0.00154  0.37007-0.00000 0.00137  1.12063 0.00000 0.00000  1.00000 0.00000 0.00000

 ==> PROFILE PARAMETERS FOR PATTERN#  1

 => Overall scale factor:      0.001987951    -0.000000049     0.000003409
 => Eta(p-Voigt) or m(Pearson VII):   0.369961 -0.000059  0.011014
 => Overall tem. factor:     0.000000    0.000000    0.000000
 => Halfwidth parameters: 
         0.067557    0.000008    0.001632
        -0.041178   -0.000002    0.001156
         0.013156    0.000000    0.000201
 => Cell parameters: 
        8.148580   -0.000001    0.000083
        5.488621   -0.000002    0.000061
        7.530891   -0.000000    0.000077
       90.000000    0.000000    0.000000
      102.494728    0.000000    0.000644
       90.000000    0.000000    0.000000
 => Preferred orientation: 
         0.000000    0.000000    0.000000
         0.000000    0.000000    0.000000
 => Asymmetry parameters: 
         0.051867   -0.000043    0.002498
         0.004736    0.000006    0.000677
         0.000000    0.000000    0.000000
         0.000000    0.000000    0.000000
 => X and Y parameters: 
         0.002222   -0.000003    0.000321
         0.000000    0.000000    0.000000
 => Strain parameters: 
         0.000000    0.000000    0.000000
         0.000000    0.000000    0.000000
         0.000000    0.000000    0.000000
 => Size   parameters (G,L): 
         0.000000    0.000000    0.000000
         0.000000    0.000000    0.000000

 ==> GLOBAL PARAMETERS FOR PATTERN#  1


 => Zero-point:     0.0032   -0.0000    0.0005

 => Cos( theta)-shift parameter :   0.0000  0.0000  0.0000
 => Sin(2theta)-shift parameter :   0.0000  0.0000  0.0000

 ==> RELIABILITY FACTORS WITH ALL NON-EXCLUDED POINTS FOR PATTERN:  1

 => R-Factors:   3.59      5.00     Chi2:  11.2     DW-Stat.:  0.3352   Patt#:  1
 => Expected :            1.50                                1.9341
 => Deviance : 0.785E+05     Dev*:   11.51    
 => GoF-index:  3.3         Sqrt(Residual/N)
 => N-P+C:  6817

 =>    SumYdif       SumYobs      SumYcal      SumwYobsSQ     Residual    Condition
     0.1092E+07    0.3042E+08    0.3035E+08    0.3042E+08    0.7615E+05    0.7704E+10


 => Conventional Rietveld Rp,Rwp,Re and Chi2:   10.8      10.7      3.20      11.17    
 => (Values obtained using Ynet, but true sigma(y))
 =>  SumYnet, Sum(w Ynet**2):     0.1015E+08    0.6673E+07


 ==> RELIABILITY FACTORS FOR POINTS WITH BRAGG CONTRIBUTIONS FOR PATTERN:  1

 => R-Factors:   3.84      5.27     Chi2:  12.5     DW-Stat.:  0.3443   Patt#:
 => Expected :            1.49                                1.9301
 => Deviance : 0.764E+05     Dev*:   12.87    
 => GoF-index:  3.5         Sqrt(Residual/N)
 => N-P+C:  5939

 =>    SumYdif       SumYobs      SumYcal      SumwYobsSQ     Residual    Condition
     0.1024E+07    0.2668E+08    0.2663E+08    0.2668E+08    0.7413E+05    0.7704E+10


 => Conventional Rietveld Rp,Rwp,Re and Chi2:   10.1      10.5      2.98      12.48    
 => (Values obtained using Ynet, but true sigma(y))
 =>  SumYnet, Sum(w Ynet**2):     0.1012E+08    0.6671E+07


 => Global user-weigthed Chi2 (Bragg contrib.):   12.5    

 => ---------> Pattern#  1
 => Phase:  1
 =>    Bragg R-factor:  6.16    
 =>    RF-factor     :  4.78    


   Standard deviations have to be multiplied by: 3.3251
   (correlated residuals) See references:
  -J.F.Berar & P.Lelann, J. Appl. Cryst. 24, 1-5 (1991) 
  -J.F.Berar, Acc. in Pow. Diff. II,NIST Sp.Pub. 846, 63(1992) 

 ++++++++++++++++++++++++++++++++++++++++++++++++++++++++++++++++++++++++++++++++++++++++++++++++++++++++++++++++++++++++

 => CYCLE No.:    1
 =>  Convergence reached at this CYCLE !!!!
 =>  Parameter shifts set to zero
 ---------------------------------------------------------------------------------------
 => Phase  1 Name:  #(C) 2021 by FIZ Karlsruhe - Leibniz Institute for Information Infras
 ---------------------------------------------------------------------------------------
 => New parameters, shifts, and standard deviations

 Atom        x       dx      sx       y       dy      sy       z       dz      sz       B       dB      sB      occ.    docc.   socc.

 Na1      0.38102 0.00000 0.00059  0.78985 0.00000 0.00131  0.10326 0.00000 0.00073  1.11627 0.00000 0.00000  1.00000 0.00000 0.00000
 Ta1      0.15935 0.00000 0.00010  0.25600 0.00000 0.00042  0.29563 0.00000 0.00012  0.47176 0.00000 0.00000  1.00000 0.00000 0.00000
 O1       0.21654 0.00000 0.00099  0.15802 0.00000 0.00127  0.04651 0.00000 0.00140  0.58064 0.00000 0.00000  1.00000 0.00000 0.00000
 O2       0.04986 0.00000 0.00127  0.53833 0.00000 0.00186  0.21441 0.00000 0.00160  0.58064 0.00000 0.00000  1.00000 0.00000 0.00000
 F1       0.38560 0.00000 0.00119  0.46891 0.00000 0.00166  0.31174 0.00000 0.00153  1.12063 0.00000 0.00000  1.00000 0.00000 0.00000
 F2       0.34108 0.00000 0.00105  0.98747 0.00000 0.00154  0.37007 0.00000 0.00137  1.12063 0.00000 0.00000  1.00000 0.00000 0.00000

 ==> PROFILE PARAMETERS FOR PATTERN#  1

 => Overall scale factor:      0.001987951     0.000000000     0.000003409
 => Eta(p-Voigt) or m(Pearson VII):   0.369961  0.000000  0.011014
 => Overall tem. factor:     0.000000    0.000000    0.000000
 => Halfwidth parameters: 
         0.067557    0.000000    0.001632
        -0.041178    0.000000    0.001156
         0.013156    0.000000    0.000201
 => Cell parameters: 
        8.148580    0.000000    0.000083
        5.488621    0.000000    0.000061
        7.530891    0.000000    0.000077
       90.000000    0.000000    0.000000
      102.494728    0.000000    0.000644
       90.000000    0.000000    0.000000
 => Preferred orientation: 
         0.000000    0.000000    0.000000
         0.000000    0.000000    0.000000
 => Asymmetry parameters: 
         0.051867    0.000000    0.002498
         0.004736    0.000000    0.000677
         0.000000    0.000000    0.000000
         0.000000    0.000000    0.000000
 => X and Y parameters: 
         0.002222    0.000000    0.000321
         0.000000    0.000000    0.000000
 => Strain parameters: 
         0.000000    0.000000    0.000000
         0.000000    0.000000    0.000000
         0.000000    0.000000    0.000000
 => Size   parameters (G,L): 
         0.000000    0.000000    0.000000
         0.000000    0.000000    0.000000

 ==> GLOBAL PARAMETERS FOR PATTERN#  1


 => Zero-point:     0.0032    0.0000    0.0005

 => Cos( theta)-shift parameter :   0.0000  0.0000  0.0000
 => Sin(2theta)-shift parameter :   0.0000  0.0000  0.0000

 ==> RELIABILITY FACTORS WITH ALL NON-EXCLUDED POINTS FOR PATTERN:  1

 => R-Factors:   3.59      5.00     Chi2:  11.2     DW-Stat.:  0.3352   Patt#:  1
 => Expected :            1.50                                1.9341
 => Deviance : 0.785E+05     Dev*:   11.51    
 => GoF-index:  3.3         Sqrt(Residual/N)
 => N-P+C:  6817

 =>    SumYdif       SumYobs      SumYcal      SumwYobsSQ     Residual    Condition
     0.1092E+07    0.3042E+08    0.3035E+08    0.3042E+08    0.7615E+05    0.7704E+10


 => Conventional Rietveld Rp,Rwp,Re and Chi2:   10.8      10.7      3.20      11.17    
 => (Values obtained using Ynet, but true sigma(y))
 =>  SumYnet, Sum(w Ynet**2):     0.1015E+08    0.6673E+07

 => N-sigma of the GoF:      593.818

 ==> RELIABILITY FACTORS FOR POINTS WITH BRAGG CONTRIBUTIONS FOR PATTERN:  1

 => R-Factors:   3.84      5.27     Chi2:  12.5     DW-Stat.:  0.3443   Patt#:
 => Expected :            1.49                                1.9301
 => Deviance : 0.764E+05     Dev*:   12.87    
 => GoF-index:  3.5         Sqrt(Residual/N)
 => N-P+C:  5939

 =>    SumYdif       SumYobs      SumYcal      SumwYobsSQ     Residual    Condition
     0.1024E+07    0.2668E+08    0.2663E+08    0.2668E+08    0.7413E+05    0.7704E+10


 => Conventional Rietveld Rp,Rwp,Re and Chi2:   10.1      10.5      2.98      12.48    
 => (Values obtained using Ynet, but true sigma(y))
 =>  SumYnet, Sum(w Ynet**2):     0.1012E+08    0.6671E+07

 => N-sigma of the GoF:      625.664

 => Global user-weigthed Chi2 (Bragg contrib.):   12.8    

 => ---------> Pattern#  1
 => Phase:  1
 =>    Bragg R-factor:  6.16    
 =>    RF-factor     :  4.78    

 --------------------------------------------------------------------------------------------------------------
 Pattern#  1 Phase No.:   1 Phase name:  #(C) 2021 by FIZ Karlsruhe - 
 --------------------------------------------------------------------------------------------------------------

   No.  Code     H   K   L  Mult      Hw      ETA/M    2theta/TOF     Icalc       Iobs      Sigma     StrFactor^2    d-hkl       CORR

      1   1      1   0   0     2  0.098943  0.394649      11.112     3928.5     3501.8      9.146       9983.4189  7.955589      1.000000
      2   1      1   1   0     4  0.089742  0.413580      19.634    10380.0    10123.7     11.284      42074.0273  4.517772      1.000000
      3   1      0   1   1     4  0.089269  0.414778      20.173       17.9       46.9      3.087         76.5795  4.398289      1.000000
      4   1     -1   1   1     4  0.087954  0.418324      21.769       23.1       49.8      4.445        116.1571  4.079232      1.000000
      5   1      2   0   0     2  0.087523  0.419573      22.331     1141.0     1232.0      5.937      12074.5713  3.977795      1.000000
      6   1      0   0   2     2  0.086223  0.423701      24.189     3730.4     3654.9      7.080      46627.1367  3.676265      1.000000
      7   1      1   1   1     4  0.086127  0.424032      24.338        1.6        1.6      0.003          9.9161  3.654155      1.000000
      8   1     -1   0   2     2  0.086116  0.424071      24.356     3905.4     3857.2      6.435      49518.9414  3.651545      1.000000
      9   1      2   1   0     4  0.084333  0.431441      27.673     7318.8     7501.3     10.040      60692.3086  3.220870      1.000000
     10   1     -2   1   1     4  0.084110  0.432635      28.210       75.1       55.8      1.906        648.6675  3.160728      1.000000
     11   1      1   0   2     2  0.083868  0.434054      28.849        4.1        5.4      0.318         74.7793  3.092155      1.000000
     12   1      0   1   2     4  0.083743  0.434864      29.214     2404.6     2606.0      6.333      22368.7305  3.054417      1.000000
     13   1     -2   0   2     2  0.083724  0.434992      29.272      113.6      122.5      0.276       2123.0215  3.048518      1.000000
     14   1     -1   1   2     4  0.083697  0.435174      29.353     1301.6     1412.5      3.741      12231.3662  3.040195      1.000000
     15   1      2   1   1     4  0.083057  0.441519      32.210        9.9        0.0      3.331        113.2514  2.776840      1.000000
     16   1      0   2   0     2  0.083014  0.442391      32.602     1519.1     1457.4      5.611      35737.3828  2.744312      1.000000
     17   1      1   1   2     4  0.082969  0.443782      33.228     2915.4     3003.7      6.251      35726.0820  2.694038      1.000000
     18   1     -2   1   2     4  0.082956  0.444609      33.600     2656.7     2716.1      5.690      33346.7188  2.665032      1.000000
     19   1      3   0   0     2  0.082953  0.444990      33.772      980.8     1077.9      3.232      24894.3008  2.651863      1.000000
     20   1      1   2   0     4  0.082968  0.446707      34.545      953.1     1005.9      4.622      12703.3535  2.594297      1.000000
     21   1      0   2   1     4  0.082987  0.447423      34.867       34.1       28.4      2.248        463.1418  2.571058      1.000000
     22   1     -1   2   1     4  0.083095  0.449616      35.854        0.4        0.2      2.555          6.2548  2.502498      1.000000
     23   1      2   0   2     2  0.083240  0.451429      36.670      547.2      582.5      5.058      16603.8359  2.448646      1.000000
     24   1     -3   1   1     4  0.083368  0.452666      37.227      178.1      167.2      0.984       2792.5896  2.413317      1.000000
     25   1     -3   0   2     2  0.083371  0.452692      37.239      612.6      574.7      3.064      19226.2480  2.412565      1.000000
     26   1      1   2   1     4  0.083450  0.453356      37.537       83.4       62.4      2.324       1331.7301  2.394047      1.000000
     27   1      3   1   0     4  0.083479  0.453584      37.640        6.1        5.4      0.535         97.2460  2.387768      1.000000
     28   1     -1   1   3     4  0.084180  0.457914      39.589      204.4      208.3      4.052       3667.2700  2.274576      1.000000
     29   1      2   2   0     4  0.084309  0.458551      39.876      565.7      523.8      3.322      10313.2197  2.258886      1.000000
     30   1      0   1   3     4  0.084494  0.459419      40.266        3.1        3.5      0.027         57.2307  2.237872      1.000000
     31   1     -2   2   1     4  0.084494  0.459420      40.267        5.7        6.5      0.049        106.5880  2.237841      1.000000
     32   1      2   1   2     4  0.084509  0.459488      40.298      612.8      703.2      3.560      11434.8701  2.236199      1.000000
     33   1     -3   1   2     4  0.084778  0.460656      40.823      870.6      884.7      3.777      16717.9141  2.208617      1.000000
     34   1      0   2   2     4  0.084878  0.461064      41.007      849.4      869.6      2.952      16473.7559  2.199144      1.000000
     35   1     -1   2   2     4  0.084935  0.461295      41.111     1032.4      963.4      3.156      20134.9102  2.193818      1.000000
     36   1      3   1   1     4  0.085437  0.463188      41.963        7.4        6.8      2.007        151.8232  2.151236      1.000000
     37   1     -2   1   3     4  0.085592  0.463730      42.207       14.1        7.7      2.365        292.2347  2.139346      1.000000
     38   1      2   2   1     4  0.086331  0.466129      43.287       30.7       52.6      3.829        671.1582  2.088449      1.000000
     39   1      1   2   2     4  0.086935  0.467900      44.084       99.0      102.8      2.670       2253.3970  2.052531      1.000000
     40   1      1   1   3     4  0.086959  0.467965      44.113       21.0       22.3      0.506        478.0222  2.051224      1.000000
     41   1     -2   2   2     4  0.087171  0.468553      44.378      291.1      277.1      3.282       6725.8853  2.039616      1.000000
     42   1      4   0   0     2  0.088198  0.471206      45.572      639.4      715.7      4.977      31346.6094  1.988897      1.000000
     43   1      3   0   2     2  0.088886  0.472841      46.308      468.8      388.1      3.621      23819.9512  1.958993      1.000000
     44   1     -4   0   2     2  0.089537  0.474303      46.966      675.5      645.1      3.988      35421.1211  1.933067      1.000000
     45   1     -3   2   1     4  0.089887  0.475060      47.307       16.3       16.0      0.676        434.2715  1.919936      1.000000
     46   1     -4   1   1     4  0.090239  0.475801      47.640        0.4        0.4      0.001         11.2507  1.907263      1.000000
     47   1      3   2   0     4  0.090247  0.475817      47.647     1884.5     1942.5      5.469      51028.3438  1.906996      1.000000
     48   1     -3   1   3     4  0.090278  0.475883      47.677       37.0       38.1      0.110       1004.4339  1.905883      1.000000
     49   1     -1   0   4     2  0.090967  0.477281      48.306     1335.6     1517.2      4.832      74588.6797  1.882510      1.000000
     50   1      4   1   0     4  0.091359  0.478051      48.653      934.3     1055.9      4.107      26510.2812  1.869914      1.000000
     51   1     -1   2   3     4  0.092083  0.479428      49.273        6.8        7.1      0.434        197.4867  1.847831      1.000000
     52   1      3   1   2     4  0.092179  0.479607      49.353       73.5       73.0      1.866       2154.1423  1.844997      1.000000
     53   1      0   0   4     2  0.092416  0.480044      49.550       51.0       60.2      1.213       3016.7476  1.838133      1.000000
     54   1      0   2   3     4  0.092776  0.480696      49.844        0.6        0.6      0.002         18.9206  1.827989      1.000000
     55   1      2   2   2     4  0.092808  0.480755      49.870     1736.8     1690.4      4.890      52087.9414  1.827077      1.000000
     56   1     -2   0   4     2  0.092856  0.480840      49.908      164.1      159.4      0.477       9859.5703  1.825773      1.000000
     57   1     -4   1   2     4  0.092946  0.481001      49.981       14.7       14.7      0.052        443.5790  1.823290      1.000000
     58   1     -3   2   2     4  0.093367  0.481745      50.316     1146.3     1039.0      4.202      35069.3516  1.811940      1.000000
     59   1      2   1   3     4  0.093669  0.482269      50.552        1.6        1.7      0.043         49.0623  1.804039      1.000000
     60   1      1   3   0     4  0.094508  0.483689      51.191      667.6      618.8      4.074      21227.1094  1.783001      1.000000

   No.  Code     H   K   L  Mult      Hw      ETA/M    2theta/TOF     Icalc       Iobs      Sigma     StrFactor^2    d-hkl       CORR

     61   1     -1   1   4     4  0.094603  0.483848      51.262       12.2       10.8      0.087        390.6475  1.780683      1.000000
     62   1      3   2   1     4  0.094638  0.483905      51.288        3.5        3.2      0.026        113.3571  1.779851      1.000000
     63   1      0   3   1     4  0.094824  0.484211      51.426       66.4       59.2      1.173       2133.0962  1.775403      1.000000
     64   1     -2   2   3     4  0.094921  0.484371      51.498        6.9        5.2      0.222        221.4628  1.773099      1.000000
     65   1     -1   3   1     4  0.095828  0.485827      52.153        1.6        0.9      0.188         52.9338  1.752349      1.000000
     66   1      0   1   4     4  0.096255  0.486497      52.454      964.9      954.8      4.922      32407.8809  1.742985      1.000000
     67   1     -2   1   4     4  0.096751  0.487261      52.798      502.9      465.2      3.165      17139.6309  1.732437      1.000000
     68   1      4   1   1     4  0.096863  0.487431      52.875        0.3        0.3      0.003         10.8510  1.730110      1.000000
     69   1      1   2   3     4  0.097260  0.488031      53.145        0.6        0.1      0.074         22.2572  1.721952      1.000000
     70   1      1   3   1     4  0.097664  0.488633      53.416        0.1        0.1      0.007          3.5509  1.713850      1.000000
     71   1      1   0   4     2  0.097780  0.488804      53.493      144.1      133.3      3.006      10111.9541  1.711570      1.000000
     72   1     -3   0   4     2  0.098816  0.490308      54.170       84.8       21.3      2.961       6123.4478  1.691759      1.000000
     73   1      2   3   0     4  0.100482  0.492632      55.216     1041.8      950.2      5.401      39239.0664  1.662160      1.000000
     74   1     -4   1   3     4  0.100719  0.492954      55.361       20.7       19.8      0.122        784.4515  1.658149      1.000000
     75   1     -2   3   1     4  0.100984  0.493312      55.522       44.0       42.5      1.028       1677.4717  1.653721      1.000000
     76   1      0   3   2     4  0.101959  0.494607      56.105      319.4      289.8      2.338      12467.2510  1.637920      1.000000
     77   1     -1   3   2     4  0.102098  0.494790      56.187      224.9      216.1      1.005       8804.4688  1.635716      1.000000
     78   1     -4   2   1     4  0.102200  0.494923      56.247       35.9       37.2      0.127       1408.5770  1.634110      1.000000
     79   1      1   1   4     4  0.102210  0.494935      56.253      883.8      920.1      3.136      34696.6523  1.633966      1.000000
     80   1     -3   2   3     4  0.102256  0.494995      56.280        3.3        3.5      0.013        130.7053  1.633242      1.000000
     81   1     -3   1   4     4  0.103341  0.496390      56.908      974.4     1103.4      4.401      39250.8398  1.616703      1.000000
     82   1      4   2   0     4  0.103766  0.496928      57.150      314.7      430.0      2.174      12798.6436  1.610435      1.000000
     83   1      4   0   2     2  0.103822  0.496998      57.181       29.2       40.6      0.254       2377.9934  1.609619      1.000000
     84   1      3   2   2     4  0.104888  0.498321      57.777      611.6      742.8      3.826      25481.9902  1.594436      1.000000
     85   1      5   0   0     2  0.105127  0.498614      57.909      112.2      125.1      0.690       9392.2588  1.591118      1.000000
     86   1     -5   0   2     2  0.105130  0.498617      57.910       67.5       75.3      0.415       5648.4414  1.591080      1.000000
     87   1      2   3   1     4  0.105164  0.498659      57.929        0.4        0.5      0.003         18.7073  1.590616      1.000000
     88   1     -4   2   2     4  0.105920  0.499574      58.341      620.7      765.4      3.656      26416.7031  1.580364      1.000000
     89   1      1   3   2     4  0.106357  0.500096      58.576      679.2      719.3      2.957      29165.4004  1.574574      1.000000
     90   1     -2   3   2     4  0.106807  0.500630      58.816      849.8      813.0      3.222      36823.5742  1.568721      1.000000
     91   1      2   2   3     4  0.106880  0.500716      58.855       11.1       10.5      0.052        479.7633  1.567778      1.000000
     92   1      3   1   3     4  0.107121  0.500999      58.982        0.7        0.7      0.005         32.6496  1.564692      1.000000
     93   1     -5   1   1     4  0.107309  0.501220      59.081        1.0        1.0      0.023         41.6828  1.562301      1.000000
     94   1     -1   2   4     4  0.108105  0.502143      59.497      716.9      758.1      3.841      31863.4961  1.552377      1.000000
     95   1      2   0   4     2  0.108623  0.502736      59.764      219.0      226.8      0.995      19653.7910  1.546078      1.000000
     96   1      4   1   2     4  0.108748  0.502879      59.828      908.7      923.9      3.335      40880.9922  1.544569      1.000000
     97   1      5   1   0     4  0.110146  0.504451      60.536      526.3      560.7      1.823      24293.6133  1.528199      1.000000
     98   1     -5   1   2     4  0.110149  0.504454      60.537      855.9      911.2      2.947      39507.5000  1.528166      1.000000
     99   1      0   2   4     4  0.110233  0.504547      60.579       94.9       98.7      0.331       4385.1616  1.527208      1.000000
    100   1     -4   0   4     2  0.110493  0.504835      60.709      273.7      282.6      1.047      25428.2148  1.524259      1.000000
    101   1     -2   2   4     4  0.110864  0.505243      60.893      280.0      282.1      1.950      13089.1055  1.520097      1.000000
    102   1      4   2   1     4  0.111006  0.505398      60.962        6.7        7.2      0.082        315.0626  1.518525      1.000000
    103   1     -3   3   1     4  0.111575  0.506018      61.241       10.9        4.3      0.733        516.9259  1.512272      1.000000
    104   1      3   3   0     4  0.112163  0.506654      61.528        3.7        0.0      0.860        178.5240  1.505924      1.000000
    105   1      2   1   4     4  0.113873  0.508467      62.343       16.9        0.0      3.325        831.2432  1.488163      1.000000
    106   1     -1   3   3     4  0.115070  0.509709      62.903        0.6        0.0      0.431         30.4878  1.476273      1.000000
    107   1     -4   2   3     4  0.115806  0.510462      63.242        2.3        2.1      0.207        116.3361  1.469170      1.000000
    108   1     -4   1   4     4  0.115858  0.510515      63.265       13.1       12.3      0.929        664.6542  1.468676      1.000000
    109   1      0   3   3     4  0.116130  0.510791      63.390        6.4        6.1      0.131        325.7529  1.466096      1.000000
    110   1      2   3   2     4  0.116180  0.510842      63.412      175.4      166.0      3.148       8951.8447  1.465626      1.000000
    111   1     -3   3   2     4  0.117022  0.511689      63.794      230.3      222.0      2.749      11900.3135  1.457778      1.000000
    112   1      1   2   4     4  0.117625  0.512290      64.065      193.3      162.4      2.131      10081.3486  1.452270      1.000000
    113   1     -1   1   5     4  0.117679  0.512344      64.089        9.3        7.8      0.120        487.7220  1.451778      1.000000
    114   1      3   3   1     4  0.118902  0.513548      64.631        3.8        2.1      0.233        204.3364  1.440909      1.000000
    115   1     -3   2   4     4  0.118994  0.513638      64.671       47.9       29.1      2.061       2549.6560  1.440109      1.000000
    116   1      5   1   1     4  0.119251  0.513888      64.784       17.3       11.5      0.775        924.9144  1.437877      1.000000
    117   1     -5   1   3     4  0.119257  0.513894      64.786        8.3        5.5      0.375        445.5433  1.437822      1.000000
    118   1     -2   3   3     4  0.119315  0.513951      64.812        2.1        1.4      0.097        110.4749  1.437320      1.000000
    119   1     -2   1   5     4  0.119456  0.514087      64.873        1.8        1.0      0.112         95.2253  1.436105      1.000000
    120   1      0   1   5     4  0.121326  0.515879      65.680        3.2        0.0      2.182        178.4487  1.420411      1.000000

   No.  Code     H   K   L  Mult      Hw      ETA/M    2theta/TOF     Icalc       Iobs      Sigma     StrFactor^2    d-hkl       CORR

    121   1      1   3   3     4  0.122660  0.517133      66.244       12.5        5.9      2.710        700.7136  1.409668      1.000000
    122   1      3   2   3     4  0.123514  0.517926      66.601       21.3       14.0      2.158       1202.3553  1.402981      1.000000
    123   1     -5   2   1     4  0.123737  0.518132      66.694        4.3        0.6      0.570        243.4034  1.401256      1.000000
    124   1      4   2   2     4  0.125438  0.519684      67.392        3.6        4.9      1.395        211.0505  1.388420      1.000000
    125   1     -3   1   5     4  0.126919  0.521012      67.990        1.1        1.4      0.025         66.6089  1.377659      1.000000
    126   1      3   0   4     2  0.126929  0.521020      67.994      115.9      144.9      2.458      13680.7373  1.377592      1.000000
    127   1      5   2   0     4  0.127083  0.521157      68.056       60.6       71.8      1.041       3586.5540  1.376493      1.000000
    128   1     -5   2   2     4  0.127086  0.521160      68.057       16.4       19.4      0.282        971.4613  1.376469      1.000000
    129   1      0   4   0     2  0.127697  0.521701      68.300      335.3      335.0      2.869      39952.4414  1.372156      1.000000
    130   1     -4   3   1     4  0.129430  0.523216      68.982        0.0        0.0      0.001          1.0368  1.360245      1.000000
    131   1     -3   3   3     4  0.129504  0.523281      69.011        1.3        1.3      0.068         76.2965  1.359744      1.000000
    132   1      4   1   3     4  0.129576  0.523343      69.039        1.3        1.3      0.052         76.5597  1.359262      1.000000
    133   1      5   0   2     2  0.129897  0.523621      69.165      156.1      161.3      1.579      19071.9590  1.357108      1.000000
    134   1     -5   0   4     2  0.129908  0.523630      69.169      183.1      189.1      1.823      22372.8887  1.357038      1.000000
    135   1      1   4   0     4  0.130640  0.524260      69.452       80.5       86.0      1.152       4958.9580  1.352191      1.000000
    136   1      1   1   5     4  0.130926  0.524504      69.562        3.6        3.8      0.071        222.8313  1.350324      1.000000
    137   1      0   4   1     4  0.131150  0.524695      69.648       13.6       14.0      0.164        843.2924  1.348868      1.000000
    138   1      2   2   4     4  0.131435  0.524938      69.757      589.7      612.8      2.881      36644.4883  1.347019      1.000000
    139   1      4   3   0     4  0.131516  0.525006      69.788      191.6      199.7      0.940      11917.7090  1.346499      1.000000
    140   1     -6   0   2     2  0.131984  0.525403      69.967       64.6       68.1      0.439       8076.3652  1.343497      1.000000
    141   1     -1   4   1     4  0.132747  0.526046      70.256        7.6        8.1      0.162        478.9112  1.338673      1.000000
    142   1      3   3   2     4  0.132998  0.526256      70.351       56.3       59.2      0.604       3556.9165  1.337105      1.000000
    143   1      3   1   4     4  0.133151  0.526384      70.408      309.0      342.2      2.481      19551.3262  1.336149      1.000000
    144   1     -4   2   4     4  0.133739  0.526874      70.629      338.7      370.8      2.205      21563.4355  1.332516      1.000000
    145   1     -4   3   2     4  0.134352  0.527383      70.858       13.0       14.5      0.163        831.3748  1.328773      1.000000
    146   1      6   0   0     2  0.134823  0.527771      71.033      183.9      275.9      2.512      23681.9023  1.325932      1.000000
    147   1      1   4   1     4  0.135605  0.528412      71.321        8.1       10.4      0.230        524.4205  1.321273      1.000000
    148   1      2   3   3     4  0.135606  0.528413      71.322        1.7        2.1      0.047        108.1728  1.321266      1.000000
    149   1     -1   2   5     4  0.135845  0.528608      71.409        6.8        7.9      0.199        443.5997  1.319857      1.000000
    150   1     -6   1   1     4  0.136248  0.528937      71.557        9.2        9.8      0.079        599.4009  1.317494      1.000000
    151   1      5   1   2     4  0.136258  0.528945      71.561      163.5      174.1      1.388      10674.6738  1.317433      1.000000
    152   1     -5   1   4     4  0.136269  0.528954      71.565      218.8      232.9      1.842      14288.1953  1.317370      1.000000
    153   1     -1   3   4     4  0.137197  0.529705      71.903        7.3        7.6      0.357        478.6039  1.312007      1.000000
    154   1      5   2   1     4  0.137657  0.530075      72.069        0.3        0.3      0.025         18.7927  1.309386      1.000000
    155   1     -5   2   3     4  0.137664  0.530080      72.072        0.6        0.7      0.052         38.8515  1.309344      1.000000
    156   1     -2   2   5     4  0.137893  0.530264      72.155        1.2        1.3      0.088         78.0539  1.308047      1.000000
    157   1     -6   1   2     4  0.138441  0.530702      72.352      218.1      242.5      3.110      14543.3857  1.304971      1.000000
    158   1      2   4   0     4  0.139860  0.531826      72.858       49.0       49.0      0.593       3312.0461  1.297149      1.000000
    159   1      0   3   4     4  0.139941  0.531890      72.887      228.0      229.5      2.407      15412.0742  1.296708      1.000000
    160   1      0   2   5     4  0.140043  0.531970      72.923        3.7        3.7      0.041        251.2091  1.296155      1.000000
    161   1     -2   4   1     4  0.140605  0.532411      73.121       12.0       11.3      0.107        813.1109  1.293126      1.000000
    162   1     -2   3   4     4  0.140751  0.532525      73.172      208.7      194.9      1.865      14211.4863  1.292347      1.000000
    163   1      4   3   1     4  0.140932  0.532667      73.236        3.5        3.2      0.041        239.9387  1.291380      1.000000
    164   1     -4   1   5     4  0.141105  0.532802      73.297       19.9       18.5      0.271       1362.6316  1.290459      1.000000
    165   1      6   1   0     4  0.141408  0.533037      73.403       41.7       41.2      0.528       2855.7815  1.288856      1.000000
    166   1      0   4   2     4  0.142042  0.533529      73.624      328.5      298.2      2.146      22627.9062  1.285529      1.000000
    167   1     -1   4   2     4  0.142246  0.533687      73.695      367.8      327.1      2.361      25379.1211  1.284463      1.000000
    168   1     -3   2   5     4  0.146450  0.536879      75.132        3.2        0.0      0.815        230.1768  1.263425      1.000000
    169   1      2   4   1     4  0.146689  0.537057      75.212        9.4        1.5      1.464        676.0314  1.262275      1.000000
    170   1     -4   3   3     4  0.147036  0.537316      75.329        3.1        2.1      0.495        220.1835  1.260614      1.000000
    171   1      2   1   5     4  0.147784  0.537870      75.578        4.1        4.3      0.531        298.8944  1.257071      1.000000
    172   1     -6   1   3     4  0.148313  0.538260      75.754       12.0        9.0      0.686        870.9498  1.254593      1.000000
    173   1      1   4   2     4  0.148395  0.538320      75.781        0.9        0.7      0.043         67.0810  1.254213      1.000000
    174   1     -1   0   6     2  0.148742  0.538575      75.896       82.6       73.6      1.732      12007.9648  1.252600      1.000000
    175   1     -2   4   2     4  0.149034  0.538790      75.992        2.6        2.7      0.036        189.1017  1.251249      1.000000
    176   1      1   3   4     4  0.149330  0.539006      76.090      274.8      286.4      2.240      20071.9160  1.249889      1.000000
    177   1     -2   0   6     2  0.149383  0.539045      76.107      117.5      123.2      0.945      17173.6602  1.249647      1.000000
    178   1      4   2   3     4  0.149483  0.539118      76.140        0.3        0.3      0.003         21.3896  1.249190      1.000000
    179   1      1   2   5     4  0.151023  0.540235      76.643        5.9        5.8      0.050        433.8476  1.242242      1.000000
    180   1     -3   3   4     4  0.151052  0.540256      76.652      401.9      397.5      3.356      29721.9844  1.242111      1.000000

   No.  Code     H   K   L  Mult      Hw      ETA/M    2theta/TOF     Icalc       Iobs      Sigma     StrFactor^2    d-hkl       CORR

    181   1      3   2   4     4  0.153559  0.542048      77.459       92.4      127.0      2.690       6955.7681  1.231179      1.000000
    182   1      6   1   1     4  0.154690  0.542846      77.818        0.0        0.0      0.002          2.5896  1.226394      1.000000
    183   1      0   0   6     2  0.154922  0.543009      77.891        1.7        1.9      0.068        263.2032  1.225422      1.000000
    184   1      4   0   4     2  0.155185  0.543194      77.975       83.9       81.1      1.963      12773.6514  1.224323      1.000000
    185   1     -3   4   1     4  0.155738  0.543580      78.148       17.5       17.3      0.247       1338.1836  1.222036      1.000000
    186   1     -1   1   6     4  0.155940  0.543721      78.212      180.9      176.6      1.884      13829.4180  1.221201      1.000000
    187   1      3   4   0     4  0.156557  0.544149      78.405      191.4      190.1      1.467      14693.5361  1.218679      1.000000
    188   1     -2   1   6     4  0.156610  0.544186      78.421       30.7       30.5      0.226       2355.3474  1.218464      1.000000
    189   1      3   3   3     4  0.156711  0.544256      78.453        0.3        0.3      0.002         26.0176  1.218052      1.000000
    190   1     -3   0   6     2  0.156926  0.544405      78.520       24.0       23.9      0.162       3687.7527  1.217182      1.000000
    191   1     -5   3   1     4  0.156990  0.544449      78.540       18.7       18.8      0.126       1442.2902  1.216923      1.000000
    192   1     -6   2   1     4  0.157085  0.544515      78.569        3.3        3.3      0.022        253.6215  1.216538      1.000000
    193   1      5   2   2     4  0.157097  0.544523      78.573       77.7       78.4      0.532       5981.7480  1.216491      1.000000
    194   1     -5   2   4     4  0.157109  0.544532      78.577      181.0      182.9      1.246      13941.5830  1.216440      1.000000
    195   1      4   3   2     4  0.159112  0.545906      79.195      310.3      271.5      2.818      24200.9961  1.208486      1.000000
    196   1     -6   2   2     4  0.159581  0.546225      79.339       91.2       75.5      0.869       7131.6509  1.206658      1.000000
    197   1     -6   0   4     2  0.159678  0.546291      79.369        7.0        5.9      0.068       1102.9894  1.206282      1.000000
    198   1     -1   4   3     4  0.160581  0.546902      79.644        7.4        7.1      0.121        581.3215  1.202803      1.000000
    199   1      5   3   0     4  0.161161  0.547293      79.820      220.3      203.2      1.436      17393.1250  1.200597      1.000000
    200   1     -5   3   2     4  0.161165  0.547295      79.821      267.3      246.6      1.739      21101.6660  1.200581      1.000000
    201   1      0   4   3     4  0.162042  0.547883      80.085        2.1        2.1      0.012        165.3250  1.197280      1.000000
    202   1      2   4   2     4  0.162110  0.547929      80.106      184.6      183.4      1.005      14653.0137  1.197024      1.000000
    203   1      0   1   6     4  0.162391  0.548117      80.190      230.9      232.4      1.177      18356.7480  1.195976      1.000000
    204   1     -4   2   5     4  0.162612  0.548263      80.257        2.1        2.2      0.011        170.9810  1.195157      1.000000
    205   1      4   1   4     4  0.162666  0.548300      80.273      214.8      223.8      1.081      17101.7852  1.194955      1.000000
    206   1      6   2   0     4  0.162956  0.548492      80.360      236.1      237.2      1.129      18827.0820  1.193884      1.000000
    207   1     -3   4   2     4  0.163268  0.548699      80.453      173.1      167.7      0.929      13824.8369  1.192737      1.000000
    208   1      5   1   3     4  0.163895  0.549114      80.639        0.5        0.5      0.005         42.6831  1.190445      1.000000
    209   1     -5   1   5     4  0.163912  0.549125      80.645        2.2        2.1      0.019        172.7891  1.190383      1.000000
    210   1     -3   1   6     4  0.164484  0.549502      80.814      215.6      200.1      2.230      17337.2480  1.188312      1.000000
    211   1      3   4   1     4  0.165847  0.550395      81.216        0.1        0.1      0.008         10.3312  1.183444      1.000000
    212   1     -2   4   3     4  0.166412  0.550763      81.382        3.7        4.0      0.282        301.3193  1.181453      1.000000
    213   1      2   3   4     4  0.166573  0.550867      81.429        1.6        1.8      0.112        132.6223  1.180889      1.000000
    214   1     -6   1   4     4  0.167357  0.551375      81.657      210.5      255.1      3.219      17180.8770  1.178164      1.000000
    215   1      1   0   6     2  0.168707  0.552243      82.048       99.4      105.7      1.921      16327.0166  1.173539      1.000000
    216   1     -4   3   4     4  0.169436  0.552708      82.257       13.2       12.4      0.323       1084.1685  1.171081      1.000000
    217   1      6   0   2     2  0.170009  0.553073      82.421      147.8      167.3      2.387      24442.9590  1.169164      1.000000
    218   1      2   2   5     4  0.170212  0.553202      82.479        0.3        0.3      0.006         23.5627  1.168488      1.000000
    219   1     -6   2   3     4  0.170814  0.553583      82.651        0.0        0.1      0.001          3.9227  1.166497      1.000000
    220   1      1   4   3     4  0.170980  0.553688      82.698       10.2       10.4      0.304        844.4606  1.165952      1.000000
    221   1     -1   3   5     4  0.172051  0.554361      83.001       27.2       24.5      0.829       2268.2100  1.162461      1.000000
    222   1     -4   0   6     2  0.172335  0.554540      83.082       76.7       66.6      1.724      12818.1338  1.161541      1.000000
    223   1     -7   0   2     2  0.173172  0.555062      83.317      153.0      148.5      2.308      25669.0938  1.158860      1.000000
    224   1      3   1   5     4  0.174195  0.555698      83.603        0.3        0.3      0.013         25.7231  1.155620      1.000000
    225   1      5   3   1     4  0.174302  0.555763      83.632        1.8        1.8      0.094        150.4566  1.155287      1.000000
    226   1     -5   3   3     4  0.174311  0.555769      83.635        0.1        0.1      0.004          5.5732  1.155259      1.000000
    227   1     -2   3   5     4  0.174595  0.555945      83.714        0.0        0.0      0.004          3.2247  1.154367      1.000000
    228   1      1   1   6     4  0.176793  0.557293      84.321       41.7       49.6      2.582       3548.2866  1.147600      1.000000
    229   1      0   3   5     4  0.177266  0.557581      84.451        0.1        0.1      0.008          8.2385  1.146169      1.000000
    230   1      6   2   1     4  0.178080  0.558075      84.673        0.6        0.7      0.037         49.6272  1.143728      1.000000
    231   1      6   1   2     4  0.178154  0.558119      84.693       15.5       17.5      1.010       1326.1765  1.143508      1.000000
    232   1     -1   2   6     4  0.179507  0.558934      85.060      125.8      139.1      2.251      10823.2354  1.139512      1.000000
    233   1     -4   4   1     4  0.180191  0.559344      85.244        6.3        6.9      0.059        541.0075  1.137519      1.000000
    234   1     -2   2   6     4  0.180270  0.559391      85.265      196.8      213.3      1.717      16982.3027  1.137288      1.000000
    235   1     -3   4   3     4  0.180292  0.559404      85.271       10.2       11.0      0.087        877.8997  1.137226      1.000000
    236   1     -7   1   1     4  0.180516  0.559538      85.331        0.0        0.0      0.000          2.3957  1.136578      1.000000
    237   1      7   0   0     2  0.180538  0.559551      85.337       32.1       34.9      0.269       5550.5815  1.136513      1.000000
    238   1     -4   1   6     4  0.180587  0.559580      85.350      133.4      145.2      1.149      11524.8652  1.136373      1.000000
    239   1     -7   1   2     4  0.181462  0.560100      85.584        4.4        4.6      0.066        378.0940  1.133862      1.000000
    240   1      4   4   0     4  0.183026  0.561024      86.000      163.2      140.8      2.772      14217.6650  1.129443      1.000000

   No.  Code     H   K   L  Mult      Hw      ETA/M    2theta/TOF     Icalc       Iobs      Sigma     StrFactor^2    d-hkl       CORR

    241   1      3   4   2     4  0.185041  0.562201      86.530      172.3      162.8      2.536      15114.3818  1.123882      1.000000
    242   1     -3   3   5     4  0.185236  0.562315      86.581       16.6       15.4      0.262       1457.3408  1.123350      1.000000
    243   1      0   2   6     4  0.186877  0.563262      87.008        0.2        0.2      0.002         17.8740  1.118936      1.000000
    244   1     -4   4   2     4  0.186882  0.563266      87.009      199.8      184.8      2.336      17628.9121  1.118921      1.000000
    245   1      4   2   4     4  0.187191  0.563443      87.089       43.0       40.7      0.594       3800.9956  1.118100      1.000000
    246   1      2   4   3     4  0.188588  0.564242      87.449       11.8       11.3      0.233       1046.8752  1.114427      1.000000
    247   1      5   2   3     4  0.188597  0.564247      87.451        1.9        1.8      0.037        166.5950  1.114403      1.000000
    248   1     -5   2   5     4  0.188617  0.564258      87.456        4.3        4.1      0.084        380.8275  1.114352      1.000000
    249   1      4   3   3     4  0.189018  0.564487      87.559       14.8       15.4      0.221       1314.3633  1.113309      1.000000
    250   1      7   1   0     4  0.189174  0.564575      87.599      121.1      127.6      1.701      10758.3232  1.112904      1.000000
    251   1     -3   2   6     4  0.189271  0.564630      87.624       45.8       48.0      0.648       4068.9717  1.112653      1.000000
    252   1     -1   4   4     4  0.190754  0.565468      88.001      272.1      269.4      2.649      24269.6504  1.108855      1.000000
    253   1      1   3   5     4  0.190940  0.565573      88.048        4.5        4.4      0.049        398.2663  1.108382      1.000000
    254   1      2   0   6     2  0.191993  0.566163      88.314       57.0       57.4      0.831      10208.1992  1.105733      1.000000
    255   1     -7   1   3     4  0.192163  0.566259      88.356        0.6        0.5      0.010         49.3634  1.105307      1.000000
    256   1     -6   2   4     4  0.192564  0.566482      88.457       19.6       17.9      0.525       1758.6770  1.104308      1.000000
    257   1      3   3   4     4  0.194111  0.567341      88.844      154.4      162.4      2.494      13899.9717  1.100502      1.000000
    258   1      0   4   4     4  0.194494  0.567552      88.939       19.7       20.0      0.371       1774.4733  1.099572      1.000000
    259   1     -2   4   4     4  0.195598  0.568159      89.212       76.8       81.6      1.495       6935.7280  1.096909      1.000000
    260   1      4   4   1     4  0.195846  0.568295      89.273        0.0        0.0      0.001          3.5453  1.096318      1.000000
    261   1      5   0   4     2  0.197761  0.569338      89.743      122.5      128.0      1.383      22238.3164  1.091795      1.000000
    262   1     -5   0   6     2  0.197787  0.569352      89.749      121.3      126.9      1.344      22022.1914  1.091735      1.000000
    263   1     -6   3   1     4  0.198530  0.569754      89.930       11.0       11.9      0.110       1003.7684  1.090008      1.000000
    264   1      5   3   2     4  0.198545  0.569762      89.933       69.8       75.5      0.697       6344.6943  1.089974      1.000000
    265   1     -5   3   4     4  0.198560  0.569770      89.937       72.0       77.9      0.719       6547.2617  1.089938      1.000000
    266   1     -6   1   5     4  0.198770  0.569883      89.988        1.6        1.8      0.016        148.4190  1.089454      1.000000
    267   1      1   5   0     4  0.199655  0.570360      90.202      120.2      132.0      1.451      10954.7939  1.087422      1.000000
    268   1      0   5   1     4  0.200416  0.570767      90.386        2.9        2.9      0.059        262.6446  1.085691      1.000000
    269   1      3   2   5     4  0.200421  0.570770      90.387        1.7        1.7      0.036        157.2101  1.085680      1.000000
    270   1      2   1   6     4  0.201187  0.571178      90.571       36.2       38.5      0.604       3306.0774  1.083955      1.000000
    271   1     -6   3   2     4  0.201665  0.571432      90.685      112.4      121.4      1.838      10283.7666  1.082885      1.000000
    272   1     -1   5   1     4  0.202806  0.572037      90.957        2.9        2.9      0.045        263.0452  1.080354      1.000000
    273   1      1   2   6     4  0.203414  0.572357      91.101      249.0      247.3      2.537      22861.3887  1.079021      1.000000
    274   1     -4   4   3     4  0.204202  0.572770      91.287        0.2        0.2      0.002         15.6742  1.077305      1.000000
    275   1     -7   0   4     2  0.204608  0.572983      91.383       69.4       63.9      0.571      12764.9121  1.076427      1.000000
    276   1      6   2   2     4  0.204983  0.573179      91.471      275.5      248.8      2.086      25368.2480  1.075618      1.000000
    277   1     -4   3   5     4  0.205482  0.573439      91.588        3.8        3.3      0.040        348.7389  1.074549      1.000000
    278   1      6   3   0     4  0.205917  0.573665      91.690       25.7       23.6      0.305       2366.1902  1.073624      1.000000
    279   1      1   5   1     4  0.207089  0.574272      91.963        1.3        1.3      0.023        117.8013  1.071146      1.000000
    280   1      5   1   4     4  0.207247  0.574353      92.000        6.3        6.5      0.110        581.6306  1.070815      1.000000
    281   1     -5   1   6     4  0.207274  0.574368      92.006        0.1        0.1      0.001          5.3678  1.070758      1.000000
    282   1      1   4   4     4  0.207355  0.574409      92.025       45.0       46.9      0.756       4162.6484  1.070588      1.000000
    283   1     -7   2   1     4  0.207712  0.574593      92.108        2.2        2.3      0.033        206.4292  1.069844      1.000000
    284   1     -4   2   6     4  0.207794  0.574635      92.127       88.0       87.9      1.275       8137.1772  1.069673      1.000000
    285   1     -7   2   2     4  0.208806  0.575154      92.360      284.2      261.4      2.578      26325.9688  1.067578      1.000000
    286   1      7   1   1     4  0.208884  0.575194      92.378        0.0        0.0      0.000          1.0177  1.067417      1.000000
    287   1     -3   4   4     4  0.209728  0.575625      92.572       15.9       13.8      0.230       1471.9883  1.065688      1.000000
    288   1      2   5   0     4  0.213492  0.577524      93.427      141.7      153.8      2.997      13205.4375  1.058171      1.000000
    289   1     -7   1   4     4  0.214451  0.578002      93.642       42.7       48.3      0.854       3989.5325  1.056305      1.000000
    290   1      4   1   5     4  0.214499  0.578026      93.653        0.0        0.0      0.000          0.8765  1.056211      1.000000
    291   1     -2   5   1     4  0.214617  0.578084      93.679       13.3       15.2      0.265       1243.4850  1.055984      1.000000
    292   1      2   3   5     4  0.215105  0.578327      93.789        0.1        0.1      0.001          4.9398  1.055042      1.000000
    293   1     -2   1   7     4  0.215367  0.578457      93.847       10.0       10.7      0.270        932.3583  1.054540      1.000000
    294   1     -6   3   3     4  0.215871  0.578706      93.959        3.4        3.7      0.100        316.2873  1.053576      1.000000
    295   1      6   1   3     4  0.216099  0.578819      94.010        1.8        2.0      0.051        170.1674  1.053141      1.000000
    296   1     -1   1   7     4  0.216712  0.579120      94.146        0.1        0.1      0.002          8.6466  1.051980      1.000000
    297   1      0   5   2     4  0.216788  0.579158      94.163       82.3       91.0      1.496       7701.8232  1.051835      1.000000
    298   1     -1   5   2     4  0.217098  0.579310      94.231       46.7       51.3      0.734       4369.1113  1.051250      1.000000
    299   1      3   4   3     4  0.217563  0.579538      94.334        1.7        1.9      0.024        154.9126  1.050377      1.000000
    300   1      7   2   0     4  0.217748  0.579629      94.375      122.5      139.3      1.847      11474.4590  1.050030      1.000000

   No.  Code     H   K   L  Mult      Hw      ETA/M    2theta/TOF     Icalc       Iobs      Sigma     StrFactor^2    d-hkl       CORR

    301   1     -5   4   1     4  0.217951  0.579728      94.419        1.0        1.1      0.016         93.1203  1.049653      1.000000
    302   1      4   4   2     4  0.220906  0.581162      95.064        3.7        5.9      0.575        345.8516  1.044225      1.000000
    303   1     -7   2   3     4  0.221228  0.581317      95.134        1.5        2.4      0.250        137.1815  1.043642      1.000000
    304   1      5   4   0     4  0.223768  0.582531      95.681       20.4       21.8      1.044       1916.4967  1.039122      1.000000
    305   1     -5   4   2     4  0.223774  0.582534      95.682       14.9       16.0      0.764       1405.8114  1.039112      1.000000
    306   1      2   5   1     4  0.223848  0.582569      95.698       10.1       10.8      0.503        953.4059  1.038982      1.000000
    307   1     -3   1   7     4  0.223876  0.582582      95.704        2.0        2.2      0.100        190.7012  1.038934      1.000000
    308   1      6   3   1     4  0.225152  0.583187      95.976        2.8        2.5      0.116        262.1579  1.036709      1.000000
    309   1      1   5   2     4  0.226453  0.583799      96.251      210.4      184.7      2.404      19839.4707  1.034473      1.000000
    310   1     -1   3   6     4  0.226984  0.584048      96.364       97.1       87.4      0.858       9160.3105  1.033567      1.000000
    311   1     -2   5   2     4  0.227432  0.584257      96.458      159.2      143.8      1.391      15014.6338  1.032808      1.000000
    312   1     -2   3   6     4  0.227967  0.584506      96.570       24.7       21.9      0.247       2326.4915  1.031906      1.000000
    313   1      0   1   7     4  0.228125  0.584580      96.603        1.2        1.1      0.013        114.0447  1.031641      1.000000
    314   1      3   0   6     2  0.228675  0.584835      96.718        0.4        0.4      0.006         81.4746  1.030718      1.000000
    315   1     -6   2   5     4  0.228946  0.584961      96.775        2.3        2.0      0.039        214.0109  1.030266      1.000000
    316   1      2   4   4     4  0.231377  0.586081      97.279      127.3      134.9      1.909      12023.5576  1.026266      1.000000
    317   1      2   2   6     4  0.231779  0.586266      97.362      118.6      127.7      1.603      11204.6553  1.025612      1.000000
    318   1      7   0   2     2  0.232137  0.586429      97.435        4.5        4.8      0.069        848.8144  1.025033      1.000000
    319   1     -4   4   4     4  0.235428  0.587920      98.106      144.3      140.3      2.173      13645.4727  1.019808      1.000000
    320   1      0   3   6     4  0.236502  0.588401      98.323      138.6      144.3      1.302      13127.1816  1.018139      1.000000
    321   1      4   3   4     4  0.236910  0.588584      98.405      131.3      141.2      1.160      12445.0879  1.017509      1.000000
    322   1     -8   0   2     2  0.237235  0.588729      98.471       10.0       10.6      0.092       1898.5647  1.017009      1.000000
    323   1     -3   5   1     4  0.237767  0.588966      98.577        1.0        1.0      0.010         95.5689  1.016194      1.000000
    324   1     -6   0   6     2  0.237782  0.588972      98.580       19.2       19.5      0.184       3655.7776  1.016173      1.000000
    325   1      5   3   3     4  0.238737  0.589396      98.771        2.6        2.7      0.017        251.9992  1.014720      1.000000
    326   1     -5   3   5     4  0.238763  0.589407      98.776        0.2        0.2      0.001         15.5659  1.014682      1.000000
    327   1      5   2   4     4  0.238909  0.589472      98.805      134.4      137.1      0.814      12808.6426  1.014460      1.000000
    328   1     -5   2   6     4  0.238941  0.589486      98.811      160.5      163.7      0.961      15300.6768  1.014412      1.000000
    329   1      3   5   0     4  0.239040  0.589530      98.831        4.5        4.5      0.026        424.6270  1.014262      1.000000
    330   1     -1   4   5     4  0.239148  0.589577      98.853        4.9        5.0      0.028        467.3857  1.014100      1.000000
    331   1     -3   3   6     4  0.239614  0.589783      98.945      197.3      203.6      1.108      18847.6367  1.013398      1.000000
    332   1      3   1   6     4  0.239873  0.589897      98.997      210.1      218.0      1.248      20094.8594  1.013011      1.000000
    333   1      7   2   1     4  0.240841  0.590323      99.188        0.0        0.0      0.000          4.3867  1.011569      1.000000
    334   1      5   4   1     4  0.242364  0.590988      99.487        0.0        0.0      0.000          2.6573  1.009327      1.000000
    335   1     -5   4   3     4  0.242377  0.590994      99.490        3.1        2.8      0.052        300.1462  1.009308      1.000000
    336   1     -2   4   5     4  0.242785  0.591171      99.570        1.9        1.7      0.031        189.1465  1.008713      1.000000
    337   1      7   1   2     4  0.243544  0.591500      99.718      140.4      124.3      1.480      14260.6602  1.007612      1.000000
    338   1     -4   1   7     4  0.243659  0.591550      99.741        1.1        1.0      0.011        114.8566  1.007446      1.000000
    339   1     -6   3   4     4  0.243911  0.591659      99.790      147.9      126.1      1.474      15543.5039  1.007082      1.000000

     -----------------------------------------------------
     BRAGG R-Factors and weight fractions for Pattern #  1
     -----------------------------------------------------

 => Phase:  1      #(C) 2021 by FIZ Karlsruhe - Leibniz Institute for Information Infrastructure.  All rights reserved.
 => Bragg R-factor:   6.15       Vol:  328.838( 0.006)  Fract(%):  100.00( 0.24)
 => Rf-factor=  4.75             ATZ:        1095.733   Brindley:  1.0000

     -----------------------------------------------------------------
      SYMBOLIC NAMES AND FINAL VALUES AND SIGMA OF REFINED PARAMETERS:
     -----------------------------------------------------------------

      ->  Parameter number    1 :                                          Zero_pat1    0.32294274E-02( +/-    0.49325381E-03 )
      ->  Parameter number    2 :                                     Scale_ph1_pat1    0.19879513E-02( +/-    0.34088541E-05 )
      ->  Parameter number    3 :                                    Cell_A_ph1_pat1     8.1485796    ( +/-    0.82675171E-04 )
      ->  Parameter number    4 :                                    Cell_B_ph1_pat1     5.4886212    ( +/-    0.60667593E-04 )
      ->  Parameter number    5 :                                    Cell_C_ph1_pat1     7.5308914    ( +/-    0.76989410E-04 )
      ->  Parameter number    6 :                                    Cell_E_ph1_pat1     102.49473    ( +/-    0.64416212E-03 )
      ->  Parameter number    7 :                                    U-Cagl_ph1_pat1    0.67557290E-01( +/-    0.16321518E-02 )
      ->  Parameter number    8 :                                    W-Cagl_ph1_pat1    0.13156227E-01( +/-    0.20111474E-03 )
      ->  Parameter number    9 :                                    V-Cagl_ph1_pat1   -0.41178122E-01( +/-    0.11556942E-02 )
      ->  Parameter number   10 :                                     EtaPV_ph1_pat1    0.36996093    ( +/-    0.11013762E-01 )
      ->  Parameter number   11 :                                     X-tan_ph1_pat1    0.22216570E-02( +/-    0.32102232E-03 )
      ->  Parameter number   12 :                                     Asym1_ph1_pat1    0.51866606E-01( +/-    0.24977170E-02 )
      ->  Parameter number   13 :                                     Asym2_ph1_pat1    0.47360370E-02( +/-    0.67724404E-03 )
      ->  Parameter number   14 :                                          X_Na1_ph1    0.38101932    ( +/-    0.58667164E-03 )
      ->  Parameter number   15 :                                          Y_Na1_ph1    0.78985363    ( +/-    0.13064409E-02 )
      ->  Parameter number   16 :                                          Z_Na1_ph1    0.10326485    ( +/-    0.72670431E-03 )
      ->  Parameter number   17 :                                          X_Ta1_ph1    0.15935129    ( +/-    0.95570780E-04 )
      ->  Parameter number   18 :                                          Y_Ta1_ph1    0.25599751    ( +/-    0.42474936E-03 )
      ->  Parameter number   19 :                                          Z_Ta1_ph1    0.29562896    ( +/-    0.11822620E-03 )
      ->  Parameter number   20 :                                           X_O1_ph1    0.21654457    ( +/-    0.99165214E-03 )
      ->  Parameter number   21 :                                           Y_O1_ph1    0.15801762    ( +/-    0.12652240E-02 )
      ->  Parameter number   22 :                                           Z_O1_ph1    0.46507861E-01( +/-    0.13978055E-02 )
      ->  Parameter number   23 :                                           X_O2_ph1    0.49862310E-01( +/-    0.12694951E-02 )
      ->  Parameter number   24 :                                           Y_O2_ph1    0.53832972    ( +/-    0.18585727E-02 )
      ->  Parameter number   25 :                                           Z_O2_ph1    0.21440533    ( +/-    0.15970516E-02 )
      ->  Parameter number   26 :                                           X_F1_ph1    0.38559943    ( +/-    0.11892418E-02 )
      ->  Parameter number   27 :                                           Y_F1_ph1    0.46891463    ( +/-    0.16555784E-02 )
      ->  Parameter number   28 :                                           Z_F1_ph1    0.31174397    ( +/-    0.15338447E-02 )
      ->  Parameter number   29 :                                           X_F2_ph1    0.34108222    ( +/-    0.10544842E-02 )
      ->  Parameter number   30 :                                           Y_F2_ph1    0.98746979    ( +/-    0.15362307E-02 )
      ->  Parameter number   31 :                                           Z_F2_ph1    0.37006739    ( +/-    0.13726191E-02 )

 ------------------------------------------------------------------
 => Number of bytes for floating point variables: 4
 => Dimensions of dynamic allocated arrays in this run of FullProf:
 ------------------------------------------------------------------

 => Total approximate array memory (dynamic + static): 128536585 bytes

    MaxPOINT=    60000 Max.num. of points(+int. Inten.)/diffraction pattern       
    MaxREFLT=    20000 Max.num. of reflections/diffraction pattern               
    MaxPARAM=      300 Max.num. of refinable parameters                          
    MaxOVERL=    18096 Max.num. of overlapping reflections                       

 ----------------------------------------------------------
 => Number of bytes for floating point arrays: 4
 => Dimensions of fixed arrays in this release of FullProf:
 ----------------------------------------------------------

    NPATT   =       80 Max.num. of powder diffraction patterns                    
    NATS    =      830 Max.num. of atoms (all kind) in asymmetric unit            
    MPAR    =     1800 Max.num. of non atomic parameters/phase                    
    IEXCL   =       30 Max.num. of excluded regions                               
    IBACP   =      377 Max.num. of background points for interpolation            
    NPHT    =       16 Max.num. of phases                                         
    NMAGM   =        8 Max.num. of rotation-matrices sets for magnetic structure  
    NBASIS  =       12 Max.num. of basis functions associated to a single atom    
    NIREPS  =        9 Max.num. of irreducible representations to be combined     
    N_EQ    =      384 Max.num. of user-supplied symmetry operators/propagation vectors
    NGL     =      400 Max.num. of global parameters/diffraction pattern          
    N_LINC  =       50 Max.num. of global linear restraints                        
    NAT_P   =       80 Max.num. of atomic parameters per atom                     
    NCONST  =      500 Max.num. of slack constraints per phase                    
    N_SPE   =       30 Max.num. of different chemical species                     
    N_FORM  =       60 Max.num. of scattering factor values in a table            
    NPR     =      150 Max.num. of points defining a numerical profile            
    INPR    =       25 Max.num. of different numerical peak shapes                
    NPRC    =      150 Max.num. of terms in the table for correcting intensities  
    NSOL    =       10 Max.num. of solutions to be stored in Montecarlo searchs   

 
              CPU Time:     1.062 seconds
                            0.018 minutes

 => Run finished at:     Date: 08/02/2023  Time: 11:21:47.235                              
