

        **********************************************************
        ** PROGRAM FullProf.2k (Version 7.30 - Mar2020-ILL JRC) **
        **********************************************************
                       M U L T I -- P A T T E R N                 
            Rietveld, Profile Matching & Integrated Intensity     
                 Refinement of X-ray and/or Neutron Data


    Date: 03/02/2023  Time: 17:37:41.267                              

 => PCR file code: NaNbO2F2
 => DAT file code: NaNbO2F2.dat         -> Relative contribution: 1.0000                                                            

 ==> CONDITIONS OF THIS RUN FOR PATTERN No.:  1

 => Global Refinement of X-ray powder diffraction data                                                                              
 => Global Refinement of X-ray powder diffraction data                                                                              
    Bragg-Brentano(X-rays) or Debye-Scherrer geometry(Neutrons)
 => Title:  #(C) 2021 by FIZ Karlsruhe - Leibniz Institute for Information Infrastructure.  All rights reserved.

 => Number of phases:    1
 => Number of excluded regions:    1
 => Number of scattering factors supplied:    0
 => Conventional weights: w=1.0/Variance(yobs)
 => Asymmetry correction as in J.Appl.Cryst. 26,128(1993)
 => Background linearly interpolated between the   23 points given
 => The    5th default profile function was selected
 => Pseudo-Voigt function (ETA variable)
                 X-parameter correspond to: ETA=ETA0+X*2theta
                       pV(x)= ETA*L(x)+(1-ETA)*G(x)

 ==> INPUT/OUTPUT OPTIONS:

 => Generate file *.PRF for plot
 => Output Integrated Intensities
 => Generate new input file *.PCR

 => X-Y type of data: 2theta/TOF/E(Kev) Intens sigma for pattern:  1
 => Plot pattern at each cycle
 => Wavelengths:  1.54056 1.54439
 => Alpha2/Alpha1 ratio:   0.5000
 => Cos(Monochromator angle)=   0.9100
 => Asymmetry correction for angles lower than   90.000 degrees
 => Absorption correction (AC), muR-eff =   0.0000  0.0000
 => Base of peaks: 2.0*HW*    8.00

 => Number of cycles:   33
 => Relaxation factors ==>    for coordinates:  1.00
 => for anisotropic temperature factors:  1.00
 => for halfwidth/strain/size parameters:  1.00
 => for lattice constants and propagation vectors:  1.00
 => EPS-value for convergence:    0.1
 => Background ==> 
    Position   Intensity
       10.12     7519.21        0.00
       12.34     7950.17        0.00
       13.81     7905.85        0.00
       15.66     7716.94        0.00
       18.30     7249.57        0.00
       21.08     7390.23        0.00
       25.26     7296.93        0.00
       30.04     7128.76        0.00
       35.48     6509.13        0.00
       38.37     6430.60        0.00
       42.34     6363.02        0.00
       45.45     6514.54        0.00
       54.17     6403.35        0.00
       62.38     6091.42        0.00
       67.13     5934.96        0.00
       75.26     6005.81        0.00
       78.24     5783.69        0.00
       82.08     5845.77        0.00
       86.12     5798.54        0.00
       90.78     5742.35        0.00

       93.43     5760.14        0.00
       96.56     5738.81        0.00
       99.94     5666.35        0.00

 

 => Excluded regions for Pattern#  1
    From     to
     14.0000     18.0000

 => Number of Least-Squares parameters varied:    32

 =>--------------------------->
 =>------->  PATTERN number:  1
 =>--------------------------->
 => Global parameters and codes ==>
 => Zero-point:     0.0046   11.0000
 => Displacement peak-shift parameter and code:     0.00    0.00
 => Transparency peak-shift parameter and code:     0.00    0.00

 => Reading Intensity data  =>>

 -> No recognizable heading in input data file X,Y,sigma
    First 6 lines are considered as COMMENTS (except for TSAMP keyword)
 -> COMMENT: 10.0116	7619.00000                                                                                                                  
 -> COMMENT: 10.0247	7491.00000                                                                                                                  
 -> COMMENT: 10.0379	7550.00000                                                                                                                  
 -> COMMENT: 10.0510	7635.00000                                                                                                                  
 -> COMMENT: 10.0641	7534.00000                                                                                                                  
 -> COMMENT: 10.0772	7560.00000                                                                                                                  
 ==> Angular range, step and number of points:
     2Thmin:      10.090400  2Thmax:      99.993401  Step:       0.013132  No. of points:   6848
 --------------------------------------------------------------------------------
 => Phase  No. 1
       #(C) 2021 by FIZ Karlsruhe - Leibniz Institute for Information Infras
 --------------------------------------------------------------------------------
 =>-------> Pattern#  1
 => Crystal Structure Refinement
 => Preferred orientation vector:   1.0000  0.0000  0.0000

 =>-------> Data for PHASE: 1
 => Number of atoms:    6
 => Number of distance  constraints:    0
 => Number of angle     constraints:    0

 => Symmetry information on space group: P 1 21/c 1          
 -> The multiplicity of the general position is:   4
 -> The space group is Centric (-1 at origin)   
 -> Lattice type  P: { 000 }                                       
 -> Reduced set of symmetry operators:

  No.  IT   Symmetry symbol    Rotation part     Associated Translation
   1: ( 1)   1            -->     ( x, y, z) + {  0.0000  0.0000  0.0000}
   2: ( 3)   2 ( 0, y, 0) -->     (-x, y,-z) + {  0.0000  0.5000  0.5000}


        Information on Space Group: 
        --------------------------- 

 =>   Number of Space group:  14
 =>  Hermann-Mauguin Symbol: P 1 21/c 1
 =>             Hall Symbol: -P 2ybc
 =>    Table Setting Choice: b1
 =>            Setting Type: IT (Generated from Hermann-Mauguin symbol)
 =>          Crystal System: Monoclinic
 =>              Laue Class: 2/m
 =>             Point Group: 2/m
 =>         Bravais Lattice: P
 =>          Lattice Symbol: mP
 =>  Reduced Number of S.O.:   2
 =>    General multiplicity:   4
 =>          Centrosymmetry: Centric (-1 at origin)
 =>  Generators (exc. -1&L):   1
 =>         Asymmetric unit:  0.000 <= x <=  1.000
                              0.000 <= y <=  0.250
                              0.000 <= z <=  1.000

 => List of S.O. without inversion and lattice centring translations
 => SYMM(  1): x,y,z                               => SYMM(  2): -x,y+1/2,-z+1/2


 => Initial parameters ==>
 Atom    Ntyp                  X         Y         Z         B         occ.         in  fin  Spc  Mult
                             B11       B22       B33       B12       B13       B23
 Na1    Na                 0.37029   0.78902   0.11709   1.12908   1.00000           0    0    0    4
                 Codes:  151.00000 161.00000 171.00000   0.00000   0.00000
 Nb1    Nb                 0.15520   0.25587   0.31734   1.31779   1.00000           0    0    0    4
                 Codes:  181.00000 191.00000 201.00000   0.00000   0.00000
 O1     O                  0.18167   0.16592   0.05710   1.45281   1.00000           0    0    0    4
                 Codes:  211.00000 221.00000 231.00000   0.00000   0.00000
 O2     O                  0.06984   0.58746   0.23546   1.45281   1.00000           0    0    0    4
                 Codes:  241.00000 251.00000 261.00000   0.00000   0.00000
 F1     F                  0.36405   0.42769   0.30758   1.79232   1.00000           0    0    0    4
                 Codes:  271.00000 281.00000 291.00000   0.00000   0.00000
 F2     F                  0.31689   0.97898   0.38149   1.79232   1.00000           0    0    0    4
                 Codes:  301.00000 311.00000 321.00000   0.00000   0.00000

 => IT IS ASSUMED THAT THE FIRST GIVEN SITE IS FULLY OCCUPIED 
    OR THE FIRST AND SECOND ATOMS ARE IN THE SAME SITE WITH TOTAL FULL OCCUPATION
  (If this is not the case, change the order of atoms to obtain correct values for the content of the unit cell)
    The given occupation factors have been obtained mutiplying m/M by   1.0000
      -> Atom: Na  ,  Chemical element: NA  Atomic Mass:    22.9898
      -> Atom: Nb  ,  Chemical element: NB  Atomic Mass:    92.9064
      -> Atom: O   ,  Chemical element: O   Atomic Mass:    15.9994
      -> Atom: O   ,  Chemical element: O   Atomic Mass:    15.9994
      -> Atom: F   ,  Chemical element: F   Atomic Mass:    18.9984
      -> Atom: F   ,  Chemical element: F   Atomic Mass:    18.9984
 => The given value of ATZ is        743.57 the program has calculated:         743.57
    The value of ATZ given in the input PCR file will be used for quantitative analysis
 => The chemical content of the unit cell is: 
       4.0000 Na   +   4.0000 Nb   +   4.0000 O    +   4.0000 O    +   4.0000 F    +   4.0000 F      
 => The normalized site occupation numbers in % are: 
     100.0000 Na1    :      100.0000 Nb1    :      100.0000 O1     :      100.0000 O2     :      100.0000 F1     :      100.0000 F2       
 => The density (volumic mass) of the compound is:    3.774 g/cm3

 =>-------> PROFILE PARAMETERS FOR PATTERN:  1

 => Overall scale factor:   0.643020E-02
 => ETA (p-Voigt) OR M (Pearson VII):   0.4510
 => Overall temperature factor:      0.00000
 => Halfwidth U,V,W:      0.03678    -0.01044     0.00619
 => X and Y parameters:       0.0023      0.0000
 => Direct cell parameters:    8.0495   5.4413   7.6424  90.0000 102.2233  90.0000
 => Preferred orientation parameters:  -0.3967  0.0000
 => Asymmetry parameters     :      0.02608     0.01396     0.00000     0.00000
 => Strain parameters        :      0.00000     0.00000     0.00000
 => Size   parameters        :      0.00000     0.00000

 ==> CODEWORDS FOR PROFILE PARAMETERS of PATTERN#  1

 => Overall scale factor:   21.000
 => ETA (p-Voigt) OR M (Pearson VII):  101.000
 => Overall temperature factor:    0.000
 => Halfwidth U,V,W:   71.000  91.000  81.000
 => X and Y parameters:  111.000   0.000
 => Direct cell parameters:   31.000  41.000  51.000   0.000  61.000   0.000
 => Preferred orientation parameters:  141.000   0.000
 => Asymmetry parameters     :  121.000 131.000   0.000   0.000
 => Strain parameters        :    0.000   0.000   0.000
 => Size   parameters        :    0.000   0.000

 => Cell constraints according to Laue symmetry: 2/m  

        Metric information:
        -------------------

 => Direct cell parameters:

         a =       8.0495      b =       5.4413      c =       7.6424
     alpha =       90.000   beta =      102.223  gamma =       90.000
                        Direct Cell Volume =     327.1433

 => Reciprocal cell parameters:

         a*=     0.127113      b*=     0.183781      c*=     0.133885
     alpha*=       90.000   beta*=       77.777  gamma*=       90.000
                    Reciprocal Cell Volume =   0.00305676

 => Direct and Reciprocal Metric Tensors:

                   GD                                       GR
     64.7946      0.0000    -13.0246          0.016158    0.000000    0.003603
      0.0000     29.6074      0.0000          0.000000    0.033775    0.000000
    -13.0246      0.0000     58.4057          0.003603    0.000000    0.017925

 =>  Cartesian frame: z // c; y is in the bc-plane; x is y ^ z = a*  

     Crystal_to_Orthonormal_Matrix              Orthonormal_to_Crystal Matrix
              Cr_Orth_cel                               Orth_Cr_cel  
      8.0495      0.0000     -1.6181          0.124231   -0.000000    0.026913
      0.0000      5.4413      0.0000          0.000000    0.183781   -0.000000
      0.0000      0.0000      7.4691          0.000000    0.000000    0.133885

     Busing-Levy B-matrix: Hc=B.H            Inverse of the Busing-Levy B-matrix
                BL_M                                      BL_Minv  
    0.127113    0.000000    0.028346            7.8670     -0.0000     -1.7043
    0.000000    0.183781   -0.000000            0.0000      5.4413      0.0000
    0.000000    0.000000    0.130850            0.0000      0.0000      7.6424

 => Laue symmetry 2/m   will be used to generate HKL for pattern#   1
 => Reflections generated between S(1/d)min:  0.1139 A-1 and S(1/d)max:  1.0111 A-1
 =>                                    dmax:  8.7808 A   and      dmin:  0.9890 A
 => The number of reflections generated is:    356
 => The max. scatt. variable (gen.ref.) is:       102.3100
 => Scattering coefficients from internal table


 => X-ray scattering coeff. (A1, B1, A2,...C, f(0), Z, Dfp,Dfpp)

 NA      4.7626   3.2850   3.1736   8.8422   1.2674   0.3136   1.1128 129.4240   0.6760  10.9924  11.0000   0.1290   0.1240
 NB     17.6142   1.1887  12.0144  11.7660   4.0418   0.2048   3.5335  69.7957   3.7559  40.9598  41.0000  -0.2480   2.4820
 O       3.0485  13.2771   2.2868   5.7011   1.5463   0.3239   0.8670  32.9089   0.2508   7.9994   8.0000   0.0470   0.0320
 F       3.5392  10.2825   2.6412   4.2944   1.5170   0.2615   1.0243  26.1476   0.2776   8.9993   9.0000   0.0690   0.0530

     --------------------------------------------------------------
      SYMBOLIC NAMES AND INITIAL VALUES OF PARAMETERS TO BE VARIED:
     --------------------------------------------------------------

      ->  Parameter number    1   -> Symbolic Name:                                          Zero_pat1    0.46000001E-02
      ->  Parameter number    2   -> Symbolic Name:                                     Scale_ph1_pat1    0.64301998E-02
      ->  Parameter number    3   -> Symbolic Name:                                    Cell_A_ph1_pat1     8.0495119    
      ->  Parameter number    4   -> Symbolic Name:                                    Cell_B_ph1_pat1     5.4412642    
      ->  Parameter number    5   -> Symbolic Name:                                    Cell_C_ph1_pat1     7.6423602    
      ->  Parameter number    6   -> Symbolic Name:                                    Cell_E_ph1_pat1     102.22330    
      ->  Parameter number    7   -> Symbolic Name:                                    U-Cagl_ph1_pat1    0.36777001E-01
      ->  Parameter number    8   -> Symbolic Name:                                    W-Cagl_ph1_pat1    0.61909999E-02
      ->  Parameter number    9   -> Symbolic Name:                                    V-Cagl_ph1_pat1   -0.10444000E-01
      ->  Parameter number   10   -> Symbolic Name:                                     EtaPV_ph1_pat1    0.45100999    
      ->  Parameter number   11   -> Symbolic Name:                                     X-tan_ph1_pat1    0.22519999E-02
      ->  Parameter number   12   -> Symbolic Name:                                     Asym1_ph1_pat1    0.26079999E-01
      ->  Parameter number   13   -> Symbolic Name:                                     Asym2_ph1_pat1    0.13960000E-01
      ->  Parameter number   14   -> Symbolic Name:                                       Or1_ph1_pat1   -0.39673999    
      ->  Parameter number   15   -> Symbolic Name:                                          X_Na1_ph1    0.37029001    
      ->  Parameter number   16   -> Symbolic Name:                                          Y_Na1_ph1    0.78902000    
      ->  Parameter number   17   -> Symbolic Name:                                          Z_Na1_ph1    0.11709000    
      ->  Parameter number   18   -> Symbolic Name:                                          X_Nb1_ph1    0.15520000    
      ->  Parameter number   19   -> Symbolic Name:                                          Y_Nb1_ph1    0.25587001    
      ->  Parameter number   20   -> Symbolic Name:                                          Z_Nb1_ph1    0.31733999    
      ->  Parameter number   21   -> Symbolic Name:                                           X_O1_ph1    0.18167000    
      ->  Parameter number   22   -> Symbolic Name:                                           Y_O1_ph1    0.16592000    
      ->  Parameter number   23   -> Symbolic Name:                                           Z_O1_ph1    0.57100002E-01
      ->  Parameter number   24   -> Symbolic Name:                                           X_O2_ph1    0.69839999E-01
      ->  Parameter number   25   -> Symbolic Name:                                           Y_O2_ph1    0.58745998    
      ->  Parameter number   26   -> Symbolic Name:                                           Z_O2_ph1    0.23546000    
      ->  Parameter number   27   -> Symbolic Name:                                           X_F1_ph1    0.36405000    
      ->  Parameter number   28   -> Symbolic Name:                                           Y_F1_ph1    0.42769000    
      ->  Parameter number   29   -> Symbolic Name:                                           Z_F1_ph1    0.30757999    
      ->  Parameter number   30   -> Symbolic Name:                                           X_F2_ph1    0.31689000    
      ->  Parameter number   31   -> Symbolic Name:                                           Y_F2_ph1    0.97898000    
      ->  Parameter number   32   -> Symbolic Name:                                           Z_F2_ph1    0.38148999    
  
 
 => No optimization for routine tasks
 ++++++++++++++++++++++++++++++++++++++++++++++++++++++++++++++++++++++++++++++++++++++++++++++++++++++++++++++++++++++++

 => CYCLE No.:    1
 ---------------------------------------------------------------------------------------
 => Phase  1 Name:  #(C) 2021 by FIZ Karlsruhe - Leibniz Institute for Information Infras
 ---------------------------------------------------------------------------------------
 => New parameters, shifts, and standard deviations

 Atom        x       dx      sx       y       dy      sy       z       dz      sz       B       dB      sB      occ.    docc.   socc.

 Na1      0.37029-0.00000 0.00046  0.78902-0.00000 0.00126  0.11709 0.00000 0.00064  1.12908 0.00000 0.00000  1.00000 0.00000 0.00000
 Nb1      0.15520 0.00000 0.00014  0.25588 0.00001 0.00059  0.31734-0.00000 0.00021  1.31779 0.00000 0.00000  1.00000 0.00000 0.00000
 O1       0.18167-0.00000 0.00087  0.16593 0.00001 0.00134  0.05711 0.00001 0.00143  1.45281 0.00000 0.00000  1.00000 0.00000 0.00000
 O2       0.06981-0.00003 0.00078  0.58735-0.00011 0.00167  0.23544-0.00002 0.00111  1.45281 0.00000 0.00000  1.00000 0.00000 0.00000
 F1       0.36405-0.00000 0.00077  0.42764-0.00005 0.00122  0.30759 0.00001 0.00101  1.79232 0.00000 0.00000  1.00000 0.00000 0.00000
 F2       0.31687-0.00002 0.00075  0.97895-0.00003 0.00111  0.38149-0.00000 0.00103  1.79232 0.00000 0.00000  1.00000 0.00000 0.00000

 ==> PROFILE PARAMETERS FOR PATTERN#  1

 => Overall scale factor:      0.006428455    -0.000001745     0.000027605
 => Eta(p-Voigt) or m(Pearson VII):   0.450892 -0.000118  0.013886
 => Overall tem. factor:     0.000000    0.000000    0.000000
 => Halfwidth parameters: 
         0.036769   -0.000008    0.001843
        -0.010458   -0.000014    0.001098
         0.006191   -0.000000    0.000156
 => Cell parameters: 
        8.049511   -0.000001    0.000108
        5.441264    0.000000    0.000094
        7.642361    0.000001    0.000113
       90.000000    0.000000    0.000000
      102.223305    0.000000    0.001004
       90.000000    0.000000    0.000000
 => Preferred orientation: 
        -0.396680    0.000060    0.003757
         0.000000    0.000000    0.000000
 => Asymmetry parameters: 
         0.026061   -0.000019    0.003309
         0.013958   -0.000002    0.000651
         0.000000    0.000000    0.000000
         0.000000    0.000000    0.000000
 => X and Y parameters: 
         0.002239   -0.000013    0.000472
         0.000000    0.000000    0.000000
 => Strain parameters: 
         0.000000    0.000000    0.000000
         0.000000    0.000000    0.000000
         0.000000    0.000000    0.000000
 => Size   parameters (G,L): 
         0.000000    0.000000    0.000000
         0.000000    0.000000    0.000000

 ==> GLOBAL PARAMETERS FOR PATTERN#  1


 => Zero-point:     0.0046    0.0000    0.0007

 => Cos( theta)-shift parameter :   0.0000  0.0000  0.0000
 => Sin(2theta)-shift parameter :   0.0000  0.0000  0.0000

 ==> RELIABILITY FACTORS WITH ALL NON-EXCLUDED POINTS FOR PATTERN:  1

 => R-Factors:   2.31      3.35     Chi2:  8.41     DW-Stat.:  0.3820   Patt#:  1
 => Expected :            1.16                                1.9331
 => Deviance : 0.556E+05     Dev*:   8.541    
 => GoF-index:  2.9         Sqrt(Residual/N)
 => N-P+C:  6510

 =>    SumYdif       SumYobs      SumYcal      SumwYobsSQ     Residual    Condition
     0.1128E+07    0.4874E+08    0.4869E+08    0.4874E+08    0.5473E+05    0.8409E+10


 => Conventional Rietveld Rp,Rwp,Re and Chi2:   16.0      12.4      4.26      8.407    
 => (Values obtained using Ynet, but true sigma(y))
 =>  SumYnet, Sum(w Ynet**2):     0.7065E+07    0.3587E+07


 ==> RELIABILITY FACTORS FOR POINTS WITH BRAGG CONTRIBUTIONS FOR PATTERN:  1

 => R-Factors:   2.40      3.47     Chi2:  9.02     DW-Stat.:  0.3946   Patt#:
 => Expected :            1.16                                1.9301
 => Deviance : 0.538E+05     Dev*:   9.171    
 => GoF-index:  3.0         Sqrt(Residual/N)
 => N-P+C:  5871

 =>    SumYdif       SumYobs      SumYcal      SumwYobsSQ     Residual    Condition
     0.1056E+07    0.4400E+08    0.4396E+08    0.4400E+08    0.5298E+05    0.8409E+10


 => Conventional Rietveld Rp,Rwp,Re and Chi2:   15.0      12.2      4.05      9.024    
 => (Values obtained using Ynet, but true sigma(y))
 =>  SumYnet, Sum(w Ynet**2):     0.7061E+07    0.3585E+07


 => Global user-weigthed Chi2 (Bragg contrib.):   9.02    

 => ---------> Pattern#  1
 => Phase:  1
 =>    Bragg R-factor:  7.76    
 =>    RF-factor     :  7.90    


   Standard deviations have to be multiplied by: 3.3501
   (correlated residuals) See references:
  -J.F.Berar & P.Lelann, J. Appl. Cryst. 24, 1-5 (1991) 
  -J.F.Berar, Acc. in Pow. Diff. II,NIST Sp.Pub. 846, 63(1992) 

 ++++++++++++++++++++++++++++++++++++++++++++++++++++++++++++++++++++++++++++++++++++++++++++++++++++++++++++++++++++++++

 => CYCLE No.:    1
 =>  Convergence reached at this CYCLE !!!!
 =>  Parameter shifts set to zero
 ---------------------------------------------------------------------------------------
 => Phase  1 Name:  #(C) 2021 by FIZ Karlsruhe - Leibniz Institute for Information Infras
 ---------------------------------------------------------------------------------------
 => New parameters, shifts, and standard deviations

 Atom        x       dx      sx       y       dy      sy       z       dz      sz       B       dB      sB      occ.    docc.   socc.

 Na1      0.37029 0.00000 0.00046  0.78902 0.00000 0.00126  0.11709 0.00000 0.00064  1.12908 0.00000 0.00000  1.00000 0.00000 0.00000
 Nb1      0.15520 0.00000 0.00014  0.25588 0.00000 0.00059  0.31734 0.00000 0.00021  1.31779 0.00000 0.00000  1.00000 0.00000 0.00000
 O1       0.18167 0.00000 0.00087  0.16593 0.00000 0.00134  0.05711 0.00000 0.00143  1.45281 0.00000 0.00000  1.00000 0.00000 0.00000
 O2       0.06981 0.00000 0.00078  0.58735 0.00000 0.00167  0.23544 0.00000 0.00111  1.45281 0.00000 0.00000  1.00000 0.00000 0.00000
 F1       0.36405 0.00000 0.00077  0.42764 0.00000 0.00122  0.30759 0.00000 0.00101  1.79232 0.00000 0.00000  1.00000 0.00000 0.00000
 F2       0.31687 0.00000 0.00075  0.97895 0.00000 0.00111  0.38149 0.00000 0.00103  1.79232 0.00000 0.00000  1.00000 0.00000 0.00000

 ==> PROFILE PARAMETERS FOR PATTERN#  1

 => Overall scale factor:      0.006428455     0.000000000     0.000027605
 => Eta(p-Voigt) or m(Pearson VII):   0.450892  0.000000  0.013886
 => Overall tem. factor:     0.000000    0.000000    0.000000
 => Halfwidth parameters: 
         0.036769    0.000000    0.001843
        -0.010458    0.000000    0.001098
         0.006191    0.000000    0.000156
 => Cell parameters: 
        8.049511    0.000000    0.000108
        5.441264    0.000000    0.000094
        7.642361    0.000000    0.000113
       90.000000    0.000000    0.000000
      102.223305    0.000000    0.001004
       90.000000    0.000000    0.000000
 => Preferred orientation: 
        -0.396680    0.000000    0.003757
         0.000000    0.000000    0.000000
 => Asymmetry parameters: 
         0.026061    0.000000    0.003309
         0.013958    0.000000    0.000651
         0.000000    0.000000    0.000000
         0.000000    0.000000    0.000000
 => X and Y parameters: 
         0.002239    0.000000    0.000472
         0.000000    0.000000    0.000000
 => Strain parameters: 
         0.000000    0.000000    0.000000
         0.000000    0.000000    0.000000
         0.000000    0.000000    0.000000
 => Size   parameters (G,L): 
         0.000000    0.000000    0.000000
         0.000000    0.000000    0.000000

 ==> GLOBAL PARAMETERS FOR PATTERN#  1


 => Zero-point:     0.0046    0.0000    0.0007

 => Cos( theta)-shift parameter :   0.0000  0.0000  0.0000
 => Sin(2theta)-shift parameter :   0.0000  0.0000  0.0000

 ==> RELIABILITY FACTORS WITH ALL NON-EXCLUDED POINTS FOR PATTERN:  1

 => R-Factors:   2.31      3.35     Chi2:  8.41     DW-Stat.:  0.3820   Patt#:  1
 => Expected :            1.16                                1.9331
 => Deviance : 0.556E+05     Dev*:   8.541    
 => GoF-index:  2.9         Sqrt(Residual/N)
 => N-P+C:  6510

 =>    SumYdif       SumYobs      SumYcal      SumwYobsSQ     Residual    Condition
     0.1128E+07    0.4874E+08    0.4869E+08    0.4874E+08    0.5473E+05    0.8409E+10


 => Conventional Rietveld Rp,Rwp,Re and Chi2:   16.0      12.4      4.26      8.407    
 => (Values obtained using Ynet, but true sigma(y))
 =>  SumYnet, Sum(w Ynet**2):     0.7065E+07    0.3587E+07

 => N-sigma of the GoF:      422.569

 ==> RELIABILITY FACTORS FOR POINTS WITH BRAGG CONTRIBUTIONS FOR PATTERN:  1

 => R-Factors:   2.40      3.47     Chi2:  9.02     DW-Stat.:  0.3946   Patt#:
 => Expected :            1.16                                1.9301
 => Deviance : 0.538E+05     Dev*:   9.171    
 => GoF-index:  3.0         Sqrt(Residual/N)
 => N-P+C:  5871

 =>    SumYdif       SumYobs      SumYcal      SumwYobsSQ     Residual    Condition
     0.1056E+07    0.4400E+08    0.4396E+08    0.4400E+08    0.5298E+05    0.8409E+10


 => Conventional Rietveld Rp,Rwp,Re and Chi2:   15.0      12.2      4.05      9.024    
 => (Values obtained using Ynet, but true sigma(y))
 =>  SumYnet, Sum(w Ynet**2):     0.7061E+07    0.3585E+07

 => N-sigma of the GoF:      434.739

 => Global user-weigthed Chi2 (Bragg contrib.):   9.32    

 => ---------> Pattern#  1
 => Phase:  1
 =>    Bragg R-factor:  7.76    
 =>    RF-factor     :  7.90    

 --------------------------------------------------------------------------------------------------------------
 Pattern#  1 Phase No.:   1 Phase name:  #(C) 2021 by FIZ Karlsruhe - 
 --------------------------------------------------------------------------------------------------------------

   No.  Code     H   K   L  Mult      Hw      ETA/M    2theta/TOF     Icalc       Iobs      Sigma     StrFactor^2    d-hkl       CORR

      1   1      1   0   0     2  0.074293  0.476049      11.238     4851.2     4754.0      9.799       3912.4807  7.867029      1.000000
      2   1      1   1   0     4  0.074087  0.495267      19.823     7171.5     7008.8     10.801      13316.4199  4.475133      0.690744
      3   1      0   1   1     4  0.074141  0.496053      20.174       15.5       28.9      3.293         47.3097  4.397973      0.436343
      4   1     -1   1   1     4  0.074471  0.499851      21.871        2.9       43.3      5.604          7.8422  4.060487      0.587343
      5   1      2   0   0     2  0.074646  0.501452      22.586     1890.8     1982.0      8.450       6355.0435  3.933514      1.000000
      6   1      0   0   2     2  0.074991  0.504184      23.806     1697.0     1729.6      6.991      13224.1689  3.734553      0.481393
      7   1     -1   0   2     2  0.075082  0.504838      24.098     2576.0     2490.9      6.701      19540.5332  3.689924      0.507276
      8   1      1   1   1     4  0.075169  0.505439      24.367       22.5       25.1      2.809         64.3052  3.649913      0.689822
      9   1      2   1   0     4  0.076621  0.513496      27.966     7726.4     7591.2     11.136      23748.9141  3.187786      0.856039
     10   1     -2   1   1     4  0.076866  0.514627      28.471       30.6       25.9      0.749        106.6829  3.132375      0.783214
     11   1      1   0   2     2  0.076891  0.514739      28.521       97.1       88.5      1.733        766.7800  3.126970      0.694552
     12   1      0   1   2     4  0.077121  0.515754      28.974     2549.0     2660.0      6.963      15652.3682  3.079096      0.461886
     13   1     -1   1   2     4  0.077249  0.516300      29.218      235.5      255.2      1.719       1407.0233  3.053939      0.483165
     14   1     -2   0   2     2  0.077270  0.516388      29.258      514.1      621.8      3.508       4178.6245  3.049891      0.712559
     15   1      2   1   1     4  0.079090  0.523297      32.344       52.5        2.2      6.392        225.4055  2.765599      0.835185
     16   1      0   2   0     2  0.079453  0.524527      32.894      657.6      695.0      4.310      13022.3008  2.720632      0.375718
     17   1      1   1   2     4  0.079533  0.524791      33.012     1207.5     1177.2      4.382       7005.7100  2.711168      0.646179
     18   1     -2   1   2     4  0.079980  0.526241      33.659      853.8      838.6      5.079       5032.3579  2.660468      0.663176
     19   1      3   0   0     2  0.080340  0.527370      34.164      530.3      691.8      4.808       4281.1250  2.622343      1.000000
     20   1      1   2   0     4  0.080856  0.528939      34.864      548.3      558.6      5.547       4247.5796  2.571219      0.544489
     21   1      0   2   1     4  0.081014  0.529408      35.074       24.8       51.1      1.684        258.5033  2.556327      0.410407
     22   1     -1   2   1     4  0.081828  0.531749      36.120       25.3       39.6      3.740        230.5888  2.484689      0.499435
     23   1      2   0   2     2  0.082122  0.532566      36.485      497.5      334.0      5.780       5626.0708  2.460661      0.823484
     24   1     -3   0   2     2  0.082942  0.534774      37.471      177.6      108.7      3.511       2104.0996  2.398135      0.833085
     25   1     -3   1   1     4  0.083097  0.535178      37.652      431.2      434.6      3.559       2444.6760  2.387047      0.879583
     26   1      1   2   1     4  0.083182  0.535399      37.751      349.9      318.0      2.895       3083.4180  2.381015      0.569294
     27   1      3   1   0     4  0.083451  0.536094      38.061        1.9        3.2      0.392         10.3356  2.362315      0.923101
     28   1     -1   1   3     4  0.084469  0.538641      39.198      265.3      316.6      7.184       3421.7563  2.296332      0.422307
     29   1      0   1   3     4  0.085010  0.539948      39.782        1.1        3.7      0.795         12.9622  2.263964      0.471264
     30   1      2   1   2     4  0.085394  0.540855      40.188       48.8       88.9      2.377        361.6949  2.242061      0.776028
     31   1      2   2   0     4  0.085474  0.541044      40.272      186.8      327.8      3.888       1563.4155  2.237567      0.690744
     32   1     -2   2   1     4  0.085829  0.541868      40.640        0.4        0.4      0.101          3.1878  2.218148      0.647859
     33   1      0   2   2     4  0.086191  0.542696      41.010      173.6      160.6      2.568       2394.6111  2.198986      0.436343
     34   1     -3   1   2     4  0.086278  0.542894      41.098      534.5      490.0      3.752       4108.9185  2.194457      0.786588
     35   1     -1   2   2     4  0.086369  0.543100      41.190      263.4      254.4      2.109       3545.4758  2.189767      0.451374
     36   1     -2   1   3     4  0.087189  0.544922      42.004       17.5       11.7      3.340        196.5369  2.149201      0.565513
     37   1      3   1   1     4  0.087422  0.545431      42.232       23.8        6.1      3.856        168.6958  2.138145      0.904364
     38   1      2   2   1     4  0.088827  0.548412      43.563      102.0       93.3      5.016        999.2237  2.075824      0.702202
     39   1      1   1   3     4  0.088913  0.548591      43.643       75.1       57.6      2.400        850.2802  2.072217      0.610314
     40   1      1   2   2     4  0.089394  0.549578      44.084       30.2       17.9      2.726        372.4186  2.052508      0.573422
     41   1     -2   2   2     4  0.089958  0.550718      44.593      738.6      726.7      6.553       9114.6113  2.030243      0.587343
     42   1      4   0   0     2  0.091699  0.554123      46.114     1170.4     1329.9      8.010      18282.8867  1.966757      1.000000
     43   1      3   0   2     2  0.091903  0.554510      46.287      113.7      103.5      1.242       2008.3688  1.959813      0.891309
     44   1     -4   0   2     2  0.093268  0.557058      47.425      447.0      285.6      4.697       8290.6045  1.915399      0.896396
     45   1     -1   0   4     2  0.093444  0.557380      47.570      521.0      492.2      3.312      22472.9980  1.909933      0.388094
     46   1     -3   1   3     4  0.093617  0.557695      47.710        9.6       10.2      0.125        118.1014  1.904630      0.687848
     47   1     -3   2   1     4  0.093748  0.557934      47.817       10.2       10.1      0.413        113.6030  1.900624      0.758160
     48   1      3   2   0     4  0.094168  0.558691      48.155     1391.9     1543.9      6.099      15122.1445  1.888068      0.791836
     49   1     -4   1   1     4  0.094268  0.558870      48.235       29.8       33.6      0.160        277.5721  1.885123      0.926298
     50   1      0   0   4     2  0.094885  0.559969      48.726       42.0      120.9      2.324       1542.7571  1.867277      0.481393
     51   1     -1   2   3     4  0.095364  0.560810      49.101        2.3        3.5      0.073         50.1910  1.853867      0.413119
     52   1      4   1   0     4  0.095517  0.561077      49.221     1008.8     1109.1      5.475       9561.5889  1.849639      0.953394
     53   1     -2   0   4     2  0.095688  0.561375      49.354      332.0      342.5      1.581      11900.1680  1.844962      0.507276
     54   1      3   1   2     4  0.095729  0.561446      49.386       83.8       84.5      0.487        893.6706  1.843860      0.854045
     55   1      0   2   3     4  0.095995  0.561905      49.591        2.0        1.6      0.074         40.8940  1.836710      0.452396
     56   1      2   2   2     4  0.096440  0.562669      49.932     1457.2     1438.6      5.981      19708.9590  1.824956      0.689822
     57   1      2   1   3     4  0.096756  0.563208      50.173        1.0        1.0      0.030         12.9467  1.816769      0.721700
     58   1     -4   1   2     4  0.097151  0.563875      50.471      168.8      131.3      2.974       1875.9608  1.806728      0.860245
     59   1     -1   1   4     4  0.097334  0.564183      50.609      117.4      135.2      1.465       2915.0330  1.802139      0.387390
     60   1     -3   2   2     4  0.097460  0.564394      50.703      306.2      345.9      3.038       4220.8359  1.799007      0.700560

   No.  Code     H   K   L  Mult      Hw      ETA/M    2theta/TOF     Icalc       Iobs      Sigma     StrFactor^2    d-hkl       CORR

     61   1     -2   2   3     4  0.098504  0.566123      51.475       17.3       11.8      1.117        326.9869  1.773819      0.529475
     62   1      3   2   1     4  0.098771  0.566559      51.670       36.1       34.9      0.306        457.5337  1.767588      0.794729
     63   1      1   3   0     4  0.098779  0.566573      51.676      229.0      224.9      1.814       4725.5513  1.767391      0.488281
     64   1      0   1   4     4  0.098832  0.566659      51.714      685.0      704.4      4.340      14548.0781  1.766173      0.475331
     65   1      0   3   1     4  0.098990  0.566916      51.829       74.4       77.4      0.597       1888.5933  1.762532      0.399473
     66   1     -2   1   4     4  0.099666  0.568007      52.316        0.2        0.0      0.073          5.1631  1.747255      0.499802
     67   1     -1   3   1     4  0.100062  0.568640      52.599        2.8        1.1      0.224         63.2222  1.738526      0.460405
     68   1      1   0   4     2  0.100174  0.568818      52.679      175.2      138.5      4.690       6173.1943  1.736086      0.597100
     69   1      1   2   3     4  0.100465  0.569280      52.885        5.8        0.0      0.626        108.7151  1.729791      0.567457
     70   1      4   1   1     4  0.101052  0.570202      53.297        3.3        0.0      2.413         38.3624  1.717390      0.939129
     71   1      1   3   1     4  0.101808  0.571379      53.823        0.1        0.0      0.748          2.8028  1.701853      0.509855
     72   1     -3   0   4     2  0.101867  0.571469      53.863        0.8        0.0      3.283         28.0164  1.700679      0.620026
     73   1      1   1   4     4  0.104311  0.575165      55.514      235.1      200.8      5.501       4750.7441  1.653942      0.585418
     74   1     -4   1   3     4  0.104509  0.575458      55.645       91.8       81.5      1.161       1403.8304  1.650363      0.777185
     75   1      2   3   0     4  0.104691  0.575727      55.765      855.7      770.0      4.781      17102.1094  1.647089      0.597817
     76   1     -2   3   1     4  0.105131  0.576372      56.054       46.3       54.8      1.369        982.1171  1.639297      0.569370
     77   1      0   3   2     4  0.105577  0.577024      56.345      238.6      330.9      3.547       6939.8750  1.631517      0.420265
     78   1     -3   2   3     4  0.105742  0.577263      56.452        9.1       11.8      0.168        175.6663  1.628679      0.636446
     79   1     -1   3   2     4  0.105797  0.577343      56.487       14.1       18.1      0.240        402.7868  1.627741      0.431292
     80   1     -3   1   4     4  0.106061  0.577725      56.658      557.5      567.1      4.140      11358.5088  1.623240      0.607506
     81   1     -4   2   1     4  0.106466  0.578308      56.918       61.7       65.2      1.754        927.4431  1.616431      0.831309
     82   1      4   0   2     2  0.107120  0.579241      57.335       33.5       23.6      2.515        918.0190  1.605664      0.928102
     83   1      4   2   0     4  0.107853  0.580278      57.798      406.5      468.5      4.523       6143.9678  1.593893      0.856039
     84   1      3   2   2     4  0.108088  0.580608      57.946      289.0      380.0      2.495       4847.1318  1.590190      0.775653
     85   1      2   3   1     4  0.108793  0.581591      58.385        1.4        1.8      0.152         30.5662  1.579270      0.614311
     86   1     -5   0   2     2  0.109132  0.582061      58.595      154.5      164.6      2.894       4424.9424  1.574114      0.930976
     87   1      5   0   0     2  0.109179  0.582126      58.624       25.3       28.2      0.439        676.2100  1.573406      1.000000
     88   1      2   2   3     4  0.109225  0.582189      58.652        6.0        6.9      0.109        120.3126  1.572714      0.668245
     89   1      3   1   3     4  0.109365  0.582382      58.738       13.9       15.6      0.193        232.3109  1.570615      0.800548
     90   1      1   3   2     4  0.109478  0.582537      58.807      237.2      263.5      2.084       6096.1499  1.568930      0.522957
     91   1     -4   2   2     4  0.109662  0.582790      58.920      540.8      520.9      3.004       9318.5596  1.566187      0.783214
     92   1      2   0   4     2  0.109845  0.583040      59.032       68.1       70.2      0.425       2655.7800  1.563485      0.694552
     93   1     -1   2   4     4  0.109865  0.583067      59.044      178.2      181.8      1.112       6260.6309  1.563195      0.385833
     94   1     -2   3   2     4  0.110157  0.583466      59.222      461.8      450.8      3.124      11807.3340  1.558919      0.533851
     95   1     -5   1   1     4  0.111218  0.584901      59.863       19.5       15.9      0.709        287.0184  1.543750      0.951034
     96   1      4   1   2     4  0.111485  0.585259      60.024      842.7      733.4      5.226      13159.7520  1.540012      0.900148
     97   1      0   2   4     4  0.111518  0.585304      60.043       16.6       14.6      0.101        505.2419  1.539548      0.461886
     98   1     -2   2   4     4  0.112438  0.586527      60.590      249.2      305.1      3.656       7400.4736  1.526969      0.483165
     99   1     -4   0   4     2  0.112589  0.586726      60.679       60.8       67.3      0.980       2457.0198  1.524945      0.712559
    100   1     -5   1   2     4  0.113562  0.588002      61.249      478.4      559.8      3.095       7775.5898  1.512111      0.903879
    101   1      5   1   0     4  0.113610  0.588065      61.277      515.4      612.2      2.955       7822.4028  1.511483      0.969054
    102   1      4   2   1     4  0.113965  0.588526      61.483        8.6        9.8      0.105        148.6507  1.506915      0.854944
    103   1      2   1   4     4  0.114297  0.588956      61.675      276.4      205.2      3.707       6061.2974  1.502682      0.680206
    104   1     -3   3   1     4  0.114678  0.589447      61.894        3.8        2.6      0.163         86.0679  1.497880      0.665198
    105   1      3   3   0     4  0.115175  0.590084      62.179        5.2        5.6      1.342        114.9403  1.491711      0.690744
    106   1     -1   3   3     4  0.116588  0.591875      62.979        6.6        6.6      1.381        253.3185  1.474671      0.405326
    107   1     -1   1   5     4  0.116885  0.592248      63.145        7.6        6.8      0.597        309.8437  1.471177      0.385856
    108   1     -4   1   4     4  0.117127  0.592550      63.280      235.3      190.0      4.637       5313.7417  1.468370      0.698009
    109   1      0   3   3     4  0.117332  0.592806      63.395        8.9        7.6      0.180        322.2218  1.465991      0.436343
    110   1      1   2   4     4  0.117549  0.593076      63.515      222.0      208.2      2.901       6312.4316  1.463505      0.558811
    111   1     -4   2   3     4  0.117766  0.593345      63.636        5.2        4.4      0.097        114.7306  1.461024      0.723184
    112   1      2   3   2     4  0.117857  0.593458      63.686       73.5       59.3      1.337       1897.0259  1.459994      0.618957
    113   1     -2   1   5     4  0.118590  0.594362      64.090        1.8        1.5      0.333         64.2143  1.451761      0.456063
    114   1     -3   3   2     4  0.119058  0.594935      64.346      210.6      188.6      4.563       5472.0469  1.446604      0.628509
    115   1     -3   2   4     4  0.119471  0.595439      64.571       16.6       16.2      0.675        473.2913  1.442105      0.578760
    116   1      0   1   5     4  0.119618  0.595617      64.650        8.1        9.0      0.745        281.4879  1.440521      0.477394
    117   1     -2   3   3     4  0.120284  0.596423      65.010        5.8        8.7      1.876        195.2590  1.433411      0.497873
    118   1      3   3   1     4  0.120597  0.596800      65.179        0.8        0.7      0.254         19.9972  1.430117      0.701765
    119   1     -5   1   3     4  0.120878  0.597136      65.329       29.1       17.6      2.496        585.9196  1.427192      0.838211
    120   1      5   1   1     4  0.120979  0.597257      65.383       27.2       15.2      2.187        480.1367  1.426137      0.958323

   No.  Code     H   K   L  Mult      Hw      ETA/M    2theta/TOF     Icalc       Iobs      Sigma     StrFactor^2    d-hkl       CORR

    121   1      1   3   3     4  0.122585  0.599161      66.233        0.9        4.5      1.421         28.8236  1.409876      0.528918
    122   1      3   2   3     4  0.123098  0.599763      66.502       23.8       25.8      4.610        556.9517  1.404827      0.747545
    123   1      3   0   4     2  0.124811  0.601747      67.388       30.6       29.5      4.526       1433.1689  1.388490      0.769056
    124   1     -3   1   5     4  0.124887  0.601834      67.427        1.6        1.6      0.230         53.8605  1.387782      0.547712
    125   1     -5   2   1     4  0.125133  0.602115      67.553        1.0        0.9      0.147         19.8823  1.385504      0.878620
    126   1      4   2   2     4  0.125426  0.602451      67.703       27.1       13.2      3.094        588.3548  1.382800      0.835185
    127   1      1   1   5     4  0.127037  0.604275      68.518        2.1        3.4      0.799         68.4494  1.368332      0.567972
    128   1     -5   2   2     4  0.127707  0.605024      68.853       38.7       43.2      1.459        864.4951  1.362494      0.840367
    129   1      5   2   0     4  0.127760  0.605083      68.879       74.4       85.9      2.305       1559.2651  1.362035      0.896666
    130   1      4   1   3     4  0.127915  0.605256      68.956        0.2        0.3      0.006          4.9311  1.360700      0.853969
    131   1      0   4   0     2  0.127960  0.605306      68.978       81.4      109.0      2.021       8166.2378  1.360316      0.375718
    132   1      2   2   4     4  0.128515  0.605921      69.253      286.4      305.8      3.449       8423.6221  1.355584      0.646179
    133   1     -3   3   3     4  0.128762  0.606195      69.376        0.0        0.0      0.000          0.7593  1.353496      0.587343
    134   1     -5   0   4     2  0.128873  0.606317      69.430      252.7      250.9      2.279      12342.1777  1.352567      0.782347
    135   1      5   0   2     2  0.129033  0.606494      69.509       80.3       81.8      0.925       3238.7410  1.351221      0.949493
    136   1     -4   3   1     4  0.129609  0.607126      69.792       14.7       13.2      0.239        381.5778  1.346442      0.741677
    137   1      3   1   4     4  0.129739  0.607268      69.855      262.7      230.5      3.508       6730.0166  1.345378      0.754563
    138   1      1   4   0     4  0.130346  0.607930      70.151       18.1       16.9      0.931        766.5278  1.340425      0.459719
    139   1      0   4   1     4  0.130610  0.608216      70.278        2.8        3.8      0.310        139.0824  1.338302      0.393689
    140   1      4   3   0     4  0.131233  0.608890      70.579       81.7       97.5      3.196       2113.3550  1.333332      0.762932
    141   1     -1   2   5     4  0.131361  0.609028      70.641        1.1        1.3      0.038         54.3785  1.332320      0.384893
    142   1      3   3   2     4  0.131508  0.609186      70.712       39.7       49.7      1.278       1123.5574  1.331162      0.699945
    143   1     -4   2   4     4  0.131626  0.609313      70.768       39.3       47.9      1.244       1174.9762  1.330234      0.663176
    144   1     -6   0   2     2  0.131893  0.609599      70.896        4.7        6.2      0.263        194.9626  1.328149      0.951234
    145   1     -1   4   1     4  0.131950  0.609660      70.924        1.8        2.5      0.115         82.9030  1.327701      0.439612
    146   1      2   3   3     4  0.132839  0.610608      71.347        0.2        0.2      0.071          5.6454  1.320860      0.615436
    147   1     -2   2   5     4  0.133236  0.611029      71.535        0.7        1.1      0.114         33.2235  1.317848      0.448324
    148   1     -4   3   2     4  0.133351  0.611150      71.589       15.9       20.4      1.530        454.7680  1.316986      0.707663
    149   1     -1   3   4     4  0.133588  0.611401      71.701       48.7       56.1      2.298       2579.6917  1.315206      0.384219
    150   1     -5   1   4     4  0.133935  0.611766      71.864       36.1       41.7      0.825        959.6216  1.312621      0.768034
    151   1      5   1   2     4  0.134101  0.611940      71.942       73.5       89.3      1.019       1621.4905  1.311391      0.928397
    152   1      6   0   0     2  0.134131  0.611971      71.956      206.1      250.3      2.807       8441.3203  1.311172      1.000000
    153   1      1   4   1     4  0.134134  0.611974      71.957        8.4       10.2      0.114        359.3325  1.311149      0.477215
    154   1      0   2   5     4  0.134368  0.612220      72.067       19.3       22.9      0.378        847.0540  1.309423      0.467630
    155   1     -6   1   1     4  0.135427  0.613324      72.560        7.2        7.4      0.403        155.3916  1.301737      0.965365
    156   1      0   3   4     4  0.135526  0.613426      72.606       77.7       79.5      3.298       3613.2847  1.301029      0.447950
    157   1     -5   2   3     4  0.135756  0.613664      72.712        1.4        1.2      0.082         38.3716  1.299388      0.788613
    158   1      5   2   1     4  0.135868  0.613780      72.764        8.7        7.4      0.485        204.3905  1.298592      0.894051
    159   1     -4   1   5     4  0.136378  0.614305      72.999       23.8       21.8      1.701        793.9473  1.294995      0.631732
    160   1     -2   3   4     4  0.136605  0.614538      73.103        7.4        5.8      0.540        333.5884  1.293411      0.465843
    161   1     -6   1   2     4  0.137057  0.615001      73.310      245.9      227.0      4.239       5601.0098  1.290269      0.930747
    162   1      2   4   0     4  0.137737  0.615694      73.619       34.3       27.7      1.483       1347.7874  1.285610      0.544489
    163   1     -2   4   1     4  0.138287  0.616251      73.868       31.7       28.6      1.829       1300.7264  1.281894      0.523608
    164   1      4   3   1     4  0.138397  0.616362      73.917        2.9        3.1      0.198         81.1138  1.281155      0.769604
    165   1      0   4   2     4  0.138845  0.616814      74.119       40.1       63.9      1.559       2113.6912  1.278164      0.410407
    166   1     -1   4   2     4  0.139120  0.617090      74.243      124.1      170.3      2.700       6427.4146  1.276346      0.418971
    167   1      6   1   0     4  0.139372  0.617343      74.356       85.4      104.1      1.871       1899.6971  1.274686      0.978061
    168   1     -1   0   6     2  0.139811  0.617781      74.551        1.0        1.0      0.043        106.5158  1.271824      0.401736
    169   1      2   1   5     4  0.139870  0.617840      74.578        6.0        6.0      0.306        202.3827  1.271439      0.649352
    170   1     -3   2   5     4  0.140180  0.618149      74.715        7.9        5.5      1.007        327.4920  1.269435      0.531740
    171   1     -2   0   6     2  0.140642  0.618607      74.920       12.9        1.3      2.072       1336.7533  1.266473      0.427262
    172   1      1   2   5     4  0.142558  0.620489      75.761       10.6        2.7      0.828        434.1629  1.254497      0.550408
    173   1      1   3   4     4  0.142613  0.620543      75.785       59.7       21.3      3.920       2531.2153  1.254157      0.530321
    174   1     -4   3   3     4  0.142870  0.620792      75.896        0.9        0.4      0.065         31.6698  1.252595      0.666222
    175   1      2   4   1     4  0.142873  0.620795      75.898       11.8        5.3      0.818        476.0091  1.252572      0.559943
    176   1      4   2   3     4  0.143529  0.621431      76.182        0.4        0.2      0.062         12.1021  1.248609      0.806526
    177   1      1   4   2     4  0.143732  0.621627      76.269       12.0       10.1      1.568        554.2399  1.247394      0.490754
    178   1      0   0   6     2  0.144160  0.622039      76.453       24.7       33.2      1.806       2346.2649  1.244851      0.481393
    179   1     -6   1   3     4  0.144446  0.622314      76.576        2.2        2.4      0.111         58.3777  1.243159      0.879437
    180   1     -2   4   2     4  0.144585  0.622447      76.635       30.2       31.1      1.023       1387.2539  1.242344      0.499435

   No.  Code     H   K   L  Mult      Hw      ETA/M    2theta/TOF     Icalc       Iobs      Sigma     StrFactor^2    d-hkl       CORR

    181   1     -3   3   4     4  0.144881  0.622730      76.762      250.9      234.1      3.501      10539.1943  1.240612      0.547657
    182   1     -1   1   6     4  0.145254  0.623086      76.921      136.7      140.7      1.904       7867.7466  1.238443      0.401042
    183   1      3   2   4     4  0.145550  0.623367      77.046        2.8        2.6      0.062         90.3739  1.236738      0.718722
    184   1     -2   1   6     4  0.146116  0.623903      77.286       28.8       29.7      1.398       1574.5814  1.233502      0.425878
    185   1      4   0   4     2  0.146677  0.624432      77.522      129.2      127.1      2.663       7339.8896  1.230331      0.823484
    186   1     -3   0   6     2  0.146740  0.624492      77.549       80.5       78.3      1.658       7426.3833  1.229975      0.507275
    187   1      3   3   3     4  0.149174  0.626759      78.562        5.1       13.1      0.995        175.1283  1.216638      0.689822
    188   1      6   1   1     4  0.149348  0.626919      78.633        6.4       14.2      0.936        157.1773  1.215708      0.969840
    189   1      0   1   6     4  0.149764  0.627302      78.804       14.9       22.5      1.016        747.2148  1.213499      0.478568
    190   1     -5   2   4     4  0.150210  0.627711      78.987      242.1      243.5      4.148       7964.3496  1.211149      0.732339
    191   1     -3   4   1     4  0.150281  0.627775      79.016        9.1        9.0      0.147        363.9382  1.210782      0.602983
    192   1      5   2   2     4  0.150395  0.627880      79.063       45.1       44.2      0.797       1241.7141  1.210182      0.876011
    193   1      3   4   0     4  0.150908  0.628347      79.271       77.9       71.5      1.527       3031.4399  1.207517      0.622924
    194   1     -5   3   1     4  0.151589  0.628965      79.547        1.4        1.4      0.051         43.3699  1.204021      0.799573
    195   1     -6   2   1     4  0.151872  0.629220      79.661        7.1        7.5      0.148        190.5469  1.202583      0.909710
    196   1      4   3   2     4  0.151938  0.629281      79.688      172.7      180.4      3.293       5523.4414  1.202246      0.763958
    197   1      4   1   4     4  0.152376  0.629675      79.864       88.9       90.9      1.629       2689.9204  1.200036      0.810172
    198   1     -3   1   6     4  0.152442  0.629734      79.891        7.9        8.0      0.142        384.4306  1.199706      0.503796
    199   1     -6   0   4     2  0.152569  0.629848      79.942       26.1       25.6      0.542       1541.0835  1.199068      0.833085
    200   1     -1   4   3     4  0.152698  0.629964      79.993        1.3        1.2      0.034         77.0016  1.198425      0.399695
    201   1     -4   2   5     4  0.152932  0.630173      80.087        4.5        4.3      0.171        183.4012  1.197261      0.609973
    202   1      0   4   3     4  0.153642  0.630807      80.370        0.4        0.4      0.039         21.8968  1.193752      0.424742
    203   1     -6   2   2     4  0.153689  0.630849      80.389        1.4        1.5      0.138         38.8557  1.193524      0.879583
    204   1      1   0   6     2  0.154158  0.631266      80.575       42.4       41.6      1.179       3757.3169  1.191235      0.559990
    205   1      2   4   2     4  0.154308  0.631398      80.634      150.9      145.4      2.831       6591.8281  1.190507      0.569294
    206   1     -5   1   5     4  0.154329  0.631418      80.643        3.4        3.3      0.062        120.6372  1.190404      0.703040
    207   1      5   1   3     4  0.154583  0.631642      80.743        0.2        0.2      0.004          6.5291  1.189180      0.890172
    208   1     -5   3   2     4  0.154656  0.631706      80.772       65.7       61.4      1.047       2126.8362  1.188829      0.769917
    209   1      5   3   0     4  0.154719  0.631762      80.797       74.2       69.6      1.184       2266.3149  1.188524      0.816627
    210   1      2   3   4     4  0.155620  0.632555      81.151       33.4       34.3      1.012       1379.3750  1.184230      0.607737
    211   1     -3   4   2     4  0.155835  0.632743      81.235       63.9       61.0      1.762       2780.7493  1.183215      0.577422
    212   1      6   2   0     4  0.156274  0.633127      81.406      157.4      166.1      3.044       4300.3457  1.181158      0.923101
    213   1      2   2   5     4  0.156831  0.633611      81.623        2.7        2.9      0.099        108.9373  1.178573      0.626696
    214   1     -2   4   3     4  0.157399  0.634103      81.842        9.4       13.4      1.130        502.6902  1.175962      0.474645
    215   1      3   4   1     4  0.157798  0.634448      81.997        0.0        0.0      0.004          0.7873  1.174141      0.635494
    216   1     -6   1   4     4  0.158501  0.635052      82.266       93.1       99.1      3.935       2903.5574  1.170973      0.820107
    217   1     -4   0   6     2  0.158783  0.635294      82.374        1.2        1.5      0.065        108.6757  1.169711      0.584259
    218   1     -1   3   5     4  0.159027  0.635502      82.468        9.4       11.7      0.424        626.0959  1.168626      0.383760
    219   1     -4   3   4     4  0.159345  0.635774      82.589       61.8       62.9      2.208       2551.2737  1.167217      0.623322
    220   1      3   1   5     4  0.159601  0.635991      82.686        7.5        7.1      0.403        269.1831  1.166092      0.717476
    221   1      1   1   6     4  0.160154  0.636461      82.896       10.9       10.1      0.385        507.1791  1.163675      0.555296
    222   1      1   4   3     4  0.160341  0.636619      82.966       18.3       17.5      0.524        948.0673  1.162862      0.500138
    223   1      6   0   2     2  0.160403  0.636672      82.990      105.7      101.6      3.103       5684.1699  1.162592      0.962792
    224   1     -2   3   5     4  0.161280  0.637411      83.320        4.7        4.7      0.492        278.6324  1.158823      0.439221
    225   1     -6   2   3     4  0.161960  0.637980      83.574        3.1        0.6      0.956         96.8418  1.155943      0.836495
    226   1      0   3   5     4  0.162643  0.638549      83.829        3.8        1.1      1.384        218.0869  1.153082      0.456122
    227   1     -1   2   6     4  0.162868  0.638736      83.912        0.7        0.2      0.301         46.8605  1.152148      0.399251
    228   1     -2   2   6     4  0.163836  0.639537      84.270       24.9       27.0      3.033       1558.7878  1.148166      0.422307
    229   1     -5   3   3     4  0.164318  0.639933      84.447        0.7        0.7      0.049         23.5385  1.146211      0.731397
    230   1      5   3   1     4  0.164453  0.640044      84.496        1.0        1.1      0.053         32.6453  1.145665      0.820331
    231   1     -7   0   2     2  0.164576  0.640145      84.541       78.7       80.5      3.176       4326.0532  1.145169      0.963913
    232   1     -4   1   6     4  0.164971  0.640468      84.686       50.8       55.0      2.059       2329.6257  1.143585      0.579077
    233   1      6   1   2     4  0.166660  0.641840      85.299       24.0       13.0      3.301        678.9058  1.136930      0.946550
    234   1      6   2   1     4  0.167478  0.642498      85.593        7.6        3.6      0.846        221.3062  1.133775      0.920074
    235   1      0   2   6     4  0.167948  0.642875      85.761       49.8       42.5      3.150       2847.9158  1.131982      0.471264
    236   1     -3   4   3     4  0.168309  0.643163      85.889       10.9        6.7      0.883        533.6279  1.130616      0.549120
    237   1     -4   4   1     4  0.169410  0.644037      86.280       13.6       14.0      1.440        549.2181  1.126495      0.672847
    238   1     -3   3   5     4  0.169681  0.644251      86.376       14.5       17.7      1.347        765.9719  1.125494      0.512650
    239   1      7   0   0     2  0.170124  0.644601      86.532       16.6       23.1      1.202        902.9096  1.123861      1.000000
    240   1     -7   1   1     4  0.170368  0.644793      86.618        0.1        0.1      0.003          1.6140  1.122971      0.974307

   No.  Code     H   K   L  Mult      Hw      ETA/M    2theta/TOF     Icalc       Iobs      Sigma     StrFactor^2    d-hkl       CORR

    241   1      4   2   4     4  0.170902  0.645212      86.805      138.5      150.6      2.583       4873.9717  1.121031      0.776028
    242   1     -3   2   6     4  0.170976  0.645270      86.831       92.0       99.1      1.604       5075.8193  1.120762      0.494778
    243   1     -7   1   2     4  0.171015  0.645300      86.844        5.0        5.3      0.087        144.0157  1.120620      0.948102
    244   1      2   0   6     2  0.171035  0.645316      86.851        1.1        1.2      0.019         95.1395  1.120549      0.632071
    245   1      4   4   0     4  0.171526  0.645699      87.023       78.6       78.1      1.394       3114.4771  1.118783      0.690744
    246   1      3   4   2     4  0.171886  0.645979      87.148       66.6       66.2      1.387       2850.4775  1.117501      0.640714
    247   1      1   3   5     4  0.172580  0.646517      87.388        0.2        0.2      0.009          8.9190  1.115044      0.529289
    248   1     -5   2   5     4  0.173115  0.646931      87.573        6.1        5.5      0.586        247.6631  1.113166      0.678494
    249   1      5   2   3     4  0.173403  0.647152      87.672        5.5        5.1      0.487        179.2756  1.112165      0.849531
    250   1      2   4   3     4  0.173628  0.647325      87.749       13.3       14.6      0.950        642.0223  1.111385      0.573301
    251   1      4   3   3     4  0.173767  0.647432      87.797       15.3       16.9      0.959        563.1556  1.110903      0.750325
    252   1     -4   4   2     4  0.174299  0.647840      87.979       84.7      100.8      2.754       3617.6550  1.109074      0.647859
    253   1     -1   4   4     4  0.174611  0.648078      88.085       36.9       48.8      1.355       2673.6184  1.108010      0.382874
    254   1      3   3   4     4  0.176245  0.649316      88.638       96.5      102.0      3.353       3977.8672  1.102518      0.675772
    255   1      7   1   0     4  0.176816  0.649746      88.831       79.4       80.2      2.152       2253.2915  1.100630      0.983676
    256   1      0   4   4     4  0.177162  0.650006      88.947       13.6       13.9      0.399        871.2166  1.099493      0.436343
    257   1      2   1   6     4  0.177769  0.650460      89.149       66.7       59.5      1.606       2982.4087  1.097518      0.626096
    258   1     -6   2   4     4  0.177859  0.650527      89.179       22.9       20.1      0.550        814.2959  1.097229      0.786588
    259   1     -5   0   6     2  0.178355  0.650896      89.344       45.6       42.6      0.954       3917.8369  1.095628      0.653442
    260   1     -2   4   4     4  0.178587  0.651069      89.421       73.8       71.0      1.243       4591.0547  1.094884      0.451374
    261   1      5   0   4     2  0.178728  0.651173      89.468       91.0       87.2      1.581       5926.4434  1.094435      0.862774
    262   1     -7   1   3     4  0.178855  0.651268      89.510        6.4        6.0      0.127        198.5122  1.094028      0.907703
    263   1      3   2   5     4  0.179113  0.651458      89.595        2.9        2.7      0.072        118.1405  1.093210      0.692663
    264   1      1   2   6     4  0.179744  0.651923      89.803      123.4      121.1      2.818       6402.1162  1.091218      0.543056
    265   1      4   4   1     4  0.180964  0.652818      90.203        1.2        0.9      0.130         49.0645  1.087420      0.700356
    266   1     -6   1   5     4  0.181321  0.653078      90.319        4.9        3.2      0.918        183.9015  1.086322      0.760630
    267   1     -5   3   4     4  0.181993  0.653566      90.537        0.0        0.0      0.001          0.1578  1.084273      0.689032
    268   1      5   3   2     4  0.182222  0.653732      90.611       14.1       16.2      2.409        493.6663  1.083579      0.812910
    269   1     -6   3   1     4  0.184054  0.655050      91.200       26.7       34.2      1.877        902.3429  1.078114      0.842511
    270   1      1   5   0     4  0.184097  0.655080      91.213       29.3       37.7      1.994       1885.0771  1.077988      0.442602
    271   1      0   5   1     4  0.184474  0.655349      91.333        2.1        3.0      0.178        155.6368  1.076882      0.390146
    272   1     -4   2   6     4  0.185259  0.655908      91.583        8.4        9.7      0.314        424.4302  1.074600      0.565513
    273   1     -4   3   5     4  0.185372  0.655988      91.619        0.0        0.0      0.000          0.3431  1.074274      0.583177
    274   1     -5   1   6     4  0.185442  0.656038      91.641       87.6       94.8      2.865       3872.4651  1.074071      0.647195
    275   1      5   1   4     4  0.185833  0.656314      91.764        1.5        1.4      0.051         50.9829  1.072947      0.851088
    276   1     -6   3   2     4  0.186315  0.656654      91.916      130.2      112.9      2.498       4564.8589  1.071572      0.817425
    277   1     -1   5   1     4  0.186398  0.656712      91.942        1.8        1.6      0.033        120.1371  1.071336      0.426883
    278   1      1   4   4     4  0.186600  0.656854      92.006       42.5       39.6      0.805       2409.6824  1.070765      0.506008
    279   1     -4   4   3     4  0.186944  0.657096      92.114        0.0        0.0      0.001          1.9421  1.069792      0.618365
    280   1      6   2   2     4  0.187200  0.657275      92.194      162.3      146.9      2.587       5154.3467  1.069073      0.904364
    281   1     -2   1   7     4  0.187394  0.657411      92.254        9.8        8.8      0.178        693.6386  1.068527      0.404150
    282   1     -7   0   4     2  0.187591  0.657548      92.316       14.5       12.9      0.345        960.1465  1.067978      0.869719
    283   1     -1   1   7     4  0.187825  0.657711      92.389        0.6        0.5      0.017         40.1375  1.067326      0.412194
    284   1      4   1   5     4  0.189304  0.658737      92.847        2.0        1.3      0.145         74.1062  1.063256      0.772060
    285   1      6   3   0     4  0.189547  0.658905      92.922       57.5       40.3      3.427       1938.9670  1.062595      0.856039
    286   1      1   5   1     4  0.189551  0.658908      92.923        1.3        0.9      0.075         79.7664  1.062584      0.457031
    287   1     -3   4   4     4  0.189657  0.658981      92.956        2.0        1.5      0.128        111.9871  1.062297      0.520891
    288   1      2   3   5     4  0.190244  0.659385      93.136        1.0        0.9      0.099         49.6672  1.060712      0.598569
    289   1      7   1   1     4  0.191375  0.660158      93.481        4.2        3.7      0.510        124.1787  1.057700      0.977231
    290   1     -7   2   1     4  0.191473  0.660224      93.511        4.4        4.1      0.485        135.7882  1.057442      0.930761
    291   1     -7   2   2     4  0.192221  0.660732      93.738      145.6      144.4      4.717       4652.6846  1.055478      0.906874
    292   1     -3   1   7     4  0.194161  0.662037      94.321        0.0        0.0      0.004          2.3495  1.050485      0.471066
    293   1      6   1   3     4  0.194230  0.662083      94.341        1.8        1.7      0.193         55.7668  1.050311      0.915184
    294   1      2   5   0     4  0.194807  0.662468      94.514       52.1       56.7      2.099       2966.0083  1.048852      0.510990
    295   1     -7   1   4     4  0.195153  0.662699      94.616      111.8      118.6      3.134       3789.0432  1.047983      0.858393
    296   1      3   4   3     4  0.195495  0.662925      94.718        1.2        1.4      0.042         56.1996  1.047130      0.640009
    297   1      0   1   7     4  0.195518  0.662940      94.724        0.7        0.8      0.023         40.8066  1.047073      0.479296
    298   1     -2   5   1     4  0.195615  0.663005      94.753        8.2        9.9      0.299        481.8885  1.046832      0.494609
    299   1      0   5   2     4  0.196437  0.663548      94.996       43.3       58.7      1.695       3123.8552  1.044797      0.403960
    300   1     -6   3   3     4  0.196711  0.663728      95.076        0.8        1.2      0.046         31.0520  1.044125      0.783214

   No.  Code     H   K   L  Mult      Hw      ETA/M    2theta/TOF     Icalc       Iobs      Sigma     StrFactor^2    d-hkl       CORR

    301   1     -1   5   2     4  0.196842  0.663815      95.115        4.2        5.7      0.265        300.8341  1.043804      0.410916
    302   1      3   0   6     2  0.197450  0.664213      95.293       10.7       15.0      0.564        895.2579  1.042323      0.694552
    303   1     -1   3   6     4  0.197863  0.664483      95.414       63.8       89.7      2.744       4690.2041  1.041326      0.396957
    304   1     -5   4   1     4  0.198812  0.665101      95.689        0.4        0.5      0.015         16.0480  1.039054      0.731340
    305   1      7   2   0     4  0.198950  0.665190      95.729       80.5       96.1      2.789       2499.0767  1.038725      0.940933
    306   1     -2   3   6     4  0.199094  0.665284      95.771       16.2       19.1      0.620       1133.0112  1.038383      0.417735
    307   1      4   4   2     4  0.199293  0.665413      95.829        0.0        0.0      0.001          0.6178  1.037912      0.702202
    308   1      2   2   6     4  0.200060  0.665907      96.050        0.1        0.1      0.009          5.2873  1.036109      0.610314
    309   1     -7   2   3     4  0.201327  0.666720      96.413        2.5        0.0      0.768         82.2950  1.033171      0.871376
    310   1      2   5   1     4  0.202418  0.667414      96.723        7.3        7.4      1.257        405.0106  1.030680      0.524544
    311   1     -5   4   2     4  0.203056  0.667818      96.903       25.1       25.4      1.992       1037.1836  1.029242      0.708210
    312   1      5   4   0     4  0.203144  0.667873      96.928        1.4        1.4      0.100         54.9993  1.029044      0.746768
    313   1      1   5   2     4  0.203705  0.668227      97.086       68.7       60.3      2.816       4287.3843  1.027789      0.469370
    314   1      6   3   1     4  0.203745  0.668252      97.097        0.0        0.0      0.001          0.4478  1.027701      0.857868
    315   1     -6   2   5     4  0.204208  0.668543      97.227        1.1        0.8      0.039         44.7152  1.026673      0.735715
    316   1      0   3   6     4  0.204347  0.668630      97.266        2.7        2.0      0.089        168.4631  1.026365      0.461886
    317   1      2   4   4     4  0.204398  0.668662      97.280       51.7       39.7      1.706       2641.1494  1.026254      0.573422
    318   1     -2   5   2     4  0.204987  0.669030      97.445       42.8       35.1      1.279       2633.5110  1.024959      0.476494
    319   1      3   1   6     4  0.205560  0.669387      97.604       69.6       48.3      2.214       2968.9773  1.023710      0.687944
    320   1      7   0   2     2  0.208076  0.670940      98.298        1.2        1.1      0.081         71.3891  1.018335      0.971542
    321   1      4   3   4     4  0.208149  0.670984      98.318       16.2       16.1      1.026        650.7823  1.018181      0.732809
    322   1     -3   3   6     4  0.208245  0.671043      98.344       34.4       34.6      1.972       2088.5125  1.017980      0.483165
    323   1     -6   0   6     2  0.208892  0.671437      98.520       24.0       23.6      0.921       1980.4421  1.016630      0.712559
    324   1     -5   2   6     4  0.209045  0.671531      98.562       37.3       37.0      1.286       1738.8466  1.016312      0.630616
    325   1     -1   4   5     4  0.209172  0.671608      98.596        1.4        1.4      0.044        105.0306  1.016048      0.382705
    326   1     -4   1   7     4  0.209221  0.671638      98.610        0.0        0.0      0.001          2.5368  1.015948      0.537797
    327   1      5   2   4     4  0.209505  0.671810      98.687       61.8       64.1      1.996       2220.5281  1.015360      0.820214
    328   1     -4   4   4     4  0.209621  0.671880      98.718       11.6       11.9      0.402        581.4203  1.015122      0.587343
    329   1     -5   3   5     4  0.211014  0.672722      99.094        0.7        0.9      0.075         32.8465  1.012278      0.647152
    330   1     -2   2   7     4  0.211344  0.672920      99.182        0.1        0.1      0.018          8.1708  1.011612      0.402610
    331   1      5   3   3     4  0.211387  0.672946      99.194        2.6        3.4      0.441         98.4301  1.011525      0.798041
    332   1      1   1   7     4  0.211739  0.673156      99.288        4.4        7.0      1.035        239.7926  1.010818      0.545748
    333   1     -1   2   7     4  0.211852  0.673224      99.318        0.2        0.3      0.041         11.4154  1.010593      0.410213
    334   1     -2   4   5     4  0.212357  0.673525      99.453        0.6        1.4      0.228         45.1952  1.009585      0.430764
    335   1      4   2   5     4  0.213599  0.674263      99.782        1.0        2.2      0.359         41.6267  1.007135      0.747305
    336   1     -3   5   1     4  0.213659  0.674299      99.798        0.4        0.8      0.128         20.4984  1.007018      0.560821
    337   1      0   4   5     4  0.214294  0.674673      99.966        0.5        0.7      0.090         53.0145  1.005782      0.445414

     -----------------------------------------------------
     BRAGG R-Factors and weight fractions for Pattern #  1
     -----------------------------------------------------

 => Phase:  1      #(C) 2021 by FIZ Karlsruhe - Leibniz Institute for Information Infrastructure.  All rights reserved.
 => Bragg R-factor:   7.75       Vol:  327.143( 0.009)  Fract(%):  100.00( 0.61)
 => Rf-factor=  7.83             ATZ:         743.567   Brindley:  1.0000

     -----------------------------------------------------------------
      SYMBOLIC NAMES AND FINAL VALUES AND SIGMA OF REFINED PARAMETERS:
     -----------------------------------------------------------------

      ->  Parameter number    1 :                                          Zero_pat1    0.46007480E-02( +/-    0.65615901E-03 )
      ->  Parameter number    2 :                                     Scale_ph1_pat1    0.64284545E-02( +/-    0.27604903E-04 )
      ->  Parameter number    3 :                                    Cell_A_ph1_pat1     8.0495110    ( +/-    0.10805732E-03 )
      ->  Parameter number    4 :                                    Cell_B_ph1_pat1     5.4412642    ( +/-    0.94424089E-04 )
      ->  Parameter number    5 :                                    Cell_C_ph1_pat1     7.6423612    ( +/-    0.11268360E-03 )
      ->  Parameter number    6 :                                    Cell_E_ph1_pat1     102.22330    ( +/-    0.10037074E-02 )
      ->  Parameter number    7 :                                    U-Cagl_ph1_pat1    0.36768969E-01( +/-    0.18427656E-02 )
      ->  Parameter number    8 :                                    W-Cagl_ph1_pat1    0.61905934E-02( +/-    0.15630476E-03 )
      ->  Parameter number    9 :                                    V-Cagl_ph1_pat1   -0.10458398E-01( +/-    0.10978860E-02 )
      ->  Parameter number   10 :                                     EtaPV_ph1_pat1    0.45089170    ( +/-    0.13886007E-01 )
      ->  Parameter number   11 :                                     X-tan_ph1_pat1    0.22385851E-02( +/-    0.47162094E-03 )
      ->  Parameter number   12 :                                     Asym1_ph1_pat1    0.26061144E-01( +/-    0.33092406E-02 )
      ->  Parameter number   13 :                                     Asym2_ph1_pat1    0.13957835E-01( +/-    0.65085659E-03 )
      ->  Parameter number   14 :                                       Or1_ph1_pat1   -0.39668018    ( +/-    0.37568491E-02 )
      ->  Parameter number   15 :                                          X_Na1_ph1    0.37028739    ( +/-    0.46368656E-03 )
      ->  Parameter number   16 :                                          Y_Na1_ph1    0.78901857    ( +/-    0.12575650E-02 )
      ->  Parameter number   17 :                                          Z_Na1_ph1    0.11709351    ( +/-    0.63894561E-03 )
      ->  Parameter number   18 :                                          X_Nb1_ph1    0.15520185    ( +/-    0.13830881E-03 )
      ->  Parameter number   19 :                                          Y_Nb1_ph1    0.25587898    ( +/-    0.58809272E-03 )
      ->  Parameter number   20 :                                          Z_Nb1_ph1    0.31733909    ( +/-    0.20550968E-03 )
      ->  Parameter number   21 :                                           X_O1_ph1    0.18166715    ( +/-    0.86612388E-03 )
      ->  Parameter number   22 :                                           Y_O1_ph1    0.16592778    ( +/-    0.13416287E-02 )
      ->  Parameter number   23 :                                           Z_O1_ph1    0.57108723E-01( +/-    0.14347413E-02 )
      ->  Parameter number   24 :                                           X_O2_ph1    0.69812357E-01( +/-    0.78368251E-03 )
      ->  Parameter number   25 :                                           Y_O2_ph1    0.58735144    ( +/-    0.16696234E-02 )
      ->  Parameter number   26 :                                           Z_O2_ph1    0.23544045    ( +/-    0.11131237E-02 )
      ->  Parameter number   27 :                                           X_F1_ph1    0.36404601    ( +/-    0.76676544E-03 )
      ->  Parameter number   28 :                                           Y_F1_ph1    0.42763925    ( +/-    0.12221285E-02 )
      ->  Parameter number   29 :                                           Z_F1_ph1    0.30759010    ( +/-    0.10079781E-02 )
      ->  Parameter number   30 :                                           X_F2_ph1    0.31687108    ( +/-    0.74608147E-03 )
      ->  Parameter number   31 :                                           Y_F2_ph1    0.97894591    ( +/-    0.11084173E-02 )
      ->  Parameter number   32 :                                           Z_F2_ph1    0.38148755    ( +/-    0.10298934E-02 )

 ------------------------------------------------------------------
 => Number of bytes for floating point variables: 4
 => Dimensions of dynamic allocated arrays in this run of FullProf:
 ------------------------------------------------------------------

 => Total approximate array memory (dynamic + static): 128536585 bytes

    MaxPOINT=    60000 Max.num. of points(+int. Inten.)/diffraction pattern       
    MaxREFLT=    20000 Max.num. of reflections/diffraction pattern               
    MaxPARAM=      300 Max.num. of refinable parameters                          
    MaxOVERL=    18096 Max.num. of overlapping reflections                       

 ----------------------------------------------------------
 => Number of bytes for floating point arrays: 4
 => Dimensions of fixed arrays in this release of FullProf:
 ----------------------------------------------------------

    NPATT   =       80 Max.num. of powder diffraction patterns                    
    NATS    =      830 Max.num. of atoms (all kind) in asymmetric unit            
    MPAR    =     1800 Max.num. of non atomic parameters/phase                    
    IEXCL   =       30 Max.num. of excluded regions                               
    IBACP   =      377 Max.num. of background points for interpolation            
    NPHT    =       16 Max.num. of phases                                         
    NMAGM   =        8 Max.num. of rotation-matrices sets for magnetic structure  
    NBASIS  =       12 Max.num. of basis functions associated to a single atom    
    NIREPS  =        9 Max.num. of irreducible representations to be combined     
    N_EQ    =      384 Max.num. of user-supplied symmetry operators/propagation vectors
    NGL     =      400 Max.num. of global parameters/diffraction pattern          
    N_LINC  =       50 Max.num. of global linear restraints                        
    NAT_P   =       80 Max.num. of atomic parameters per atom                     
    NCONST  =      500 Max.num. of slack constraints per phase                    
    N_SPE   =       30 Max.num. of different chemical species                     
    N_FORM  =       60 Max.num. of scattering factor values in a table            
    NPR     =      150 Max.num. of points defining a numerical profile            
    INPR    =       25 Max.num. of different numerical peak shapes                
    NPRC    =      150 Max.num. of terms in the table for correcting intensities  
    NSOL    =       10 Max.num. of solutions to be stored in Montecarlo searchs   

 
              CPU Time:     1.062 seconds
                            0.018 minutes

 => Run finished at:     Date: 03/02/2023  Time: 17:37:42.354                              
