

        **********************************************************
        ** PROGRAM FullProf.2k (Version 7.30 - Mar2020-ILL JRC) **
        **********************************************************
                       M U L T I -- P A T T E R N                 
            Rietveld, Profile Matching & Integrated Intensity     
                 Refinement of X-ray and/or Neutron Data


    Date: 07/02/2023  Time: 13:56:46.284                              

 => PCR file code: NaTaO2F2
 => DAT file code: NaTaO2F2.dat         -> Relative contribution: 1.0000                                                            

 ==> CONDITIONS OF THIS RUN FOR PATTERN No.:  1

 => Global Refinement of X-ray powder diffraction data                                                                              
 => Global Refinement of X-ray powder diffraction data                                                                              
    Bragg-Brentano(X-rays) or Debye-Scherrer geometry(Neutrons)
 => Title:  #(C) 2021 by FIZ Karlsruhe - Leibniz Institute for Information Infrastructure.  All rights reserved.

 => Number of phases:    1
 => Number of excluded regions:    0
 => Number of scattering factors supplied:    0
 => Conventional weights: w=1.0/Variance(yobs)
 => Asymmetry correction as in J.Appl.Cryst. 26,128(1993)
 => Background linearly interpolated between the   23 points given
 => The    5th default profile function was selected
 => Pseudo-Voigt function (ETA variable)
                 X-parameter correspond to: ETA=ETA0+X*2theta
                       pV(x)= ETA*L(x)+(1-ETA)*G(x)

 ==> INPUT/OUTPUT OPTIONS:

 => Generate file *.PRF for plot
 => Output Integrated Intensities
 => Generate new input file *.PCR

 => X-Y type of data: 2theta/TOF/E(Kev) Intens sigma for pattern:  1
 => Plot pattern at each cycle
 => Wavelengths:  1.54056 1.54439
 => Alpha2/Alpha1 ratio:   0.5000
 => Cos(Monochromator angle)=   0.9100
 => Asymmetry correction for angles lower than   90.000 degrees
 => Absorption correction (AC), muR-eff =   0.0000  0.0000
 => Base of peaks: 2.0*HW*    8.00

 => Number of cycles:   33
 => Relaxation factors ==>    for coordinates:  1.00
 => for anisotropic temperature factors:  1.00
 => for halfwidth/strain/size parameters:  1.00
 => for lattice constants and propagation vectors:  1.00
 => EPS-value for convergence:    0.1
 => Background ==> 
    Position   Intensity
       10.21     6051.92        0.00
       12.52     5440.57        0.00
       13.64     5123.20        0.00
       15.47     4757.30        0.00
       18.52     4162.24        0.00
       21.52     3774.44        0.00
       25.64     3535.33        0.00
       30.63     3232.08        0.00
       35.72     2979.92        0.00
       38.50     2748.28        0.00
       42.17     2672.91        0.00
       45.09     2747.07        0.00
       54.02     2825.72        0.00
       62.51     2594.15        0.00
       66.18     2420.69        0.00
       75.03     2469.25        0.00
       77.87     2371.42        0.00
       81.35     2441.96        0.00
       85.89     2350.69        0.00
       88.74     2383.55        0.00

       93.24     2334.10        0.00
       95.57     2340.89        0.00
       97.99     2341.79        0.00

 
 => Number of Least-Squares parameters varied:    31

 =>--------------------------->
 =>------->  PATTERN number:  1
 =>--------------------------->
 => Global parameters and codes ==>
 => Zero-point:    -0.0041   11.0000
 => Displacement peak-shift parameter and code:     0.00    0.00
 => Transparency peak-shift parameter and code:     0.00    0.00

 => Reading Intensity data  =>>

 -> No recognizable heading in input data file X,Y,sigma
    First 6 lines are considered as COMMENTS (except for TSAMP keyword)
 -> COMMENT: 10.0116	6282.0000                                                                                                                   
 -> COMMENT: 10.0247	6455.0000                                                                                                                   
 -> COMMENT: 10.0379	6388.0000                                                                                                                   
 -> COMMENT: 10.0510	6418.0000                                                                                                                   
 -> COMMENT: 10.0641	6292.0000                                                                                                                   
 -> COMMENT: 10.0772	6309.0000                                                                                                                   
 ==> Angular range, step and number of points:
     2Thmin:      10.090400  2Thmax:      99.993401  Step:       0.013132  No. of points:   6848
 --------------------------------------------------------------------------------
 => Phase  No. 1
       #(C) 2021 by FIZ Karlsruhe - Leibniz Institute for Information Infras
 --------------------------------------------------------------------------------
 =>-------> Pattern#  1
 => Crystal Structure Refinement
 => Preferred orientation vector:   0.0000  0.0000  1.0000

 =>-------> Data for PHASE: 1
 => Number of atoms:    6
 => Number of distance  constraints:    0
 => Number of angle     constraints:    0

 => Symmetry information on space group: P 1 21/c 1          
 -> The multiplicity of the general position is:   4
 -> The space group is Centric (-1 at origin)   
 -> Lattice type  P: { 000 }                                       
 -> Reduced set of symmetry operators:

  No.  IT   Symmetry symbol    Rotation part     Associated Translation
   1: ( 1)   1            -->     ( x, y, z) + {  0.0000  0.0000  0.0000}
   2: ( 3)   2 ( 0, y, 0) -->     (-x, y,-z) + {  0.0000  0.5000  0.5000}


        Information on Space Group: 
        --------------------------- 

 =>   Number of Space group:  14
 =>  Hermann-Mauguin Symbol: P 1 21/c 1
 =>             Hall Symbol: -P 2ybc
 =>    Table Setting Choice: b1
 =>            Setting Type: IT (Generated from Hermann-Mauguin symbol)
 =>          Crystal System: Monoclinic
 =>              Laue Class: 2/m
 =>             Point Group: 2/m
 =>         Bravais Lattice: P
 =>          Lattice Symbol: mP
 =>  Reduced Number of S.O.:   2
 =>    General multiplicity:   4
 =>          Centrosymmetry: Centric (-1 at origin)
 =>  Generators (exc. -1&L):   1
 =>         Asymmetric unit:  0.000 <= x <=  1.000
                              0.000 <= y <=  0.250
                              0.000 <= z <=  1.000

 => List of S.O. without inversion and lattice centring translations
 => SYMM(  1): x,y,z                               => SYMM(  2): -x,y+1/2,-z+1/2


 => Initial parameters ==>
 Atom    Ntyp                  X         Y         Z         B         occ.         in  fin  Spc  Mult
                             B11       B22       B33       B12       B13       B23
 Na1    Na                 0.37985   0.78743   0.10445   1.11627   1.00000           0    0    0    4
                 Codes:  141.00000 151.00000 161.00000   0.00000   0.00000
 Ta1    Ta                 0.15924   0.25635   0.29580   0.47176   1.00000           0    0    0    4
                 Codes:  171.00000 181.00000 191.00000   0.00000   0.00000
 O1     O                  0.21488   0.15533   0.04788   0.58064   1.00000           0    0    0    4
                 Codes:  201.00000 211.00000 221.00000   0.00000   0.00000
 O2     O                  0.05590   0.54192   0.21813   0.58064   1.00000           0    0    0    4
                 Codes:  231.00000 241.00000 251.00000   0.00000   0.00000
 F1     F                  0.38196   0.47145   0.30933   1.12063   1.00000           0    0    0    4
                 Codes:  261.00000 271.00000 281.00000   0.00000   0.00000
 F2     F                  0.34231   0.98786   0.37233   1.12063   1.00000           0    0    0    4
                 Codes:  291.00000 301.00000 311.00000   0.00000   0.00000

 => IT IS ASSUMED THAT THE FIRST GIVEN SITE IS FULLY OCCUPIED 
    OR THE FIRST AND SECOND ATOMS ARE IN THE SAME SITE WITH TOTAL FULL OCCUPATION
  (If this is not the case, change the order of atoms to obtain correct values for the content of the unit cell)
    The given occupation factors have been obtained mutiplying m/M by   1.0000
      -> Atom: Na  ,  Chemical element: NA  Atomic Mass:    22.9898
      -> Atom: Ta  ,  Chemical element: TA  Atomic Mass:   180.9479
      -> Atom: O   ,  Chemical element: O   Atomic Mass:    15.9994
      -> Atom: O   ,  Chemical element: O   Atomic Mass:    15.9994
      -> Atom: F   ,  Chemical element: F   Atomic Mass:    18.9984
      -> Atom: F   ,  Chemical element: F   Atomic Mass:    18.9984
 => The given value of ATZ is       1095.73 the program has calculated:        1095.73
    The value of ATZ given in the input PCR file will be used for quantitative analysis
 => The chemical content of the unit cell is: 
       4.0000 Na   +   4.0000 Ta   +   4.0000 O    +   4.0000 O    +   4.0000 F    +   4.0000 F      
 => The normalized site occupation numbers in % are: 
     100.0000 Na1    :      100.0000 Ta1    :      100.0000 O1     :      100.0000 O2     :      100.0000 F1     :      100.0000 F2       
 => The density (volumic mass) of the compound is:    5.547 g/cm3

 =>-------> PROFILE PARAMETERS FOR PATTERN:  1

 => Overall scale factor:   0.199900E-02
 => ETA (p-Voigt) OR M (Pearson VII):   0.3936
 => Overall temperature factor:      0.00000
 => Halfwidth U,V,W:      0.06571    -0.03924     0.01255
 => X and Y parameters:       0.0018      0.0000
 => Direct cell parameters:    8.1420   5.4823   7.5263  90.0000 102.4512  90.0000
 => Preferred orientation parameters:   0.0000  0.0000
 => Asymmetry parameters     :      0.04526     0.00549     0.00000     0.00000
 => Strain parameters        :      0.00000     0.00000     0.00000
 => Size   parameters        :      0.00000     0.00000

 ==> CODEWORDS FOR PROFILE PARAMETERS of PATTERN#  1

 => Overall scale factor:   21.000
 => ETA (p-Voigt) OR M (Pearson VII):  101.000
 => Overall temperature factor:    0.000
 => Halfwidth U,V,W:   71.000  91.000  81.000
 => X and Y parameters:  111.000   0.000
 => Direct cell parameters:   31.000  41.000  51.000   0.000  61.000   0.000
 => Preferred orientation parameters:    0.000   0.000
 => Asymmetry parameters     :  121.000 131.000   0.000   0.000
 => Strain parameters        :    0.000   0.000   0.000
 => Size   parameters        :    0.000   0.000

 => Cell constraints according to Laue symmetry: 2/m  

        Metric information:
        -------------------

 => Direct cell parameters:

         a =       8.1420      b =       5.4823      c =       7.5263
     alpha =       90.000   beta =      102.451  gamma =       90.000
                        Direct Cell Volume =     328.0482

 => Reciprocal cell parameters:

         a*=     0.125778      b*=     0.182406      c*=     0.136068
     alpha*=       90.000   beta*=       77.549  gamma*=       90.000
                    Reciprocal Cell Volume =   0.00304833

 => Direct and Reciprocal Metric Tensors:

                   GD                                       GR
     66.2929      0.0000    -13.2123          0.015820    0.000000    0.003690
      0.0000     30.0554      0.0000          0.000000    0.033272    0.000000
    -13.2123      0.0000     56.6447          0.003690    0.000000    0.018515

 =>  Cartesian frame: z // c; y is in the bc-plane; x is y ^ z = a*  

     Crystal_to_Orthonormal_Matrix              Orthonormal_to_Crystal Matrix
              Cr_Orth_cel                               Orth_Cr_cel  
      8.1420      0.0000     -1.6227          0.122819   -0.000000    0.027119
      0.0000      5.4823      0.0000          0.000000    0.182406   -0.000000
      0.0000      0.0000      7.3492          0.000000    0.000000    0.136068

     Busing-Levy B-matrix: Hc=B.H            Inverse of the Busing-Levy B-matrix
                BL_M                                      BL_Minv  
    0.125778    0.000000    0.029337            7.9505     -0.0000     -1.7555
    0.000000    0.182406   -0.000000            0.0000      5.4823      0.0000
    0.000000    0.000000    0.132868            0.0000      0.0000      7.5263

 => Laue symmetry 2/m   will be used to generate HKL for pattern#   1
 => Reflections generated between S(1/d)min:  0.1139 A-1 and S(1/d)max:  1.0104 A-1
 =>                                    dmax:  8.7808 A   and      dmin:  0.9897 A
 => The number of reflections generated is:    358
 => The max. scatt. variable (gen.ref.) is:       102.2110
 => Scattering coefficients from internal table


 => X-ray scattering coeff. (A1, B1, A2,...C, f(0), Z, Dfp,Dfpp)

 NA      4.7626   3.2850   3.1736   8.8422   1.2674   0.3136   1.1128 129.4240   0.6760  10.9924  11.0000   0.1290   0.1240
 TA     29.2024   1.7733  15.2293   9.3705  14.5135   0.2960   4.7649  63.3644   9.2435  72.9537  73.0000  -6.3510   5.2710
 O       3.0485  13.2771   2.2868   5.7011   1.5463   0.3239   0.8670  32.9089   0.2508   7.9994   8.0000   0.0470   0.0320
 F       3.5392  10.2825   2.6412   4.2944   1.5170   0.2615   1.0243  26.1476   0.2776   8.9993   9.0000   0.0690   0.0530

     --------------------------------------------------------------
      SYMBOLIC NAMES AND INITIAL VALUES OF PARAMETERS TO BE VARIED:
     --------------------------------------------------------------

      ->  Parameter number    1   -> Symbolic Name:                                          Zero_pat1   -0.40899999E-02
      ->  Parameter number    2   -> Symbolic Name:                                     Scale_ph1_pat1    0.19990001E-02
      ->  Parameter number    3   -> Symbolic Name:                                    Cell_A_ph1_pat1     8.1420422    
      ->  Parameter number    4   -> Symbolic Name:                                    Cell_B_ph1_pat1     5.4822841    
      ->  Parameter number    5   -> Symbolic Name:                                    Cell_C_ph1_pat1     7.5262651    
      ->  Parameter number    6   -> Symbolic Name:                                    Cell_E_ph1_pat1     102.45121    
      ->  Parameter number    7   -> Symbolic Name:                                    U-Cagl_ph1_pat1    0.65709002E-01
      ->  Parameter number    8   -> Symbolic Name:                                    W-Cagl_ph1_pat1    0.12551000E-01
      ->  Parameter number    9   -> Symbolic Name:                                    V-Cagl_ph1_pat1   -0.39244998E-01
      ->  Parameter number   10   -> Symbolic Name:                                     EtaPV_ph1_pat1    0.39359999    
      ->  Parameter number   11   -> Symbolic Name:                                     X-tan_ph1_pat1    0.17930000E-02
      ->  Parameter number   12   -> Symbolic Name:                                     Asym1_ph1_pat1    0.45260001E-01
      ->  Parameter number   13   -> Symbolic Name:                                     Asym2_ph1_pat1    0.54899999E-02
      ->  Parameter number   14   -> Symbolic Name:                                          X_Na1_ph1    0.37985000    
      ->  Parameter number   15   -> Symbolic Name:                                          Y_Na1_ph1    0.78742999    
      ->  Parameter number   16   -> Symbolic Name:                                          Z_Na1_ph1    0.10445000    
      ->  Parameter number   17   -> Symbolic Name:                                          X_Ta1_ph1    0.15924001    
      ->  Parameter number   18   -> Symbolic Name:                                          Y_Ta1_ph1    0.25635001    
      ->  Parameter number   19   -> Symbolic Name:                                          Z_Ta1_ph1    0.29580000    
      ->  Parameter number   20   -> Symbolic Name:                                           X_O1_ph1    0.21488000    
      ->  Parameter number   21   -> Symbolic Name:                                           Y_O1_ph1    0.15533000    
      ->  Parameter number   22   -> Symbolic Name:                                           Z_O1_ph1    0.47880001E-01
      ->  Parameter number   23   -> Symbolic Name:                                           X_O2_ph1    0.55900000E-01
      ->  Parameter number   24   -> Symbolic Name:                                           Y_O2_ph1    0.54192001    
      ->  Parameter number   25   -> Symbolic Name:                                           Z_O2_ph1    0.21813001    
      ->  Parameter number   26   -> Symbolic Name:                                           X_F1_ph1    0.38196000    
      ->  Parameter number   27   -> Symbolic Name:                                           Y_F1_ph1    0.47145000    
      ->  Parameter number   28   -> Symbolic Name:                                           Z_F1_ph1    0.30932999    
      ->  Parameter number   29   -> Symbolic Name:                                           X_F2_ph1    0.34231001    
      ->  Parameter number   30   -> Symbolic Name:                                           Y_F2_ph1    0.98786002    
      ->  Parameter number   31   -> Symbolic Name:                                           Z_F2_ph1    0.37233001    
  
 
 => No optimization for routine tasks
 ++++++++++++++++++++++++++++++++++++++++++++++++++++++++++++++++++++++++++++++++++++++++++++++++++++++++++++++++++++++++

 => CYCLE No.:    1
 ---------------------------------------------------------------------------------------
 => Phase  1 Name:  #(C) 2021 by FIZ Karlsruhe - Leibniz Institute for Information Infras
 ---------------------------------------------------------------------------------------
 => New parameters, shifts, and standard deviations

 Atom        x       dx      sx       y       dy      sy       z       dz      sz       B       dB      sB      occ.    docc.   socc.

 Na1      0.37985-0.00000 0.00059  0.78745 0.00002 0.00139  0.10445-0.00000 0.00073  1.11627 0.00000 0.00000  1.00000 0.00000 0.00000
 Ta1      0.15924-0.00000 0.00010  0.25635-0.00000 0.00042  0.29580-0.00000 0.00012  0.47176 0.00000 0.00000  1.00000 0.00000 0.00000
 O1       0.21488-0.00000 0.00102  0.15533-0.00000 0.00128  0.04787-0.00001 0.00143  0.58064 0.00000 0.00000  1.00000 0.00000 0.00000
 O2       0.05590-0.00000 0.00123  0.54188-0.00004 0.00183  0.21813-0.00000 0.00158  0.58064 0.00000 0.00000  1.00000 0.00000 0.00000
 F1       0.38197 0.00001 0.00120  0.47140-0.00005 0.00170  0.30934 0.00001 0.00152  1.12063 0.00000 0.00000  1.00000 0.00000 0.00000
 F2       0.34229-0.00002 0.00107  0.98784-0.00002 0.00157  0.37231-0.00002 0.00135  1.12063 0.00000 0.00000  1.00000 0.00000 0.00000

 ==> PROFILE PARAMETERS FOR PATTERN#  1

 => Overall scale factor:      0.001998934    -0.000000066     0.000003432
 => Eta(p-Voigt) or m(Pearson VII):   0.393600  0.000000  0.011141
 => Overall tem. factor:     0.000000    0.000000    0.000000
 => Halfwidth parameters: 
         0.065702   -0.000007    0.001618
        -0.039234    0.000011    0.001136
         0.012550   -0.000001    0.000197
 => Cell parameters: 
        8.142041   -0.000001    0.000084
        5.482282   -0.000002    0.000061
        7.526263   -0.000002    0.000077
       90.000000    0.000000    0.000000
      102.451210    0.000000    0.000641
       90.000000    0.000000    0.000000
 => Preferred orientation: 
         0.000000    0.000000    0.000000
         0.000000    0.000000    0.000000
 => Asymmetry parameters: 
         0.045211   -0.000049    0.002597
         0.005490   -0.000000    0.000679
         0.000000    0.000000    0.000000
         0.000000    0.000000    0.000000
 => X and Y parameters: 
         0.001788   -0.000005    0.000325
         0.000000    0.000000    0.000000
 => Strain parameters: 
         0.000000    0.000000    0.000000
         0.000000    0.000000    0.000000
         0.000000    0.000000    0.000000
 => Size   parameters (G,L): 
         0.000000    0.000000    0.000000
         0.000000    0.000000    0.000000

 ==> GLOBAL PARAMETERS FOR PATTERN#  1


 => Zero-point:    -0.0041   -0.0000    0.0005

 => Cos( theta)-shift parameter :   0.0000  0.0000  0.0000
 => Sin(2theta)-shift parameter :   0.0000  0.0000  0.0000

 ==> RELIABILITY FACTORS WITH ALL NON-EXCLUDED POINTS FOR PATTERN:  1

 => R-Factors:   3.61      5.06     Chi2:  11.4     DW-Stat.:  0.3379   Patt#:  1
 => Expected :            1.50                                1.9341
 => Deviance : 0.805E+05     Dev*:   11.81    
 => GoF-index:  3.4         Sqrt(Residual/N)
 => N-P+C:  6817

 =>    SumYdif       SumYobs      SumYcal      SumwYobsSQ     Residual    Condition
     0.1099E+07    0.3044E+08    0.3037E+08    0.3044E+08    0.7788E+05    0.7689E+10


 => Conventional Rietveld Rp,Rwp,Re and Chi2:   10.8      10.8      3.19      11.42    
 => (Values obtained using Ynet, but true sigma(y))
 =>  SumYnet, Sum(w Ynet**2):     0.1017E+08    0.6699E+07


 ==> RELIABILITY FACTORS FOR POINTS WITH BRAGG CONTRIBUTIONS FOR PATTERN:  1

 => R-Factors:   3.88      5.34     Chi2:  12.8     DW-Stat.:  0.3469   Patt#:
 => Expected :            1.49                                1.9301
 => Deviance : 0.784E+05     Dev*:   13.24    
 => GoF-index:  3.6         Sqrt(Residual/N)
 => N-P+C:  5926

 =>    SumYdif       SumYobs      SumYcal      SumwYobsSQ     Residual    Condition
     0.1031E+07    0.2662E+08    0.2656E+08    0.2662E+08    0.7586E+05    0.7689E+10


 => Conventional Rietveld Rp,Rwp,Re and Chi2:   10.2      10.6      2.97      12.80    
 => (Values obtained using Ynet, but true sigma(y))
 =>  SumYnet, Sum(w Ynet**2):     0.1015E+08    0.6697E+07


 => Global user-weigthed Chi2 (Bragg contrib.):   12.8    

 => ---------> Pattern#  1
 => Phase:  1
 =>    Bragg R-factor:  6.19    
 =>    RF-factor     :  4.83    


   Standard deviations have to be multiplied by: 3.3702
   (correlated residuals) See references:
  -J.F.Berar & P.Lelann, J. Appl. Cryst. 24, 1-5 (1991) 
  -J.F.Berar, Acc. in Pow. Diff. II,NIST Sp.Pub. 846, 63(1992) 

 ++++++++++++++++++++++++++++++++++++++++++++++++++++++++++++++++++++++++++++++++++++++++++++++++++++++++++++++++++++++++

 => CYCLE No.:    1
 =>  Convergence reached at this CYCLE !!!!
 =>  Parameter shifts set to zero
 ---------------------------------------------------------------------------------------
 => Phase  1 Name:  #(C) 2021 by FIZ Karlsruhe - Leibniz Institute for Information Infras
 ---------------------------------------------------------------------------------------
 => New parameters, shifts, and standard deviations

 Atom        x       dx      sx       y       dy      sy       z       dz      sz       B       dB      sB      occ.    docc.   socc.

 Na1      0.37985 0.00000 0.00059  0.78745 0.00000 0.00139  0.10445 0.00000 0.00073  1.11627 0.00000 0.00000  1.00000 0.00000 0.00000
 Ta1      0.15924 0.00000 0.00010  0.25635 0.00000 0.00042  0.29580 0.00000 0.00012  0.47176 0.00000 0.00000  1.00000 0.00000 0.00000
 O1       0.21488 0.00000 0.00102  0.15533 0.00000 0.00128  0.04787 0.00000 0.00143  0.58064 0.00000 0.00000  1.00000 0.00000 0.00000
 O2       0.05590 0.00000 0.00123  0.54188 0.00000 0.00183  0.21813 0.00000 0.00158  0.58064 0.00000 0.00000  1.00000 0.00000 0.00000
 F1       0.38197 0.00000 0.00120  0.47140 0.00000 0.00170  0.30934 0.00000 0.00152  1.12063 0.00000 0.00000  1.00000 0.00000 0.00000
 F2       0.34229 0.00000 0.00107  0.98784 0.00000 0.00157  0.37231 0.00000 0.00135  1.12063 0.00000 0.00000  1.00000 0.00000 0.00000

 ==> PROFILE PARAMETERS FOR PATTERN#  1

 => Overall scale factor:      0.001998934     0.000000000     0.000003432
 => Eta(p-Voigt) or m(Pearson VII):   0.393600  0.000000  0.011141
 => Overall tem. factor:     0.000000    0.000000    0.000000
 => Halfwidth parameters: 
         0.065702    0.000000    0.001618
        -0.039234    0.000000    0.001136
         0.012550    0.000000    0.000197
 => Cell parameters: 
        8.142041    0.000000    0.000084
        5.482282    0.000000    0.000061
        7.526263    0.000000    0.000077
       90.000000    0.000000    0.000000
      102.451210    0.000000    0.000641
       90.000000    0.000000    0.000000
 => Preferred orientation: 
         0.000000    0.000000    0.000000
         0.000000    0.000000    0.000000
 => Asymmetry parameters: 
         0.045211    0.000000    0.002597
         0.005490    0.000000    0.000679
         0.000000    0.000000    0.000000
         0.000000    0.000000    0.000000
 => X and Y parameters: 
         0.001788    0.000000    0.000325
         0.000000    0.000000    0.000000
 => Strain parameters: 
         0.000000    0.000000    0.000000
         0.000000    0.000000    0.000000
         0.000000    0.000000    0.000000
 => Size   parameters (G,L): 
         0.000000    0.000000    0.000000
         0.000000    0.000000    0.000000

 ==> GLOBAL PARAMETERS FOR PATTERN#  1


 => Zero-point:    -0.0041    0.0000    0.0005

 => Cos( theta)-shift parameter :   0.0000  0.0000  0.0000
 => Sin(2theta)-shift parameter :   0.0000  0.0000  0.0000

 ==> RELIABILITY FACTORS WITH ALL NON-EXCLUDED POINTS FOR PATTERN:  1

 => R-Factors:   3.61      5.06     Chi2:  11.4     DW-Stat.:  0.3379   Patt#:  1
 => Expected :            1.50                                1.9341
 => Deviance : 0.805E+05     Dev*:   11.81    
 => GoF-index:  3.4         Sqrt(Residual/N)
 => N-P+C:  6817

 =>    SumYdif       SumYobs      SumYcal      SumwYobsSQ     Residual    Condition
     0.1099E+07    0.3044E+08    0.3037E+08    0.3044E+08    0.7788E+05    0.7689E+10


 => Conventional Rietveld Rp,Rwp,Re and Chi2:   10.8      10.8      3.19      11.42    
 => (Values obtained using Ynet, but true sigma(y))
 =>  SumYnet, Sum(w Ynet**2):     0.1017E+08    0.6699E+07

 => N-sigma of the GoF:      608.607

 ==> RELIABILITY FACTORS FOR POINTS WITH BRAGG CONTRIBUTIONS FOR PATTERN:  1

 => R-Factors:   3.88      5.34     Chi2:  12.8     DW-Stat.:  0.3469   Patt#:
 => Expected :            1.49                                1.9301
 => Deviance : 0.784E+05     Dev*:   13.24    
 => GoF-index:  3.6         Sqrt(Residual/N)
 => N-P+C:  5926

 =>    SumYdif       SumYobs      SumYcal      SumwYobsSQ     Residual    Condition
     0.1031E+07    0.2662E+08    0.2656E+08    0.2662E+08    0.7586E+05    0.7689E+10


 => Conventional Rietveld Rp,Rwp,Re and Chi2:   10.2      10.6      2.97      12.80    
 => (Values obtained using Ynet, but true sigma(y))
 =>  SumYnet, Sum(w Ynet**2):     0.1015E+08    0.6697E+07

 => N-sigma of the GoF:      642.395

 => Global user-weigthed Chi2 (Bragg contrib.):   13.1    

 => ---------> Pattern#  1
 => Phase:  1
 =>    Bragg R-factor:  6.19    
 =>    RF-factor     :  4.83    

 --------------------------------------------------------------------------------------------------------------
 Pattern#  1 Phase No.:   1 Phase name:  #(C) 2021 by FIZ Karlsruhe - 
 --------------------------------------------------------------------------------------------------------------

   No.  Code     H   K   L  Mult      Hw      ETA/M    2theta/TOF     Icalc       Iobs      Sigma     StrFactor^2    d-hkl       CORR

      1   1      1   0   0     2  0.096713  0.413485      11.120     3988.5     3580.8      9.118      10102.8115  7.950541      1.000000
      2   1      1   1   0     4  0.087891  0.428746      19.653    10273.3    10015.3     11.234      41522.2031  4.513311      1.000000
      3   1      0   1   1     4  0.087445  0.429708      20.191       17.6       48.8      3.084         75.2395  4.394322      1.000000
      4   1     -1   1   1     4  0.086204  0.432573      21.793       23.8       49.9      4.406        119.1648  4.074800      1.000000
      5   1      2   0   0     2  0.085808  0.433561      22.346     1192.7     1292.1      5.975      12573.7168  3.975271      1.000000
      6   1      0   0   2     2  0.084602  0.436878      24.200     3772.4     3679.0      7.116      46963.0391  3.674623      1.000000
      7   1      1   1   1     4  0.084511  0.437152      24.354        8.8        8.8      0.016         55.7215  3.651814      1.000000
      8   1     -1   0   2     2  0.084498  0.437191      24.376     3894.3     3821.1      6.464      49217.1797  3.648604      1.000000
      9   1      2   1   0     4  0.082883  0.443129      27.696     7354.3     7477.0      9.983      60789.0898  3.218249      1.000000
     10   1     -2   1   1     4  0.082685  0.444103      28.240       82.9       62.5      2.018        713.6916  3.157443      1.000000
     11   1      1   0   2     2  0.082483  0.445205      28.857        4.5        5.7      0.357         80.9881  3.091395      1.000000
     12   1      0   1   2     4  0.082373  0.445879      29.234     2415.3     2608.4      6.335      22388.4023  3.052382      1.000000
     13   1     -2   0   2     2  0.082354  0.446000      29.302      111.4      120.2      0.278       2075.5127  3.045464      1.000000
     14   1     -1   1   2     4  0.082332  0.446142      29.381     1282.7     1400.5      3.809      12015.0332  3.037420      1.000000
     15   1      2   1   1     4  0.081838  0.451232      32.227       11.0        0.0      3.490        125.5877  2.775354      1.000000
     16   1      0   2   0     2  0.081813  0.451972      32.641     1519.7     1482.7      5.577      35661.7383  2.741142      1.000000
     17   1      1   1   2     4  0.081800  0.453050      33.244     2920.9     2973.9      6.219      35651.6250  2.692785      1.000000
     18   1     -2   1   2     4  0.081805  0.453752      33.636     2674.2     2747.2      5.736      33474.3438  2.662266      1.000000
     19   1      3   0   0     2  0.081810  0.454034      33.794      993.4     1102.3      3.121      25123.7266  2.650180      1.000000
     20   1      1   2   0     4  0.081864  0.455447      34.584      964.7     1020.1      4.654      12824.0791  2.591444      1.000000
     21   1      0   2   1     4  0.081899  0.456021      34.905       29.6       30.6      2.171        401.1934  2.568310      1.000000
     22   1     -1   2   1     4  0.082056  0.457793      35.896        1.0        0.0      2.959         14.5631  2.499672      1.000000
     23   1      2   0   2     2  0.082232  0.459193      36.679      562.1      583.5      4.985      16980.4492  2.448082      1.000000
     24   1     -3   1   1     4  0.082394  0.460238      37.263      181.5      168.5      1.028       2837.1169  2.411028      1.000000
     25   1     -3   0   2     2  0.082398  0.460265      37.278      613.8      570.6      3.064      19209.5156  2.410104      1.000000
     26   1      1   2   1     4  0.082490  0.460794      37.574       83.3       66.1      2.327       1326.5242  2.391811      1.000000
     27   1      3   1   0     4  0.082521  0.460963      37.668        6.1        5.1      0.335         97.0599  2.386017      1.000000
     28   1     -1   1   3     4  0.083310  0.464454      39.621      210.1      213.2      4.109       3756.6104  2.272825      1.000000
     29   1      2   2   0     4  0.083455  0.464984      39.917      540.1      510.2      3.277       9817.6074  2.256656      1.000000
     30   1      0   1   3     4  0.083648  0.465651      40.290        1.8        2.0      0.014         32.5293  2.236609      1.000000
     31   1     -2   2   1     4  0.083660  0.465692      40.313        5.3        6.1      0.031         97.7338  2.235386      1.000000
     32   1      2   1   2     4  0.083660  0.465694      40.314      602.9      696.4      3.544      11201.9873  2.235340      1.000000
     33   1     -3   1   2     4  0.083967  0.466684      40.868      845.9      873.6      3.762      16196.2139  2.206316      1.000000
     34   1      0   2   2     4  0.084070  0.467002      41.046      860.0      877.0      2.964      16626.8516  2.197161      1.000000
     35   1     -1   2   2     4  0.084135  0.467198      41.155     1032.8      964.5      3.171      20084.5371  2.191561      1.000000
     36   1      3   1   1     4  0.084658  0.468683      41.985        8.2        7.6      1.971        166.1052  2.150133      1.000000
     37   1     -2   1   3     4  0.084834  0.469154      42.249       12.7        4.3      2.359        260.7574  2.137341      1.000000
     38   1      2   2   1     4  0.085611  0.471076      43.323       33.9       58.4      3.884        739.0151  2.086769      1.000000
     39   1      1   2   2     4  0.086243  0.472498      44.119       99.1       97.1      2.495       2247.8564  2.050982      1.000000
     40   1      1   1   3     4  0.086255  0.472522      44.132       29.7       29.1      0.686        673.3919  2.050390      1.000000
     41   1     -2   2   2     4  0.086503  0.473052      44.428      303.9      295.6      3.310       7002.9482  2.037400      1.000000
     42   1      4   0   0     2  0.087552  0.475152      45.603      676.7      747.5      4.988      33050.6016  1.987635      1.000000
     43   1      3   0   2     2  0.088246  0.476437      46.321      473.8      399.8      3.619      23961.7539  1.958457      1.000000
     44   1     -4   0   2     2  0.088953  0.477677      47.015      688.6      651.1      4.041      35994.0273  1.931169      1.000000
     45   1     -3   2   1     4  0.089316  0.478291      47.358       15.9       16.0      0.657        421.8351  1.917969      1.000000
     46   1     -4   1   1     4  0.089670  0.478875      47.685        0.2        0.2      0.001          4.7489  1.905586      1.000000
     47   1      3   2   0     4  0.089678  0.478889      47.692     1864.6     1949.6      5.472      50317.2773  1.905307      1.000000
     48   1     -3   1   3     4  0.089718  0.478954      47.729       34.4       35.9      0.106        929.7186  1.903939      1.000000
     49   1     -1   0   4     2  0.090402  0.480044      48.339     1332.5     1533.3      4.839      74133.0078  1.881330      1.000000
     50   1      4   1   0     4  0.090807  0.480671      48.689      945.3     1067.5      4.129      26724.6445  1.868614      1.000000
     51   1     -1   2   3     4  0.091561  0.481799      49.320        6.4        6.2      0.295        185.1957  1.846166      1.000000
     52   1      3   1   2     4  0.091625  0.481894      49.373       77.0       70.8      1.891       2244.7104  1.844308      1.000000
     53   1      0   0   4     2  0.091872  0.482253      49.574       52.4       62.0      1.265       3084.4185  1.837312      1.000000
     54   1      0   2   3     4  0.092259  0.482808      49.884        0.9        0.9      0.003         27.1499  1.826598      1.000000
     55   1      2   2   2     4  0.092284  0.482845      49.904     1739.2     1694.8      4.915      51953.0547  1.825907      1.000000
     56   1     -2   0   4     2  0.092343  0.482928      49.951      177.8      172.6      0.535      10647.2676  1.824302      1.000000
     57   1     -4   1   2     4  0.092449  0.483077      50.034       13.2       13.2      0.048        395.8006  1.821465      1.000000
     58   1     -3   2   2     4  0.092884  0.483684      50.374     1136.3     1035.4      4.236      34665.6328  1.809985      1.000000
     59   1      2   1   3     4  0.093138  0.484034      50.569        1.5        1.5      0.022         45.7196  1.803447      1.000000
     60   1      1   3   0     4  0.094049  0.485256      51.253      661.7      614.5      4.050      20985.4102  1.780988      1.000000

   No.  Code     H   K   L  Mult      Hw      ETA/M    2theta/TOF     Icalc       Iobs      Sigma     StrFactor^2    d-hkl       CORR

     61   1     -1   1   4     4  0.094113  0.485340      51.300       13.6       12.2      0.088        431.3539  1.779468      1.000000
     62   1      3   2   1     4  0.094151  0.485389      51.327        3.0        2.7      0.022         96.2438  1.778577      1.000000
     63   1      0   3   1     4  0.094370  0.485675      51.487       64.2       56.7      1.166       2057.6023  1.773425      1.000000
     64   1     -2   2   3     4  0.094461  0.485793      51.553        6.2        4.9      0.204        200.0920  1.771316      1.000000
     65   1     -1   3   1     4  0.095392  0.486980      52.217        1.6        1.4      0.156         52.4143  1.750347      1.000000
     66   1      0   1   4     4  0.095775  0.487457      52.484      976.7      958.9      4.925      32661.2090  1.742082      1.000000
     67   1     -2   1   4     4  0.096304  0.488105      52.846      489.7      461.7      3.193      16631.1074  1.730981      1.000000
     68   1      4   1   1     4  0.096390  0.488209      52.904        0.0        0.0      0.000          0.6282  1.729218      1.000000
     69   1      1   2   3     4  0.096801  0.488704      53.181        0.4        0.0      0.040         12.3998  1.720870      1.000000
     70   1      1   3   1     4  0.097246  0.489232      53.476        0.1        0.1      0.004          3.9693  1.712065      1.000000
     71   1      1   0   4     2  0.097299  0.489294      53.511      142.5      130.0      2.991       9953.8457  1.711031      1.000000
     72   1     -3   0   4     2  0.098401  0.490571      54.225       85.9       17.2      3.008       6183.7266  1.690179      1.000000
     73   1      2   3   0     4  0.100096  0.492458      55.280     1053.0      978.8      5.417      39546.5156  1.660391      1.000000
     74   1     -4   1   3     4  0.100332  0.492715      55.424       20.5       19.9      0.119        774.2534  1.656430      1.000000
     75   1     -2   3   1     4  0.100608  0.493012      55.590       46.5       47.6      1.073       1766.1520  1.651863      1.000000
     76   1      0   3   2     4  0.101580  0.494044      56.167      333.1      312.9      2.215      12961.6777  1.636258      1.000000
     77   1     -1   3   2     4  0.101728  0.494199      56.254      232.2      233.3      0.838       9064.6670  1.633941      1.000000
     78   1      1   1   4     4  0.101767  0.494240      56.277      880.5      902.3      3.038      34408.9023  1.633330      1.000000
     79   1     -4   2   1     4  0.101817  0.494292      56.306       35.4       36.9      0.131       1386.0431  1.632553      1.000000
     80   1     -3   2   3     4  0.101884  0.494362      56.345        4.0        4.1      0.018        155.1447  1.631517      1.000000
     81   1     -3   1   4     4  0.102965  0.495475      56.967      983.9     1111.5      4.424      39508.7070  1.615162      1.000000
     82   1      4   2   0     4  0.103377  0.495892      57.200      306.3      416.5      2.067      12410.3682  1.609125      1.000000
     83   1      4   0   2     2  0.103379  0.495894      57.201       33.3       45.3      0.226       2694.7673  1.609102      1.000000
     84   1      3   2   2     4  0.104477  0.496988      57.813      606.8      730.8      3.816      25174.7578  1.593525      1.000000
     85   1      5   0   0     2  0.104725  0.497231      57.949      103.7      117.8      0.655       8646.3906  1.590108      1.000000
     86   1     -5   0   2     2  0.104762  0.497268      57.970       73.1       83.3      0.475       6097.9795  1.589589      1.000000
     87   1      2   3   1     4  0.104798  0.497303      57.989        0.6        0.7      0.004         25.3693  1.589102      1.000000
     88   1     -4   2   2     4  0.105568  0.498050      58.407      618.7      761.1      3.659      26253.2578  1.578721      1.000000
     89   1      1   3   2     4  0.105993  0.498458      58.635      682.8      734.5      2.952      29221.0293  1.573126      1.000000
     90   1     -2   3   2     4  0.106468  0.498910      58.888      858.6      823.8      3.283      37098.6055  1.566972      1.000000
     91   1      2   2   3     4  0.106470  0.498912      58.889       13.3       12.7      0.051        572.7360  1.566946      1.000000
     92   1      3   1   3     4  0.106684  0.499114      59.002        2.0        1.9      0.013         88.0359  1.564213      1.000000
     93   1     -5   1   1     4  0.106937  0.499353      59.135        1.6        1.6      0.030         69.0039  1.561002      1.000000
     94   1     -1   2   4     4  0.107731  0.500093      59.549      719.2      758.4      3.794      31841.8711  1.551141      1.000000
     95   1      2   0   4     2  0.108179  0.500506      59.780      222.2      233.4      0.958      19845.3223  1.545697      1.000000
     96   1      4   1   2     4  0.108323  0.500637      59.854      912.4      938.3      3.328      40853.6211  1.543971      1.000000
     97   1      5   1   0     4  0.109760  0.501938      60.581      531.4      576.2      1.995      24432.6270  1.527168      1.000000
     98   1     -5   1   2     4  0.109800  0.501974      60.601      844.1      901.2      2.872      38831.4805  1.526708      1.000000
     99   1      0   2   4     4  0.109846  0.502014      60.624       86.3       90.4      0.295       3971.3374  1.526191      1.000000
    100   1     -4   0   4     2  0.110152  0.502287      60.776      275.2      280.2      1.089      25474.5020  1.522732      1.000000
    101   1     -2   2   4     4  0.110511  0.502605      60.954      284.9      278.8      1.931      13274.0156  1.518710      1.000000
    102   1      4   2   1     4  0.110618  0.502700      61.007        5.5        5.8      0.057        257.9431  1.517519      1.000000
    103   1     -3   3   1     4  0.111245  0.503249      61.314        8.9        2.7      0.658        420.9072  1.510648      1.000000
    104   1      3   3   0     4  0.111822  0.503751      61.595        5.4        0.0      1.081        255.6759  1.504437      1.000000
    105   1      2   1   4     4  0.113434  0.505128      62.365       18.9        0.0      3.243        926.9287  1.487698      1.000000
    106   1     -1   3   3     4  0.114731  0.506214      62.972        0.5        0.0      0.347         23.7272  1.474807      1.000000
    107   1     -4   2   3     4  0.115478  0.506830      63.317        2.2        1.8      0.167        108.9405  1.467609      1.000000
    108   1     -4   1   4     4  0.115522  0.506866      63.337       15.6       14.0      0.964        786.9719  1.467188      1.000000
    109   1      0   3   3     4  0.115777  0.507075      63.454        6.3        5.9      0.122        319.3963  1.464774      1.000000
    110   1      2   3   2     4  0.115815  0.507106      63.471      180.1      168.0      3.212       9157.7910  1.464418      1.000000
    111   1     -3   3   2     4  0.116700  0.507825      63.873      234.1      216.9      2.751      12060.8389  1.456165      1.000000
    112   1      1   2   4     4  0.117214  0.508238      64.104      194.4      167.2      1.960      10094.7305  1.451470      1.000000
    113   1     -1   1   5     4  0.117281  0.508292      64.134        9.8        8.2      0.122        507.5166  1.450866      1.000000
    114   1      3   3   1     4  0.118540  0.509292      64.694        4.1        2.4      0.279        217.3577  1.439659      1.000000
    115   1     -3   2   4     4  0.118653  0.509381      64.743       46.7       29.1      1.972       2476.7117  1.438676      1.000000
    116   1      5   1   1     4  0.118832  0.509522      64.822       14.8        9.6      0.629        785.0153  1.437122      1.000000
    117   1     -5   1   3     4  0.118920  0.509591      64.861        9.4        6.2      0.434        501.5541  1.436355      1.000000
    118   1     -2   3   3     4  0.118984  0.509641      64.889        3.6        2.4      0.179        194.2824  1.435801      1.000000
    119   1     -2   1   5     4  0.119077  0.509714      64.929        1.7        1.1      0.098         89.8298  1.435004      1.000000
    120   1      0   1   5     4  0.120894  0.511121      65.716        4.6        0.0      2.294        250.7250  1.419709      1.000000

   No.  Code     H   K   L  Mult      Hw      ETA/M    2theta/TOF     Icalc       Iobs      Sigma     StrFactor^2    d-hkl       CORR

    121   1      1   3   3     4  0.122278  0.512173      66.304       11.3        6.8      2.638        629.6838  1.408537      1.000000
    122   1      3   2   3     4  0.123069  0.512767      66.637       21.2       14.0      2.175       1193.8770  1.402318      1.000000
    123   1     -5   2   1     4  0.123368  0.512990      66.761        4.0        2.5      0.572        223.8600  1.400003      1.000000
    124   1      4   2   2     4  0.124996  0.514192      67.433        2.1        0.4      1.129        123.4255  1.387677      1.000000
    125   1      3   0   4     2  0.126420  0.515225      68.011      113.9      141.1      2.775      13382.1729  1.377283      1.000000
    126   1     -3   1   5     4  0.126538  0.515310      68.059        1.0        1.2      0.020         60.3061  1.376443      1.000000
    127   1      5   2   0     4  0.126678  0.515411      68.115       63.3       69.3      1.154       3725.5134  1.375440      1.000000
    128   1     -5   2   2     4  0.126725  0.515445      68.134       13.6       14.9      0.248        804.0856  1.375103      1.000000
    129   1      0   4   0     2  0.127366  0.515903      68.390      335.6      335.4      2.976      39861.7344  1.370571      1.000000
    130   1     -4   3   1     4  0.129065  0.517105      69.062        0.0        0.0      0.002          1.6928  1.358865      1.000000
    131   1      4   1   3     4  0.129069  0.517108      69.064        0.7        0.8      0.039         43.8127  1.358837      1.000000
    132   1     -3   3   3     4  0.129153  0.517167      69.097        0.9        1.0      0.035         56.5795  1.358267      1.000000
    133   1      5   0   2     2  0.129399  0.517339      69.193      150.6      160.4      1.832      18310.1211  1.356616      1.000000
    134   1     -5   0   4     2  0.129543  0.517440      69.250      189.7      195.0      1.820      23099.5742  1.355648      1.000000
    135   1      1   4   0     4  0.130297  0.517964      69.543       75.5       84.7      1.166       4637.2749  1.350649      1.000000
    136   1      1   1   5     4  0.130426  0.518053      69.593        3.3        3.6      0.057        202.4324  1.349803      1.000000
    137   1      0   4   1     4  0.130802  0.518314      69.738       16.0       16.2      0.123        990.7157  1.347342      1.000000
    138   1      2   2   4     4  0.130948  0.518414      69.794      587.1      603.1      2.934      36308.6758  1.346393      1.000000
    139   1      4   3   0     4  0.131123  0.518534      69.862      190.4      192.7      1.012      11797.8506  1.345264      1.000000
    140   1     -6   0   2     2  0.131585  0.518852      70.039       61.8       65.9      0.483       7696.0288  1.342289      1.000000
    141   1     -1   4   1     4  0.132397  0.519405      70.349        8.5        8.8      0.117        533.5649  1.337137      1.000000
    142   1      3   3   2     4  0.132561  0.519517      70.411       53.2       56.9      0.454       3345.6772  1.336109      1.000000
    143   1      3   1   4     4  0.132614  0.519553      70.431      311.9      334.7      2.516      19638.7188  1.335775      1.000000
    144   1     -4   2   4     4  0.133362  0.520058      70.713      333.1      364.8      2.413      21136.8691  1.331133      1.000000
    145   1     -4   3   2     4  0.133980  0.520473      70.945       11.9       13.9      0.141        759.6631  1.327347      1.000000
    146   1      6   0   0     2  0.134352  0.520721      71.085      185.8      280.6      2.441      23821.0586  1.325090      1.000000
    147   1      2   3   3     4  0.135148  0.521250      71.380        2.2        2.7      0.063        139.5048  1.320326      1.000000
    148   1      1   4   1     4  0.135230  0.521305      71.411        8.5       10.1      0.265        547.7126  1.319835      1.000000
    149   1     -1   2   5     4  0.135387  0.521409      71.469        6.0        6.7      0.169        391.0495  1.318907      1.000000
    150   1      5   1   2     4  0.135728  0.521634      71.595      167.8      180.1      1.633      10902.6631  1.316895      1.000000
    151   1     -6   1   1     4  0.135805  0.521685      71.623        7.3        7.7      0.061        474.6816  1.316443      1.000000
    152   1     -5   1   4     4  0.135879  0.521733      71.650      221.2      227.3      1.838      14396.6484  1.316011      1.000000
    153   1     -1   3   4     4  0.136772  0.522319      71.978        7.0        7.3      0.360        457.4189  1.310828      1.000000
    154   1      5   2   1     4  0.137168  0.522577      72.122        0.4        0.5      0.041         28.7332  1.308558      1.000000
    155   1     -5   2   3     4  0.137270  0.522643      72.159        0.3        0.3      0.028         20.8801  1.307979      1.000000
    156   1     -2   2   5     4  0.137450  0.522760      72.224        1.6        1.6      0.119        102.6688  1.306958      1.000000
    157   1     -6   1   2     4  0.138013  0.523125      72.428      223.7      244.5      3.124      14863.2666  1.303779      1.000000
    158   1      2   4   0     4  0.139468  0.524059      72.951       50.1       51.0      0.539       3372.3960  1.295722      1.000000
    159   1      0   3   4     4  0.139478  0.524066      72.955      229.2      233.4      2.440      15430.6211  1.295667      1.000000
    160   1      0   2   5     4  0.139533  0.524100      72.974        4.0        4.1      0.042        270.4938  1.295371      1.000000
    161   1     -2   4   1     4  0.140218  0.524536      73.218       11.0       10.5      0.098        747.4406  1.291657      1.000000
    162   1     -2   3   4     4  0.140326  0.524604      73.256      203.4      191.8      1.871      13800.1045  1.291080      1.000000
    163   1      4   3   1     4  0.140462  0.524691      73.304        4.8        4.4      0.053        324.3166  1.290348      1.000000
    164   1     -4   1   5     4  0.140674  0.524825      73.379       20.8       19.8      0.279       1414.8021  1.289215      1.000000
    165   1      6   1   0     4  0.140902  0.524969      73.460       43.2       44.4      0.550       2948.5283  1.288001      1.000000
    166   1      0   4   2     4  0.141631  0.525427      73.716      327.0      300.3      2.179      22443.4492  1.284155      1.000000
    167   1     -1   4   2     4  0.141845  0.525561      73.791      365.5      322.8      2.372      25129.1973  1.283034      1.000000
    168   1     -3   2   5     4  0.145978  0.528106      75.214        3.3        0.0      0.857        235.5241  1.262255      1.000000
    169   1      2   4   1     4  0.146242  0.528266      75.303        9.3        4.1      1.438        662.4002  1.260979      1.000000
    170   1     -4   3   3     4  0.146603  0.528484      75.425        3.1        2.0      0.486        222.9769  1.259244      1.000000
    171   1      2   1   5     4  0.147141  0.528807      75.606        3.8        3.1      0.502        274.5355  1.256677      1.000000
    172   1     -6   1   3     4  0.147847  0.529230      75.842       10.1        8.7      0.493        731.7298  1.253350      1.000000
    173   1      1   4   2     4  0.147932  0.529280      75.871        1.1        1.0      0.043         82.1031  1.252952      1.000000
    174   1     -1   0   6     2  0.148158  0.529416      75.946       84.3       77.8      1.840      12194.4746  1.251893      1.000000
    175   1     -2   4   2     4  0.148601  0.529679      76.094        2.8        2.9      0.032        203.2493  1.249836      1.000000
    176   1      1   3   4     4  0.148781  0.529786      76.153      274.9      283.2      2.250      19989.4766  1.249005      1.000000
    177   1     -2   0   6     2  0.148829  0.529814      76.169      116.1      119.8      0.939      16886.6699  1.248785      1.000000
    178   1      4   2   3     4  0.148861  0.529833      76.180        0.2        0.3      0.002         17.6234  1.248636      1.000000
    179   1      1   2   5     4  0.150405  0.530743      76.689        6.4        6.5      0.079        473.5443  1.241616      1.000000
    180   1     -3   3   4     4  0.150581  0.530846      76.746      406.0      403.6      3.398      29911.6738  1.240824      1.000000

   No.  Code     H   K   L  Mult      Hw      ETA/M    2theta/TOF     Icalc       Iobs      Sigma     StrFactor^2    d-hkl       CORR

    181   1      3   2   4     4  0.152894  0.532188      77.497       93.7      128.0      2.664       7016.7559  1.230672      1.000000
    182   1      6   1   1     4  0.154050  0.532851      77.867        0.1        0.1      0.004          5.5962  1.225738      1.000000
    183   1      0   0   6     2  0.154255  0.532968      77.933        1.3        1.4      0.045        193.5348  1.224874      1.000000
    184   1      4   0   4     2  0.154453  0.533081      77.996       81.4       84.6      2.072      12326.8096  1.224041      1.000000
    185   1     -3   4   1     4  0.155257  0.533537      78.251       17.9       18.0      0.207       1360.5574  1.220689      1.000000
    186   1     -1   1   6     4  0.155308  0.533566      78.267      183.6      185.0      2.044      13968.0850  1.220477      1.000000
    187   1     -2   1   6     4  0.156007  0.533961      78.488       28.6       28.6      0.229       2187.2153  1.217596      1.000000
    188   1      3   4   0     4  0.156054  0.533987      78.503      187.9      187.8      1.426      14362.3145  1.217405      1.000000
    189   1      3   3   3     4  0.156086  0.534005      78.513        1.0        1.0      0.008         78.3868  1.217271      1.000000
    190   1     -3   0   6     2  0.156349  0.534153      78.595       25.6       25.3      0.177       3922.6113  1.216201      1.000000
    191   1      5   2   2     4  0.156432  0.534200      78.622       79.6       78.4      0.546       6102.5977  1.215860      1.000000
    192   1     -5   3   1     4  0.156458  0.534214      78.630       17.7       17.4      0.121       1354.7903  1.215756      1.000000
    193   1     -6   2   1     4  0.156520  0.534249      78.649        4.6        4.5      0.032        353.1564  1.215504      1.000000
    194   1     -5   2   4     4  0.156604  0.534296      78.675      183.5      181.5      1.309      14076.8828  1.215163      1.000000
    195   1      4   3   2     4  0.158481  0.535342      79.260      312.2      269.4      2.858      24233.7480  1.207658      1.000000
    196   1     -6   2   2     4  0.159028  0.535644      79.429       87.2       72.0      0.857       6788.1357  1.205514      1.000000
    197   1     -6   0   4     2  0.159146  0.535709      79.466        6.3        5.3      0.063        988.0221  1.205052      1.000000
    198   1     -1   4   3     4  0.160052  0.536207      79.744        8.8        8.2      0.146        688.1016  1.201544      1.000000
    199   1      5   3   0     4  0.160568  0.536490      79.902      216.6      198.7      1.444      17021.4141  1.199566      1.000000
    200   1     -5   3   2     4  0.160627  0.536522      79.920      269.9      246.5      1.732      21219.5078  1.199343      1.000000
    201   1      0   4   3     4  0.161483  0.536988      80.180        2.8        2.7      0.014        218.3622  1.196100      1.000000
    202   1      2   4   2     4  0.161535  0.537016      80.196      191.2      187.9      0.915      15109.9600  1.195905      1.000000
    203   1      0   1   6     4  0.161669  0.537088      80.237      230.3      230.3      1.067      18214.0273  1.195402      1.000000
    204   1      4   1   4     4  0.161876  0.537200      80.299      217.8      222.2      1.090      17249.0117  1.194627      1.000000
    205   1     -4   2   5     4  0.162051  0.537295      80.352        1.9        1.9      0.010        148.4813  1.193973      1.000000
    206   1      6   2   0     4  0.162310  0.537435      80.431      241.5      235.6      1.207      19163.7305  1.193009      1.000000
    207   1     -3   4   2     4  0.162744  0.537669      80.562      175.4      167.3      1.057      13952.1846  1.191398      1.000000
    208   1      5   1   3     4  0.163110  0.537866      80.672        0.3        0.3      0.003         26.8639  1.190052      1.000000
    209   1     -5   1   5     4  0.163348  0.537993      80.743        2.2        2.1      0.022        177.2634  1.189181      1.000000
    210   1     -3   1   6     4  0.163854  0.538264      80.894      217.4      207.9      2.203      17401.5684  1.187336      1.000000
    211   1      3   4   1     4  0.165253  0.539008      81.310        0.1        0.1      0.007          8.3684  1.182307      1.000000
    212   1     -2   4   3     4  0.165857  0.539328      81.489        4.1        4.8      0.320        330.0336  1.180167      1.000000
    213   1      2   3   4     4  0.165862  0.539330      81.490        1.3        1.6      0.103        106.4916  1.180151      1.000000
    214   1     -6   1   4     4  0.166774  0.539810      81.759      211.1      259.7      3.216      17153.7148  1.176955      1.000000
    215   1      1   0   6     2  0.167883  0.540390      82.083      100.8      112.2      1.662      16481.0020  1.173126      1.000000
    216   1     -4   3   4     4  0.168851  0.540892      82.364       15.0       16.1      0.283       1232.1724  1.169834      1.000000
    217   1      6   0   2     2  0.169188  0.541066      82.461      143.0      169.9      2.359      23513.7031  1.168701      1.000000
    218   1      2   2   5     4  0.169400  0.541176      82.522        0.1        0.1      0.002          9.8145  1.167988      1.000000
    219   1     -6   2   3     4  0.170202  0.541589      82.753        0.1        0.1      0.003          8.1458  1.165315      1.000000
    220   1      1   4   3     4  0.170332  0.541655      82.790        9.4       10.0      0.406        781.1003  1.164887      1.000000
    221   1     -1   3   5     4  0.171360  0.542181      83.084       26.8       24.0      0.902       2223.1084  1.161510      1.000000
    222   1     -4   0   6     2  0.171671  0.542339      83.173       74.7       62.9      1.731      12418.2266  1.160497      1.000000
    223   1     -7   0   2     2  0.172490  0.542755      83.405      149.2      142.2      2.282      24914.5898  1.157855      1.000000
    224   1      3   1   5     4  0.173289  0.543158      83.631        1.1        1.1      0.034         91.8414  1.155304      1.000000
    225   1      5   3   1     4  0.173567  0.543298      83.709        1.6        1.7      0.078        135.3294  1.154423      1.000000
    226   1     -5   3   3     4  0.173693  0.543361      83.745        0.1        0.1      0.004          5.3480  1.154025      1.000000
    227   1     -2   3   5     4  0.173916  0.543473      83.807        0.0        0.0      0.003          1.9791  1.153324      1.000000
    228   1      1   1   6     4  0.175902  0.544464      84.361       42.2       46.6      2.588       3569.0388  1.147156      1.000000
    229   1      0   3   5     4  0.176498  0.544759      84.526        0.2        0.2      0.012         12.7465  1.145338      1.000000
    230   1      6   2   1     4  0.177263  0.545136      84.737        1.0        0.9      0.065         81.4798  1.143023      1.000000
    231   1      6   1   2     4  0.177265  0.545137      84.738       15.6       14.7      1.054       1325.8484  1.143017      1.000000
    232   1     -1   2   6     4  0.178696  0.545838      85.130      126.4      143.7      2.339      10818.5117  1.138753      1.000000
    233   1     -2   2   6     4  0.179494  0.546226      85.347      195.8      219.3      1.766      16807.0020  1.136413      1.000000
    234   1     -4   4   1     4  0.179527  0.546242      85.356        7.8        8.7      0.068        666.0447  1.136316      1.000000
    235   1     -3   4   3     4  0.179647  0.546300      85.388       10.6       11.9      0.089        914.2679  1.135967      1.000000
    236   1      7   0   0     2  0.179707  0.546330      85.404       28.8       32.2      0.241       4952.9204  1.135792      1.000000
    237   1     -7   1   1     4  0.179739  0.546345      85.413        0.1        0.1      0.001          5.4221  1.135699      1.000000
    238   1     -4   1   6     4  0.179862  0.546405      85.447      131.1      145.5      1.185      11273.4619  1.135339      1.000000
    239   1     -7   1   2     4  0.180718  0.546819      85.678        4.4        4.8      0.071        383.2666  1.132865      1.000000
    240   1      4   4   0     4  0.182314  0.547584      86.106      171.7      146.8      2.829      14890.8926  1.128328      1.000000

   No.  Code     H   K   L  Mult      Hw      ETA/M    2theta/TOF     Icalc       Iobs      Sigma     StrFactor^2    d-hkl       CORR

    241   1      3   4   2     4  0.184262  0.548510      86.624      174.0      160.2      2.500      15190.6279  1.122910      1.000000
    242   1     -3   3   5     4  0.184501  0.548622      86.686       18.0       16.2      0.291       1574.9172  1.122256      1.000000
    243   1      0   2   6     4  0.185958  0.549307      87.069        0.6        0.6      0.008         56.9202  1.118304      1.000000
    244   1     -4   4   2     4  0.186186  0.549413      87.129      203.3      184.3      2.319      17847.8105  1.117693      1.000000
    245   1      4   2   4     4  0.186194  0.549417      87.131       46.1       41.8      0.526       4044.7363  1.117670      1.000000
    246   1      5   2   3     4  0.187606  0.550074      87.498        2.5        2.3      0.044        220.0414  1.113921      1.000000
    247   1      2   4   3     4  0.187770  0.550150      87.541       11.6       11.0      0.200       1022.7821  1.113491      1.000000
    248   1     -5   2   5     4  0.187878  0.550200      87.569        4.6        4.5      0.077        407.5335  1.113207      1.000000
    249   1      4   3   3     4  0.188090  0.550298      87.624       16.1       16.7      0.238       1425.0540  1.112652      1.000000
    250   1      7   1   0     4  0.188272  0.550383      87.671      122.3      129.5      1.700      10808.4883  1.112174      1.000000
    251   1     -3   2   6     4  0.188457  0.550468      87.719       45.8       47.5      0.666       4046.3572  1.111692      1.000000
    252   1     -1   4   4     4  0.189975  0.551165      88.108      271.5      270.2      2.673      24097.1738  1.107777      1.000000
    253   1      1   3   5     4  0.190014  0.551183      88.118        4.4        4.4      0.044        392.7598  1.107676      1.000000
    254   1      2   0   6     2  0.190903  0.551589      88.345       55.0       55.1      0.731       9787.9893  1.105417      1.000000
    255   1     -7   1   3     4  0.191368  0.551800      88.464        0.6        0.6      0.011         51.1308  1.104245      1.000000
    256   1     -6   2   4     4  0.191802  0.551997      88.574       17.8       16.3      0.493       1589.6173  1.103158      1.000000
    257   1      3   3   4     4  0.193122  0.552593      88.907      151.3      154.5      2.551      13545.2217  1.099884      1.000000
    258   1      0   4   4     4  0.193654  0.552832      89.040       18.8       18.7      0.403       1681.2026  1.098581      1.000000
    259   1     -2   4   4     4  0.194807  0.553347      89.328       77.1       79.0      1.677       6925.5288  1.095780      1.000000
    260   1      4   4   1     4  0.194993  0.553430      89.375        0.1        0.1      0.002          8.2636  1.095333      1.000000
    261   1      5   0   4     2  0.196593  0.554139      89.771      121.5      135.7      1.613      21927.3730  1.091523      1.000000
    262   1     -5   0   6     2  0.196949  0.554296      89.859      122.9      129.5      1.348      22203.4902  1.090683      1.000000
    263   1      5   3   2     4  0.197551  0.554561      90.007       66.0       73.9      0.693       5970.3291  1.089272      1.000000
    264   1     -6   3   1     4  0.197661  0.554609      90.034       11.2       12.6      0.117       1016.2480  1.089016      1.000000
    265   1     -5   3   4     4  0.197766  0.554655      90.060       72.8       80.6      0.758       6584.1479  1.088771      1.000000
    266   1     -6   1   5     4  0.197954  0.554737      90.106        2.3        2.4      0.025        204.5438  1.088335      1.000000
    267   1      1   5   0     4  0.198888  0.555146      90.334      116.7      130.7      1.534      10586.0967  1.086176      1.000000
    268   1      3   2   5     4  0.199284  0.555318      90.431        1.6        1.7      0.028        148.9068  1.085270      1.000000
    269   1      0   5   1     4  0.199641  0.555473      90.517        2.8        2.8      0.055        250.4179  1.084454      1.000000
    270   1      2   1   6     4  0.200013  0.555635      90.608       38.2       41.6      0.689       3469.1121  1.083609      1.000000
    271   1     -6   3   2     4  0.200808  0.555979      90.800      113.6      121.5      1.812      10339.1875  1.081814      1.000000
    272   1     -1   5   1     4  0.202020  0.556500      91.091        3.3        3.3      0.038        299.9425  1.079112      1.000000
    273   1      1   2   6     4  0.202293  0.556617      91.157      251.3      249.1      2.496      22943.5723  1.078508      1.000000
    274   1     -4   4   3     4  0.203383  0.557082      91.417        0.6        0.5      0.005         51.4237  1.076115      1.000000
    275   1     -7   0   4     2  0.203736  0.557232      91.501       72.0       65.9      0.530      13184.2070  1.075347      1.000000
    276   1      6   2   2     4  0.203865  0.557287      91.532      284.4      258.4      2.120      26039.1250  1.075066      1.000000
    277   1     -4   3   5     4  0.204613  0.557604      91.709        3.1        2.7      0.036        285.3155  1.073451      1.000000
    278   1      6   3   0     4  0.204939  0.557742      91.786       27.4       25.2      0.324       2508.6934  1.072750      1.000000
    279   1      5   1   4     4  0.205990  0.558185      92.034        6.8        7.1      0.142        626.7017  1.070511      1.000000
    280   1      1   5   1     4  0.206253  0.558295      92.095        1.9        2.1      0.038        179.1326  1.069956      1.000000
    281   1     -5   1   6     4  0.206365  0.558342      92.122        0.1        0.1      0.002          9.5105  1.069719      1.000000
    282   1      1   4   4     4  0.206372  0.558345      92.123       45.1       48.2      0.826       4148.9375  1.069703      1.000000
    283   1     -7   2   1     4  0.206721  0.558491      92.205        2.7        2.7      0.043        248.4632  1.068970      1.000000
    284   1     -4   2   6     4  0.206864  0.558551      92.238       85.3       84.3      1.278       7845.0063  1.068671      1.000000
    285   1      7   1   1     4  0.207742  0.558918      92.443        0.0        0.0      0.000          3.1647  1.066836      1.000000
    286   1     -7   2   2     4  0.207853  0.558964      92.469      288.4      266.6      2.625      26575.5703  1.066606      1.000000
    287   1     -3   4   4     4  0.208850  0.559377      92.700       15.1       13.5      0.226       1395.6945  1.064551      1.000000
    288   1      2   5   0     4  0.212613  0.560920      93.563      142.8      158.1      3.006      13243.2705  1.056988      1.000000
    289   1      4   1   5     4  0.213148  0.561137      93.685        0.0        0.0      0.000          0.8526  1.055938      1.000000
    290   1     -7   1   4     4  0.213506  0.561282      93.766       43.5       48.9      0.854       4034.6836  1.055239      1.000000
    291   1     -2   5   1     4  0.213743  0.561378      93.819       13.2       15.3      0.259       1225.5049  1.054778      1.000000
    292   1      2   3   5     4  0.213912  0.561446      93.857        0.1        0.1      0.002          9.8207  1.054449      1.000000
    293   1     -2   1   7     4  0.214231  0.561575      93.929       10.4       11.9      0.245        968.2068  1.053831      1.000000
    294   1      6   1   3     4  0.214782  0.561796      94.053        2.8        3.0      0.082        258.2279  1.052770      1.000000
    295   1     -6   3   3     4  0.214932  0.561857      94.087        3.2        3.4      0.094        297.0778  1.052481      1.000000
    296   1     -1   1   7     4  0.215506  0.562087      94.216        0.1        0.1      0.002          6.7219  1.051381      1.000000
    297   1      0   5   2     4  0.215874  0.562234      94.298       83.9       89.7      1.415       7806.3647  1.050681      1.000000
    298   1     -1   5   2     4  0.216198  0.562363      94.370       46.6       50.2      0.651       4338.6636  1.050066      1.000000
    299   1      3   4   3     4  0.216463  0.562469      94.429        2.0        2.2      0.027        187.1988  1.049565      1.000000
    300   1      7   2   0     4  0.216612  0.562528      94.463      130.1      139.0      1.813      12116.6797  1.049284      1.000000

   No.  Code     H   K   L  Mult      Hw      ETA/M    2theta/TOF     Icalc       Iobs      Sigma     StrFactor^2    d-hkl       CORR

    301   1     -5   4   1     4  0.216979  0.562674      94.544        0.7        0.7      0.012         66.2804  1.048594      1.000000
    302   1      4   4   2     4  0.219794  0.563785      95.165        4.2        7.5      0.649        392.4340  1.043384      1.000000
    303   1     -7   2   3     4  0.220216  0.563950      95.258        1.6        3.0      0.285        152.3501  1.042618      1.000000
    304   1      5   4   0     4  0.222708  0.564919      95.799       19.4       20.3      1.032       1816.8136  1.038153      1.000000
    305   1     -3   1   7     4  0.222720  0.564924      95.802        1.6        1.7      0.086        152.7819  1.038131      1.000000
    306   1     -5   4   2     4  0.222790  0.564951      95.817       15.3       15.9      0.779       1432.9677  1.038008      1.000000
    307   1      2   5   1     4  0.222867  0.564980      95.834       10.6       10.9      0.525        987.9379  1.037872      1.000000
    308   1      6   3   1     4  0.223950  0.565397      96.067        2.5        2.2      0.118        230.3352  1.035971      1.000000
    309   1      1   5   2     4  0.225443  0.565969      96.386      208.5      188.6      2.327      19544.5859  1.033383      1.000000
    310   1     -1   3   6     4  0.225790  0.566101      96.460       99.7       90.3      0.917       9348.4932  1.032789      1.000000
    311   1     -2   5   2     4  0.226467  0.566358      96.604      159.3      144.5      1.416      14937.4121  1.031633      1.000000
    312   1      0   1   7     4  0.226748  0.566465      96.664        1.4        1.3      0.013        133.1539  1.031154      1.000000
    313   1     -2   3   6     4  0.226815  0.566490      96.678       24.7       22.2      0.234       2318.4368  1.031042      1.000000
    314   1      3   0   6     2  0.227155  0.566619      96.750        0.3        0.3      0.003         54.2939  1.030465      1.000000
    315   1     -6   2   5     4  0.227911  0.566904      96.909        1.9        1.8      0.034        182.4279  1.029194      1.000000
    316   1      2   4   4     4  0.230144  0.567741      97.377      127.8      133.8      1.750      11999.4990  1.025491      1.000000
    317   1      2   2   6     4  0.230325  0.567808      97.415      120.5      127.1      1.582      11315.5508  1.025195      1.000000
    318   1      7   0   2     2  0.230690  0.567944      97.491        3.8        3.9      0.057        706.5732  1.024600      1.000000
    319   1     -4   4   4     4  0.234375  0.569302      98.250      140.0      136.5      1.998      13171.2217  1.018700      1.000000
    320   1      0   3   6     4  0.235166  0.569591      98.412      137.8      142.5      1.260      12980.5557  1.017461      1.000000
    321   1      4   3   4     4  0.235473  0.569702      98.474      128.2      135.3      1.144      12086.5615  1.016983      1.000000
    322   1     -8   0   2     2  0.236008  0.569896      98.583       10.9       11.3      0.103       2059.0469  1.016154      1.000000
    323   1     -6   0   6     2  0.236656  0.570131      98.714       19.3       19.9      0.170       3657.6826  1.015155      1.000000
    324   1     -3   5   1     4  0.236719  0.570153      98.726        0.9        1.0      0.008         89.7046  1.015058      1.000000
    325   1      5   3   3     4  0.237308  0.570366      98.845        2.5        2.6      0.017        237.9899  1.014156      1.000000
    326   1      5   2   4     4  0.237357  0.570384      98.855      137.9      144.5      0.910      13064.3174  1.014081      1.000000
    327   1     -5   3   5     4  0.237661  0.570493      98.916        0.2        0.2      0.001         15.0763  1.013617      1.000000
    328   1     -5   2   6     4  0.237799  0.570543      98.944      162.5      167.2      0.913      15414.5586  1.013408      1.000000
    329   1     -1   4   5     4  0.237943  0.570594      98.973        5.9        6.0      0.032        557.5490  1.013189      1.000000
    330   1      3   5   0     4  0.237957  0.570600      98.976        3.7        3.8      0.020        348.5097  1.013167      1.000000
    331   1      3   1   6     4  0.238245  0.570703      99.034      212.3      218.0      1.168      20186.9688  1.012730      1.000000
    332   1     -3   3   6     4  0.238415  0.570764      99.068      199.5      204.9      1.141      18982.5039  1.012473      1.000000
    333   1      7   2   1     4  0.239424  0.571125      99.270        0.1        0.1      0.001          8.7956  1.010956      1.000000
    334   1      5   4   1     4  0.241097  0.571719      99.602        0.0        0.0      0.000          2.4277  1.008474      1.000000
    335   1     -5   4   3     4  0.241277  0.571783      99.638        3.1        2.9      0.053        306.9223  1.008209      1.000000
    336   1     -2   4   5     4  0.241595  0.571896      99.701        2.1        2.0      0.032        214.7039  1.007742      1.000000
    337   1      7   1   2     4  0.241993  0.572036      99.779      136.8      127.7      1.670      14073.8848  1.007161      1.000000
    338   1     -4   1   7     4  0.242391  0.572176      99.857        0.9        0.8      0.010        101.2956  1.006580      1.000000
    339   1     -6   3   4     4  0.242782  0.572314      99.934      115.8       96.3      1.076      15386.8750  1.006013      1.000000

     -----------------------------------------------------
     BRAGG R-Factors and weight fractions for Pattern #  1
     -----------------------------------------------------

 => Phase:  1      #(C) 2021 by FIZ Karlsruhe - Leibniz Institute for Information Infrastructure.  All rights reserved.
 => Bragg R-factor:   6.19       Vol:  328.048( 0.006)  Fract(%):  100.00( 0.24)
 => Rf-factor=  4.83             ATZ:        1095.733   Brindley:  1.0000

     -----------------------------------------------------------------
      SYMBOLIC NAMES AND FINAL VALUES AND SIGMA OF REFINED PARAMETERS:
     -----------------------------------------------------------------

      ->  Parameter number    1 :                                          Zero_pat1   -0.41011092E-02( +/-    0.50310668E-03 )
      ->  Parameter number    2 :                                     Scale_ph1_pat1    0.19989340E-02( +/-    0.34323582E-05 )
      ->  Parameter number    3 :                                    Cell_A_ph1_pat1     8.1420412    ( +/-    0.84015999E-04 )
      ->  Parameter number    4 :                                    Cell_B_ph1_pat1     5.4822822    ( +/-    0.60696078E-04 )
      ->  Parameter number    5 :                                    Cell_C_ph1_pat1     7.5262632    ( +/-    0.77408004E-04 )
      ->  Parameter number    6 :                                    Cell_E_ph1_pat1     102.45121    ( +/-    0.64128631E-03 )
      ->  Parameter number    7 :                                    U-Cagl_ph1_pat1    0.65702021E-01( +/-    0.16179637E-02 )
      ->  Parameter number    8 :                                    W-Cagl_ph1_pat1    0.12550100E-01( +/-    0.19656043E-03 )
      ->  Parameter number    9 :                                    V-Cagl_ph1_pat1   -0.39234117E-01( +/-    0.11363585E-02 )
      ->  Parameter number   10 :                                     EtaPV_ph1_pat1    0.39360008    ( +/-    0.11140981E-01 )
      ->  Parameter number   11 :                                     X-tan_ph1_pat1    0.17883101E-02( +/-    0.32458198E-03 )
      ->  Parameter number   12 :                                     Asym1_ph1_pat1    0.45210764E-01( +/-    0.25973439E-02 )
      ->  Parameter number   13 :                                     Asym2_ph1_pat1    0.54896767E-02( +/-    0.67899190E-03 )
      ->  Parameter number   14 :                                          X_Na1_ph1    0.37984976    ( +/-    0.58783527E-03 )
      ->  Parameter number   15 :                                          Y_Na1_ph1    0.78745061    ( +/-    0.13891535E-02 )
      ->  Parameter number   16 :                                          Z_Na1_ph1    0.10444987    ( +/-    0.72641333E-03 )
      ->  Parameter number   17 :                                          X_Ta1_ph1    0.15923677    ( +/-    0.96363081E-04 )
      ->  Parameter number   18 :                                          Y_Ta1_ph1    0.25634599    ( +/-    0.42195816E-03 )
      ->  Parameter number   19 :                                          Z_Ta1_ph1    0.29579785    ( +/-    0.11912706E-03 )
      ->  Parameter number   20 :                                           X_O1_ph1    0.21487711    ( +/-    0.10162136E-02 )
      ->  Parameter number   21 :                                           Y_O1_ph1    0.15532969    ( +/-    0.12750350E-02 )
      ->  Parameter number   22 :                                           Z_O1_ph1    0.47870439E-01( +/-    0.14250394E-02 )
      ->  Parameter number   23 :                                           X_O2_ph1    0.55899229E-01( +/-    0.12251938E-02 )
      ->  Parameter number   24 :                                           Y_O2_ph1    0.54187810    ( +/-    0.18295000E-02 )
      ->  Parameter number   25 :                                           Z_O2_ph1    0.21812937    ( +/-    0.15780741E-02 )
      ->  Parameter number   26 :                                           X_F1_ph1    0.38196874    ( +/-    0.12043570E-02 )
      ->  Parameter number   27 :                                           Y_F1_ph1    0.47139862    ( +/-    0.16998177E-02 )
      ->  Parameter number   28 :                                           Z_F1_ph1    0.30933934    ( +/-    0.15152700E-02 )
      ->  Parameter number   29 :                                           X_F2_ph1    0.34229487    ( +/-    0.10738927E-02 )
      ->  Parameter number   30 :                                           Y_F2_ph1    0.98783708    ( +/-    0.15741587E-02 )
      ->  Parameter number   31 :                                           Z_F2_ph1    0.37230936    ( +/-    0.13539987E-02 )

 ------------------------------------------------------------------
 => Number of bytes for floating point variables: 4
 => Dimensions of dynamic allocated arrays in this run of FullProf:
 ------------------------------------------------------------------

 => Total approximate array memory (dynamic + static): 128536585 bytes

    MaxPOINT=    60000 Max.num. of points(+int. Inten.)/diffraction pattern       
    MaxREFLT=    20000 Max.num. of reflections/diffraction pattern               
    MaxPARAM=      300 Max.num. of refinable parameters                          
    MaxOVERL=    18096 Max.num. of overlapping reflections                       

 ----------------------------------------------------------
 => Number of bytes for floating point arrays: 4
 => Dimensions of fixed arrays in this release of FullProf:
 ----------------------------------------------------------

    NPATT   =       80 Max.num. of powder diffraction patterns                    
    NATS    =      830 Max.num. of atoms (all kind) in asymmetric unit            
    MPAR    =     1800 Max.num. of non atomic parameters/phase                    
    IEXCL   =       30 Max.num. of excluded regions                               
    IBACP   =      377 Max.num. of background points for interpolation            
    NPHT    =       16 Max.num. of phases                                         
    NMAGM   =        8 Max.num. of rotation-matrices sets for magnetic structure  
    NBASIS  =       12 Max.num. of basis functions associated to a single atom    
    NIREPS  =        9 Max.num. of irreducible representations to be combined     
    N_EQ    =      384 Max.num. of user-supplied symmetry operators/propagation vectors
    NGL     =      400 Max.num. of global parameters/diffraction pattern          
    N_LINC  =       50 Max.num. of global linear restraints                        
    NAT_P   =       80 Max.num. of atomic parameters per atom                     
    NCONST  =      500 Max.num. of slack constraints per phase                    
    N_SPE   =       30 Max.num. of different chemical species                     
    N_FORM  =       60 Max.num. of scattering factor values in a table            
    NPR     =      150 Max.num. of points defining a numerical profile            
    INPR    =       25 Max.num. of different numerical peak shapes                
    NPRC    =      150 Max.num. of terms in the table for correcting intensities  
    NSOL    =       10 Max.num. of solutions to be stored in Montecarlo searchs   

 
              CPU Time:     1.062 seconds
                            0.018 minutes

 => Run finished at:     Date: 07/02/2023  Time: 13:56:47.369                              
